[2025-10-03T01:00:07.260+0000] {local_task_job_runner.py:120} INFO - ::group::Pre task execution logs
[2025-10-03T01:00:07.318+0000] {taskinstance.py:2076} INFO - Dependencies all met for dep_context=non-requeueable deps ti=<TaskInstance: first_taskk.task_prnt scheduled__2025-10-03T00:59:00+00:00 [queued]>
[2025-10-03T01:00:07.337+0000] {taskinstance.py:2076} INFO - Dependencies all met for dep_context=requeueable deps ti=<TaskInstance: first_taskk.task_prnt scheduled__2025-10-03T00:59:00+00:00 [queued]>
[2025-10-03T01:00:07.339+0000] {taskinstance.py:2306} INFO - Starting attempt 1 of 1
[2025-10-03T01:00:07.378+0000] {taskinstance.py:2330} INFO - Executing <Task(BashOperator): task_prnt> on 2025-10-03 00:59:00+00:00
[2025-10-03T01:00:07.402+0000] {warnings.py:112} WARNING - /home/***/.local/lib/python3.12/site-packages/***/task/task_runner/standard_task_runner.py:61: DeprecationWarning: This process (pid=200) is multi-threaded, use of fork() may lead to deadlocks in the child.
  pid = os.fork()

[2025-10-03T01:00:07.410+0000] {standard_task_runner.py:63} INFO - Started process 202 to run task
[2025-10-03T01:00:07.411+0000] {standard_task_runner.py:90} INFO - Running: ['***', 'tasks', 'run', 'first_taskk', 'task_prnt', 'scheduled__2025-10-03T00:59:00+00:00', '--job-id', '373', '--raw', '--subdir', 'DAGS_FOLDER/Airflow_Depi.py', '--cfg-path', '/tmp/tmpexq1wkco']
[2025-10-03T01:00:07.418+0000] {standard_task_runner.py:91} INFO - Job 373: Subtask task_prnt
[2025-10-03T01:00:07.450+0000] {warnings.py:112} WARNING - /home/***/.local/lib/python3.12/site-packages/***/settings.py:195: DeprecationWarning: The sql_alchemy_conn option in [core] has been moved to the sql_alchemy_conn option in [database] - the old setting has been used, but please update your config.
  SQL_ALCHEMY_CONN = conf.get("database", "SQL_ALCHEMY_CONN")

[2025-10-03T01:00:07.586+0000] {task_command.py:426} INFO - Running <TaskInstance: first_taskk.task_prnt scheduled__2025-10-03T00:59:00+00:00 [running]> on host 452c0657f430
[2025-10-03T01:00:07.886+0000] {taskinstance.py:2648} INFO - Exporting env vars: AIRFLOW_CTX_DAG_OWNER='***' AIRFLOW_CTX_DAG_ID='first_taskk' AIRFLOW_CTX_TASK_ID='task_prnt' AIRFLOW_CTX_EXECUTION_DATE='2025-10-03T00:59:00+00:00' AIRFLOW_CTX_TRY_NUMBER='1' AIRFLOW_CTX_DAG_RUN_ID='scheduled__2025-10-03T00:59:00+00:00'
[2025-10-03T01:00:07.893+0000] {taskinstance.py:430} INFO - ::endgroup::
[2025-10-03T01:00:07.897+0000] {subprocess.py:63} INFO - Tmp dir root location: /tmp
[2025-10-03T01:00:07.900+0000] {subprocess.py:75} INFO - Running command: ['/usr/bin/bash', '-c', 'date']
[2025-10-03T01:00:07.940+0000] {subprocess.py:86} INFO - Output:
[2025-10-03T01:00:07.949+0000] {subprocess.py:93} INFO - Fri Oct  3 01:00:07 UTC 2025
[2025-10-03T01:00:07.950+0000] {subprocess.py:97} INFO - Command exited with return code 0
[2025-10-03T01:00:07.952+0000] {taskinstance.py:441} INFO - ::group::Post task execution logs
[2025-10-03T01:00:08.009+0000] {taskinstance.py:1206} INFO - Marking task as SUCCESS. dag_id=first_taskk, task_id=task_prnt, run_id=scheduled__2025-10-03T00:59:00+00:00, execution_date=20251003T005900, start_date=20251003T010007, end_date=20251003T010008
[2025-10-03T01:00:08.070+0000] {local_task_job_runner.py:240} INFO - Task exited with return code 0
[2025-10-03T01:00:08.094+0000] {local_task_job_runner.py:222} INFO - ::endgroup::
