[2025-10-03T00:00:04.199+0000] {processor.py:161} INFO - Started process (PID=14420) to work on /opt/airflow/dags/dag1.py
[2025-10-03T00:00:04.202+0000] {processor.py:830} INFO - Processing file /opt/airflow/dags/dag1.py for tasks to queue
[2025-10-03T00:00:04.206+0000] {logging_mixin.py:188} INFO - [2025-10-03T00:00:04.205+0000] {dagbag.py:545} INFO - Filling up the DagBag from /opt/airflow/dags/dag1.py
[2025-10-03T00:00:04.247+0000] {processor.py:840} INFO - DAG(s) 'first_taskk' retrieved from /opt/airflow/dags/dag1.py
[2025-10-03T00:00:04.296+0000] {logging_mixin.py:188} INFO - [2025-10-03T00:00:04.296+0000] {dag.py:3096} INFO - Sync 1 DAGs
[2025-10-03T00:00:04.353+0000] {logging_mixin.py:188} INFO - [2025-10-03T00:00:04.353+0000] {dag.py:3954} INFO - Setting next_dagrun for first_taskk to 2025-10-03 00:00:00+00:00, run_after=2025-10-03 00:01:00+00:00
[2025-10-03T00:00:04.392+0000] {processor.py:183} INFO - Processing /opt/airflow/dags/dag1.py took 0.212 seconds
[2025-10-03T00:00:34.843+0000] {processor.py:161} INFO - Started process (PID=14473) to work on /opt/airflow/dags/dag1.py
[2025-10-03T00:00:34.845+0000] {processor.py:830} INFO - Processing file /opt/airflow/dags/dag1.py for tasks to queue
[2025-10-03T00:00:34.847+0000] {logging_mixin.py:188} INFO - [2025-10-03T00:00:34.846+0000] {dagbag.py:545} INFO - Filling up the DagBag from /opt/airflow/dags/dag1.py
[2025-10-03T00:00:34.889+0000] {processor.py:840} INFO - DAG(s) 'first_taskk' retrieved from /opt/airflow/dags/dag1.py
[2025-10-03T00:00:34.939+0000] {logging_mixin.py:188} INFO - [2025-10-03T00:00:34.938+0000] {dag.py:3096} INFO - Sync 1 DAGs
[2025-10-03T00:00:34.995+0000] {logging_mixin.py:188} INFO - [2025-10-03T00:00:34.994+0000] {dag.py:3954} INFO - Setting next_dagrun for first_taskk to 2025-10-03 00:00:00+00:00, run_after=2025-10-03 00:01:00+00:00
[2025-10-03T00:00:35.051+0000] {processor.py:183} INFO - Processing /opt/airflow/dags/dag1.py took 0.224 seconds
[2025-10-03T00:01:05.859+0000] {processor.py:161} INFO - Started process (PID=14526) to work on /opt/airflow/dags/dag1.py
[2025-10-03T00:01:05.862+0000] {processor.py:830} INFO - Processing file /opt/airflow/dags/dag1.py for tasks to queue
[2025-10-03T00:01:05.865+0000] {logging_mixin.py:188} INFO - [2025-10-03T00:01:05.864+0000] {dagbag.py:545} INFO - Filling up the DagBag from /opt/airflow/dags/dag1.py
[2025-10-03T00:01:05.912+0000] {processor.py:840} INFO - DAG(s) 'first_taskk' retrieved from /opt/airflow/dags/dag1.py
[2025-10-03T00:01:05.959+0000] {logging_mixin.py:188} INFO - [2025-10-03T00:01:05.959+0000] {dag.py:3096} INFO - Sync 1 DAGs
[2025-10-03T00:01:06.055+0000] {logging_mixin.py:188} INFO - [2025-10-03T00:01:06.054+0000] {dag.py:3954} INFO - Setting next_dagrun for first_taskk to 2025-10-03 00:01:00+00:00, run_after=2025-10-03 00:02:00+00:00
[2025-10-03T00:01:06.114+0000] {processor.py:183} INFO - Processing /opt/airflow/dags/dag1.py took 0.274 seconds
[2025-10-03T00:01:36.389+0000] {processor.py:161} INFO - Started process (PID=14578) to work on /opt/airflow/dags/dag1.py
[2025-10-03T00:01:36.392+0000] {processor.py:830} INFO - Processing file /opt/airflow/dags/dag1.py for tasks to queue
[2025-10-03T00:01:36.394+0000] {logging_mixin.py:188} INFO - [2025-10-03T00:01:36.394+0000] {dagbag.py:545} INFO - Filling up the DagBag from /opt/airflow/dags/dag1.py
[2025-10-03T00:01:36.443+0000] {processor.py:840} INFO - DAG(s) 'first_taskk' retrieved from /opt/airflow/dags/dag1.py
[2025-10-03T00:01:36.492+0000] {logging_mixin.py:188} INFO - [2025-10-03T00:01:36.491+0000] {dag.py:3096} INFO - Sync 1 DAGs
[2025-10-03T00:01:36.543+0000] {logging_mixin.py:188} INFO - [2025-10-03T00:01:36.542+0000] {dag.py:3954} INFO - Setting next_dagrun for first_taskk to 2025-10-03 00:01:00+00:00, run_after=2025-10-03 00:02:00+00:00
[2025-10-03T00:01:36.589+0000] {processor.py:183} INFO - Processing /opt/airflow/dags/dag1.py took 0.218 seconds
[2025-10-03T00:02:06.902+0000] {processor.py:161} INFO - Started process (PID=14631) to work on /opt/airflow/dags/dag1.py
[2025-10-03T00:02:06.905+0000] {processor.py:830} INFO - Processing file /opt/airflow/dags/dag1.py for tasks to queue
[2025-10-03T00:02:06.908+0000] {logging_mixin.py:188} INFO - [2025-10-03T00:02:06.907+0000] {dagbag.py:545} INFO - Filling up the DagBag from /opt/airflow/dags/dag1.py
[2025-10-03T00:02:06.960+0000] {processor.py:840} INFO - DAG(s) 'first_taskk' retrieved from /opt/airflow/dags/dag1.py
[2025-10-03T00:02:07.016+0000] {logging_mixin.py:188} INFO - [2025-10-03T00:02:07.016+0000] {dag.py:3096} INFO - Sync 1 DAGs
[2025-10-03T00:02:07.076+0000] {logging_mixin.py:188} INFO - [2025-10-03T00:02:07.075+0000] {dag.py:3954} INFO - Setting next_dagrun for first_taskk to 2025-10-03 00:02:00+00:00, run_after=2025-10-03 00:03:00+00:00
[2025-10-03T00:02:07.133+0000] {processor.py:183} INFO - Processing /opt/airflow/dags/dag1.py took 0.254 seconds
[2025-10-03T00:02:37.411+0000] {processor.py:161} INFO - Started process (PID=14681) to work on /opt/airflow/dags/dag1.py
[2025-10-03T00:02:37.413+0000] {processor.py:830} INFO - Processing file /opt/airflow/dags/dag1.py for tasks to queue
[2025-10-03T00:02:37.416+0000] {logging_mixin.py:188} INFO - [2025-10-03T00:02:37.415+0000] {dagbag.py:545} INFO - Filling up the DagBag from /opt/airflow/dags/dag1.py
[2025-10-03T00:02:37.461+0000] {processor.py:840} INFO - DAG(s) 'first_taskk' retrieved from /opt/airflow/dags/dag1.py
[2025-10-03T00:02:37.504+0000] {logging_mixin.py:188} INFO - [2025-10-03T00:02:37.504+0000] {dag.py:3096} INFO - Sync 1 DAGs
[2025-10-03T00:02:37.549+0000] {logging_mixin.py:188} INFO - [2025-10-03T00:02:37.549+0000] {dag.py:3954} INFO - Setting next_dagrun for first_taskk to 2025-10-03 00:02:00+00:00, run_after=2025-10-03 00:03:00+00:00
[2025-10-03T00:02:37.590+0000] {processor.py:183} INFO - Processing /opt/airflow/dags/dag1.py took 0.193 seconds
[2025-10-03T00:03:07.973+0000] {processor.py:161} INFO - Started process (PID=14735) to work on /opt/airflow/dags/dag1.py
[2025-10-03T00:03:07.979+0000] {processor.py:830} INFO - Processing file /opt/airflow/dags/dag1.py for tasks to queue
[2025-10-03T00:03:07.983+0000] {logging_mixin.py:188} INFO - [2025-10-03T00:03:07.982+0000] {dagbag.py:545} INFO - Filling up the DagBag from /opt/airflow/dags/dag1.py
[2025-10-03T00:03:08.044+0000] {processor.py:840} INFO - DAG(s) 'first_taskk' retrieved from /opt/airflow/dags/dag1.py
[2025-10-03T00:03:08.105+0000] {logging_mixin.py:188} INFO - [2025-10-03T00:03:08.104+0000] {dag.py:3096} INFO - Sync 1 DAGs
[2025-10-03T00:03:08.182+0000] {logging_mixin.py:188} INFO - [2025-10-03T00:03:08.182+0000] {dag.py:3954} INFO - Setting next_dagrun for first_taskk to 2025-10-03 00:03:00+00:00, run_after=2025-10-03 00:04:00+00:00
[2025-10-03T00:03:08.237+0000] {processor.py:183} INFO - Processing /opt/airflow/dags/dag1.py took 0.283 seconds
[2025-10-03T00:03:38.527+0000] {processor.py:161} INFO - Started process (PID=14788) to work on /opt/airflow/dags/dag1.py
[2025-10-03T00:03:38.530+0000] {processor.py:830} INFO - Processing file /opt/airflow/dags/dag1.py for tasks to queue
[2025-10-03T00:03:38.533+0000] {logging_mixin.py:188} INFO - [2025-10-03T00:03:38.532+0000] {dagbag.py:545} INFO - Filling up the DagBag from /opt/airflow/dags/dag1.py
[2025-10-03T00:03:38.587+0000] {processor.py:840} INFO - DAG(s) 'first_taskk' retrieved from /opt/airflow/dags/dag1.py
[2025-10-03T00:03:38.640+0000] {logging_mixin.py:188} INFO - [2025-10-03T00:03:38.640+0000] {dag.py:3096} INFO - Sync 1 DAGs
[2025-10-03T00:03:38.688+0000] {logging_mixin.py:188} INFO - [2025-10-03T00:03:38.688+0000] {dag.py:3954} INFO - Setting next_dagrun for first_taskk to 2025-10-03 00:03:00+00:00, run_after=2025-10-03 00:04:00+00:00
[2025-10-03T00:03:38.729+0000] {processor.py:183} INFO - Processing /opt/airflow/dags/dag1.py took 0.219 seconds
[2025-10-03T00:04:09.587+0000] {processor.py:161} INFO - Started process (PID=14841) to work on /opt/airflow/dags/dag1.py
[2025-10-03T00:04:09.590+0000] {processor.py:830} INFO - Processing file /opt/airflow/dags/dag1.py for tasks to queue
[2025-10-03T00:04:09.593+0000] {logging_mixin.py:188} INFO - [2025-10-03T00:04:09.592+0000] {dagbag.py:545} INFO - Filling up the DagBag from /opt/airflow/dags/dag1.py
[2025-10-03T00:04:09.631+0000] {processor.py:840} INFO - DAG(s) 'first_taskk' retrieved from /opt/airflow/dags/dag1.py
[2025-10-03T00:04:09.688+0000] {logging_mixin.py:188} INFO - [2025-10-03T00:04:09.688+0000] {dag.py:3096} INFO - Sync 1 DAGs
[2025-10-03T00:04:09.742+0000] {logging_mixin.py:188} INFO - [2025-10-03T00:04:09.742+0000] {dag.py:3954} INFO - Setting next_dagrun for first_taskk to 2025-10-03 00:04:00+00:00, run_after=2025-10-03 00:05:00+00:00
[2025-10-03T00:04:09.802+0000] {processor.py:183} INFO - Processing /opt/airflow/dags/dag1.py took 0.239 seconds
[2025-10-03T00:04:40.198+0000] {processor.py:161} INFO - Started process (PID=14894) to work on /opt/airflow/dags/dag1.py
[2025-10-03T00:04:40.202+0000] {processor.py:830} INFO - Processing file /opt/airflow/dags/dag1.py for tasks to queue
[2025-10-03T00:04:40.205+0000] {logging_mixin.py:188} INFO - [2025-10-03T00:04:40.203+0000] {dagbag.py:545} INFO - Filling up the DagBag from /opt/airflow/dags/dag1.py
[2025-10-03T00:04:40.250+0000] {processor.py:840} INFO - DAG(s) 'first_taskk' retrieved from /opt/airflow/dags/dag1.py
[2025-10-03T00:04:40.300+0000] {logging_mixin.py:188} INFO - [2025-10-03T00:04:40.299+0000] {dag.py:3096} INFO - Sync 1 DAGs
[2025-10-03T00:04:40.364+0000] {logging_mixin.py:188} INFO - [2025-10-03T00:04:40.364+0000] {dag.py:3954} INFO - Setting next_dagrun for first_taskk to 2025-10-03 00:04:00+00:00, run_after=2025-10-03 00:05:00+00:00
[2025-10-03T00:04:40.421+0000] {processor.py:183} INFO - Processing /opt/airflow/dags/dag1.py took 0.244 seconds
[2025-10-03T00:05:10.531+0000] {processor.py:161} INFO - Started process (PID=14947) to work on /opt/airflow/dags/dag1.py
[2025-10-03T00:05:10.534+0000] {processor.py:830} INFO - Processing file /opt/airflow/dags/dag1.py for tasks to queue
[2025-10-03T00:05:10.536+0000] {logging_mixin.py:188} INFO - [2025-10-03T00:05:10.536+0000] {dagbag.py:545} INFO - Filling up the DagBag from /opt/airflow/dags/dag1.py
[2025-10-03T00:05:10.588+0000] {processor.py:840} INFO - DAG(s) 'first_taskk' retrieved from /opt/airflow/dags/dag1.py
[2025-10-03T00:05:10.641+0000] {logging_mixin.py:188} INFO - [2025-10-03T00:05:10.640+0000] {dag.py:3096} INFO - Sync 1 DAGs
[2025-10-03T00:05:10.690+0000] {logging_mixin.py:188} INFO - [2025-10-03T00:05:10.690+0000] {dag.py:3954} INFO - Setting next_dagrun for first_taskk to 2025-10-03 00:05:00+00:00, run_after=2025-10-03 00:06:00+00:00
[2025-10-03T00:05:10.742+0000] {processor.py:183} INFO - Processing /opt/airflow/dags/dag1.py took 0.228 seconds
[2025-10-03T00:05:41.087+0000] {processor.py:161} INFO - Started process (PID=15000) to work on /opt/airflow/dags/dag1.py
[2025-10-03T00:05:41.090+0000] {processor.py:830} INFO - Processing file /opt/airflow/dags/dag1.py for tasks to queue
[2025-10-03T00:05:41.092+0000] {logging_mixin.py:188} INFO - [2025-10-03T00:05:41.092+0000] {dagbag.py:545} INFO - Filling up the DagBag from /opt/airflow/dags/dag1.py
[2025-10-03T00:05:41.138+0000] {processor.py:840} INFO - DAG(s) 'first_taskk' retrieved from /opt/airflow/dags/dag1.py
[2025-10-03T00:05:41.188+0000] {logging_mixin.py:188} INFO - [2025-10-03T00:05:41.187+0000] {dag.py:3096} INFO - Sync 1 DAGs
[2025-10-03T00:05:41.244+0000] {logging_mixin.py:188} INFO - [2025-10-03T00:05:41.244+0000] {dag.py:3954} INFO - Setting next_dagrun for first_taskk to 2025-10-03 00:05:00+00:00, run_after=2025-10-03 00:06:00+00:00
[2025-10-03T00:05:41.284+0000] {processor.py:183} INFO - Processing /opt/airflow/dags/dag1.py took 0.218 seconds
[2025-10-03T00:06:11.592+0000] {processor.py:161} INFO - Started process (PID=15053) to work on /opt/airflow/dags/dag1.py
[2025-10-03T00:06:11.594+0000] {processor.py:830} INFO - Processing file /opt/airflow/dags/dag1.py for tasks to queue
[2025-10-03T00:06:11.599+0000] {logging_mixin.py:188} INFO - [2025-10-03T00:06:11.598+0000] {dagbag.py:545} INFO - Filling up the DagBag from /opt/airflow/dags/dag1.py
[2025-10-03T00:06:11.664+0000] {processor.py:840} INFO - DAG(s) 'first_taskk' retrieved from /opt/airflow/dags/dag1.py
[2025-10-03T00:06:11.750+0000] {logging_mixin.py:188} INFO - [2025-10-03T00:06:11.741+0000] {dag.py:3096} INFO - Sync 1 DAGs
[2025-10-03T00:06:11.896+0000] {logging_mixin.py:188} INFO - [2025-10-03T00:06:11.895+0000] {dag.py:3954} INFO - Setting next_dagrun for first_taskk to 2025-10-03 00:06:00+00:00, run_after=2025-10-03 00:07:00+00:00
[2025-10-03T00:06:11.978+0000] {processor.py:183} INFO - Processing /opt/airflow/dags/dag1.py took 0.412 seconds
[2025-10-03T00:06:42.488+0000] {processor.py:161} INFO - Started process (PID=15104) to work on /opt/airflow/dags/dag1.py
[2025-10-03T00:06:42.491+0000] {processor.py:830} INFO - Processing file /opt/airflow/dags/dag1.py for tasks to queue
[2025-10-03T00:06:42.493+0000] {logging_mixin.py:188} INFO - [2025-10-03T00:06:42.492+0000] {dagbag.py:545} INFO - Filling up the DagBag from /opt/airflow/dags/dag1.py
[2025-10-03T00:06:42.541+0000] {processor.py:840} INFO - DAG(s) 'first_taskk' retrieved from /opt/airflow/dags/dag1.py
[2025-10-03T00:06:42.595+0000] {logging_mixin.py:188} INFO - [2025-10-03T00:06:42.594+0000] {dag.py:3096} INFO - Sync 1 DAGs
[2025-10-03T00:06:42.655+0000] {logging_mixin.py:188} INFO - [2025-10-03T00:06:42.655+0000] {dag.py:3954} INFO - Setting next_dagrun for first_taskk to 2025-10-03 00:06:00+00:00, run_after=2025-10-03 00:07:00+00:00
[2025-10-03T00:06:42.724+0000] {processor.py:183} INFO - Processing /opt/airflow/dags/dag1.py took 0.257 seconds
[2025-10-03T00:07:13.148+0000] {processor.py:161} INFO - Started process (PID=15157) to work on /opt/airflow/dags/dag1.py
[2025-10-03T00:07:13.151+0000] {processor.py:830} INFO - Processing file /opt/airflow/dags/dag1.py for tasks to queue
[2025-10-03T00:07:13.154+0000] {logging_mixin.py:188} INFO - [2025-10-03T00:07:13.153+0000] {dagbag.py:545} INFO - Filling up the DagBag from /opt/airflow/dags/dag1.py
[2025-10-03T00:07:13.202+0000] {processor.py:840} INFO - DAG(s) 'first_taskk' retrieved from /opt/airflow/dags/dag1.py
[2025-10-03T00:07:13.268+0000] {logging_mixin.py:188} INFO - [2025-10-03T00:07:13.267+0000] {dag.py:3096} INFO - Sync 1 DAGs
[2025-10-03T00:07:13.350+0000] {logging_mixin.py:188} INFO - [2025-10-03T00:07:13.349+0000] {dag.py:3954} INFO - Setting next_dagrun for first_taskk to 2025-10-03 00:07:00+00:00, run_after=2025-10-03 00:08:00+00:00
[2025-10-03T00:07:13.427+0000] {processor.py:183} INFO - Processing /opt/airflow/dags/dag1.py took 0.302 seconds
[2025-10-03T00:07:44.030+0000] {processor.py:161} INFO - Started process (PID=15210) to work on /opt/airflow/dags/dag1.py
[2025-10-03T00:07:44.051+0000] {processor.py:830} INFO - Processing file /opt/airflow/dags/dag1.py for tasks to queue
[2025-10-03T00:07:44.056+0000] {logging_mixin.py:188} INFO - [2025-10-03T00:07:44.055+0000] {dagbag.py:545} INFO - Filling up the DagBag from /opt/airflow/dags/dag1.py
[2025-10-03T00:07:44.178+0000] {processor.py:840} INFO - DAG(s) 'first_taskk' retrieved from /opt/airflow/dags/dag1.py
[2025-10-03T00:07:44.290+0000] {logging_mixin.py:188} INFO - [2025-10-03T00:07:44.289+0000] {dag.py:3096} INFO - Sync 1 DAGs
[2025-10-03T00:07:44.391+0000] {logging_mixin.py:188} INFO - [2025-10-03T00:07:44.390+0000] {dag.py:3954} INFO - Setting next_dagrun for first_taskk to 2025-10-03 00:07:00+00:00, run_after=2025-10-03 00:08:00+00:00
[2025-10-03T00:07:44.481+0000] {processor.py:183} INFO - Processing /opt/airflow/dags/dag1.py took 0.573 seconds
[2025-10-03T00:08:15.183+0000] {processor.py:161} INFO - Started process (PID=15263) to work on /opt/airflow/dags/dag1.py
[2025-10-03T00:08:15.186+0000] {processor.py:830} INFO - Processing file /opt/airflow/dags/dag1.py for tasks to queue
[2025-10-03T00:08:15.188+0000] {logging_mixin.py:188} INFO - [2025-10-03T00:08:15.187+0000] {dagbag.py:545} INFO - Filling up the DagBag from /opt/airflow/dags/dag1.py
[2025-10-03T00:08:15.243+0000] {processor.py:840} INFO - DAG(s) 'first_taskk' retrieved from /opt/airflow/dags/dag1.py
[2025-10-03T00:08:15.295+0000] {logging_mixin.py:188} INFO - [2025-10-03T00:08:15.295+0000] {dag.py:3096} INFO - Sync 1 DAGs
[2025-10-03T00:08:15.360+0000] {logging_mixin.py:188} INFO - [2025-10-03T00:08:15.359+0000] {dag.py:3954} INFO - Setting next_dagrun for first_taskk to 2025-10-03 00:08:00+00:00, run_after=2025-10-03 00:09:00+00:00
[2025-10-03T00:08:15.406+0000] {processor.py:183} INFO - Processing /opt/airflow/dags/dag1.py took 0.238 seconds
[2025-10-03T00:08:45.907+0000] {processor.py:161} INFO - Started process (PID=15316) to work on /opt/airflow/dags/dag1.py
[2025-10-03T00:08:45.910+0000] {processor.py:830} INFO - Processing file /opt/airflow/dags/dag1.py for tasks to queue
[2025-10-03T00:08:45.918+0000] {logging_mixin.py:188} INFO - [2025-10-03T00:08:45.917+0000] {dagbag.py:545} INFO - Filling up the DagBag from /opt/airflow/dags/dag1.py
[2025-10-03T00:08:45.972+0000] {processor.py:840} INFO - DAG(s) 'first_taskk' retrieved from /opt/airflow/dags/dag1.py
[2025-10-03T00:08:46.026+0000] {logging_mixin.py:188} INFO - [2025-10-03T00:08:46.025+0000] {dag.py:3096} INFO - Sync 1 DAGs
[2025-10-03T00:08:46.090+0000] {logging_mixin.py:188} INFO - [2025-10-03T00:08:46.089+0000] {dag.py:3954} INFO - Setting next_dagrun for first_taskk to 2025-10-03 00:08:00+00:00, run_after=2025-10-03 00:09:00+00:00
[2025-10-03T00:08:46.138+0000] {processor.py:183} INFO - Processing /opt/airflow/dags/dag1.py took 0.253 seconds
[2025-10-03T00:09:16.680+0000] {processor.py:161} INFO - Started process (PID=15369) to work on /opt/airflow/dags/dag1.py
[2025-10-03T00:09:16.682+0000] {processor.py:830} INFO - Processing file /opt/airflow/dags/dag1.py for tasks to queue
[2025-10-03T00:09:16.685+0000] {logging_mixin.py:188} INFO - [2025-10-03T00:09:16.684+0000] {dagbag.py:545} INFO - Filling up the DagBag from /opt/airflow/dags/dag1.py
[2025-10-03T00:09:16.729+0000] {processor.py:840} INFO - DAG(s) 'first_taskk' retrieved from /opt/airflow/dags/dag1.py
[2025-10-03T00:09:16.781+0000] {logging_mixin.py:188} INFO - [2025-10-03T00:09:16.781+0000] {dag.py:3096} INFO - Sync 1 DAGs
[2025-10-03T00:09:16.832+0000] {logging_mixin.py:188} INFO - [2025-10-03T00:09:16.832+0000] {dag.py:3954} INFO - Setting next_dagrun for first_taskk to 2025-10-03 00:09:00+00:00, run_after=2025-10-03 00:10:00+00:00
[2025-10-03T00:09:16.883+0000] {processor.py:183} INFO - Processing /opt/airflow/dags/dag1.py took 0.220 seconds
[2025-10-03T00:09:47.157+0000] {processor.py:161} INFO - Started process (PID=15422) to work on /opt/airflow/dags/dag1.py
[2025-10-03T00:09:47.159+0000] {processor.py:830} INFO - Processing file /opt/airflow/dags/dag1.py for tasks to queue
[2025-10-03T00:09:47.161+0000] {logging_mixin.py:188} INFO - [2025-10-03T00:09:47.161+0000] {dagbag.py:545} INFO - Filling up the DagBag from /opt/airflow/dags/dag1.py
[2025-10-03T00:09:47.209+0000] {processor.py:840} INFO - DAG(s) 'first_taskk' retrieved from /opt/airflow/dags/dag1.py
[2025-10-03T00:09:47.252+0000] {logging_mixin.py:188} INFO - [2025-10-03T00:09:47.252+0000] {dag.py:3096} INFO - Sync 1 DAGs
[2025-10-03T00:09:47.298+0000] {logging_mixin.py:188} INFO - [2025-10-03T00:09:47.298+0000] {dag.py:3954} INFO - Setting next_dagrun for first_taskk to 2025-10-03 00:09:00+00:00, run_after=2025-10-03 00:10:00+00:00
[2025-10-03T00:09:47.348+0000] {processor.py:183} INFO - Processing /opt/airflow/dags/dag1.py took 0.206 seconds
[2025-10-03T00:10:17.714+0000] {processor.py:161} INFO - Started process (PID=15475) to work on /opt/airflow/dags/dag1.py
[2025-10-03T00:10:17.716+0000] {processor.py:830} INFO - Processing file /opt/airflow/dags/dag1.py for tasks to queue
[2025-10-03T00:10:17.719+0000] {logging_mixin.py:188} INFO - [2025-10-03T00:10:17.718+0000] {dagbag.py:545} INFO - Filling up the DagBag from /opt/airflow/dags/dag1.py
[2025-10-03T00:10:17.772+0000] {processor.py:840} INFO - DAG(s) 'first_taskk' retrieved from /opt/airflow/dags/dag1.py
[2025-10-03T00:10:17.815+0000] {logging_mixin.py:188} INFO - [2025-10-03T00:10:17.815+0000] {dag.py:3096} INFO - Sync 1 DAGs
[2025-10-03T00:10:17.863+0000] {logging_mixin.py:188} INFO - [2025-10-03T00:10:17.863+0000] {dag.py:3954} INFO - Setting next_dagrun for first_taskk to 2025-10-03 00:10:00+00:00, run_after=2025-10-03 00:11:00+00:00
[2025-10-03T00:10:17.904+0000] {processor.py:183} INFO - Processing /opt/airflow/dags/dag1.py took 0.206 seconds
[2025-10-03T00:10:48.207+0000] {processor.py:161} INFO - Started process (PID=15528) to work on /opt/airflow/dags/dag1.py
[2025-10-03T00:10:48.210+0000] {processor.py:830} INFO - Processing file /opt/airflow/dags/dag1.py for tasks to queue
[2025-10-03T00:10:48.212+0000] {logging_mixin.py:188} INFO - [2025-10-03T00:10:48.211+0000] {dagbag.py:545} INFO - Filling up the DagBag from /opt/airflow/dags/dag1.py
[2025-10-03T00:10:48.254+0000] {processor.py:840} INFO - DAG(s) 'first_taskk' retrieved from /opt/airflow/dags/dag1.py
[2025-10-03T00:10:48.309+0000] {logging_mixin.py:188} INFO - [2025-10-03T00:10:48.308+0000] {dag.py:3096} INFO - Sync 1 DAGs
[2025-10-03T00:10:48.359+0000] {logging_mixin.py:188} INFO - [2025-10-03T00:10:48.358+0000] {dag.py:3954} INFO - Setting next_dagrun for first_taskk to 2025-10-03 00:10:00+00:00, run_after=2025-10-03 00:11:00+00:00
[2025-10-03T00:10:48.402+0000] {processor.py:183} INFO - Processing /opt/airflow/dags/dag1.py took 0.211 seconds
[2025-10-03T00:11:19.030+0000] {processor.py:161} INFO - Started process (PID=15581) to work on /opt/airflow/dags/dag1.py
[2025-10-03T00:11:19.033+0000] {processor.py:830} INFO - Processing file /opt/airflow/dags/dag1.py for tasks to queue
[2025-10-03T00:11:19.036+0000] {logging_mixin.py:188} INFO - [2025-10-03T00:11:19.035+0000] {dagbag.py:545} INFO - Filling up the DagBag from /opt/airflow/dags/dag1.py
[2025-10-03T00:11:19.120+0000] {processor.py:840} INFO - DAG(s) 'first_taskk' retrieved from /opt/airflow/dags/dag1.py
[2025-10-03T00:11:19.306+0000] {logging_mixin.py:188} INFO - [2025-10-03T00:11:19.305+0000] {dag.py:3096} INFO - Sync 1 DAGs
[2025-10-03T00:11:19.478+0000] {logging_mixin.py:188} INFO - [2025-10-03T00:11:19.477+0000] {dag.py:3954} INFO - Setting next_dagrun for first_taskk to 2025-10-03 00:11:00+00:00, run_after=2025-10-03 00:12:00+00:00
[2025-10-03T00:11:19.596+0000] {processor.py:183} INFO - Processing /opt/airflow/dags/dag1.py took 0.600 seconds
[2025-10-03T00:11:50.274+0000] {processor.py:161} INFO - Started process (PID=15634) to work on /opt/airflow/dags/dag1.py
[2025-10-03T00:11:50.277+0000] {processor.py:830} INFO - Processing file /opt/airflow/dags/dag1.py for tasks to queue
[2025-10-03T00:11:50.279+0000] {logging_mixin.py:188} INFO - [2025-10-03T00:11:50.278+0000] {dagbag.py:545} INFO - Filling up the DagBag from /opt/airflow/dags/dag1.py
[2025-10-03T00:11:50.320+0000] {processor.py:840} INFO - DAG(s) 'first_taskk' retrieved from /opt/airflow/dags/dag1.py
[2025-10-03T00:11:50.377+0000] {logging_mixin.py:188} INFO - [2025-10-03T00:11:50.376+0000] {dag.py:3096} INFO - Sync 1 DAGs
[2025-10-03T00:11:50.427+0000] {logging_mixin.py:188} INFO - [2025-10-03T00:11:50.427+0000] {dag.py:3954} INFO - Setting next_dagrun for first_taskk to 2025-10-03 00:11:00+00:00, run_after=2025-10-03 00:12:00+00:00
[2025-10-03T00:11:50.470+0000] {processor.py:183} INFO - Processing /opt/airflow/dags/dag1.py took 0.223 seconds
[2025-10-03T00:11:53.390+0000] {processor.py:161} INFO - Started process (PID=15645) to work on /opt/airflow/dags/dag1.py
[2025-10-03T00:11:53.393+0000] {processor.py:830} INFO - Processing file /opt/airflow/dags/dag1.py for tasks to queue
[2025-10-03T00:11:53.395+0000] {logging_mixin.py:188} INFO - [2025-10-03T00:11:53.394+0000] {dagbag.py:545} INFO - Filling up the DagBag from /opt/airflow/dags/dag1.py
[2025-10-03T00:11:53.451+0000] {processor.py:840} INFO - DAG(s) 'first_taskk' retrieved from /opt/airflow/dags/dag1.py
[2025-10-03T00:11:53.499+0000] {logging_mixin.py:188} INFO - [2025-10-03T00:11:53.499+0000] {dag.py:3096} INFO - Sync 1 DAGs
[2025-10-03T00:11:53.555+0000] {logging_mixin.py:188} INFO - [2025-10-03T00:11:53.554+0000] {dag.py:3954} INFO - Setting next_dagrun for first_taskk to 2025-10-03 00:11:00+00:00, run_after=2025-10-03 00:12:00+00:00
[2025-10-03T00:11:53.610+0000] {processor.py:183} INFO - Processing /opt/airflow/dags/dag1.py took 0.241 seconds
[2025-10-03T00:12:23.731+0000] {processor.py:161} INFO - Started process (PID=15697) to work on /opt/airflow/dags/dag1.py
[2025-10-03T00:12:23.735+0000] {processor.py:830} INFO - Processing file /opt/airflow/dags/dag1.py for tasks to queue
[2025-10-03T00:12:23.738+0000] {logging_mixin.py:188} INFO - [2025-10-03T00:12:23.737+0000] {dagbag.py:545} INFO - Filling up the DagBag from /opt/airflow/dags/dag1.py
[2025-10-03T00:12:23.786+0000] {processor.py:840} INFO - DAG(s) 'first_taskk' retrieved from /opt/airflow/dags/dag1.py
[2025-10-03T00:12:23.862+0000] {logging_mixin.py:188} INFO - [2025-10-03T00:12:23.861+0000] {dag.py:3096} INFO - Sync 1 DAGs
[2025-10-03T00:12:24.004+0000] {logging_mixin.py:188} INFO - [2025-10-03T00:12:24.003+0000] {dag.py:3954} INFO - Setting next_dagrun for first_taskk to 2025-10-03 00:12:00+00:00, run_after=2025-10-03 00:13:00+00:00
[2025-10-03T00:12:24.154+0000] {processor.py:183} INFO - Processing /opt/airflow/dags/dag1.py took 0.445 seconds
[2025-10-03T00:12:54.295+0000] {processor.py:161} INFO - Started process (PID=15748) to work on /opt/airflow/dags/dag1.py
[2025-10-03T00:12:54.299+0000] {processor.py:830} INFO - Processing file /opt/airflow/dags/dag1.py for tasks to queue
[2025-10-03T00:12:54.302+0000] {logging_mixin.py:188} INFO - [2025-10-03T00:12:54.301+0000] {dagbag.py:545} INFO - Filling up the DagBag from /opt/airflow/dags/dag1.py
[2025-10-03T00:12:54.352+0000] {processor.py:840} INFO - DAG(s) 'first_taskk' retrieved from /opt/airflow/dags/dag1.py
[2025-10-03T00:12:54.405+0000] {logging_mixin.py:188} INFO - [2025-10-03T00:12:54.404+0000] {dag.py:3096} INFO - Sync 1 DAGs
[2025-10-03T00:12:54.469+0000] {logging_mixin.py:188} INFO - [2025-10-03T00:12:54.469+0000] {dag.py:3954} INFO - Setting next_dagrun for first_taskk to 2025-10-03 00:12:00+00:00, run_after=2025-10-03 00:13:00+00:00
[2025-10-03T00:12:54.525+0000] {processor.py:183} INFO - Processing /opt/airflow/dags/dag1.py took 0.247 seconds
[2025-10-03T00:13:24.826+0000] {processor.py:161} INFO - Started process (PID=15802) to work on /opt/airflow/dags/dag1.py
[2025-10-03T00:13:24.828+0000] {processor.py:830} INFO - Processing file /opt/airflow/dags/dag1.py for tasks to queue
[2025-10-03T00:13:24.831+0000] {logging_mixin.py:188} INFO - [2025-10-03T00:13:24.830+0000] {dagbag.py:545} INFO - Filling up the DagBag from /opt/airflow/dags/dag1.py
[2025-10-03T00:13:24.878+0000] {processor.py:840} INFO - DAG(s) 'first_taskk' retrieved from /opt/airflow/dags/dag1.py
[2025-10-03T00:13:24.934+0000] {logging_mixin.py:188} INFO - [2025-10-03T00:13:24.933+0000] {dag.py:3096} INFO - Sync 1 DAGs
[2025-10-03T00:13:24.988+0000] {logging_mixin.py:188} INFO - [2025-10-03T00:13:24.987+0000] {dag.py:3954} INFO - Setting next_dagrun for first_taskk to 2025-10-03 00:13:00+00:00, run_after=2025-10-03 00:14:00+00:00
[2025-10-03T00:13:25.032+0000] {processor.py:183} INFO - Processing /opt/airflow/dags/dag1.py took 0.220 seconds
[2025-10-03T00:13:55.443+0000] {processor.py:161} INFO - Started process (PID=15855) to work on /opt/airflow/dags/dag1.py
[2025-10-03T00:13:55.445+0000] {processor.py:830} INFO - Processing file /opt/airflow/dags/dag1.py for tasks to queue
[2025-10-03T00:13:55.447+0000] {logging_mixin.py:188} INFO - [2025-10-03T00:13:55.446+0000] {dagbag.py:545} INFO - Filling up the DagBag from /opt/airflow/dags/dag1.py
[2025-10-03T00:13:55.486+0000] {processor.py:840} INFO - DAG(s) 'first_taskk' retrieved from /opt/airflow/dags/dag1.py
[2025-10-03T00:13:55.532+0000] {logging_mixin.py:188} INFO - [2025-10-03T00:13:55.531+0000] {dag.py:3096} INFO - Sync 1 DAGs
[2025-10-03T00:13:55.601+0000] {logging_mixin.py:188} INFO - [2025-10-03T00:13:55.600+0000] {dag.py:3954} INFO - Setting next_dagrun for first_taskk to 2025-10-03 00:13:00+00:00, run_after=2025-10-03 00:14:00+00:00
[2025-10-03T00:13:55.655+0000] {processor.py:183} INFO - Processing /opt/airflow/dags/dag1.py took 0.226 seconds
[2025-10-03T00:14:26.308+0000] {processor.py:161} INFO - Started process (PID=15905) to work on /opt/airflow/dags/dag1.py
[2025-10-03T00:14:26.314+0000] {processor.py:830} INFO - Processing file /opt/airflow/dags/dag1.py for tasks to queue
[2025-10-03T00:14:26.324+0000] {logging_mixin.py:188} INFO - [2025-10-03T00:14:26.318+0000] {dagbag.py:545} INFO - Filling up the DagBag from /opt/airflow/dags/dag1.py
[2025-10-03T00:14:26.471+0000] {processor.py:840} INFO - DAG(s) 'first_taskk' retrieved from /opt/airflow/dags/dag1.py
[2025-10-03T00:14:26.556+0000] {logging_mixin.py:188} INFO - [2025-10-03T00:14:26.556+0000] {dag.py:3096} INFO - Sync 1 DAGs
[2025-10-03T00:14:26.651+0000] {logging_mixin.py:188} INFO - [2025-10-03T00:14:26.650+0000] {dag.py:3954} INFO - Setting next_dagrun for first_taskk to 2025-10-03 00:14:00+00:00, run_after=2025-10-03 00:15:00+00:00
[2025-10-03T00:14:26.715+0000] {processor.py:183} INFO - Processing /opt/airflow/dags/dag1.py took 0.461 seconds
[2025-10-03T00:14:57.775+0000] {processor.py:161} INFO - Started process (PID=15958) to work on /opt/airflow/dags/dag1.py
[2025-10-03T00:14:57.778+0000] {processor.py:830} INFO - Processing file /opt/airflow/dags/dag1.py for tasks to queue
[2025-10-03T00:14:57.782+0000] {logging_mixin.py:188} INFO - [2025-10-03T00:14:57.781+0000] {dagbag.py:545} INFO - Filling up the DagBag from /opt/airflow/dags/dag1.py
[2025-10-03T00:14:57.838+0000] {processor.py:840} INFO - DAG(s) 'first_taskk' retrieved from /opt/airflow/dags/dag1.py
[2025-10-03T00:14:57.892+0000] {logging_mixin.py:188} INFO - [2025-10-03T00:14:57.891+0000] {dag.py:3096} INFO - Sync 1 DAGs
[2025-10-03T00:14:57.952+0000] {logging_mixin.py:188} INFO - [2025-10-03T00:14:57.952+0000] {dag.py:3954} INFO - Setting next_dagrun for first_taskk to 2025-10-03 00:14:00+00:00, run_after=2025-10-03 00:15:00+00:00
[2025-10-03T00:14:57.995+0000] {processor.py:183} INFO - Processing /opt/airflow/dags/dag1.py took 0.249 seconds
[2025-10-03T00:15:28.265+0000] {processor.py:161} INFO - Started process (PID=16011) to work on /opt/airflow/dags/dag1.py
[2025-10-03T00:15:28.267+0000] {processor.py:830} INFO - Processing file /opt/airflow/dags/dag1.py for tasks to queue
[2025-10-03T00:15:28.270+0000] {logging_mixin.py:188} INFO - [2025-10-03T00:15:28.269+0000] {dagbag.py:545} INFO - Filling up the DagBag from /opt/airflow/dags/dag1.py
[2025-10-03T00:15:28.344+0000] {processor.py:840} INFO - DAG(s) 'first_taskk' retrieved from /opt/airflow/dags/dag1.py
[2025-10-03T00:15:28.414+0000] {logging_mixin.py:188} INFO - [2025-10-03T00:15:28.413+0000] {dag.py:3096} INFO - Sync 1 DAGs
[2025-10-03T00:15:28.476+0000] {logging_mixin.py:188} INFO - [2025-10-03T00:15:28.475+0000] {dag.py:3954} INFO - Setting next_dagrun for first_taskk to 2025-10-03 00:15:00+00:00, run_after=2025-10-03 00:16:00+00:00
[2025-10-03T00:15:28.521+0000] {processor.py:183} INFO - Processing /opt/airflow/dags/dag1.py took 0.276 seconds
[2025-10-03T00:15:58.776+0000] {processor.py:161} INFO - Started process (PID=16064) to work on /opt/airflow/dags/dag1.py
[2025-10-03T00:15:58.778+0000] {processor.py:830} INFO - Processing file /opt/airflow/dags/dag1.py for tasks to queue
[2025-10-03T00:15:58.780+0000] {logging_mixin.py:188} INFO - [2025-10-03T00:15:58.779+0000] {dagbag.py:545} INFO - Filling up the DagBag from /opt/airflow/dags/dag1.py
[2025-10-03T00:15:58.824+0000] {processor.py:840} INFO - DAG(s) 'first_taskk' retrieved from /opt/airflow/dags/dag1.py
[2025-10-03T00:15:58.867+0000] {logging_mixin.py:188} INFO - [2025-10-03T00:15:58.866+0000] {dag.py:3096} INFO - Sync 1 DAGs
[2025-10-03T00:15:58.913+0000] {logging_mixin.py:188} INFO - [2025-10-03T00:15:58.913+0000] {dag.py:3954} INFO - Setting next_dagrun for first_taskk to 2025-10-03 00:15:00+00:00, run_after=2025-10-03 00:16:00+00:00
[2025-10-03T00:15:58.953+0000] {processor.py:183} INFO - Processing /opt/airflow/dags/dag1.py took 0.202 seconds
[2025-10-03T00:16:29.532+0000] {processor.py:161} INFO - Started process (PID=16117) to work on /opt/airflow/dags/dag1.py
[2025-10-03T00:16:29.534+0000] {processor.py:830} INFO - Processing file /opt/airflow/dags/dag1.py for tasks to queue
[2025-10-03T00:16:29.537+0000] {logging_mixin.py:188} INFO - [2025-10-03T00:16:29.536+0000] {dagbag.py:545} INFO - Filling up the DagBag from /opt/airflow/dags/dag1.py
[2025-10-03T00:16:29.586+0000] {processor.py:840} INFO - DAG(s) 'first_taskk' retrieved from /opt/airflow/dags/dag1.py
[2025-10-03T00:16:29.631+0000] {logging_mixin.py:188} INFO - [2025-10-03T00:16:29.631+0000] {dag.py:3096} INFO - Sync 1 DAGs
[2025-10-03T00:16:29.677+0000] {logging_mixin.py:188} INFO - [2025-10-03T00:16:29.677+0000] {dag.py:3954} INFO - Setting next_dagrun for first_taskk to 2025-10-03 00:16:00+00:00, run_after=2025-10-03 00:17:00+00:00
[2025-10-03T00:16:29.727+0000] {processor.py:183} INFO - Processing /opt/airflow/dags/dag1.py took 0.215 seconds
[2025-10-03T00:17:00.172+0000] {processor.py:161} INFO - Started process (PID=16170) to work on /opt/airflow/dags/dag1.py
[2025-10-03T00:17:00.177+0000] {processor.py:830} INFO - Processing file /opt/airflow/dags/dag1.py for tasks to queue
[2025-10-03T00:17:00.181+0000] {logging_mixin.py:188} INFO - [2025-10-03T00:17:00.180+0000] {dagbag.py:545} INFO - Filling up the DagBag from /opt/airflow/dags/dag1.py
[2025-10-03T00:17:00.264+0000] {processor.py:840} INFO - DAG(s) 'first_taskk' retrieved from /opt/airflow/dags/dag1.py
[2025-10-03T00:17:00.331+0000] {logging_mixin.py:188} INFO - [2025-10-03T00:17:00.331+0000] {dag.py:3096} INFO - Sync 1 DAGs
[2025-10-03T00:17:00.400+0000] {logging_mixin.py:188} INFO - [2025-10-03T00:17:00.399+0000] {dag.py:3954} INFO - Setting next_dagrun for first_taskk to 2025-10-03 00:16:00+00:00, run_after=2025-10-03 00:17:00+00:00
[2025-10-03T00:17:00.466+0000] {processor.py:183} INFO - Processing /opt/airflow/dags/dag1.py took 0.326 seconds
[2025-10-03T00:17:30.749+0000] {processor.py:161} INFO - Started process (PID=16223) to work on /opt/airflow/dags/dag1.py
[2025-10-03T00:17:30.751+0000] {processor.py:830} INFO - Processing file /opt/airflow/dags/dag1.py for tasks to queue
[2025-10-03T00:17:30.754+0000] {logging_mixin.py:188} INFO - [2025-10-03T00:17:30.753+0000] {dagbag.py:545} INFO - Filling up the DagBag from /opt/airflow/dags/dag1.py
[2025-10-03T00:17:30.799+0000] {processor.py:840} INFO - DAG(s) 'first_taskk' retrieved from /opt/airflow/dags/dag1.py
[2025-10-03T00:17:30.843+0000] {logging_mixin.py:188} INFO - [2025-10-03T00:17:30.843+0000] {dag.py:3096} INFO - Sync 1 DAGs
[2025-10-03T00:17:30.888+0000] {logging_mixin.py:188} INFO - [2025-10-03T00:17:30.887+0000] {dag.py:3954} INFO - Setting next_dagrun for first_taskk to 2025-10-03 00:17:00+00:00, run_after=2025-10-03 00:18:00+00:00
[2025-10-03T00:17:30.929+0000] {processor.py:183} INFO - Processing /opt/airflow/dags/dag1.py took 0.194 seconds
[2025-10-03T00:18:01.138+0000] {processor.py:161} INFO - Started process (PID=16276) to work on /opt/airflow/dags/dag1.py
[2025-10-03T00:18:01.141+0000] {processor.py:830} INFO - Processing file /opt/airflow/dags/dag1.py for tasks to queue
[2025-10-03T00:18:01.143+0000] {logging_mixin.py:188} INFO - [2025-10-03T00:18:01.142+0000] {dagbag.py:545} INFO - Filling up the DagBag from /opt/airflow/dags/dag1.py
[2025-10-03T00:18:01.188+0000] {processor.py:840} INFO - DAG(s) 'first_taskk' retrieved from /opt/airflow/dags/dag1.py
[2025-10-03T00:18:01.238+0000] {logging_mixin.py:188} INFO - [2025-10-03T00:18:01.238+0000] {dag.py:3096} INFO - Sync 1 DAGs
[2025-10-03T00:18:01.295+0000] {logging_mixin.py:188} INFO - [2025-10-03T00:18:01.295+0000] {dag.py:3954} INFO - Setting next_dagrun for first_taskk to 2025-10-03 00:18:00+00:00, run_after=2025-10-03 00:19:00+00:00
[2025-10-03T00:18:01.338+0000] {processor.py:183} INFO - Processing /opt/airflow/dags/dag1.py took 0.215 seconds
