[2025-10-02T23:45:09.171+0000] {local_task_job_runner.py:120} INFO - ::group::Pre task execution logs
[2025-10-02T23:45:09.218+0000] {taskinstance.py:2076} INFO - Dependencies all met for dep_context=non-requeueable deps ti=<TaskInstance: first_taskk.welcome_print scheduled__2025-10-02T23:44:00+00:00 [queued]>
[2025-10-02T23:45:09.247+0000] {taskinstance.py:2076} INFO - Dependencies all met for dep_context=requeueable deps ti=<TaskInstance: first_taskk.welcome_print scheduled__2025-10-02T23:44:00+00:00 [queued]>
[2025-10-02T23:45:09.251+0000] {taskinstance.py:2306} INFO - Starting attempt 1 of 1
[2025-10-02T23:45:09.342+0000] {taskinstance.py:2330} INFO - Executing <Task(PythonOperator): welcome_print> on 2025-10-02 23:44:00+00:00
[2025-10-02T23:45:09.386+0000] {warnings.py:112} WARNING - /home/***/.local/lib/python3.12/site-packages/***/task/task_runner/standard_task_runner.py:61: DeprecationWarning: This process (pid=575) is multi-threaded, use of fork() may lead to deadlocks in the child.
  pid = os.fork()

[2025-10-02T23:45:09.400+0000] {standard_task_runner.py:63} INFO - Started process 577 to run task
[2025-10-02T23:45:09.392+0000] {standard_task_runner.py:90} INFO - Running: ['***', 'tasks', 'run', 'first_taskk', 'welcome_print', 'scheduled__2025-10-02T23:44:00+00:00', '--job-id', '148', '--raw', '--subdir', 'DAGS_FOLDER/dag1.py', '--cfg-path', '/tmp/tmpk9kovtqo']
[2025-10-02T23:45:09.410+0000] {standard_task_runner.py:91} INFO - Job 148: Subtask welcome_print
[2025-10-02T23:45:09.458+0000] {warnings.py:112} WARNING - /home/***/.local/lib/python3.12/site-packages/***/settings.py:195: DeprecationWarning: The sql_alchemy_conn option in [core] has been moved to the sql_alchemy_conn option in [database] - the old setting has been used, but please update your config.
  SQL_ALCHEMY_CONN = conf.get("database", "SQL_ALCHEMY_CONN")

[2025-10-02T23:45:09.587+0000] {task_command.py:426} INFO - Running <TaskInstance: first_taskk.welcome_print scheduled__2025-10-02T23:44:00+00:00 [running]> on host 452c0657f430
[2025-10-02T23:45:09.800+0000] {taskinstance.py:2648} INFO - Exporting env vars: AIRFLOW_CTX_DAG_OWNER='***' AIRFLOW_CTX_DAG_ID='first_taskk' AIRFLOW_CTX_TASK_ID='welcome_print' AIRFLOW_CTX_EXECUTION_DATE='2025-10-02T23:44:00+00:00' AIRFLOW_CTX_TRY_NUMBER='1' AIRFLOW_CTX_DAG_RUN_ID='scheduled__2025-10-02T23:44:00+00:00'
[2025-10-02T23:45:09.807+0000] {taskinstance.py:430} INFO - ::endgroup::
[2025-10-02T23:45:09.809+0000] {logging_mixin.py:188} INFO - Welcome to Airflow Yasmine
[2025-10-02T23:45:09.810+0000] {python.py:237} INFO - Done. Returned value was: None
[2025-10-02T23:45:09.812+0000] {taskinstance.py:441} INFO - ::group::Post task execution logs
[2025-10-02T23:45:09.833+0000] {taskinstance.py:1206} INFO - Marking task as SUCCESS. dag_id=first_taskk, task_id=welcome_print, run_id=scheduled__2025-10-02T23:44:00+00:00, execution_date=20251002T234400, start_date=20251002T234509, end_date=20251002T234509
[2025-10-02T23:45:09.900+0000] {local_task_job_runner.py:240} INFO - Task exited with return code 0
[2025-10-02T23:45:09.952+0000] {taskinstance.py:3503} INFO - 1 downstream tasks scheduled from follow-on schedule check
[2025-10-02T23:45:09.957+0000] {local_task_job_runner.py:222} INFO - ::endgroup::
