[2025-10-03T00:27:09.232+0000] {local_task_job_runner.py:120} INFO - ::group::Pre task execution logs
[2025-10-03T00:27:09.300+0000] {taskinstance.py:2076} INFO - Dependencies all met for dep_context=non-requeueable deps ti=<TaskInstance: first_taskk.welcome_print scheduled__2025-10-03T00:26:00+00:00 [queued]>
[2025-10-03T00:27:09.327+0000] {taskinstance.py:2076} INFO - Dependencies all met for dep_context=requeueable deps ti=<TaskInstance: first_taskk.welcome_print scheduled__2025-10-03T00:26:00+00:00 [queued]>
[2025-10-03T00:27:09.328+0000] {taskinstance.py:2306} INFO - Starting attempt 1 of 1
[2025-10-03T00:27:09.390+0000] {taskinstance.py:2330} INFO - Executing <Task(PythonOperator): welcome_print> on 2025-10-03 00:26:00+00:00
[2025-10-03T00:27:09.414+0000] {warnings.py:112} WARNING - /home/***/.local/lib/python3.12/site-packages/***/task/task_runner/standard_task_runner.py:61: DeprecationWarning: This process (pid=995) is multi-threaded, use of fork() may lead to deadlocks in the child.
  pid = os.fork()

[2025-10-03T00:27:09.423+0000] {standard_task_runner.py:63} INFO - Started process 997 to run task
[2025-10-03T00:27:09.422+0000] {standard_task_runner.py:90} INFO - Running: ['***', 'tasks', 'run', 'first_taskk', 'welcome_print', 'scheduled__2025-10-03T00:26:00+00:00', '--job-id', '274', '--raw', '--subdir', 'DAGS_FOLDER/dag1.py', '--cfg-path', '/tmp/tmpyp1ew61_']
[2025-10-03T00:27:09.431+0000] {standard_task_runner.py:91} INFO - Job 274: Subtask welcome_print
[2025-10-03T00:27:09.490+0000] {warnings.py:112} WARNING - /home/***/.local/lib/python3.12/site-packages/***/settings.py:195: DeprecationWarning: The sql_alchemy_conn option in [core] has been moved to the sql_alchemy_conn option in [database] - the old setting has been used, but please update your config.
  SQL_ALCHEMY_CONN = conf.get("database", "SQL_ALCHEMY_CONN")

[2025-10-03T00:27:09.622+0000] {task_command.py:426} INFO - Running <TaskInstance: first_taskk.welcome_print scheduled__2025-10-03T00:26:00+00:00 [running]> on host 452c0657f430
[2025-10-03T00:27:09.836+0000] {taskinstance.py:2648} INFO - Exporting env vars: AIRFLOW_CTX_DAG_OWNER='***' AIRFLOW_CTX_DAG_ID='first_taskk' AIRFLOW_CTX_TASK_ID='welcome_print' AIRFLOW_CTX_EXECUTION_DATE='2025-10-03T00:26:00+00:00' AIRFLOW_CTX_TRY_NUMBER='1' AIRFLOW_CTX_DAG_RUN_ID='scheduled__2025-10-03T00:26:00+00:00'
[2025-10-03T00:27:09.840+0000] {taskinstance.py:430} INFO - ::endgroup::
[2025-10-03T00:27:09.842+0000] {logging_mixin.py:188} INFO - Welcome to Airflow Yasmine
[2025-10-03T00:27:09.843+0000] {python.py:237} INFO - Done. Returned value was: None
[2025-10-03T00:27:09.844+0000] {taskinstance.py:441} INFO - ::group::Post task execution logs
[2025-10-03T00:27:09.866+0000] {taskinstance.py:1206} INFO - Marking task as SUCCESS. dag_id=first_taskk, task_id=welcome_print, run_id=scheduled__2025-10-03T00:26:00+00:00, execution_date=20251003T002600, start_date=20251003T002709, end_date=20251003T002709
[2025-10-03T00:27:09.923+0000] {local_task_job_runner.py:240} INFO - Task exited with return code 0
[2025-10-03T00:27:09.966+0000] {taskinstance.py:3503} INFO - 1 downstream tasks scheduled from follow-on schedule check
[2025-10-03T00:27:09.971+0000] {local_task_job_runner.py:222} INFO - ::endgroup::
