[2025-10-03T00:51:17.850+0000] {local_task_job_runner.py:120} INFO - ::group::Pre task execution logs
[2025-10-03T00:51:17.891+0000] {taskinstance.py:2076} INFO - Dependencies all met for dep_context=non-requeueable deps ti=<TaskInstance: first_taskk.task_numss scheduled__2025-10-03T00:50:00+00:00 [queued]>
[2025-10-03T00:51:17.907+0000] {taskinstance.py:2076} INFO - Dependencies all met for dep_context=requeueable deps ti=<TaskInstance: first_taskk.task_numss scheduled__2025-10-03T00:50:00+00:00 [queued]>
[2025-10-03T00:51:17.908+0000] {taskinstance.py:2306} INFO - Starting attempt 1 of 1
[2025-10-03T00:51:17.935+0000] {taskinstance.py:2330} INFO - Executing <Task(PythonOperator): task_numss> on 2025-10-03 00:50:00+00:00
[2025-10-03T00:51:17.952+0000] {warnings.py:112} WARNING - /home/***/.local/lib/python3.12/site-packages/***/task/task_runner/standard_task_runner.py:61: DeprecationWarning: This process (pid=117) is multi-threaded, use of fork() may lead to deadlocks in the child.
  pid = os.fork()

[2025-10-03T00:51:17.957+0000] {standard_task_runner.py:63} INFO - Started process 119 to run task
[2025-10-03T00:51:17.955+0000] {standard_task_runner.py:90} INFO - Running: ['***', 'tasks', 'run', 'first_taskk', 'task_numss', 'scheduled__2025-10-03T00:50:00+00:00', '--job-id', '348', '--raw', '--subdir', 'DAGS_FOLDER/Airflow_Depi.py', '--cfg-path', '/tmp/tmpmf2c51fb']
[2025-10-03T00:51:17.961+0000] {standard_task_runner.py:91} INFO - Job 348: Subtask task_numss
[2025-10-03T00:51:17.987+0000] {warnings.py:112} WARNING - /home/***/.local/lib/python3.12/site-packages/***/settings.py:195: DeprecationWarning: The sql_alchemy_conn option in [core] has been moved to the sql_alchemy_conn option in [database] - the old setting has been used, but please update your config.
  SQL_ALCHEMY_CONN = conf.get("database", "SQL_ALCHEMY_CONN")

[2025-10-03T00:51:18.077+0000] {task_command.py:426} INFO - Running <TaskInstance: first_taskk.task_numss scheduled__2025-10-03T00:50:00+00:00 [running]> on host 452c0657f430
[2025-10-03T00:51:18.265+0000] {taskinstance.py:2648} INFO - Exporting env vars: AIRFLOW_CTX_DAG_OWNER='***' AIRFLOW_CTX_DAG_ID='first_taskk' AIRFLOW_CTX_TASK_ID='task_numss' AIRFLOW_CTX_EXECUTION_DATE='2025-10-03T00:50:00+00:00' AIRFLOW_CTX_TRY_NUMBER='1' AIRFLOW_CTX_DAG_RUN_ID='scheduled__2025-10-03T00:50:00+00:00'
[2025-10-03T00:51:18.269+0000] {taskinstance.py:430} INFO - ::endgroup::
[2025-10-03T00:51:18.272+0000] {logging_mixin.py:188} INFO - random num is saved
[2025-10-03T00:51:18.273+0000] {python.py:237} INFO - Done. Returned value was: None
[2025-10-03T00:51:18.274+0000] {taskinstance.py:441} INFO - ::group::Post task execution logs
[2025-10-03T00:51:18.293+0000] {taskinstance.py:1206} INFO - Marking task as SUCCESS. dag_id=first_taskk, task_id=task_numss, run_id=scheduled__2025-10-03T00:50:00+00:00, execution_date=20251003T005000, start_date=20251003T005117, end_date=20251003T005118
[2025-10-03T00:51:18.335+0000] {local_task_job_runner.py:240} INFO - Task exited with return code 0
[2025-10-03T00:51:18.366+0000] {taskinstance.py:3503} INFO - 0 downstream tasks scheduled from follow-on schedule check
[2025-10-03T00:51:18.375+0000] {local_task_job_runner.py:222} INFO - ::endgroup::
