[2025-10-02T22:29:03.617+0000] {local_task_job_runner.py:120} INFO - ::group::Pre task execution logs
[2025-10-02T22:29:03.659+0000] {taskinstance.py:2076} INFO - Dependencies all met for dep_context=non-requeueable deps ti=<TaskInstance: first_taskk.task_prnt scheduled__2025-10-02T22:28:00+00:00 [queued]>
[2025-10-02T22:29:03.673+0000] {taskinstance.py:2076} INFO - Dependencies all met for dep_context=requeueable deps ti=<TaskInstance: first_taskk.task_prnt scheduled__2025-10-02T22:28:00+00:00 [queued]>
[2025-10-02T22:29:03.674+0000] {taskinstance.py:2306} INFO - Starting attempt 1 of 1
[2025-10-02T22:29:03.706+0000] {taskinstance.py:2330} INFO - Executing <Task(BashOperator): task_prnt> on 2025-10-02 22:28:00+00:00
[2025-10-02T22:29:03.723+0000] {warnings.py:112} WARNING - /home/***/.local/lib/python3.12/site-packages/***/task/task_runner/standard_task_runner.py:61: DeprecationWarning: This process (pid=94) is multi-threaded, use of fork() may lead to deadlocks in the child.
  pid = os.fork()

[2025-10-02T22:29:03.726+0000] {standard_task_runner.py:63} INFO - Started process 96 to run task
[2025-10-02T22:29:03.726+0000] {standard_task_runner.py:90} INFO - Running: ['***', 'tasks', 'run', 'first_taskk', 'task_prnt', 'scheduled__2025-10-02T22:28:00+00:00', '--job-id', '13', '--raw', '--subdir', 'DAGS_FOLDER/dag1.py', '--cfg-path', '/tmp/tmp0gmbh7d1']
[2025-10-02T22:29:03.732+0000] {standard_task_runner.py:91} INFO - Job 13: Subtask task_prnt
[2025-10-02T22:29:03.757+0000] {warnings.py:112} WARNING - /home/***/.local/lib/python3.12/site-packages/***/settings.py:195: DeprecationWarning: The sql_alchemy_conn option in [core] has been moved to the sql_alchemy_conn option in [database] - the old setting has been used, but please update your config.
  SQL_ALCHEMY_CONN = conf.get("database", "SQL_ALCHEMY_CONN")

[2025-10-02T22:29:03.844+0000] {task_command.py:426} INFO - Running <TaskInstance: first_taskk.task_prnt scheduled__2025-10-02T22:28:00+00:00 [running]> on host 452c0657f430
[2025-10-02T22:29:04.019+0000] {taskinstance.py:2648} INFO - Exporting env vars: AIRFLOW_CTX_DAG_OWNER='***' AIRFLOW_CTX_DAG_ID='first_taskk' AIRFLOW_CTX_TASK_ID='task_prnt' AIRFLOW_CTX_EXECUTION_DATE='2025-10-02T22:28:00+00:00' AIRFLOW_CTX_TRY_NUMBER='1' AIRFLOW_CTX_DAG_RUN_ID='scheduled__2025-10-02T22:28:00+00:00'
[2025-10-02T22:29:04.023+0000] {taskinstance.py:430} INFO - ::endgroup::
[2025-10-02T22:29:04.025+0000] {subprocess.py:63} INFO - Tmp dir root location: /tmp
[2025-10-02T22:29:04.028+0000] {subprocess.py:75} INFO - Running command: ['/usr/bin/bash', '-c', 'date']
[2025-10-02T22:29:04.050+0000] {subprocess.py:86} INFO - Output:
[2025-10-02T22:29:04.059+0000] {subprocess.py:93} INFO - Thu Oct  2 22:29:04 UTC 2025
[2025-10-02T22:29:04.061+0000] {subprocess.py:97} INFO - Command exited with return code 0
[2025-10-02T22:29:04.062+0000] {taskinstance.py:441} INFO - ::group::Post task execution logs
[2025-10-02T22:29:04.114+0000] {taskinstance.py:1206} INFO - Marking task as SUCCESS. dag_id=first_taskk, task_id=task_prnt, run_id=scheduled__2025-10-02T22:28:00+00:00, execution_date=20251002T222800, start_date=20251002T222903, end_date=20251002T222904
[2025-10-02T22:29:04.184+0000] {local_task_job_runner.py:240} INFO - Task exited with return code 0
[2025-10-02T22:29:04.218+0000] {taskinstance.py:3503} INFO - 0 downstream tasks scheduled from follow-on schedule check
[2025-10-02T22:29:04.222+0000] {local_task_job_runner.py:222} INFO - ::endgroup::
