[2025-10-03T00:00:27.842+0000] {processor.py:161} INFO - Started process (PID=14468) to work on /home/airflow/.local/lib/python3.12/site-packages/airflow/example_dags/example_local_kubernetes_executor.py
[2025-10-03T00:00:27.845+0000] {processor.py:830} INFO - Processing file /home/airflow/.local/lib/python3.12/site-packages/airflow/example_dags/example_local_kubernetes_executor.py for tasks to queue
[2025-10-03T00:00:27.847+0000] {logging_mixin.py:188} INFO - [2025-10-03T00:00:27.846+0000] {dagbag.py:545} INFO - Filling up the DagBag from /home/airflow/.local/lib/python3.12/site-packages/airflow/example_dags/example_local_kubernetes_executor.py
[2025-10-03T00:00:27.866+0000] {processor.py:840} INFO - DAG(s) 'example_local_kubernetes_executor' retrieved from /home/airflow/.local/lib/python3.12/site-packages/airflow/example_dags/example_local_kubernetes_executor.py
[2025-10-03T00:00:27.960+0000] {logging_mixin.py:188} INFO - [2025-10-03T00:00:27.960+0000] {dag.py:3096} INFO - Sync 1 DAGs
[2025-10-03T00:00:27.989+0000] {logging_mixin.py:188} INFO - [2025-10-03T00:00:27.989+0000] {dag.py:3954} INFO - Setting next_dagrun for example_local_kubernetes_executor to None, run_after=None
[2025-10-03T00:00:28.030+0000] {processor.py:183} INFO - Processing /home/airflow/.local/lib/python3.12/site-packages/airflow/example_dags/example_local_kubernetes_executor.py took 0.203 seconds
[2025-10-03T00:00:58.806+0000] {processor.py:161} INFO - Started process (PID=14521) to work on /home/airflow/.local/lib/python3.12/site-packages/airflow/example_dags/example_local_kubernetes_executor.py
[2025-10-03T00:00:58.810+0000] {processor.py:830} INFO - Processing file /home/airflow/.local/lib/python3.12/site-packages/airflow/example_dags/example_local_kubernetes_executor.py for tasks to queue
[2025-10-03T00:00:58.815+0000] {logging_mixin.py:188} INFO - [2025-10-03T00:00:58.813+0000] {dagbag.py:545} INFO - Filling up the DagBag from /home/airflow/.local/lib/python3.12/site-packages/airflow/example_dags/example_local_kubernetes_executor.py
[2025-10-03T00:00:58.839+0000] {processor.py:840} INFO - DAG(s) 'example_local_kubernetes_executor' retrieved from /home/airflow/.local/lib/python3.12/site-packages/airflow/example_dags/example_local_kubernetes_executor.py
[2025-10-03T00:00:58.936+0000] {logging_mixin.py:188} INFO - [2025-10-03T00:00:58.936+0000] {dag.py:3096} INFO - Sync 1 DAGs
[2025-10-03T00:00:58.967+0000] {logging_mixin.py:188} INFO - [2025-10-03T00:00:58.966+0000] {dag.py:3954} INFO - Setting next_dagrun for example_local_kubernetes_executor to None, run_after=None
[2025-10-03T00:00:59.018+0000] {processor.py:183} INFO - Processing /home/airflow/.local/lib/python3.12/site-packages/airflow/example_dags/example_local_kubernetes_executor.py took 0.233 seconds
[2025-10-03T00:01:29.442+0000] {processor.py:161} INFO - Started process (PID=14574) to work on /home/airflow/.local/lib/python3.12/site-packages/airflow/example_dags/example_local_kubernetes_executor.py
[2025-10-03T00:01:29.445+0000] {processor.py:830} INFO - Processing file /home/airflow/.local/lib/python3.12/site-packages/airflow/example_dags/example_local_kubernetes_executor.py for tasks to queue
[2025-10-03T00:01:29.448+0000] {logging_mixin.py:188} INFO - [2025-10-03T00:01:29.447+0000] {dagbag.py:545} INFO - Filling up the DagBag from /home/airflow/.local/lib/python3.12/site-packages/airflow/example_dags/example_local_kubernetes_executor.py
[2025-10-03T00:01:29.473+0000] {processor.py:840} INFO - DAG(s) 'example_local_kubernetes_executor' retrieved from /home/airflow/.local/lib/python3.12/site-packages/airflow/example_dags/example_local_kubernetes_executor.py
[2025-10-03T00:01:29.559+0000] {logging_mixin.py:188} INFO - [2025-10-03T00:01:29.559+0000] {dag.py:3096} INFO - Sync 1 DAGs
[2025-10-03T00:01:29.593+0000] {logging_mixin.py:188} INFO - [2025-10-03T00:01:29.592+0000] {dag.py:3954} INFO - Setting next_dagrun for example_local_kubernetes_executor to None, run_after=None
[2025-10-03T00:01:29.647+0000] {processor.py:183} INFO - Processing /home/airflow/.local/lib/python3.12/site-packages/airflow/example_dags/example_local_kubernetes_executor.py took 0.228 seconds
[2025-10-03T00:01:59.820+0000] {processor.py:161} INFO - Started process (PID=14627) to work on /home/airflow/.local/lib/python3.12/site-packages/airflow/example_dags/example_local_kubernetes_executor.py
[2025-10-03T00:01:59.823+0000] {processor.py:830} INFO - Processing file /home/airflow/.local/lib/python3.12/site-packages/airflow/example_dags/example_local_kubernetes_executor.py for tasks to queue
[2025-10-03T00:01:59.825+0000] {logging_mixin.py:188} INFO - [2025-10-03T00:01:59.824+0000] {dagbag.py:545} INFO - Filling up the DagBag from /home/airflow/.local/lib/python3.12/site-packages/airflow/example_dags/example_local_kubernetes_executor.py
[2025-10-03T00:01:59.847+0000] {processor.py:840} INFO - DAG(s) 'example_local_kubernetes_executor' retrieved from /home/airflow/.local/lib/python3.12/site-packages/airflow/example_dags/example_local_kubernetes_executor.py
[2025-10-03T00:01:59.965+0000] {logging_mixin.py:188} INFO - [2025-10-03T00:01:59.964+0000] {dag.py:3096} INFO - Sync 1 DAGs
[2025-10-03T00:02:00.009+0000] {logging_mixin.py:188} INFO - [2025-10-03T00:02:00.008+0000] {dag.py:3954} INFO - Setting next_dagrun for example_local_kubernetes_executor to None, run_after=None
[2025-10-03T00:02:00.055+0000] {processor.py:183} INFO - Processing /home/airflow/.local/lib/python3.12/site-packages/airflow/example_dags/example_local_kubernetes_executor.py took 0.253 seconds
[2025-10-03T00:02:30.262+0000] {processor.py:161} INFO - Started process (PID=14678) to work on /home/airflow/.local/lib/python3.12/site-packages/airflow/example_dags/example_local_kubernetes_executor.py
[2025-10-03T00:02:30.264+0000] {processor.py:830} INFO - Processing file /home/airflow/.local/lib/python3.12/site-packages/airflow/example_dags/example_local_kubernetes_executor.py for tasks to queue
[2025-10-03T00:02:30.267+0000] {logging_mixin.py:188} INFO - [2025-10-03T00:02:30.266+0000] {dagbag.py:545} INFO - Filling up the DagBag from /home/airflow/.local/lib/python3.12/site-packages/airflow/example_dags/example_local_kubernetes_executor.py
[2025-10-03T00:02:30.284+0000] {processor.py:840} INFO - DAG(s) 'example_local_kubernetes_executor' retrieved from /home/airflow/.local/lib/python3.12/site-packages/airflow/example_dags/example_local_kubernetes_executor.py
[2025-10-03T00:02:30.368+0000] {logging_mixin.py:188} INFO - [2025-10-03T00:02:30.368+0000] {dag.py:3096} INFO - Sync 1 DAGs
[2025-10-03T00:02:30.395+0000] {logging_mixin.py:188} INFO - [2025-10-03T00:02:30.394+0000] {dag.py:3954} INFO - Setting next_dagrun for example_local_kubernetes_executor to None, run_after=None
[2025-10-03T00:02:30.453+0000] {processor.py:183} INFO - Processing /home/airflow/.local/lib/python3.12/site-packages/airflow/example_dags/example_local_kubernetes_executor.py took 0.210 seconds
[2025-10-03T00:03:01.095+0000] {processor.py:161} INFO - Started process (PID=14731) to work on /home/airflow/.local/lib/python3.12/site-packages/airflow/example_dags/example_local_kubernetes_executor.py
[2025-10-03T00:03:01.097+0000] {processor.py:830} INFO - Processing file /home/airflow/.local/lib/python3.12/site-packages/airflow/example_dags/example_local_kubernetes_executor.py for tasks to queue
[2025-10-03T00:03:01.100+0000] {logging_mixin.py:188} INFO - [2025-10-03T00:03:01.099+0000] {dagbag.py:545} INFO - Filling up the DagBag from /home/airflow/.local/lib/python3.12/site-packages/airflow/example_dags/example_local_kubernetes_executor.py
[2025-10-03T00:03:01.127+0000] {processor.py:840} INFO - DAG(s) 'example_local_kubernetes_executor' retrieved from /home/airflow/.local/lib/python3.12/site-packages/airflow/example_dags/example_local_kubernetes_executor.py
[2025-10-03T00:03:01.233+0000] {logging_mixin.py:188} INFO - [2025-10-03T00:03:01.232+0000] {dag.py:3096} INFO - Sync 1 DAGs
[2025-10-03T00:03:01.264+0000] {logging_mixin.py:188} INFO - [2025-10-03T00:03:01.264+0000] {dag.py:3954} INFO - Setting next_dagrun for example_local_kubernetes_executor to None, run_after=None
[2025-10-03T00:03:01.329+0000] {processor.py:183} INFO - Processing /home/airflow/.local/lib/python3.12/site-packages/airflow/example_dags/example_local_kubernetes_executor.py took 0.254 seconds
[2025-10-03T00:03:31.819+0000] {processor.py:161} INFO - Started process (PID=14784) to work on /home/airflow/.local/lib/python3.12/site-packages/airflow/example_dags/example_local_kubernetes_executor.py
[2025-10-03T00:03:31.822+0000] {processor.py:830} INFO - Processing file /home/airflow/.local/lib/python3.12/site-packages/airflow/example_dags/example_local_kubernetes_executor.py for tasks to queue
[2025-10-03T00:03:31.827+0000] {logging_mixin.py:188} INFO - [2025-10-03T00:03:31.826+0000] {dagbag.py:545} INFO - Filling up the DagBag from /home/airflow/.local/lib/python3.12/site-packages/airflow/example_dags/example_local_kubernetes_executor.py
[2025-10-03T00:03:31.852+0000] {processor.py:840} INFO - DAG(s) 'example_local_kubernetes_executor' retrieved from /home/airflow/.local/lib/python3.12/site-packages/airflow/example_dags/example_local_kubernetes_executor.py
[2025-10-03T00:03:31.974+0000] {logging_mixin.py:188} INFO - [2025-10-03T00:03:31.973+0000] {dag.py:3096} INFO - Sync 1 DAGs
[2025-10-03T00:03:32.003+0000] {logging_mixin.py:188} INFO - [2025-10-03T00:03:32.003+0000] {dag.py:3954} INFO - Setting next_dagrun for example_local_kubernetes_executor to None, run_after=None
[2025-10-03T00:03:32.049+0000] {processor.py:183} INFO - Processing /home/airflow/.local/lib/python3.12/site-packages/airflow/example_dags/example_local_kubernetes_executor.py took 0.258 seconds
[2025-10-03T00:04:02.464+0000] {processor.py:161} INFO - Started process (PID=14837) to work on /home/airflow/.local/lib/python3.12/site-packages/airflow/example_dags/example_local_kubernetes_executor.py
[2025-10-03T00:04:02.466+0000] {processor.py:830} INFO - Processing file /home/airflow/.local/lib/python3.12/site-packages/airflow/example_dags/example_local_kubernetes_executor.py for tasks to queue
[2025-10-03T00:04:02.469+0000] {logging_mixin.py:188} INFO - [2025-10-03T00:04:02.468+0000] {dagbag.py:545} INFO - Filling up the DagBag from /home/airflow/.local/lib/python3.12/site-packages/airflow/example_dags/example_local_kubernetes_executor.py
[2025-10-03T00:04:02.486+0000] {processor.py:840} INFO - DAG(s) 'example_local_kubernetes_executor' retrieved from /home/airflow/.local/lib/python3.12/site-packages/airflow/example_dags/example_local_kubernetes_executor.py
[2025-10-03T00:04:02.572+0000] {logging_mixin.py:188} INFO - [2025-10-03T00:04:02.572+0000] {dag.py:3096} INFO - Sync 1 DAGs
[2025-10-03T00:04:02.603+0000] {logging_mixin.py:188} INFO - [2025-10-03T00:04:02.602+0000] {dag.py:3954} INFO - Setting next_dagrun for example_local_kubernetes_executor to None, run_after=None
[2025-10-03T00:04:02.653+0000] {processor.py:183} INFO - Processing /home/airflow/.local/lib/python3.12/site-packages/airflow/example_dags/example_local_kubernetes_executor.py took 0.205 seconds
[2025-10-03T00:04:35.138+0000] {processor.py:161} INFO - Started process (PID=14890) to work on /home/airflow/.local/lib/python3.12/site-packages/airflow/example_dags/example_local_kubernetes_executor.py
[2025-10-03T00:04:35.141+0000] {processor.py:830} INFO - Processing file /home/airflow/.local/lib/python3.12/site-packages/airflow/example_dags/example_local_kubernetes_executor.py for tasks to queue
[2025-10-03T00:04:35.144+0000] {logging_mixin.py:188} INFO - [2025-10-03T00:04:35.143+0000] {dagbag.py:545} INFO - Filling up the DagBag from /home/airflow/.local/lib/python3.12/site-packages/airflow/example_dags/example_local_kubernetes_executor.py
[2025-10-03T00:04:35.162+0000] {processor.py:840} INFO - DAG(s) 'example_local_kubernetes_executor' retrieved from /home/airflow/.local/lib/python3.12/site-packages/airflow/example_dags/example_local_kubernetes_executor.py
[2025-10-03T00:04:35.250+0000] {logging_mixin.py:188} INFO - [2025-10-03T00:04:35.249+0000] {dag.py:3096} INFO - Sync 1 DAGs
[2025-10-03T00:04:35.295+0000] {logging_mixin.py:188} INFO - [2025-10-03T00:04:35.295+0000] {dag.py:3954} INFO - Setting next_dagrun for example_local_kubernetes_executor to None, run_after=None
[2025-10-03T00:04:35.354+0000] {processor.py:183} INFO - Processing /home/airflow/.local/lib/python3.12/site-packages/airflow/example_dags/example_local_kubernetes_executor.py took 0.233 seconds
[2025-10-03T00:05:05.584+0000] {processor.py:161} INFO - Started process (PID=14943) to work on /home/airflow/.local/lib/python3.12/site-packages/airflow/example_dags/example_local_kubernetes_executor.py
[2025-10-03T00:05:05.586+0000] {processor.py:830} INFO - Processing file /home/airflow/.local/lib/python3.12/site-packages/airflow/example_dags/example_local_kubernetes_executor.py for tasks to queue
[2025-10-03T00:05:05.588+0000] {logging_mixin.py:188} INFO - [2025-10-03T00:05:05.587+0000] {dagbag.py:545} INFO - Filling up the DagBag from /home/airflow/.local/lib/python3.12/site-packages/airflow/example_dags/example_local_kubernetes_executor.py
[2025-10-03T00:05:05.605+0000] {processor.py:840} INFO - DAG(s) 'example_local_kubernetes_executor' retrieved from /home/airflow/.local/lib/python3.12/site-packages/airflow/example_dags/example_local_kubernetes_executor.py
[2025-10-03T00:05:05.690+0000] {logging_mixin.py:188} INFO - [2025-10-03T00:05:05.689+0000] {dag.py:3096} INFO - Sync 1 DAGs
[2025-10-03T00:05:05.718+0000] {logging_mixin.py:188} INFO - [2025-10-03T00:05:05.718+0000] {dag.py:3954} INFO - Setting next_dagrun for example_local_kubernetes_executor to None, run_after=None
[2025-10-03T00:05:05.773+0000] {processor.py:183} INFO - Processing /home/airflow/.local/lib/python3.12/site-packages/airflow/example_dags/example_local_kubernetes_executor.py took 0.203 seconds
[2025-10-03T00:05:36.487+0000] {processor.py:161} INFO - Started process (PID=14996) to work on /home/airflow/.local/lib/python3.12/site-packages/airflow/example_dags/example_local_kubernetes_executor.py
[2025-10-03T00:05:36.490+0000] {processor.py:830} INFO - Processing file /home/airflow/.local/lib/python3.12/site-packages/airflow/example_dags/example_local_kubernetes_executor.py for tasks to queue
[2025-10-03T00:05:36.493+0000] {logging_mixin.py:188} INFO - [2025-10-03T00:05:36.492+0000] {dagbag.py:545} INFO - Filling up the DagBag from /home/airflow/.local/lib/python3.12/site-packages/airflow/example_dags/example_local_kubernetes_executor.py
[2025-10-03T00:05:36.510+0000] {processor.py:840} INFO - DAG(s) 'example_local_kubernetes_executor' retrieved from /home/airflow/.local/lib/python3.12/site-packages/airflow/example_dags/example_local_kubernetes_executor.py
[2025-10-03T00:05:36.596+0000] {logging_mixin.py:188} INFO - [2025-10-03T00:05:36.596+0000] {dag.py:3096} INFO - Sync 1 DAGs
[2025-10-03T00:05:36.633+0000] {logging_mixin.py:188} INFO - [2025-10-03T00:05:36.632+0000] {dag.py:3954} INFO - Setting next_dagrun for example_local_kubernetes_executor to None, run_after=None
[2025-10-03T00:05:36.701+0000] {processor.py:183} INFO - Processing /home/airflow/.local/lib/python3.12/site-packages/airflow/example_dags/example_local_kubernetes_executor.py took 0.230 seconds
[2025-10-03T00:06:07.228+0000] {processor.py:161} INFO - Started process (PID=15049) to work on /home/airflow/.local/lib/python3.12/site-packages/airflow/example_dags/example_local_kubernetes_executor.py
[2025-10-03T00:06:07.230+0000] {processor.py:830} INFO - Processing file /home/airflow/.local/lib/python3.12/site-packages/airflow/example_dags/example_local_kubernetes_executor.py for tasks to queue
[2025-10-03T00:06:07.233+0000] {logging_mixin.py:188} INFO - [2025-10-03T00:06:07.232+0000] {dagbag.py:545} INFO - Filling up the DagBag from /home/airflow/.local/lib/python3.12/site-packages/airflow/example_dags/example_local_kubernetes_executor.py
[2025-10-03T00:06:07.255+0000] {processor.py:840} INFO - DAG(s) 'example_local_kubernetes_executor' retrieved from /home/airflow/.local/lib/python3.12/site-packages/airflow/example_dags/example_local_kubernetes_executor.py
[2025-10-03T00:06:07.400+0000] {logging_mixin.py:188} INFO - [2025-10-03T00:06:07.399+0000] {dag.py:3096} INFO - Sync 1 DAGs
[2025-10-03T00:06:07.447+0000] {logging_mixin.py:188} INFO - [2025-10-03T00:06:07.447+0000] {dag.py:3954} INFO - Setting next_dagrun for example_local_kubernetes_executor to None, run_after=None
[2025-10-03T00:06:07.496+0000] {processor.py:183} INFO - Processing /home/airflow/.local/lib/python3.12/site-packages/airflow/example_dags/example_local_kubernetes_executor.py took 0.292 seconds
[2025-10-03T00:06:38.070+0000] {processor.py:161} INFO - Started process (PID=15102) to work on /home/airflow/.local/lib/python3.12/site-packages/airflow/example_dags/example_local_kubernetes_executor.py
[2025-10-03T00:06:38.072+0000] {processor.py:830} INFO - Processing file /home/airflow/.local/lib/python3.12/site-packages/airflow/example_dags/example_local_kubernetes_executor.py for tasks to queue
[2025-10-03T00:06:38.075+0000] {logging_mixin.py:188} INFO - [2025-10-03T00:06:38.074+0000] {dagbag.py:545} INFO - Filling up the DagBag from /home/airflow/.local/lib/python3.12/site-packages/airflow/example_dags/example_local_kubernetes_executor.py
[2025-10-03T00:06:38.094+0000] {processor.py:840} INFO - DAG(s) 'example_local_kubernetes_executor' retrieved from /home/airflow/.local/lib/python3.12/site-packages/airflow/example_dags/example_local_kubernetes_executor.py
[2025-10-03T00:06:38.212+0000] {logging_mixin.py:188} INFO - [2025-10-03T00:06:38.211+0000] {dag.py:3096} INFO - Sync 1 DAGs
[2025-10-03T00:06:38.258+0000] {logging_mixin.py:188} INFO - [2025-10-03T00:06:38.258+0000] {dag.py:3954} INFO - Setting next_dagrun for example_local_kubernetes_executor to None, run_after=None
[2025-10-03T00:06:38.322+0000] {processor.py:183} INFO - Processing /home/airflow/.local/lib/python3.12/site-packages/airflow/example_dags/example_local_kubernetes_executor.py took 0.272 seconds
[2025-10-03T00:07:08.801+0000] {processor.py:161} INFO - Started process (PID=15155) to work on /home/airflow/.local/lib/python3.12/site-packages/airflow/example_dags/example_local_kubernetes_executor.py
[2025-10-03T00:07:08.803+0000] {processor.py:830} INFO - Processing file /home/airflow/.local/lib/python3.12/site-packages/airflow/example_dags/example_local_kubernetes_executor.py for tasks to queue
[2025-10-03T00:07:08.806+0000] {logging_mixin.py:188} INFO - [2025-10-03T00:07:08.805+0000] {dagbag.py:545} INFO - Filling up the DagBag from /home/airflow/.local/lib/python3.12/site-packages/airflow/example_dags/example_local_kubernetes_executor.py
[2025-10-03T00:07:08.824+0000] {processor.py:840} INFO - DAG(s) 'example_local_kubernetes_executor' retrieved from /home/airflow/.local/lib/python3.12/site-packages/airflow/example_dags/example_local_kubernetes_executor.py
[2025-10-03T00:07:08.908+0000] {logging_mixin.py:188} INFO - [2025-10-03T00:07:08.907+0000] {dag.py:3096} INFO - Sync 1 DAGs
[2025-10-03T00:07:08.938+0000] {logging_mixin.py:188} INFO - [2025-10-03T00:07:08.937+0000] {dag.py:3954} INFO - Setting next_dagrun for example_local_kubernetes_executor to None, run_after=None
[2025-10-03T00:07:08.983+0000] {processor.py:183} INFO - Processing /home/airflow/.local/lib/python3.12/site-packages/airflow/example_dags/example_local_kubernetes_executor.py took 0.199 seconds
[2025-10-03T00:07:39.426+0000] {processor.py:161} INFO - Started process (PID=15208) to work on /home/airflow/.local/lib/python3.12/site-packages/airflow/example_dags/example_local_kubernetes_executor.py
[2025-10-03T00:07:39.428+0000] {processor.py:830} INFO - Processing file /home/airflow/.local/lib/python3.12/site-packages/airflow/example_dags/example_local_kubernetes_executor.py for tasks to queue
[2025-10-03T00:07:39.431+0000] {logging_mixin.py:188} INFO - [2025-10-03T00:07:39.430+0000] {dagbag.py:545} INFO - Filling up the DagBag from /home/airflow/.local/lib/python3.12/site-packages/airflow/example_dags/example_local_kubernetes_executor.py
[2025-10-03T00:07:39.447+0000] {processor.py:840} INFO - DAG(s) 'example_local_kubernetes_executor' retrieved from /home/airflow/.local/lib/python3.12/site-packages/airflow/example_dags/example_local_kubernetes_executor.py
[2025-10-03T00:07:39.534+0000] {logging_mixin.py:188} INFO - [2025-10-03T00:07:39.533+0000] {dag.py:3096} INFO - Sync 1 DAGs
[2025-10-03T00:07:39.562+0000] {logging_mixin.py:188} INFO - [2025-10-03T00:07:39.562+0000] {dag.py:3954} INFO - Setting next_dagrun for example_local_kubernetes_executor to None, run_after=None
[2025-10-03T00:07:39.618+0000] {processor.py:183} INFO - Processing /home/airflow/.local/lib/python3.12/site-packages/airflow/example_dags/example_local_kubernetes_executor.py took 0.209 seconds
[2025-10-03T00:08:09.840+0000] {processor.py:161} INFO - Started process (PID=15261) to work on /home/airflow/.local/lib/python3.12/site-packages/airflow/example_dags/example_local_kubernetes_executor.py
[2025-10-03T00:08:09.845+0000] {processor.py:830} INFO - Processing file /home/airflow/.local/lib/python3.12/site-packages/airflow/example_dags/example_local_kubernetes_executor.py for tasks to queue
[2025-10-03T00:08:09.847+0000] {logging_mixin.py:188} INFO - [2025-10-03T00:08:09.846+0000] {dagbag.py:545} INFO - Filling up the DagBag from /home/airflow/.local/lib/python3.12/site-packages/airflow/example_dags/example_local_kubernetes_executor.py
[2025-10-03T00:08:09.864+0000] {processor.py:840} INFO - DAG(s) 'example_local_kubernetes_executor' retrieved from /home/airflow/.local/lib/python3.12/site-packages/airflow/example_dags/example_local_kubernetes_executor.py
[2025-10-03T00:08:09.950+0000] {logging_mixin.py:188} INFO - [2025-10-03T00:08:09.950+0000] {dag.py:3096} INFO - Sync 1 DAGs
[2025-10-03T00:08:09.979+0000] {logging_mixin.py:188} INFO - [2025-10-03T00:08:09.978+0000] {dag.py:3954} INFO - Setting next_dagrun for example_local_kubernetes_executor to None, run_after=None
[2025-10-03T00:08:10.022+0000] {processor.py:183} INFO - Processing /home/airflow/.local/lib/python3.12/site-packages/airflow/example_dags/example_local_kubernetes_executor.py took 0.197 seconds
[2025-10-03T00:08:40.502+0000] {processor.py:161} INFO - Started process (PID=15314) to work on /home/airflow/.local/lib/python3.12/site-packages/airflow/example_dags/example_local_kubernetes_executor.py
[2025-10-03T00:08:40.504+0000] {processor.py:830} INFO - Processing file /home/airflow/.local/lib/python3.12/site-packages/airflow/example_dags/example_local_kubernetes_executor.py for tasks to queue
[2025-10-03T00:08:40.506+0000] {logging_mixin.py:188} INFO - [2025-10-03T00:08:40.505+0000] {dagbag.py:545} INFO - Filling up the DagBag from /home/airflow/.local/lib/python3.12/site-packages/airflow/example_dags/example_local_kubernetes_executor.py
[2025-10-03T00:08:40.523+0000] {processor.py:840} INFO - DAG(s) 'example_local_kubernetes_executor' retrieved from /home/airflow/.local/lib/python3.12/site-packages/airflow/example_dags/example_local_kubernetes_executor.py
[2025-10-03T00:08:40.615+0000] {logging_mixin.py:188} INFO - [2025-10-03T00:08:40.614+0000] {dag.py:3096} INFO - Sync 1 DAGs
[2025-10-03T00:08:40.652+0000] {logging_mixin.py:188} INFO - [2025-10-03T00:08:40.652+0000] {dag.py:3954} INFO - Setting next_dagrun for example_local_kubernetes_executor to None, run_after=None
[2025-10-03T00:08:40.703+0000] {processor.py:183} INFO - Processing /home/airflow/.local/lib/python3.12/site-packages/airflow/example_dags/example_local_kubernetes_executor.py took 0.216 seconds
[2025-10-03T00:09:11.275+0000] {processor.py:161} INFO - Started process (PID=15367) to work on /home/airflow/.local/lib/python3.12/site-packages/airflow/example_dags/example_local_kubernetes_executor.py
[2025-10-03T00:09:11.277+0000] {processor.py:830} INFO - Processing file /home/airflow/.local/lib/python3.12/site-packages/airflow/example_dags/example_local_kubernetes_executor.py for tasks to queue
[2025-10-03T00:09:11.280+0000] {logging_mixin.py:188} INFO - [2025-10-03T00:09:11.279+0000] {dagbag.py:545} INFO - Filling up the DagBag from /home/airflow/.local/lib/python3.12/site-packages/airflow/example_dags/example_local_kubernetes_executor.py
[2025-10-03T00:09:11.298+0000] {processor.py:840} INFO - DAG(s) 'example_local_kubernetes_executor' retrieved from /home/airflow/.local/lib/python3.12/site-packages/airflow/example_dags/example_local_kubernetes_executor.py
[2025-10-03T00:09:11.390+0000] {logging_mixin.py:188} INFO - [2025-10-03T00:09:11.390+0000] {dag.py:3096} INFO - Sync 1 DAGs
[2025-10-03T00:09:11.419+0000] {logging_mixin.py:188} INFO - [2025-10-03T00:09:11.419+0000] {dag.py:3954} INFO - Setting next_dagrun for example_local_kubernetes_executor to None, run_after=None
[2025-10-03T00:09:11.465+0000] {processor.py:183} INFO - Processing /home/airflow/.local/lib/python3.12/site-packages/airflow/example_dags/example_local_kubernetes_executor.py took 0.206 seconds
[2025-10-03T00:09:41.778+0000] {processor.py:161} INFO - Started process (PID=15420) to work on /home/airflow/.local/lib/python3.12/site-packages/airflow/example_dags/example_local_kubernetes_executor.py
[2025-10-03T00:09:41.781+0000] {processor.py:830} INFO - Processing file /home/airflow/.local/lib/python3.12/site-packages/airflow/example_dags/example_local_kubernetes_executor.py for tasks to queue
[2025-10-03T00:09:41.783+0000] {logging_mixin.py:188} INFO - [2025-10-03T00:09:41.783+0000] {dagbag.py:545} INFO - Filling up the DagBag from /home/airflow/.local/lib/python3.12/site-packages/airflow/example_dags/example_local_kubernetes_executor.py
[2025-10-03T00:09:41.801+0000] {processor.py:840} INFO - DAG(s) 'example_local_kubernetes_executor' retrieved from /home/airflow/.local/lib/python3.12/site-packages/airflow/example_dags/example_local_kubernetes_executor.py
[2025-10-03T00:09:41.895+0000] {logging_mixin.py:188} INFO - [2025-10-03T00:09:41.895+0000] {dag.py:3096} INFO - Sync 1 DAGs
[2025-10-03T00:09:41.928+0000] {logging_mixin.py:188} INFO - [2025-10-03T00:09:41.927+0000] {dag.py:3954} INFO - Setting next_dagrun for example_local_kubernetes_executor to None, run_after=None
[2025-10-03T00:09:41.983+0000] {processor.py:183} INFO - Processing /home/airflow/.local/lib/python3.12/site-packages/airflow/example_dags/example_local_kubernetes_executor.py took 0.220 seconds
[2025-10-03T00:10:12.310+0000] {processor.py:161} INFO - Started process (PID=15473) to work on /home/airflow/.local/lib/python3.12/site-packages/airflow/example_dags/example_local_kubernetes_executor.py
[2025-10-03T00:10:12.313+0000] {processor.py:830} INFO - Processing file /home/airflow/.local/lib/python3.12/site-packages/airflow/example_dags/example_local_kubernetes_executor.py for tasks to queue
[2025-10-03T00:10:12.316+0000] {logging_mixin.py:188} INFO - [2025-10-03T00:10:12.315+0000] {dagbag.py:545} INFO - Filling up the DagBag from /home/airflow/.local/lib/python3.12/site-packages/airflow/example_dags/example_local_kubernetes_executor.py
[2025-10-03T00:10:12.332+0000] {processor.py:840} INFO - DAG(s) 'example_local_kubernetes_executor' retrieved from /home/airflow/.local/lib/python3.12/site-packages/airflow/example_dags/example_local_kubernetes_executor.py
[2025-10-03T00:10:12.427+0000] {logging_mixin.py:188} INFO - [2025-10-03T00:10:12.426+0000] {dag.py:3096} INFO - Sync 1 DAGs
[2025-10-03T00:10:12.455+0000] {logging_mixin.py:188} INFO - [2025-10-03T00:10:12.455+0000] {dag.py:3954} INFO - Setting next_dagrun for example_local_kubernetes_executor to None, run_after=None
[2025-10-03T00:10:12.499+0000] {processor.py:183} INFO - Processing /home/airflow/.local/lib/python3.12/site-packages/airflow/example_dags/example_local_kubernetes_executor.py took 0.204 seconds
[2025-10-03T00:10:42.849+0000] {processor.py:161} INFO - Started process (PID=15526) to work on /home/airflow/.local/lib/python3.12/site-packages/airflow/example_dags/example_local_kubernetes_executor.py
[2025-10-03T00:10:42.851+0000] {processor.py:830} INFO - Processing file /home/airflow/.local/lib/python3.12/site-packages/airflow/example_dags/example_local_kubernetes_executor.py for tasks to queue
[2025-10-03T00:10:42.854+0000] {logging_mixin.py:188} INFO - [2025-10-03T00:10:42.853+0000] {dagbag.py:545} INFO - Filling up the DagBag from /home/airflow/.local/lib/python3.12/site-packages/airflow/example_dags/example_local_kubernetes_executor.py
[2025-10-03T00:10:42.872+0000] {processor.py:840} INFO - DAG(s) 'example_local_kubernetes_executor' retrieved from /home/airflow/.local/lib/python3.12/site-packages/airflow/example_dags/example_local_kubernetes_executor.py
[2025-10-03T00:10:42.966+0000] {logging_mixin.py:188} INFO - [2025-10-03T00:10:42.965+0000] {dag.py:3096} INFO - Sync 1 DAGs
[2025-10-03T00:10:42.999+0000] {logging_mixin.py:188} INFO - [2025-10-03T00:10:42.998+0000] {dag.py:3954} INFO - Setting next_dagrun for example_local_kubernetes_executor to None, run_after=None
[2025-10-03T00:10:43.048+0000] {processor.py:183} INFO - Processing /home/airflow/.local/lib/python3.12/site-packages/airflow/example_dags/example_local_kubernetes_executor.py took 0.219 seconds
[2025-10-03T00:11:13.556+0000] {processor.py:161} INFO - Started process (PID=15579) to work on /home/airflow/.local/lib/python3.12/site-packages/airflow/example_dags/example_local_kubernetes_executor.py
[2025-10-03T00:11:13.558+0000] {processor.py:830} INFO - Processing file /home/airflow/.local/lib/python3.12/site-packages/airflow/example_dags/example_local_kubernetes_executor.py for tasks to queue
[2025-10-03T00:11:13.561+0000] {logging_mixin.py:188} INFO - [2025-10-03T00:11:13.560+0000] {dagbag.py:545} INFO - Filling up the DagBag from /home/airflow/.local/lib/python3.12/site-packages/airflow/example_dags/example_local_kubernetes_executor.py
[2025-10-03T00:11:13.584+0000] {processor.py:840} INFO - DAG(s) 'example_local_kubernetes_executor' retrieved from /home/airflow/.local/lib/python3.12/site-packages/airflow/example_dags/example_local_kubernetes_executor.py
[2025-10-03T00:11:13.677+0000] {logging_mixin.py:188} INFO - [2025-10-03T00:11:13.677+0000] {dag.py:3096} INFO - Sync 1 DAGs
[2025-10-03T00:11:13.712+0000] {logging_mixin.py:188} INFO - [2025-10-03T00:11:13.711+0000] {dag.py:3954} INFO - Setting next_dagrun for example_local_kubernetes_executor to None, run_after=None
[2025-10-03T00:11:13.760+0000] {processor.py:183} INFO - Processing /home/airflow/.local/lib/python3.12/site-packages/airflow/example_dags/example_local_kubernetes_executor.py took 0.221 seconds
[2025-10-03T00:11:44.186+0000] {processor.py:161} INFO - Started process (PID=15632) to work on /home/airflow/.local/lib/python3.12/site-packages/airflow/example_dags/example_local_kubernetes_executor.py
[2025-10-03T00:11:44.188+0000] {processor.py:830} INFO - Processing file /home/airflow/.local/lib/python3.12/site-packages/airflow/example_dags/example_local_kubernetes_executor.py for tasks to queue
[2025-10-03T00:11:44.191+0000] {logging_mixin.py:188} INFO - [2025-10-03T00:11:44.190+0000] {dagbag.py:545} INFO - Filling up the DagBag from /home/airflow/.local/lib/python3.12/site-packages/airflow/example_dags/example_local_kubernetes_executor.py
[2025-10-03T00:11:44.210+0000] {processor.py:840} INFO - DAG(s) 'example_local_kubernetes_executor' retrieved from /home/airflow/.local/lib/python3.12/site-packages/airflow/example_dags/example_local_kubernetes_executor.py
[2025-10-03T00:11:44.319+0000] {logging_mixin.py:188} INFO - [2025-10-03T00:11:44.318+0000] {dag.py:3096} INFO - Sync 1 DAGs
[2025-10-03T00:11:44.356+0000] {logging_mixin.py:188} INFO - [2025-10-03T00:11:44.355+0000] {dag.py:3954} INFO - Setting next_dagrun for example_local_kubernetes_executor to None, run_after=None
[2025-10-03T00:11:44.428+0000] {processor.py:183} INFO - Processing /home/airflow/.local/lib/python3.12/site-packages/airflow/example_dags/example_local_kubernetes_executor.py took 0.263 seconds
[2025-10-03T00:12:14.823+0000] {processor.py:161} INFO - Started process (PID=15686) to work on /home/airflow/.local/lib/python3.12/site-packages/airflow/example_dags/example_local_kubernetes_executor.py
[2025-10-03T00:12:14.833+0000] {processor.py:830} INFO - Processing file /home/airflow/.local/lib/python3.12/site-packages/airflow/example_dags/example_local_kubernetes_executor.py for tasks to queue
[2025-10-03T00:12:14.848+0000] {logging_mixin.py:188} INFO - [2025-10-03T00:12:14.847+0000] {dagbag.py:545} INFO - Filling up the DagBag from /home/airflow/.local/lib/python3.12/site-packages/airflow/example_dags/example_local_kubernetes_executor.py
[2025-10-03T00:12:14.899+0000] {processor.py:840} INFO - DAG(s) 'example_local_kubernetes_executor' retrieved from /home/airflow/.local/lib/python3.12/site-packages/airflow/example_dags/example_local_kubernetes_executor.py
[2025-10-03T00:12:15.085+0000] {logging_mixin.py:188} INFO - [2025-10-03T00:12:15.084+0000] {dag.py:3096} INFO - Sync 1 DAGs
[2025-10-03T00:12:15.156+0000] {logging_mixin.py:188} INFO - [2025-10-03T00:12:15.154+0000] {dag.py:3954} INFO - Setting next_dagrun for example_local_kubernetes_executor to None, run_after=None
[2025-10-03T00:12:15.243+0000] {processor.py:183} INFO - Processing /home/airflow/.local/lib/python3.12/site-packages/airflow/example_dags/example_local_kubernetes_executor.py took 0.448 seconds
[2025-10-03T00:12:45.809+0000] {processor.py:161} INFO - Started process (PID=15739) to work on /home/airflow/.local/lib/python3.12/site-packages/airflow/example_dags/example_local_kubernetes_executor.py
[2025-10-03T00:12:45.818+0000] {processor.py:830} INFO - Processing file /home/airflow/.local/lib/python3.12/site-packages/airflow/example_dags/example_local_kubernetes_executor.py for tasks to queue
[2025-10-03T00:12:45.835+0000] {logging_mixin.py:188} INFO - [2025-10-03T00:12:45.834+0000] {dagbag.py:545} INFO - Filling up the DagBag from /home/airflow/.local/lib/python3.12/site-packages/airflow/example_dags/example_local_kubernetes_executor.py
[2025-10-03T00:12:45.907+0000] {processor.py:840} INFO - DAG(s) 'example_local_kubernetes_executor' retrieved from /home/airflow/.local/lib/python3.12/site-packages/airflow/example_dags/example_local_kubernetes_executor.py
[2025-10-03T00:12:46.578+0000] {logging_mixin.py:188} INFO - [2025-10-03T00:12:46.577+0000] {dag.py:3096} INFO - Sync 1 DAGs
[2025-10-03T00:12:46.667+0000] {logging_mixin.py:188} INFO - [2025-10-03T00:12:46.666+0000] {dag.py:3954} INFO - Setting next_dagrun for example_local_kubernetes_executor to None, run_after=None
[2025-10-03T00:12:46.849+0000] {processor.py:183} INFO - Processing /home/airflow/.local/lib/python3.12/site-packages/airflow/example_dags/example_local_kubernetes_executor.py took 1.078 seconds
[2025-10-03T00:13:17.130+0000] {processor.py:161} INFO - Started process (PID=15792) to work on /home/airflow/.local/lib/python3.12/site-packages/airflow/example_dags/example_local_kubernetes_executor.py
[2025-10-03T00:13:17.134+0000] {processor.py:830} INFO - Processing file /home/airflow/.local/lib/python3.12/site-packages/airflow/example_dags/example_local_kubernetes_executor.py for tasks to queue
[2025-10-03T00:13:17.143+0000] {logging_mixin.py:188} INFO - [2025-10-03T00:13:17.140+0000] {dagbag.py:545} INFO - Filling up the DagBag from /home/airflow/.local/lib/python3.12/site-packages/airflow/example_dags/example_local_kubernetes_executor.py
[2025-10-03T00:13:17.190+0000] {processor.py:840} INFO - DAG(s) 'example_local_kubernetes_executor' retrieved from /home/airflow/.local/lib/python3.12/site-packages/airflow/example_dags/example_local_kubernetes_executor.py
[2025-10-03T00:13:17.371+0000] {logging_mixin.py:188} INFO - [2025-10-03T00:13:17.371+0000] {dag.py:3096} INFO - Sync 1 DAGs
[2025-10-03T00:13:17.409+0000] {logging_mixin.py:188} INFO - [2025-10-03T00:13:17.408+0000] {dag.py:3954} INFO - Setting next_dagrun for example_local_kubernetes_executor to None, run_after=None
[2025-10-03T00:13:17.476+0000] {processor.py:183} INFO - Processing /home/airflow/.local/lib/python3.12/site-packages/airflow/example_dags/example_local_kubernetes_executor.py took 0.383 seconds
[2025-10-03T00:13:47.781+0000] {processor.py:161} INFO - Started process (PID=15845) to work on /home/airflow/.local/lib/python3.12/site-packages/airflow/example_dags/example_local_kubernetes_executor.py
[2025-10-03T00:13:47.784+0000] {processor.py:830} INFO - Processing file /home/airflow/.local/lib/python3.12/site-packages/airflow/example_dags/example_local_kubernetes_executor.py for tasks to queue
[2025-10-03T00:13:47.796+0000] {logging_mixin.py:188} INFO - [2025-10-03T00:13:47.794+0000] {dagbag.py:545} INFO - Filling up the DagBag from /home/airflow/.local/lib/python3.12/site-packages/airflow/example_dags/example_local_kubernetes_executor.py
[2025-10-03T00:13:47.850+0000] {processor.py:840} INFO - DAG(s) 'example_local_kubernetes_executor' retrieved from /home/airflow/.local/lib/python3.12/site-packages/airflow/example_dags/example_local_kubernetes_executor.py
[2025-10-03T00:13:48.046+0000] {logging_mixin.py:188} INFO - [2025-10-03T00:13:48.045+0000] {dag.py:3096} INFO - Sync 1 DAGs
[2025-10-03T00:13:48.084+0000] {logging_mixin.py:188} INFO - [2025-10-03T00:13:48.083+0000] {dag.py:3954} INFO - Setting next_dagrun for example_local_kubernetes_executor to None, run_after=None
[2025-10-03T00:13:48.129+0000] {processor.py:183} INFO - Processing /home/airflow/.local/lib/python3.12/site-packages/airflow/example_dags/example_local_kubernetes_executor.py took 0.400 seconds
[2025-10-03T00:14:18.330+0000] {processor.py:161} INFO - Started process (PID=15897) to work on /home/airflow/.local/lib/python3.12/site-packages/airflow/example_dags/example_local_kubernetes_executor.py
[2025-10-03T00:14:18.333+0000] {processor.py:830} INFO - Processing file /home/airflow/.local/lib/python3.12/site-packages/airflow/example_dags/example_local_kubernetes_executor.py for tasks to queue
[2025-10-03T00:14:18.336+0000] {logging_mixin.py:188} INFO - [2025-10-03T00:14:18.334+0000] {dagbag.py:545} INFO - Filling up the DagBag from /home/airflow/.local/lib/python3.12/site-packages/airflow/example_dags/example_local_kubernetes_executor.py
[2025-10-03T00:14:18.354+0000] {processor.py:840} INFO - DAG(s) 'example_local_kubernetes_executor' retrieved from /home/airflow/.local/lib/python3.12/site-packages/airflow/example_dags/example_local_kubernetes_executor.py
[2025-10-03T00:14:18.452+0000] {logging_mixin.py:188} INFO - [2025-10-03T00:14:18.451+0000] {dag.py:3096} INFO - Sync 1 DAGs
[2025-10-03T00:14:18.493+0000] {logging_mixin.py:188} INFO - [2025-10-03T00:14:18.493+0000] {dag.py:3954} INFO - Setting next_dagrun for example_local_kubernetes_executor to None, run_after=None
[2025-10-03T00:14:18.578+0000] {processor.py:183} INFO - Processing /home/airflow/.local/lib/python3.12/site-packages/airflow/example_dags/example_local_kubernetes_executor.py took 0.262 seconds
[2025-10-03T00:14:49.100+0000] {processor.py:161} INFO - Started process (PID=15950) to work on /home/airflow/.local/lib/python3.12/site-packages/airflow/example_dags/example_local_kubernetes_executor.py
[2025-10-03T00:14:49.103+0000] {processor.py:830} INFO - Processing file /home/airflow/.local/lib/python3.12/site-packages/airflow/example_dags/example_local_kubernetes_executor.py for tasks to queue
[2025-10-03T00:14:49.106+0000] {logging_mixin.py:188} INFO - [2025-10-03T00:14:49.105+0000] {dagbag.py:545} INFO - Filling up the DagBag from /home/airflow/.local/lib/python3.12/site-packages/airflow/example_dags/example_local_kubernetes_executor.py
[2025-10-03T00:14:49.124+0000] {processor.py:840} INFO - DAG(s) 'example_local_kubernetes_executor' retrieved from /home/airflow/.local/lib/python3.12/site-packages/airflow/example_dags/example_local_kubernetes_executor.py
[2025-10-03T00:14:49.245+0000] {logging_mixin.py:188} INFO - [2025-10-03T00:14:49.244+0000] {dag.py:3096} INFO - Sync 1 DAGs
[2025-10-03T00:14:49.283+0000] {logging_mixin.py:188} INFO - [2025-10-03T00:14:49.282+0000] {dag.py:3954} INFO - Setting next_dagrun for example_local_kubernetes_executor to None, run_after=None
[2025-10-03T00:14:49.330+0000] {processor.py:183} INFO - Processing /home/airflow/.local/lib/python3.12/site-packages/airflow/example_dags/example_local_kubernetes_executor.py took 0.245 seconds
[2025-10-03T00:15:19.701+0000] {processor.py:161} INFO - Started process (PID=16003) to work on /home/airflow/.local/lib/python3.12/site-packages/airflow/example_dags/example_local_kubernetes_executor.py
[2025-10-03T00:15:19.704+0000] {processor.py:830} INFO - Processing file /home/airflow/.local/lib/python3.12/site-packages/airflow/example_dags/example_local_kubernetes_executor.py for tasks to queue
[2025-10-03T00:15:19.707+0000] {logging_mixin.py:188} INFO - [2025-10-03T00:15:19.706+0000] {dagbag.py:545} INFO - Filling up the DagBag from /home/airflow/.local/lib/python3.12/site-packages/airflow/example_dags/example_local_kubernetes_executor.py
[2025-10-03T00:15:19.727+0000] {processor.py:840} INFO - DAG(s) 'example_local_kubernetes_executor' retrieved from /home/airflow/.local/lib/python3.12/site-packages/airflow/example_dags/example_local_kubernetes_executor.py
[2025-10-03T00:15:19.831+0000] {logging_mixin.py:188} INFO - [2025-10-03T00:15:19.831+0000] {dag.py:3096} INFO - Sync 1 DAGs
[2025-10-03T00:15:19.863+0000] {logging_mixin.py:188} INFO - [2025-10-03T00:15:19.863+0000] {dag.py:3954} INFO - Setting next_dagrun for example_local_kubernetes_executor to None, run_after=None
[2025-10-03T00:15:19.906+0000] {processor.py:183} INFO - Processing /home/airflow/.local/lib/python3.12/site-packages/airflow/example_dags/example_local_kubernetes_executor.py took 0.224 seconds
[2025-10-03T00:15:50.769+0000] {processor.py:161} INFO - Started process (PID=16056) to work on /home/airflow/.local/lib/python3.12/site-packages/airflow/example_dags/example_local_kubernetes_executor.py
[2025-10-03T00:15:50.772+0000] {processor.py:830} INFO - Processing file /home/airflow/.local/lib/python3.12/site-packages/airflow/example_dags/example_local_kubernetes_executor.py for tasks to queue
[2025-10-03T00:15:50.774+0000] {logging_mixin.py:188} INFO - [2025-10-03T00:15:50.773+0000] {dagbag.py:545} INFO - Filling up the DagBag from /home/airflow/.local/lib/python3.12/site-packages/airflow/example_dags/example_local_kubernetes_executor.py
[2025-10-03T00:15:50.792+0000] {processor.py:840} INFO - DAG(s) 'example_local_kubernetes_executor' retrieved from /home/airflow/.local/lib/python3.12/site-packages/airflow/example_dags/example_local_kubernetes_executor.py
[2025-10-03T00:15:50.883+0000] {logging_mixin.py:188} INFO - [2025-10-03T00:15:50.882+0000] {dag.py:3096} INFO - Sync 1 DAGs
[2025-10-03T00:15:50.920+0000] {logging_mixin.py:188} INFO - [2025-10-03T00:15:50.920+0000] {dag.py:3954} INFO - Setting next_dagrun for example_local_kubernetes_executor to None, run_after=None
[2025-10-03T00:15:50.974+0000] {processor.py:183} INFO - Processing /home/airflow/.local/lib/python3.12/site-packages/airflow/example_dags/example_local_kubernetes_executor.py took 0.220 seconds
[2025-10-03T00:16:21.355+0000] {processor.py:161} INFO - Started process (PID=16109) to work on /home/airflow/.local/lib/python3.12/site-packages/airflow/example_dags/example_local_kubernetes_executor.py
[2025-10-03T00:16:21.358+0000] {processor.py:830} INFO - Processing file /home/airflow/.local/lib/python3.12/site-packages/airflow/example_dags/example_local_kubernetes_executor.py for tasks to queue
[2025-10-03T00:16:21.361+0000] {logging_mixin.py:188} INFO - [2025-10-03T00:16:21.360+0000] {dagbag.py:545} INFO - Filling up the DagBag from /home/airflow/.local/lib/python3.12/site-packages/airflow/example_dags/example_local_kubernetes_executor.py
[2025-10-03T00:16:21.381+0000] {processor.py:840} INFO - DAG(s) 'example_local_kubernetes_executor' retrieved from /home/airflow/.local/lib/python3.12/site-packages/airflow/example_dags/example_local_kubernetes_executor.py
[2025-10-03T00:16:21.472+0000] {logging_mixin.py:188} INFO - [2025-10-03T00:16:21.471+0000] {dag.py:3096} INFO - Sync 1 DAGs
[2025-10-03T00:16:21.504+0000] {logging_mixin.py:188} INFO - [2025-10-03T00:16:21.504+0000] {dag.py:3954} INFO - Setting next_dagrun for example_local_kubernetes_executor to None, run_after=None
[2025-10-03T00:16:21.547+0000] {processor.py:183} INFO - Processing /home/airflow/.local/lib/python3.12/site-packages/airflow/example_dags/example_local_kubernetes_executor.py took 0.208 seconds
[2025-10-03T00:16:52.044+0000] {processor.py:161} INFO - Started process (PID=16162) to work on /home/airflow/.local/lib/python3.12/site-packages/airflow/example_dags/example_local_kubernetes_executor.py
[2025-10-03T00:16:52.046+0000] {processor.py:830} INFO - Processing file /home/airflow/.local/lib/python3.12/site-packages/airflow/example_dags/example_local_kubernetes_executor.py for tasks to queue
[2025-10-03T00:16:52.048+0000] {logging_mixin.py:188} INFO - [2025-10-03T00:16:52.048+0000] {dagbag.py:545} INFO - Filling up the DagBag from /home/airflow/.local/lib/python3.12/site-packages/airflow/example_dags/example_local_kubernetes_executor.py
[2025-10-03T00:16:52.066+0000] {processor.py:840} INFO - DAG(s) 'example_local_kubernetes_executor' retrieved from /home/airflow/.local/lib/python3.12/site-packages/airflow/example_dags/example_local_kubernetes_executor.py
[2025-10-03T00:16:52.158+0000] {logging_mixin.py:188} INFO - [2025-10-03T00:16:52.157+0000] {dag.py:3096} INFO - Sync 1 DAGs
[2025-10-03T00:16:52.187+0000] {logging_mixin.py:188} INFO - [2025-10-03T00:16:52.187+0000] {dag.py:3954} INFO - Setting next_dagrun for example_local_kubernetes_executor to None, run_after=None
[2025-10-03T00:16:52.237+0000] {processor.py:183} INFO - Processing /home/airflow/.local/lib/python3.12/site-packages/airflow/example_dags/example_local_kubernetes_executor.py took 0.207 seconds
[2025-10-03T00:17:23.168+0000] {processor.py:161} INFO - Started process (PID=16215) to work on /home/airflow/.local/lib/python3.12/site-packages/airflow/example_dags/example_local_kubernetes_executor.py
[2025-10-03T00:17:23.170+0000] {processor.py:830} INFO - Processing file /home/airflow/.local/lib/python3.12/site-packages/airflow/example_dags/example_local_kubernetes_executor.py for tasks to queue
[2025-10-03T00:17:23.173+0000] {logging_mixin.py:188} INFO - [2025-10-03T00:17:23.172+0000] {dagbag.py:545} INFO - Filling up the DagBag from /home/airflow/.local/lib/python3.12/site-packages/airflow/example_dags/example_local_kubernetes_executor.py
[2025-10-03T00:17:23.198+0000] {processor.py:840} INFO - DAG(s) 'example_local_kubernetes_executor' retrieved from /home/airflow/.local/lib/python3.12/site-packages/airflow/example_dags/example_local_kubernetes_executor.py
[2025-10-03T00:17:23.298+0000] {logging_mixin.py:188} INFO - [2025-10-03T00:17:23.297+0000] {dag.py:3096} INFO - Sync 1 DAGs
[2025-10-03T00:17:23.325+0000] {logging_mixin.py:188} INFO - [2025-10-03T00:17:23.325+0000] {dag.py:3954} INFO - Setting next_dagrun for example_local_kubernetes_executor to None, run_after=None
[2025-10-03T00:17:23.384+0000] {processor.py:183} INFO - Processing /home/airflow/.local/lib/python3.12/site-packages/airflow/example_dags/example_local_kubernetes_executor.py took 0.233 seconds
[2025-10-03T00:17:53.874+0000] {processor.py:161} INFO - Started process (PID=16268) to work on /home/airflow/.local/lib/python3.12/site-packages/airflow/example_dags/example_local_kubernetes_executor.py
[2025-10-03T00:17:53.876+0000] {processor.py:830} INFO - Processing file /home/airflow/.local/lib/python3.12/site-packages/airflow/example_dags/example_local_kubernetes_executor.py for tasks to queue
[2025-10-03T00:17:53.879+0000] {logging_mixin.py:188} INFO - [2025-10-03T00:17:53.878+0000] {dagbag.py:545} INFO - Filling up the DagBag from /home/airflow/.local/lib/python3.12/site-packages/airflow/example_dags/example_local_kubernetes_executor.py
[2025-10-03T00:17:53.902+0000] {processor.py:840} INFO - DAG(s) 'example_local_kubernetes_executor' retrieved from /home/airflow/.local/lib/python3.12/site-packages/airflow/example_dags/example_local_kubernetes_executor.py
[2025-10-03T00:17:54.001+0000] {logging_mixin.py:188} INFO - [2025-10-03T00:17:54.000+0000] {dag.py:3096} INFO - Sync 1 DAGs
[2025-10-03T00:17:54.027+0000] {logging_mixin.py:188} INFO - [2025-10-03T00:17:54.027+0000] {dag.py:3954} INFO - Setting next_dagrun for example_local_kubernetes_executor to None, run_after=None
[2025-10-03T00:17:54.068+0000] {processor.py:183} INFO - Processing /home/airflow/.local/lib/python3.12/site-packages/airflow/example_dags/example_local_kubernetes_executor.py took 0.209 seconds
[2025-10-03T00:18:24.614+0000] {processor.py:161} INFO - Started process (PID=16321) to work on /home/airflow/.local/lib/python3.12/site-packages/airflow/example_dags/example_local_kubernetes_executor.py
[2025-10-03T00:18:24.619+0000] {processor.py:830} INFO - Processing file /home/airflow/.local/lib/python3.12/site-packages/airflow/example_dags/example_local_kubernetes_executor.py for tasks to queue
[2025-10-03T00:18:24.623+0000] {logging_mixin.py:188} INFO - [2025-10-03T00:18:24.622+0000] {dagbag.py:545} INFO - Filling up the DagBag from /home/airflow/.local/lib/python3.12/site-packages/airflow/example_dags/example_local_kubernetes_executor.py
[2025-10-03T00:18:24.654+0000] {processor.py:840} INFO - DAG(s) 'example_local_kubernetes_executor' retrieved from /home/airflow/.local/lib/python3.12/site-packages/airflow/example_dags/example_local_kubernetes_executor.py
[2025-10-03T00:18:24.770+0000] {logging_mixin.py:188} INFO - [2025-10-03T00:18:24.770+0000] {dag.py:3096} INFO - Sync 1 DAGs
[2025-10-03T00:18:24.803+0000] {logging_mixin.py:188} INFO - [2025-10-03T00:18:24.803+0000] {dag.py:3954} INFO - Setting next_dagrun for example_local_kubernetes_executor to None, run_after=None
[2025-10-03T00:18:24.857+0000] {processor.py:183} INFO - Processing /home/airflow/.local/lib/python3.12/site-packages/airflow/example_dags/example_local_kubernetes_executor.py took 0.265 seconds
[2025-10-03T00:18:55.487+0000] {processor.py:161} INFO - Started process (PID=16374) to work on /home/airflow/.local/lib/python3.12/site-packages/airflow/example_dags/example_local_kubernetes_executor.py
[2025-10-03T00:18:55.490+0000] {processor.py:830} INFO - Processing file /home/airflow/.local/lib/python3.12/site-packages/airflow/example_dags/example_local_kubernetes_executor.py for tasks to queue
[2025-10-03T00:18:55.493+0000] {logging_mixin.py:188} INFO - [2025-10-03T00:18:55.492+0000] {dagbag.py:545} INFO - Filling up the DagBag from /home/airflow/.local/lib/python3.12/site-packages/airflow/example_dags/example_local_kubernetes_executor.py
[2025-10-03T00:18:55.514+0000] {processor.py:840} INFO - DAG(s) 'example_local_kubernetes_executor' retrieved from /home/airflow/.local/lib/python3.12/site-packages/airflow/example_dags/example_local_kubernetes_executor.py
[2025-10-03T00:18:55.967+0000] {logging_mixin.py:188} INFO - [2025-10-03T00:18:55.966+0000] {dag.py:3096} INFO - Sync 1 DAGs
[2025-10-03T00:18:56.030+0000] {logging_mixin.py:188} INFO - [2025-10-03T00:18:56.030+0000] {dag.py:3954} INFO - Setting next_dagrun for example_local_kubernetes_executor to None, run_after=None
[2025-10-03T00:18:56.090+0000] {processor.py:183} INFO - Processing /home/airflow/.local/lib/python3.12/site-packages/airflow/example_dags/example_local_kubernetes_executor.py took 0.620 seconds
[2025-10-03T00:19:26.448+0000] {processor.py:161} INFO - Started process (PID=16427) to work on /home/airflow/.local/lib/python3.12/site-packages/airflow/example_dags/example_local_kubernetes_executor.py
[2025-10-03T00:19:26.452+0000] {processor.py:830} INFO - Processing file /home/airflow/.local/lib/python3.12/site-packages/airflow/example_dags/example_local_kubernetes_executor.py for tasks to queue
[2025-10-03T00:19:26.456+0000] {logging_mixin.py:188} INFO - [2025-10-03T00:19:26.454+0000] {dagbag.py:545} INFO - Filling up the DagBag from /home/airflow/.local/lib/python3.12/site-packages/airflow/example_dags/example_local_kubernetes_executor.py
[2025-10-03T00:19:26.493+0000] {processor.py:840} INFO - DAG(s) 'example_local_kubernetes_executor' retrieved from /home/airflow/.local/lib/python3.12/site-packages/airflow/example_dags/example_local_kubernetes_executor.py
[2025-10-03T00:19:26.609+0000] {logging_mixin.py:188} INFO - [2025-10-03T00:19:26.608+0000] {dag.py:3096} INFO - Sync 1 DAGs
[2025-10-03T00:19:26.643+0000] {logging_mixin.py:188} INFO - [2025-10-03T00:19:26.642+0000] {dag.py:3954} INFO - Setting next_dagrun for example_local_kubernetes_executor to None, run_after=None
[2025-10-03T00:19:26.699+0000] {processor.py:183} INFO - Processing /home/airflow/.local/lib/python3.12/site-packages/airflow/example_dags/example_local_kubernetes_executor.py took 0.290 seconds
[2025-10-03T00:19:57.331+0000] {processor.py:161} INFO - Started process (PID=16480) to work on /home/airflow/.local/lib/python3.12/site-packages/airflow/example_dags/example_local_kubernetes_executor.py
[2025-10-03T00:19:57.333+0000] {processor.py:830} INFO - Processing file /home/airflow/.local/lib/python3.12/site-packages/airflow/example_dags/example_local_kubernetes_executor.py for tasks to queue
[2025-10-03T00:19:57.336+0000] {logging_mixin.py:188} INFO - [2025-10-03T00:19:57.335+0000] {dagbag.py:545} INFO - Filling up the DagBag from /home/airflow/.local/lib/python3.12/site-packages/airflow/example_dags/example_local_kubernetes_executor.py
[2025-10-03T00:19:57.359+0000] {processor.py:840} INFO - DAG(s) 'example_local_kubernetes_executor' retrieved from /home/airflow/.local/lib/python3.12/site-packages/airflow/example_dags/example_local_kubernetes_executor.py
[2025-10-03T00:19:57.457+0000] {logging_mixin.py:188} INFO - [2025-10-03T00:19:57.456+0000] {dag.py:3096} INFO - Sync 1 DAGs
[2025-10-03T00:19:57.505+0000] {logging_mixin.py:188} INFO - [2025-10-03T00:19:57.505+0000] {dag.py:3954} INFO - Setting next_dagrun for example_local_kubernetes_executor to None, run_after=None
[2025-10-03T00:19:57.560+0000] {processor.py:183} INFO - Processing /home/airflow/.local/lib/python3.12/site-packages/airflow/example_dags/example_local_kubernetes_executor.py took 0.253 seconds
[2025-10-03T00:20:27.752+0000] {processor.py:161} INFO - Started process (PID=16531) to work on /home/airflow/.local/lib/python3.12/site-packages/airflow/example_dags/example_local_kubernetes_executor.py
[2025-10-03T00:20:27.755+0000] {processor.py:830} INFO - Processing file /home/airflow/.local/lib/python3.12/site-packages/airflow/example_dags/example_local_kubernetes_executor.py for tasks to queue
[2025-10-03T00:20:27.757+0000] {logging_mixin.py:188} INFO - [2025-10-03T00:20:27.756+0000] {dagbag.py:545} INFO - Filling up the DagBag from /home/airflow/.local/lib/python3.12/site-packages/airflow/example_dags/example_local_kubernetes_executor.py
[2025-10-03T00:20:27.778+0000] {processor.py:840} INFO - DAG(s) 'example_local_kubernetes_executor' retrieved from /home/airflow/.local/lib/python3.12/site-packages/airflow/example_dags/example_local_kubernetes_executor.py
[2025-10-03T00:20:27.876+0000] {logging_mixin.py:188} INFO - [2025-10-03T00:20:27.875+0000] {dag.py:3096} INFO - Sync 1 DAGs
[2025-10-03T00:20:27.918+0000] {logging_mixin.py:188} INFO - [2025-10-03T00:20:27.917+0000] {dag.py:3954} INFO - Setting next_dagrun for example_local_kubernetes_executor to None, run_after=None
[2025-10-03T00:20:27.966+0000] {processor.py:183} INFO - Processing /home/airflow/.local/lib/python3.12/site-packages/airflow/example_dags/example_local_kubernetes_executor.py took 0.233 seconds
[2025-10-03T00:20:58.162+0000] {processor.py:161} INFO - Started process (PID=16584) to work on /home/airflow/.local/lib/python3.12/site-packages/airflow/example_dags/example_local_kubernetes_executor.py
[2025-10-03T00:20:58.165+0000] {processor.py:830} INFO - Processing file /home/airflow/.local/lib/python3.12/site-packages/airflow/example_dags/example_local_kubernetes_executor.py for tasks to queue
[2025-10-03T00:20:58.167+0000] {logging_mixin.py:188} INFO - [2025-10-03T00:20:58.166+0000] {dagbag.py:545} INFO - Filling up the DagBag from /home/airflow/.local/lib/python3.12/site-packages/airflow/example_dags/example_local_kubernetes_executor.py
[2025-10-03T00:20:58.185+0000] {processor.py:840} INFO - DAG(s) 'example_local_kubernetes_executor' retrieved from /home/airflow/.local/lib/python3.12/site-packages/airflow/example_dags/example_local_kubernetes_executor.py
[2025-10-03T00:20:58.284+0000] {logging_mixin.py:188} INFO - [2025-10-03T00:20:58.283+0000] {dag.py:3096} INFO - Sync 1 DAGs
[2025-10-03T00:20:58.317+0000] {logging_mixin.py:188} INFO - [2025-10-03T00:20:58.317+0000] {dag.py:3954} INFO - Setting next_dagrun for example_local_kubernetes_executor to None, run_after=None
[2025-10-03T00:20:58.365+0000] {processor.py:183} INFO - Processing /home/airflow/.local/lib/python3.12/site-packages/airflow/example_dags/example_local_kubernetes_executor.py took 0.219 seconds
[2025-10-03T00:21:28.525+0000] {processor.py:161} INFO - Started process (PID=16637) to work on /home/airflow/.local/lib/python3.12/site-packages/airflow/example_dags/example_local_kubernetes_executor.py
[2025-10-03T00:21:28.528+0000] {processor.py:830} INFO - Processing file /home/airflow/.local/lib/python3.12/site-packages/airflow/example_dags/example_local_kubernetes_executor.py for tasks to queue
[2025-10-03T00:21:28.531+0000] {logging_mixin.py:188} INFO - [2025-10-03T00:21:28.530+0000] {dagbag.py:545} INFO - Filling up the DagBag from /home/airflow/.local/lib/python3.12/site-packages/airflow/example_dags/example_local_kubernetes_executor.py
[2025-10-03T00:21:28.551+0000] {processor.py:840} INFO - DAG(s) 'example_local_kubernetes_executor' retrieved from /home/airflow/.local/lib/python3.12/site-packages/airflow/example_dags/example_local_kubernetes_executor.py
[2025-10-03T00:21:28.630+0000] {logging_mixin.py:188} INFO - [2025-10-03T00:21:28.629+0000] {dag.py:3096} INFO - Sync 1 DAGs
[2025-10-03T00:21:28.659+0000] {logging_mixin.py:188} INFO - [2025-10-03T00:21:28.659+0000] {dag.py:3954} INFO - Setting next_dagrun for example_local_kubernetes_executor to None, run_after=None
[2025-10-03T00:21:28.708+0000] {processor.py:183} INFO - Processing /home/airflow/.local/lib/python3.12/site-packages/airflow/example_dags/example_local_kubernetes_executor.py took 0.200 seconds
[2025-10-03T00:21:59.140+0000] {processor.py:161} INFO - Started process (PID=16690) to work on /home/airflow/.local/lib/python3.12/site-packages/airflow/example_dags/example_local_kubernetes_executor.py
[2025-10-03T00:21:59.142+0000] {processor.py:830} INFO - Processing file /home/airflow/.local/lib/python3.12/site-packages/airflow/example_dags/example_local_kubernetes_executor.py for tasks to queue
[2025-10-03T00:21:59.145+0000] {logging_mixin.py:188} INFO - [2025-10-03T00:21:59.144+0000] {dagbag.py:545} INFO - Filling up the DagBag from /home/airflow/.local/lib/python3.12/site-packages/airflow/example_dags/example_local_kubernetes_executor.py
[2025-10-03T00:21:59.168+0000] {processor.py:840} INFO - DAG(s) 'example_local_kubernetes_executor' retrieved from /home/airflow/.local/lib/python3.12/site-packages/airflow/example_dags/example_local_kubernetes_executor.py
[2025-10-03T00:21:59.255+0000] {logging_mixin.py:188} INFO - [2025-10-03T00:21:59.255+0000] {dag.py:3096} INFO - Sync 1 DAGs
[2025-10-03T00:21:59.288+0000] {logging_mixin.py:188} INFO - [2025-10-03T00:21:59.287+0000] {dag.py:3954} INFO - Setting next_dagrun for example_local_kubernetes_executor to None, run_after=None
[2025-10-03T00:21:59.336+0000] {processor.py:183} INFO - Processing /home/airflow/.local/lib/python3.12/site-packages/airflow/example_dags/example_local_kubernetes_executor.py took 0.217 seconds
[2025-10-03T00:22:29.926+0000] {processor.py:161} INFO - Started process (PID=16744) to work on /home/airflow/.local/lib/python3.12/site-packages/airflow/example_dags/example_local_kubernetes_executor.py
[2025-10-03T00:22:29.929+0000] {processor.py:830} INFO - Processing file /home/airflow/.local/lib/python3.12/site-packages/airflow/example_dags/example_local_kubernetes_executor.py for tasks to queue
[2025-10-03T00:22:29.931+0000] {logging_mixin.py:188} INFO - [2025-10-03T00:22:29.930+0000] {dagbag.py:545} INFO - Filling up the DagBag from /home/airflow/.local/lib/python3.12/site-packages/airflow/example_dags/example_local_kubernetes_executor.py
[2025-10-03T00:22:29.949+0000] {processor.py:840} INFO - DAG(s) 'example_local_kubernetes_executor' retrieved from /home/airflow/.local/lib/python3.12/site-packages/airflow/example_dags/example_local_kubernetes_executor.py
[2025-10-03T00:22:30.034+0000] {logging_mixin.py:188} INFO - [2025-10-03T00:22:30.033+0000] {dag.py:3096} INFO - Sync 1 DAGs
[2025-10-03T00:22:30.060+0000] {logging_mixin.py:188} INFO - [2025-10-03T00:22:30.060+0000] {dag.py:3954} INFO - Setting next_dagrun for example_local_kubernetes_executor to None, run_after=None
[2025-10-03T00:22:30.101+0000] {processor.py:183} INFO - Processing /home/airflow/.local/lib/python3.12/site-packages/airflow/example_dags/example_local_kubernetes_executor.py took 0.192 seconds
[2025-10-03T00:23:00.777+0000] {processor.py:161} INFO - Started process (PID=16797) to work on /home/airflow/.local/lib/python3.12/site-packages/airflow/example_dags/example_local_kubernetes_executor.py
[2025-10-03T00:23:00.779+0000] {processor.py:830} INFO - Processing file /home/airflow/.local/lib/python3.12/site-packages/airflow/example_dags/example_local_kubernetes_executor.py for tasks to queue
[2025-10-03T00:23:00.782+0000] {logging_mixin.py:188} INFO - [2025-10-03T00:23:00.781+0000] {dagbag.py:545} INFO - Filling up the DagBag from /home/airflow/.local/lib/python3.12/site-packages/airflow/example_dags/example_local_kubernetes_executor.py
[2025-10-03T00:23:00.798+0000] {processor.py:840} INFO - DAG(s) 'example_local_kubernetes_executor' retrieved from /home/airflow/.local/lib/python3.12/site-packages/airflow/example_dags/example_local_kubernetes_executor.py
[2025-10-03T00:23:00.881+0000] {logging_mixin.py:188} INFO - [2025-10-03T00:23:00.881+0000] {dag.py:3096} INFO - Sync 1 DAGs
[2025-10-03T00:23:00.907+0000] {logging_mixin.py:188} INFO - [2025-10-03T00:23:00.907+0000] {dag.py:3954} INFO - Setting next_dagrun for example_local_kubernetes_executor to None, run_after=None
[2025-10-03T00:23:00.946+0000] {processor.py:183} INFO - Processing /home/airflow/.local/lib/python3.12/site-packages/airflow/example_dags/example_local_kubernetes_executor.py took 0.191 seconds
[2025-10-03T00:23:31.502+0000] {processor.py:161} INFO - Started process (PID=16850) to work on /home/airflow/.local/lib/python3.12/site-packages/airflow/example_dags/example_local_kubernetes_executor.py
[2025-10-03T00:23:31.505+0000] {processor.py:830} INFO - Processing file /home/airflow/.local/lib/python3.12/site-packages/airflow/example_dags/example_local_kubernetes_executor.py for tasks to queue
[2025-10-03T00:23:31.507+0000] {logging_mixin.py:188} INFO - [2025-10-03T00:23:31.506+0000] {dagbag.py:545} INFO - Filling up the DagBag from /home/airflow/.local/lib/python3.12/site-packages/airflow/example_dags/example_local_kubernetes_executor.py
[2025-10-03T00:23:31.525+0000] {processor.py:840} INFO - DAG(s) 'example_local_kubernetes_executor' retrieved from /home/airflow/.local/lib/python3.12/site-packages/airflow/example_dags/example_local_kubernetes_executor.py
[2025-10-03T00:23:31.612+0000] {logging_mixin.py:188} INFO - [2025-10-03T00:23:31.612+0000] {dag.py:3096} INFO - Sync 1 DAGs
[2025-10-03T00:23:31.651+0000] {logging_mixin.py:188} INFO - [2025-10-03T00:23:31.650+0000] {dag.py:3954} INFO - Setting next_dagrun for example_local_kubernetes_executor to None, run_after=None
[2025-10-03T00:23:31.702+0000] {processor.py:183} INFO - Processing /home/airflow/.local/lib/python3.12/site-packages/airflow/example_dags/example_local_kubernetes_executor.py took 0.215 seconds
[2025-10-03T00:24:02.398+0000] {processor.py:161} INFO - Started process (PID=16903) to work on /home/airflow/.local/lib/python3.12/site-packages/airflow/example_dags/example_local_kubernetes_executor.py
[2025-10-03T00:24:02.402+0000] {processor.py:830} INFO - Processing file /home/airflow/.local/lib/python3.12/site-packages/airflow/example_dags/example_local_kubernetes_executor.py for tasks to queue
[2025-10-03T00:24:02.405+0000] {logging_mixin.py:188} INFO - [2025-10-03T00:24:02.404+0000] {dagbag.py:545} INFO - Filling up the DagBag from /home/airflow/.local/lib/python3.12/site-packages/airflow/example_dags/example_local_kubernetes_executor.py
[2025-10-03T00:24:02.439+0000] {processor.py:840} INFO - DAG(s) 'example_local_kubernetes_executor' retrieved from /home/airflow/.local/lib/python3.12/site-packages/airflow/example_dags/example_local_kubernetes_executor.py
[2025-10-03T00:24:02.600+0000] {logging_mixin.py:188} INFO - [2025-10-03T00:24:02.599+0000] {dag.py:3096} INFO - Sync 1 DAGs
[2025-10-03T00:24:02.659+0000] {logging_mixin.py:188} INFO - [2025-10-03T00:24:02.658+0000] {dag.py:3954} INFO - Setting next_dagrun for example_local_kubernetes_executor to None, run_after=None
[2025-10-03T00:24:02.733+0000] {processor.py:183} INFO - Processing /home/airflow/.local/lib/python3.12/site-packages/airflow/example_dags/example_local_kubernetes_executor.py took 0.364 seconds
[2025-10-03T00:24:34.988+0000] {processor.py:161} INFO - Started process (PID=16956) to work on /home/airflow/.local/lib/python3.12/site-packages/airflow/example_dags/example_local_kubernetes_executor.py
[2025-10-03T00:24:34.993+0000] {processor.py:830} INFO - Processing file /home/airflow/.local/lib/python3.12/site-packages/airflow/example_dags/example_local_kubernetes_executor.py for tasks to queue
[2025-10-03T00:24:35.000+0000] {logging_mixin.py:188} INFO - [2025-10-03T00:24:34.997+0000] {dagbag.py:545} INFO - Filling up the DagBag from /home/airflow/.local/lib/python3.12/site-packages/airflow/example_dags/example_local_kubernetes_executor.py
[2025-10-03T00:24:35.044+0000] {processor.py:840} INFO - DAG(s) 'example_local_kubernetes_executor' retrieved from /home/airflow/.local/lib/python3.12/site-packages/airflow/example_dags/example_local_kubernetes_executor.py
[2025-10-03T00:24:35.230+0000] {logging_mixin.py:188} INFO - [2025-10-03T00:24:35.229+0000] {dag.py:3096} INFO - Sync 1 DAGs
[2025-10-03T00:24:35.290+0000] {logging_mixin.py:188} INFO - [2025-10-03T00:24:35.289+0000] {dag.py:3954} INFO - Setting next_dagrun for example_local_kubernetes_executor to None, run_after=None
[2025-10-03T00:24:35.353+0000] {processor.py:183} INFO - Processing /home/airflow/.local/lib/python3.12/site-packages/airflow/example_dags/example_local_kubernetes_executor.py took 0.404 seconds
[2025-10-03T00:25:06.266+0000] {processor.py:161} INFO - Started process (PID=17009) to work on /home/airflow/.local/lib/python3.12/site-packages/airflow/example_dags/example_local_kubernetes_executor.py
[2025-10-03T00:25:06.269+0000] {processor.py:830} INFO - Processing file /home/airflow/.local/lib/python3.12/site-packages/airflow/example_dags/example_local_kubernetes_executor.py for tasks to queue
[2025-10-03T00:25:06.271+0000] {logging_mixin.py:188} INFO - [2025-10-03T00:25:06.271+0000] {dagbag.py:545} INFO - Filling up the DagBag from /home/airflow/.local/lib/python3.12/site-packages/airflow/example_dags/example_local_kubernetes_executor.py
[2025-10-03T00:25:06.293+0000] {processor.py:840} INFO - DAG(s) 'example_local_kubernetes_executor' retrieved from /home/airflow/.local/lib/python3.12/site-packages/airflow/example_dags/example_local_kubernetes_executor.py
[2025-10-03T00:25:06.376+0000] {logging_mixin.py:188} INFO - [2025-10-03T00:25:06.376+0000] {dag.py:3096} INFO - Sync 1 DAGs
[2025-10-03T00:25:06.402+0000] {logging_mixin.py:188} INFO - [2025-10-03T00:25:06.401+0000] {dag.py:3954} INFO - Setting next_dagrun for example_local_kubernetes_executor to None, run_after=None
[2025-10-03T00:25:06.441+0000] {processor.py:183} INFO - Processing /home/airflow/.local/lib/python3.12/site-packages/airflow/example_dags/example_local_kubernetes_executor.py took 0.193 seconds
[2025-10-03T00:25:37.284+0000] {processor.py:161} INFO - Started process (PID=17062) to work on /home/airflow/.local/lib/python3.12/site-packages/airflow/example_dags/example_local_kubernetes_executor.py
[2025-10-03T00:25:37.289+0000] {processor.py:830} INFO - Processing file /home/airflow/.local/lib/python3.12/site-packages/airflow/example_dags/example_local_kubernetes_executor.py for tasks to queue
[2025-10-03T00:25:37.294+0000] {logging_mixin.py:188} INFO - [2025-10-03T00:25:37.292+0000] {dagbag.py:545} INFO - Filling up the DagBag from /home/airflow/.local/lib/python3.12/site-packages/airflow/example_dags/example_local_kubernetes_executor.py
[2025-10-03T00:25:37.329+0000] {processor.py:840} INFO - DAG(s) 'example_local_kubernetes_executor' retrieved from /home/airflow/.local/lib/python3.12/site-packages/airflow/example_dags/example_local_kubernetes_executor.py
[2025-10-03T00:25:37.435+0000] {logging_mixin.py:188} INFO - [2025-10-03T00:25:37.434+0000] {dag.py:3096} INFO - Sync 1 DAGs
[2025-10-03T00:25:37.476+0000] {logging_mixin.py:188} INFO - [2025-10-03T00:25:37.475+0000] {dag.py:3954} INFO - Setting next_dagrun for example_local_kubernetes_executor to None, run_after=None
[2025-10-03T00:25:37.538+0000] {processor.py:183} INFO - Processing /home/airflow/.local/lib/python3.12/site-packages/airflow/example_dags/example_local_kubernetes_executor.py took 0.286 seconds
[2025-10-03T00:26:08.379+0000] {processor.py:161} INFO - Started process (PID=17115) to work on /home/airflow/.local/lib/python3.12/site-packages/airflow/example_dags/example_local_kubernetes_executor.py
[2025-10-03T00:26:08.381+0000] {processor.py:830} INFO - Processing file /home/airflow/.local/lib/python3.12/site-packages/airflow/example_dags/example_local_kubernetes_executor.py for tasks to queue
[2025-10-03T00:26:08.383+0000] {logging_mixin.py:188} INFO - [2025-10-03T00:26:08.383+0000] {dagbag.py:545} INFO - Filling up the DagBag from /home/airflow/.local/lib/python3.12/site-packages/airflow/example_dags/example_local_kubernetes_executor.py
[2025-10-03T00:26:08.400+0000] {processor.py:840} INFO - DAG(s) 'example_local_kubernetes_executor' retrieved from /home/airflow/.local/lib/python3.12/site-packages/airflow/example_dags/example_local_kubernetes_executor.py
[2025-10-03T00:26:08.494+0000] {logging_mixin.py:188} INFO - [2025-10-03T00:26:08.493+0000] {dag.py:3096} INFO - Sync 1 DAGs
[2025-10-03T00:26:08.523+0000] {logging_mixin.py:188} INFO - [2025-10-03T00:26:08.523+0000] {dag.py:3954} INFO - Setting next_dagrun for example_local_kubernetes_executor to None, run_after=None
[2025-10-03T00:26:08.565+0000] {processor.py:183} INFO - Processing /home/airflow/.local/lib/python3.12/site-packages/airflow/example_dags/example_local_kubernetes_executor.py took 0.200 seconds
[2025-10-03T00:26:38.901+0000] {processor.py:161} INFO - Started process (PID=17168) to work on /home/airflow/.local/lib/python3.12/site-packages/airflow/example_dags/example_local_kubernetes_executor.py
[2025-10-03T00:26:38.907+0000] {processor.py:830} INFO - Processing file /home/airflow/.local/lib/python3.12/site-packages/airflow/example_dags/example_local_kubernetes_executor.py for tasks to queue
[2025-10-03T00:26:38.911+0000] {logging_mixin.py:188} INFO - [2025-10-03T00:26:38.910+0000] {dagbag.py:545} INFO - Filling up the DagBag from /home/airflow/.local/lib/python3.12/site-packages/airflow/example_dags/example_local_kubernetes_executor.py
[2025-10-03T00:26:38.933+0000] {processor.py:840} INFO - DAG(s) 'example_local_kubernetes_executor' retrieved from /home/airflow/.local/lib/python3.12/site-packages/airflow/example_dags/example_local_kubernetes_executor.py
[2025-10-03T00:26:39.025+0000] {logging_mixin.py:188} INFO - [2025-10-03T00:26:39.025+0000] {dag.py:3096} INFO - Sync 1 DAGs
[2025-10-03T00:26:39.054+0000] {logging_mixin.py:188} INFO - [2025-10-03T00:26:39.053+0000] {dag.py:3954} INFO - Setting next_dagrun for example_local_kubernetes_executor to None, run_after=None
[2025-10-03T00:26:39.108+0000] {processor.py:183} INFO - Processing /home/airflow/.local/lib/python3.12/site-packages/airflow/example_dags/example_local_kubernetes_executor.py took 0.231 seconds
