[2025-10-03T00:00:10.765+0000] {processor.py:161} INFO - Started process (PID=14433) to work on /home/airflow/.local/lib/python3.12/site-packages/airflow/example_dags/example_dynamic_task_mapping.py
[2025-10-03T00:00:10.768+0000] {processor.py:830} INFO - Processing file /home/airflow/.local/lib/python3.12/site-packages/airflow/example_dags/example_dynamic_task_mapping.py for tasks to queue
[2025-10-03T00:00:10.770+0000] {logging_mixin.py:188} INFO - [2025-10-03T00:00:10.770+0000] {dagbag.py:545} INFO - Filling up the DagBag from /home/airflow/.local/lib/python3.12/site-packages/airflow/example_dags/example_dynamic_task_mapping.py
[2025-10-03T00:00:10.788+0000] {processor.py:840} INFO - DAG(s) 'example_dynamic_task_mapping' retrieved from /home/airflow/.local/lib/python3.12/site-packages/airflow/example_dags/example_dynamic_task_mapping.py
[2025-10-03T00:00:10.833+0000] {logging_mixin.py:188} INFO - [2025-10-03T00:00:10.833+0000] {dag.py:3096} INFO - Sync 1 DAGs
[2025-10-03T00:00:10.881+0000] {logging_mixin.py:188} INFO - [2025-10-03T00:00:10.880+0000] {dag.py:3954} INFO - Setting next_dagrun for example_dynamic_task_mapping to 2022-03-04 00:00:00+00:00, run_after=2022-03-05 00:00:00+00:00
[2025-10-03T00:00:10.927+0000] {processor.py:183} INFO - Processing /home/airflow/.local/lib/python3.12/site-packages/airflow/example_dags/example_dynamic_task_mapping.py took 0.179 seconds
[2025-10-03T00:00:41.512+0000] {processor.py:161} INFO - Started process (PID=14486) to work on /home/airflow/.local/lib/python3.12/site-packages/airflow/example_dags/example_dynamic_task_mapping.py
[2025-10-03T00:00:41.515+0000] {processor.py:830} INFO - Processing file /home/airflow/.local/lib/python3.12/site-packages/airflow/example_dags/example_dynamic_task_mapping.py for tasks to queue
[2025-10-03T00:00:41.520+0000] {logging_mixin.py:188} INFO - [2025-10-03T00:00:41.519+0000] {dagbag.py:545} INFO - Filling up the DagBag from /home/airflow/.local/lib/python3.12/site-packages/airflow/example_dags/example_dynamic_task_mapping.py
[2025-10-03T00:00:41.545+0000] {processor.py:840} INFO - DAG(s) 'example_dynamic_task_mapping' retrieved from /home/airflow/.local/lib/python3.12/site-packages/airflow/example_dags/example_dynamic_task_mapping.py
[2025-10-03T00:00:41.594+0000] {logging_mixin.py:188} INFO - [2025-10-03T00:00:41.594+0000] {dag.py:3096} INFO - Sync 1 DAGs
[2025-10-03T00:00:41.651+0000] {logging_mixin.py:188} INFO - [2025-10-03T00:00:41.651+0000] {dag.py:3954} INFO - Setting next_dagrun for example_dynamic_task_mapping to 2022-03-04 00:00:00+00:00, run_after=2022-03-05 00:00:00+00:00
[2025-10-03T00:00:41.713+0000] {processor.py:183} INFO - Processing /home/airflow/.local/lib/python3.12/site-packages/airflow/example_dags/example_dynamic_task_mapping.py took 0.232 seconds
[2025-10-03T00:01:12.559+0000] {processor.py:161} INFO - Started process (PID=14539) to work on /home/airflow/.local/lib/python3.12/site-packages/airflow/example_dags/example_dynamic_task_mapping.py
[2025-10-03T00:01:12.562+0000] {processor.py:830} INFO - Processing file /home/airflow/.local/lib/python3.12/site-packages/airflow/example_dags/example_dynamic_task_mapping.py for tasks to queue
[2025-10-03T00:01:12.565+0000] {logging_mixin.py:188} INFO - [2025-10-03T00:01:12.564+0000] {dagbag.py:545} INFO - Filling up the DagBag from /home/airflow/.local/lib/python3.12/site-packages/airflow/example_dags/example_dynamic_task_mapping.py
[2025-10-03T00:01:12.590+0000] {processor.py:840} INFO - DAG(s) 'example_dynamic_task_mapping' retrieved from /home/airflow/.local/lib/python3.12/site-packages/airflow/example_dags/example_dynamic_task_mapping.py
[2025-10-03T00:01:12.665+0000] {logging_mixin.py:188} INFO - [2025-10-03T00:01:12.664+0000] {dag.py:3096} INFO - Sync 1 DAGs
[2025-10-03T00:01:12.729+0000] {logging_mixin.py:188} INFO - [2025-10-03T00:01:12.729+0000] {dag.py:3954} INFO - Setting next_dagrun for example_dynamic_task_mapping to 2022-03-04 00:00:00+00:00, run_after=2022-03-05 00:00:00+00:00
[2025-10-03T00:01:12.768+0000] {processor.py:183} INFO - Processing /home/airflow/.local/lib/python3.12/site-packages/airflow/example_dags/example_dynamic_task_mapping.py took 0.233 seconds
[2025-10-03T00:01:42.914+0000] {processor.py:161} INFO - Started process (PID=14592) to work on /home/airflow/.local/lib/python3.12/site-packages/airflow/example_dags/example_dynamic_task_mapping.py
[2025-10-03T00:01:42.917+0000] {processor.py:830} INFO - Processing file /home/airflow/.local/lib/python3.12/site-packages/airflow/example_dags/example_dynamic_task_mapping.py for tasks to queue
[2025-10-03T00:01:42.919+0000] {logging_mixin.py:188} INFO - [2025-10-03T00:01:42.918+0000] {dagbag.py:545} INFO - Filling up the DagBag from /home/airflow/.local/lib/python3.12/site-packages/airflow/example_dags/example_dynamic_task_mapping.py
[2025-10-03T00:01:42.938+0000] {processor.py:840} INFO - DAG(s) 'example_dynamic_task_mapping' retrieved from /home/airflow/.local/lib/python3.12/site-packages/airflow/example_dags/example_dynamic_task_mapping.py
[2025-10-03T00:01:42.986+0000] {logging_mixin.py:188} INFO - [2025-10-03T00:01:42.986+0000] {dag.py:3096} INFO - Sync 1 DAGs
[2025-10-03T00:01:43.039+0000] {logging_mixin.py:188} INFO - [2025-10-03T00:01:43.038+0000] {dag.py:3954} INFO - Setting next_dagrun for example_dynamic_task_mapping to 2022-03-04 00:00:00+00:00, run_after=2022-03-05 00:00:00+00:00
[2025-10-03T00:01:43.080+0000] {processor.py:183} INFO - Processing /home/airflow/.local/lib/python3.12/site-packages/airflow/example_dags/example_dynamic_task_mapping.py took 0.185 seconds
[2025-10-03T00:02:13.538+0000] {processor.py:161} INFO - Started process (PID=14645) to work on /home/airflow/.local/lib/python3.12/site-packages/airflow/example_dags/example_dynamic_task_mapping.py
[2025-10-03T00:02:13.541+0000] {processor.py:830} INFO - Processing file /home/airflow/.local/lib/python3.12/site-packages/airflow/example_dags/example_dynamic_task_mapping.py for tasks to queue
[2025-10-03T00:02:13.547+0000] {logging_mixin.py:188} INFO - [2025-10-03T00:02:13.543+0000] {dagbag.py:545} INFO - Filling up the DagBag from /home/airflow/.local/lib/python3.12/site-packages/airflow/example_dags/example_dynamic_task_mapping.py
[2025-10-03T00:02:13.588+0000] {processor.py:840} INFO - DAG(s) 'example_dynamic_task_mapping' retrieved from /home/airflow/.local/lib/python3.12/site-packages/airflow/example_dags/example_dynamic_task_mapping.py
[2025-10-03T00:02:13.670+0000] {logging_mixin.py:188} INFO - [2025-10-03T00:02:13.669+0000] {dag.py:3096} INFO - Sync 1 DAGs
[2025-10-03T00:02:13.752+0000] {logging_mixin.py:188} INFO - [2025-10-03T00:02:13.752+0000] {dag.py:3954} INFO - Setting next_dagrun for example_dynamic_task_mapping to 2022-03-04 00:00:00+00:00, run_after=2022-03-05 00:00:00+00:00
[2025-10-03T00:02:13.801+0000] {processor.py:183} INFO - Processing /home/airflow/.local/lib/python3.12/site-packages/airflow/example_dags/example_dynamic_task_mapping.py took 0.285 seconds
[2025-10-03T00:02:44.205+0000] {processor.py:161} INFO - Started process (PID=14698) to work on /home/airflow/.local/lib/python3.12/site-packages/airflow/example_dags/example_dynamic_task_mapping.py
[2025-10-03T00:02:44.207+0000] {processor.py:830} INFO - Processing file /home/airflow/.local/lib/python3.12/site-packages/airflow/example_dags/example_dynamic_task_mapping.py for tasks to queue
[2025-10-03T00:02:44.210+0000] {logging_mixin.py:188} INFO - [2025-10-03T00:02:44.209+0000] {dagbag.py:545} INFO - Filling up the DagBag from /home/airflow/.local/lib/python3.12/site-packages/airflow/example_dags/example_dynamic_task_mapping.py
[2025-10-03T00:02:44.228+0000] {processor.py:840} INFO - DAG(s) 'example_dynamic_task_mapping' retrieved from /home/airflow/.local/lib/python3.12/site-packages/airflow/example_dags/example_dynamic_task_mapping.py
[2025-10-03T00:02:44.276+0000] {logging_mixin.py:188} INFO - [2025-10-03T00:02:44.275+0000] {dag.py:3096} INFO - Sync 1 DAGs
[2025-10-03T00:02:44.338+0000] {logging_mixin.py:188} INFO - [2025-10-03T00:02:44.338+0000] {dag.py:3954} INFO - Setting next_dagrun for example_dynamic_task_mapping to 2022-03-04 00:00:00+00:00, run_after=2022-03-05 00:00:00+00:00
[2025-10-03T00:02:44.386+0000] {processor.py:183} INFO - Processing /home/airflow/.local/lib/python3.12/site-packages/airflow/example_dags/example_dynamic_task_mapping.py took 0.196 seconds
[2025-10-03T00:03:14.914+0000] {processor.py:161} INFO - Started process (PID=14751) to work on /home/airflow/.local/lib/python3.12/site-packages/airflow/example_dags/example_dynamic_task_mapping.py
[2025-10-03T00:03:14.917+0000] {processor.py:830} INFO - Processing file /home/airflow/.local/lib/python3.12/site-packages/airflow/example_dags/example_dynamic_task_mapping.py for tasks to queue
[2025-10-03T00:03:14.919+0000] {logging_mixin.py:188} INFO - [2025-10-03T00:03:14.918+0000] {dagbag.py:545} INFO - Filling up the DagBag from /home/airflow/.local/lib/python3.12/site-packages/airflow/example_dags/example_dynamic_task_mapping.py
[2025-10-03T00:03:14.948+0000] {processor.py:840} INFO - DAG(s) 'example_dynamic_task_mapping' retrieved from /home/airflow/.local/lib/python3.12/site-packages/airflow/example_dags/example_dynamic_task_mapping.py
[2025-10-03T00:03:15.008+0000] {logging_mixin.py:188} INFO - [2025-10-03T00:03:15.007+0000] {dag.py:3096} INFO - Sync 1 DAGs
[2025-10-03T00:03:15.070+0000] {logging_mixin.py:188} INFO - [2025-10-03T00:03:15.069+0000] {dag.py:3954} INFO - Setting next_dagrun for example_dynamic_task_mapping to 2022-03-04 00:00:00+00:00, run_after=2022-03-05 00:00:00+00:00
[2025-10-03T00:03:15.133+0000] {processor.py:183} INFO - Processing /home/airflow/.local/lib/python3.12/site-packages/airflow/example_dags/example_dynamic_task_mapping.py took 0.235 seconds
[2025-10-03T00:03:45.269+0000] {processor.py:161} INFO - Started process (PID=14804) to work on /home/airflow/.local/lib/python3.12/site-packages/airflow/example_dags/example_dynamic_task_mapping.py
[2025-10-03T00:03:45.272+0000] {processor.py:830} INFO - Processing file /home/airflow/.local/lib/python3.12/site-packages/airflow/example_dags/example_dynamic_task_mapping.py for tasks to queue
[2025-10-03T00:03:45.275+0000] {logging_mixin.py:188} INFO - [2025-10-03T00:03:45.274+0000] {dagbag.py:545} INFO - Filling up the DagBag from /home/airflow/.local/lib/python3.12/site-packages/airflow/example_dags/example_dynamic_task_mapping.py
[2025-10-03T00:03:45.298+0000] {processor.py:840} INFO - DAG(s) 'example_dynamic_task_mapping' retrieved from /home/airflow/.local/lib/python3.12/site-packages/airflow/example_dags/example_dynamic_task_mapping.py
[2025-10-03T00:03:45.347+0000] {logging_mixin.py:188} INFO - [2025-10-03T00:03:45.346+0000] {dag.py:3096} INFO - Sync 1 DAGs
[2025-10-03T00:03:45.399+0000] {logging_mixin.py:188} INFO - [2025-10-03T00:03:45.398+0000] {dag.py:3954} INFO - Setting next_dagrun for example_dynamic_task_mapping to 2022-03-04 00:00:00+00:00, run_after=2022-03-05 00:00:00+00:00
[2025-10-03T00:03:45.447+0000] {processor.py:183} INFO - Processing /home/airflow/.local/lib/python3.12/site-packages/airflow/example_dags/example_dynamic_task_mapping.py took 0.194 seconds
[2025-10-03T00:04:16.090+0000] {processor.py:161} INFO - Started process (PID=14857) to work on /home/airflow/.local/lib/python3.12/site-packages/airflow/example_dags/example_dynamic_task_mapping.py
[2025-10-03T00:04:16.093+0000] {processor.py:830} INFO - Processing file /home/airflow/.local/lib/python3.12/site-packages/airflow/example_dags/example_dynamic_task_mapping.py for tasks to queue
[2025-10-03T00:04:16.097+0000] {logging_mixin.py:188} INFO - [2025-10-03T00:04:16.095+0000] {dagbag.py:545} INFO - Filling up the DagBag from /home/airflow/.local/lib/python3.12/site-packages/airflow/example_dags/example_dynamic_task_mapping.py
[2025-10-03T00:04:16.122+0000] {processor.py:840} INFO - DAG(s) 'example_dynamic_task_mapping' retrieved from /home/airflow/.local/lib/python3.12/site-packages/airflow/example_dags/example_dynamic_task_mapping.py
[2025-10-03T00:04:16.174+0000] {logging_mixin.py:188} INFO - [2025-10-03T00:04:16.173+0000] {dag.py:3096} INFO - Sync 1 DAGs
[2025-10-03T00:04:16.249+0000] {logging_mixin.py:188} INFO - [2025-10-03T00:04:16.248+0000] {dag.py:3954} INFO - Setting next_dagrun for example_dynamic_task_mapping to 2022-03-04 00:00:00+00:00, run_after=2022-03-05 00:00:00+00:00
[2025-10-03T00:04:16.326+0000] {processor.py:183} INFO - Processing /home/airflow/.local/lib/python3.12/site-packages/airflow/example_dags/example_dynamic_task_mapping.py took 0.260 seconds
[2025-10-03T00:04:46.736+0000] {processor.py:161} INFO - Started process (PID=14910) to work on /home/airflow/.local/lib/python3.12/site-packages/airflow/example_dags/example_dynamic_task_mapping.py
[2025-10-03T00:04:46.739+0000] {processor.py:830} INFO - Processing file /home/airflow/.local/lib/python3.12/site-packages/airflow/example_dags/example_dynamic_task_mapping.py for tasks to queue
[2025-10-03T00:04:46.741+0000] {logging_mixin.py:188} INFO - [2025-10-03T00:04:46.740+0000] {dagbag.py:545} INFO - Filling up the DagBag from /home/airflow/.local/lib/python3.12/site-packages/airflow/example_dags/example_dynamic_task_mapping.py
[2025-10-03T00:04:46.763+0000] {processor.py:840} INFO - DAG(s) 'example_dynamic_task_mapping' retrieved from /home/airflow/.local/lib/python3.12/site-packages/airflow/example_dags/example_dynamic_task_mapping.py
[2025-10-03T00:04:46.808+0000] {logging_mixin.py:188} INFO - [2025-10-03T00:04:46.808+0000] {dag.py:3096} INFO - Sync 1 DAGs
[2025-10-03T00:04:46.854+0000] {logging_mixin.py:188} INFO - [2025-10-03T00:04:46.853+0000] {dag.py:3954} INFO - Setting next_dagrun for example_dynamic_task_mapping to 2022-03-04 00:00:00+00:00, run_after=2022-03-05 00:00:00+00:00
[2025-10-03T00:04:46.892+0000] {processor.py:183} INFO - Processing /home/airflow/.local/lib/python3.12/site-packages/airflow/example_dags/example_dynamic_task_mapping.py took 0.175 seconds
[2025-10-03T00:05:17.393+0000] {processor.py:161} INFO - Started process (PID=14963) to work on /home/airflow/.local/lib/python3.12/site-packages/airflow/example_dags/example_dynamic_task_mapping.py
[2025-10-03T00:05:17.396+0000] {processor.py:830} INFO - Processing file /home/airflow/.local/lib/python3.12/site-packages/airflow/example_dags/example_dynamic_task_mapping.py for tasks to queue
[2025-10-03T00:05:17.398+0000] {logging_mixin.py:188} INFO - [2025-10-03T00:05:17.397+0000] {dagbag.py:545} INFO - Filling up the DagBag from /home/airflow/.local/lib/python3.12/site-packages/airflow/example_dags/example_dynamic_task_mapping.py
[2025-10-03T00:05:17.422+0000] {processor.py:840} INFO - DAG(s) 'example_dynamic_task_mapping' retrieved from /home/airflow/.local/lib/python3.12/site-packages/airflow/example_dags/example_dynamic_task_mapping.py
[2025-10-03T00:05:17.479+0000] {logging_mixin.py:188} INFO - [2025-10-03T00:05:17.478+0000] {dag.py:3096} INFO - Sync 1 DAGs
[2025-10-03T00:05:17.525+0000] {logging_mixin.py:188} INFO - [2025-10-03T00:05:17.525+0000] {dag.py:3954} INFO - Setting next_dagrun for example_dynamic_task_mapping to 2022-03-04 00:00:00+00:00, run_after=2022-03-05 00:00:00+00:00
[2025-10-03T00:05:17.570+0000] {processor.py:183} INFO - Processing /home/airflow/.local/lib/python3.12/site-packages/airflow/example_dags/example_dynamic_task_mapping.py took 0.193 seconds
[2025-10-03T00:05:47.934+0000] {processor.py:161} INFO - Started process (PID=15016) to work on /home/airflow/.local/lib/python3.12/site-packages/airflow/example_dags/example_dynamic_task_mapping.py
[2025-10-03T00:05:47.936+0000] {processor.py:830} INFO - Processing file /home/airflow/.local/lib/python3.12/site-packages/airflow/example_dags/example_dynamic_task_mapping.py for tasks to queue
[2025-10-03T00:05:47.938+0000] {logging_mixin.py:188} INFO - [2025-10-03T00:05:47.938+0000] {dagbag.py:545} INFO - Filling up the DagBag from /home/airflow/.local/lib/python3.12/site-packages/airflow/example_dags/example_dynamic_task_mapping.py
[2025-10-03T00:05:47.957+0000] {processor.py:840} INFO - DAG(s) 'example_dynamic_task_mapping' retrieved from /home/airflow/.local/lib/python3.12/site-packages/airflow/example_dags/example_dynamic_task_mapping.py
[2025-10-03T00:05:48.011+0000] {logging_mixin.py:188} INFO - [2025-10-03T00:05:48.010+0000] {dag.py:3096} INFO - Sync 1 DAGs
[2025-10-03T00:05:48.068+0000] {logging_mixin.py:188} INFO - [2025-10-03T00:05:48.068+0000] {dag.py:3954} INFO - Setting next_dagrun for example_dynamic_task_mapping to 2022-03-04 00:00:00+00:00, run_after=2022-03-05 00:00:00+00:00
[2025-10-03T00:05:48.119+0000] {processor.py:183} INFO - Processing /home/airflow/.local/lib/python3.12/site-packages/airflow/example_dags/example_dynamic_task_mapping.py took 0.199 seconds
[2025-10-03T00:06:18.320+0000] {processor.py:161} INFO - Started process (PID=15069) to work on /home/airflow/.local/lib/python3.12/site-packages/airflow/example_dags/example_dynamic_task_mapping.py
[2025-10-03T00:06:18.322+0000] {processor.py:830} INFO - Processing file /home/airflow/.local/lib/python3.12/site-packages/airflow/example_dags/example_dynamic_task_mapping.py for tasks to queue
[2025-10-03T00:06:18.326+0000] {logging_mixin.py:188} INFO - [2025-10-03T00:06:18.325+0000] {dagbag.py:545} INFO - Filling up the DagBag from /home/airflow/.local/lib/python3.12/site-packages/airflow/example_dags/example_dynamic_task_mapping.py
[2025-10-03T00:06:18.351+0000] {processor.py:840} INFO - DAG(s) 'example_dynamic_task_mapping' retrieved from /home/airflow/.local/lib/python3.12/site-packages/airflow/example_dags/example_dynamic_task_mapping.py
[2025-10-03T00:06:18.411+0000] {logging_mixin.py:188} INFO - [2025-10-03T00:06:18.410+0000] {dag.py:3096} INFO - Sync 1 DAGs
[2025-10-03T00:06:18.487+0000] {logging_mixin.py:188} INFO - [2025-10-03T00:06:18.487+0000] {dag.py:3954} INFO - Setting next_dagrun for example_dynamic_task_mapping to 2022-03-04 00:00:00+00:00, run_after=2022-03-05 00:00:00+00:00
[2025-10-03T00:06:18.545+0000] {processor.py:183} INFO - Processing /home/airflow/.local/lib/python3.12/site-packages/airflow/example_dags/example_dynamic_task_mapping.py took 0.250 seconds
[2025-10-03T00:06:49.713+0000] {processor.py:161} INFO - Started process (PID=15122) to work on /home/airflow/.local/lib/python3.12/site-packages/airflow/example_dags/example_dynamic_task_mapping.py
[2025-10-03T00:06:49.717+0000] {processor.py:830} INFO - Processing file /home/airflow/.local/lib/python3.12/site-packages/airflow/example_dags/example_dynamic_task_mapping.py for tasks to queue
[2025-10-03T00:06:49.722+0000] {logging_mixin.py:188} INFO - [2025-10-03T00:06:49.721+0000] {dagbag.py:545} INFO - Filling up the DagBag from /home/airflow/.local/lib/python3.12/site-packages/airflow/example_dags/example_dynamic_task_mapping.py
[2025-10-03T00:06:49.744+0000] {processor.py:840} INFO - DAG(s) 'example_dynamic_task_mapping' retrieved from /home/airflow/.local/lib/python3.12/site-packages/airflow/example_dags/example_dynamic_task_mapping.py
[2025-10-03T00:06:49.793+0000] {logging_mixin.py:188} INFO - [2025-10-03T00:06:49.792+0000] {dag.py:3096} INFO - Sync 1 DAGs
[2025-10-03T00:06:49.956+0000] {logging_mixin.py:188} INFO - [2025-10-03T00:06:49.946+0000] {dag.py:3954} INFO - Setting next_dagrun for example_dynamic_task_mapping to 2022-03-04 00:00:00+00:00, run_after=2022-03-05 00:00:00+00:00
[2025-10-03T00:06:50.047+0000] {processor.py:183} INFO - Processing /home/airflow/.local/lib/python3.12/site-packages/airflow/example_dags/example_dynamic_task_mapping.py took 0.356 seconds
[2025-10-03T00:07:20.649+0000] {processor.py:161} INFO - Started process (PID=15175) to work on /home/airflow/.local/lib/python3.12/site-packages/airflow/example_dags/example_dynamic_task_mapping.py
[2025-10-03T00:07:20.652+0000] {processor.py:830} INFO - Processing file /home/airflow/.local/lib/python3.12/site-packages/airflow/example_dags/example_dynamic_task_mapping.py for tasks to queue
[2025-10-03T00:07:20.655+0000] {logging_mixin.py:188} INFO - [2025-10-03T00:07:20.654+0000] {dagbag.py:545} INFO - Filling up the DagBag from /home/airflow/.local/lib/python3.12/site-packages/airflow/example_dags/example_dynamic_task_mapping.py
[2025-10-03T00:07:20.676+0000] {processor.py:840} INFO - DAG(s) 'example_dynamic_task_mapping' retrieved from /home/airflow/.local/lib/python3.12/site-packages/airflow/example_dags/example_dynamic_task_mapping.py
[2025-10-03T00:07:20.733+0000] {logging_mixin.py:188} INFO - [2025-10-03T00:07:20.733+0000] {dag.py:3096} INFO - Sync 1 DAGs
[2025-10-03T00:07:20.791+0000] {logging_mixin.py:188} INFO - [2025-10-03T00:07:20.791+0000] {dag.py:3954} INFO - Setting next_dagrun for example_dynamic_task_mapping to 2022-03-04 00:00:00+00:00, run_after=2022-03-05 00:00:00+00:00
[2025-10-03T00:07:20.834+0000] {processor.py:183} INFO - Processing /home/airflow/.local/lib/python3.12/site-packages/airflow/example_dags/example_dynamic_task_mapping.py took 0.199 seconds
[2025-10-03T00:07:51.172+0000] {processor.py:161} INFO - Started process (PID=15229) to work on /home/airflow/.local/lib/python3.12/site-packages/airflow/example_dags/example_dynamic_task_mapping.py
[2025-10-03T00:07:51.174+0000] {processor.py:830} INFO - Processing file /home/airflow/.local/lib/python3.12/site-packages/airflow/example_dags/example_dynamic_task_mapping.py for tasks to queue
[2025-10-03T00:07:51.177+0000] {logging_mixin.py:188} INFO - [2025-10-03T00:07:51.176+0000] {dagbag.py:545} INFO - Filling up the DagBag from /home/airflow/.local/lib/python3.12/site-packages/airflow/example_dags/example_dynamic_task_mapping.py
[2025-10-03T00:07:51.196+0000] {processor.py:840} INFO - DAG(s) 'example_dynamic_task_mapping' retrieved from /home/airflow/.local/lib/python3.12/site-packages/airflow/example_dags/example_dynamic_task_mapping.py
[2025-10-03T00:07:51.245+0000] {logging_mixin.py:188} INFO - [2025-10-03T00:07:51.244+0000] {dag.py:3096} INFO - Sync 1 DAGs
[2025-10-03T00:07:51.295+0000] {logging_mixin.py:188} INFO - [2025-10-03T00:07:51.295+0000] {dag.py:3954} INFO - Setting next_dagrun for example_dynamic_task_mapping to 2022-03-04 00:00:00+00:00, run_after=2022-03-05 00:00:00+00:00
[2025-10-03T00:07:51.340+0000] {processor.py:183} INFO - Processing /home/airflow/.local/lib/python3.12/site-packages/airflow/example_dags/example_dynamic_task_mapping.py took 0.183 seconds
[2025-10-03T00:08:21.557+0000] {processor.py:161} INFO - Started process (PID=15282) to work on /home/airflow/.local/lib/python3.12/site-packages/airflow/example_dags/example_dynamic_task_mapping.py
[2025-10-03T00:08:21.560+0000] {processor.py:830} INFO - Processing file /home/airflow/.local/lib/python3.12/site-packages/airflow/example_dags/example_dynamic_task_mapping.py for tasks to queue
[2025-10-03T00:08:21.563+0000] {logging_mixin.py:188} INFO - [2025-10-03T00:08:21.562+0000] {dagbag.py:545} INFO - Filling up the DagBag from /home/airflow/.local/lib/python3.12/site-packages/airflow/example_dags/example_dynamic_task_mapping.py
[2025-10-03T00:08:21.586+0000] {processor.py:840} INFO - DAG(s) 'example_dynamic_task_mapping' retrieved from /home/airflow/.local/lib/python3.12/site-packages/airflow/example_dags/example_dynamic_task_mapping.py
[2025-10-03T00:08:21.630+0000] {logging_mixin.py:188} INFO - [2025-10-03T00:08:21.629+0000] {dag.py:3096} INFO - Sync 1 DAGs
[2025-10-03T00:08:21.675+0000] {logging_mixin.py:188} INFO - [2025-10-03T00:08:21.674+0000] {dag.py:3954} INFO - Setting next_dagrun for example_dynamic_task_mapping to 2022-03-04 00:00:00+00:00, run_after=2022-03-05 00:00:00+00:00
[2025-10-03T00:08:21.727+0000] {processor.py:183} INFO - Processing /home/airflow/.local/lib/python3.12/site-packages/airflow/example_dags/example_dynamic_task_mapping.py took 0.195 seconds
[2025-10-03T00:08:52.050+0000] {processor.py:161} INFO - Started process (PID=15334) to work on /home/airflow/.local/lib/python3.12/site-packages/airflow/example_dags/example_dynamic_task_mapping.py
[2025-10-03T00:08:52.053+0000] {processor.py:830} INFO - Processing file /home/airflow/.local/lib/python3.12/site-packages/airflow/example_dags/example_dynamic_task_mapping.py for tasks to queue
[2025-10-03T00:08:52.056+0000] {logging_mixin.py:188} INFO - [2025-10-03T00:08:52.055+0000] {dagbag.py:545} INFO - Filling up the DagBag from /home/airflow/.local/lib/python3.12/site-packages/airflow/example_dags/example_dynamic_task_mapping.py
[2025-10-03T00:08:52.092+0000] {processor.py:840} INFO - DAG(s) 'example_dynamic_task_mapping' retrieved from /home/airflow/.local/lib/python3.12/site-packages/airflow/example_dags/example_dynamic_task_mapping.py
[2025-10-03T00:08:52.144+0000] {logging_mixin.py:188} INFO - [2025-10-03T00:08:52.143+0000] {dag.py:3096} INFO - Sync 1 DAGs
[2025-10-03T00:08:52.195+0000] {logging_mixin.py:188} INFO - [2025-10-03T00:08:52.195+0000] {dag.py:3954} INFO - Setting next_dagrun for example_dynamic_task_mapping to 2022-03-04 00:00:00+00:00, run_after=2022-03-05 00:00:00+00:00
[2025-10-03T00:08:52.245+0000] {processor.py:183} INFO - Processing /home/airflow/.local/lib/python3.12/site-packages/airflow/example_dags/example_dynamic_task_mapping.py took 0.209 seconds
[2025-10-03T00:09:22.836+0000] {processor.py:161} INFO - Started process (PID=15387) to work on /home/airflow/.local/lib/python3.12/site-packages/airflow/example_dags/example_dynamic_task_mapping.py
[2025-10-03T00:09:22.839+0000] {processor.py:830} INFO - Processing file /home/airflow/.local/lib/python3.12/site-packages/airflow/example_dags/example_dynamic_task_mapping.py for tasks to queue
[2025-10-03T00:09:22.842+0000] {logging_mixin.py:188} INFO - [2025-10-03T00:09:22.841+0000] {dagbag.py:545} INFO - Filling up the DagBag from /home/airflow/.local/lib/python3.12/site-packages/airflow/example_dags/example_dynamic_task_mapping.py
[2025-10-03T00:09:22.861+0000] {processor.py:840} INFO - DAG(s) 'example_dynamic_task_mapping' retrieved from /home/airflow/.local/lib/python3.12/site-packages/airflow/example_dags/example_dynamic_task_mapping.py
[2025-10-03T00:09:22.916+0000] {logging_mixin.py:188} INFO - [2025-10-03T00:09:22.916+0000] {dag.py:3096} INFO - Sync 1 DAGs
[2025-10-03T00:09:22.963+0000] {logging_mixin.py:188} INFO - [2025-10-03T00:09:22.963+0000] {dag.py:3954} INFO - Setting next_dagrun for example_dynamic_task_mapping to 2022-03-04 00:00:00+00:00, run_after=2022-03-05 00:00:00+00:00
[2025-10-03T00:09:23.013+0000] {processor.py:183} INFO - Processing /home/airflow/.local/lib/python3.12/site-packages/airflow/example_dags/example_dynamic_task_mapping.py took 0.193 seconds
[2025-10-03T00:09:53.391+0000] {processor.py:161} INFO - Started process (PID=15440) to work on /home/airflow/.local/lib/python3.12/site-packages/airflow/example_dags/example_dynamic_task_mapping.py
[2025-10-03T00:09:53.394+0000] {processor.py:830} INFO - Processing file /home/airflow/.local/lib/python3.12/site-packages/airflow/example_dags/example_dynamic_task_mapping.py for tasks to queue
[2025-10-03T00:09:53.396+0000] {logging_mixin.py:188} INFO - [2025-10-03T00:09:53.395+0000] {dagbag.py:545} INFO - Filling up the DagBag from /home/airflow/.local/lib/python3.12/site-packages/airflow/example_dags/example_dynamic_task_mapping.py
[2025-10-03T00:09:53.416+0000] {processor.py:840} INFO - DAG(s) 'example_dynamic_task_mapping' retrieved from /home/airflow/.local/lib/python3.12/site-packages/airflow/example_dags/example_dynamic_task_mapping.py
[2025-10-03T00:09:53.461+0000] {logging_mixin.py:188} INFO - [2025-10-03T00:09:53.460+0000] {dag.py:3096} INFO - Sync 1 DAGs
[2025-10-03T00:09:53.510+0000] {logging_mixin.py:188} INFO - [2025-10-03T00:09:53.509+0000] {dag.py:3954} INFO - Setting next_dagrun for example_dynamic_task_mapping to 2022-03-04 00:00:00+00:00, run_after=2022-03-05 00:00:00+00:00
[2025-10-03T00:09:53.560+0000] {processor.py:183} INFO - Processing /home/airflow/.local/lib/python3.12/site-packages/airflow/example_dags/example_dynamic_task_mapping.py took 0.184 seconds
[2025-10-03T00:10:24.751+0000] {processor.py:161} INFO - Started process (PID=15493) to work on /home/airflow/.local/lib/python3.12/site-packages/airflow/example_dags/example_dynamic_task_mapping.py
[2025-10-03T00:10:24.753+0000] {processor.py:830} INFO - Processing file /home/airflow/.local/lib/python3.12/site-packages/airflow/example_dags/example_dynamic_task_mapping.py for tasks to queue
[2025-10-03T00:10:24.755+0000] {logging_mixin.py:188} INFO - [2025-10-03T00:10:24.754+0000] {dagbag.py:545} INFO - Filling up the DagBag from /home/airflow/.local/lib/python3.12/site-packages/airflow/example_dags/example_dynamic_task_mapping.py
[2025-10-03T00:10:24.775+0000] {processor.py:840} INFO - DAG(s) 'example_dynamic_task_mapping' retrieved from /home/airflow/.local/lib/python3.12/site-packages/airflow/example_dags/example_dynamic_task_mapping.py
[2025-10-03T00:10:24.827+0000] {logging_mixin.py:188} INFO - [2025-10-03T00:10:24.827+0000] {dag.py:3096} INFO - Sync 1 DAGs
[2025-10-03T00:10:24.882+0000] {logging_mixin.py:188} INFO - [2025-10-03T00:10:24.882+0000] {dag.py:3954} INFO - Setting next_dagrun for example_dynamic_task_mapping to 2022-03-04 00:00:00+00:00, run_after=2022-03-05 00:00:00+00:00
[2025-10-03T00:10:24.922+0000] {processor.py:183} INFO - Processing /home/airflow/.local/lib/python3.12/site-packages/airflow/example_dags/example_dynamic_task_mapping.py took 0.187 seconds
[2025-10-03T00:10:55.407+0000] {processor.py:161} INFO - Started process (PID=15544) to work on /home/airflow/.local/lib/python3.12/site-packages/airflow/example_dags/example_dynamic_task_mapping.py
[2025-10-03T00:10:55.409+0000] {processor.py:830} INFO - Processing file /home/airflow/.local/lib/python3.12/site-packages/airflow/example_dags/example_dynamic_task_mapping.py for tasks to queue
[2025-10-03T00:10:55.412+0000] {logging_mixin.py:188} INFO - [2025-10-03T00:10:55.411+0000] {dagbag.py:545} INFO - Filling up the DagBag from /home/airflow/.local/lib/python3.12/site-packages/airflow/example_dags/example_dynamic_task_mapping.py
[2025-10-03T00:10:55.434+0000] {processor.py:840} INFO - DAG(s) 'example_dynamic_task_mapping' retrieved from /home/airflow/.local/lib/python3.12/site-packages/airflow/example_dags/example_dynamic_task_mapping.py
[2025-10-03T00:10:55.492+0000] {logging_mixin.py:188} INFO - [2025-10-03T00:10:55.491+0000] {dag.py:3096} INFO - Sync 1 DAGs
[2025-10-03T00:10:55.551+0000] {logging_mixin.py:188} INFO - [2025-10-03T00:10:55.550+0000] {dag.py:3954} INFO - Setting next_dagrun for example_dynamic_task_mapping to 2022-03-04 00:00:00+00:00, run_after=2022-03-05 00:00:00+00:00
[2025-10-03T00:10:55.603+0000] {processor.py:183} INFO - Processing /home/airflow/.local/lib/python3.12/site-packages/airflow/example_dags/example_dynamic_task_mapping.py took 0.213 seconds
[2025-10-03T00:11:26.616+0000] {processor.py:161} INFO - Started process (PID=15597) to work on /home/airflow/.local/lib/python3.12/site-packages/airflow/example_dags/example_dynamic_task_mapping.py
[2025-10-03T00:11:26.620+0000] {processor.py:830} INFO - Processing file /home/airflow/.local/lib/python3.12/site-packages/airflow/example_dags/example_dynamic_task_mapping.py for tasks to queue
[2025-10-03T00:11:26.623+0000] {logging_mixin.py:188} INFO - [2025-10-03T00:11:26.622+0000] {dagbag.py:545} INFO - Filling up the DagBag from /home/airflow/.local/lib/python3.12/site-packages/airflow/example_dags/example_dynamic_task_mapping.py
[2025-10-03T00:11:26.658+0000] {processor.py:840} INFO - DAG(s) 'example_dynamic_task_mapping' retrieved from /home/airflow/.local/lib/python3.12/site-packages/airflow/example_dags/example_dynamic_task_mapping.py
[2025-10-03T00:11:26.790+0000] {logging_mixin.py:188} INFO - [2025-10-03T00:11:26.789+0000] {dag.py:3096} INFO - Sync 1 DAGs
[2025-10-03T00:11:26.973+0000] {logging_mixin.py:188} INFO - [2025-10-03T00:11:26.972+0000] {dag.py:3954} INFO - Setting next_dagrun for example_dynamic_task_mapping to 2022-03-04 00:00:00+00:00, run_after=2022-03-05 00:00:00+00:00
[2025-10-03T00:11:27.084+0000] {processor.py:183} INFO - Processing /home/airflow/.local/lib/python3.12/site-packages/airflow/example_dags/example_dynamic_task_mapping.py took 0.499 seconds
[2025-10-03T00:11:57.955+0000] {processor.py:161} INFO - Started process (PID=15651) to work on /home/airflow/.local/lib/python3.12/site-packages/airflow/example_dags/example_dynamic_task_mapping.py
[2025-10-03T00:11:57.959+0000] {processor.py:830} INFO - Processing file /home/airflow/.local/lib/python3.12/site-packages/airflow/example_dags/example_dynamic_task_mapping.py for tasks to queue
[2025-10-03T00:11:57.962+0000] {logging_mixin.py:188} INFO - [2025-10-03T00:11:57.961+0000] {dagbag.py:545} INFO - Filling up the DagBag from /home/airflow/.local/lib/python3.12/site-packages/airflow/example_dags/example_dynamic_task_mapping.py
[2025-10-03T00:11:57.994+0000] {processor.py:840} INFO - DAG(s) 'example_dynamic_task_mapping' retrieved from /home/airflow/.local/lib/python3.12/site-packages/airflow/example_dags/example_dynamic_task_mapping.py
[2025-10-03T00:11:58.052+0000] {logging_mixin.py:188} INFO - [2025-10-03T00:11:58.050+0000] {dag.py:3096} INFO - Sync 1 DAGs
[2025-10-03T00:11:58.107+0000] {logging_mixin.py:188} INFO - [2025-10-03T00:11:58.106+0000] {dag.py:3954} INFO - Setting next_dagrun for example_dynamic_task_mapping to 2022-03-04 00:00:00+00:00, run_after=2022-03-05 00:00:00+00:00
[2025-10-03T00:11:58.146+0000] {processor.py:183} INFO - Processing /home/airflow/.local/lib/python3.12/site-packages/airflow/example_dags/example_dynamic_task_mapping.py took 0.217 seconds
[2025-10-03T00:12:28.345+0000] {processor.py:161} INFO - Started process (PID=15704) to work on /home/airflow/.local/lib/python3.12/site-packages/airflow/example_dags/example_dynamic_task_mapping.py
[2025-10-03T00:12:28.351+0000] {processor.py:830} INFO - Processing file /home/airflow/.local/lib/python3.12/site-packages/airflow/example_dags/example_dynamic_task_mapping.py for tasks to queue
[2025-10-03T00:12:28.356+0000] {logging_mixin.py:188} INFO - [2025-10-03T00:12:28.354+0000] {dagbag.py:545} INFO - Filling up the DagBag from /home/airflow/.local/lib/python3.12/site-packages/airflow/example_dags/example_dynamic_task_mapping.py
[2025-10-03T00:12:28.421+0000] {processor.py:840} INFO - DAG(s) 'example_dynamic_task_mapping' retrieved from /home/airflow/.local/lib/python3.12/site-packages/airflow/example_dags/example_dynamic_task_mapping.py
[2025-10-03T00:12:28.553+0000] {logging_mixin.py:188} INFO - [2025-10-03T00:12:28.552+0000] {dag.py:3096} INFO - Sync 1 DAGs
[2025-10-03T00:12:28.659+0000] {logging_mixin.py:188} INFO - [2025-10-03T00:12:28.658+0000] {dag.py:3954} INFO - Setting next_dagrun for example_dynamic_task_mapping to 2022-03-04 00:00:00+00:00, run_after=2022-03-05 00:00:00+00:00
[2025-10-03T00:12:28.773+0000] {processor.py:183} INFO - Processing /home/airflow/.local/lib/python3.12/site-packages/airflow/example_dags/example_dynamic_task_mapping.py took 0.461 seconds
[2025-10-03T00:12:59.437+0000] {processor.py:161} INFO - Started process (PID=15757) to work on /home/airflow/.local/lib/python3.12/site-packages/airflow/example_dags/example_dynamic_task_mapping.py
[2025-10-03T00:12:59.440+0000] {processor.py:830} INFO - Processing file /home/airflow/.local/lib/python3.12/site-packages/airflow/example_dags/example_dynamic_task_mapping.py for tasks to queue
[2025-10-03T00:12:59.442+0000] {logging_mixin.py:188} INFO - [2025-10-03T00:12:59.442+0000] {dagbag.py:545} INFO - Filling up the DagBag from /home/airflow/.local/lib/python3.12/site-packages/airflow/example_dags/example_dynamic_task_mapping.py
[2025-10-03T00:12:59.460+0000] {processor.py:840} INFO - DAG(s) 'example_dynamic_task_mapping' retrieved from /home/airflow/.local/lib/python3.12/site-packages/airflow/example_dags/example_dynamic_task_mapping.py
[2025-10-03T00:12:59.504+0000] {logging_mixin.py:188} INFO - [2025-10-03T00:12:59.504+0000] {dag.py:3096} INFO - Sync 1 DAGs
[2025-10-03T00:12:59.549+0000] {logging_mixin.py:188} INFO - [2025-10-03T00:12:59.549+0000] {dag.py:3954} INFO - Setting next_dagrun for example_dynamic_task_mapping to 2022-03-04 00:00:00+00:00, run_after=2022-03-05 00:00:00+00:00
[2025-10-03T00:12:59.588+0000] {processor.py:183} INFO - Processing /home/airflow/.local/lib/python3.12/site-packages/airflow/example_dags/example_dynamic_task_mapping.py took 0.165 seconds
[2025-10-03T00:13:29.943+0000] {processor.py:161} INFO - Started process (PID=15810) to work on /home/airflow/.local/lib/python3.12/site-packages/airflow/example_dags/example_dynamic_task_mapping.py
[2025-10-03T00:13:29.945+0000] {processor.py:830} INFO - Processing file /home/airflow/.local/lib/python3.12/site-packages/airflow/example_dags/example_dynamic_task_mapping.py for tasks to queue
[2025-10-03T00:13:29.947+0000] {logging_mixin.py:188} INFO - [2025-10-03T00:13:29.947+0000] {dagbag.py:545} INFO - Filling up the DagBag from /home/airflow/.local/lib/python3.12/site-packages/airflow/example_dags/example_dynamic_task_mapping.py
[2025-10-03T00:13:29.965+0000] {processor.py:840} INFO - DAG(s) 'example_dynamic_task_mapping' retrieved from /home/airflow/.local/lib/python3.12/site-packages/airflow/example_dags/example_dynamic_task_mapping.py
[2025-10-03T00:13:30.012+0000] {logging_mixin.py:188} INFO - [2025-10-03T00:13:30.011+0000] {dag.py:3096} INFO - Sync 1 DAGs
[2025-10-03T00:13:30.058+0000] {logging_mixin.py:188} INFO - [2025-10-03T00:13:30.057+0000] {dag.py:3954} INFO - Setting next_dagrun for example_dynamic_task_mapping to 2022-03-04 00:00:00+00:00, run_after=2022-03-05 00:00:00+00:00
[2025-10-03T00:13:30.096+0000] {processor.py:183} INFO - Processing /home/airflow/.local/lib/python3.12/site-packages/airflow/example_dags/example_dynamic_task_mapping.py took 0.174 seconds
[2025-10-03T00:14:00.623+0000] {processor.py:161} INFO - Started process (PID=15863) to work on /home/airflow/.local/lib/python3.12/site-packages/airflow/example_dags/example_dynamic_task_mapping.py
[2025-10-03T00:14:00.625+0000] {processor.py:830} INFO - Processing file /home/airflow/.local/lib/python3.12/site-packages/airflow/example_dags/example_dynamic_task_mapping.py for tasks to queue
[2025-10-03T00:14:00.627+0000] {logging_mixin.py:188} INFO - [2025-10-03T00:14:00.627+0000] {dagbag.py:545} INFO - Filling up the DagBag from /home/airflow/.local/lib/python3.12/site-packages/airflow/example_dags/example_dynamic_task_mapping.py
[2025-10-03T00:14:00.647+0000] {processor.py:840} INFO - DAG(s) 'example_dynamic_task_mapping' retrieved from /home/airflow/.local/lib/python3.12/site-packages/airflow/example_dags/example_dynamic_task_mapping.py
[2025-10-03T00:14:00.696+0000] {logging_mixin.py:188} INFO - [2025-10-03T00:14:00.696+0000] {dag.py:3096} INFO - Sync 1 DAGs
[2025-10-03T00:14:00.768+0000] {logging_mixin.py:188} INFO - [2025-10-03T00:14:00.767+0000] {dag.py:3954} INFO - Setting next_dagrun for example_dynamic_task_mapping to 2022-03-04 00:00:00+00:00, run_after=2022-03-05 00:00:00+00:00
[2025-10-03T00:14:00.839+0000] {processor.py:183} INFO - Processing /home/airflow/.local/lib/python3.12/site-packages/airflow/example_dags/example_dynamic_task_mapping.py took 0.232 seconds
[2025-10-03T00:14:31.707+0000] {processor.py:161} INFO - Started process (PID=15916) to work on /home/airflow/.local/lib/python3.12/site-packages/airflow/example_dags/example_dynamic_task_mapping.py
[2025-10-03T00:14:31.735+0000] {processor.py:830} INFO - Processing file /home/airflow/.local/lib/python3.12/site-packages/airflow/example_dags/example_dynamic_task_mapping.py for tasks to queue
[2025-10-03T00:14:31.756+0000] {logging_mixin.py:188} INFO - [2025-10-03T00:14:31.755+0000] {dagbag.py:545} INFO - Filling up the DagBag from /home/airflow/.local/lib/python3.12/site-packages/airflow/example_dags/example_dynamic_task_mapping.py
[2025-10-03T00:14:31.835+0000] {processor.py:840} INFO - DAG(s) 'example_dynamic_task_mapping' retrieved from /home/airflow/.local/lib/python3.12/site-packages/airflow/example_dags/example_dynamic_task_mapping.py
[2025-10-03T00:14:31.957+0000] {logging_mixin.py:188} INFO - [2025-10-03T00:14:31.956+0000] {dag.py:3096} INFO - Sync 1 DAGs
[2025-10-03T00:14:32.235+0000] {logging_mixin.py:188} INFO - [2025-10-03T00:14:32.234+0000] {dag.py:3954} INFO - Setting next_dagrun for example_dynamic_task_mapping to 2022-03-04 00:00:00+00:00, run_after=2022-03-05 00:00:00+00:00
[2025-10-03T00:14:32.496+0000] {processor.py:183} INFO - Processing /home/airflow/.local/lib/python3.12/site-packages/airflow/example_dags/example_dynamic_task_mapping.py took 0.835 seconds
[2025-10-03T00:15:03.246+0000] {processor.py:161} INFO - Started process (PID=15969) to work on /home/airflow/.local/lib/python3.12/site-packages/airflow/example_dags/example_dynamic_task_mapping.py
[2025-10-03T00:15:03.248+0000] {processor.py:830} INFO - Processing file /home/airflow/.local/lib/python3.12/site-packages/airflow/example_dags/example_dynamic_task_mapping.py for tasks to queue
[2025-10-03T00:15:03.251+0000] {logging_mixin.py:188} INFO - [2025-10-03T00:15:03.250+0000] {dagbag.py:545} INFO - Filling up the DagBag from /home/airflow/.local/lib/python3.12/site-packages/airflow/example_dags/example_dynamic_task_mapping.py
[2025-10-03T00:15:03.277+0000] {processor.py:840} INFO - DAG(s) 'example_dynamic_task_mapping' retrieved from /home/airflow/.local/lib/python3.12/site-packages/airflow/example_dags/example_dynamic_task_mapping.py
[2025-10-03T00:15:03.335+0000] {logging_mixin.py:188} INFO - [2025-10-03T00:15:03.334+0000] {dag.py:3096} INFO - Sync 1 DAGs
[2025-10-03T00:15:03.395+0000] {logging_mixin.py:188} INFO - [2025-10-03T00:15:03.395+0000] {dag.py:3954} INFO - Setting next_dagrun for example_dynamic_task_mapping to 2022-03-04 00:00:00+00:00, run_after=2022-03-05 00:00:00+00:00
[2025-10-03T00:15:03.438+0000] {processor.py:183} INFO - Processing /home/airflow/.local/lib/python3.12/site-packages/airflow/example_dags/example_dynamic_task_mapping.py took 0.214 seconds
[2025-10-03T00:15:33.821+0000] {processor.py:161} INFO - Started process (PID=16022) to work on /home/airflow/.local/lib/python3.12/site-packages/airflow/example_dags/example_dynamic_task_mapping.py
[2025-10-03T00:15:33.824+0000] {processor.py:830} INFO - Processing file /home/airflow/.local/lib/python3.12/site-packages/airflow/example_dags/example_dynamic_task_mapping.py for tasks to queue
[2025-10-03T00:15:33.826+0000] {logging_mixin.py:188} INFO - [2025-10-03T00:15:33.825+0000] {dagbag.py:545} INFO - Filling up the DagBag from /home/airflow/.local/lib/python3.12/site-packages/airflow/example_dags/example_dynamic_task_mapping.py
[2025-10-03T00:15:33.844+0000] {processor.py:840} INFO - DAG(s) 'example_dynamic_task_mapping' retrieved from /home/airflow/.local/lib/python3.12/site-packages/airflow/example_dags/example_dynamic_task_mapping.py
[2025-10-03T00:15:33.888+0000] {logging_mixin.py:188} INFO - [2025-10-03T00:15:33.888+0000] {dag.py:3096} INFO - Sync 1 DAGs
[2025-10-03T00:15:33.942+0000] {logging_mixin.py:188} INFO - [2025-10-03T00:15:33.941+0000] {dag.py:3954} INFO - Setting next_dagrun for example_dynamic_task_mapping to 2022-03-04 00:00:00+00:00, run_after=2022-03-05 00:00:00+00:00
[2025-10-03T00:15:33.982+0000] {processor.py:183} INFO - Processing /home/airflow/.local/lib/python3.12/site-packages/airflow/example_dags/example_dynamic_task_mapping.py took 0.180 seconds
[2025-10-03T00:16:04.275+0000] {processor.py:161} INFO - Started process (PID=16075) to work on /home/airflow/.local/lib/python3.12/site-packages/airflow/example_dags/example_dynamic_task_mapping.py
[2025-10-03T00:16:04.277+0000] {processor.py:830} INFO - Processing file /home/airflow/.local/lib/python3.12/site-packages/airflow/example_dags/example_dynamic_task_mapping.py for tasks to queue
[2025-10-03T00:16:04.280+0000] {logging_mixin.py:188} INFO - [2025-10-03T00:16:04.279+0000] {dagbag.py:545} INFO - Filling up the DagBag from /home/airflow/.local/lib/python3.12/site-packages/airflow/example_dags/example_dynamic_task_mapping.py
[2025-10-03T00:16:04.300+0000] {processor.py:840} INFO - DAG(s) 'example_dynamic_task_mapping' retrieved from /home/airflow/.local/lib/python3.12/site-packages/airflow/example_dags/example_dynamic_task_mapping.py
[2025-10-03T00:16:04.359+0000] {logging_mixin.py:188} INFO - [2025-10-03T00:16:04.358+0000] {dag.py:3096} INFO - Sync 1 DAGs
[2025-10-03T00:16:04.452+0000] {logging_mixin.py:188} INFO - [2025-10-03T00:16:04.451+0000] {dag.py:3954} INFO - Setting next_dagrun for example_dynamic_task_mapping to 2022-03-04 00:00:00+00:00, run_after=2022-03-05 00:00:00+00:00
[2025-10-03T00:16:04.532+0000] {processor.py:183} INFO - Processing /home/airflow/.local/lib/python3.12/site-packages/airflow/example_dags/example_dynamic_task_mapping.py took 0.274 seconds
[2025-10-03T00:16:34.920+0000] {processor.py:161} INFO - Started process (PID=16128) to work on /home/airflow/.local/lib/python3.12/site-packages/airflow/example_dags/example_dynamic_task_mapping.py
[2025-10-03T00:16:34.922+0000] {processor.py:830} INFO - Processing file /home/airflow/.local/lib/python3.12/site-packages/airflow/example_dags/example_dynamic_task_mapping.py for tasks to queue
[2025-10-03T00:16:34.924+0000] {logging_mixin.py:188} INFO - [2025-10-03T00:16:34.923+0000] {dagbag.py:545} INFO - Filling up the DagBag from /home/airflow/.local/lib/python3.12/site-packages/airflow/example_dags/example_dynamic_task_mapping.py
[2025-10-03T00:16:34.947+0000] {processor.py:840} INFO - DAG(s) 'example_dynamic_task_mapping' retrieved from /home/airflow/.local/lib/python3.12/site-packages/airflow/example_dags/example_dynamic_task_mapping.py
[2025-10-03T00:16:35.012+0000] {logging_mixin.py:188} INFO - [2025-10-03T00:16:35.011+0000] {dag.py:3096} INFO - Sync 1 DAGs
[2025-10-03T00:16:35.066+0000] {logging_mixin.py:188} INFO - [2025-10-03T00:16:35.066+0000] {dag.py:3954} INFO - Setting next_dagrun for example_dynamic_task_mapping to 2022-03-04 00:00:00+00:00, run_after=2022-03-05 00:00:00+00:00
[2025-10-03T00:16:35.106+0000] {processor.py:183} INFO - Processing /home/airflow/.local/lib/python3.12/site-packages/airflow/example_dags/example_dynamic_task_mapping.py took 0.204 seconds
[2025-10-03T00:17:05.734+0000] {processor.py:161} INFO - Started process (PID=16181) to work on /home/airflow/.local/lib/python3.12/site-packages/airflow/example_dags/example_dynamic_task_mapping.py
[2025-10-03T00:17:05.739+0000] {processor.py:830} INFO - Processing file /home/airflow/.local/lib/python3.12/site-packages/airflow/example_dags/example_dynamic_task_mapping.py for tasks to queue
[2025-10-03T00:17:05.743+0000] {logging_mixin.py:188} INFO - [2025-10-03T00:17:05.742+0000] {dagbag.py:545} INFO - Filling up the DagBag from /home/airflow/.local/lib/python3.12/site-packages/airflow/example_dags/example_dynamic_task_mapping.py
[2025-10-03T00:17:05.767+0000] {processor.py:840} INFO - DAG(s) 'example_dynamic_task_mapping' retrieved from /home/airflow/.local/lib/python3.12/site-packages/airflow/example_dags/example_dynamic_task_mapping.py
[2025-10-03T00:17:05.836+0000] {logging_mixin.py:188} INFO - [2025-10-03T00:17:05.835+0000] {dag.py:3096} INFO - Sync 1 DAGs
[2025-10-03T00:17:05.906+0000] {logging_mixin.py:188} INFO - [2025-10-03T00:17:05.905+0000] {dag.py:3954} INFO - Setting next_dagrun for example_dynamic_task_mapping to 2022-03-04 00:00:00+00:00, run_after=2022-03-05 00:00:00+00:00
[2025-10-03T00:17:05.954+0000] {processor.py:183} INFO - Processing /home/airflow/.local/lib/python3.12/site-packages/airflow/example_dags/example_dynamic_task_mapping.py took 0.245 seconds
[2025-10-03T00:17:36.313+0000] {processor.py:161} INFO - Started process (PID=16234) to work on /home/airflow/.local/lib/python3.12/site-packages/airflow/example_dags/example_dynamic_task_mapping.py
[2025-10-03T00:17:36.318+0000] {processor.py:830} INFO - Processing file /home/airflow/.local/lib/python3.12/site-packages/airflow/example_dags/example_dynamic_task_mapping.py for tasks to queue
[2025-10-03T00:17:36.325+0000] {logging_mixin.py:188} INFO - [2025-10-03T00:17:36.323+0000] {dagbag.py:545} INFO - Filling up the DagBag from /home/airflow/.local/lib/python3.12/site-packages/airflow/example_dags/example_dynamic_task_mapping.py
[2025-10-03T00:17:36.367+0000] {processor.py:840} INFO - DAG(s) 'example_dynamic_task_mapping' retrieved from /home/airflow/.local/lib/python3.12/site-packages/airflow/example_dags/example_dynamic_task_mapping.py
[2025-10-03T00:17:36.440+0000] {logging_mixin.py:188} INFO - [2025-10-03T00:17:36.439+0000] {dag.py:3096} INFO - Sync 1 DAGs
[2025-10-03T00:17:36.490+0000] {logging_mixin.py:188} INFO - [2025-10-03T00:17:36.490+0000] {dag.py:3954} INFO - Setting next_dagrun for example_dynamic_task_mapping to 2022-03-04 00:00:00+00:00, run_after=2022-03-05 00:00:00+00:00
[2025-10-03T00:17:36.534+0000] {processor.py:183} INFO - Processing /home/airflow/.local/lib/python3.12/site-packages/airflow/example_dags/example_dynamic_task_mapping.py took 0.256 seconds
[2025-10-03T00:18:06.857+0000] {processor.py:161} INFO - Started process (PID=16287) to work on /home/airflow/.local/lib/python3.12/site-packages/airflow/example_dags/example_dynamic_task_mapping.py
[2025-10-03T00:18:06.859+0000] {processor.py:830} INFO - Processing file /home/airflow/.local/lib/python3.12/site-packages/airflow/example_dags/example_dynamic_task_mapping.py for tasks to queue
[2025-10-03T00:18:06.861+0000] {logging_mixin.py:188} INFO - [2025-10-03T00:18:06.861+0000] {dagbag.py:545} INFO - Filling up the DagBag from /home/airflow/.local/lib/python3.12/site-packages/airflow/example_dags/example_dynamic_task_mapping.py
[2025-10-03T00:18:06.882+0000] {processor.py:840} INFO - DAG(s) 'example_dynamic_task_mapping' retrieved from /home/airflow/.local/lib/python3.12/site-packages/airflow/example_dags/example_dynamic_task_mapping.py
[2025-10-03T00:18:06.939+0000] {logging_mixin.py:188} INFO - [2025-10-03T00:18:06.938+0000] {dag.py:3096} INFO - Sync 1 DAGs
[2025-10-03T00:18:07.002+0000] {logging_mixin.py:188} INFO - [2025-10-03T00:18:07.002+0000] {dag.py:3954} INFO - Setting next_dagrun for example_dynamic_task_mapping to 2022-03-04 00:00:00+00:00, run_after=2022-03-05 00:00:00+00:00
[2025-10-03T00:18:07.052+0000] {processor.py:183} INFO - Processing /home/airflow/.local/lib/python3.12/site-packages/airflow/example_dags/example_dynamic_task_mapping.py took 0.213 seconds
