[2025-10-03T00:00:15.657+0000] {processor.py:161} INFO - Started process (PID=14443) to work on /home/airflow/.local/lib/python3.12/site-packages/airflow/example_dags/example_task_group_decorator.py
[2025-10-03T00:00:15.659+0000] {processor.py:830} INFO - Processing file /home/airflow/.local/lib/python3.12/site-packages/airflow/example_dags/example_task_group_decorator.py for tasks to queue
[2025-10-03T00:00:15.661+0000] {logging_mixin.py:188} INFO - [2025-10-03T00:00:15.661+0000] {dagbag.py:545} INFO - Filling up the DagBag from /home/airflow/.local/lib/python3.12/site-packages/airflow/example_dags/example_task_group_decorator.py
[2025-10-03T00:00:15.705+0000] {processor.py:840} INFO - DAG(s) 'example_task_group_decorator' retrieved from /home/airflow/.local/lib/python3.12/site-packages/airflow/example_dags/example_task_group_decorator.py
[2025-10-03T00:00:15.763+0000] {logging_mixin.py:188} INFO - [2025-10-03T00:00:15.762+0000] {dag.py:3096} INFO - Sync 1 DAGs
[2025-10-03T00:00:15.809+0000] {logging_mixin.py:188} INFO - [2025-10-03T00:00:15.808+0000] {dag.py:3954} INFO - Setting next_dagrun for example_task_group_decorator to 2025-10-02 00:00:00+00:00, run_after=2025-10-03 00:00:00+00:00
[2025-10-03T00:00:15.849+0000] {processor.py:183} INFO - Processing /home/airflow/.local/lib/python3.12/site-packages/airflow/example_dags/example_task_group_decorator.py took 0.209 seconds
[2025-10-03T00:00:46.020+0000] {processor.py:161} INFO - Started process (PID=14495) to work on /home/airflow/.local/lib/python3.12/site-packages/airflow/example_dags/example_task_group_decorator.py
[2025-10-03T00:00:46.023+0000] {processor.py:830} INFO - Processing file /home/airflow/.local/lib/python3.12/site-packages/airflow/example_dags/example_task_group_decorator.py for tasks to queue
[2025-10-03T00:00:46.025+0000] {logging_mixin.py:188} INFO - [2025-10-03T00:00:46.024+0000] {dagbag.py:545} INFO - Filling up the DagBag from /home/airflow/.local/lib/python3.12/site-packages/airflow/example_dags/example_task_group_decorator.py
[2025-10-03T00:00:46.062+0000] {processor.py:840} INFO - DAG(s) 'example_task_group_decorator' retrieved from /home/airflow/.local/lib/python3.12/site-packages/airflow/example_dags/example_task_group_decorator.py
[2025-10-03T00:00:46.127+0000] {logging_mixin.py:188} INFO - [2025-10-03T00:00:46.126+0000] {dag.py:3096} INFO - Sync 1 DAGs
[2025-10-03T00:00:46.172+0000] {logging_mixin.py:188} INFO - [2025-10-03T00:00:46.171+0000] {dag.py:3954} INFO - Setting next_dagrun for example_task_group_decorator to 2025-10-02 00:00:00+00:00, run_after=2025-10-03 00:00:00+00:00
[2025-10-03T00:00:46.219+0000] {processor.py:183} INFO - Processing /home/airflow/.local/lib/python3.12/site-packages/airflow/example_dags/example_task_group_decorator.py took 0.213 seconds
[2025-10-03T00:01:17.168+0000] {processor.py:161} INFO - Started process (PID=14549) to work on /home/airflow/.local/lib/python3.12/site-packages/airflow/example_dags/example_task_group_decorator.py
[2025-10-03T00:01:17.170+0000] {processor.py:830} INFO - Processing file /home/airflow/.local/lib/python3.12/site-packages/airflow/example_dags/example_task_group_decorator.py for tasks to queue
[2025-10-03T00:01:17.173+0000] {logging_mixin.py:188} INFO - [2025-10-03T00:01:17.172+0000] {dagbag.py:545} INFO - Filling up the DagBag from /home/airflow/.local/lib/python3.12/site-packages/airflow/example_dags/example_task_group_decorator.py
[2025-10-03T00:01:17.216+0000] {processor.py:840} INFO - DAG(s) 'example_task_group_decorator' retrieved from /home/airflow/.local/lib/python3.12/site-packages/airflow/example_dags/example_task_group_decorator.py
[2025-10-03T00:01:17.276+0000] {logging_mixin.py:188} INFO - [2025-10-03T00:01:17.275+0000] {dag.py:3096} INFO - Sync 1 DAGs
[2025-10-03T00:01:17.337+0000] {logging_mixin.py:188} INFO - [2025-10-03T00:01:17.337+0000] {dag.py:3954} INFO - Setting next_dagrun for example_task_group_decorator to 2025-10-02 00:00:00+00:00, run_after=2025-10-03 00:00:00+00:00
[2025-10-03T00:01:17.380+0000] {processor.py:183} INFO - Processing /home/airflow/.local/lib/python3.12/site-packages/airflow/example_dags/example_task_group_decorator.py took 0.227 seconds
[2025-10-03T00:01:47.531+0000] {processor.py:161} INFO - Started process (PID=14601) to work on /home/airflow/.local/lib/python3.12/site-packages/airflow/example_dags/example_task_group_decorator.py
[2025-10-03T00:01:47.534+0000] {processor.py:830} INFO - Processing file /home/airflow/.local/lib/python3.12/site-packages/airflow/example_dags/example_task_group_decorator.py for tasks to queue
[2025-10-03T00:01:47.537+0000] {logging_mixin.py:188} INFO - [2025-10-03T00:01:47.536+0000] {dagbag.py:545} INFO - Filling up the DagBag from /home/airflow/.local/lib/python3.12/site-packages/airflow/example_dags/example_task_group_decorator.py
[2025-10-03T00:01:47.573+0000] {processor.py:840} INFO - DAG(s) 'example_task_group_decorator' retrieved from /home/airflow/.local/lib/python3.12/site-packages/airflow/example_dags/example_task_group_decorator.py
[2025-10-03T00:01:47.636+0000] {logging_mixin.py:188} INFO - [2025-10-03T00:01:47.635+0000] {dag.py:3096} INFO - Sync 1 DAGs
[2025-10-03T00:01:47.688+0000] {logging_mixin.py:188} INFO - [2025-10-03T00:01:47.687+0000] {dag.py:3954} INFO - Setting next_dagrun for example_task_group_decorator to 2025-10-02 00:00:00+00:00, run_after=2025-10-03 00:00:00+00:00
[2025-10-03T00:01:47.743+0000] {processor.py:183} INFO - Processing /home/airflow/.local/lib/python3.12/site-packages/airflow/example_dags/example_task_group_decorator.py took 0.227 seconds
[2025-10-03T00:02:18.145+0000] {processor.py:161} INFO - Started process (PID=14654) to work on /home/airflow/.local/lib/python3.12/site-packages/airflow/example_dags/example_task_group_decorator.py
[2025-10-03T00:02:18.147+0000] {processor.py:830} INFO - Processing file /home/airflow/.local/lib/python3.12/site-packages/airflow/example_dags/example_task_group_decorator.py for tasks to queue
[2025-10-03T00:02:18.150+0000] {logging_mixin.py:188} INFO - [2025-10-03T00:02:18.149+0000] {dagbag.py:545} INFO - Filling up the DagBag from /home/airflow/.local/lib/python3.12/site-packages/airflow/example_dags/example_task_group_decorator.py
[2025-10-03T00:02:18.194+0000] {processor.py:840} INFO - DAG(s) 'example_task_group_decorator' retrieved from /home/airflow/.local/lib/python3.12/site-packages/airflow/example_dags/example_task_group_decorator.py
[2025-10-03T00:02:18.264+0000] {logging_mixin.py:188} INFO - [2025-10-03T00:02:18.262+0000] {dag.py:3096} INFO - Sync 1 DAGs
[2025-10-03T00:02:18.321+0000] {logging_mixin.py:188} INFO - [2025-10-03T00:02:18.321+0000] {dag.py:3954} INFO - Setting next_dagrun for example_task_group_decorator to 2025-10-02 00:00:00+00:00, run_after=2025-10-03 00:00:00+00:00
[2025-10-03T00:02:18.372+0000] {processor.py:183} INFO - Processing /home/airflow/.local/lib/python3.12/site-packages/airflow/example_dags/example_task_group_decorator.py took 0.241 seconds
[2025-10-03T00:02:48.738+0000] {processor.py:161} INFO - Started process (PID=14707) to work on /home/airflow/.local/lib/python3.12/site-packages/airflow/example_dags/example_task_group_decorator.py
[2025-10-03T00:02:48.741+0000] {processor.py:830} INFO - Processing file /home/airflow/.local/lib/python3.12/site-packages/airflow/example_dags/example_task_group_decorator.py for tasks to queue
[2025-10-03T00:02:48.744+0000] {logging_mixin.py:188} INFO - [2025-10-03T00:02:48.743+0000] {dagbag.py:545} INFO - Filling up the DagBag from /home/airflow/.local/lib/python3.12/site-packages/airflow/example_dags/example_task_group_decorator.py
[2025-10-03T00:02:48.783+0000] {processor.py:840} INFO - DAG(s) 'example_task_group_decorator' retrieved from /home/airflow/.local/lib/python3.12/site-packages/airflow/example_dags/example_task_group_decorator.py
[2025-10-03T00:02:48.840+0000] {logging_mixin.py:188} INFO - [2025-10-03T00:02:48.839+0000] {dag.py:3096} INFO - Sync 1 DAGs
[2025-10-03T00:02:48.888+0000] {logging_mixin.py:188} INFO - [2025-10-03T00:02:48.888+0000] {dag.py:3954} INFO - Setting next_dagrun for example_task_group_decorator to 2025-10-02 00:00:00+00:00, run_after=2025-10-03 00:00:00+00:00
[2025-10-03T00:02:48.929+0000] {processor.py:183} INFO - Processing /home/airflow/.local/lib/python3.12/site-packages/airflow/example_dags/example_task_group_decorator.py took 0.206 seconds
[2025-10-03T00:03:19.489+0000] {processor.py:161} INFO - Started process (PID=14760) to work on /home/airflow/.local/lib/python3.12/site-packages/airflow/example_dags/example_task_group_decorator.py
[2025-10-03T00:03:19.491+0000] {processor.py:830} INFO - Processing file /home/airflow/.local/lib/python3.12/site-packages/airflow/example_dags/example_task_group_decorator.py for tasks to queue
[2025-10-03T00:03:19.496+0000] {logging_mixin.py:188} INFO - [2025-10-03T00:03:19.494+0000] {dagbag.py:545} INFO - Filling up the DagBag from /home/airflow/.local/lib/python3.12/site-packages/airflow/example_dags/example_task_group_decorator.py
[2025-10-03T00:03:19.536+0000] {processor.py:840} INFO - DAG(s) 'example_task_group_decorator' retrieved from /home/airflow/.local/lib/python3.12/site-packages/airflow/example_dags/example_task_group_decorator.py
[2025-10-03T00:03:19.600+0000] {logging_mixin.py:188} INFO - [2025-10-03T00:03:19.599+0000] {dag.py:3096} INFO - Sync 1 DAGs
[2025-10-03T00:03:19.649+0000] {logging_mixin.py:188} INFO - [2025-10-03T00:03:19.648+0000] {dag.py:3954} INFO - Setting next_dagrun for example_task_group_decorator to 2025-10-02 00:00:00+00:00, run_after=2025-10-03 00:00:00+00:00
[2025-10-03T00:03:19.701+0000] {processor.py:183} INFO - Processing /home/airflow/.local/lib/python3.12/site-packages/airflow/example_dags/example_task_group_decorator.py took 0.228 seconds
[2025-10-03T00:03:50.001+0000] {processor.py:161} INFO - Started process (PID=14813) to work on /home/airflow/.local/lib/python3.12/site-packages/airflow/example_dags/example_task_group_decorator.py
[2025-10-03T00:03:50.009+0000] {processor.py:830} INFO - Processing file /home/airflow/.local/lib/python3.12/site-packages/airflow/example_dags/example_task_group_decorator.py for tasks to queue
[2025-10-03T00:03:50.013+0000] {logging_mixin.py:188} INFO - [2025-10-03T00:03:50.012+0000] {dagbag.py:545} INFO - Filling up the DagBag from /home/airflow/.local/lib/python3.12/site-packages/airflow/example_dags/example_task_group_decorator.py
[2025-10-03T00:03:50.069+0000] {processor.py:840} INFO - DAG(s) 'example_task_group_decorator' retrieved from /home/airflow/.local/lib/python3.12/site-packages/airflow/example_dags/example_task_group_decorator.py
[2025-10-03T00:03:50.133+0000] {logging_mixin.py:188} INFO - [2025-10-03T00:03:50.132+0000] {dag.py:3096} INFO - Sync 1 DAGs
[2025-10-03T00:03:50.189+0000] {logging_mixin.py:188} INFO - [2025-10-03T00:03:50.189+0000] {dag.py:3954} INFO - Setting next_dagrun for example_task_group_decorator to 2025-10-02 00:00:00+00:00, run_after=2025-10-03 00:00:00+00:00
[2025-10-03T00:03:50.244+0000] {processor.py:183} INFO - Processing /home/airflow/.local/lib/python3.12/site-packages/airflow/example_dags/example_task_group_decorator.py took 0.259 seconds
[2025-10-03T00:04:20.674+0000] {processor.py:161} INFO - Started process (PID=14866) to work on /home/airflow/.local/lib/python3.12/site-packages/airflow/example_dags/example_task_group_decorator.py
[2025-10-03T00:04:20.678+0000] {processor.py:830} INFO - Processing file /home/airflow/.local/lib/python3.12/site-packages/airflow/example_dags/example_task_group_decorator.py for tasks to queue
[2025-10-03T00:04:20.680+0000] {logging_mixin.py:188} INFO - [2025-10-03T00:04:20.680+0000] {dagbag.py:545} INFO - Filling up the DagBag from /home/airflow/.local/lib/python3.12/site-packages/airflow/example_dags/example_task_group_decorator.py
[2025-10-03T00:04:20.721+0000] {processor.py:840} INFO - DAG(s) 'example_task_group_decorator' retrieved from /home/airflow/.local/lib/python3.12/site-packages/airflow/example_dags/example_task_group_decorator.py
[2025-10-03T00:04:20.785+0000] {logging_mixin.py:188} INFO - [2025-10-03T00:04:20.785+0000] {dag.py:3096} INFO - Sync 1 DAGs
[2025-10-03T00:04:20.842+0000] {logging_mixin.py:188} INFO - [2025-10-03T00:04:20.841+0000] {dag.py:3954} INFO - Setting next_dagrun for example_task_group_decorator to 2025-10-02 00:00:00+00:00, run_after=2025-10-03 00:00:00+00:00
[2025-10-03T00:04:20.892+0000] {processor.py:183} INFO - Processing /home/airflow/.local/lib/python3.12/site-packages/airflow/example_dags/example_task_group_decorator.py took 0.234 seconds
[2025-10-03T00:04:51.053+0000] {processor.py:161} INFO - Started process (PID=14919) to work on /home/airflow/.local/lib/python3.12/site-packages/airflow/example_dags/example_task_group_decorator.py
[2025-10-03T00:04:51.056+0000] {processor.py:830} INFO - Processing file /home/airflow/.local/lib/python3.12/site-packages/airflow/example_dags/example_task_group_decorator.py for tasks to queue
[2025-10-03T00:04:51.058+0000] {logging_mixin.py:188} INFO - [2025-10-03T00:04:51.057+0000] {dagbag.py:545} INFO - Filling up the DagBag from /home/airflow/.local/lib/python3.12/site-packages/airflow/example_dags/example_task_group_decorator.py
[2025-10-03T00:04:51.095+0000] {processor.py:840} INFO - DAG(s) 'example_task_group_decorator' retrieved from /home/airflow/.local/lib/python3.12/site-packages/airflow/example_dags/example_task_group_decorator.py
[2025-10-03T00:04:51.149+0000] {logging_mixin.py:188} INFO - [2025-10-03T00:04:51.149+0000] {dag.py:3096} INFO - Sync 1 DAGs
[2025-10-03T00:04:51.194+0000] {logging_mixin.py:188} INFO - [2025-10-03T00:04:51.194+0000] {dag.py:3954} INFO - Setting next_dagrun for example_task_group_decorator to 2025-10-02 00:00:00+00:00, run_after=2025-10-03 00:00:00+00:00
[2025-10-03T00:04:51.236+0000] {processor.py:183} INFO - Processing /home/airflow/.local/lib/python3.12/site-packages/airflow/example_dags/example_task_group_decorator.py took 0.197 seconds
[2025-10-03T00:05:21.755+0000] {processor.py:161} INFO - Started process (PID=14972) to work on /home/airflow/.local/lib/python3.12/site-packages/airflow/example_dags/example_task_group_decorator.py
[2025-10-03T00:05:21.758+0000] {processor.py:830} INFO - Processing file /home/airflow/.local/lib/python3.12/site-packages/airflow/example_dags/example_task_group_decorator.py for tasks to queue
[2025-10-03T00:05:21.761+0000] {logging_mixin.py:188} INFO - [2025-10-03T00:05:21.760+0000] {dagbag.py:545} INFO - Filling up the DagBag from /home/airflow/.local/lib/python3.12/site-packages/airflow/example_dags/example_task_group_decorator.py
[2025-10-03T00:05:21.798+0000] {processor.py:840} INFO - DAG(s) 'example_task_group_decorator' retrieved from /home/airflow/.local/lib/python3.12/site-packages/airflow/example_dags/example_task_group_decorator.py
[2025-10-03T00:05:21.854+0000] {logging_mixin.py:188} INFO - [2025-10-03T00:05:21.854+0000] {dag.py:3096} INFO - Sync 1 DAGs
[2025-10-03T00:05:21.901+0000] {logging_mixin.py:188} INFO - [2025-10-03T00:05:21.900+0000] {dag.py:3954} INFO - Setting next_dagrun for example_task_group_decorator to 2025-10-02 00:00:00+00:00, run_after=2025-10-03 00:00:00+00:00
[2025-10-03T00:05:21.941+0000] {processor.py:183} INFO - Processing /home/airflow/.local/lib/python3.12/site-packages/airflow/example_dags/example_task_group_decorator.py took 0.202 seconds
[2025-10-03T00:05:52.484+0000] {processor.py:161} INFO - Started process (PID=15025) to work on /home/airflow/.local/lib/python3.12/site-packages/airflow/example_dags/example_task_group_decorator.py
[2025-10-03T00:05:52.486+0000] {processor.py:830} INFO - Processing file /home/airflow/.local/lib/python3.12/site-packages/airflow/example_dags/example_task_group_decorator.py for tasks to queue
[2025-10-03T00:05:52.489+0000] {logging_mixin.py:188} INFO - [2025-10-03T00:05:52.488+0000] {dagbag.py:545} INFO - Filling up the DagBag from /home/airflow/.local/lib/python3.12/site-packages/airflow/example_dags/example_task_group_decorator.py
[2025-10-03T00:05:52.532+0000] {processor.py:840} INFO - DAG(s) 'example_task_group_decorator' retrieved from /home/airflow/.local/lib/python3.12/site-packages/airflow/example_dags/example_task_group_decorator.py
[2025-10-03T00:05:52.589+0000] {logging_mixin.py:188} INFO - [2025-10-03T00:05:52.588+0000] {dag.py:3096} INFO - Sync 1 DAGs
[2025-10-03T00:05:52.637+0000] {logging_mixin.py:188} INFO - [2025-10-03T00:05:52.636+0000] {dag.py:3954} INFO - Setting next_dagrun for example_task_group_decorator to 2025-10-02 00:00:00+00:00, run_after=2025-10-03 00:00:00+00:00
[2025-10-03T00:05:52.681+0000] {processor.py:183} INFO - Processing /home/airflow/.local/lib/python3.12/site-packages/airflow/example_dags/example_task_group_decorator.py took 0.214 seconds
[2025-10-03T00:06:23.726+0000] {processor.py:161} INFO - Started process (PID=15078) to work on /home/airflow/.local/lib/python3.12/site-packages/airflow/example_dags/example_task_group_decorator.py
[2025-10-03T00:06:23.735+0000] {processor.py:830} INFO - Processing file /home/airflow/.local/lib/python3.12/site-packages/airflow/example_dags/example_task_group_decorator.py for tasks to queue
[2025-10-03T00:06:23.743+0000] {logging_mixin.py:188} INFO - [2025-10-03T00:06:23.741+0000] {dagbag.py:545} INFO - Filling up the DagBag from /home/airflow/.local/lib/python3.12/site-packages/airflow/example_dags/example_task_group_decorator.py
[2025-10-03T00:06:23.881+0000] {processor.py:840} INFO - DAG(s) 'example_task_group_decorator' retrieved from /home/airflow/.local/lib/python3.12/site-packages/airflow/example_dags/example_task_group_decorator.py
[2025-10-03T00:06:24.028+0000] {logging_mixin.py:188} INFO - [2025-10-03T00:06:24.027+0000] {dag.py:3096} INFO - Sync 1 DAGs
[2025-10-03T00:06:24.111+0000] {logging_mixin.py:188} INFO - [2025-10-03T00:06:24.110+0000] {dag.py:3954} INFO - Setting next_dagrun for example_task_group_decorator to 2025-10-02 00:00:00+00:00, run_after=2025-10-03 00:00:00+00:00
[2025-10-03T00:06:24.173+0000] {processor.py:183} INFO - Processing /home/airflow/.local/lib/python3.12/site-packages/airflow/example_dags/example_task_group_decorator.py took 0.490 seconds
[2025-10-03T00:06:54.498+0000] {processor.py:161} INFO - Started process (PID=15131) to work on /home/airflow/.local/lib/python3.12/site-packages/airflow/example_dags/example_task_group_decorator.py
[2025-10-03T00:06:54.501+0000] {processor.py:830} INFO - Processing file /home/airflow/.local/lib/python3.12/site-packages/airflow/example_dags/example_task_group_decorator.py for tasks to queue
[2025-10-03T00:06:54.504+0000] {logging_mixin.py:188} INFO - [2025-10-03T00:06:54.502+0000] {dagbag.py:545} INFO - Filling up the DagBag from /home/airflow/.local/lib/python3.12/site-packages/airflow/example_dags/example_task_group_decorator.py
[2025-10-03T00:06:54.559+0000] {processor.py:840} INFO - DAG(s) 'example_task_group_decorator' retrieved from /home/airflow/.local/lib/python3.12/site-packages/airflow/example_dags/example_task_group_decorator.py
[2025-10-03T00:06:54.639+0000] {logging_mixin.py:188} INFO - [2025-10-03T00:06:54.639+0000] {dag.py:3096} INFO - Sync 1 DAGs
[2025-10-03T00:06:54.700+0000] {logging_mixin.py:188} INFO - [2025-10-03T00:06:54.699+0000] {dag.py:3954} INFO - Setting next_dagrun for example_task_group_decorator to 2025-10-02 00:00:00+00:00, run_after=2025-10-03 00:00:00+00:00
[2025-10-03T00:06:54.748+0000] {processor.py:183} INFO - Processing /home/airflow/.local/lib/python3.12/site-packages/airflow/example_dags/example_task_group_decorator.py took 0.274 seconds
[2025-10-03T00:07:25.121+0000] {processor.py:161} INFO - Started process (PID=15184) to work on /home/airflow/.local/lib/python3.12/site-packages/airflow/example_dags/example_task_group_decorator.py
[2025-10-03T00:07:25.125+0000] {processor.py:830} INFO - Processing file /home/airflow/.local/lib/python3.12/site-packages/airflow/example_dags/example_task_group_decorator.py for tasks to queue
[2025-10-03T00:07:25.127+0000] {logging_mixin.py:188} INFO - [2025-10-03T00:07:25.126+0000] {dagbag.py:545} INFO - Filling up the DagBag from /home/airflow/.local/lib/python3.12/site-packages/airflow/example_dags/example_task_group_decorator.py
[2025-10-03T00:07:25.161+0000] {processor.py:840} INFO - DAG(s) 'example_task_group_decorator' retrieved from /home/airflow/.local/lib/python3.12/site-packages/airflow/example_dags/example_task_group_decorator.py
[2025-10-03T00:07:25.216+0000] {logging_mixin.py:188} INFO - [2025-10-03T00:07:25.215+0000] {dag.py:3096} INFO - Sync 1 DAGs
[2025-10-03T00:07:25.268+0000] {logging_mixin.py:188} INFO - [2025-10-03T00:07:25.267+0000] {dag.py:3954} INFO - Setting next_dagrun for example_task_group_decorator to 2025-10-02 00:00:00+00:00, run_after=2025-10-03 00:00:00+00:00
[2025-10-03T00:07:25.312+0000] {processor.py:183} INFO - Processing /home/airflow/.local/lib/python3.12/site-packages/airflow/example_dags/example_task_group_decorator.py took 0.206 seconds
[2025-10-03T00:07:55.842+0000] {processor.py:161} INFO - Started process (PID=15237) to work on /home/airflow/.local/lib/python3.12/site-packages/airflow/example_dags/example_task_group_decorator.py
[2025-10-03T00:07:55.847+0000] {processor.py:830} INFO - Processing file /home/airflow/.local/lib/python3.12/site-packages/airflow/example_dags/example_task_group_decorator.py for tasks to queue
[2025-10-03T00:07:55.851+0000] {logging_mixin.py:188} INFO - [2025-10-03T00:07:55.850+0000] {dagbag.py:545} INFO - Filling up the DagBag from /home/airflow/.local/lib/python3.12/site-packages/airflow/example_dags/example_task_group_decorator.py
[2025-10-03T00:07:55.910+0000] {processor.py:840} INFO - DAG(s) 'example_task_group_decorator' retrieved from /home/airflow/.local/lib/python3.12/site-packages/airflow/example_dags/example_task_group_decorator.py
[2025-10-03T00:07:55.968+0000] {logging_mixin.py:188} INFO - [2025-10-03T00:07:55.967+0000] {dag.py:3096} INFO - Sync 1 DAGs
[2025-10-03T00:07:56.020+0000] {logging_mixin.py:188} INFO - [2025-10-03T00:07:56.020+0000] {dag.py:3954} INFO - Setting next_dagrun for example_task_group_decorator to 2025-10-02 00:00:00+00:00, run_after=2025-10-03 00:00:00+00:00
[2025-10-03T00:07:56.066+0000] {processor.py:183} INFO - Processing /home/airflow/.local/lib/python3.12/site-packages/airflow/example_dags/example_task_group_decorator.py took 0.265 seconds
[2025-10-03T00:08:26.212+0000] {processor.py:161} INFO - Started process (PID=15290) to work on /home/airflow/.local/lib/python3.12/site-packages/airflow/example_dags/example_task_group_decorator.py
[2025-10-03T00:08:26.215+0000] {processor.py:830} INFO - Processing file /home/airflow/.local/lib/python3.12/site-packages/airflow/example_dags/example_task_group_decorator.py for tasks to queue
[2025-10-03T00:08:26.217+0000] {logging_mixin.py:188} INFO - [2025-10-03T00:08:26.216+0000] {dagbag.py:545} INFO - Filling up the DagBag from /home/airflow/.local/lib/python3.12/site-packages/airflow/example_dags/example_task_group_decorator.py
[2025-10-03T00:08:26.272+0000] {processor.py:840} INFO - DAG(s) 'example_task_group_decorator' retrieved from /home/airflow/.local/lib/python3.12/site-packages/airflow/example_dags/example_task_group_decorator.py
[2025-10-03T00:08:26.341+0000] {logging_mixin.py:188} INFO - [2025-10-03T00:08:26.340+0000] {dag.py:3096} INFO - Sync 1 DAGs
[2025-10-03T00:08:26.391+0000] {logging_mixin.py:188} INFO - [2025-10-03T00:08:26.390+0000] {dag.py:3954} INFO - Setting next_dagrun for example_task_group_decorator to 2025-10-02 00:00:00+00:00, run_after=2025-10-03 00:00:00+00:00
[2025-10-03T00:08:26.439+0000] {processor.py:183} INFO - Processing /home/airflow/.local/lib/python3.12/site-packages/airflow/example_dags/example_task_group_decorator.py took 0.242 seconds
[2025-10-03T00:08:56.718+0000] {processor.py:161} INFO - Started process (PID=15343) to work on /home/airflow/.local/lib/python3.12/site-packages/airflow/example_dags/example_task_group_decorator.py
[2025-10-03T00:08:56.720+0000] {processor.py:830} INFO - Processing file /home/airflow/.local/lib/python3.12/site-packages/airflow/example_dags/example_task_group_decorator.py for tasks to queue
[2025-10-03T00:08:56.723+0000] {logging_mixin.py:188} INFO - [2025-10-03T00:08:56.722+0000] {dagbag.py:545} INFO - Filling up the DagBag from /home/airflow/.local/lib/python3.12/site-packages/airflow/example_dags/example_task_group_decorator.py
[2025-10-03T00:08:56.762+0000] {processor.py:840} INFO - DAG(s) 'example_task_group_decorator' retrieved from /home/airflow/.local/lib/python3.12/site-packages/airflow/example_dags/example_task_group_decorator.py
[2025-10-03T00:08:56.831+0000] {logging_mixin.py:188} INFO - [2025-10-03T00:08:56.830+0000] {dag.py:3096} INFO - Sync 1 DAGs
[2025-10-03T00:08:56.877+0000] {logging_mixin.py:188} INFO - [2025-10-03T00:08:56.876+0000] {dag.py:3954} INFO - Setting next_dagrun for example_task_group_decorator to 2025-10-02 00:00:00+00:00, run_after=2025-10-03 00:00:00+00:00
[2025-10-03T00:08:56.927+0000] {processor.py:183} INFO - Processing /home/airflow/.local/lib/python3.12/site-packages/airflow/example_dags/example_task_group_decorator.py took 0.224 seconds
[2025-10-03T00:09:27.213+0000] {processor.py:161} INFO - Started process (PID=15397) to work on /home/airflow/.local/lib/python3.12/site-packages/airflow/example_dags/example_task_group_decorator.py
[2025-10-03T00:09:27.215+0000] {processor.py:830} INFO - Processing file /home/airflow/.local/lib/python3.12/site-packages/airflow/example_dags/example_task_group_decorator.py for tasks to queue
[2025-10-03T00:09:27.218+0000] {logging_mixin.py:188} INFO - [2025-10-03T00:09:27.217+0000] {dagbag.py:545} INFO - Filling up the DagBag from /home/airflow/.local/lib/python3.12/site-packages/airflow/example_dags/example_task_group_decorator.py
[2025-10-03T00:09:27.255+0000] {processor.py:840} INFO - DAG(s) 'example_task_group_decorator' retrieved from /home/airflow/.local/lib/python3.12/site-packages/airflow/example_dags/example_task_group_decorator.py
[2025-10-03T00:09:27.312+0000] {logging_mixin.py:188} INFO - [2025-10-03T00:09:27.311+0000] {dag.py:3096} INFO - Sync 1 DAGs
[2025-10-03T00:09:27.367+0000] {logging_mixin.py:188} INFO - [2025-10-03T00:09:27.366+0000] {dag.py:3954} INFO - Setting next_dagrun for example_task_group_decorator to 2025-10-02 00:00:00+00:00, run_after=2025-10-03 00:00:00+00:00
[2025-10-03T00:09:27.429+0000] {processor.py:183} INFO - Processing /home/airflow/.local/lib/python3.12/site-packages/airflow/example_dags/example_task_group_decorator.py took 0.235 seconds
[2025-10-03T00:09:57.773+0000] {processor.py:161} INFO - Started process (PID=15449) to work on /home/airflow/.local/lib/python3.12/site-packages/airflow/example_dags/example_task_group_decorator.py
[2025-10-03T00:09:57.776+0000] {processor.py:830} INFO - Processing file /home/airflow/.local/lib/python3.12/site-packages/airflow/example_dags/example_task_group_decorator.py for tasks to queue
[2025-10-03T00:09:57.778+0000] {logging_mixin.py:188} INFO - [2025-10-03T00:09:57.777+0000] {dagbag.py:545} INFO - Filling up the DagBag from /home/airflow/.local/lib/python3.12/site-packages/airflow/example_dags/example_task_group_decorator.py
[2025-10-03T00:09:57.814+0000] {processor.py:840} INFO - DAG(s) 'example_task_group_decorator' retrieved from /home/airflow/.local/lib/python3.12/site-packages/airflow/example_dags/example_task_group_decorator.py
[2025-10-03T00:09:57.876+0000] {logging_mixin.py:188} INFO - [2025-10-03T00:09:57.875+0000] {dag.py:3096} INFO - Sync 1 DAGs
[2025-10-03T00:09:57.923+0000] {logging_mixin.py:188} INFO - [2025-10-03T00:09:57.922+0000] {dag.py:3954} INFO - Setting next_dagrun for example_task_group_decorator to 2025-10-02 00:00:00+00:00, run_after=2025-10-03 00:00:00+00:00
[2025-10-03T00:09:57.966+0000] {processor.py:183} INFO - Processing /home/airflow/.local/lib/python3.12/site-packages/airflow/example_dags/example_task_group_decorator.py took 0.209 seconds
[2025-10-03T00:10:28.144+0000] {processor.py:161} INFO - Started process (PID=15502) to work on /home/airflow/.local/lib/python3.12/site-packages/airflow/example_dags/example_task_group_decorator.py
[2025-10-03T00:10:28.146+0000] {processor.py:830} INFO - Processing file /home/airflow/.local/lib/python3.12/site-packages/airflow/example_dags/example_task_group_decorator.py for tasks to queue
[2025-10-03T00:10:28.149+0000] {logging_mixin.py:188} INFO - [2025-10-03T00:10:28.148+0000] {dagbag.py:545} INFO - Filling up the DagBag from /home/airflow/.local/lib/python3.12/site-packages/airflow/example_dags/example_task_group_decorator.py
[2025-10-03T00:10:28.189+0000] {processor.py:840} INFO - DAG(s) 'example_task_group_decorator' retrieved from /home/airflow/.local/lib/python3.12/site-packages/airflow/example_dags/example_task_group_decorator.py
[2025-10-03T00:10:28.258+0000] {logging_mixin.py:188} INFO - [2025-10-03T00:10:28.257+0000] {dag.py:3096} INFO - Sync 1 DAGs
[2025-10-03T00:10:28.313+0000] {logging_mixin.py:188} INFO - [2025-10-03T00:10:28.312+0000] {dag.py:3954} INFO - Setting next_dagrun for example_task_group_decorator to 2025-10-02 00:00:00+00:00, run_after=2025-10-03 00:00:00+00:00
[2025-10-03T00:10:28.360+0000] {processor.py:183} INFO - Processing /home/airflow/.local/lib/python3.12/site-packages/airflow/example_dags/example_task_group_decorator.py took 0.232 seconds
[2025-10-03T00:10:59.097+0000] {processor.py:161} INFO - Started process (PID=15555) to work on /home/airflow/.local/lib/python3.12/site-packages/airflow/example_dags/example_task_group_decorator.py
[2025-10-03T00:10:59.104+0000] {processor.py:830} INFO - Processing file /home/airflow/.local/lib/python3.12/site-packages/airflow/example_dags/example_task_group_decorator.py for tasks to queue
[2025-10-03T00:10:59.113+0000] {logging_mixin.py:188} INFO - [2025-10-03T00:10:59.112+0000] {dagbag.py:545} INFO - Filling up the DagBag from /home/airflow/.local/lib/python3.12/site-packages/airflow/example_dags/example_task_group_decorator.py
[2025-10-03T00:10:59.285+0000] {processor.py:840} INFO - DAG(s) 'example_task_group_decorator' retrieved from /home/airflow/.local/lib/python3.12/site-packages/airflow/example_dags/example_task_group_decorator.py
[2025-10-03T00:10:59.586+0000] {logging_mixin.py:188} INFO - [2025-10-03T00:10:59.585+0000] {dag.py:3096} INFO - Sync 1 DAGs
[2025-10-03T00:10:59.751+0000] {logging_mixin.py:188} INFO - [2025-10-03T00:10:59.750+0000] {dag.py:3954} INFO - Setting next_dagrun for example_task_group_decorator to 2025-10-02 00:00:00+00:00, run_after=2025-10-03 00:00:00+00:00
[2025-10-03T00:10:59.989+0000] {processor.py:183} INFO - Processing /home/airflow/.local/lib/python3.12/site-packages/airflow/example_dags/example_task_group_decorator.py took 0.974 seconds
[2025-10-03T00:11:30.317+0000] {processor.py:161} INFO - Started process (PID=15609) to work on /home/airflow/.local/lib/python3.12/site-packages/airflow/example_dags/example_task_group_decorator.py
[2025-10-03T00:11:30.322+0000] {processor.py:830} INFO - Processing file /home/airflow/.local/lib/python3.12/site-packages/airflow/example_dags/example_task_group_decorator.py for tasks to queue
[2025-10-03T00:11:30.326+0000] {logging_mixin.py:188} INFO - [2025-10-03T00:11:30.324+0000] {dagbag.py:545} INFO - Filling up the DagBag from /home/airflow/.local/lib/python3.12/site-packages/airflow/example_dags/example_task_group_decorator.py
[2025-10-03T00:11:30.383+0000] {processor.py:840} INFO - DAG(s) 'example_task_group_decorator' retrieved from /home/airflow/.local/lib/python3.12/site-packages/airflow/example_dags/example_task_group_decorator.py
[2025-10-03T00:11:30.499+0000] {logging_mixin.py:188} INFO - [2025-10-03T00:11:30.499+0000] {dag.py:3096} INFO - Sync 1 DAGs
[2025-10-03T00:11:30.562+0000] {logging_mixin.py:188} INFO - [2025-10-03T00:11:30.561+0000] {dag.py:3954} INFO - Setting next_dagrun for example_task_group_decorator to 2025-10-02 00:00:00+00:00, run_after=2025-10-03 00:00:00+00:00
[2025-10-03T00:11:30.615+0000] {processor.py:183} INFO - Processing /home/airflow/.local/lib/python3.12/site-packages/airflow/example_dags/example_task_group_decorator.py took 0.321 seconds
[2025-10-03T00:12:01.127+0000] {processor.py:161} INFO - Started process (PID=15663) to work on /home/airflow/.local/lib/python3.12/site-packages/airflow/example_dags/example_task_group_decorator.py
[2025-10-03T00:12:01.130+0000] {processor.py:830} INFO - Processing file /home/airflow/.local/lib/python3.12/site-packages/airflow/example_dags/example_task_group_decorator.py for tasks to queue
[2025-10-03T00:12:01.132+0000] {logging_mixin.py:188} INFO - [2025-10-03T00:12:01.131+0000] {dagbag.py:545} INFO - Filling up the DagBag from /home/airflow/.local/lib/python3.12/site-packages/airflow/example_dags/example_task_group_decorator.py
[2025-10-03T00:12:01.189+0000] {processor.py:840} INFO - DAG(s) 'example_task_group_decorator' retrieved from /home/airflow/.local/lib/python3.12/site-packages/airflow/example_dags/example_task_group_decorator.py
[2025-10-03T00:12:01.279+0000] {logging_mixin.py:188} INFO - [2025-10-03T00:12:01.279+0000] {dag.py:3096} INFO - Sync 1 DAGs
[2025-10-03T00:12:01.357+0000] {logging_mixin.py:188} INFO - [2025-10-03T00:12:01.356+0000] {dag.py:3954} INFO - Setting next_dagrun for example_task_group_decorator to 2025-10-02 00:00:00+00:00, run_after=2025-10-03 00:00:00+00:00
[2025-10-03T00:12:01.406+0000] {processor.py:183} INFO - Processing /home/airflow/.local/lib/python3.12/site-packages/airflow/example_dags/example_task_group_decorator.py took 0.295 seconds
[2025-10-03T00:12:32.084+0000] {processor.py:161} INFO - Started process (PID=15714) to work on /home/airflow/.local/lib/python3.12/site-packages/airflow/example_dags/example_task_group_decorator.py
[2025-10-03T00:12:32.088+0000] {processor.py:830} INFO - Processing file /home/airflow/.local/lib/python3.12/site-packages/airflow/example_dags/example_task_group_decorator.py for tasks to queue
[2025-10-03T00:12:32.092+0000] {logging_mixin.py:188} INFO - [2025-10-03T00:12:32.090+0000] {dagbag.py:545} INFO - Filling up the DagBag from /home/airflow/.local/lib/python3.12/site-packages/airflow/example_dags/example_task_group_decorator.py
[2025-10-03T00:12:32.203+0000] {processor.py:840} INFO - DAG(s) 'example_task_group_decorator' retrieved from /home/airflow/.local/lib/python3.12/site-packages/airflow/example_dags/example_task_group_decorator.py
[2025-10-03T00:12:32.348+0000] {logging_mixin.py:188} INFO - [2025-10-03T00:12:32.347+0000] {dag.py:3096} INFO - Sync 1 DAGs
[2025-10-03T00:12:32.560+0000] {logging_mixin.py:188} INFO - [2025-10-03T00:12:32.549+0000] {dag.py:3954} INFO - Setting next_dagrun for example_task_group_decorator to 2025-10-02 00:00:00+00:00, run_after=2025-10-03 00:00:00+00:00
[2025-10-03T00:12:32.733+0000] {processor.py:183} INFO - Processing /home/airflow/.local/lib/python3.12/site-packages/airflow/example_dags/example_task_group_decorator.py took 0.694 seconds
[2025-10-03T00:13:03.136+0000] {processor.py:161} INFO - Started process (PID=15767) to work on /home/airflow/.local/lib/python3.12/site-packages/airflow/example_dags/example_task_group_decorator.py
[2025-10-03T00:13:03.139+0000] {processor.py:830} INFO - Processing file /home/airflow/.local/lib/python3.12/site-packages/airflow/example_dags/example_task_group_decorator.py for tasks to queue
[2025-10-03T00:13:03.141+0000] {logging_mixin.py:188} INFO - [2025-10-03T00:13:03.140+0000] {dagbag.py:545} INFO - Filling up the DagBag from /home/airflow/.local/lib/python3.12/site-packages/airflow/example_dags/example_task_group_decorator.py
[2025-10-03T00:13:03.174+0000] {processor.py:840} INFO - DAG(s) 'example_task_group_decorator' retrieved from /home/airflow/.local/lib/python3.12/site-packages/airflow/example_dags/example_task_group_decorator.py
[2025-10-03T00:13:03.231+0000] {logging_mixin.py:188} INFO - [2025-10-03T00:13:03.230+0000] {dag.py:3096} INFO - Sync 1 DAGs
[2025-10-03T00:13:03.305+0000] {logging_mixin.py:188} INFO - [2025-10-03T00:13:03.304+0000] {dag.py:3954} INFO - Setting next_dagrun for example_task_group_decorator to 2025-10-02 00:00:00+00:00, run_after=2025-10-03 00:00:00+00:00
[2025-10-03T00:13:03.385+0000] {processor.py:183} INFO - Processing /home/airflow/.local/lib/python3.12/site-packages/airflow/example_dags/example_task_group_decorator.py took 0.263 seconds
[2025-10-03T00:13:33.982+0000] {processor.py:161} INFO - Started process (PID=15820) to work on /home/airflow/.local/lib/python3.12/site-packages/airflow/example_dags/example_task_group_decorator.py
[2025-10-03T00:13:33.985+0000] {processor.py:830} INFO - Processing file /home/airflow/.local/lib/python3.12/site-packages/airflow/example_dags/example_task_group_decorator.py for tasks to queue
[2025-10-03T00:13:33.988+0000] {logging_mixin.py:188} INFO - [2025-10-03T00:13:33.987+0000] {dagbag.py:545} INFO - Filling up the DagBag from /home/airflow/.local/lib/python3.12/site-packages/airflow/example_dags/example_task_group_decorator.py
[2025-10-03T00:13:34.023+0000] {processor.py:840} INFO - DAG(s) 'example_task_group_decorator' retrieved from /home/airflow/.local/lib/python3.12/site-packages/airflow/example_dags/example_task_group_decorator.py
[2025-10-03T00:13:34.085+0000] {logging_mixin.py:188} INFO - [2025-10-03T00:13:34.084+0000] {dag.py:3096} INFO - Sync 1 DAGs
[2025-10-03T00:13:34.145+0000] {logging_mixin.py:188} INFO - [2025-10-03T00:13:34.145+0000] {dag.py:3954} INFO - Setting next_dagrun for example_task_group_decorator to 2025-10-02 00:00:00+00:00, run_after=2025-10-03 00:00:00+00:00
[2025-10-03T00:13:34.196+0000] {processor.py:183} INFO - Processing /home/airflow/.local/lib/python3.12/site-packages/airflow/example_dags/example_task_group_decorator.py took 0.243 seconds
[2025-10-03T00:14:04.714+0000] {processor.py:161} INFO - Started process (PID=15873) to work on /home/airflow/.local/lib/python3.12/site-packages/airflow/example_dags/example_task_group_decorator.py
[2025-10-03T00:14:04.719+0000] {processor.py:830} INFO - Processing file /home/airflow/.local/lib/python3.12/site-packages/airflow/example_dags/example_task_group_decorator.py for tasks to queue
[2025-10-03T00:14:04.722+0000] {logging_mixin.py:188} INFO - [2025-10-03T00:14:04.721+0000] {dagbag.py:545} INFO - Filling up the DagBag from /home/airflow/.local/lib/python3.12/site-packages/airflow/example_dags/example_task_group_decorator.py
[2025-10-03T00:14:04.791+0000] {processor.py:840} INFO - DAG(s) 'example_task_group_decorator' retrieved from /home/airflow/.local/lib/python3.12/site-packages/airflow/example_dags/example_task_group_decorator.py
[2025-10-03T00:14:04.910+0000] {logging_mixin.py:188} INFO - [2025-10-03T00:14:04.909+0000] {dag.py:3096} INFO - Sync 1 DAGs
[2025-10-03T00:14:04.981+0000] {logging_mixin.py:188} INFO - [2025-10-03T00:14:04.981+0000] {dag.py:3954} INFO - Setting next_dagrun for example_task_group_decorator to 2025-10-02 00:00:00+00:00, run_after=2025-10-03 00:00:00+00:00
[2025-10-03T00:14:05.028+0000] {processor.py:183} INFO - Processing /home/airflow/.local/lib/python3.12/site-packages/airflow/example_dags/example_task_group_decorator.py took 0.353 seconds
[2025-10-03T00:14:36.067+0000] {processor.py:161} INFO - Started process (PID=15925) to work on /home/airflow/.local/lib/python3.12/site-packages/airflow/example_dags/example_task_group_decorator.py
[2025-10-03T00:14:36.072+0000] {processor.py:830} INFO - Processing file /home/airflow/.local/lib/python3.12/site-packages/airflow/example_dags/example_task_group_decorator.py for tasks to queue
[2025-10-03T00:14:36.098+0000] {logging_mixin.py:188} INFO - [2025-10-03T00:14:36.097+0000] {dagbag.py:545} INFO - Filling up the DagBag from /home/airflow/.local/lib/python3.12/site-packages/airflow/example_dags/example_task_group_decorator.py
[2025-10-03T00:14:36.310+0000] {processor.py:840} INFO - DAG(s) 'example_task_group_decorator' retrieved from /home/airflow/.local/lib/python3.12/site-packages/airflow/example_dags/example_task_group_decorator.py
[2025-10-03T00:14:36.554+0000] {logging_mixin.py:188} INFO - [2025-10-03T00:14:36.553+0000] {dag.py:3096} INFO - Sync 1 DAGs
[2025-10-03T00:14:36.661+0000] {logging_mixin.py:188} INFO - [2025-10-03T00:14:36.660+0000] {dag.py:3954} INFO - Setting next_dagrun for example_task_group_decorator to 2025-10-02 00:00:00+00:00, run_after=2025-10-03 00:00:00+00:00
[2025-10-03T00:14:36.734+0000] {processor.py:183} INFO - Processing /home/airflow/.local/lib/python3.12/site-packages/airflow/example_dags/example_task_group_decorator.py took 0.741 seconds
[2025-10-03T00:15:07.016+0000] {processor.py:161} INFO - Started process (PID=15978) to work on /home/airflow/.local/lib/python3.12/site-packages/airflow/example_dags/example_task_group_decorator.py
[2025-10-03T00:15:07.019+0000] {processor.py:830} INFO - Processing file /home/airflow/.local/lib/python3.12/site-packages/airflow/example_dags/example_task_group_decorator.py for tasks to queue
[2025-10-03T00:15:07.025+0000] {logging_mixin.py:188} INFO - [2025-10-03T00:15:07.024+0000] {dagbag.py:545} INFO - Filling up the DagBag from /home/airflow/.local/lib/python3.12/site-packages/airflow/example_dags/example_task_group_decorator.py
[2025-10-03T00:15:07.091+0000] {processor.py:840} INFO - DAG(s) 'example_task_group_decorator' retrieved from /home/airflow/.local/lib/python3.12/site-packages/airflow/example_dags/example_task_group_decorator.py
[2025-10-03T00:15:07.170+0000] {logging_mixin.py:188} INFO - [2025-10-03T00:15:07.169+0000] {dag.py:3096} INFO - Sync 1 DAGs
[2025-10-03T00:15:07.255+0000] {logging_mixin.py:188} INFO - [2025-10-03T00:15:07.255+0000] {dag.py:3954} INFO - Setting next_dagrun for example_task_group_decorator to 2025-10-02 00:00:00+00:00, run_after=2025-10-03 00:00:00+00:00
[2025-10-03T00:15:07.310+0000] {processor.py:183} INFO - Processing /home/airflow/.local/lib/python3.12/site-packages/airflow/example_dags/example_task_group_decorator.py took 0.323 seconds
[2025-10-03T00:15:37.430+0000] {processor.py:161} INFO - Started process (PID=16031) to work on /home/airflow/.local/lib/python3.12/site-packages/airflow/example_dags/example_task_group_decorator.py
[2025-10-03T00:15:37.434+0000] {processor.py:830} INFO - Processing file /home/airflow/.local/lib/python3.12/site-packages/airflow/example_dags/example_task_group_decorator.py for tasks to queue
[2025-10-03T00:15:37.438+0000] {logging_mixin.py:188} INFO - [2025-10-03T00:15:37.436+0000] {dagbag.py:545} INFO - Filling up the DagBag from /home/airflow/.local/lib/python3.12/site-packages/airflow/example_dags/example_task_group_decorator.py
[2025-10-03T00:15:37.489+0000] {processor.py:840} INFO - DAG(s) 'example_task_group_decorator' retrieved from /home/airflow/.local/lib/python3.12/site-packages/airflow/example_dags/example_task_group_decorator.py
[2025-10-03T00:15:37.571+0000] {logging_mixin.py:188} INFO - [2025-10-03T00:15:37.571+0000] {dag.py:3096} INFO - Sync 1 DAGs
[2025-10-03T00:15:37.641+0000] {logging_mixin.py:188} INFO - [2025-10-03T00:15:37.640+0000] {dag.py:3954} INFO - Setting next_dagrun for example_task_group_decorator to 2025-10-02 00:00:00+00:00, run_after=2025-10-03 00:00:00+00:00
[2025-10-03T00:15:37.709+0000] {processor.py:183} INFO - Processing /home/airflow/.local/lib/python3.12/site-packages/airflow/example_dags/example_task_group_decorator.py took 0.298 seconds
[2025-10-03T00:16:08.225+0000] {processor.py:161} INFO - Started process (PID=16084) to work on /home/airflow/.local/lib/python3.12/site-packages/airflow/example_dags/example_task_group_decorator.py
[2025-10-03T00:16:08.228+0000] {processor.py:830} INFO - Processing file /home/airflow/.local/lib/python3.12/site-packages/airflow/example_dags/example_task_group_decorator.py for tasks to queue
[2025-10-03T00:16:08.231+0000] {logging_mixin.py:188} INFO - [2025-10-03T00:16:08.230+0000] {dagbag.py:545} INFO - Filling up the DagBag from /home/airflow/.local/lib/python3.12/site-packages/airflow/example_dags/example_task_group_decorator.py
[2025-10-03T00:16:08.271+0000] {processor.py:840} INFO - DAG(s) 'example_task_group_decorator' retrieved from /home/airflow/.local/lib/python3.12/site-packages/airflow/example_dags/example_task_group_decorator.py
[2025-10-03T00:16:08.336+0000] {logging_mixin.py:188} INFO - [2025-10-03T00:16:08.335+0000] {dag.py:3096} INFO - Sync 1 DAGs
[2025-10-03T00:16:08.387+0000] {logging_mixin.py:188} INFO - [2025-10-03T00:16:08.387+0000] {dag.py:3954} INFO - Setting next_dagrun for example_task_group_decorator to 2025-10-02 00:00:00+00:00, run_after=2025-10-03 00:00:00+00:00
[2025-10-03T00:16:08.430+0000] {processor.py:183} INFO - Processing /home/airflow/.local/lib/python3.12/site-packages/airflow/example_dags/example_task_group_decorator.py took 0.228 seconds
[2025-10-03T00:16:38.583+0000] {processor.py:161} INFO - Started process (PID=16137) to work on /home/airflow/.local/lib/python3.12/site-packages/airflow/example_dags/example_task_group_decorator.py
[2025-10-03T00:16:38.586+0000] {processor.py:830} INFO - Processing file /home/airflow/.local/lib/python3.12/site-packages/airflow/example_dags/example_task_group_decorator.py for tasks to queue
[2025-10-03T00:16:38.589+0000] {logging_mixin.py:188} INFO - [2025-10-03T00:16:38.588+0000] {dagbag.py:545} INFO - Filling up the DagBag from /home/airflow/.local/lib/python3.12/site-packages/airflow/example_dags/example_task_group_decorator.py
[2025-10-03T00:16:38.624+0000] {processor.py:840} INFO - DAG(s) 'example_task_group_decorator' retrieved from /home/airflow/.local/lib/python3.12/site-packages/airflow/example_dags/example_task_group_decorator.py
[2025-10-03T00:16:38.687+0000] {logging_mixin.py:188} INFO - [2025-10-03T00:16:38.686+0000] {dag.py:3096} INFO - Sync 1 DAGs
[2025-10-03T00:16:38.780+0000] {logging_mixin.py:188} INFO - [2025-10-03T00:16:38.780+0000] {dag.py:3954} INFO - Setting next_dagrun for example_task_group_decorator to 2025-10-02 00:00:00+00:00, run_after=2025-10-03 00:00:00+00:00
[2025-10-03T00:16:38.821+0000] {processor.py:183} INFO - Processing /home/airflow/.local/lib/python3.12/site-packages/airflow/example_dags/example_task_group_decorator.py took 0.253 seconds
[2025-10-03T00:17:09.012+0000] {processor.py:161} INFO - Started process (PID=16190) to work on /home/airflow/.local/lib/python3.12/site-packages/airflow/example_dags/example_task_group_decorator.py
[2025-10-03T00:17:09.015+0000] {processor.py:830} INFO - Processing file /home/airflow/.local/lib/python3.12/site-packages/airflow/example_dags/example_task_group_decorator.py for tasks to queue
[2025-10-03T00:17:09.018+0000] {logging_mixin.py:188} INFO - [2025-10-03T00:17:09.017+0000] {dagbag.py:545} INFO - Filling up the DagBag from /home/airflow/.local/lib/python3.12/site-packages/airflow/example_dags/example_task_group_decorator.py
[2025-10-03T00:17:09.067+0000] {processor.py:840} INFO - DAG(s) 'example_task_group_decorator' retrieved from /home/airflow/.local/lib/python3.12/site-packages/airflow/example_dags/example_task_group_decorator.py
[2025-10-03T00:17:09.129+0000] {logging_mixin.py:188} INFO - [2025-10-03T00:17:09.129+0000] {dag.py:3096} INFO - Sync 1 DAGs
[2025-10-03T00:17:09.180+0000] {logging_mixin.py:188} INFO - [2025-10-03T00:17:09.179+0000] {dag.py:3954} INFO - Setting next_dagrun for example_task_group_decorator to 2025-10-02 00:00:00+00:00, run_after=2025-10-03 00:00:00+00:00
[2025-10-03T00:17:09.224+0000] {processor.py:183} INFO - Processing /home/airflow/.local/lib/python3.12/site-packages/airflow/example_dags/example_task_group_decorator.py took 0.230 seconds
[2025-10-03T00:17:39.685+0000] {processor.py:161} INFO - Started process (PID=16243) to work on /home/airflow/.local/lib/python3.12/site-packages/airflow/example_dags/example_task_group_decorator.py
[2025-10-03T00:17:39.688+0000] {processor.py:830} INFO - Processing file /home/airflow/.local/lib/python3.12/site-packages/airflow/example_dags/example_task_group_decorator.py for tasks to queue
[2025-10-03T00:17:39.691+0000] {logging_mixin.py:188} INFO - [2025-10-03T00:17:39.690+0000] {dagbag.py:545} INFO - Filling up the DagBag from /home/airflow/.local/lib/python3.12/site-packages/airflow/example_dags/example_task_group_decorator.py
[2025-10-03T00:17:39.731+0000] {processor.py:840} INFO - DAG(s) 'example_task_group_decorator' retrieved from /home/airflow/.local/lib/python3.12/site-packages/airflow/example_dags/example_task_group_decorator.py
[2025-10-03T00:17:39.791+0000] {logging_mixin.py:188} INFO - [2025-10-03T00:17:39.790+0000] {dag.py:3096} INFO - Sync 1 DAGs
[2025-10-03T00:17:39.843+0000] {logging_mixin.py:188} INFO - [2025-10-03T00:17:39.842+0000] {dag.py:3954} INFO - Setting next_dagrun for example_task_group_decorator to 2025-10-02 00:00:00+00:00, run_after=2025-10-03 00:00:00+00:00
[2025-10-03T00:17:39.891+0000] {processor.py:183} INFO - Processing /home/airflow/.local/lib/python3.12/site-packages/airflow/example_dags/example_task_group_decorator.py took 0.229 seconds
[2025-10-03T00:18:09.995+0000] {processor.py:161} INFO - Started process (PID=16296) to work on /home/airflow/.local/lib/python3.12/site-packages/airflow/example_dags/example_task_group_decorator.py
[2025-10-03T00:18:09.997+0000] {processor.py:830} INFO - Processing file /home/airflow/.local/lib/python3.12/site-packages/airflow/example_dags/example_task_group_decorator.py for tasks to queue
[2025-10-03T00:18:09.999+0000] {logging_mixin.py:188} INFO - [2025-10-03T00:18:09.999+0000] {dagbag.py:545} INFO - Filling up the DagBag from /home/airflow/.local/lib/python3.12/site-packages/airflow/example_dags/example_task_group_decorator.py
[2025-10-03T00:18:10.039+0000] {processor.py:840} INFO - DAG(s) 'example_task_group_decorator' retrieved from /home/airflow/.local/lib/python3.12/site-packages/airflow/example_dags/example_task_group_decorator.py
[2025-10-03T00:18:10.117+0000] {logging_mixin.py:188} INFO - [2025-10-03T00:18:10.116+0000] {dag.py:3096} INFO - Sync 1 DAGs
[2025-10-03T00:18:10.189+0000] {logging_mixin.py:188} INFO - [2025-10-03T00:18:10.188+0000] {dag.py:3954} INFO - Setting next_dagrun for example_task_group_decorator to 2025-10-02 00:00:00+00:00, run_after=2025-10-03 00:00:00+00:00
[2025-10-03T00:18:10.256+0000] {processor.py:183} INFO - Processing /home/airflow/.local/lib/python3.12/site-packages/airflow/example_dags/example_task_group_decorator.py took 0.279 seconds
[2025-10-03T00:18:40.755+0000] {processor.py:161} INFO - Started process (PID=16349) to work on /home/airflow/.local/lib/python3.12/site-packages/airflow/example_dags/example_task_group_decorator.py
[2025-10-03T00:18:40.758+0000] {processor.py:830} INFO - Processing file /home/airflow/.local/lib/python3.12/site-packages/airflow/example_dags/example_task_group_decorator.py for tasks to queue
[2025-10-03T00:18:40.760+0000] {logging_mixin.py:188} INFO - [2025-10-03T00:18:40.759+0000] {dagbag.py:545} INFO - Filling up the DagBag from /home/airflow/.local/lib/python3.12/site-packages/airflow/example_dags/example_task_group_decorator.py
[2025-10-03T00:18:40.794+0000] {processor.py:840} INFO - DAG(s) 'example_task_group_decorator' retrieved from /home/airflow/.local/lib/python3.12/site-packages/airflow/example_dags/example_task_group_decorator.py
[2025-10-03T00:18:40.860+0000] {logging_mixin.py:188} INFO - [2025-10-03T00:18:40.860+0000] {dag.py:3096} INFO - Sync 1 DAGs
[2025-10-03T00:18:40.937+0000] {logging_mixin.py:188} INFO - [2025-10-03T00:18:40.936+0000] {dag.py:3954} INFO - Setting next_dagrun for example_task_group_decorator to 2025-10-02 00:00:00+00:00, run_after=2025-10-03 00:00:00+00:00
[2025-10-03T00:18:40.995+0000] {processor.py:183} INFO - Processing /home/airflow/.local/lib/python3.12/site-packages/airflow/example_dags/example_task_group_decorator.py took 0.256 seconds
[2025-10-03T00:19:11.538+0000] {processor.py:161} INFO - Started process (PID=16402) to work on /home/airflow/.local/lib/python3.12/site-packages/airflow/example_dags/example_task_group_decorator.py
[2025-10-03T00:19:11.541+0000] {processor.py:830} INFO - Processing file /home/airflow/.local/lib/python3.12/site-packages/airflow/example_dags/example_task_group_decorator.py for tasks to queue
[2025-10-03T00:19:11.544+0000] {logging_mixin.py:188} INFO - [2025-10-03T00:19:11.543+0000] {dagbag.py:545} INFO - Filling up the DagBag from /home/airflow/.local/lib/python3.12/site-packages/airflow/example_dags/example_task_group_decorator.py
[2025-10-03T00:19:11.604+0000] {processor.py:840} INFO - DAG(s) 'example_task_group_decorator' retrieved from /home/airflow/.local/lib/python3.12/site-packages/airflow/example_dags/example_task_group_decorator.py
[2025-10-03T00:19:11.677+0000] {logging_mixin.py:188} INFO - [2025-10-03T00:19:11.677+0000] {dag.py:3096} INFO - Sync 1 DAGs
[2025-10-03T00:19:11.735+0000] {logging_mixin.py:188} INFO - [2025-10-03T00:19:11.735+0000] {dag.py:3954} INFO - Setting next_dagrun for example_task_group_decorator to 2025-10-02 00:00:00+00:00, run_after=2025-10-03 00:00:00+00:00
[2025-10-03T00:19:11.777+0000] {processor.py:183} INFO - Processing /home/airflow/.local/lib/python3.12/site-packages/airflow/example_dags/example_task_group_decorator.py took 0.260 seconds
[2025-10-03T00:19:42.457+0000] {processor.py:161} INFO - Started process (PID=16455) to work on /home/airflow/.local/lib/python3.12/site-packages/airflow/example_dags/example_task_group_decorator.py
[2025-10-03T00:19:42.459+0000] {processor.py:830} INFO - Processing file /home/airflow/.local/lib/python3.12/site-packages/airflow/example_dags/example_task_group_decorator.py for tasks to queue
[2025-10-03T00:19:42.461+0000] {logging_mixin.py:188} INFO - [2025-10-03T00:19:42.460+0000] {dagbag.py:545} INFO - Filling up the DagBag from /home/airflow/.local/lib/python3.12/site-packages/airflow/example_dags/example_task_group_decorator.py
[2025-10-03T00:19:42.504+0000] {processor.py:840} INFO - DAG(s) 'example_task_group_decorator' retrieved from /home/airflow/.local/lib/python3.12/site-packages/airflow/example_dags/example_task_group_decorator.py
[2025-10-03T00:19:42.571+0000] {logging_mixin.py:188} INFO - [2025-10-03T00:19:42.570+0000] {dag.py:3096} INFO - Sync 1 DAGs
[2025-10-03T00:19:42.620+0000] {logging_mixin.py:188} INFO - [2025-10-03T00:19:42.619+0000] {dag.py:3954} INFO - Setting next_dagrun for example_task_group_decorator to 2025-10-02 00:00:00+00:00, run_after=2025-10-03 00:00:00+00:00
[2025-10-03T00:19:42.661+0000] {processor.py:183} INFO - Processing /home/airflow/.local/lib/python3.12/site-packages/airflow/example_dags/example_task_group_decorator.py took 0.219 seconds
[2025-10-03T00:20:13.210+0000] {processor.py:161} INFO - Started process (PID=16508) to work on /home/airflow/.local/lib/python3.12/site-packages/airflow/example_dags/example_task_group_decorator.py
[2025-10-03T00:20:13.214+0000] {processor.py:830} INFO - Processing file /home/airflow/.local/lib/python3.12/site-packages/airflow/example_dags/example_task_group_decorator.py for tasks to queue
[2025-10-03T00:20:13.217+0000] {logging_mixin.py:188} INFO - [2025-10-03T00:20:13.217+0000] {dagbag.py:545} INFO - Filling up the DagBag from /home/airflow/.local/lib/python3.12/site-packages/airflow/example_dags/example_task_group_decorator.py
[2025-10-03T00:20:13.258+0000] {processor.py:840} INFO - DAG(s) 'example_task_group_decorator' retrieved from /home/airflow/.local/lib/python3.12/site-packages/airflow/example_dags/example_task_group_decorator.py
[2025-10-03T00:20:13.317+0000] {logging_mixin.py:188} INFO - [2025-10-03T00:20:13.317+0000] {dag.py:3096} INFO - Sync 1 DAGs
[2025-10-03T00:20:13.367+0000] {logging_mixin.py:188} INFO - [2025-10-03T00:20:13.366+0000] {dag.py:3954} INFO - Setting next_dagrun for example_task_group_decorator to 2025-10-02 00:00:00+00:00, run_after=2025-10-03 00:00:00+00:00
[2025-10-03T00:20:13.407+0000] {processor.py:183} INFO - Processing /home/airflow/.local/lib/python3.12/site-packages/airflow/example_dags/example_task_group_decorator.py took 0.215 seconds
[2025-10-03T00:20:43.824+0000] {processor.py:161} INFO - Started process (PID=16561) to work on /home/airflow/.local/lib/python3.12/site-packages/airflow/example_dags/example_task_group_decorator.py
[2025-10-03T00:20:43.826+0000] {processor.py:830} INFO - Processing file /home/airflow/.local/lib/python3.12/site-packages/airflow/example_dags/example_task_group_decorator.py for tasks to queue
[2025-10-03T00:20:43.828+0000] {logging_mixin.py:188} INFO - [2025-10-03T00:20:43.827+0000] {dagbag.py:545} INFO - Filling up the DagBag from /home/airflow/.local/lib/python3.12/site-packages/airflow/example_dags/example_task_group_decorator.py
[2025-10-03T00:20:43.874+0000] {processor.py:840} INFO - DAG(s) 'example_task_group_decorator' retrieved from /home/airflow/.local/lib/python3.12/site-packages/airflow/example_dags/example_task_group_decorator.py
[2025-10-03T00:20:43.949+0000] {logging_mixin.py:188} INFO - [2025-10-03T00:20:43.948+0000] {dag.py:3096} INFO - Sync 1 DAGs
[2025-10-03T00:20:44.017+0000] {logging_mixin.py:188} INFO - [2025-10-03T00:20:44.017+0000] {dag.py:3954} INFO - Setting next_dagrun for example_task_group_decorator to 2025-10-02 00:00:00+00:00, run_after=2025-10-03 00:00:00+00:00
[2025-10-03T00:20:44.058+0000] {processor.py:183} INFO - Processing /home/airflow/.local/lib/python3.12/site-packages/airflow/example_dags/example_task_group_decorator.py took 0.250 seconds
[2025-10-03T00:21:14.550+0000] {processor.py:161} INFO - Started process (PID=16614) to work on /home/airflow/.local/lib/python3.12/site-packages/airflow/example_dags/example_task_group_decorator.py
[2025-10-03T00:21:14.553+0000] {processor.py:830} INFO - Processing file /home/airflow/.local/lib/python3.12/site-packages/airflow/example_dags/example_task_group_decorator.py for tasks to queue
[2025-10-03T00:21:14.555+0000] {logging_mixin.py:188} INFO - [2025-10-03T00:21:14.554+0000] {dagbag.py:545} INFO - Filling up the DagBag from /home/airflow/.local/lib/python3.12/site-packages/airflow/example_dags/example_task_group_decorator.py
[2025-10-03T00:21:14.621+0000] {processor.py:840} INFO - DAG(s) 'example_task_group_decorator' retrieved from /home/airflow/.local/lib/python3.12/site-packages/airflow/example_dags/example_task_group_decorator.py
[2025-10-03T00:21:14.848+0000] {logging_mixin.py:188} INFO - [2025-10-03T00:21:14.847+0000] {dag.py:3096} INFO - Sync 1 DAGs
[2025-10-03T00:21:14.988+0000] {logging_mixin.py:188} INFO - [2025-10-03T00:21:14.988+0000] {dag.py:3954} INFO - Setting next_dagrun for example_task_group_decorator to 2025-10-02 00:00:00+00:00, run_after=2025-10-03 00:00:00+00:00
[2025-10-03T00:21:15.051+0000] {processor.py:183} INFO - Processing /home/airflow/.local/lib/python3.12/site-packages/airflow/example_dags/example_task_group_decorator.py took 0.527 seconds
[2025-10-03T00:21:45.286+0000] {processor.py:161} INFO - Started process (PID=16667) to work on /home/airflow/.local/lib/python3.12/site-packages/airflow/example_dags/example_task_group_decorator.py
[2025-10-03T00:21:45.288+0000] {processor.py:830} INFO - Processing file /home/airflow/.local/lib/python3.12/site-packages/airflow/example_dags/example_task_group_decorator.py for tasks to queue
[2025-10-03T00:21:45.290+0000] {logging_mixin.py:188} INFO - [2025-10-03T00:21:45.290+0000] {dagbag.py:545} INFO - Filling up the DagBag from /home/airflow/.local/lib/python3.12/site-packages/airflow/example_dags/example_task_group_decorator.py
[2025-10-03T00:21:45.345+0000] {processor.py:840} INFO - DAG(s) 'example_task_group_decorator' retrieved from /home/airflow/.local/lib/python3.12/site-packages/airflow/example_dags/example_task_group_decorator.py
[2025-10-03T00:21:45.407+0000] {logging_mixin.py:188} INFO - [2025-10-03T00:21:45.406+0000] {dag.py:3096} INFO - Sync 1 DAGs
[2025-10-03T00:21:45.458+0000] {logging_mixin.py:188} INFO - [2025-10-03T00:21:45.458+0000] {dag.py:3954} INFO - Setting next_dagrun for example_task_group_decorator to 2025-10-02 00:00:00+00:00, run_after=2025-10-03 00:00:00+00:00
[2025-10-03T00:21:45.504+0000] {processor.py:183} INFO - Processing /home/airflow/.local/lib/python3.12/site-packages/airflow/example_dags/example_task_group_decorator.py took 0.236 seconds
[2025-10-03T00:22:16.244+0000] {processor.py:161} INFO - Started process (PID=16720) to work on /home/airflow/.local/lib/python3.12/site-packages/airflow/example_dags/example_task_group_decorator.py
[2025-10-03T00:22:16.246+0000] {processor.py:830} INFO - Processing file /home/airflow/.local/lib/python3.12/site-packages/airflow/example_dags/example_task_group_decorator.py for tasks to queue
[2025-10-03T00:22:16.249+0000] {logging_mixin.py:188} INFO - [2025-10-03T00:22:16.248+0000] {dagbag.py:545} INFO - Filling up the DagBag from /home/airflow/.local/lib/python3.12/site-packages/airflow/example_dags/example_task_group_decorator.py
[2025-10-03T00:22:16.283+0000] {processor.py:840} INFO - DAG(s) 'example_task_group_decorator' retrieved from /home/airflow/.local/lib/python3.12/site-packages/airflow/example_dags/example_task_group_decorator.py
[2025-10-03T00:22:16.421+0000] {logging_mixin.py:188} INFO - [2025-10-03T00:22:16.419+0000] {dag.py:3096} INFO - Sync 1 DAGs
[2025-10-03T00:22:16.711+0000] {logging_mixin.py:188} INFO - [2025-10-03T00:22:16.709+0000] {dag.py:3954} INFO - Setting next_dagrun for example_task_group_decorator to 2025-10-02 00:00:00+00:00, run_after=2025-10-03 00:00:00+00:00
[2025-10-03T00:22:16.764+0000] {processor.py:183} INFO - Processing /home/airflow/.local/lib/python3.12/site-packages/airflow/example_dags/example_task_group_decorator.py took 0.534 seconds
[2025-10-03T00:22:48.509+0000] {processor.py:161} INFO - Started process (PID=16774) to work on /home/airflow/.local/lib/python3.12/site-packages/airflow/example_dags/example_task_group_decorator.py
[2025-10-03T00:22:48.512+0000] {processor.py:830} INFO - Processing file /home/airflow/.local/lib/python3.12/site-packages/airflow/example_dags/example_task_group_decorator.py for tasks to queue
[2025-10-03T00:22:48.516+0000] {logging_mixin.py:188} INFO - [2025-10-03T00:22:48.515+0000] {dagbag.py:545} INFO - Filling up the DagBag from /home/airflow/.local/lib/python3.12/site-packages/airflow/example_dags/example_task_group_decorator.py
[2025-10-03T00:22:48.565+0000] {processor.py:840} INFO - DAG(s) 'example_task_group_decorator' retrieved from /home/airflow/.local/lib/python3.12/site-packages/airflow/example_dags/example_task_group_decorator.py
[2025-10-03T00:22:48.655+0000] {logging_mixin.py:188} INFO - [2025-10-03T00:22:48.654+0000] {dag.py:3096} INFO - Sync 1 DAGs
[2025-10-03T00:22:48.728+0000] {logging_mixin.py:188} INFO - [2025-10-03T00:22:48.728+0000] {dag.py:3954} INFO - Setting next_dagrun for example_task_group_decorator to 2025-10-02 00:00:00+00:00, run_after=2025-10-03 00:00:00+00:00
[2025-10-03T00:22:48.781+0000] {processor.py:183} INFO - Processing /home/airflow/.local/lib/python3.12/site-packages/airflow/example_dags/example_task_group_decorator.py took 0.292 seconds
[2025-10-03T00:23:19.065+0000] {processor.py:161} INFO - Started process (PID=16827) to work on /home/airflow/.local/lib/python3.12/site-packages/airflow/example_dags/example_task_group_decorator.py
[2025-10-03T00:23:19.073+0000] {processor.py:830} INFO - Processing file /home/airflow/.local/lib/python3.12/site-packages/airflow/example_dags/example_task_group_decorator.py for tasks to queue
[2025-10-03T00:23:19.077+0000] {logging_mixin.py:188} INFO - [2025-10-03T00:23:19.076+0000] {dagbag.py:545} INFO - Filling up the DagBag from /home/airflow/.local/lib/python3.12/site-packages/airflow/example_dags/example_task_group_decorator.py
[2025-10-03T00:23:19.138+0000] {processor.py:840} INFO - DAG(s) 'example_task_group_decorator' retrieved from /home/airflow/.local/lib/python3.12/site-packages/airflow/example_dags/example_task_group_decorator.py
[2025-10-03T00:23:19.211+0000] {logging_mixin.py:188} INFO - [2025-10-03T00:23:19.210+0000] {dag.py:3096} INFO - Sync 1 DAGs
[2025-10-03T00:23:19.261+0000] {logging_mixin.py:188} INFO - [2025-10-03T00:23:19.260+0000] {dag.py:3954} INFO - Setting next_dagrun for example_task_group_decorator to 2025-10-02 00:00:00+00:00, run_after=2025-10-03 00:00:00+00:00
[2025-10-03T00:23:19.299+0000] {processor.py:183} INFO - Processing /home/airflow/.local/lib/python3.12/site-packages/airflow/example_dags/example_task_group_decorator.py took 0.253 seconds
[2025-10-03T00:23:49.587+0000] {processor.py:161} INFO - Started process (PID=16880) to work on /home/airflow/.local/lib/python3.12/site-packages/airflow/example_dags/example_task_group_decorator.py
[2025-10-03T00:23:49.590+0000] {processor.py:830} INFO - Processing file /home/airflow/.local/lib/python3.12/site-packages/airflow/example_dags/example_task_group_decorator.py for tasks to queue
[2025-10-03T00:23:49.592+0000] {logging_mixin.py:188} INFO - [2025-10-03T00:23:49.592+0000] {dagbag.py:545} INFO - Filling up the DagBag from /home/airflow/.local/lib/python3.12/site-packages/airflow/example_dags/example_task_group_decorator.py
[2025-10-03T00:23:49.643+0000] {processor.py:840} INFO - DAG(s) 'example_task_group_decorator' retrieved from /home/airflow/.local/lib/python3.12/site-packages/airflow/example_dags/example_task_group_decorator.py
[2025-10-03T00:23:49.714+0000] {logging_mixin.py:188} INFO - [2025-10-03T00:23:49.714+0000] {dag.py:3096} INFO - Sync 1 DAGs
[2025-10-03T00:23:49.775+0000] {logging_mixin.py:188} INFO - [2025-10-03T00:23:49.774+0000] {dag.py:3954} INFO - Setting next_dagrun for example_task_group_decorator to 2025-10-02 00:00:00+00:00, run_after=2025-10-03 00:00:00+00:00
[2025-10-03T00:23:49.825+0000] {processor.py:183} INFO - Processing /home/airflow/.local/lib/python3.12/site-packages/airflow/example_dags/example_task_group_decorator.py took 0.258 seconds
[2025-10-03T00:24:20.036+0000] {processor.py:161} INFO - Started process (PID=16933) to work on /home/airflow/.local/lib/python3.12/site-packages/airflow/example_dags/example_task_group_decorator.py
[2025-10-03T00:24:20.038+0000] {processor.py:830} INFO - Processing file /home/airflow/.local/lib/python3.12/site-packages/airflow/example_dags/example_task_group_decorator.py for tasks to queue
[2025-10-03T00:24:20.040+0000] {logging_mixin.py:188} INFO - [2025-10-03T00:24:20.040+0000] {dagbag.py:545} INFO - Filling up the DagBag from /home/airflow/.local/lib/python3.12/site-packages/airflow/example_dags/example_task_group_decorator.py
[2025-10-03T00:24:20.076+0000] {processor.py:840} INFO - DAG(s) 'example_task_group_decorator' retrieved from /home/airflow/.local/lib/python3.12/site-packages/airflow/example_dags/example_task_group_decorator.py
[2025-10-03T00:24:20.132+0000] {logging_mixin.py:188} INFO - [2025-10-03T00:24:20.132+0000] {dag.py:3096} INFO - Sync 1 DAGs
[2025-10-03T00:24:20.177+0000] {logging_mixin.py:188} INFO - [2025-10-03T00:24:20.177+0000] {dag.py:3954} INFO - Setting next_dagrun for example_task_group_decorator to 2025-10-02 00:00:00+00:00, run_after=2025-10-03 00:00:00+00:00
[2025-10-03T00:24:20.219+0000] {processor.py:183} INFO - Processing /home/airflow/.local/lib/python3.12/site-packages/airflow/example_dags/example_task_group_decorator.py took 0.197 seconds
[2025-10-03T00:24:50.612+0000] {processor.py:161} INFO - Started process (PID=16986) to work on /home/airflow/.local/lib/python3.12/site-packages/airflow/example_dags/example_task_group_decorator.py
[2025-10-03T00:24:50.615+0000] {processor.py:830} INFO - Processing file /home/airflow/.local/lib/python3.12/site-packages/airflow/example_dags/example_task_group_decorator.py for tasks to queue
[2025-10-03T00:24:50.617+0000] {logging_mixin.py:188} INFO - [2025-10-03T00:24:50.617+0000] {dagbag.py:545} INFO - Filling up the DagBag from /home/airflow/.local/lib/python3.12/site-packages/airflow/example_dags/example_task_group_decorator.py
[2025-10-03T00:24:50.656+0000] {processor.py:840} INFO - DAG(s) 'example_task_group_decorator' retrieved from /home/airflow/.local/lib/python3.12/site-packages/airflow/example_dags/example_task_group_decorator.py
[2025-10-03T00:24:50.718+0000] {logging_mixin.py:188} INFO - [2025-10-03T00:24:50.717+0000] {dag.py:3096} INFO - Sync 1 DAGs
[2025-10-03T00:24:50.788+0000] {logging_mixin.py:188} INFO - [2025-10-03T00:24:50.788+0000] {dag.py:3954} INFO - Setting next_dagrun for example_task_group_decorator to 2025-10-02 00:00:00+00:00, run_after=2025-10-03 00:00:00+00:00
[2025-10-03T00:24:50.870+0000] {processor.py:183} INFO - Processing /home/airflow/.local/lib/python3.12/site-packages/airflow/example_dags/example_task_group_decorator.py took 0.275 seconds
[2025-10-03T00:25:21.110+0000] {processor.py:161} INFO - Started process (PID=17039) to work on /home/airflow/.local/lib/python3.12/site-packages/airflow/example_dags/example_task_group_decorator.py
[2025-10-03T00:25:21.112+0000] {processor.py:830} INFO - Processing file /home/airflow/.local/lib/python3.12/site-packages/airflow/example_dags/example_task_group_decorator.py for tasks to queue
[2025-10-03T00:25:21.114+0000] {logging_mixin.py:188} INFO - [2025-10-03T00:25:21.114+0000] {dagbag.py:545} INFO - Filling up the DagBag from /home/airflow/.local/lib/python3.12/site-packages/airflow/example_dags/example_task_group_decorator.py
[2025-10-03T00:25:21.151+0000] {processor.py:840} INFO - DAG(s) 'example_task_group_decorator' retrieved from /home/airflow/.local/lib/python3.12/site-packages/airflow/example_dags/example_task_group_decorator.py
[2025-10-03T00:25:21.214+0000] {logging_mixin.py:188} INFO - [2025-10-03T00:25:21.213+0000] {dag.py:3096} INFO - Sync 1 DAGs
[2025-10-03T00:25:21.266+0000] {logging_mixin.py:188} INFO - [2025-10-03T00:25:21.265+0000] {dag.py:3954} INFO - Setting next_dagrun for example_task_group_decorator to 2025-10-02 00:00:00+00:00, run_after=2025-10-03 00:00:00+00:00
[2025-10-03T00:25:21.311+0000] {processor.py:183} INFO - Processing /home/airflow/.local/lib/python3.12/site-packages/airflow/example_dags/example_task_group_decorator.py took 0.215 seconds
[2025-10-03T00:25:51.889+0000] {processor.py:161} INFO - Started process (PID=17092) to work on /home/airflow/.local/lib/python3.12/site-packages/airflow/example_dags/example_task_group_decorator.py
[2025-10-03T00:25:51.892+0000] {processor.py:830} INFO - Processing file /home/airflow/.local/lib/python3.12/site-packages/airflow/example_dags/example_task_group_decorator.py for tasks to queue
[2025-10-03T00:25:51.895+0000] {logging_mixin.py:188} INFO - [2025-10-03T00:25:51.894+0000] {dagbag.py:545} INFO - Filling up the DagBag from /home/airflow/.local/lib/python3.12/site-packages/airflow/example_dags/example_task_group_decorator.py
[2025-10-03T00:25:51.953+0000] {processor.py:840} INFO - DAG(s) 'example_task_group_decorator' retrieved from /home/airflow/.local/lib/python3.12/site-packages/airflow/example_dags/example_task_group_decorator.py
[2025-10-03T00:25:52.023+0000] {logging_mixin.py:188} INFO - [2025-10-03T00:25:52.022+0000] {dag.py:3096} INFO - Sync 1 DAGs
[2025-10-03T00:25:52.074+0000] {logging_mixin.py:188} INFO - [2025-10-03T00:25:52.074+0000] {dag.py:3954} INFO - Setting next_dagrun for example_task_group_decorator to 2025-10-02 00:00:00+00:00, run_after=2025-10-03 00:00:00+00:00
[2025-10-03T00:25:52.119+0000] {processor.py:183} INFO - Processing /home/airflow/.local/lib/python3.12/site-packages/airflow/example_dags/example_task_group_decorator.py took 0.251 seconds
[2025-10-03T00:26:22.589+0000] {processor.py:161} INFO - Started process (PID=17145) to work on /home/airflow/.local/lib/python3.12/site-packages/airflow/example_dags/example_task_group_decorator.py
[2025-10-03T00:26:22.592+0000] {processor.py:830} INFO - Processing file /home/airflow/.local/lib/python3.12/site-packages/airflow/example_dags/example_task_group_decorator.py for tasks to queue
[2025-10-03T00:26:22.604+0000] {logging_mixin.py:188} INFO - [2025-10-03T00:26:22.603+0000] {dagbag.py:545} INFO - Filling up the DagBag from /home/airflow/.local/lib/python3.12/site-packages/airflow/example_dags/example_task_group_decorator.py
[2025-10-03T00:26:22.709+0000] {processor.py:840} INFO - DAG(s) 'example_task_group_decorator' retrieved from /home/airflow/.local/lib/python3.12/site-packages/airflow/example_dags/example_task_group_decorator.py
[2025-10-03T00:26:22.787+0000] {logging_mixin.py:188} INFO - [2025-10-03T00:26:22.786+0000] {dag.py:3096} INFO - Sync 1 DAGs
[2025-10-03T00:26:22.839+0000] {logging_mixin.py:188} INFO - [2025-10-03T00:26:22.838+0000] {dag.py:3954} INFO - Setting next_dagrun for example_task_group_decorator to 2025-10-02 00:00:00+00:00, run_after=2025-10-03 00:00:00+00:00
[2025-10-03T00:26:22.891+0000] {processor.py:183} INFO - Processing /home/airflow/.local/lib/python3.12/site-packages/airflow/example_dags/example_task_group_decorator.py took 0.331 seconds
