[2025-10-03T00:00:18.159+0000] {processor.py:161} INFO - Started process (PID=14446) to work on /home/airflow/.local/lib/python3.12/site-packages/airflow/example_dags/example_branch_day_of_week_operator.py
[2025-10-03T00:00:18.162+0000] {processor.py:830} INFO - Processing file /home/airflow/.local/lib/python3.12/site-packages/airflow/example_dags/example_branch_day_of_week_operator.py for tasks to queue
[2025-10-03T00:00:18.165+0000] {logging_mixin.py:188} INFO - [2025-10-03T00:00:18.164+0000] {dagbag.py:545} INFO - Filling up the DagBag from /home/airflow/.local/lib/python3.12/site-packages/airflow/example_dags/example_branch_day_of_week_operator.py
[2025-10-03T00:00:18.197+0000] {processor.py:840} INFO - DAG(s) 'example_weekday_branch_operator' retrieved from /home/airflow/.local/lib/python3.12/site-packages/airflow/example_dags/example_branch_day_of_week_operator.py
[2025-10-03T00:00:18.254+0000] {logging_mixin.py:188} INFO - [2025-10-03T00:00:18.253+0000] {dag.py:3096} INFO - Sync 1 DAGs
[2025-10-03T00:00:18.305+0000] {logging_mixin.py:188} INFO - [2025-10-03T00:00:18.304+0000] {dag.py:3954} INFO - Setting next_dagrun for example_weekday_branch_operator to 2025-10-02 00:00:00+00:00, run_after=2025-10-03 00:00:00+00:00
[2025-10-03T00:00:18.353+0000] {processor.py:183} INFO - Processing /home/airflow/.local/lib/python3.12/site-packages/airflow/example_dags/example_branch_day_of_week_operator.py took 0.215 seconds
[2025-10-03T00:00:48.778+0000] {processor.py:161} INFO - Started process (PID=14499) to work on /home/airflow/.local/lib/python3.12/site-packages/airflow/example_dags/example_branch_day_of_week_operator.py
[2025-10-03T00:00:48.780+0000] {processor.py:830} INFO - Processing file /home/airflow/.local/lib/python3.12/site-packages/airflow/example_dags/example_branch_day_of_week_operator.py for tasks to queue
[2025-10-03T00:00:48.783+0000] {logging_mixin.py:188} INFO - [2025-10-03T00:00:48.782+0000] {dagbag.py:545} INFO - Filling up the DagBag from /home/airflow/.local/lib/python3.12/site-packages/airflow/example_dags/example_branch_day_of_week_operator.py
[2025-10-03T00:00:48.800+0000] {processor.py:840} INFO - DAG(s) 'example_weekday_branch_operator' retrieved from /home/airflow/.local/lib/python3.12/site-packages/airflow/example_dags/example_branch_day_of_week_operator.py
[2025-10-03T00:00:48.851+0000] {logging_mixin.py:188} INFO - [2025-10-03T00:00:48.851+0000] {dag.py:3096} INFO - Sync 1 DAGs
[2025-10-03T00:00:48.912+0000] {logging_mixin.py:188} INFO - [2025-10-03T00:00:48.911+0000] {dag.py:3954} INFO - Setting next_dagrun for example_weekday_branch_operator to 2025-10-02 00:00:00+00:00, run_after=2025-10-03 00:00:00+00:00
[2025-10-03T00:00:48.969+0000] {processor.py:183} INFO - Processing /home/airflow/.local/lib/python3.12/site-packages/airflow/example_dags/example_branch_day_of_week_operator.py took 0.204 seconds
[2025-10-03T00:01:19.779+0000] {processor.py:161} INFO - Started process (PID=14552) to work on /home/airflow/.local/lib/python3.12/site-packages/airflow/example_dags/example_branch_day_of_week_operator.py
[2025-10-03T00:01:19.784+0000] {processor.py:830} INFO - Processing file /home/airflow/.local/lib/python3.12/site-packages/airflow/example_dags/example_branch_day_of_week_operator.py for tasks to queue
[2025-10-03T00:01:19.790+0000] {logging_mixin.py:188} INFO - [2025-10-03T00:01:19.789+0000] {dagbag.py:545} INFO - Filling up the DagBag from /home/airflow/.local/lib/python3.12/site-packages/airflow/example_dags/example_branch_day_of_week_operator.py
[2025-10-03T00:01:19.810+0000] {processor.py:840} INFO - DAG(s) 'example_weekday_branch_operator' retrieved from /home/airflow/.local/lib/python3.12/site-packages/airflow/example_dags/example_branch_day_of_week_operator.py
[2025-10-03T00:01:19.863+0000] {logging_mixin.py:188} INFO - [2025-10-03T00:01:19.862+0000] {dag.py:3096} INFO - Sync 1 DAGs
[2025-10-03T00:01:19.922+0000] {logging_mixin.py:188} INFO - [2025-10-03T00:01:19.922+0000] {dag.py:3954} INFO - Setting next_dagrun for example_weekday_branch_operator to 2025-10-02 00:00:00+00:00, run_after=2025-10-03 00:00:00+00:00
[2025-10-03T00:01:19.966+0000] {processor.py:183} INFO - Processing /home/airflow/.local/lib/python3.12/site-packages/airflow/example_dags/example_branch_day_of_week_operator.py took 0.209 seconds
[2025-10-03T00:01:50.179+0000] {processor.py:161} INFO - Started process (PID=14605) to work on /home/airflow/.local/lib/python3.12/site-packages/airflow/example_dags/example_branch_day_of_week_operator.py
[2025-10-03T00:01:50.183+0000] {processor.py:830} INFO - Processing file /home/airflow/.local/lib/python3.12/site-packages/airflow/example_dags/example_branch_day_of_week_operator.py for tasks to queue
[2025-10-03T00:01:50.187+0000] {logging_mixin.py:188} INFO - [2025-10-03T00:01:50.186+0000] {dagbag.py:545} INFO - Filling up the DagBag from /home/airflow/.local/lib/python3.12/site-packages/airflow/example_dags/example_branch_day_of_week_operator.py
[2025-10-03T00:01:50.220+0000] {processor.py:840} INFO - DAG(s) 'example_weekday_branch_operator' retrieved from /home/airflow/.local/lib/python3.12/site-packages/airflow/example_dags/example_branch_day_of_week_operator.py
[2025-10-03T00:01:50.294+0000] {logging_mixin.py:188} INFO - [2025-10-03T00:01:50.293+0000] {dag.py:3096} INFO - Sync 1 DAGs
[2025-10-03T00:01:50.384+0000] {logging_mixin.py:188} INFO - [2025-10-03T00:01:50.383+0000] {dag.py:3954} INFO - Setting next_dagrun for example_weekday_branch_operator to 2025-10-02 00:00:00+00:00, run_after=2025-10-03 00:00:00+00:00
[2025-10-03T00:01:50.426+0000] {processor.py:183} INFO - Processing /home/airflow/.local/lib/python3.12/site-packages/airflow/example_dags/example_branch_day_of_week_operator.py took 0.281 seconds
[2025-10-03T00:02:20.571+0000] {processor.py:161} INFO - Started process (PID=14657) to work on /home/airflow/.local/lib/python3.12/site-packages/airflow/example_dags/example_branch_day_of_week_operator.py
[2025-10-03T00:02:20.574+0000] {processor.py:830} INFO - Processing file /home/airflow/.local/lib/python3.12/site-packages/airflow/example_dags/example_branch_day_of_week_operator.py for tasks to queue
[2025-10-03T00:02:20.576+0000] {logging_mixin.py:188} INFO - [2025-10-03T00:02:20.576+0000] {dagbag.py:545} INFO - Filling up the DagBag from /home/airflow/.local/lib/python3.12/site-packages/airflow/example_dags/example_branch_day_of_week_operator.py
[2025-10-03T00:02:20.598+0000] {processor.py:840} INFO - DAG(s) 'example_weekday_branch_operator' retrieved from /home/airflow/.local/lib/python3.12/site-packages/airflow/example_dags/example_branch_day_of_week_operator.py
[2025-10-03T00:02:20.658+0000] {logging_mixin.py:188} INFO - [2025-10-03T00:02:20.658+0000] {dag.py:3096} INFO - Sync 1 DAGs
[2025-10-03T00:02:20.712+0000] {logging_mixin.py:188} INFO - [2025-10-03T00:02:20.711+0000] {dag.py:3954} INFO - Setting next_dagrun for example_weekday_branch_operator to 2025-10-02 00:00:00+00:00, run_after=2025-10-03 00:00:00+00:00
[2025-10-03T00:02:20.761+0000] {processor.py:183} INFO - Processing /home/airflow/.local/lib/python3.12/site-packages/airflow/example_dags/example_branch_day_of_week_operator.py took 0.210 seconds
[2025-10-03T00:02:51.146+0000] {processor.py:161} INFO - Started process (PID=14710) to work on /home/airflow/.local/lib/python3.12/site-packages/airflow/example_dags/example_branch_day_of_week_operator.py
[2025-10-03T00:02:51.149+0000] {processor.py:830} INFO - Processing file /home/airflow/.local/lib/python3.12/site-packages/airflow/example_dags/example_branch_day_of_week_operator.py for tasks to queue
[2025-10-03T00:02:51.152+0000] {logging_mixin.py:188} INFO - [2025-10-03T00:02:51.151+0000] {dagbag.py:545} INFO - Filling up the DagBag from /home/airflow/.local/lib/python3.12/site-packages/airflow/example_dags/example_branch_day_of_week_operator.py
[2025-10-03T00:02:51.175+0000] {processor.py:840} INFO - DAG(s) 'example_weekday_branch_operator' retrieved from /home/airflow/.local/lib/python3.12/site-packages/airflow/example_dags/example_branch_day_of_week_operator.py
[2025-10-03T00:02:51.231+0000] {logging_mixin.py:188} INFO - [2025-10-03T00:02:51.231+0000] {dag.py:3096} INFO - Sync 1 DAGs
[2025-10-03T00:02:51.284+0000] {logging_mixin.py:188} INFO - [2025-10-03T00:02:51.283+0000] {dag.py:3954} INFO - Setting next_dagrun for example_weekday_branch_operator to 2025-10-02 00:00:00+00:00, run_after=2025-10-03 00:00:00+00:00
[2025-10-03T00:02:51.326+0000] {processor.py:183} INFO - Processing /home/airflow/.local/lib/python3.12/site-packages/airflow/example_dags/example_branch_day_of_week_operator.py took 0.207 seconds
[2025-10-03T00:03:21.868+0000] {processor.py:161} INFO - Started process (PID=14763) to work on /home/airflow/.local/lib/python3.12/site-packages/airflow/example_dags/example_branch_day_of_week_operator.py
[2025-10-03T00:03:21.873+0000] {processor.py:830} INFO - Processing file /home/airflow/.local/lib/python3.12/site-packages/airflow/example_dags/example_branch_day_of_week_operator.py for tasks to queue
[2025-10-03T00:03:21.877+0000] {logging_mixin.py:188} INFO - [2025-10-03T00:03:21.876+0000] {dagbag.py:545} INFO - Filling up the DagBag from /home/airflow/.local/lib/python3.12/site-packages/airflow/example_dags/example_branch_day_of_week_operator.py
[2025-10-03T00:03:21.912+0000] {processor.py:840} INFO - DAG(s) 'example_weekday_branch_operator' retrieved from /home/airflow/.local/lib/python3.12/site-packages/airflow/example_dags/example_branch_day_of_week_operator.py
[2025-10-03T00:03:21.994+0000] {logging_mixin.py:188} INFO - [2025-10-03T00:03:21.992+0000] {dag.py:3096} INFO - Sync 1 DAGs
[2025-10-03T00:03:22.055+0000] {logging_mixin.py:188} INFO - [2025-10-03T00:03:22.054+0000] {dag.py:3954} INFO - Setting next_dagrun for example_weekday_branch_operator to 2025-10-02 00:00:00+00:00, run_after=2025-10-03 00:00:00+00:00
[2025-10-03T00:03:22.095+0000] {processor.py:183} INFO - Processing /home/airflow/.local/lib/python3.12/site-packages/airflow/example_dags/example_branch_day_of_week_operator.py took 0.254 seconds
[2025-10-03T00:03:52.379+0000] {processor.py:161} INFO - Started process (PID=14816) to work on /home/airflow/.local/lib/python3.12/site-packages/airflow/example_dags/example_branch_day_of_week_operator.py
[2025-10-03T00:03:52.382+0000] {processor.py:830} INFO - Processing file /home/airflow/.local/lib/python3.12/site-packages/airflow/example_dags/example_branch_day_of_week_operator.py for tasks to queue
[2025-10-03T00:03:52.386+0000] {logging_mixin.py:188} INFO - [2025-10-03T00:03:52.384+0000] {dagbag.py:545} INFO - Filling up the DagBag from /home/airflow/.local/lib/python3.12/site-packages/airflow/example_dags/example_branch_day_of_week_operator.py
[2025-10-03T00:03:52.411+0000] {processor.py:840} INFO - DAG(s) 'example_weekday_branch_operator' retrieved from /home/airflow/.local/lib/python3.12/site-packages/airflow/example_dags/example_branch_day_of_week_operator.py
[2025-10-03T00:03:52.471+0000] {logging_mixin.py:188} INFO - [2025-10-03T00:03:52.470+0000] {dag.py:3096} INFO - Sync 1 DAGs
[2025-10-03T00:03:52.578+0000] {logging_mixin.py:188} INFO - [2025-10-03T00:03:52.578+0000] {dag.py:3954} INFO - Setting next_dagrun for example_weekday_branch_operator to 2025-10-02 00:00:00+00:00, run_after=2025-10-03 00:00:00+00:00
[2025-10-03T00:03:52.653+0000] {processor.py:183} INFO - Processing /home/airflow/.local/lib/python3.12/site-packages/airflow/example_dags/example_branch_day_of_week_operator.py took 0.289 seconds
[2025-10-03T00:04:23.130+0000] {processor.py:161} INFO - Started process (PID=14869) to work on /home/airflow/.local/lib/python3.12/site-packages/airflow/example_dags/example_branch_day_of_week_operator.py
[2025-10-03T00:04:23.132+0000] {processor.py:830} INFO - Processing file /home/airflow/.local/lib/python3.12/site-packages/airflow/example_dags/example_branch_day_of_week_operator.py for tasks to queue
[2025-10-03T00:04:23.134+0000] {logging_mixin.py:188} INFO - [2025-10-03T00:04:23.134+0000] {dagbag.py:545} INFO - Filling up the DagBag from /home/airflow/.local/lib/python3.12/site-packages/airflow/example_dags/example_branch_day_of_week_operator.py
[2025-10-03T00:04:23.153+0000] {processor.py:840} INFO - DAG(s) 'example_weekday_branch_operator' retrieved from /home/airflow/.local/lib/python3.12/site-packages/airflow/example_dags/example_branch_day_of_week_operator.py
[2025-10-03T00:04:23.204+0000] {logging_mixin.py:188} INFO - [2025-10-03T00:04:23.204+0000] {dag.py:3096} INFO - Sync 1 DAGs
[2025-10-03T00:04:23.276+0000] {logging_mixin.py:188} INFO - [2025-10-03T00:04:23.275+0000] {dag.py:3954} INFO - Setting next_dagrun for example_weekday_branch_operator to 2025-10-02 00:00:00+00:00, run_after=2025-10-03 00:00:00+00:00
[2025-10-03T00:04:23.377+0000] {processor.py:183} INFO - Processing /home/airflow/.local/lib/python3.12/site-packages/airflow/example_dags/example_branch_day_of_week_operator.py took 0.271 seconds
[2025-10-03T00:04:53.815+0000] {processor.py:161} INFO - Started process (PID=14922) to work on /home/airflow/.local/lib/python3.12/site-packages/airflow/example_dags/example_branch_day_of_week_operator.py
[2025-10-03T00:04:53.820+0000] {processor.py:830} INFO - Processing file /home/airflow/.local/lib/python3.12/site-packages/airflow/example_dags/example_branch_day_of_week_operator.py for tasks to queue
[2025-10-03T00:04:53.823+0000] {logging_mixin.py:188} INFO - [2025-10-03T00:04:53.822+0000] {dagbag.py:545} INFO - Filling up the DagBag from /home/airflow/.local/lib/python3.12/site-packages/airflow/example_dags/example_branch_day_of_week_operator.py
[2025-10-03T00:04:53.850+0000] {processor.py:840} INFO - DAG(s) 'example_weekday_branch_operator' retrieved from /home/airflow/.local/lib/python3.12/site-packages/airflow/example_dags/example_branch_day_of_week_operator.py
[2025-10-03T00:04:53.903+0000] {logging_mixin.py:188} INFO - [2025-10-03T00:04:53.902+0000] {dag.py:3096} INFO - Sync 1 DAGs
[2025-10-03T00:04:53.955+0000] {logging_mixin.py:188} INFO - [2025-10-03T00:04:53.955+0000] {dag.py:3954} INFO - Setting next_dagrun for example_weekday_branch_operator to 2025-10-02 00:00:00+00:00, run_after=2025-10-03 00:00:00+00:00
[2025-10-03T00:04:54.015+0000] {processor.py:183} INFO - Processing /home/airflow/.local/lib/python3.12/site-packages/airflow/example_dags/example_branch_day_of_week_operator.py took 0.219 seconds
[2025-10-03T00:05:24.495+0000] {processor.py:161} INFO - Started process (PID=14975) to work on /home/airflow/.local/lib/python3.12/site-packages/airflow/example_dags/example_branch_day_of_week_operator.py
[2025-10-03T00:05:24.497+0000] {processor.py:830} INFO - Processing file /home/airflow/.local/lib/python3.12/site-packages/airflow/example_dags/example_branch_day_of_week_operator.py for tasks to queue
[2025-10-03T00:05:24.500+0000] {logging_mixin.py:188} INFO - [2025-10-03T00:05:24.499+0000] {dagbag.py:545} INFO - Filling up the DagBag from /home/airflow/.local/lib/python3.12/site-packages/airflow/example_dags/example_branch_day_of_week_operator.py
[2025-10-03T00:05:24.519+0000] {processor.py:840} INFO - DAG(s) 'example_weekday_branch_operator' retrieved from /home/airflow/.local/lib/python3.12/site-packages/airflow/example_dags/example_branch_day_of_week_operator.py
[2025-10-03T00:05:24.570+0000] {logging_mixin.py:188} INFO - [2025-10-03T00:05:24.570+0000] {dag.py:3096} INFO - Sync 1 DAGs
[2025-10-03T00:05:24.617+0000] {logging_mixin.py:188} INFO - [2025-10-03T00:05:24.616+0000] {dag.py:3954} INFO - Setting next_dagrun for example_weekday_branch_operator to 2025-10-02 00:00:00+00:00, run_after=2025-10-03 00:00:00+00:00
[2025-10-03T00:05:24.672+0000] {processor.py:183} INFO - Processing /home/airflow/.local/lib/python3.12/site-packages/airflow/example_dags/example_branch_day_of_week_operator.py took 0.198 seconds
[2025-10-03T00:05:54.865+0000] {processor.py:161} INFO - Started process (PID=15028) to work on /home/airflow/.local/lib/python3.12/site-packages/airflow/example_dags/example_branch_day_of_week_operator.py
[2025-10-03T00:05:54.867+0000] {processor.py:830} INFO - Processing file /home/airflow/.local/lib/python3.12/site-packages/airflow/example_dags/example_branch_day_of_week_operator.py for tasks to queue
[2025-10-03T00:05:54.870+0000] {logging_mixin.py:188} INFO - [2025-10-03T00:05:54.869+0000] {dagbag.py:545} INFO - Filling up the DagBag from /home/airflow/.local/lib/python3.12/site-packages/airflow/example_dags/example_branch_day_of_week_operator.py
[2025-10-03T00:05:54.887+0000] {processor.py:840} INFO - DAG(s) 'example_weekday_branch_operator' retrieved from /home/airflow/.local/lib/python3.12/site-packages/airflow/example_dags/example_branch_day_of_week_operator.py
[2025-10-03T00:05:54.939+0000] {logging_mixin.py:188} INFO - [2025-10-03T00:05:54.939+0000] {dag.py:3096} INFO - Sync 1 DAGs
[2025-10-03T00:05:54.989+0000] {logging_mixin.py:188} INFO - [2025-10-03T00:05:54.988+0000] {dag.py:3954} INFO - Setting next_dagrun for example_weekday_branch_operator to 2025-10-02 00:00:00+00:00, run_after=2025-10-03 00:00:00+00:00
[2025-10-03T00:05:55.030+0000] {processor.py:183} INFO - Processing /home/airflow/.local/lib/python3.12/site-packages/airflow/example_dags/example_branch_day_of_week_operator.py took 0.180 seconds
[2025-10-03T00:06:25.337+0000] {processor.py:161} INFO - Started process (PID=15081) to work on /home/airflow/.local/lib/python3.12/site-packages/airflow/example_dags/example_branch_day_of_week_operator.py
[2025-10-03T00:06:25.339+0000] {processor.py:830} INFO - Processing file /home/airflow/.local/lib/python3.12/site-packages/airflow/example_dags/example_branch_day_of_week_operator.py for tasks to queue
[2025-10-03T00:06:25.342+0000] {logging_mixin.py:188} INFO - [2025-10-03T00:06:25.341+0000] {dagbag.py:545} INFO - Filling up the DagBag from /home/airflow/.local/lib/python3.12/site-packages/airflow/example_dags/example_branch_day_of_week_operator.py
[2025-10-03T00:06:25.367+0000] {processor.py:840} INFO - DAG(s) 'example_weekday_branch_operator' retrieved from /home/airflow/.local/lib/python3.12/site-packages/airflow/example_dags/example_branch_day_of_week_operator.py
[2025-10-03T00:06:25.438+0000] {logging_mixin.py:188} INFO - [2025-10-03T00:06:25.437+0000] {dag.py:3096} INFO - Sync 1 DAGs
[2025-10-03T00:06:25.506+0000] {logging_mixin.py:188} INFO - [2025-10-03T00:06:25.505+0000] {dag.py:3954} INFO - Setting next_dagrun for example_weekday_branch_operator to 2025-10-02 00:00:00+00:00, run_after=2025-10-03 00:00:00+00:00
[2025-10-03T00:06:25.561+0000] {processor.py:183} INFO - Processing /home/airflow/.local/lib/python3.12/site-packages/airflow/example_dags/example_branch_day_of_week_operator.py took 0.248 seconds
[2025-10-03T00:06:55.861+0000] {processor.py:161} INFO - Started process (PID=15134) to work on /home/airflow/.local/lib/python3.12/site-packages/airflow/example_dags/example_branch_day_of_week_operator.py
[2025-10-03T00:06:55.864+0000] {processor.py:830} INFO - Processing file /home/airflow/.local/lib/python3.12/site-packages/airflow/example_dags/example_branch_day_of_week_operator.py for tasks to queue
[2025-10-03T00:06:55.868+0000] {logging_mixin.py:188} INFO - [2025-10-03T00:06:55.866+0000] {dagbag.py:545} INFO - Filling up the DagBag from /home/airflow/.local/lib/python3.12/site-packages/airflow/example_dags/example_branch_day_of_week_operator.py
[2025-10-03T00:06:55.894+0000] {processor.py:840} INFO - DAG(s) 'example_weekday_branch_operator' retrieved from /home/airflow/.local/lib/python3.12/site-packages/airflow/example_dags/example_branch_day_of_week_operator.py
[2025-10-03T00:06:55.960+0000] {logging_mixin.py:188} INFO - [2025-10-03T00:06:55.960+0000] {dag.py:3096} INFO - Sync 1 DAGs
[2025-10-03T00:06:56.043+0000] {logging_mixin.py:188} INFO - [2025-10-03T00:06:56.042+0000] {dag.py:3954} INFO - Setting next_dagrun for example_weekday_branch_operator to 2025-10-02 00:00:00+00:00, run_after=2025-10-03 00:00:00+00:00
[2025-10-03T00:06:56.095+0000] {processor.py:183} INFO - Processing /home/airflow/.local/lib/python3.12/site-packages/airflow/example_dags/example_branch_day_of_week_operator.py took 0.259 seconds
[2025-10-03T00:07:26.430+0000] {processor.py:161} INFO - Started process (PID=15186) to work on /home/airflow/.local/lib/python3.12/site-packages/airflow/example_dags/example_branch_day_of_week_operator.py
[2025-10-03T00:07:26.432+0000] {processor.py:830} INFO - Processing file /home/airflow/.local/lib/python3.12/site-packages/airflow/example_dags/example_branch_day_of_week_operator.py for tasks to queue
[2025-10-03T00:07:26.434+0000] {logging_mixin.py:188} INFO - [2025-10-03T00:07:26.434+0000] {dagbag.py:545} INFO - Filling up the DagBag from /home/airflow/.local/lib/python3.12/site-packages/airflow/example_dags/example_branch_day_of_week_operator.py
[2025-10-03T00:07:26.452+0000] {processor.py:840} INFO - DAG(s) 'example_weekday_branch_operator' retrieved from /home/airflow/.local/lib/python3.12/site-packages/airflow/example_dags/example_branch_day_of_week_operator.py
[2025-10-03T00:07:26.500+0000] {logging_mixin.py:188} INFO - [2025-10-03T00:07:26.500+0000] {dag.py:3096} INFO - Sync 1 DAGs
[2025-10-03T00:07:26.548+0000] {logging_mixin.py:188} INFO - [2025-10-03T00:07:26.547+0000] {dag.py:3954} INFO - Setting next_dagrun for example_weekday_branch_operator to 2025-10-02 00:00:00+00:00, run_after=2025-10-03 00:00:00+00:00
[2025-10-03T00:07:26.588+0000] {processor.py:183} INFO - Processing /home/airflow/.local/lib/python3.12/site-packages/airflow/example_dags/example_branch_day_of_week_operator.py took 0.172 seconds
[2025-10-03T00:07:57.222+0000] {processor.py:161} INFO - Started process (PID=15240) to work on /home/airflow/.local/lib/python3.12/site-packages/airflow/example_dags/example_branch_day_of_week_operator.py
[2025-10-03T00:07:57.225+0000] {processor.py:830} INFO - Processing file /home/airflow/.local/lib/python3.12/site-packages/airflow/example_dags/example_branch_day_of_week_operator.py for tasks to queue
[2025-10-03T00:07:57.228+0000] {logging_mixin.py:188} INFO - [2025-10-03T00:07:57.227+0000] {dagbag.py:545} INFO - Filling up the DagBag from /home/airflow/.local/lib/python3.12/site-packages/airflow/example_dags/example_branch_day_of_week_operator.py
[2025-10-03T00:07:57.255+0000] {processor.py:840} INFO - DAG(s) 'example_weekday_branch_operator' retrieved from /home/airflow/.local/lib/python3.12/site-packages/airflow/example_dags/example_branch_day_of_week_operator.py
[2025-10-03T00:07:57.325+0000] {logging_mixin.py:188} INFO - [2025-10-03T00:07:57.324+0000] {dag.py:3096} INFO - Sync 1 DAGs
[2025-10-03T00:07:57.374+0000] {logging_mixin.py:188} INFO - [2025-10-03T00:07:57.374+0000] {dag.py:3954} INFO - Setting next_dagrun for example_weekday_branch_operator to 2025-10-02 00:00:00+00:00, run_after=2025-10-03 00:00:00+00:00
[2025-10-03T00:07:57.422+0000] {processor.py:183} INFO - Processing /home/airflow/.local/lib/python3.12/site-packages/airflow/example_dags/example_branch_day_of_week_operator.py took 0.224 seconds
[2025-10-03T00:08:27.523+0000] {processor.py:161} INFO - Started process (PID=15292) to work on /home/airflow/.local/lib/python3.12/site-packages/airflow/example_dags/example_branch_day_of_week_operator.py
[2025-10-03T00:08:27.526+0000] {processor.py:830} INFO - Processing file /home/airflow/.local/lib/python3.12/site-packages/airflow/example_dags/example_branch_day_of_week_operator.py for tasks to queue
[2025-10-03T00:08:27.528+0000] {logging_mixin.py:188} INFO - [2025-10-03T00:08:27.527+0000] {dagbag.py:545} INFO - Filling up the DagBag from /home/airflow/.local/lib/python3.12/site-packages/airflow/example_dags/example_branch_day_of_week_operator.py
[2025-10-03T00:08:27.545+0000] {processor.py:840} INFO - DAG(s) 'example_weekday_branch_operator' retrieved from /home/airflow/.local/lib/python3.12/site-packages/airflow/example_dags/example_branch_day_of_week_operator.py
[2025-10-03T00:08:27.591+0000] {logging_mixin.py:188} INFO - [2025-10-03T00:08:27.591+0000] {dag.py:3096} INFO - Sync 1 DAGs
[2025-10-03T00:08:27.645+0000] {logging_mixin.py:188} INFO - [2025-10-03T00:08:27.645+0000] {dag.py:3954} INFO - Setting next_dagrun for example_weekday_branch_operator to 2025-10-02 00:00:00+00:00, run_after=2025-10-03 00:00:00+00:00
[2025-10-03T00:08:27.704+0000] {processor.py:183} INFO - Processing /home/airflow/.local/lib/python3.12/site-packages/airflow/example_dags/example_branch_day_of_week_operator.py took 0.197 seconds
[2025-10-03T00:08:58.022+0000] {processor.py:161} INFO - Started process (PID=15345) to work on /home/airflow/.local/lib/python3.12/site-packages/airflow/example_dags/example_branch_day_of_week_operator.py
[2025-10-03T00:08:58.025+0000] {processor.py:830} INFO - Processing file /home/airflow/.local/lib/python3.12/site-packages/airflow/example_dags/example_branch_day_of_week_operator.py for tasks to queue
[2025-10-03T00:08:58.027+0000] {logging_mixin.py:188} INFO - [2025-10-03T00:08:58.026+0000] {dagbag.py:545} INFO - Filling up the DagBag from /home/airflow/.local/lib/python3.12/site-packages/airflow/example_dags/example_branch_day_of_week_operator.py
[2025-10-03T00:08:58.045+0000] {processor.py:840} INFO - DAG(s) 'example_weekday_branch_operator' retrieved from /home/airflow/.local/lib/python3.12/site-packages/airflow/example_dags/example_branch_day_of_week_operator.py
[2025-10-03T00:08:58.095+0000] {logging_mixin.py:188} INFO - [2025-10-03T00:08:58.095+0000] {dag.py:3096} INFO - Sync 1 DAGs
[2025-10-03T00:08:58.152+0000] {logging_mixin.py:188} INFO - [2025-10-03T00:08:58.152+0000] {dag.py:3954} INFO - Setting next_dagrun for example_weekday_branch_operator to 2025-10-02 00:00:00+00:00, run_after=2025-10-03 00:00:00+00:00
[2025-10-03T00:08:58.203+0000] {processor.py:183} INFO - Processing /home/airflow/.local/lib/python3.12/site-packages/airflow/example_dags/example_branch_day_of_week_operator.py took 0.196 seconds
[2025-10-03T00:09:28.344+0000] {processor.py:161} INFO - Started process (PID=15398) to work on /home/airflow/.local/lib/python3.12/site-packages/airflow/example_dags/example_branch_day_of_week_operator.py
[2025-10-03T00:09:28.347+0000] {processor.py:830} INFO - Processing file /home/airflow/.local/lib/python3.12/site-packages/airflow/example_dags/example_branch_day_of_week_operator.py for tasks to queue
[2025-10-03T00:09:28.350+0000] {logging_mixin.py:188} INFO - [2025-10-03T00:09:28.349+0000] {dagbag.py:545} INFO - Filling up the DagBag from /home/airflow/.local/lib/python3.12/site-packages/airflow/example_dags/example_branch_day_of_week_operator.py
[2025-10-03T00:09:28.367+0000] {processor.py:840} INFO - DAG(s) 'example_weekday_branch_operator' retrieved from /home/airflow/.local/lib/python3.12/site-packages/airflow/example_dags/example_branch_day_of_week_operator.py
[2025-10-03T00:09:28.421+0000] {logging_mixin.py:188} INFO - [2025-10-03T00:09:28.421+0000] {dag.py:3096} INFO - Sync 1 DAGs
[2025-10-03T00:09:28.471+0000] {logging_mixin.py:188} INFO - [2025-10-03T00:09:28.471+0000] {dag.py:3954} INFO - Setting next_dagrun for example_weekday_branch_operator to 2025-10-02 00:00:00+00:00, run_after=2025-10-03 00:00:00+00:00
[2025-10-03T00:09:28.527+0000] {processor.py:183} INFO - Processing /home/airflow/.local/lib/python3.12/site-packages/airflow/example_dags/example_branch_day_of_week_operator.py took 0.202 seconds
[2025-10-03T00:09:59.073+0000] {processor.py:161} INFO - Started process (PID=15451) to work on /home/airflow/.local/lib/python3.12/site-packages/airflow/example_dags/example_branch_day_of_week_operator.py
[2025-10-03T00:09:59.076+0000] {processor.py:830} INFO - Processing file /home/airflow/.local/lib/python3.12/site-packages/airflow/example_dags/example_branch_day_of_week_operator.py for tasks to queue
[2025-10-03T00:09:59.079+0000] {logging_mixin.py:188} INFO - [2025-10-03T00:09:59.078+0000] {dagbag.py:545} INFO - Filling up the DagBag from /home/airflow/.local/lib/python3.12/site-packages/airflow/example_dags/example_branch_day_of_week_operator.py
[2025-10-03T00:09:59.099+0000] {processor.py:840} INFO - DAG(s) 'example_weekday_branch_operator' retrieved from /home/airflow/.local/lib/python3.12/site-packages/airflow/example_dags/example_branch_day_of_week_operator.py
[2025-10-03T00:09:59.172+0000] {logging_mixin.py:188} INFO - [2025-10-03T00:09:59.171+0000] {dag.py:3096} INFO - Sync 1 DAGs
[2025-10-03T00:09:59.233+0000] {logging_mixin.py:188} INFO - [2025-10-03T00:09:59.232+0000] {dag.py:3954} INFO - Setting next_dagrun for example_weekday_branch_operator to 2025-10-02 00:00:00+00:00, run_after=2025-10-03 00:00:00+00:00
[2025-10-03T00:09:59.275+0000] {processor.py:183} INFO - Processing /home/airflow/.local/lib/python3.12/site-packages/airflow/example_dags/example_branch_day_of_week_operator.py took 0.221 seconds
[2025-10-03T00:10:29.454+0000] {processor.py:161} INFO - Started process (PID=15504) to work on /home/airflow/.local/lib/python3.12/site-packages/airflow/example_dags/example_branch_day_of_week_operator.py
[2025-10-03T00:10:29.456+0000] {processor.py:830} INFO - Processing file /home/airflow/.local/lib/python3.12/site-packages/airflow/example_dags/example_branch_day_of_week_operator.py for tasks to queue
[2025-10-03T00:10:29.459+0000] {logging_mixin.py:188} INFO - [2025-10-03T00:10:29.458+0000] {dagbag.py:545} INFO - Filling up the DagBag from /home/airflow/.local/lib/python3.12/site-packages/airflow/example_dags/example_branch_day_of_week_operator.py
[2025-10-03T00:10:29.479+0000] {processor.py:840} INFO - DAG(s) 'example_weekday_branch_operator' retrieved from /home/airflow/.local/lib/python3.12/site-packages/airflow/example_dags/example_branch_day_of_week_operator.py
[2025-10-03T00:10:29.532+0000] {logging_mixin.py:188} INFO - [2025-10-03T00:10:29.531+0000] {dag.py:3096} INFO - Sync 1 DAGs
[2025-10-03T00:10:29.587+0000] {logging_mixin.py:188} INFO - [2025-10-03T00:10:29.586+0000] {dag.py:3954} INFO - Setting next_dagrun for example_weekday_branch_operator to 2025-10-02 00:00:00+00:00, run_after=2025-10-03 00:00:00+00:00
[2025-10-03T00:10:29.631+0000] {processor.py:183} INFO - Processing /home/airflow/.local/lib/python3.12/site-packages/airflow/example_dags/example_branch_day_of_week_operator.py took 0.192 seconds
[2025-10-03T00:11:00.071+0000] {processor.py:161} INFO - Started process (PID=15557) to work on /home/airflow/.local/lib/python3.12/site-packages/airflow/example_dags/example_branch_day_of_week_operator.py
[2025-10-03T00:11:00.075+0000] {processor.py:830} INFO - Processing file /home/airflow/.local/lib/python3.12/site-packages/airflow/example_dags/example_branch_day_of_week_operator.py for tasks to queue
[2025-10-03T00:11:00.079+0000] {logging_mixin.py:188} INFO - [2025-10-03T00:11:00.077+0000] {dagbag.py:545} INFO - Filling up the DagBag from /home/airflow/.local/lib/python3.12/site-packages/airflow/example_dags/example_branch_day_of_week_operator.py
[2025-10-03T00:11:00.116+0000] {processor.py:840} INFO - DAG(s) 'example_weekday_branch_operator' retrieved from /home/airflow/.local/lib/python3.12/site-packages/airflow/example_dags/example_branch_day_of_week_operator.py
[2025-10-03T00:11:00.210+0000] {logging_mixin.py:188} INFO - [2025-10-03T00:11:00.209+0000] {dag.py:3096} INFO - Sync 1 DAGs
[2025-10-03T00:11:00.331+0000] {logging_mixin.py:188} INFO - [2025-10-03T00:11:00.326+0000] {dag.py:3954} INFO - Setting next_dagrun for example_weekday_branch_operator to 2025-10-02 00:00:00+00:00, run_after=2025-10-03 00:00:00+00:00
[2025-10-03T00:11:02.184+0000] {processor.py:183} INFO - Processing /home/airflow/.local/lib/python3.12/site-packages/airflow/example_dags/example_branch_day_of_week_operator.py took 2.150 seconds
[2025-10-03T00:11:32.372+0000] {processor.py:161} INFO - Started process (PID=15610) to work on /home/airflow/.local/lib/python3.12/site-packages/airflow/example_dags/example_branch_day_of_week_operator.py
[2025-10-03T00:11:32.375+0000] {processor.py:830} INFO - Processing file /home/airflow/.local/lib/python3.12/site-packages/airflow/example_dags/example_branch_day_of_week_operator.py for tasks to queue
[2025-10-03T00:11:32.377+0000] {logging_mixin.py:188} INFO - [2025-10-03T00:11:32.376+0000] {dagbag.py:545} INFO - Filling up the DagBag from /home/airflow/.local/lib/python3.12/site-packages/airflow/example_dags/example_branch_day_of_week_operator.py
[2025-10-03T00:11:32.398+0000] {processor.py:840} INFO - DAG(s) 'example_weekday_branch_operator' retrieved from /home/airflow/.local/lib/python3.12/site-packages/airflow/example_dags/example_branch_day_of_week_operator.py
[2025-10-03T00:11:32.452+0000] {logging_mixin.py:188} INFO - [2025-10-03T00:11:32.452+0000] {dag.py:3096} INFO - Sync 1 DAGs
[2025-10-03T00:11:32.513+0000] {logging_mixin.py:188} INFO - [2025-10-03T00:11:32.513+0000] {dag.py:3954} INFO - Setting next_dagrun for example_weekday_branch_operator to 2025-10-02 00:00:00+00:00, run_after=2025-10-03 00:00:00+00:00
[2025-10-03T00:11:32.574+0000] {processor.py:183} INFO - Processing /home/airflow/.local/lib/python3.12/site-packages/airflow/example_dags/example_branch_day_of_week_operator.py took 0.236 seconds
[2025-10-03T00:12:03.534+0000] {processor.py:161} INFO - Started process (PID=15664) to work on /home/airflow/.local/lib/python3.12/site-packages/airflow/example_dags/example_branch_day_of_week_operator.py
[2025-10-03T00:12:03.537+0000] {processor.py:830} INFO - Processing file /home/airflow/.local/lib/python3.12/site-packages/airflow/example_dags/example_branch_day_of_week_operator.py for tasks to queue
[2025-10-03T00:12:03.539+0000] {logging_mixin.py:188} INFO - [2025-10-03T00:12:03.538+0000] {dagbag.py:545} INFO - Filling up the DagBag from /home/airflow/.local/lib/python3.12/site-packages/airflow/example_dags/example_branch_day_of_week_operator.py
[2025-10-03T00:12:03.569+0000] {processor.py:840} INFO - DAG(s) 'example_weekday_branch_operator' retrieved from /home/airflow/.local/lib/python3.12/site-packages/airflow/example_dags/example_branch_day_of_week_operator.py
[2025-10-03T00:12:03.627+0000] {logging_mixin.py:188} INFO - [2025-10-03T00:12:03.627+0000] {dag.py:3096} INFO - Sync 1 DAGs
[2025-10-03T00:12:03.714+0000] {logging_mixin.py:188} INFO - [2025-10-03T00:12:03.714+0000] {dag.py:3954} INFO - Setting next_dagrun for example_weekday_branch_operator to 2025-10-02 00:00:00+00:00, run_after=2025-10-03 00:00:00+00:00
[2025-10-03T00:12:03.754+0000] {processor.py:183} INFO - Processing /home/airflow/.local/lib/python3.12/site-packages/airflow/example_dags/example_branch_day_of_week_operator.py took 0.240 seconds
[2025-10-03T00:12:34.110+0000] {processor.py:161} INFO - Started process (PID=15717) to work on /home/airflow/.local/lib/python3.12/site-packages/airflow/example_dags/example_branch_day_of_week_operator.py
[2025-10-03T00:12:34.124+0000] {processor.py:830} INFO - Processing file /home/airflow/.local/lib/python3.12/site-packages/airflow/example_dags/example_branch_day_of_week_operator.py for tasks to queue
[2025-10-03T00:12:34.127+0000] {logging_mixin.py:188} INFO - [2025-10-03T00:12:34.126+0000] {dagbag.py:545} INFO - Filling up the DagBag from /home/airflow/.local/lib/python3.12/site-packages/airflow/example_dags/example_branch_day_of_week_operator.py
[2025-10-03T00:12:34.225+0000] {processor.py:840} INFO - DAG(s) 'example_weekday_branch_operator' retrieved from /home/airflow/.local/lib/python3.12/site-packages/airflow/example_dags/example_branch_day_of_week_operator.py
[2025-10-03T00:12:34.446+0000] {logging_mixin.py:188} INFO - [2025-10-03T00:12:34.445+0000] {dag.py:3096} INFO - Sync 1 DAGs
[2025-10-03T00:12:34.793+0000] {logging_mixin.py:188} INFO - [2025-10-03T00:12:34.792+0000] {dag.py:3954} INFO - Setting next_dagrun for example_weekday_branch_operator to 2025-10-02 00:00:00+00:00, run_after=2025-10-03 00:00:00+00:00
[2025-10-03T00:12:35.007+0000] {processor.py:183} INFO - Processing /home/airflow/.local/lib/python3.12/site-packages/airflow/example_dags/example_branch_day_of_week_operator.py took 0.966 seconds
[2025-10-03T00:13:05.343+0000] {processor.py:161} INFO - Started process (PID=15768) to work on /home/airflow/.local/lib/python3.12/site-packages/airflow/example_dags/example_branch_day_of_week_operator.py
[2025-10-03T00:13:05.347+0000] {processor.py:830} INFO - Processing file /home/airflow/.local/lib/python3.12/site-packages/airflow/example_dags/example_branch_day_of_week_operator.py for tasks to queue
[2025-10-03T00:13:05.350+0000] {logging_mixin.py:188} INFO - [2025-10-03T00:13:05.349+0000] {dagbag.py:545} INFO - Filling up the DagBag from /home/airflow/.local/lib/python3.12/site-packages/airflow/example_dags/example_branch_day_of_week_operator.py
[2025-10-03T00:13:05.374+0000] {processor.py:840} INFO - DAG(s) 'example_weekday_branch_operator' retrieved from /home/airflow/.local/lib/python3.12/site-packages/airflow/example_dags/example_branch_day_of_week_operator.py
[2025-10-03T00:13:05.443+0000] {logging_mixin.py:188} INFO - [2025-10-03T00:13:05.443+0000] {dag.py:3096} INFO - Sync 1 DAGs
[2025-10-03T00:13:05.502+0000] {logging_mixin.py:188} INFO - [2025-10-03T00:13:05.502+0000] {dag.py:3954} INFO - Setting next_dagrun for example_weekday_branch_operator to 2025-10-02 00:00:00+00:00, run_after=2025-10-03 00:00:00+00:00
[2025-10-03T00:13:05.545+0000] {processor.py:183} INFO - Processing /home/airflow/.local/lib/python3.12/site-packages/airflow/example_dags/example_branch_day_of_week_operator.py took 0.224 seconds
[2025-10-03T00:13:36.244+0000] {processor.py:161} INFO - Started process (PID=15821) to work on /home/airflow/.local/lib/python3.12/site-packages/airflow/example_dags/example_branch_day_of_week_operator.py
[2025-10-03T00:13:36.251+0000] {processor.py:830} INFO - Processing file /home/airflow/.local/lib/python3.12/site-packages/airflow/example_dags/example_branch_day_of_week_operator.py for tasks to queue
[2025-10-03T00:13:36.259+0000] {logging_mixin.py:188} INFO - [2025-10-03T00:13:36.254+0000] {dagbag.py:545} INFO - Filling up the DagBag from /home/airflow/.local/lib/python3.12/site-packages/airflow/example_dags/example_branch_day_of_week_operator.py
[2025-10-03T00:13:36.307+0000] {processor.py:840} INFO - DAG(s) 'example_weekday_branch_operator' retrieved from /home/airflow/.local/lib/python3.12/site-packages/airflow/example_dags/example_branch_day_of_week_operator.py
[2025-10-03T00:13:36.377+0000] {logging_mixin.py:188} INFO - [2025-10-03T00:13:36.377+0000] {dag.py:3096} INFO - Sync 1 DAGs
[2025-10-03T00:13:36.455+0000] {logging_mixin.py:188} INFO - [2025-10-03T00:13:36.454+0000] {dag.py:3954} INFO - Setting next_dagrun for example_weekday_branch_operator to 2025-10-02 00:00:00+00:00, run_after=2025-10-03 00:00:00+00:00
[2025-10-03T00:13:36.511+0000] {processor.py:183} INFO - Processing /home/airflow/.local/lib/python3.12/site-packages/airflow/example_dags/example_branch_day_of_week_operator.py took 0.318 seconds
[2025-10-03T00:14:06.997+0000] {processor.py:161} INFO - Started process (PID=15874) to work on /home/airflow/.local/lib/python3.12/site-packages/airflow/example_dags/example_branch_day_of_week_operator.py
[2025-10-03T00:14:07.001+0000] {processor.py:830} INFO - Processing file /home/airflow/.local/lib/python3.12/site-packages/airflow/example_dags/example_branch_day_of_week_operator.py for tasks to queue
[2025-10-03T00:14:07.005+0000] {logging_mixin.py:188} INFO - [2025-10-03T00:14:07.004+0000] {dagbag.py:545} INFO - Filling up the DagBag from /home/airflow/.local/lib/python3.12/site-packages/airflow/example_dags/example_branch_day_of_week_operator.py
[2025-10-03T00:14:07.038+0000] {processor.py:840} INFO - DAG(s) 'example_weekday_branch_operator' retrieved from /home/airflow/.local/lib/python3.12/site-packages/airflow/example_dags/example_branch_day_of_week_operator.py
[2025-10-03T00:14:07.112+0000] {logging_mixin.py:188} INFO - [2025-10-03T00:14:07.111+0000] {dag.py:3096} INFO - Sync 1 DAGs
[2025-10-03T00:14:07.165+0000] {logging_mixin.py:188} INFO - [2025-10-03T00:14:07.165+0000] {dag.py:3954} INFO - Setting next_dagrun for example_weekday_branch_operator to 2025-10-02 00:00:00+00:00, run_after=2025-10-03 00:00:00+00:00
[2025-10-03T00:14:07.217+0000] {processor.py:183} INFO - Processing /home/airflow/.local/lib/python3.12/site-packages/airflow/example_dags/example_branch_day_of_week_operator.py took 0.241 seconds
[2025-10-03T00:14:37.882+0000] {processor.py:161} INFO - Started process (PID=15927) to work on /home/airflow/.local/lib/python3.12/site-packages/airflow/example_dags/example_branch_day_of_week_operator.py
[2025-10-03T00:14:37.886+0000] {processor.py:830} INFO - Processing file /home/airflow/.local/lib/python3.12/site-packages/airflow/example_dags/example_branch_day_of_week_operator.py for tasks to queue
[2025-10-03T00:14:37.888+0000] {logging_mixin.py:188} INFO - [2025-10-03T00:14:37.887+0000] {dagbag.py:545} INFO - Filling up the DagBag from /home/airflow/.local/lib/python3.12/site-packages/airflow/example_dags/example_branch_day_of_week_operator.py
[2025-10-03T00:14:37.911+0000] {processor.py:840} INFO - DAG(s) 'example_weekday_branch_operator' retrieved from /home/airflow/.local/lib/python3.12/site-packages/airflow/example_dags/example_branch_day_of_week_operator.py
[2025-10-03T00:14:37.962+0000] {logging_mixin.py:188} INFO - [2025-10-03T00:14:37.962+0000] {dag.py:3096} INFO - Sync 1 DAGs
[2025-10-03T00:14:38.013+0000] {logging_mixin.py:188} INFO - [2025-10-03T00:14:38.012+0000] {dag.py:3954} INFO - Setting next_dagrun for example_weekday_branch_operator to 2025-10-02 00:00:00+00:00, run_after=2025-10-03 00:00:00+00:00
[2025-10-03T00:14:38.061+0000] {processor.py:183} INFO - Processing /home/airflow/.local/lib/python3.12/site-packages/airflow/example_dags/example_branch_day_of_week_operator.py took 0.200 seconds
[2025-10-03T00:15:08.491+0000] {processor.py:161} INFO - Started process (PID=15980) to work on /home/airflow/.local/lib/python3.12/site-packages/airflow/example_dags/example_branch_day_of_week_operator.py
[2025-10-03T00:15:08.494+0000] {processor.py:830} INFO - Processing file /home/airflow/.local/lib/python3.12/site-packages/airflow/example_dags/example_branch_day_of_week_operator.py for tasks to queue
[2025-10-03T00:15:08.500+0000] {logging_mixin.py:188} INFO - [2025-10-03T00:15:08.497+0000] {dagbag.py:545} INFO - Filling up the DagBag from /home/airflow/.local/lib/python3.12/site-packages/airflow/example_dags/example_branch_day_of_week_operator.py
[2025-10-03T00:15:08.527+0000] {processor.py:840} INFO - DAG(s) 'example_weekday_branch_operator' retrieved from /home/airflow/.local/lib/python3.12/site-packages/airflow/example_dags/example_branch_day_of_week_operator.py
[2025-10-03T00:15:08.606+0000] {logging_mixin.py:188} INFO - [2025-10-03T00:15:08.605+0000] {dag.py:3096} INFO - Sync 1 DAGs
[2025-10-03T00:15:08.678+0000] {logging_mixin.py:188} INFO - [2025-10-03T00:15:08.678+0000] {dag.py:3954} INFO - Setting next_dagrun for example_weekday_branch_operator to 2025-10-02 00:00:00+00:00, run_after=2025-10-03 00:00:00+00:00
[2025-10-03T00:15:08.728+0000] {processor.py:183} INFO - Processing /home/airflow/.local/lib/python3.12/site-packages/airflow/example_dags/example_branch_day_of_week_operator.py took 0.279 seconds
[2025-10-03T00:15:38.854+0000] {processor.py:161} INFO - Started process (PID=16033) to work on /home/airflow/.local/lib/python3.12/site-packages/airflow/example_dags/example_branch_day_of_week_operator.py
[2025-10-03T00:15:38.857+0000] {processor.py:830} INFO - Processing file /home/airflow/.local/lib/python3.12/site-packages/airflow/example_dags/example_branch_day_of_week_operator.py for tasks to queue
[2025-10-03T00:15:38.859+0000] {logging_mixin.py:188} INFO - [2025-10-03T00:15:38.858+0000] {dagbag.py:545} INFO - Filling up the DagBag from /home/airflow/.local/lib/python3.12/site-packages/airflow/example_dags/example_branch_day_of_week_operator.py
[2025-10-03T00:15:38.888+0000] {processor.py:840} INFO - DAG(s) 'example_weekday_branch_operator' retrieved from /home/airflow/.local/lib/python3.12/site-packages/airflow/example_dags/example_branch_day_of_week_operator.py
[2025-10-03T00:15:38.948+0000] {logging_mixin.py:188} INFO - [2025-10-03T00:15:38.948+0000] {dag.py:3096} INFO - Sync 1 DAGs
[2025-10-03T00:15:39.011+0000] {logging_mixin.py:188} INFO - [2025-10-03T00:15:39.010+0000] {dag.py:3954} INFO - Setting next_dagrun for example_weekday_branch_operator to 2025-10-02 00:00:00+00:00, run_after=2025-10-03 00:00:00+00:00
[2025-10-03T00:15:39.062+0000] {processor.py:183} INFO - Processing /home/airflow/.local/lib/python3.12/site-packages/airflow/example_dags/example_branch_day_of_week_operator.py took 0.230 seconds
[2025-10-03T00:16:09.629+0000] {processor.py:161} INFO - Started process (PID=16086) to work on /home/airflow/.local/lib/python3.12/site-packages/airflow/example_dags/example_branch_day_of_week_operator.py
[2025-10-03T00:16:09.634+0000] {processor.py:830} INFO - Processing file /home/airflow/.local/lib/python3.12/site-packages/airflow/example_dags/example_branch_day_of_week_operator.py for tasks to queue
[2025-10-03T00:16:09.637+0000] {logging_mixin.py:188} INFO - [2025-10-03T00:16:09.636+0000] {dagbag.py:545} INFO - Filling up the DagBag from /home/airflow/.local/lib/python3.12/site-packages/airflow/example_dags/example_branch_day_of_week_operator.py
[2025-10-03T00:16:09.660+0000] {processor.py:840} INFO - DAG(s) 'example_weekday_branch_operator' retrieved from /home/airflow/.local/lib/python3.12/site-packages/airflow/example_dags/example_branch_day_of_week_operator.py
[2025-10-03T00:16:09.731+0000] {logging_mixin.py:188} INFO - [2025-10-03T00:16:09.730+0000] {dag.py:3096} INFO - Sync 1 DAGs
[2025-10-03T00:16:09.824+0000] {logging_mixin.py:188} INFO - [2025-10-03T00:16:09.823+0000] {dag.py:3954} INFO - Setting next_dagrun for example_weekday_branch_operator to 2025-10-02 00:00:00+00:00, run_after=2025-10-03 00:00:00+00:00
[2025-10-03T00:16:09.877+0000] {processor.py:183} INFO - Processing /home/airflow/.local/lib/python3.12/site-packages/airflow/example_dags/example_branch_day_of_week_operator.py took 0.282 seconds
[2025-10-03T00:16:40.244+0000] {processor.py:161} INFO - Started process (PID=16139) to work on /home/airflow/.local/lib/python3.12/site-packages/airflow/example_dags/example_branch_day_of_week_operator.py
[2025-10-03T00:16:40.247+0000] {processor.py:830} INFO - Processing file /home/airflow/.local/lib/python3.12/site-packages/airflow/example_dags/example_branch_day_of_week_operator.py for tasks to queue
[2025-10-03T00:16:40.249+0000] {logging_mixin.py:188} INFO - [2025-10-03T00:16:40.248+0000] {dagbag.py:545} INFO - Filling up the DagBag from /home/airflow/.local/lib/python3.12/site-packages/airflow/example_dags/example_branch_day_of_week_operator.py
[2025-10-03T00:16:40.269+0000] {processor.py:840} INFO - DAG(s) 'example_weekday_branch_operator' retrieved from /home/airflow/.local/lib/python3.12/site-packages/airflow/example_dags/example_branch_day_of_week_operator.py
[2025-10-03T00:16:40.332+0000] {logging_mixin.py:188} INFO - [2025-10-03T00:16:40.331+0000] {dag.py:3096} INFO - Sync 1 DAGs
[2025-10-03T00:16:40.394+0000] {logging_mixin.py:188} INFO - [2025-10-03T00:16:40.393+0000] {dag.py:3954} INFO - Setting next_dagrun for example_weekday_branch_operator to 2025-10-02 00:00:00+00:00, run_after=2025-10-03 00:00:00+00:00
[2025-10-03T00:16:40.453+0000] {processor.py:183} INFO - Processing /home/airflow/.local/lib/python3.12/site-packages/airflow/example_dags/example_branch_day_of_week_operator.py took 0.226 seconds
[2025-10-03T00:17:10.689+0000] {processor.py:161} INFO - Started process (PID=16192) to work on /home/airflow/.local/lib/python3.12/site-packages/airflow/example_dags/example_branch_day_of_week_operator.py
[2025-10-03T00:17:10.694+0000] {processor.py:830} INFO - Processing file /home/airflow/.local/lib/python3.12/site-packages/airflow/example_dags/example_branch_day_of_week_operator.py for tasks to queue
[2025-10-03T00:17:10.696+0000] {logging_mixin.py:188} INFO - [2025-10-03T00:17:10.695+0000] {dagbag.py:545} INFO - Filling up the DagBag from /home/airflow/.local/lib/python3.12/site-packages/airflow/example_dags/example_branch_day_of_week_operator.py
[2025-10-03T00:17:10.721+0000] {processor.py:840} INFO - DAG(s) 'example_weekday_branch_operator' retrieved from /home/airflow/.local/lib/python3.12/site-packages/airflow/example_dags/example_branch_day_of_week_operator.py
[2025-10-03T00:17:10.790+0000] {logging_mixin.py:188} INFO - [2025-10-03T00:17:10.790+0000] {dag.py:3096} INFO - Sync 1 DAGs
[2025-10-03T00:17:10.854+0000] {logging_mixin.py:188} INFO - [2025-10-03T00:17:10.854+0000] {dag.py:3954} INFO - Setting next_dagrun for example_weekday_branch_operator to 2025-10-02 00:00:00+00:00, run_after=2025-10-03 00:00:00+00:00
[2025-10-03T00:17:10.897+0000] {processor.py:183} INFO - Processing /home/airflow/.local/lib/python3.12/site-packages/airflow/example_dags/example_branch_day_of_week_operator.py took 0.236 seconds
[2025-10-03T00:17:41.050+0000] {processor.py:161} INFO - Started process (PID=16245) to work on /home/airflow/.local/lib/python3.12/site-packages/airflow/example_dags/example_branch_day_of_week_operator.py
[2025-10-03T00:17:41.053+0000] {processor.py:830} INFO - Processing file /home/airflow/.local/lib/python3.12/site-packages/airflow/example_dags/example_branch_day_of_week_operator.py for tasks to queue
[2025-10-03T00:17:41.055+0000] {logging_mixin.py:188} INFO - [2025-10-03T00:17:41.054+0000] {dagbag.py:545} INFO - Filling up the DagBag from /home/airflow/.local/lib/python3.12/site-packages/airflow/example_dags/example_branch_day_of_week_operator.py
[2025-10-03T00:17:41.072+0000] {processor.py:840} INFO - DAG(s) 'example_weekday_branch_operator' retrieved from /home/airflow/.local/lib/python3.12/site-packages/airflow/example_dags/example_branch_day_of_week_operator.py
[2025-10-03T00:17:41.120+0000] {logging_mixin.py:188} INFO - [2025-10-03T00:17:41.119+0000] {dag.py:3096} INFO - Sync 1 DAGs
[2025-10-03T00:17:41.174+0000] {logging_mixin.py:188} INFO - [2025-10-03T00:17:41.173+0000] {dag.py:3954} INFO - Setting next_dagrun for example_weekday_branch_operator to 2025-10-02 00:00:00+00:00, run_after=2025-10-03 00:00:00+00:00
[2025-10-03T00:17:41.234+0000] {processor.py:183} INFO - Processing /home/airflow/.local/lib/python3.12/site-packages/airflow/example_dags/example_branch_day_of_week_operator.py took 0.200 seconds
[2025-10-03T00:18:11.472+0000] {processor.py:161} INFO - Started process (PID=16298) to work on /home/airflow/.local/lib/python3.12/site-packages/airflow/example_dags/example_branch_day_of_week_operator.py
[2025-10-03T00:18:11.474+0000] {processor.py:830} INFO - Processing file /home/airflow/.local/lib/python3.12/site-packages/airflow/example_dags/example_branch_day_of_week_operator.py for tasks to queue
[2025-10-03T00:18:11.477+0000] {logging_mixin.py:188} INFO - [2025-10-03T00:18:11.476+0000] {dagbag.py:545} INFO - Filling up the DagBag from /home/airflow/.local/lib/python3.12/site-packages/airflow/example_dags/example_branch_day_of_week_operator.py
[2025-10-03T00:18:11.495+0000] {processor.py:840} INFO - DAG(s) 'example_weekday_branch_operator' retrieved from /home/airflow/.local/lib/python3.12/site-packages/airflow/example_dags/example_branch_day_of_week_operator.py
[2025-10-03T00:18:11.551+0000] {logging_mixin.py:188} INFO - [2025-10-03T00:18:11.550+0000] {dag.py:3096} INFO - Sync 1 DAGs
[2025-10-03T00:18:11.608+0000] {logging_mixin.py:188} INFO - [2025-10-03T00:18:11.608+0000] {dag.py:3954} INFO - Setting next_dagrun for example_weekday_branch_operator to 2025-10-02 00:00:00+00:00, run_after=2025-10-03 00:00:00+00:00
[2025-10-03T00:18:11.651+0000] {processor.py:183} INFO - Processing /home/airflow/.local/lib/python3.12/site-packages/airflow/example_dags/example_branch_day_of_week_operator.py took 0.196 seconds
[2025-10-03T00:18:42.145+0000] {processor.py:161} INFO - Started process (PID=16351) to work on /home/airflow/.local/lib/python3.12/site-packages/airflow/example_dags/example_branch_day_of_week_operator.py
[2025-10-03T00:18:42.148+0000] {processor.py:830} INFO - Processing file /home/airflow/.local/lib/python3.12/site-packages/airflow/example_dags/example_branch_day_of_week_operator.py for tasks to queue
[2025-10-03T00:18:42.151+0000] {logging_mixin.py:188} INFO - [2025-10-03T00:18:42.150+0000] {dagbag.py:545} INFO - Filling up the DagBag from /home/airflow/.local/lib/python3.12/site-packages/airflow/example_dags/example_branch_day_of_week_operator.py
[2025-10-03T00:18:42.174+0000] {processor.py:840} INFO - DAG(s) 'example_weekday_branch_operator' retrieved from /home/airflow/.local/lib/python3.12/site-packages/airflow/example_dags/example_branch_day_of_week_operator.py
[2025-10-03T00:18:42.236+0000] {logging_mixin.py:188} INFO - [2025-10-03T00:18:42.235+0000] {dag.py:3096} INFO - Sync 1 DAGs
[2025-10-03T00:18:42.293+0000] {logging_mixin.py:188} INFO - [2025-10-03T00:18:42.293+0000] {dag.py:3954} INFO - Setting next_dagrun for example_weekday_branch_operator to 2025-10-02 00:00:00+00:00, run_after=2025-10-03 00:00:00+00:00
[2025-10-03T00:18:42.343+0000] {processor.py:183} INFO - Processing /home/airflow/.local/lib/python3.12/site-packages/airflow/example_dags/example_branch_day_of_week_operator.py took 0.214 seconds
[2025-10-03T00:19:12.885+0000] {processor.py:161} INFO - Started process (PID=16404) to work on /home/airflow/.local/lib/python3.12/site-packages/airflow/example_dags/example_branch_day_of_week_operator.py
[2025-10-03T00:19:12.888+0000] {processor.py:830} INFO - Processing file /home/airflow/.local/lib/python3.12/site-packages/airflow/example_dags/example_branch_day_of_week_operator.py for tasks to queue
[2025-10-03T00:19:12.890+0000] {logging_mixin.py:188} INFO - [2025-10-03T00:19:12.889+0000] {dagbag.py:545} INFO - Filling up the DagBag from /home/airflow/.local/lib/python3.12/site-packages/airflow/example_dags/example_branch_day_of_week_operator.py
[2025-10-03T00:19:12.908+0000] {processor.py:840} INFO - DAG(s) 'example_weekday_branch_operator' retrieved from /home/airflow/.local/lib/python3.12/site-packages/airflow/example_dags/example_branch_day_of_week_operator.py
[2025-10-03T00:19:12.965+0000] {logging_mixin.py:188} INFO - [2025-10-03T00:19:12.964+0000] {dag.py:3096} INFO - Sync 1 DAGs
[2025-10-03T00:19:13.016+0000] {logging_mixin.py:188} INFO - [2025-10-03T00:19:13.016+0000] {dag.py:3954} INFO - Setting next_dagrun for example_weekday_branch_operator to 2025-10-02 00:00:00+00:00, run_after=2025-10-03 00:00:00+00:00
[2025-10-03T00:19:13.056+0000] {processor.py:183} INFO - Processing /home/airflow/.local/lib/python3.12/site-packages/airflow/example_dags/example_branch_day_of_week_operator.py took 0.185 seconds
[2025-10-03T00:19:43.792+0000] {processor.py:161} INFO - Started process (PID=16457) to work on /home/airflow/.local/lib/python3.12/site-packages/airflow/example_dags/example_branch_day_of_week_operator.py
[2025-10-03T00:19:43.794+0000] {processor.py:830} INFO - Processing file /home/airflow/.local/lib/python3.12/site-packages/airflow/example_dags/example_branch_day_of_week_operator.py for tasks to queue
[2025-10-03T00:19:43.796+0000] {logging_mixin.py:188} INFO - [2025-10-03T00:19:43.796+0000] {dagbag.py:545} INFO - Filling up the DagBag from /home/airflow/.local/lib/python3.12/site-packages/airflow/example_dags/example_branch_day_of_week_operator.py
[2025-10-03T00:19:43.813+0000] {processor.py:840} INFO - DAG(s) 'example_weekday_branch_operator' retrieved from /home/airflow/.local/lib/python3.12/site-packages/airflow/example_dags/example_branch_day_of_week_operator.py
[2025-10-03T00:19:43.866+0000] {logging_mixin.py:188} INFO - [2025-10-03T00:19:43.866+0000] {dag.py:3096} INFO - Sync 1 DAGs
[2025-10-03T00:19:43.913+0000] {logging_mixin.py:188} INFO - [2025-10-03T00:19:43.913+0000] {dag.py:3954} INFO - Setting next_dagrun for example_weekday_branch_operator to 2025-10-02 00:00:00+00:00, run_after=2025-10-03 00:00:00+00:00
[2025-10-03T00:19:43.969+0000] {processor.py:183} INFO - Processing /home/airflow/.local/lib/python3.12/site-packages/airflow/example_dags/example_branch_day_of_week_operator.py took 0.192 seconds
[2025-10-03T00:20:14.544+0000] {processor.py:161} INFO - Started process (PID=16510) to work on /home/airflow/.local/lib/python3.12/site-packages/airflow/example_dags/example_branch_day_of_week_operator.py
[2025-10-03T00:20:14.547+0000] {processor.py:830} INFO - Processing file /home/airflow/.local/lib/python3.12/site-packages/airflow/example_dags/example_branch_day_of_week_operator.py for tasks to queue
[2025-10-03T00:20:14.549+0000] {logging_mixin.py:188} INFO - [2025-10-03T00:20:14.549+0000] {dagbag.py:545} INFO - Filling up the DagBag from /home/airflow/.local/lib/python3.12/site-packages/airflow/example_dags/example_branch_day_of_week_operator.py
[2025-10-03T00:20:14.582+0000] {processor.py:840} INFO - DAG(s) 'example_weekday_branch_operator' retrieved from /home/airflow/.local/lib/python3.12/site-packages/airflow/example_dags/example_branch_day_of_week_operator.py
[2025-10-03T00:20:14.631+0000] {logging_mixin.py:188} INFO - [2025-10-03T00:20:14.631+0000] {dag.py:3096} INFO - Sync 1 DAGs
[2025-10-03T00:20:14.682+0000] {logging_mixin.py:188} INFO - [2025-10-03T00:20:14.681+0000] {dag.py:3954} INFO - Setting next_dagrun for example_weekday_branch_operator to 2025-10-02 00:00:00+00:00, run_after=2025-10-03 00:00:00+00:00
[2025-10-03T00:20:14.723+0000] {processor.py:183} INFO - Processing /home/airflow/.local/lib/python3.12/site-packages/airflow/example_dags/example_branch_day_of_week_operator.py took 0.197 seconds
[2025-10-03T00:20:45.175+0000] {processor.py:161} INFO - Started process (PID=16563) to work on /home/airflow/.local/lib/python3.12/site-packages/airflow/example_dags/example_branch_day_of_week_operator.py
[2025-10-03T00:20:45.177+0000] {processor.py:830} INFO - Processing file /home/airflow/.local/lib/python3.12/site-packages/airflow/example_dags/example_branch_day_of_week_operator.py for tasks to queue
[2025-10-03T00:20:45.179+0000] {logging_mixin.py:188} INFO - [2025-10-03T00:20:45.179+0000] {dagbag.py:545} INFO - Filling up the DagBag from /home/airflow/.local/lib/python3.12/site-packages/airflow/example_dags/example_branch_day_of_week_operator.py
[2025-10-03T00:20:45.199+0000] {processor.py:840} INFO - DAG(s) 'example_weekday_branch_operator' retrieved from /home/airflow/.local/lib/python3.12/site-packages/airflow/example_dags/example_branch_day_of_week_operator.py
[2025-10-03T00:20:45.254+0000] {logging_mixin.py:188} INFO - [2025-10-03T00:20:45.253+0000] {dag.py:3096} INFO - Sync 1 DAGs
[2025-10-03T00:20:45.305+0000] {logging_mixin.py:188} INFO - [2025-10-03T00:20:45.305+0000] {dag.py:3954} INFO - Setting next_dagrun for example_weekday_branch_operator to 2025-10-02 00:00:00+00:00, run_after=2025-10-03 00:00:00+00:00
[2025-10-03T00:20:45.353+0000] {processor.py:183} INFO - Processing /home/airflow/.local/lib/python3.12/site-packages/airflow/example_dags/example_branch_day_of_week_operator.py took 0.193 seconds
[2025-10-03T00:21:16.174+0000] {processor.py:161} INFO - Started process (PID=16616) to work on /home/airflow/.local/lib/python3.12/site-packages/airflow/example_dags/example_branch_day_of_week_operator.py
[2025-10-03T00:21:16.178+0000] {processor.py:830} INFO - Processing file /home/airflow/.local/lib/python3.12/site-packages/airflow/example_dags/example_branch_day_of_week_operator.py for tasks to queue
[2025-10-03T00:21:16.181+0000] {logging_mixin.py:188} INFO - [2025-10-03T00:21:16.180+0000] {dagbag.py:545} INFO - Filling up the DagBag from /home/airflow/.local/lib/python3.12/site-packages/airflow/example_dags/example_branch_day_of_week_operator.py
[2025-10-03T00:21:16.208+0000] {processor.py:840} INFO - DAG(s) 'example_weekday_branch_operator' retrieved from /home/airflow/.local/lib/python3.12/site-packages/airflow/example_dags/example_branch_day_of_week_operator.py
[2025-10-03T00:21:16.258+0000] {logging_mixin.py:188} INFO - [2025-10-03T00:21:16.257+0000] {dag.py:3096} INFO - Sync 1 DAGs
[2025-10-03T00:21:16.384+0000] {logging_mixin.py:188} INFO - [2025-10-03T00:21:16.373+0000] {dag.py:3954} INFO - Setting next_dagrun for example_weekday_branch_operator to 2025-10-02 00:00:00+00:00, run_after=2025-10-03 00:00:00+00:00
[2025-10-03T00:21:16.550+0000] {processor.py:183} INFO - Processing /home/airflow/.local/lib/python3.12/site-packages/airflow/example_dags/example_branch_day_of_week_operator.py took 0.394 seconds
[2025-10-03T00:21:46.805+0000] {processor.py:161} INFO - Started process (PID=16669) to work on /home/airflow/.local/lib/python3.12/site-packages/airflow/example_dags/example_branch_day_of_week_operator.py
[2025-10-03T00:21:46.808+0000] {processor.py:830} INFO - Processing file /home/airflow/.local/lib/python3.12/site-packages/airflow/example_dags/example_branch_day_of_week_operator.py for tasks to queue
[2025-10-03T00:21:46.811+0000] {logging_mixin.py:188} INFO - [2025-10-03T00:21:46.810+0000] {dagbag.py:545} INFO - Filling up the DagBag from /home/airflow/.local/lib/python3.12/site-packages/airflow/example_dags/example_branch_day_of_week_operator.py
[2025-10-03T00:21:46.832+0000] {processor.py:840} INFO - DAG(s) 'example_weekday_branch_operator' retrieved from /home/airflow/.local/lib/python3.12/site-packages/airflow/example_dags/example_branch_day_of_week_operator.py
[2025-10-03T00:21:46.893+0000] {logging_mixin.py:188} INFO - [2025-10-03T00:21:46.893+0000] {dag.py:3096} INFO - Sync 1 DAGs
[2025-10-03T00:21:46.978+0000] {logging_mixin.py:188} INFO - [2025-10-03T00:21:46.977+0000] {dag.py:3954} INFO - Setting next_dagrun for example_weekday_branch_operator to 2025-10-02 00:00:00+00:00, run_after=2025-10-03 00:00:00+00:00
[2025-10-03T00:21:47.045+0000] {processor.py:183} INFO - Processing /home/airflow/.local/lib/python3.12/site-packages/airflow/example_dags/example_branch_day_of_week_operator.py took 0.261 seconds
[2025-10-03T00:22:17.933+0000] {processor.py:161} INFO - Started process (PID=16722) to work on /home/airflow/.local/lib/python3.12/site-packages/airflow/example_dags/example_branch_day_of_week_operator.py
[2025-10-03T00:22:17.937+0000] {processor.py:830} INFO - Processing file /home/airflow/.local/lib/python3.12/site-packages/airflow/example_dags/example_branch_day_of_week_operator.py for tasks to queue
[2025-10-03T00:22:17.940+0000] {logging_mixin.py:188} INFO - [2025-10-03T00:22:17.939+0000] {dagbag.py:545} INFO - Filling up the DagBag from /home/airflow/.local/lib/python3.12/site-packages/airflow/example_dags/example_branch_day_of_week_operator.py
[2025-10-03T00:22:17.963+0000] {processor.py:840} INFO - DAG(s) 'example_weekday_branch_operator' retrieved from /home/airflow/.local/lib/python3.12/site-packages/airflow/example_dags/example_branch_day_of_week_operator.py
[2025-10-03T00:22:18.020+0000] {logging_mixin.py:188} INFO - [2025-10-03T00:22:18.020+0000] {dag.py:3096} INFO - Sync 1 DAGs
[2025-10-03T00:22:18.075+0000] {logging_mixin.py:188} INFO - [2025-10-03T00:22:18.074+0000] {dag.py:3954} INFO - Setting next_dagrun for example_weekday_branch_operator to 2025-10-02 00:00:00+00:00, run_after=2025-10-03 00:00:00+00:00
[2025-10-03T00:22:18.130+0000] {processor.py:183} INFO - Processing /home/airflow/.local/lib/python3.12/site-packages/airflow/example_dags/example_branch_day_of_week_operator.py took 0.221 seconds
[2025-10-03T00:22:48.315+0000] {processor.py:161} INFO - Started process (PID=16773) to work on /home/airflow/.local/lib/python3.12/site-packages/airflow/example_dags/example_branch_day_of_week_operator.py
[2025-10-03T00:22:48.319+0000] {processor.py:830} INFO - Processing file /home/airflow/.local/lib/python3.12/site-packages/airflow/example_dags/example_branch_day_of_week_operator.py for tasks to queue
[2025-10-03T00:22:48.322+0000] {logging_mixin.py:188} INFO - [2025-10-03T00:22:48.321+0000] {dagbag.py:545} INFO - Filling up the DagBag from /home/airflow/.local/lib/python3.12/site-packages/airflow/example_dags/example_branch_day_of_week_operator.py
[2025-10-03T00:22:48.343+0000] {processor.py:840} INFO - DAG(s) 'example_weekday_branch_operator' retrieved from /home/airflow/.local/lib/python3.12/site-packages/airflow/example_dags/example_branch_day_of_week_operator.py
[2025-10-03T00:22:48.402+0000] {logging_mixin.py:188} INFO - [2025-10-03T00:22:48.402+0000] {dag.py:3096} INFO - Sync 1 DAGs
[2025-10-03T00:22:48.483+0000] {logging_mixin.py:188} INFO - [2025-10-03T00:22:48.482+0000] {dag.py:3954} INFO - Setting next_dagrun for example_weekday_branch_operator to 2025-10-02 00:00:00+00:00, run_after=2025-10-03 00:00:00+00:00
[2025-10-03T00:22:48.545+0000] {processor.py:183} INFO - Processing /home/airflow/.local/lib/python3.12/site-packages/airflow/example_dags/example_branch_day_of_week_operator.py took 0.260 seconds
[2025-10-03T00:23:18.828+0000] {processor.py:161} INFO - Started process (PID=16825) to work on /home/airflow/.local/lib/python3.12/site-packages/airflow/example_dags/example_branch_day_of_week_operator.py
[2025-10-03T00:23:18.831+0000] {processor.py:830} INFO - Processing file /home/airflow/.local/lib/python3.12/site-packages/airflow/example_dags/example_branch_day_of_week_operator.py for tasks to queue
[2025-10-03T00:23:18.833+0000] {logging_mixin.py:188} INFO - [2025-10-03T00:23:18.832+0000] {dagbag.py:545} INFO - Filling up the DagBag from /home/airflow/.local/lib/python3.12/site-packages/airflow/example_dags/example_branch_day_of_week_operator.py
[2025-10-03T00:23:18.852+0000] {processor.py:840} INFO - DAG(s) 'example_weekday_branch_operator' retrieved from /home/airflow/.local/lib/python3.12/site-packages/airflow/example_dags/example_branch_day_of_week_operator.py
[2025-10-03T00:23:18.899+0000] {logging_mixin.py:188} INFO - [2025-10-03T00:23:18.898+0000] {dag.py:3096} INFO - Sync 1 DAGs
[2025-10-03T00:23:18.946+0000] {logging_mixin.py:188} INFO - [2025-10-03T00:23:18.946+0000] {dag.py:3954} INFO - Setting next_dagrun for example_weekday_branch_operator to 2025-10-02 00:00:00+00:00, run_after=2025-10-03 00:00:00+00:00
[2025-10-03T00:23:18.986+0000] {processor.py:183} INFO - Processing /home/airflow/.local/lib/python3.12/site-packages/airflow/example_dags/example_branch_day_of_week_operator.py took 0.172 seconds
[2025-10-03T00:23:49.183+0000] {processor.py:161} INFO - Started process (PID=16877) to work on /home/airflow/.local/lib/python3.12/site-packages/airflow/example_dags/example_branch_day_of_week_operator.py
[2025-10-03T00:23:49.186+0000] {processor.py:830} INFO - Processing file /home/airflow/.local/lib/python3.12/site-packages/airflow/example_dags/example_branch_day_of_week_operator.py for tasks to queue
[2025-10-03T00:23:49.188+0000] {logging_mixin.py:188} INFO - [2025-10-03T00:23:49.187+0000] {dagbag.py:545} INFO - Filling up the DagBag from /home/airflow/.local/lib/python3.12/site-packages/airflow/example_dags/example_branch_day_of_week_operator.py
[2025-10-03T00:23:49.205+0000] {processor.py:840} INFO - DAG(s) 'example_weekday_branch_operator' retrieved from /home/airflow/.local/lib/python3.12/site-packages/airflow/example_dags/example_branch_day_of_week_operator.py
[2025-10-03T00:23:49.254+0000] {logging_mixin.py:188} INFO - [2025-10-03T00:23:49.254+0000] {dag.py:3096} INFO - Sync 1 DAGs
[2025-10-03T00:23:49.303+0000] {logging_mixin.py:188} INFO - [2025-10-03T00:23:49.303+0000] {dag.py:3954} INFO - Setting next_dagrun for example_weekday_branch_operator to 2025-10-02 00:00:00+00:00, run_after=2025-10-03 00:00:00+00:00
[2025-10-03T00:23:49.341+0000] {processor.py:183} INFO - Processing /home/airflow/.local/lib/python3.12/site-packages/airflow/example_dags/example_branch_day_of_week_operator.py took 0.173 seconds
[2025-10-03T00:24:19.555+0000] {processor.py:161} INFO - Started process (PID=16929) to work on /home/airflow/.local/lib/python3.12/site-packages/airflow/example_dags/example_branch_day_of_week_operator.py
[2025-10-03T00:24:19.557+0000] {processor.py:830} INFO - Processing file /home/airflow/.local/lib/python3.12/site-packages/airflow/example_dags/example_branch_day_of_week_operator.py for tasks to queue
[2025-10-03T00:24:19.559+0000] {logging_mixin.py:188} INFO - [2025-10-03T00:24:19.558+0000] {dagbag.py:545} INFO - Filling up the DagBag from /home/airflow/.local/lib/python3.12/site-packages/airflow/example_dags/example_branch_day_of_week_operator.py
[2025-10-03T00:24:19.577+0000] {processor.py:840} INFO - DAG(s) 'example_weekday_branch_operator' retrieved from /home/airflow/.local/lib/python3.12/site-packages/airflow/example_dags/example_branch_day_of_week_operator.py
[2025-10-03T00:24:19.626+0000] {logging_mixin.py:188} INFO - [2025-10-03T00:24:19.625+0000] {dag.py:3096} INFO - Sync 1 DAGs
[2025-10-03T00:24:19.675+0000] {logging_mixin.py:188} INFO - [2025-10-03T00:24:19.674+0000] {dag.py:3954} INFO - Setting next_dagrun for example_weekday_branch_operator to 2025-10-02 00:00:00+00:00, run_after=2025-10-03 00:00:00+00:00
[2025-10-03T00:24:19.715+0000] {processor.py:183} INFO - Processing /home/airflow/.local/lib/python3.12/site-packages/airflow/example_dags/example_branch_day_of_week_operator.py took 0.175 seconds
[2025-10-03T00:24:49.979+0000] {processor.py:161} INFO - Started process (PID=16982) to work on /home/airflow/.local/lib/python3.12/site-packages/airflow/example_dags/example_branch_day_of_week_operator.py
[2025-10-03T00:24:49.983+0000] {processor.py:830} INFO - Processing file /home/airflow/.local/lib/python3.12/site-packages/airflow/example_dags/example_branch_day_of_week_operator.py for tasks to queue
[2025-10-03T00:24:49.985+0000] {logging_mixin.py:188} INFO - [2025-10-03T00:24:49.984+0000] {dagbag.py:545} INFO - Filling up the DagBag from /home/airflow/.local/lib/python3.12/site-packages/airflow/example_dags/example_branch_day_of_week_operator.py
[2025-10-03T00:24:50.008+0000] {processor.py:840} INFO - DAG(s) 'example_weekday_branch_operator' retrieved from /home/airflow/.local/lib/python3.12/site-packages/airflow/example_dags/example_branch_day_of_week_operator.py
[2025-10-03T00:24:50.082+0000] {logging_mixin.py:188} INFO - [2025-10-03T00:24:50.081+0000] {dag.py:3096} INFO - Sync 1 DAGs
[2025-10-03T00:24:50.152+0000] {logging_mixin.py:188} INFO - [2025-10-03T00:24:50.151+0000] {dag.py:3954} INFO - Setting next_dagrun for example_weekday_branch_operator to 2025-10-02 00:00:00+00:00, run_after=2025-10-03 00:00:00+00:00
[2025-10-03T00:24:50.228+0000] {processor.py:183} INFO - Processing /home/airflow/.local/lib/python3.12/site-packages/airflow/example_dags/example_branch_day_of_week_operator.py took 0.265 seconds
[2025-10-03T00:25:20.347+0000] {processor.py:161} INFO - Started process (PID=17033) to work on /home/airflow/.local/lib/python3.12/site-packages/airflow/example_dags/example_branch_day_of_week_operator.py
[2025-10-03T00:25:20.349+0000] {processor.py:830} INFO - Processing file /home/airflow/.local/lib/python3.12/site-packages/airflow/example_dags/example_branch_day_of_week_operator.py for tasks to queue
[2025-10-03T00:25:20.351+0000] {logging_mixin.py:188} INFO - [2025-10-03T00:25:20.350+0000] {dagbag.py:545} INFO - Filling up the DagBag from /home/airflow/.local/lib/python3.12/site-packages/airflow/example_dags/example_branch_day_of_week_operator.py
[2025-10-03T00:25:20.369+0000] {processor.py:840} INFO - DAG(s) 'example_weekday_branch_operator' retrieved from /home/airflow/.local/lib/python3.12/site-packages/airflow/example_dags/example_branch_day_of_week_operator.py
[2025-10-03T00:25:20.417+0000] {logging_mixin.py:188} INFO - [2025-10-03T00:25:20.416+0000] {dag.py:3096} INFO - Sync 1 DAGs
[2025-10-03T00:25:20.471+0000] {logging_mixin.py:188} INFO - [2025-10-03T00:25:20.470+0000] {dag.py:3954} INFO - Setting next_dagrun for example_weekday_branch_operator to 2025-10-02 00:00:00+00:00, run_after=2025-10-03 00:00:00+00:00
[2025-10-03T00:25:20.513+0000] {processor.py:183} INFO - Processing /home/airflow/.local/lib/python3.12/site-packages/airflow/example_dags/example_branch_day_of_week_operator.py took 0.180 seconds
[2025-10-03T00:25:50.917+0000] {processor.py:161} INFO - Started process (PID=17086) to work on /home/airflow/.local/lib/python3.12/site-packages/airflow/example_dags/example_branch_day_of_week_operator.py
[2025-10-03T00:25:50.921+0000] {processor.py:830} INFO - Processing file /home/airflow/.local/lib/python3.12/site-packages/airflow/example_dags/example_branch_day_of_week_operator.py for tasks to queue
[2025-10-03T00:25:50.926+0000] {logging_mixin.py:188} INFO - [2025-10-03T00:25:50.924+0000] {dagbag.py:545} INFO - Filling up the DagBag from /home/airflow/.local/lib/python3.12/site-packages/airflow/example_dags/example_branch_day_of_week_operator.py
[2025-10-03T00:25:50.958+0000] {processor.py:840} INFO - DAG(s) 'example_weekday_branch_operator' retrieved from /home/airflow/.local/lib/python3.12/site-packages/airflow/example_dags/example_branch_day_of_week_operator.py
[2025-10-03T00:25:51.022+0000] {logging_mixin.py:188} INFO - [2025-10-03T00:25:51.021+0000] {dag.py:3096} INFO - Sync 1 DAGs
[2025-10-03T00:25:51.083+0000] {logging_mixin.py:188} INFO - [2025-10-03T00:25:51.082+0000] {dag.py:3954} INFO - Setting next_dagrun for example_weekday_branch_operator to 2025-10-02 00:00:00+00:00, run_after=2025-10-03 00:00:00+00:00
[2025-10-03T00:25:51.142+0000] {processor.py:183} INFO - Processing /home/airflow/.local/lib/python3.12/site-packages/airflow/example_dags/example_branch_day_of_week_operator.py took 0.249 seconds
[2025-10-03T00:26:21.614+0000] {processor.py:161} INFO - Started process (PID=17139) to work on /home/airflow/.local/lib/python3.12/site-packages/airflow/example_dags/example_branch_day_of_week_operator.py
[2025-10-03T00:26:21.618+0000] {processor.py:830} INFO - Processing file /home/airflow/.local/lib/python3.12/site-packages/airflow/example_dags/example_branch_day_of_week_operator.py for tasks to queue
[2025-10-03T00:26:21.623+0000] {logging_mixin.py:188} INFO - [2025-10-03T00:26:21.621+0000] {dagbag.py:545} INFO - Filling up the DagBag from /home/airflow/.local/lib/python3.12/site-packages/airflow/example_dags/example_branch_day_of_week_operator.py
[2025-10-03T00:26:21.657+0000] {processor.py:840} INFO - DAG(s) 'example_weekday_branch_operator' retrieved from /home/airflow/.local/lib/python3.12/site-packages/airflow/example_dags/example_branch_day_of_week_operator.py
[2025-10-03T00:26:21.727+0000] {logging_mixin.py:188} INFO - [2025-10-03T00:26:21.726+0000] {dag.py:3096} INFO - Sync 1 DAGs
[2025-10-03T00:26:21.780+0000] {logging_mixin.py:188} INFO - [2025-10-03T00:26:21.779+0000] {dag.py:3954} INFO - Setting next_dagrun for example_weekday_branch_operator to 2025-10-02 00:00:00+00:00, run_after=2025-10-03 00:00:00+00:00
[2025-10-03T00:26:21.823+0000] {processor.py:183} INFO - Processing /home/airflow/.local/lib/python3.12/site-packages/airflow/example_dags/example_branch_day_of_week_operator.py took 0.235 seconds
