[2025-10-03T00:00:09.685+0000] {processor.py:161} INFO - Started process (PID=14430) to work on /home/airflow/.local/lib/python3.12/site-packages/airflow/example_dags/example_branch_python_dop_operator_3.py
[2025-10-03T00:00:09.687+0000] {processor.py:830} INFO - Processing file /home/airflow/.local/lib/python3.12/site-packages/airflow/example_dags/example_branch_python_dop_operator_3.py for tasks to queue
[2025-10-03T00:00:09.690+0000] {logging_mixin.py:188} INFO - [2025-10-03T00:00:09.689+0000] {dagbag.py:545} INFO - Filling up the DagBag from /home/airflow/.local/lib/python3.12/site-packages/airflow/example_dags/example_branch_python_dop_operator_3.py
[2025-10-03T00:00:09.709+0000] {processor.py:840} INFO - DAG(s) 'example_branch_dop_operator_v3' retrieved from /home/airflow/.local/lib/python3.12/site-packages/airflow/example_dags/example_branch_python_dop_operator_3.py
[2025-10-03T00:00:09.757+0000] {logging_mixin.py:188} INFO - [2025-10-03T00:00:09.756+0000] {dag.py:3096} INFO - Sync 1 DAGs
[2025-10-03T00:00:09.824+0000] {logging_mixin.py:188} INFO - [2025-10-03T00:00:09.824+0000] {dag.py:3954} INFO - Setting next_dagrun for example_branch_dop_operator_v3 to 2025-10-02 23:59:00+00:00, run_after=2025-10-03 00:00:00+00:00
[2025-10-03T00:00:09.869+0000] {processor.py:183} INFO - Processing /home/airflow/.local/lib/python3.12/site-packages/airflow/example_dags/example_branch_python_dop_operator_3.py took 0.201 seconds
[2025-10-03T00:00:40.154+0000] {processor.py:161} INFO - Started process (PID=14483) to work on /home/airflow/.local/lib/python3.12/site-packages/airflow/example_dags/example_branch_python_dop_operator_3.py
[2025-10-03T00:00:40.156+0000] {processor.py:830} INFO - Processing file /home/airflow/.local/lib/python3.12/site-packages/airflow/example_dags/example_branch_python_dop_operator_3.py for tasks to queue
[2025-10-03T00:00:40.159+0000] {logging_mixin.py:188} INFO - [2025-10-03T00:00:40.158+0000] {dagbag.py:545} INFO - Filling up the DagBag from /home/airflow/.local/lib/python3.12/site-packages/airflow/example_dags/example_branch_python_dop_operator_3.py
[2025-10-03T00:00:40.181+0000] {processor.py:840} INFO - DAG(s) 'example_branch_dop_operator_v3' retrieved from /home/airflow/.local/lib/python3.12/site-packages/airflow/example_dags/example_branch_python_dop_operator_3.py
[2025-10-03T00:00:40.229+0000] {logging_mixin.py:188} INFO - [2025-10-03T00:00:40.229+0000] {dag.py:3096} INFO - Sync 1 DAGs
[2025-10-03T00:00:40.282+0000] {logging_mixin.py:188} INFO - [2025-10-03T00:00:40.282+0000] {dag.py:3954} INFO - Setting next_dagrun for example_branch_dop_operator_v3 to 2025-10-02 23:59:00+00:00, run_after=2025-10-03 00:00:00+00:00
[2025-10-03T00:00:40.330+0000] {processor.py:183} INFO - Processing /home/airflow/.local/lib/python3.12/site-packages/airflow/example_dags/example_branch_python_dop_operator_3.py took 0.191 seconds
[2025-10-03T00:01:11.012+0000] {processor.py:161} INFO - Started process (PID=14536) to work on /home/airflow/.local/lib/python3.12/site-packages/airflow/example_dags/example_branch_python_dop_operator_3.py
[2025-10-03T00:01:11.016+0000] {processor.py:830} INFO - Processing file /home/airflow/.local/lib/python3.12/site-packages/airflow/example_dags/example_branch_python_dop_operator_3.py for tasks to queue
[2025-10-03T00:01:11.020+0000] {logging_mixin.py:188} INFO - [2025-10-03T00:01:11.018+0000] {dagbag.py:545} INFO - Filling up the DagBag from /home/airflow/.local/lib/python3.12/site-packages/airflow/example_dags/example_branch_python_dop_operator_3.py
[2025-10-03T00:01:11.047+0000] {processor.py:840} INFO - DAG(s) 'example_branch_dop_operator_v3' retrieved from /home/airflow/.local/lib/python3.12/site-packages/airflow/example_dags/example_branch_python_dop_operator_3.py
[2025-10-03T00:01:11.124+0000] {logging_mixin.py:188} INFO - [2025-10-03T00:01:11.124+0000] {dag.py:3096} INFO - Sync 1 DAGs
[2025-10-03T00:01:11.240+0000] {logging_mixin.py:188} INFO - [2025-10-03T00:01:11.240+0000] {dag.py:3954} INFO - Setting next_dagrun for example_branch_dop_operator_v3 to 2025-10-03 00:00:00+00:00, run_after=2025-10-03 00:01:00+00:00
[2025-10-03T00:01:11.357+0000] {processor.py:183} INFO - Processing /home/airflow/.local/lib/python3.12/site-packages/airflow/example_dags/example_branch_python_dop_operator_3.py took 0.367 seconds
[2025-10-03T00:01:41.552+0000] {processor.py:161} INFO - Started process (PID=14589) to work on /home/airflow/.local/lib/python3.12/site-packages/airflow/example_dags/example_branch_python_dop_operator_3.py
[2025-10-03T00:01:41.554+0000] {processor.py:830} INFO - Processing file /home/airflow/.local/lib/python3.12/site-packages/airflow/example_dags/example_branch_python_dop_operator_3.py for tasks to queue
[2025-10-03T00:01:41.556+0000] {logging_mixin.py:188} INFO - [2025-10-03T00:01:41.555+0000] {dagbag.py:545} INFO - Filling up the DagBag from /home/airflow/.local/lib/python3.12/site-packages/airflow/example_dags/example_branch_python_dop_operator_3.py
[2025-10-03T00:01:41.579+0000] {processor.py:840} INFO - DAG(s) 'example_branch_dop_operator_v3' retrieved from /home/airflow/.local/lib/python3.12/site-packages/airflow/example_dags/example_branch_python_dop_operator_3.py
[2025-10-03T00:01:41.632+0000] {logging_mixin.py:188} INFO - [2025-10-03T00:01:41.631+0000] {dag.py:3096} INFO - Sync 1 DAGs
[2025-10-03T00:01:41.694+0000] {logging_mixin.py:188} INFO - [2025-10-03T00:01:41.694+0000] {dag.py:3954} INFO - Setting next_dagrun for example_branch_dop_operator_v3 to 2025-10-03 00:00:00+00:00, run_after=2025-10-03 00:01:00+00:00
[2025-10-03T00:01:41.762+0000] {processor.py:183} INFO - Processing /home/airflow/.local/lib/python3.12/site-packages/airflow/example_dags/example_branch_python_dop_operator_3.py took 0.231 seconds
[2025-10-03T00:02:12.123+0000] {processor.py:161} INFO - Started process (PID=14642) to work on /home/airflow/.local/lib/python3.12/site-packages/airflow/example_dags/example_branch_python_dop_operator_3.py
[2025-10-03T00:02:12.127+0000] {processor.py:830} INFO - Processing file /home/airflow/.local/lib/python3.12/site-packages/airflow/example_dags/example_branch_python_dop_operator_3.py for tasks to queue
[2025-10-03T00:02:12.129+0000] {logging_mixin.py:188} INFO - [2025-10-03T00:02:12.128+0000] {dagbag.py:545} INFO - Filling up the DagBag from /home/airflow/.local/lib/python3.12/site-packages/airflow/example_dags/example_branch_python_dop_operator_3.py
[2025-10-03T00:02:12.158+0000] {processor.py:840} INFO - DAG(s) 'example_branch_dop_operator_v3' retrieved from /home/airflow/.local/lib/python3.12/site-packages/airflow/example_dags/example_branch_python_dop_operator_3.py
[2025-10-03T00:02:12.216+0000] {logging_mixin.py:188} INFO - [2025-10-03T00:02:12.216+0000] {dag.py:3096} INFO - Sync 1 DAGs
[2025-10-03T00:02:12.293+0000] {logging_mixin.py:188} INFO - [2025-10-03T00:02:12.292+0000] {dag.py:3954} INFO - Setting next_dagrun for example_branch_dop_operator_v3 to 2025-10-03 00:01:00+00:00, run_after=2025-10-03 00:02:00+00:00
[2025-10-03T00:02:12.374+0000] {processor.py:183} INFO - Processing /home/airflow/.local/lib/python3.12/site-packages/airflow/example_dags/example_branch_python_dop_operator_3.py took 0.281 seconds
[2025-10-03T00:02:43.048+0000] {processor.py:161} INFO - Started process (PID=14695) to work on /home/airflow/.local/lib/python3.12/site-packages/airflow/example_dags/example_branch_python_dop_operator_3.py
[2025-10-03T00:02:43.051+0000] {processor.py:830} INFO - Processing file /home/airflow/.local/lib/python3.12/site-packages/airflow/example_dags/example_branch_python_dop_operator_3.py for tasks to queue
[2025-10-03T00:02:43.053+0000] {logging_mixin.py:188} INFO - [2025-10-03T00:02:43.052+0000] {dagbag.py:545} INFO - Filling up the DagBag from /home/airflow/.local/lib/python3.12/site-packages/airflow/example_dags/example_branch_python_dop_operator_3.py
[2025-10-03T00:02:43.079+0000] {processor.py:840} INFO - DAG(s) 'example_branch_dop_operator_v3' retrieved from /home/airflow/.local/lib/python3.12/site-packages/airflow/example_dags/example_branch_python_dop_operator_3.py
[2025-10-03T00:02:43.136+0000] {logging_mixin.py:188} INFO - [2025-10-03T00:02:43.135+0000] {dag.py:3096} INFO - Sync 1 DAGs
[2025-10-03T00:02:43.217+0000] {logging_mixin.py:188} INFO - [2025-10-03T00:02:43.216+0000] {dag.py:3954} INFO - Setting next_dagrun for example_branch_dop_operator_v3 to 2025-10-03 00:01:00+00:00, run_after=2025-10-03 00:02:00+00:00
[2025-10-03T00:02:43.264+0000] {processor.py:183} INFO - Processing /home/airflow/.local/lib/python3.12/site-packages/airflow/example_dags/example_branch_python_dop_operator_3.py took 0.247 seconds
[2025-10-03T00:03:13.557+0000] {processor.py:161} INFO - Started process (PID=14748) to work on /home/airflow/.local/lib/python3.12/site-packages/airflow/example_dags/example_branch_python_dop_operator_3.py
[2025-10-03T00:03:13.559+0000] {processor.py:830} INFO - Processing file /home/airflow/.local/lib/python3.12/site-packages/airflow/example_dags/example_branch_python_dop_operator_3.py for tasks to queue
[2025-10-03T00:03:13.562+0000] {logging_mixin.py:188} INFO - [2025-10-03T00:03:13.561+0000] {dagbag.py:545} INFO - Filling up the DagBag from /home/airflow/.local/lib/python3.12/site-packages/airflow/example_dags/example_branch_python_dop_operator_3.py
[2025-10-03T00:03:13.583+0000] {processor.py:840} INFO - DAG(s) 'example_branch_dop_operator_v3' retrieved from /home/airflow/.local/lib/python3.12/site-packages/airflow/example_dags/example_branch_python_dop_operator_3.py
[2025-10-03T00:03:13.637+0000] {logging_mixin.py:188} INFO - [2025-10-03T00:03:13.636+0000] {dag.py:3096} INFO - Sync 1 DAGs
[2025-10-03T00:03:13.696+0000] {logging_mixin.py:188} INFO - [2025-10-03T00:03:13.695+0000] {dag.py:3954} INFO - Setting next_dagrun for example_branch_dop_operator_v3 to 2025-10-03 00:02:00+00:00, run_after=2025-10-03 00:03:00+00:00
[2025-10-03T00:03:13.742+0000] {processor.py:183} INFO - Processing /home/airflow/.local/lib/python3.12/site-packages/airflow/example_dags/example_branch_python_dop_operator_3.py took 0.205 seconds
[2025-10-03T00:03:44.177+0000] {processor.py:161} INFO - Started process (PID=14801) to work on /home/airflow/.local/lib/python3.12/site-packages/airflow/example_dags/example_branch_python_dop_operator_3.py
[2025-10-03T00:03:44.180+0000] {processor.py:830} INFO - Processing file /home/airflow/.local/lib/python3.12/site-packages/airflow/example_dags/example_branch_python_dop_operator_3.py for tasks to queue
[2025-10-03T00:03:44.182+0000] {logging_mixin.py:188} INFO - [2025-10-03T00:03:44.182+0000] {dagbag.py:545} INFO - Filling up the DagBag from /home/airflow/.local/lib/python3.12/site-packages/airflow/example_dags/example_branch_python_dop_operator_3.py
[2025-10-03T00:03:44.201+0000] {processor.py:840} INFO - DAG(s) 'example_branch_dop_operator_v3' retrieved from /home/airflow/.local/lib/python3.12/site-packages/airflow/example_dags/example_branch_python_dop_operator_3.py
[2025-10-03T00:03:44.249+0000] {logging_mixin.py:188} INFO - [2025-10-03T00:03:44.248+0000] {dag.py:3096} INFO - Sync 1 DAGs
[2025-10-03T00:03:44.311+0000] {logging_mixin.py:188} INFO - [2025-10-03T00:03:44.310+0000] {dag.py:3954} INFO - Setting next_dagrun for example_branch_dop_operator_v3 to 2025-10-03 00:02:00+00:00, run_after=2025-10-03 00:03:00+00:00
[2025-10-03T00:03:44.378+0000] {processor.py:183} INFO - Processing /home/airflow/.local/lib/python3.12/site-packages/airflow/example_dags/example_branch_python_dop_operator_3.py took 0.218 seconds
[2025-10-03T00:04:14.738+0000] {processor.py:161} INFO - Started process (PID=14854) to work on /home/airflow/.local/lib/python3.12/site-packages/airflow/example_dags/example_branch_python_dop_operator_3.py
[2025-10-03T00:04:14.740+0000] {processor.py:830} INFO - Processing file /home/airflow/.local/lib/python3.12/site-packages/airflow/example_dags/example_branch_python_dop_operator_3.py for tasks to queue
[2025-10-03T00:04:14.742+0000] {logging_mixin.py:188} INFO - [2025-10-03T00:04:14.742+0000] {dagbag.py:545} INFO - Filling up the DagBag from /home/airflow/.local/lib/python3.12/site-packages/airflow/example_dags/example_branch_python_dop_operator_3.py
[2025-10-03T00:04:14.761+0000] {processor.py:840} INFO - DAG(s) 'example_branch_dop_operator_v3' retrieved from /home/airflow/.local/lib/python3.12/site-packages/airflow/example_dags/example_branch_python_dop_operator_3.py
[2025-10-03T00:04:14.810+0000] {logging_mixin.py:188} INFO - [2025-10-03T00:04:14.810+0000] {dag.py:3096} INFO - Sync 1 DAGs
[2025-10-03T00:04:14.865+0000] {logging_mixin.py:188} INFO - [2025-10-03T00:04:14.864+0000] {dag.py:3954} INFO - Setting next_dagrun for example_branch_dop_operator_v3 to 2025-10-03 00:03:00+00:00, run_after=2025-10-03 00:04:00+00:00
[2025-10-03T00:04:14.915+0000] {processor.py:183} INFO - Processing /home/airflow/.local/lib/python3.12/site-packages/airflow/example_dags/example_branch_python_dop_operator_3.py took 0.192 seconds
[2025-10-03T00:04:45.614+0000] {processor.py:161} INFO - Started process (PID=14907) to work on /home/airflow/.local/lib/python3.12/site-packages/airflow/example_dags/example_branch_python_dop_operator_3.py
[2025-10-03T00:04:45.617+0000] {processor.py:830} INFO - Processing file /home/airflow/.local/lib/python3.12/site-packages/airflow/example_dags/example_branch_python_dop_operator_3.py for tasks to queue
[2025-10-03T00:04:45.619+0000] {logging_mixin.py:188} INFO - [2025-10-03T00:04:45.619+0000] {dagbag.py:545} INFO - Filling up the DagBag from /home/airflow/.local/lib/python3.12/site-packages/airflow/example_dags/example_branch_python_dop_operator_3.py
[2025-10-03T00:04:45.640+0000] {processor.py:840} INFO - DAG(s) 'example_branch_dop_operator_v3' retrieved from /home/airflow/.local/lib/python3.12/site-packages/airflow/example_dags/example_branch_python_dop_operator_3.py
[2025-10-03T00:04:45.686+0000] {logging_mixin.py:188} INFO - [2025-10-03T00:04:45.686+0000] {dag.py:3096} INFO - Sync 1 DAGs
[2025-10-03T00:04:45.740+0000] {logging_mixin.py:188} INFO - [2025-10-03T00:04:45.740+0000] {dag.py:3954} INFO - Setting next_dagrun for example_branch_dop_operator_v3 to 2025-10-03 00:03:00+00:00, run_after=2025-10-03 00:04:00+00:00
[2025-10-03T00:04:45.782+0000] {processor.py:183} INFO - Processing /home/airflow/.local/lib/python3.12/site-packages/airflow/example_dags/example_branch_python_dop_operator_3.py took 0.182 seconds
[2025-10-03T00:05:16.301+0000] {processor.py:161} INFO - Started process (PID=14960) to work on /home/airflow/.local/lib/python3.12/site-packages/airflow/example_dags/example_branch_python_dop_operator_3.py
[2025-10-03T00:05:16.304+0000] {processor.py:830} INFO - Processing file /home/airflow/.local/lib/python3.12/site-packages/airflow/example_dags/example_branch_python_dop_operator_3.py for tasks to queue
[2025-10-03T00:05:16.307+0000] {logging_mixin.py:188} INFO - [2025-10-03T00:05:16.306+0000] {dagbag.py:545} INFO - Filling up the DagBag from /home/airflow/.local/lib/python3.12/site-packages/airflow/example_dags/example_branch_python_dop_operator_3.py
[2025-10-03T00:05:16.333+0000] {processor.py:840} INFO - DAG(s) 'example_branch_dop_operator_v3' retrieved from /home/airflow/.local/lib/python3.12/site-packages/airflow/example_dags/example_branch_python_dop_operator_3.py
[2025-10-03T00:05:16.391+0000] {logging_mixin.py:188} INFO - [2025-10-03T00:05:16.390+0000] {dag.py:3096} INFO - Sync 1 DAGs
[2025-10-03T00:05:16.445+0000] {logging_mixin.py:188} INFO - [2025-10-03T00:05:16.445+0000] {dag.py:3954} INFO - Setting next_dagrun for example_branch_dop_operator_v3 to 2025-10-03 00:04:00+00:00, run_after=2025-10-03 00:05:00+00:00
[2025-10-03T00:05:16.487+0000] {processor.py:183} INFO - Processing /home/airflow/.local/lib/python3.12/site-packages/airflow/example_dags/example_branch_python_dop_operator_3.py took 0.211 seconds
[2025-10-03T00:05:46.648+0000] {processor.py:161} INFO - Started process (PID=15013) to work on /home/airflow/.local/lib/python3.12/site-packages/airflow/example_dags/example_branch_python_dop_operator_3.py
[2025-10-03T00:05:46.650+0000] {processor.py:830} INFO - Processing file /home/airflow/.local/lib/python3.12/site-packages/airflow/example_dags/example_branch_python_dop_operator_3.py for tasks to queue
[2025-10-03T00:05:46.653+0000] {logging_mixin.py:188} INFO - [2025-10-03T00:05:46.652+0000] {dagbag.py:545} INFO - Filling up the DagBag from /home/airflow/.local/lib/python3.12/site-packages/airflow/example_dags/example_branch_python_dop_operator_3.py
[2025-10-03T00:05:46.672+0000] {processor.py:840} INFO - DAG(s) 'example_branch_dop_operator_v3' retrieved from /home/airflow/.local/lib/python3.12/site-packages/airflow/example_dags/example_branch_python_dop_operator_3.py
[2025-10-03T00:05:46.719+0000] {logging_mixin.py:188} INFO - [2025-10-03T00:05:46.718+0000] {dag.py:3096} INFO - Sync 1 DAGs
[2025-10-03T00:05:46.774+0000] {logging_mixin.py:188} INFO - [2025-10-03T00:05:46.773+0000] {dag.py:3954} INFO - Setting next_dagrun for example_branch_dop_operator_v3 to 2025-10-03 00:04:00+00:00, run_after=2025-10-03 00:05:00+00:00
[2025-10-03T00:05:46.828+0000] {processor.py:183} INFO - Processing /home/airflow/.local/lib/python3.12/site-packages/airflow/example_dags/example_branch_python_dop_operator_3.py took 0.195 seconds
[2025-10-03T00:06:17.808+0000] {processor.py:161} INFO - Started process (PID=15066) to work on /home/airflow/.local/lib/python3.12/site-packages/airflow/example_dags/example_branch_python_dop_operator_3.py
[2025-10-03T00:06:17.812+0000] {processor.py:830} INFO - Processing file /home/airflow/.local/lib/python3.12/site-packages/airflow/example_dags/example_branch_python_dop_operator_3.py for tasks to queue
[2025-10-03T00:06:17.819+0000] {logging_mixin.py:188} INFO - [2025-10-03T00:06:17.818+0000] {dagbag.py:545} INFO - Filling up the DagBag from /home/airflow/.local/lib/python3.12/site-packages/airflow/example_dags/example_branch_python_dop_operator_3.py
[2025-10-03T00:06:17.869+0000] {processor.py:840} INFO - DAG(s) 'example_branch_dop_operator_v3' retrieved from /home/airflow/.local/lib/python3.12/site-packages/airflow/example_dags/example_branch_python_dop_operator_3.py
[2025-10-03T00:06:18.006+0000] {logging_mixin.py:188} INFO - [2025-10-03T00:06:18.005+0000] {dag.py:3096} INFO - Sync 1 DAGs
[2025-10-03T00:06:18.132+0000] {logging_mixin.py:188} INFO - [2025-10-03T00:06:18.130+0000] {dag.py:3954} INFO - Setting next_dagrun for example_branch_dop_operator_v3 to 2025-10-03 00:05:00+00:00, run_after=2025-10-03 00:06:00+00:00
[2025-10-03T00:06:18.187+0000] {processor.py:183} INFO - Processing /home/airflow/.local/lib/python3.12/site-packages/airflow/example_dags/example_branch_python_dop_operator_3.py took 0.417 seconds
[2025-10-03T00:06:49.073+0000] {processor.py:161} INFO - Started process (PID=15120) to work on /home/airflow/.local/lib/python3.12/site-packages/airflow/example_dags/example_branch_python_dop_operator_3.py
[2025-10-03T00:06:49.076+0000] {processor.py:830} INFO - Processing file /home/airflow/.local/lib/python3.12/site-packages/airflow/example_dags/example_branch_python_dop_operator_3.py for tasks to queue
[2025-10-03T00:06:49.080+0000] {logging_mixin.py:188} INFO - [2025-10-03T00:06:49.079+0000] {dagbag.py:545} INFO - Filling up the DagBag from /home/airflow/.local/lib/python3.12/site-packages/airflow/example_dags/example_branch_python_dop_operator_3.py
[2025-10-03T00:06:49.107+0000] {processor.py:840} INFO - DAG(s) 'example_branch_dop_operator_v3' retrieved from /home/airflow/.local/lib/python3.12/site-packages/airflow/example_dags/example_branch_python_dop_operator_3.py
[2025-10-03T00:06:49.171+0000] {logging_mixin.py:188} INFO - [2025-10-03T00:06:49.170+0000] {dag.py:3096} INFO - Sync 1 DAGs
[2025-10-03T00:06:49.236+0000] {logging_mixin.py:188} INFO - [2025-10-03T00:06:49.236+0000] {dag.py:3954} INFO - Setting next_dagrun for example_branch_dop_operator_v3 to 2025-10-03 00:05:00+00:00, run_after=2025-10-03 00:06:00+00:00
[2025-10-03T00:06:49.284+0000] {processor.py:183} INFO - Processing /home/airflow/.local/lib/python3.12/site-packages/airflow/example_dags/example_branch_python_dop_operator_3.py took 0.232 seconds
[2025-10-03T00:07:20.042+0000] {processor.py:161} INFO - Started process (PID=15173) to work on /home/airflow/.local/lib/python3.12/site-packages/airflow/example_dags/example_branch_python_dop_operator_3.py
[2025-10-03T00:07:20.044+0000] {processor.py:830} INFO - Processing file /home/airflow/.local/lib/python3.12/site-packages/airflow/example_dags/example_branch_python_dop_operator_3.py for tasks to queue
[2025-10-03T00:07:20.046+0000] {logging_mixin.py:188} INFO - [2025-10-03T00:07:20.046+0000] {dagbag.py:545} INFO - Filling up the DagBag from /home/airflow/.local/lib/python3.12/site-packages/airflow/example_dags/example_branch_python_dop_operator_3.py
[2025-10-03T00:07:20.070+0000] {processor.py:840} INFO - DAG(s) 'example_branch_dop_operator_v3' retrieved from /home/airflow/.local/lib/python3.12/site-packages/airflow/example_dags/example_branch_python_dop_operator_3.py
[2025-10-03T00:07:20.142+0000] {logging_mixin.py:188} INFO - [2025-10-03T00:07:20.141+0000] {dag.py:3096} INFO - Sync 1 DAGs
[2025-10-03T00:07:20.208+0000] {logging_mixin.py:188} INFO - [2025-10-03T00:07:20.208+0000] {dag.py:3954} INFO - Setting next_dagrun for example_branch_dop_operator_v3 to 2025-10-03 00:06:00+00:00, run_after=2025-10-03 00:07:00+00:00
[2025-10-03T00:07:20.258+0000] {processor.py:183} INFO - Processing /home/airflow/.local/lib/python3.12/site-packages/airflow/example_dags/example_branch_python_dop_operator_3.py took 0.233 seconds
[2025-10-03T00:07:50.654+0000] {processor.py:161} INFO - Started process (PID=15226) to work on /home/airflow/.local/lib/python3.12/site-packages/airflow/example_dags/example_branch_python_dop_operator_3.py
[2025-10-03T00:07:50.656+0000] {processor.py:830} INFO - Processing file /home/airflow/.local/lib/python3.12/site-packages/airflow/example_dags/example_branch_python_dop_operator_3.py for tasks to queue
[2025-10-03T00:07:50.659+0000] {logging_mixin.py:188} INFO - [2025-10-03T00:07:50.658+0000] {dagbag.py:545} INFO - Filling up the DagBag from /home/airflow/.local/lib/python3.12/site-packages/airflow/example_dags/example_branch_python_dop_operator_3.py
[2025-10-03T00:07:50.686+0000] {processor.py:840} INFO - DAG(s) 'example_branch_dop_operator_v3' retrieved from /home/airflow/.local/lib/python3.12/site-packages/airflow/example_dags/example_branch_python_dop_operator_3.py
[2025-10-03T00:07:50.734+0000] {logging_mixin.py:188} INFO - [2025-10-03T00:07:50.733+0000] {dag.py:3096} INFO - Sync 1 DAGs
[2025-10-03T00:07:50.790+0000] {logging_mixin.py:188} INFO - [2025-10-03T00:07:50.789+0000] {dag.py:3954} INFO - Setting next_dagrun for example_branch_dop_operator_v3 to 2025-10-03 00:06:00+00:00, run_after=2025-10-03 00:07:00+00:00
[2025-10-03T00:07:50.832+0000] {processor.py:183} INFO - Processing /home/airflow/.local/lib/python3.12/site-packages/airflow/example_dags/example_branch_python_dop_operator_3.py took 0.192 seconds
[2025-10-03T00:08:21.039+0000] {processor.py:161} INFO - Started process (PID=15279) to work on /home/airflow/.local/lib/python3.12/site-packages/airflow/example_dags/example_branch_python_dop_operator_3.py
[2025-10-03T00:08:21.042+0000] {processor.py:830} INFO - Processing file /home/airflow/.local/lib/python3.12/site-packages/airflow/example_dags/example_branch_python_dop_operator_3.py for tasks to queue
[2025-10-03T00:08:21.045+0000] {logging_mixin.py:188} INFO - [2025-10-03T00:08:21.044+0000] {dagbag.py:545} INFO - Filling up the DagBag from /home/airflow/.local/lib/python3.12/site-packages/airflow/example_dags/example_branch_python_dop_operator_3.py
[2025-10-03T00:08:21.064+0000] {processor.py:840} INFO - DAG(s) 'example_branch_dop_operator_v3' retrieved from /home/airflow/.local/lib/python3.12/site-packages/airflow/example_dags/example_branch_python_dop_operator_3.py
[2025-10-03T00:08:21.111+0000] {logging_mixin.py:188} INFO - [2025-10-03T00:08:21.111+0000] {dag.py:3096} INFO - Sync 1 DAGs
[2025-10-03T00:08:21.174+0000] {logging_mixin.py:188} INFO - [2025-10-03T00:08:21.173+0000] {dag.py:3954} INFO - Setting next_dagrun for example_branch_dop_operator_v3 to 2025-10-03 00:07:00+00:00, run_after=2025-10-03 00:08:00+00:00
[2025-10-03T00:08:21.228+0000] {processor.py:183} INFO - Processing /home/airflow/.local/lib/python3.12/site-packages/airflow/example_dags/example_branch_python_dop_operator_3.py took 0.205 seconds
[2025-10-03T00:08:51.490+0000] {processor.py:161} INFO - Started process (PID=15332) to work on /home/airflow/.local/lib/python3.12/site-packages/airflow/example_dags/example_branch_python_dop_operator_3.py
[2025-10-03T00:08:51.493+0000] {processor.py:830} INFO - Processing file /home/airflow/.local/lib/python3.12/site-packages/airflow/example_dags/example_branch_python_dop_operator_3.py for tasks to queue
[2025-10-03T00:08:51.496+0000] {logging_mixin.py:188} INFO - [2025-10-03T00:08:51.495+0000] {dagbag.py:545} INFO - Filling up the DagBag from /home/airflow/.local/lib/python3.12/site-packages/airflow/example_dags/example_branch_python_dop_operator_3.py
[2025-10-03T00:08:51.517+0000] {processor.py:840} INFO - DAG(s) 'example_branch_dop_operator_v3' retrieved from /home/airflow/.local/lib/python3.12/site-packages/airflow/example_dags/example_branch_python_dop_operator_3.py
[2025-10-03T00:08:51.561+0000] {logging_mixin.py:188} INFO - [2025-10-03T00:08:51.561+0000] {dag.py:3096} INFO - Sync 1 DAGs
[2025-10-03T00:08:51.613+0000] {logging_mixin.py:188} INFO - [2025-10-03T00:08:51.613+0000] {dag.py:3954} INFO - Setting next_dagrun for example_branch_dop_operator_v3 to 2025-10-03 00:07:00+00:00, run_after=2025-10-03 00:08:00+00:00
[2025-10-03T00:08:51.655+0000] {processor.py:183} INFO - Processing /home/airflow/.local/lib/python3.12/site-packages/airflow/example_dags/example_branch_python_dop_operator_3.py took 0.177 seconds
[2025-10-03T00:09:22.278+0000] {processor.py:161} INFO - Started process (PID=15385) to work on /home/airflow/.local/lib/python3.12/site-packages/airflow/example_dags/example_branch_python_dop_operator_3.py
[2025-10-03T00:09:22.280+0000] {processor.py:830} INFO - Processing file /home/airflow/.local/lib/python3.12/site-packages/airflow/example_dags/example_branch_python_dop_operator_3.py for tasks to queue
[2025-10-03T00:09:22.283+0000] {logging_mixin.py:188} INFO - [2025-10-03T00:09:22.282+0000] {dagbag.py:545} INFO - Filling up the DagBag from /home/airflow/.local/lib/python3.12/site-packages/airflow/example_dags/example_branch_python_dop_operator_3.py
[2025-10-03T00:09:22.302+0000] {processor.py:840} INFO - DAG(s) 'example_branch_dop_operator_v3' retrieved from /home/airflow/.local/lib/python3.12/site-packages/airflow/example_dags/example_branch_python_dop_operator_3.py
[2025-10-03T00:09:22.347+0000] {logging_mixin.py:188} INFO - [2025-10-03T00:09:22.347+0000] {dag.py:3096} INFO - Sync 1 DAGs
[2025-10-03T00:09:22.399+0000] {logging_mixin.py:188} INFO - [2025-10-03T00:09:22.399+0000] {dag.py:3954} INFO - Setting next_dagrun for example_branch_dop_operator_v3 to 2025-10-03 00:08:00+00:00, run_after=2025-10-03 00:09:00+00:00
[2025-10-03T00:09:22.444+0000] {processor.py:183} INFO - Processing /home/airflow/.local/lib/python3.12/site-packages/airflow/example_dags/example_branch_python_dop_operator_3.py took 0.179 seconds
[2025-10-03T00:09:53.130+0000] {processor.py:161} INFO - Started process (PID=15438) to work on /home/airflow/.local/lib/python3.12/site-packages/airflow/example_dags/example_branch_python_dop_operator_3.py
[2025-10-03T00:09:53.136+0000] {processor.py:830} INFO - Processing file /home/airflow/.local/lib/python3.12/site-packages/airflow/example_dags/example_branch_python_dop_operator_3.py for tasks to queue
[2025-10-03T00:09:53.139+0000] {logging_mixin.py:188} INFO - [2025-10-03T00:09:53.139+0000] {dagbag.py:545} INFO - Filling up the DagBag from /home/airflow/.local/lib/python3.12/site-packages/airflow/example_dags/example_branch_python_dop_operator_3.py
[2025-10-03T00:09:53.161+0000] {processor.py:840} INFO - DAG(s) 'example_branch_dop_operator_v3' retrieved from /home/airflow/.local/lib/python3.12/site-packages/airflow/example_dags/example_branch_python_dop_operator_3.py
[2025-10-03T00:09:53.209+0000] {logging_mixin.py:188} INFO - [2025-10-03T00:09:53.208+0000] {dag.py:3096} INFO - Sync 1 DAGs
[2025-10-03T00:09:53.263+0000] {logging_mixin.py:188} INFO - [2025-10-03T00:09:53.263+0000] {dag.py:3954} INFO - Setting next_dagrun for example_branch_dop_operator_v3 to 2025-10-03 00:08:00+00:00, run_after=2025-10-03 00:09:00+00:00
[2025-10-03T00:09:53.314+0000] {processor.py:183} INFO - Processing /home/airflow/.local/lib/python3.12/site-packages/airflow/example_dags/example_branch_python_dop_operator_3.py took 0.199 seconds
[2025-10-03T00:10:23.451+0000] {processor.py:161} INFO - Started process (PID=15489) to work on /home/airflow/.local/lib/python3.12/site-packages/airflow/example_dags/example_branch_python_dop_operator_3.py
[2025-10-03T00:10:23.453+0000] {processor.py:830} INFO - Processing file /home/airflow/.local/lib/python3.12/site-packages/airflow/example_dags/example_branch_python_dop_operator_3.py for tasks to queue
[2025-10-03T00:10:23.455+0000] {logging_mixin.py:188} INFO - [2025-10-03T00:10:23.455+0000] {dagbag.py:545} INFO - Filling up the DagBag from /home/airflow/.local/lib/python3.12/site-packages/airflow/example_dags/example_branch_python_dop_operator_3.py
[2025-10-03T00:10:23.477+0000] {processor.py:840} INFO - DAG(s) 'example_branch_dop_operator_v3' retrieved from /home/airflow/.local/lib/python3.12/site-packages/airflow/example_dags/example_branch_python_dop_operator_3.py
[2025-10-03T00:10:23.525+0000] {logging_mixin.py:188} INFO - [2025-10-03T00:10:23.524+0000] {dag.py:3096} INFO - Sync 1 DAGs
[2025-10-03T00:10:23.581+0000] {logging_mixin.py:188} INFO - [2025-10-03T00:10:23.580+0000] {dag.py:3954} INFO - Setting next_dagrun for example_branch_dop_operator_v3 to 2025-10-03 00:09:00+00:00, run_after=2025-10-03 00:10:00+00:00
[2025-10-03T00:10:23.631+0000] {processor.py:183} INFO - Processing /home/airflow/.local/lib/python3.12/site-packages/airflow/example_dags/example_branch_python_dop_operator_3.py took 0.195 seconds
[2025-10-03T00:10:53.826+0000] {processor.py:161} INFO - Started process (PID=15542) to work on /home/airflow/.local/lib/python3.12/site-packages/airflow/example_dags/example_branch_python_dop_operator_3.py
[2025-10-03T00:10:53.858+0000] {processor.py:830} INFO - Processing file /home/airflow/.local/lib/python3.12/site-packages/airflow/example_dags/example_branch_python_dop_operator_3.py for tasks to queue
[2025-10-03T00:10:53.874+0000] {logging_mixin.py:188} INFO - [2025-10-03T00:10:53.872+0000] {dagbag.py:545} INFO - Filling up the DagBag from /home/airflow/.local/lib/python3.12/site-packages/airflow/example_dags/example_branch_python_dop_operator_3.py
[2025-10-03T00:10:53.969+0000] {processor.py:840} INFO - DAG(s) 'example_branch_dop_operator_v3' retrieved from /home/airflow/.local/lib/python3.12/site-packages/airflow/example_dags/example_branch_python_dop_operator_3.py
[2025-10-03T00:10:54.142+0000] {logging_mixin.py:188} INFO - [2025-10-03T00:10:54.141+0000] {dag.py:3096} INFO - Sync 1 DAGs
[2025-10-03T00:10:54.262+0000] {logging_mixin.py:188} INFO - [2025-10-03T00:10:54.261+0000] {dag.py:3954} INFO - Setting next_dagrun for example_branch_dop_operator_v3 to 2025-10-03 00:09:00+00:00, run_after=2025-10-03 00:10:00+00:00
[2025-10-03T00:10:54.360+0000] {processor.py:183} INFO - Processing /home/airflow/.local/lib/python3.12/site-packages/airflow/example_dags/example_branch_python_dop_operator_3.py took 0.587 seconds
[2025-10-03T00:11:24.958+0000] {processor.py:161} INFO - Started process (PID=15595) to work on /home/airflow/.local/lib/python3.12/site-packages/airflow/example_dags/example_branch_python_dop_operator_3.py
[2025-10-03T00:11:24.964+0000] {processor.py:830} INFO - Processing file /home/airflow/.local/lib/python3.12/site-packages/airflow/example_dags/example_branch_python_dop_operator_3.py for tasks to queue
[2025-10-03T00:11:24.974+0000] {logging_mixin.py:188} INFO - [2025-10-03T00:11:24.967+0000] {dagbag.py:545} INFO - Filling up the DagBag from /home/airflow/.local/lib/python3.12/site-packages/airflow/example_dags/example_branch_python_dop_operator_3.py
[2025-10-03T00:11:25.040+0000] {processor.py:840} INFO - DAG(s) 'example_branch_dop_operator_v3' retrieved from /home/airflow/.local/lib/python3.12/site-packages/airflow/example_dags/example_branch_python_dop_operator_3.py
[2025-10-03T00:11:25.195+0000] {logging_mixin.py:188} INFO - [2025-10-03T00:11:25.194+0000] {dag.py:3096} INFO - Sync 1 DAGs
[2025-10-03T00:11:25.358+0000] {logging_mixin.py:188} INFO - [2025-10-03T00:11:25.357+0000] {dag.py:3954} INFO - Setting next_dagrun for example_branch_dop_operator_v3 to 2025-10-03 00:10:00+00:00, run_after=2025-10-03 00:11:00+00:00
[2025-10-03T00:11:25.439+0000] {processor.py:183} INFO - Processing /home/airflow/.local/lib/python3.12/site-packages/airflow/example_dags/example_branch_python_dop_operator_3.py took 0.521 seconds
[2025-10-03T00:11:55.700+0000] {processor.py:161} INFO - Started process (PID=15649) to work on /home/airflow/.local/lib/python3.12/site-packages/airflow/example_dags/example_branch_python_dop_operator_3.py
[2025-10-03T00:11:55.704+0000] {processor.py:830} INFO - Processing file /home/airflow/.local/lib/python3.12/site-packages/airflow/example_dags/example_branch_python_dop_operator_3.py for tasks to queue
[2025-10-03T00:11:55.708+0000] {logging_mixin.py:188} INFO - [2025-10-03T00:11:55.706+0000] {dagbag.py:545} INFO - Filling up the DagBag from /home/airflow/.local/lib/python3.12/site-packages/airflow/example_dags/example_branch_python_dop_operator_3.py
[2025-10-03T00:11:55.740+0000] {processor.py:840} INFO - DAG(s) 'example_branch_dop_operator_v3' retrieved from /home/airflow/.local/lib/python3.12/site-packages/airflow/example_dags/example_branch_python_dop_operator_3.py
[2025-10-03T00:11:55.802+0000] {logging_mixin.py:188} INFO - [2025-10-03T00:11:55.802+0000] {dag.py:3096} INFO - Sync 1 DAGs
[2025-10-03T00:11:55.879+0000] {logging_mixin.py:188} INFO - [2025-10-03T00:11:55.879+0000] {dag.py:3954} INFO - Setting next_dagrun for example_branch_dop_operator_v3 to 2025-10-03 00:10:00+00:00, run_after=2025-10-03 00:11:00+00:00
[2025-10-03T00:11:55.926+0000] {processor.py:183} INFO - Processing /home/airflow/.local/lib/python3.12/site-packages/airflow/example_dags/example_branch_python_dop_operator_3.py took 0.253 seconds
[2025-10-03T00:12:26.212+0000] {processor.py:161} INFO - Started process (PID=15702) to work on /home/airflow/.local/lib/python3.12/site-packages/airflow/example_dags/example_branch_python_dop_operator_3.py
[2025-10-03T00:12:26.216+0000] {processor.py:830} INFO - Processing file /home/airflow/.local/lib/python3.12/site-packages/airflow/example_dags/example_branch_python_dop_operator_3.py for tasks to queue
[2025-10-03T00:12:26.219+0000] {logging_mixin.py:188} INFO - [2025-10-03T00:12:26.218+0000] {dagbag.py:545} INFO - Filling up the DagBag from /home/airflow/.local/lib/python3.12/site-packages/airflow/example_dags/example_branch_python_dop_operator_3.py
[2025-10-03T00:12:26.248+0000] {processor.py:840} INFO - DAG(s) 'example_branch_dop_operator_v3' retrieved from /home/airflow/.local/lib/python3.12/site-packages/airflow/example_dags/example_branch_python_dop_operator_3.py
[2025-10-03T00:12:26.333+0000] {logging_mixin.py:188} INFO - [2025-10-03T00:12:26.332+0000] {dag.py:3096} INFO - Sync 1 DAGs
[2025-10-03T00:12:26.422+0000] {logging_mixin.py:188} INFO - [2025-10-03T00:12:26.422+0000] {dag.py:3954} INFO - Setting next_dagrun for example_branch_dop_operator_v3 to 2025-10-03 00:11:00+00:00, run_after=2025-10-03 00:12:00+00:00
[2025-10-03T00:12:26.509+0000] {processor.py:183} INFO - Processing /home/airflow/.local/lib/python3.12/site-packages/airflow/example_dags/example_branch_python_dop_operator_3.py took 0.319 seconds
[2025-10-03T00:12:57.369+0000] {processor.py:161} INFO - Started process (PID=15755) to work on /home/airflow/.local/lib/python3.12/site-packages/airflow/example_dags/example_branch_python_dop_operator_3.py
[2025-10-03T00:12:57.372+0000] {processor.py:830} INFO - Processing file /home/airflow/.local/lib/python3.12/site-packages/airflow/example_dags/example_branch_python_dop_operator_3.py for tasks to queue
[2025-10-03T00:12:57.375+0000] {logging_mixin.py:188} INFO - [2025-10-03T00:12:57.374+0000] {dagbag.py:545} INFO - Filling up the DagBag from /home/airflow/.local/lib/python3.12/site-packages/airflow/example_dags/example_branch_python_dop_operator_3.py
[2025-10-03T00:12:57.400+0000] {processor.py:840} INFO - DAG(s) 'example_branch_dop_operator_v3' retrieved from /home/airflow/.local/lib/python3.12/site-packages/airflow/example_dags/example_branch_python_dop_operator_3.py
[2025-10-03T00:12:57.458+0000] {logging_mixin.py:188} INFO - [2025-10-03T00:12:57.458+0000] {dag.py:3096} INFO - Sync 1 DAGs
[2025-10-03T00:12:57.538+0000] {logging_mixin.py:188} INFO - [2025-10-03T00:12:57.537+0000] {dag.py:3954} INFO - Setting next_dagrun for example_branch_dop_operator_v3 to 2025-10-03 00:11:00+00:00, run_after=2025-10-03 00:12:00+00:00
[2025-10-03T00:12:57.579+0000] {processor.py:183} INFO - Processing /home/airflow/.local/lib/python3.12/site-packages/airflow/example_dags/example_branch_python_dop_operator_3.py took 0.225 seconds
[2025-10-03T00:13:27.772+0000] {processor.py:161} INFO - Started process (PID=15808) to work on /home/airflow/.local/lib/python3.12/site-packages/airflow/example_dags/example_branch_python_dop_operator_3.py
[2025-10-03T00:13:27.774+0000] {processor.py:830} INFO - Processing file /home/airflow/.local/lib/python3.12/site-packages/airflow/example_dags/example_branch_python_dop_operator_3.py for tasks to queue
[2025-10-03T00:13:27.776+0000] {logging_mixin.py:188} INFO - [2025-10-03T00:13:27.775+0000] {dagbag.py:545} INFO - Filling up the DagBag from /home/airflow/.local/lib/python3.12/site-packages/airflow/example_dags/example_branch_python_dop_operator_3.py
[2025-10-03T00:13:27.797+0000] {processor.py:840} INFO - DAG(s) 'example_branch_dop_operator_v3' retrieved from /home/airflow/.local/lib/python3.12/site-packages/airflow/example_dags/example_branch_python_dop_operator_3.py
[2025-10-03T00:13:27.842+0000] {logging_mixin.py:188} INFO - [2025-10-03T00:13:27.842+0000] {dag.py:3096} INFO - Sync 1 DAGs
[2025-10-03T00:13:27.896+0000] {logging_mixin.py:188} INFO - [2025-10-03T00:13:27.896+0000] {dag.py:3954} INFO - Setting next_dagrun for example_branch_dop_operator_v3 to 2025-10-03 00:12:00+00:00, run_after=2025-10-03 00:13:00+00:00
[2025-10-03T00:13:27.976+0000] {processor.py:183} INFO - Processing /home/airflow/.local/lib/python3.12/site-packages/airflow/example_dags/example_branch_python_dop_operator_3.py took 0.219 seconds
[2025-10-03T00:13:58.555+0000] {processor.py:161} INFO - Started process (PID=15861) to work on /home/airflow/.local/lib/python3.12/site-packages/airflow/example_dags/example_branch_python_dop_operator_3.py
[2025-10-03T00:13:58.559+0000] {processor.py:830} INFO - Processing file /home/airflow/.local/lib/python3.12/site-packages/airflow/example_dags/example_branch_python_dop_operator_3.py for tasks to queue
[2025-10-03T00:13:58.564+0000] {logging_mixin.py:188} INFO - [2025-10-03T00:13:58.561+0000] {dagbag.py:545} INFO - Filling up the DagBag from /home/airflow/.local/lib/python3.12/site-packages/airflow/example_dags/example_branch_python_dop_operator_3.py
[2025-10-03T00:13:58.613+0000] {processor.py:840} INFO - DAG(s) 'example_branch_dop_operator_v3' retrieved from /home/airflow/.local/lib/python3.12/site-packages/airflow/example_dags/example_branch_python_dop_operator_3.py
[2025-10-03T00:13:58.808+0000] {logging_mixin.py:188} INFO - [2025-10-03T00:13:58.807+0000] {dag.py:3096} INFO - Sync 1 DAGs
[2025-10-03T00:13:59.534+0000] {logging_mixin.py:188} INFO - [2025-10-03T00:13:59.531+0000] {dag.py:3954} INFO - Setting next_dagrun for example_branch_dop_operator_v3 to 2025-10-03 00:12:00+00:00, run_after=2025-10-03 00:13:00+00:00
[2025-10-03T00:13:59.678+0000] {processor.py:183} INFO - Processing /home/airflow/.local/lib/python3.12/site-packages/airflow/example_dags/example_branch_python_dop_operator_3.py took 1.152 seconds
[2025-10-03T00:14:30.549+0000] {processor.py:161} INFO - Started process (PID=15914) to work on /home/airflow/.local/lib/python3.12/site-packages/airflow/example_dags/example_branch_python_dop_operator_3.py
[2025-10-03T00:14:30.553+0000] {processor.py:830} INFO - Processing file /home/airflow/.local/lib/python3.12/site-packages/airflow/example_dags/example_branch_python_dop_operator_3.py for tasks to queue
[2025-10-03T00:14:30.561+0000] {logging_mixin.py:188} INFO - [2025-10-03T00:14:30.558+0000] {dagbag.py:545} INFO - Filling up the DagBag from /home/airflow/.local/lib/python3.12/site-packages/airflow/example_dags/example_branch_python_dop_operator_3.py
[2025-10-03T00:14:30.620+0000] {processor.py:840} INFO - DAG(s) 'example_branch_dop_operator_v3' retrieved from /home/airflow/.local/lib/python3.12/site-packages/airflow/example_dags/example_branch_python_dop_operator_3.py
[2025-10-03T00:14:30.787+0000] {logging_mixin.py:188} INFO - [2025-10-03T00:14:30.786+0000] {dag.py:3096} INFO - Sync 1 DAGs
[2025-10-03T00:14:31.009+0000] {logging_mixin.py:188} INFO - [2025-10-03T00:14:30.999+0000] {dag.py:3954} INFO - Setting next_dagrun for example_branch_dop_operator_v3 to 2025-10-03 00:13:00+00:00, run_after=2025-10-03 00:14:00+00:00
[2025-10-03T00:14:31.188+0000] {processor.py:183} INFO - Processing /home/airflow/.local/lib/python3.12/site-packages/airflow/example_dags/example_branch_python_dop_operator_3.py took 0.679 seconds
[2025-10-03T00:15:02.009+0000] {processor.py:161} INFO - Started process (PID=15967) to work on /home/airflow/.local/lib/python3.12/site-packages/airflow/example_dags/example_branch_python_dop_operator_3.py
[2025-10-03T00:15:02.013+0000] {processor.py:830} INFO - Processing file /home/airflow/.local/lib/python3.12/site-packages/airflow/example_dags/example_branch_python_dop_operator_3.py for tasks to queue
[2025-10-03T00:15:02.016+0000] {logging_mixin.py:188} INFO - [2025-10-03T00:15:02.014+0000] {dagbag.py:545} INFO - Filling up the DagBag from /home/airflow/.local/lib/python3.12/site-packages/airflow/example_dags/example_branch_python_dop_operator_3.py
[2025-10-03T00:15:02.047+0000] {processor.py:840} INFO - DAG(s) 'example_branch_dop_operator_v3' retrieved from /home/airflow/.local/lib/python3.12/site-packages/airflow/example_dags/example_branch_python_dop_operator_3.py
[2025-10-03T00:15:02.111+0000] {logging_mixin.py:188} INFO - [2025-10-03T00:15:02.110+0000] {dag.py:3096} INFO - Sync 1 DAGs
[2025-10-03T00:15:02.191+0000] {logging_mixin.py:188} INFO - [2025-10-03T00:15:02.191+0000] {dag.py:3954} INFO - Setting next_dagrun for example_branch_dop_operator_v3 to 2025-10-03 00:14:00+00:00, run_after=2025-10-03 00:15:00+00:00
[2025-10-03T00:15:02.256+0000] {processor.py:183} INFO - Processing /home/airflow/.local/lib/python3.12/site-packages/airflow/example_dags/example_branch_python_dop_operator_3.py took 0.268 seconds
[2025-10-03T00:15:32.798+0000] {processor.py:161} INFO - Started process (PID=16020) to work on /home/airflow/.local/lib/python3.12/site-packages/airflow/example_dags/example_branch_python_dop_operator_3.py
[2025-10-03T00:15:32.800+0000] {processor.py:830} INFO - Processing file /home/airflow/.local/lib/python3.12/site-packages/airflow/example_dags/example_branch_python_dop_operator_3.py for tasks to queue
[2025-10-03T00:15:32.802+0000] {logging_mixin.py:188} INFO - [2025-10-03T00:15:32.802+0000] {dagbag.py:545} INFO - Filling up the DagBag from /home/airflow/.local/lib/python3.12/site-packages/airflow/example_dags/example_branch_python_dop_operator_3.py
[2025-10-03T00:15:32.823+0000] {processor.py:840} INFO - DAG(s) 'example_branch_dop_operator_v3' retrieved from /home/airflow/.local/lib/python3.12/site-packages/airflow/example_dags/example_branch_python_dop_operator_3.py
[2025-10-03T00:15:32.868+0000] {logging_mixin.py:188} INFO - [2025-10-03T00:15:32.868+0000] {dag.py:3096} INFO - Sync 1 DAGs
[2025-10-03T00:15:32.925+0000] {logging_mixin.py:188} INFO - [2025-10-03T00:15:32.925+0000] {dag.py:3954} INFO - Setting next_dagrun for example_branch_dop_operator_v3 to 2025-10-03 00:14:00+00:00, run_after=2025-10-03 00:15:00+00:00
[2025-10-03T00:15:32.977+0000] {processor.py:183} INFO - Processing /home/airflow/.local/lib/python3.12/site-packages/airflow/example_dags/example_branch_python_dop_operator_3.py took 0.196 seconds
[2025-10-03T00:16:03.230+0000] {processor.py:161} INFO - Started process (PID=16073) to work on /home/airflow/.local/lib/python3.12/site-packages/airflow/example_dags/example_branch_python_dop_operator_3.py
[2025-10-03T00:16:03.233+0000] {processor.py:830} INFO - Processing file /home/airflow/.local/lib/python3.12/site-packages/airflow/example_dags/example_branch_python_dop_operator_3.py for tasks to queue
[2025-10-03T00:16:03.235+0000] {logging_mixin.py:188} INFO - [2025-10-03T00:16:03.234+0000] {dagbag.py:545} INFO - Filling up the DagBag from /home/airflow/.local/lib/python3.12/site-packages/airflow/example_dags/example_branch_python_dop_operator_3.py
[2025-10-03T00:16:03.256+0000] {processor.py:840} INFO - DAG(s) 'example_branch_dop_operator_v3' retrieved from /home/airflow/.local/lib/python3.12/site-packages/airflow/example_dags/example_branch_python_dop_operator_3.py
[2025-10-03T00:16:03.305+0000] {logging_mixin.py:188} INFO - [2025-10-03T00:16:03.305+0000] {dag.py:3096} INFO - Sync 1 DAGs
[2025-10-03T00:16:03.375+0000] {logging_mixin.py:188} INFO - [2025-10-03T00:16:03.374+0000] {dag.py:3954} INFO - Setting next_dagrun for example_branch_dop_operator_v3 to 2025-10-03 00:15:00+00:00, run_after=2025-10-03 00:16:00+00:00
[2025-10-03T00:16:03.473+0000] {processor.py:183} INFO - Processing /home/airflow/.local/lib/python3.12/site-packages/airflow/example_dags/example_branch_python_dop_operator_3.py took 0.256 seconds
[2025-10-03T00:16:33.730+0000] {processor.py:161} INFO - Started process (PID=16126) to work on /home/airflow/.local/lib/python3.12/site-packages/airflow/example_dags/example_branch_python_dop_operator_3.py
[2025-10-03T00:16:33.733+0000] {processor.py:830} INFO - Processing file /home/airflow/.local/lib/python3.12/site-packages/airflow/example_dags/example_branch_python_dop_operator_3.py for tasks to queue
[2025-10-03T00:16:33.735+0000] {logging_mixin.py:188} INFO - [2025-10-03T00:16:33.734+0000] {dagbag.py:545} INFO - Filling up the DagBag from /home/airflow/.local/lib/python3.12/site-packages/airflow/example_dags/example_branch_python_dop_operator_3.py
[2025-10-03T00:16:33.758+0000] {processor.py:840} INFO - DAG(s) 'example_branch_dop_operator_v3' retrieved from /home/airflow/.local/lib/python3.12/site-packages/airflow/example_dags/example_branch_python_dop_operator_3.py
[2025-10-03T00:16:33.813+0000] {logging_mixin.py:188} INFO - [2025-10-03T00:16:33.813+0000] {dag.py:3096} INFO - Sync 1 DAGs
[2025-10-03T00:16:33.878+0000] {logging_mixin.py:188} INFO - [2025-10-03T00:16:33.877+0000] {dag.py:3954} INFO - Setting next_dagrun for example_branch_dop_operator_v3 to 2025-10-03 00:15:00+00:00, run_after=2025-10-03 00:16:00+00:00
[2025-10-03T00:16:33.931+0000] {processor.py:183} INFO - Processing /home/airflow/.local/lib/python3.12/site-packages/airflow/example_dags/example_branch_python_dop_operator_3.py took 0.217 seconds
[2025-10-03T00:17:04.661+0000] {processor.py:161} INFO - Started process (PID=16179) to work on /home/airflow/.local/lib/python3.12/site-packages/airflow/example_dags/example_branch_python_dop_operator_3.py
[2025-10-03T00:17:04.664+0000] {processor.py:830} INFO - Processing file /home/airflow/.local/lib/python3.12/site-packages/airflow/example_dags/example_branch_python_dop_operator_3.py for tasks to queue
[2025-10-03T00:17:04.668+0000] {logging_mixin.py:188} INFO - [2025-10-03T00:17:04.667+0000] {dagbag.py:545} INFO - Filling up the DagBag from /home/airflow/.local/lib/python3.12/site-packages/airflow/example_dags/example_branch_python_dop_operator_3.py
[2025-10-03T00:17:04.688+0000] {processor.py:840} INFO - DAG(s) 'example_branch_dop_operator_v3' retrieved from /home/airflow/.local/lib/python3.12/site-packages/airflow/example_dags/example_branch_python_dop_operator_3.py
[2025-10-03T00:17:04.734+0000] {logging_mixin.py:188} INFO - [2025-10-03T00:17:04.733+0000] {dag.py:3096} INFO - Sync 1 DAGs
[2025-10-03T00:17:04.792+0000] {logging_mixin.py:188} INFO - [2025-10-03T00:17:04.792+0000] {dag.py:3954} INFO - Setting next_dagrun for example_branch_dop_operator_v3 to 2025-10-03 00:16:00+00:00, run_after=2025-10-03 00:17:00+00:00
[2025-10-03T00:17:04.831+0000] {processor.py:183} INFO - Processing /home/airflow/.local/lib/python3.12/site-packages/airflow/example_dags/example_branch_python_dop_operator_3.py took 0.184 seconds
[2025-10-03T00:17:35.067+0000] {processor.py:161} INFO - Started process (PID=16232) to work on /home/airflow/.local/lib/python3.12/site-packages/airflow/example_dags/example_branch_python_dop_operator_3.py
[2025-10-03T00:17:35.069+0000] {processor.py:830} INFO - Processing file /home/airflow/.local/lib/python3.12/site-packages/airflow/example_dags/example_branch_python_dop_operator_3.py for tasks to queue
[2025-10-03T00:17:35.071+0000] {logging_mixin.py:188} INFO - [2025-10-03T00:17:35.071+0000] {dagbag.py:545} INFO - Filling up the DagBag from /home/airflow/.local/lib/python3.12/site-packages/airflow/example_dags/example_branch_python_dop_operator_3.py
[2025-10-03T00:17:35.091+0000] {processor.py:840} INFO - DAG(s) 'example_branch_dop_operator_v3' retrieved from /home/airflow/.local/lib/python3.12/site-packages/airflow/example_dags/example_branch_python_dop_operator_3.py
[2025-10-03T00:17:35.140+0000] {logging_mixin.py:188} INFO - [2025-10-03T00:17:35.140+0000] {dag.py:3096} INFO - Sync 1 DAGs
[2025-10-03T00:17:35.206+0000] {logging_mixin.py:188} INFO - [2025-10-03T00:17:35.206+0000] {dag.py:3954} INFO - Setting next_dagrun for example_branch_dop_operator_v3 to 2025-10-03 00:16:00+00:00, run_after=2025-10-03 00:17:00+00:00
[2025-10-03T00:17:35.276+0000] {processor.py:183} INFO - Processing /home/airflow/.local/lib/python3.12/site-packages/airflow/example_dags/example_branch_python_dop_operator_3.py took 0.222 seconds
[2025-10-03T00:18:05.578+0000] {processor.py:161} INFO - Started process (PID=16285) to work on /home/airflow/.local/lib/python3.12/site-packages/airflow/example_dags/example_branch_python_dop_operator_3.py
[2025-10-03T00:18:05.581+0000] {processor.py:830} INFO - Processing file /home/airflow/.local/lib/python3.12/site-packages/airflow/example_dags/example_branch_python_dop_operator_3.py for tasks to queue
[2025-10-03T00:18:05.583+0000] {logging_mixin.py:188} INFO - [2025-10-03T00:18:05.582+0000] {dagbag.py:545} INFO - Filling up the DagBag from /home/airflow/.local/lib/python3.12/site-packages/airflow/example_dags/example_branch_python_dop_operator_3.py
[2025-10-03T00:18:05.603+0000] {processor.py:840} INFO - DAG(s) 'example_branch_dop_operator_v3' retrieved from /home/airflow/.local/lib/python3.12/site-packages/airflow/example_dags/example_branch_python_dop_operator_3.py
[2025-10-03T00:18:05.651+0000] {logging_mixin.py:188} INFO - [2025-10-03T00:18:05.650+0000] {dag.py:3096} INFO - Sync 1 DAGs
[2025-10-03T00:18:05.708+0000] {logging_mixin.py:188} INFO - [2025-10-03T00:18:05.708+0000] {dag.py:3954} INFO - Setting next_dagrun for example_branch_dop_operator_v3 to 2025-10-03 00:17:00+00:00, run_after=2025-10-03 00:18:00+00:00
[2025-10-03T00:18:05.749+0000] {processor.py:183} INFO - Processing /home/airflow/.local/lib/python3.12/site-packages/airflow/example_dags/example_branch_python_dop_operator_3.py took 0.185 seconds
[2025-10-03T00:18:36.383+0000] {processor.py:161} INFO - Started process (PID=16338) to work on /home/airflow/.local/lib/python3.12/site-packages/airflow/example_dags/example_branch_python_dop_operator_3.py
[2025-10-03T00:18:36.386+0000] {processor.py:830} INFO - Processing file /home/airflow/.local/lib/python3.12/site-packages/airflow/example_dags/example_branch_python_dop_operator_3.py for tasks to queue
[2025-10-03T00:18:36.391+0000] {logging_mixin.py:188} INFO - [2025-10-03T00:18:36.389+0000] {dagbag.py:545} INFO - Filling up the DagBag from /home/airflow/.local/lib/python3.12/site-packages/airflow/example_dags/example_branch_python_dop_operator_3.py
[2025-10-03T00:18:36.412+0000] {processor.py:840} INFO - DAG(s) 'example_branch_dop_operator_v3' retrieved from /home/airflow/.local/lib/python3.12/site-packages/airflow/example_dags/example_branch_python_dop_operator_3.py
[2025-10-03T00:18:36.460+0000] {logging_mixin.py:188} INFO - [2025-10-03T00:18:36.459+0000] {dag.py:3096} INFO - Sync 1 DAGs
[2025-10-03T00:18:36.524+0000] {logging_mixin.py:188} INFO - [2025-10-03T00:18:36.524+0000] {dag.py:3954} INFO - Setting next_dagrun for example_branch_dop_operator_v3 to 2025-10-03 00:17:00+00:00, run_after=2025-10-03 00:18:00+00:00
[2025-10-03T00:18:36.577+0000] {processor.py:183} INFO - Processing /home/airflow/.local/lib/python3.12/site-packages/airflow/example_dags/example_branch_python_dop_operator_3.py took 0.231 seconds
[2025-10-03T00:19:07.276+0000] {processor.py:161} INFO - Started process (PID=16391) to work on /home/airflow/.local/lib/python3.12/site-packages/airflow/example_dags/example_branch_python_dop_operator_3.py
[2025-10-03T00:19:07.278+0000] {processor.py:830} INFO - Processing file /home/airflow/.local/lib/python3.12/site-packages/airflow/example_dags/example_branch_python_dop_operator_3.py for tasks to queue
[2025-10-03T00:19:07.281+0000] {logging_mixin.py:188} INFO - [2025-10-03T00:19:07.280+0000] {dagbag.py:545} INFO - Filling up the DagBag from /home/airflow/.local/lib/python3.12/site-packages/airflow/example_dags/example_branch_python_dop_operator_3.py
[2025-10-03T00:19:07.305+0000] {processor.py:840} INFO - DAG(s) 'example_branch_dop_operator_v3' retrieved from /home/airflow/.local/lib/python3.12/site-packages/airflow/example_dags/example_branch_python_dop_operator_3.py
[2025-10-03T00:19:07.357+0000] {logging_mixin.py:188} INFO - [2025-10-03T00:19:07.357+0000] {dag.py:3096} INFO - Sync 1 DAGs
[2025-10-03T00:19:07.420+0000] {logging_mixin.py:188} INFO - [2025-10-03T00:19:07.419+0000] {dag.py:3954} INFO - Setting next_dagrun for example_branch_dop_operator_v3 to 2025-10-03 00:18:00+00:00, run_after=2025-10-03 00:19:00+00:00
[2025-10-03T00:19:07.466+0000] {processor.py:183} INFO - Processing /home/airflow/.local/lib/python3.12/site-packages/airflow/example_dags/example_branch_python_dop_operator_3.py took 0.206 seconds
[2025-10-03T00:19:38.190+0000] {processor.py:161} INFO - Started process (PID=16444) to work on /home/airflow/.local/lib/python3.12/site-packages/airflow/example_dags/example_branch_python_dop_operator_3.py
[2025-10-03T00:19:38.193+0000] {processor.py:830} INFO - Processing file /home/airflow/.local/lib/python3.12/site-packages/airflow/example_dags/example_branch_python_dop_operator_3.py for tasks to queue
[2025-10-03T00:19:38.195+0000] {logging_mixin.py:188} INFO - [2025-10-03T00:19:38.194+0000] {dagbag.py:545} INFO - Filling up the DagBag from /home/airflow/.local/lib/python3.12/site-packages/airflow/example_dags/example_branch_python_dop_operator_3.py
[2025-10-03T00:19:38.215+0000] {processor.py:840} INFO - DAG(s) 'example_branch_dop_operator_v3' retrieved from /home/airflow/.local/lib/python3.12/site-packages/airflow/example_dags/example_branch_python_dop_operator_3.py
[2025-10-03T00:19:38.261+0000] {logging_mixin.py:188} INFO - [2025-10-03T00:19:38.261+0000] {dag.py:3096} INFO - Sync 1 DAGs
[2025-10-03T00:19:38.318+0000] {logging_mixin.py:188} INFO - [2025-10-03T00:19:38.318+0000] {dag.py:3954} INFO - Setting next_dagrun for example_branch_dop_operator_v3 to 2025-10-03 00:18:00+00:00, run_after=2025-10-03 00:19:00+00:00
[2025-10-03T00:19:38.357+0000] {processor.py:183} INFO - Processing /home/airflow/.local/lib/python3.12/site-packages/airflow/example_dags/example_branch_python_dop_operator_3.py took 0.182 seconds
[2025-10-03T00:20:08.886+0000] {processor.py:161} INFO - Started process (PID=16497) to work on /home/airflow/.local/lib/python3.12/site-packages/airflow/example_dags/example_branch_python_dop_operator_3.py
[2025-10-03T00:20:08.888+0000] {processor.py:830} INFO - Processing file /home/airflow/.local/lib/python3.12/site-packages/airflow/example_dags/example_branch_python_dop_operator_3.py for tasks to queue
[2025-10-03T00:20:08.891+0000] {logging_mixin.py:188} INFO - [2025-10-03T00:20:08.890+0000] {dagbag.py:545} INFO - Filling up the DagBag from /home/airflow/.local/lib/python3.12/site-packages/airflow/example_dags/example_branch_python_dop_operator_3.py
[2025-10-03T00:20:08.911+0000] {processor.py:840} INFO - DAG(s) 'example_branch_dop_operator_v3' retrieved from /home/airflow/.local/lib/python3.12/site-packages/airflow/example_dags/example_branch_python_dop_operator_3.py
[2025-10-03T00:20:08.958+0000] {logging_mixin.py:188} INFO - [2025-10-03T00:20:08.958+0000] {dag.py:3096} INFO - Sync 1 DAGs
[2025-10-03T00:20:09.012+0000] {logging_mixin.py:188} INFO - [2025-10-03T00:20:09.012+0000] {dag.py:3954} INFO - Setting next_dagrun for example_branch_dop_operator_v3 to 2025-10-03 00:19:00+00:00, run_after=2025-10-03 00:20:00+00:00
[2025-10-03T00:20:09.059+0000] {processor.py:183} INFO - Processing /home/airflow/.local/lib/python3.12/site-packages/airflow/example_dags/example_branch_python_dop_operator_3.py took 0.200 seconds
[2025-10-03T00:20:39.315+0000] {processor.py:161} INFO - Started process (PID=16550) to work on /home/airflow/.local/lib/python3.12/site-packages/airflow/example_dags/example_branch_python_dop_operator_3.py
[2025-10-03T00:20:39.317+0000] {processor.py:830} INFO - Processing file /home/airflow/.local/lib/python3.12/site-packages/airflow/example_dags/example_branch_python_dop_operator_3.py for tasks to queue
[2025-10-03T00:20:39.320+0000] {logging_mixin.py:188} INFO - [2025-10-03T00:20:39.319+0000] {dagbag.py:545} INFO - Filling up the DagBag from /home/airflow/.local/lib/python3.12/site-packages/airflow/example_dags/example_branch_python_dop_operator_3.py
[2025-10-03T00:20:39.345+0000] {processor.py:840} INFO - DAG(s) 'example_branch_dop_operator_v3' retrieved from /home/airflow/.local/lib/python3.12/site-packages/airflow/example_dags/example_branch_python_dop_operator_3.py
[2025-10-03T00:20:39.400+0000] {logging_mixin.py:188} INFO - [2025-10-03T00:20:39.399+0000] {dag.py:3096} INFO - Sync 1 DAGs
[2025-10-03T00:20:39.460+0000] {logging_mixin.py:188} INFO - [2025-10-03T00:20:39.460+0000] {dag.py:3954} INFO - Setting next_dagrun for example_branch_dop_operator_v3 to 2025-10-03 00:19:00+00:00, run_after=2025-10-03 00:20:00+00:00
[2025-10-03T00:20:39.507+0000] {processor.py:183} INFO - Processing /home/airflow/.local/lib/python3.12/site-packages/airflow/example_dags/example_branch_python_dop_operator_3.py took 0.209 seconds
