[2025-10-03T00:00:05.849+0000] {processor.py:161} INFO - Started process (PID=14424) to work on /home/airflow/.local/lib/python3.12/site-packages/airflow/example_dags/example_trigger_target_dag.py
[2025-10-03T00:00:05.854+0000] {processor.py:830} INFO - Processing file /home/airflow/.local/lib/python3.12/site-packages/airflow/example_dags/example_trigger_target_dag.py for tasks to queue
[2025-10-03T00:00:05.857+0000] {logging_mixin.py:188} INFO - [2025-10-03T00:00:05.856+0000] {dagbag.py:545} INFO - Filling up the DagBag from /home/airflow/.local/lib/python3.12/site-packages/airflow/example_dags/example_trigger_target_dag.py
[2025-10-03T00:00:05.871+0000] {processor.py:840} INFO - DAG(s) 'example_trigger_target_dag' retrieved from /home/airflow/.local/lib/python3.12/site-packages/airflow/example_dags/example_trigger_target_dag.py
[2025-10-03T00:00:05.915+0000] {logging_mixin.py:188} INFO - [2025-10-03T00:00:05.915+0000] {dag.py:3096} INFO - Sync 1 DAGs
[2025-10-03T00:00:05.944+0000] {logging_mixin.py:188} INFO - [2025-10-03T00:00:05.943+0000] {dag.py:3954} INFO - Setting next_dagrun for example_trigger_target_dag to None, run_after=None
[2025-10-03T00:00:05.985+0000] {processor.py:183} INFO - Processing /home/airflow/.local/lib/python3.12/site-packages/airflow/example_dags/example_trigger_target_dag.py took 0.150 seconds
[2025-10-03T00:00:36.507+0000] {processor.py:161} INFO - Started process (PID=14478) to work on /home/airflow/.local/lib/python3.12/site-packages/airflow/example_dags/example_trigger_target_dag.py
[2025-10-03T00:00:36.510+0000] {processor.py:830} INFO - Processing file /home/airflow/.local/lib/python3.12/site-packages/airflow/example_dags/example_trigger_target_dag.py for tasks to queue
[2025-10-03T00:00:36.512+0000] {logging_mixin.py:188} INFO - [2025-10-03T00:00:36.511+0000] {dagbag.py:545} INFO - Filling up the DagBag from /home/airflow/.local/lib/python3.12/site-packages/airflow/example_dags/example_trigger_target_dag.py
[2025-10-03T00:00:36.526+0000] {processor.py:840} INFO - DAG(s) 'example_trigger_target_dag' retrieved from /home/airflow/.local/lib/python3.12/site-packages/airflow/example_dags/example_trigger_target_dag.py
[2025-10-03T00:00:36.571+0000] {logging_mixin.py:188} INFO - [2025-10-03T00:00:36.570+0000] {dag.py:3096} INFO - Sync 1 DAGs
[2025-10-03T00:00:36.597+0000] {logging_mixin.py:188} INFO - [2025-10-03T00:00:36.597+0000] {dag.py:3954} INFO - Setting next_dagrun for example_trigger_target_dag to None, run_after=None
[2025-10-03T00:00:36.645+0000] {processor.py:183} INFO - Processing /home/airflow/.local/lib/python3.12/site-packages/airflow/example_dags/example_trigger_target_dag.py took 0.157 seconds
[2025-10-03T00:01:06.752+0000] {processor.py:161} INFO - Started process (PID=14531) to work on /home/airflow/.local/lib/python3.12/site-packages/airflow/example_dags/example_trigger_target_dag.py
[2025-10-03T00:01:06.755+0000] {processor.py:830} INFO - Processing file /home/airflow/.local/lib/python3.12/site-packages/airflow/example_dags/example_trigger_target_dag.py for tasks to queue
[2025-10-03T00:01:06.757+0000] {logging_mixin.py:188} INFO - [2025-10-03T00:01:06.756+0000] {dagbag.py:545} INFO - Filling up the DagBag from /home/airflow/.local/lib/python3.12/site-packages/airflow/example_dags/example_trigger_target_dag.py
[2025-10-03T00:01:06.772+0000] {processor.py:840} INFO - DAG(s) 'example_trigger_target_dag' retrieved from /home/airflow/.local/lib/python3.12/site-packages/airflow/example_dags/example_trigger_target_dag.py
[2025-10-03T00:01:06.822+0000] {logging_mixin.py:188} INFO - [2025-10-03T00:01:06.821+0000] {dag.py:3096} INFO - Sync 1 DAGs
[2025-10-03T00:01:06.854+0000] {logging_mixin.py:188} INFO - [2025-10-03T00:01:06.854+0000] {dag.py:3954} INFO - Setting next_dagrun for example_trigger_target_dag to None, run_after=None
[2025-10-03T00:01:06.909+0000] {processor.py:183} INFO - Processing /home/airflow/.local/lib/python3.12/site-packages/airflow/example_dags/example_trigger_target_dag.py took 0.171 seconds
[2025-10-03T00:01:37.517+0000] {processor.py:161} INFO - Started process (PID=14584) to work on /home/airflow/.local/lib/python3.12/site-packages/airflow/example_dags/example_trigger_target_dag.py
[2025-10-03T00:01:37.520+0000] {processor.py:830} INFO - Processing file /home/airflow/.local/lib/python3.12/site-packages/airflow/example_dags/example_trigger_target_dag.py for tasks to queue
[2025-10-03T00:01:37.522+0000] {logging_mixin.py:188} INFO - [2025-10-03T00:01:37.521+0000] {dagbag.py:545} INFO - Filling up the DagBag from /home/airflow/.local/lib/python3.12/site-packages/airflow/example_dags/example_trigger_target_dag.py
[2025-10-03T00:01:37.538+0000] {processor.py:840} INFO - DAG(s) 'example_trigger_target_dag' retrieved from /home/airflow/.local/lib/python3.12/site-packages/airflow/example_dags/example_trigger_target_dag.py
[2025-10-03T00:01:37.596+0000] {logging_mixin.py:188} INFO - [2025-10-03T00:01:37.595+0000] {dag.py:3096} INFO - Sync 1 DAGs
[2025-10-03T00:01:37.625+0000] {logging_mixin.py:188} INFO - [2025-10-03T00:01:37.625+0000] {dag.py:3954} INFO - Setting next_dagrun for example_trigger_target_dag to None, run_after=None
[2025-10-03T00:01:37.670+0000] {processor.py:183} INFO - Processing /home/airflow/.local/lib/python3.12/site-packages/airflow/example_dags/example_trigger_target_dag.py took 0.172 seconds
[2025-10-03T00:02:07.825+0000] {processor.py:161} INFO - Started process (PID=14637) to work on /home/airflow/.local/lib/python3.12/site-packages/airflow/example_dags/example_trigger_target_dag.py
[2025-10-03T00:02:07.828+0000] {processor.py:830} INFO - Processing file /home/airflow/.local/lib/python3.12/site-packages/airflow/example_dags/example_trigger_target_dag.py for tasks to queue
[2025-10-03T00:02:07.831+0000] {logging_mixin.py:188} INFO - [2025-10-03T00:02:07.830+0000] {dagbag.py:545} INFO - Filling up the DagBag from /home/airflow/.local/lib/python3.12/site-packages/airflow/example_dags/example_trigger_target_dag.py
[2025-10-03T00:02:07.848+0000] {processor.py:840} INFO - DAG(s) 'example_trigger_target_dag' retrieved from /home/airflow/.local/lib/python3.12/site-packages/airflow/example_dags/example_trigger_target_dag.py
[2025-10-03T00:02:07.899+0000] {logging_mixin.py:188} INFO - [2025-10-03T00:02:07.898+0000] {dag.py:3096} INFO - Sync 1 DAGs
[2025-10-03T00:02:07.929+0000] {logging_mixin.py:188} INFO - [2025-10-03T00:02:07.929+0000] {dag.py:3954} INFO - Setting next_dagrun for example_trigger_target_dag to None, run_after=None
[2025-10-03T00:02:07.984+0000] {processor.py:183} INFO - Processing /home/airflow/.local/lib/python3.12/site-packages/airflow/example_dags/example_trigger_target_dag.py took 0.178 seconds
[2025-10-03T00:02:39.040+0000] {processor.py:161} INFO - Started process (PID=14690) to work on /home/airflow/.local/lib/python3.12/site-packages/airflow/example_dags/example_trigger_target_dag.py
[2025-10-03T00:02:39.042+0000] {processor.py:830} INFO - Processing file /home/airflow/.local/lib/python3.12/site-packages/airflow/example_dags/example_trigger_target_dag.py for tasks to queue
[2025-10-03T00:02:39.045+0000] {logging_mixin.py:188} INFO - [2025-10-03T00:02:39.044+0000] {dagbag.py:545} INFO - Filling up the DagBag from /home/airflow/.local/lib/python3.12/site-packages/airflow/example_dags/example_trigger_target_dag.py
[2025-10-03T00:02:39.059+0000] {processor.py:840} INFO - DAG(s) 'example_trigger_target_dag' retrieved from /home/airflow/.local/lib/python3.12/site-packages/airflow/example_dags/example_trigger_target_dag.py
[2025-10-03T00:02:39.115+0000] {logging_mixin.py:188} INFO - [2025-10-03T00:02:39.115+0000] {dag.py:3096} INFO - Sync 1 DAGs
[2025-10-03T00:02:39.143+0000] {logging_mixin.py:188} INFO - [2025-10-03T00:02:39.142+0000] {dag.py:3954} INFO - Setting next_dagrun for example_trigger_target_dag to None, run_after=None
[2025-10-03T00:02:39.199+0000] {processor.py:183} INFO - Processing /home/airflow/.local/lib/python3.12/site-packages/airflow/example_dags/example_trigger_target_dag.py took 0.173 seconds
[2025-10-03T00:03:09.627+0000] {processor.py:161} INFO - Started process (PID=14743) to work on /home/airflow/.local/lib/python3.12/site-packages/airflow/example_dags/example_trigger_target_dag.py
[2025-10-03T00:03:09.629+0000] {processor.py:830} INFO - Processing file /home/airflow/.local/lib/python3.12/site-packages/airflow/example_dags/example_trigger_target_dag.py for tasks to queue
[2025-10-03T00:03:09.632+0000] {logging_mixin.py:188} INFO - [2025-10-03T00:03:09.631+0000] {dagbag.py:545} INFO - Filling up the DagBag from /home/airflow/.local/lib/python3.12/site-packages/airflow/example_dags/example_trigger_target_dag.py
[2025-10-03T00:03:09.646+0000] {processor.py:840} INFO - DAG(s) 'example_trigger_target_dag' retrieved from /home/airflow/.local/lib/python3.12/site-packages/airflow/example_dags/example_trigger_target_dag.py
[2025-10-03T00:03:09.693+0000] {logging_mixin.py:188} INFO - [2025-10-03T00:03:09.693+0000] {dag.py:3096} INFO - Sync 1 DAGs
[2025-10-03T00:03:09.722+0000] {logging_mixin.py:188} INFO - [2025-10-03T00:03:09.722+0000] {dag.py:3954} INFO - Setting next_dagrun for example_trigger_target_dag to None, run_after=None
[2025-10-03T00:03:09.774+0000] {processor.py:183} INFO - Processing /home/airflow/.local/lib/python3.12/site-packages/airflow/example_dags/example_trigger_target_dag.py took 0.168 seconds
[2025-10-03T00:03:39.978+0000] {processor.py:161} INFO - Started process (PID=14796) to work on /home/airflow/.local/lib/python3.12/site-packages/airflow/example_dags/example_trigger_target_dag.py
[2025-10-03T00:03:39.981+0000] {processor.py:830} INFO - Processing file /home/airflow/.local/lib/python3.12/site-packages/airflow/example_dags/example_trigger_target_dag.py for tasks to queue
[2025-10-03T00:03:39.984+0000] {logging_mixin.py:188} INFO - [2025-10-03T00:03:39.983+0000] {dagbag.py:545} INFO - Filling up the DagBag from /home/airflow/.local/lib/python3.12/site-packages/airflow/example_dags/example_trigger_target_dag.py
[2025-10-03T00:03:39.999+0000] {processor.py:840} INFO - DAG(s) 'example_trigger_target_dag' retrieved from /home/airflow/.local/lib/python3.12/site-packages/airflow/example_dags/example_trigger_target_dag.py
[2025-10-03T00:03:40.046+0000] {logging_mixin.py:188} INFO - [2025-10-03T00:03:40.045+0000] {dag.py:3096} INFO - Sync 1 DAGs
[2025-10-03T00:03:40.075+0000] {logging_mixin.py:188} INFO - [2025-10-03T00:03:40.074+0000] {dag.py:3954} INFO - Setting next_dagrun for example_trigger_target_dag to None, run_after=None
[2025-10-03T00:03:40.115+0000] {processor.py:183} INFO - Processing /home/airflow/.local/lib/python3.12/site-packages/airflow/example_dags/example_trigger_target_dag.py took 0.162 seconds
[2025-10-03T00:04:11.035+0000] {processor.py:161} INFO - Started process (PID=14849) to work on /home/airflow/.local/lib/python3.12/site-packages/airflow/example_dags/example_trigger_target_dag.py
[2025-10-03T00:04:11.037+0000] {processor.py:830} INFO - Processing file /home/airflow/.local/lib/python3.12/site-packages/airflow/example_dags/example_trigger_target_dag.py for tasks to queue
[2025-10-03T00:04:11.039+0000] {logging_mixin.py:188} INFO - [2025-10-03T00:04:11.038+0000] {dagbag.py:545} INFO - Filling up the DagBag from /home/airflow/.local/lib/python3.12/site-packages/airflow/example_dags/example_trigger_target_dag.py
[2025-10-03T00:04:11.053+0000] {processor.py:840} INFO - DAG(s) 'example_trigger_target_dag' retrieved from /home/airflow/.local/lib/python3.12/site-packages/airflow/example_dags/example_trigger_target_dag.py
[2025-10-03T00:04:11.110+0000] {logging_mixin.py:188} INFO - [2025-10-03T00:04:11.110+0000] {dag.py:3096} INFO - Sync 1 DAGs
[2025-10-03T00:04:11.147+0000] {logging_mixin.py:188} INFO - [2025-10-03T00:04:11.147+0000] {dag.py:3954} INFO - Setting next_dagrun for example_trigger_target_dag to None, run_after=None
[2025-10-03T00:04:11.190+0000] {processor.py:183} INFO - Processing /home/airflow/.local/lib/python3.12/site-packages/airflow/example_dags/example_trigger_target_dag.py took 0.174 seconds
[2025-10-03T00:04:41.695+0000] {processor.py:161} INFO - Started process (PID=14902) to work on /home/airflow/.local/lib/python3.12/site-packages/airflow/example_dags/example_trigger_target_dag.py
[2025-10-03T00:04:41.697+0000] {processor.py:830} INFO - Processing file /home/airflow/.local/lib/python3.12/site-packages/airflow/example_dags/example_trigger_target_dag.py for tasks to queue
[2025-10-03T00:04:41.700+0000] {logging_mixin.py:188} INFO - [2025-10-03T00:04:41.699+0000] {dagbag.py:545} INFO - Filling up the DagBag from /home/airflow/.local/lib/python3.12/site-packages/airflow/example_dags/example_trigger_target_dag.py
[2025-10-03T00:04:41.713+0000] {processor.py:840} INFO - DAG(s) 'example_trigger_target_dag' retrieved from /home/airflow/.local/lib/python3.12/site-packages/airflow/example_dags/example_trigger_target_dag.py
[2025-10-03T00:04:41.756+0000] {logging_mixin.py:188} INFO - [2025-10-03T00:04:41.755+0000] {dag.py:3096} INFO - Sync 1 DAGs
[2025-10-03T00:04:41.786+0000] {logging_mixin.py:188} INFO - [2025-10-03T00:04:41.786+0000] {dag.py:3954} INFO - Setting next_dagrun for example_trigger_target_dag to None, run_after=None
[2025-10-03T00:04:41.832+0000] {processor.py:183} INFO - Processing /home/airflow/.local/lib/python3.12/site-packages/airflow/example_dags/example_trigger_target_dag.py took 0.154 seconds
[2025-10-03T00:05:12.174+0000] {processor.py:161} INFO - Started process (PID=14955) to work on /home/airflow/.local/lib/python3.12/site-packages/airflow/example_dags/example_trigger_target_dag.py
[2025-10-03T00:05:12.178+0000] {processor.py:830} INFO - Processing file /home/airflow/.local/lib/python3.12/site-packages/airflow/example_dags/example_trigger_target_dag.py for tasks to queue
[2025-10-03T00:05:12.181+0000] {logging_mixin.py:188} INFO - [2025-10-03T00:05:12.180+0000] {dagbag.py:545} INFO - Filling up the DagBag from /home/airflow/.local/lib/python3.12/site-packages/airflow/example_dags/example_trigger_target_dag.py
[2025-10-03T00:05:12.199+0000] {processor.py:840} INFO - DAG(s) 'example_trigger_target_dag' retrieved from /home/airflow/.local/lib/python3.12/site-packages/airflow/example_dags/example_trigger_target_dag.py
[2025-10-03T00:05:12.250+0000] {logging_mixin.py:188} INFO - [2025-10-03T00:05:12.249+0000] {dag.py:3096} INFO - Sync 1 DAGs
[2025-10-03T00:05:12.281+0000] {logging_mixin.py:188} INFO - [2025-10-03T00:05:12.281+0000] {dag.py:3954} INFO - Setting next_dagrun for example_trigger_target_dag to None, run_after=None
[2025-10-03T00:05:12.329+0000] {processor.py:183} INFO - Processing /home/airflow/.local/lib/python3.12/site-packages/airflow/example_dags/example_trigger_target_dag.py took 0.174 seconds
[2025-10-03T00:05:43.276+0000] {processor.py:161} INFO - Started process (PID=15008) to work on /home/airflow/.local/lib/python3.12/site-packages/airflow/example_dags/example_trigger_target_dag.py
[2025-10-03T00:05:43.278+0000] {processor.py:830} INFO - Processing file /home/airflow/.local/lib/python3.12/site-packages/airflow/example_dags/example_trigger_target_dag.py for tasks to queue
[2025-10-03T00:05:43.281+0000] {logging_mixin.py:188} INFO - [2025-10-03T00:05:43.280+0000] {dagbag.py:545} INFO - Filling up the DagBag from /home/airflow/.local/lib/python3.12/site-packages/airflow/example_dags/example_trigger_target_dag.py
[2025-10-03T00:05:43.295+0000] {processor.py:840} INFO - DAG(s) 'example_trigger_target_dag' retrieved from /home/airflow/.local/lib/python3.12/site-packages/airflow/example_dags/example_trigger_target_dag.py
[2025-10-03T00:05:43.342+0000] {logging_mixin.py:188} INFO - [2025-10-03T00:05:43.341+0000] {dag.py:3096} INFO - Sync 1 DAGs
[2025-10-03T00:05:43.371+0000] {logging_mixin.py:188} INFO - [2025-10-03T00:05:43.370+0000] {dag.py:3954} INFO - Setting next_dagrun for example_trigger_target_dag to None, run_after=None
[2025-10-03T00:05:43.411+0000] {processor.py:183} INFO - Processing /home/airflow/.local/lib/python3.12/site-packages/airflow/example_dags/example_trigger_target_dag.py took 0.150 seconds
[2025-10-03T00:06:14.540+0000] {processor.py:161} INFO - Started process (PID=15061) to work on /home/airflow/.local/lib/python3.12/site-packages/airflow/example_dags/example_trigger_target_dag.py
[2025-10-03T00:06:14.555+0000] {processor.py:830} INFO - Processing file /home/airflow/.local/lib/python3.12/site-packages/airflow/example_dags/example_trigger_target_dag.py for tasks to queue
[2025-10-03T00:06:14.559+0000] {logging_mixin.py:188} INFO - [2025-10-03T00:06:14.557+0000] {dagbag.py:545} INFO - Filling up the DagBag from /home/airflow/.local/lib/python3.12/site-packages/airflow/example_dags/example_trigger_target_dag.py
[2025-10-03T00:06:14.628+0000] {processor.py:840} INFO - DAG(s) 'example_trigger_target_dag' retrieved from /home/airflow/.local/lib/python3.12/site-packages/airflow/example_dags/example_trigger_target_dag.py
[2025-10-03T00:06:14.791+0000] {logging_mixin.py:188} INFO - [2025-10-03T00:06:14.790+0000] {dag.py:3096} INFO - Sync 1 DAGs
[2025-10-03T00:06:14.876+0000] {logging_mixin.py:188} INFO - [2025-10-03T00:06:14.876+0000] {dag.py:3954} INFO - Setting next_dagrun for example_trigger_target_dag to None, run_after=None
[2025-10-03T00:06:14.982+0000] {processor.py:183} INFO - Processing /home/airflow/.local/lib/python3.12/site-packages/airflow/example_dags/example_trigger_target_dag.py took 0.497 seconds
[2025-10-03T00:06:45.141+0000] {processor.py:161} INFO - Started process (PID=15114) to work on /home/airflow/.local/lib/python3.12/site-packages/airflow/example_dags/example_trigger_target_dag.py
[2025-10-03T00:06:45.144+0000] {processor.py:830} INFO - Processing file /home/airflow/.local/lib/python3.12/site-packages/airflow/example_dags/example_trigger_target_dag.py for tasks to queue
[2025-10-03T00:06:45.150+0000] {logging_mixin.py:188} INFO - [2025-10-03T00:06:45.147+0000] {dagbag.py:545} INFO - Filling up the DagBag from /home/airflow/.local/lib/python3.12/site-packages/airflow/example_dags/example_trigger_target_dag.py
[2025-10-03T00:06:45.176+0000] {processor.py:840} INFO - DAG(s) 'example_trigger_target_dag' retrieved from /home/airflow/.local/lib/python3.12/site-packages/airflow/example_dags/example_trigger_target_dag.py
[2025-10-03T00:06:45.245+0000] {logging_mixin.py:188} INFO - [2025-10-03T00:06:45.244+0000] {dag.py:3096} INFO - Sync 1 DAGs
[2025-10-03T00:06:45.290+0000] {logging_mixin.py:188} INFO - [2025-10-03T00:06:45.289+0000] {dag.py:3954} INFO - Setting next_dagrun for example_trigger_target_dag to None, run_after=None
[2025-10-03T00:06:45.347+0000] {processor.py:183} INFO - Processing /home/airflow/.local/lib/python3.12/site-packages/airflow/example_dags/example_trigger_target_dag.py took 0.229 seconds
[2025-10-03T00:07:16.283+0000] {processor.py:161} INFO - Started process (PID=15167) to work on /home/airflow/.local/lib/python3.12/site-packages/airflow/example_dags/example_trigger_target_dag.py
[2025-10-03T00:07:16.285+0000] {processor.py:830} INFO - Processing file /home/airflow/.local/lib/python3.12/site-packages/airflow/example_dags/example_trigger_target_dag.py for tasks to queue
[2025-10-03T00:07:16.288+0000] {logging_mixin.py:188} INFO - [2025-10-03T00:07:16.287+0000] {dagbag.py:545} INFO - Filling up the DagBag from /home/airflow/.local/lib/python3.12/site-packages/airflow/example_dags/example_trigger_target_dag.py
[2025-10-03T00:07:16.303+0000] {processor.py:840} INFO - DAG(s) 'example_trigger_target_dag' retrieved from /home/airflow/.local/lib/python3.12/site-packages/airflow/example_dags/example_trigger_target_dag.py
[2025-10-03T00:07:16.355+0000] {logging_mixin.py:188} INFO - [2025-10-03T00:07:16.354+0000] {dag.py:3096} INFO - Sync 1 DAGs
[2025-10-03T00:07:16.469+0000] {logging_mixin.py:188} INFO - [2025-10-03T00:07:16.458+0000] {dag.py:3954} INFO - Setting next_dagrun for example_trigger_target_dag to None, run_after=None
[2025-10-03T00:07:16.562+0000] {processor.py:183} INFO - Processing /home/airflow/.local/lib/python3.12/site-packages/airflow/example_dags/example_trigger_target_dag.py took 0.295 seconds
[2025-10-03T00:07:47.130+0000] {processor.py:161} INFO - Started process (PID=15220) to work on /home/airflow/.local/lib/python3.12/site-packages/airflow/example_dags/example_trigger_target_dag.py
[2025-10-03T00:07:47.131+0000] {processor.py:830} INFO - Processing file /home/airflow/.local/lib/python3.12/site-packages/airflow/example_dags/example_trigger_target_dag.py for tasks to queue
[2025-10-03T00:07:47.134+0000] {logging_mixin.py:188} INFO - [2025-10-03T00:07:47.133+0000] {dagbag.py:545} INFO - Filling up the DagBag from /home/airflow/.local/lib/python3.12/site-packages/airflow/example_dags/example_trigger_target_dag.py
[2025-10-03T00:07:47.148+0000] {processor.py:840} INFO - DAG(s) 'example_trigger_target_dag' retrieved from /home/airflow/.local/lib/python3.12/site-packages/airflow/example_dags/example_trigger_target_dag.py
[2025-10-03T00:07:47.203+0000] {logging_mixin.py:188} INFO - [2025-10-03T00:07:47.202+0000] {dag.py:3096} INFO - Sync 1 DAGs
[2025-10-03T00:07:47.242+0000] {logging_mixin.py:188} INFO - [2025-10-03T00:07:47.241+0000] {dag.py:3954} INFO - Setting next_dagrun for example_trigger_target_dag to None, run_after=None
[2025-10-03T00:07:47.289+0000] {processor.py:183} INFO - Processing /home/airflow/.local/lib/python3.12/site-packages/airflow/example_dags/example_trigger_target_dag.py took 0.175 seconds
[2025-10-03T00:08:17.627+0000] {processor.py:161} INFO - Started process (PID=15271) to work on /home/airflow/.local/lib/python3.12/site-packages/airflow/example_dags/example_trigger_target_dag.py
[2025-10-03T00:08:17.630+0000] {processor.py:830} INFO - Processing file /home/airflow/.local/lib/python3.12/site-packages/airflow/example_dags/example_trigger_target_dag.py for tasks to queue
[2025-10-03T00:08:17.632+0000] {logging_mixin.py:188} INFO - [2025-10-03T00:08:17.631+0000] {dagbag.py:545} INFO - Filling up the DagBag from /home/airflow/.local/lib/python3.12/site-packages/airflow/example_dags/example_trigger_target_dag.py
[2025-10-03T00:08:17.648+0000] {processor.py:840} INFO - DAG(s) 'example_trigger_target_dag' retrieved from /home/airflow/.local/lib/python3.12/site-packages/airflow/example_dags/example_trigger_target_dag.py
[2025-10-03T00:08:17.704+0000] {logging_mixin.py:188} INFO - [2025-10-03T00:08:17.704+0000] {dag.py:3096} INFO - Sync 1 DAGs
[2025-10-03T00:08:17.736+0000] {logging_mixin.py:188} INFO - [2025-10-03T00:08:17.735+0000] {dag.py:3954} INFO - Setting next_dagrun for example_trigger_target_dag to None, run_after=None
[2025-10-03T00:08:17.777+0000] {processor.py:183} INFO - Processing /home/airflow/.local/lib/python3.12/site-packages/airflow/example_dags/example_trigger_target_dag.py took 0.165 seconds
[2025-10-03T00:08:47.886+0000] {processor.py:161} INFO - Started process (PID=15324) to work on /home/airflow/.local/lib/python3.12/site-packages/airflow/example_dags/example_trigger_target_dag.py
[2025-10-03T00:08:47.888+0000] {processor.py:830} INFO - Processing file /home/airflow/.local/lib/python3.12/site-packages/airflow/example_dags/example_trigger_target_dag.py for tasks to queue
[2025-10-03T00:08:47.890+0000] {logging_mixin.py:188} INFO - [2025-10-03T00:08:47.889+0000] {dagbag.py:545} INFO - Filling up the DagBag from /home/airflow/.local/lib/python3.12/site-packages/airflow/example_dags/example_trigger_target_dag.py
[2025-10-03T00:08:47.905+0000] {processor.py:840} INFO - DAG(s) 'example_trigger_target_dag' retrieved from /home/airflow/.local/lib/python3.12/site-packages/airflow/example_dags/example_trigger_target_dag.py
[2025-10-03T00:08:47.953+0000] {logging_mixin.py:188} INFO - [2025-10-03T00:08:47.953+0000] {dag.py:3096} INFO - Sync 1 DAGs
[2025-10-03T00:08:47.988+0000] {logging_mixin.py:188} INFO - [2025-10-03T00:08:47.988+0000] {dag.py:3954} INFO - Setting next_dagrun for example_trigger_target_dag to None, run_after=None
[2025-10-03T00:08:48.031+0000] {processor.py:183} INFO - Processing /home/airflow/.local/lib/python3.12/site-packages/airflow/example_dags/example_trigger_target_dag.py took 0.162 seconds
[2025-10-03T00:09:18.935+0000] {processor.py:161} INFO - Started process (PID=15377) to work on /home/airflow/.local/lib/python3.12/site-packages/airflow/example_dags/example_trigger_target_dag.py
[2025-10-03T00:09:18.939+0000] {processor.py:830} INFO - Processing file /home/airflow/.local/lib/python3.12/site-packages/airflow/example_dags/example_trigger_target_dag.py for tasks to queue
[2025-10-03T00:09:18.942+0000] {logging_mixin.py:188} INFO - [2025-10-03T00:09:18.941+0000] {dagbag.py:545} INFO - Filling up the DagBag from /home/airflow/.local/lib/python3.12/site-packages/airflow/example_dags/example_trigger_target_dag.py
[2025-10-03T00:09:18.965+0000] {processor.py:840} INFO - DAG(s) 'example_trigger_target_dag' retrieved from /home/airflow/.local/lib/python3.12/site-packages/airflow/example_dags/example_trigger_target_dag.py
[2025-10-03T00:09:19.023+0000] {logging_mixin.py:188} INFO - [2025-10-03T00:09:19.022+0000] {dag.py:3096} INFO - Sync 1 DAGs
[2025-10-03T00:09:19.055+0000] {logging_mixin.py:188} INFO - [2025-10-03T00:09:19.054+0000] {dag.py:3954} INFO - Setting next_dagrun for example_trigger_target_dag to None, run_after=None
[2025-10-03T00:09:19.118+0000] {processor.py:183} INFO - Processing /home/airflow/.local/lib/python3.12/site-packages/airflow/example_dags/example_trigger_target_dag.py took 0.206 seconds
[2025-10-03T00:09:49.575+0000] {processor.py:161} INFO - Started process (PID=15430) to work on /home/airflow/.local/lib/python3.12/site-packages/airflow/example_dags/example_trigger_target_dag.py
[2025-10-03T00:09:49.577+0000] {processor.py:830} INFO - Processing file /home/airflow/.local/lib/python3.12/site-packages/airflow/example_dags/example_trigger_target_dag.py for tasks to queue
[2025-10-03T00:09:49.580+0000] {logging_mixin.py:188} INFO - [2025-10-03T00:09:49.579+0000] {dagbag.py:545} INFO - Filling up the DagBag from /home/airflow/.local/lib/python3.12/site-packages/airflow/example_dags/example_trigger_target_dag.py
[2025-10-03T00:09:49.599+0000] {processor.py:840} INFO - DAG(s) 'example_trigger_target_dag' retrieved from /home/airflow/.local/lib/python3.12/site-packages/airflow/example_dags/example_trigger_target_dag.py
[2025-10-03T00:09:49.649+0000] {logging_mixin.py:188} INFO - [2025-10-03T00:09:49.648+0000] {dag.py:3096} INFO - Sync 1 DAGs
[2025-10-03T00:09:49.676+0000] {logging_mixin.py:188} INFO - [2025-10-03T00:09:49.676+0000] {dag.py:3954} INFO - Setting next_dagrun for example_trigger_target_dag to None, run_after=None
[2025-10-03T00:09:49.720+0000] {processor.py:183} INFO - Processing /home/airflow/.local/lib/python3.12/site-packages/airflow/example_dags/example_trigger_target_dag.py took 0.164 seconds
[2025-10-03T00:10:19.869+0000] {processor.py:161} INFO - Started process (PID=15483) to work on /home/airflow/.local/lib/python3.12/site-packages/airflow/example_dags/example_trigger_target_dag.py
[2025-10-03T00:10:19.872+0000] {processor.py:830} INFO - Processing file /home/airflow/.local/lib/python3.12/site-packages/airflow/example_dags/example_trigger_target_dag.py for tasks to queue
[2025-10-03T00:10:19.875+0000] {logging_mixin.py:188} INFO - [2025-10-03T00:10:19.874+0000] {dagbag.py:545} INFO - Filling up the DagBag from /home/airflow/.local/lib/python3.12/site-packages/airflow/example_dags/example_trigger_target_dag.py
[2025-10-03T00:10:19.895+0000] {processor.py:840} INFO - DAG(s) 'example_trigger_target_dag' retrieved from /home/airflow/.local/lib/python3.12/site-packages/airflow/example_dags/example_trigger_target_dag.py
[2025-10-03T00:10:19.952+0000] {logging_mixin.py:188} INFO - [2025-10-03T00:10:19.951+0000] {dag.py:3096} INFO - Sync 1 DAGs
[2025-10-03T00:10:19.991+0000] {logging_mixin.py:188} INFO - [2025-10-03T00:10:19.991+0000] {dag.py:3954} INFO - Setting next_dagrun for example_trigger_target_dag to None, run_after=None
[2025-10-03T00:10:20.036+0000] {processor.py:183} INFO - Processing /home/airflow/.local/lib/python3.12/site-packages/airflow/example_dags/example_trigger_target_dag.py took 0.185 seconds
[2025-10-03T00:10:50.130+0000] {processor.py:161} INFO - Started process (PID=15536) to work on /home/airflow/.local/lib/python3.12/site-packages/airflow/example_dags/example_trigger_target_dag.py
[2025-10-03T00:10:50.132+0000] {processor.py:830} INFO - Processing file /home/airflow/.local/lib/python3.12/site-packages/airflow/example_dags/example_trigger_target_dag.py for tasks to queue
[2025-10-03T00:10:50.134+0000] {logging_mixin.py:188} INFO - [2025-10-03T00:10:50.133+0000] {dagbag.py:545} INFO - Filling up the DagBag from /home/airflow/.local/lib/python3.12/site-packages/airflow/example_dags/example_trigger_target_dag.py
[2025-10-03T00:10:50.151+0000] {processor.py:840} INFO - DAG(s) 'example_trigger_target_dag' retrieved from /home/airflow/.local/lib/python3.12/site-packages/airflow/example_dags/example_trigger_target_dag.py
[2025-10-03T00:10:50.204+0000] {logging_mixin.py:188} INFO - [2025-10-03T00:10:50.203+0000] {dag.py:3096} INFO - Sync 1 DAGs
[2025-10-03T00:10:50.240+0000] {logging_mixin.py:188} INFO - [2025-10-03T00:10:50.240+0000] {dag.py:3954} INFO - Setting next_dagrun for example_trigger_target_dag to None, run_after=None
[2025-10-03T00:10:50.287+0000] {processor.py:183} INFO - Processing /home/airflow/.local/lib/python3.12/site-packages/airflow/example_dags/example_trigger_target_dag.py took 0.171 seconds
[2025-10-03T00:11:21.662+0000] {processor.py:161} INFO - Started process (PID=15589) to work on /home/airflow/.local/lib/python3.12/site-packages/airflow/example_dags/example_trigger_target_dag.py
[2025-10-03T00:11:21.666+0000] {processor.py:830} INFO - Processing file /home/airflow/.local/lib/python3.12/site-packages/airflow/example_dags/example_trigger_target_dag.py for tasks to queue
[2025-10-03T00:11:21.670+0000] {logging_mixin.py:188} INFO - [2025-10-03T00:11:21.669+0000] {dagbag.py:545} INFO - Filling up the DagBag from /home/airflow/.local/lib/python3.12/site-packages/airflow/example_dags/example_trigger_target_dag.py
[2025-10-03T00:11:21.696+0000] {processor.py:840} INFO - DAG(s) 'example_trigger_target_dag' retrieved from /home/airflow/.local/lib/python3.12/site-packages/airflow/example_dags/example_trigger_target_dag.py
[2025-10-03T00:11:21.778+0000] {logging_mixin.py:188} INFO - [2025-10-03T00:11:21.776+0000] {dag.py:3096} INFO - Sync 1 DAGs
[2025-10-03T00:11:21.834+0000] {logging_mixin.py:188} INFO - [2025-10-03T00:11:21.833+0000] {dag.py:3954} INFO - Setting next_dagrun for example_trigger_target_dag to None, run_after=None
[2025-10-03T00:11:21.903+0000] {processor.py:183} INFO - Processing /home/airflow/.local/lib/python3.12/site-packages/airflow/example_dags/example_trigger_target_dag.py took 0.258 seconds
[2025-10-03T00:11:52.980+0000] {processor.py:161} INFO - Started process (PID=15642) to work on /home/airflow/.local/lib/python3.12/site-packages/airflow/example_dags/example_trigger_target_dag.py
[2025-10-03T00:11:52.984+0000] {processor.py:830} INFO - Processing file /home/airflow/.local/lib/python3.12/site-packages/airflow/example_dags/example_trigger_target_dag.py for tasks to queue
[2025-10-03T00:11:52.988+0000] {logging_mixin.py:188} INFO - [2025-10-03T00:11:52.986+0000] {dagbag.py:545} INFO - Filling up the DagBag from /home/airflow/.local/lib/python3.12/site-packages/airflow/example_dags/example_trigger_target_dag.py
[2025-10-03T00:11:53.008+0000] {processor.py:840} INFO - DAG(s) 'example_trigger_target_dag' retrieved from /home/airflow/.local/lib/python3.12/site-packages/airflow/example_dags/example_trigger_target_dag.py
[2025-10-03T00:11:53.071+0000] {logging_mixin.py:188} INFO - [2025-10-03T00:11:53.070+0000] {dag.py:3096} INFO - Sync 1 DAGs
[2025-10-03T00:11:53.114+0000] {logging_mixin.py:188} INFO - [2025-10-03T00:11:53.113+0000] {dag.py:3954} INFO - Setting next_dagrun for example_trigger_target_dag to None, run_after=None
[2025-10-03T00:11:53.185+0000] {processor.py:183} INFO - Processing /home/airflow/.local/lib/python3.12/site-packages/airflow/example_dags/example_trigger_target_dag.py took 0.223 seconds
[2025-10-03T00:12:23.429+0000] {processor.py:161} INFO - Started process (PID=15695) to work on /home/airflow/.local/lib/python3.12/site-packages/airflow/example_dags/example_trigger_target_dag.py
[2025-10-03T00:12:23.434+0000] {processor.py:830} INFO - Processing file /home/airflow/.local/lib/python3.12/site-packages/airflow/example_dags/example_trigger_target_dag.py for tasks to queue
[2025-10-03T00:12:23.436+0000] {logging_mixin.py:188} INFO - [2025-10-03T00:12:23.435+0000] {dagbag.py:545} INFO - Filling up the DagBag from /home/airflow/.local/lib/python3.12/site-packages/airflow/example_dags/example_trigger_target_dag.py
[2025-10-03T00:12:23.453+0000] {processor.py:840} INFO - DAG(s) 'example_trigger_target_dag' retrieved from /home/airflow/.local/lib/python3.12/site-packages/airflow/example_dags/example_trigger_target_dag.py
[2025-10-03T00:12:23.509+0000] {logging_mixin.py:188} INFO - [2025-10-03T00:12:23.508+0000] {dag.py:3096} INFO - Sync 1 DAGs
[2025-10-03T00:12:23.544+0000] {logging_mixin.py:188} INFO - [2025-10-03T00:12:23.543+0000] {dag.py:3954} INFO - Setting next_dagrun for example_trigger_target_dag to None, run_after=None
[2025-10-03T00:12:23.621+0000] {processor.py:183} INFO - Processing /home/airflow/.local/lib/python3.12/site-packages/airflow/example_dags/example_trigger_target_dag.py took 0.211 seconds
[2025-10-03T00:12:54.314+0000] {processor.py:161} INFO - Started process (PID=15749) to work on /home/airflow/.local/lib/python3.12/site-packages/airflow/example_dags/example_trigger_target_dag.py
[2025-10-03T00:12:54.317+0000] {processor.py:830} INFO - Processing file /home/airflow/.local/lib/python3.12/site-packages/airflow/example_dags/example_trigger_target_dag.py for tasks to queue
[2025-10-03T00:12:54.319+0000] {logging_mixin.py:188} INFO - [2025-10-03T00:12:54.318+0000] {dagbag.py:545} INFO - Filling up the DagBag from /home/airflow/.local/lib/python3.12/site-packages/airflow/example_dags/example_trigger_target_dag.py
[2025-10-03T00:12:54.339+0000] {processor.py:840} INFO - DAG(s) 'example_trigger_target_dag' retrieved from /home/airflow/.local/lib/python3.12/site-packages/airflow/example_dags/example_trigger_target_dag.py
[2025-10-03T00:12:54.393+0000] {logging_mixin.py:188} INFO - [2025-10-03T00:12:54.392+0000] {dag.py:3096} INFO - Sync 1 DAGs
[2025-10-03T00:12:54.430+0000] {logging_mixin.py:188} INFO - [2025-10-03T00:12:54.430+0000] {dag.py:3954} INFO - Setting next_dagrun for example_trigger_target_dag to None, run_after=None
[2025-10-03T00:12:54.489+0000] {processor.py:183} INFO - Processing /home/airflow/.local/lib/python3.12/site-packages/airflow/example_dags/example_trigger_target_dag.py took 0.195 seconds
[2025-10-03T00:13:24.592+0000] {processor.py:161} INFO - Started process (PID=15801) to work on /home/airflow/.local/lib/python3.12/site-packages/airflow/example_dags/example_trigger_target_dag.py
[2025-10-03T00:13:24.596+0000] {processor.py:830} INFO - Processing file /home/airflow/.local/lib/python3.12/site-packages/airflow/example_dags/example_trigger_target_dag.py for tasks to queue
[2025-10-03T00:13:24.599+0000] {logging_mixin.py:188} INFO - [2025-10-03T00:13:24.598+0000] {dagbag.py:545} INFO - Filling up the DagBag from /home/airflow/.local/lib/python3.12/site-packages/airflow/example_dags/example_trigger_target_dag.py
[2025-10-03T00:13:24.621+0000] {processor.py:840} INFO - DAG(s) 'example_trigger_target_dag' retrieved from /home/airflow/.local/lib/python3.12/site-packages/airflow/example_dags/example_trigger_target_dag.py
[2025-10-03T00:13:24.670+0000] {logging_mixin.py:188} INFO - [2025-10-03T00:13:24.669+0000] {dag.py:3096} INFO - Sync 1 DAGs
[2025-10-03T00:13:24.699+0000] {logging_mixin.py:188} INFO - [2025-10-03T00:13:24.699+0000] {dag.py:3954} INFO - Setting next_dagrun for example_trigger_target_dag to None, run_after=None
[2025-10-03T00:13:24.741+0000] {processor.py:183} INFO - Processing /home/airflow/.local/lib/python3.12/site-packages/airflow/example_dags/example_trigger_target_dag.py took 0.170 seconds
[2025-10-03T00:13:55.176+0000] {processor.py:161} INFO - Started process (PID=15854) to work on /home/airflow/.local/lib/python3.12/site-packages/airflow/example_dags/example_trigger_target_dag.py
[2025-10-03T00:13:55.179+0000] {processor.py:830} INFO - Processing file /home/airflow/.local/lib/python3.12/site-packages/airflow/example_dags/example_trigger_target_dag.py for tasks to queue
[2025-10-03T00:13:55.182+0000] {logging_mixin.py:188} INFO - [2025-10-03T00:13:55.181+0000] {dagbag.py:545} INFO - Filling up the DagBag from /home/airflow/.local/lib/python3.12/site-packages/airflow/example_dags/example_trigger_target_dag.py
[2025-10-03T00:13:55.201+0000] {processor.py:840} INFO - DAG(s) 'example_trigger_target_dag' retrieved from /home/airflow/.local/lib/python3.12/site-packages/airflow/example_dags/example_trigger_target_dag.py
[2025-10-03T00:13:55.262+0000] {logging_mixin.py:188} INFO - [2025-10-03T00:13:55.261+0000] {dag.py:3096} INFO - Sync 1 DAGs
[2025-10-03T00:13:55.298+0000] {logging_mixin.py:188} INFO - [2025-10-03T00:13:55.297+0000] {dag.py:3954} INFO - Setting next_dagrun for example_trigger_target_dag to None, run_after=None
[2025-10-03T00:13:55.359+0000] {processor.py:183} INFO - Processing /home/airflow/.local/lib/python3.12/site-packages/airflow/example_dags/example_trigger_target_dag.py took 0.205 seconds
[2025-10-03T00:14:27.064+0000] {processor.py:161} INFO - Started process (PID=15908) to work on /home/airflow/.local/lib/python3.12/site-packages/airflow/example_dags/example_trigger_target_dag.py
[2025-10-03T00:14:27.066+0000] {processor.py:830} INFO - Processing file /home/airflow/.local/lib/python3.12/site-packages/airflow/example_dags/example_trigger_target_dag.py for tasks to queue
[2025-10-03T00:14:27.068+0000] {logging_mixin.py:188} INFO - [2025-10-03T00:14:27.067+0000] {dagbag.py:545} INFO - Filling up the DagBag from /home/airflow/.local/lib/python3.12/site-packages/airflow/example_dags/example_trigger_target_dag.py
[2025-10-03T00:14:27.086+0000] {processor.py:840} INFO - DAG(s) 'example_trigger_target_dag' retrieved from /home/airflow/.local/lib/python3.12/site-packages/airflow/example_dags/example_trigger_target_dag.py
[2025-10-03T00:14:27.137+0000] {logging_mixin.py:188} INFO - [2025-10-03T00:14:27.136+0000] {dag.py:3096} INFO - Sync 1 DAGs
[2025-10-03T00:14:27.166+0000] {logging_mixin.py:188} INFO - [2025-10-03T00:14:27.166+0000] {dag.py:3954} INFO - Setting next_dagrun for example_trigger_target_dag to None, run_after=None
[2025-10-03T00:14:27.208+0000] {processor.py:183} INFO - Processing /home/airflow/.local/lib/python3.12/site-packages/airflow/example_dags/example_trigger_target_dag.py took 0.158 seconds
[2025-10-03T00:14:58.337+0000] {processor.py:161} INFO - Started process (PID=15961) to work on /home/airflow/.local/lib/python3.12/site-packages/airflow/example_dags/example_trigger_target_dag.py
[2025-10-03T00:14:58.339+0000] {processor.py:830} INFO - Processing file /home/airflow/.local/lib/python3.12/site-packages/airflow/example_dags/example_trigger_target_dag.py for tasks to queue
[2025-10-03T00:14:58.341+0000] {logging_mixin.py:188} INFO - [2025-10-03T00:14:58.341+0000] {dagbag.py:545} INFO - Filling up the DagBag from /home/airflow/.local/lib/python3.12/site-packages/airflow/example_dags/example_trigger_target_dag.py
[2025-10-03T00:14:58.359+0000] {processor.py:840} INFO - DAG(s) 'example_trigger_target_dag' retrieved from /home/airflow/.local/lib/python3.12/site-packages/airflow/example_dags/example_trigger_target_dag.py
[2025-10-03T00:14:58.409+0000] {logging_mixin.py:188} INFO - [2025-10-03T00:14:58.408+0000] {dag.py:3096} INFO - Sync 1 DAGs
[2025-10-03T00:14:58.438+0000] {logging_mixin.py:188} INFO - [2025-10-03T00:14:58.438+0000] {dag.py:3954} INFO - Setting next_dagrun for example_trigger_target_dag to None, run_after=None
[2025-10-03T00:14:58.479+0000] {processor.py:183} INFO - Processing /home/airflow/.local/lib/python3.12/site-packages/airflow/example_dags/example_trigger_target_dag.py took 0.157 seconds
[2025-10-03T00:15:28.887+0000] {processor.py:161} INFO - Started process (PID=16014) to work on /home/airflow/.local/lib/python3.12/site-packages/airflow/example_dags/example_trigger_target_dag.py
[2025-10-03T00:15:28.889+0000] {processor.py:830} INFO - Processing file /home/airflow/.local/lib/python3.12/site-packages/airflow/example_dags/example_trigger_target_dag.py for tasks to queue
[2025-10-03T00:15:28.892+0000] {logging_mixin.py:188} INFO - [2025-10-03T00:15:28.891+0000] {dagbag.py:545} INFO - Filling up the DagBag from /home/airflow/.local/lib/python3.12/site-packages/airflow/example_dags/example_trigger_target_dag.py
[2025-10-03T00:15:28.906+0000] {processor.py:840} INFO - DAG(s) 'example_trigger_target_dag' retrieved from /home/airflow/.local/lib/python3.12/site-packages/airflow/example_dags/example_trigger_target_dag.py
[2025-10-03T00:15:28.956+0000] {logging_mixin.py:188} INFO - [2025-10-03T00:15:28.956+0000] {dag.py:3096} INFO - Sync 1 DAGs
[2025-10-03T00:15:28.984+0000] {logging_mixin.py:188} INFO - [2025-10-03T00:15:28.983+0000] {dag.py:3954} INFO - Setting next_dagrun for example_trigger_target_dag to None, run_after=None
[2025-10-03T00:15:29.024+0000] {processor.py:183} INFO - Processing /home/airflow/.local/lib/python3.12/site-packages/airflow/example_dags/example_trigger_target_dag.py took 0.151 seconds
[2025-10-03T00:15:59.346+0000] {processor.py:161} INFO - Started process (PID=16067) to work on /home/airflow/.local/lib/python3.12/site-packages/airflow/example_dags/example_trigger_target_dag.py
[2025-10-03T00:15:59.350+0000] {processor.py:830} INFO - Processing file /home/airflow/.local/lib/python3.12/site-packages/airflow/example_dags/example_trigger_target_dag.py for tasks to queue
[2025-10-03T00:15:59.353+0000] {logging_mixin.py:188} INFO - [2025-10-03T00:15:59.352+0000] {dagbag.py:545} INFO - Filling up the DagBag from /home/airflow/.local/lib/python3.12/site-packages/airflow/example_dags/example_trigger_target_dag.py
[2025-10-03T00:15:59.371+0000] {processor.py:840} INFO - DAG(s) 'example_trigger_target_dag' retrieved from /home/airflow/.local/lib/python3.12/site-packages/airflow/example_dags/example_trigger_target_dag.py
[2025-10-03T00:15:59.419+0000] {logging_mixin.py:188} INFO - [2025-10-03T00:15:59.418+0000] {dag.py:3096} INFO - Sync 1 DAGs
[2025-10-03T00:15:59.451+0000] {logging_mixin.py:188} INFO - [2025-10-03T00:15:59.450+0000] {dag.py:3954} INFO - Setting next_dagrun for example_trigger_target_dag to None, run_after=None
[2025-10-03T00:15:59.494+0000] {processor.py:183} INFO - Processing /home/airflow/.local/lib/python3.12/site-packages/airflow/example_dags/example_trigger_target_dag.py took 0.163 seconds
[2025-10-03T00:16:30.070+0000] {processor.py:161} INFO - Started process (PID=16120) to work on /home/airflow/.local/lib/python3.12/site-packages/airflow/example_dags/example_trigger_target_dag.py
[2025-10-03T00:16:30.073+0000] {processor.py:830} INFO - Processing file /home/airflow/.local/lib/python3.12/site-packages/airflow/example_dags/example_trigger_target_dag.py for tasks to queue
[2025-10-03T00:16:30.076+0000] {logging_mixin.py:188} INFO - [2025-10-03T00:16:30.075+0000] {dagbag.py:545} INFO - Filling up the DagBag from /home/airflow/.local/lib/python3.12/site-packages/airflow/example_dags/example_trigger_target_dag.py
[2025-10-03T00:16:30.091+0000] {processor.py:840} INFO - DAG(s) 'example_trigger_target_dag' retrieved from /home/airflow/.local/lib/python3.12/site-packages/airflow/example_dags/example_trigger_target_dag.py
[2025-10-03T00:16:30.137+0000] {logging_mixin.py:188} INFO - [2025-10-03T00:16:30.137+0000] {dag.py:3096} INFO - Sync 1 DAGs
[2025-10-03T00:16:30.164+0000] {logging_mixin.py:188} INFO - [2025-10-03T00:16:30.164+0000] {dag.py:3954} INFO - Setting next_dagrun for example_trigger_target_dag to None, run_after=None
[2025-10-03T00:16:30.211+0000] {processor.py:183} INFO - Processing /home/airflow/.local/lib/python3.12/site-packages/airflow/example_dags/example_trigger_target_dag.py took 0.157 seconds
[2025-10-03T00:17:00.879+0000] {processor.py:161} INFO - Started process (PID=16173) to work on /home/airflow/.local/lib/python3.12/site-packages/airflow/example_dags/example_trigger_target_dag.py
[2025-10-03T00:17:00.883+0000] {processor.py:830} INFO - Processing file /home/airflow/.local/lib/python3.12/site-packages/airflow/example_dags/example_trigger_target_dag.py for tasks to queue
[2025-10-03T00:17:00.885+0000] {logging_mixin.py:188} INFO - [2025-10-03T00:17:00.884+0000] {dagbag.py:545} INFO - Filling up the DagBag from /home/airflow/.local/lib/python3.12/site-packages/airflow/example_dags/example_trigger_target_dag.py
[2025-10-03T00:17:00.901+0000] {processor.py:840} INFO - DAG(s) 'example_trigger_target_dag' retrieved from /home/airflow/.local/lib/python3.12/site-packages/airflow/example_dags/example_trigger_target_dag.py
[2025-10-03T00:17:00.948+0000] {logging_mixin.py:188} INFO - [2025-10-03T00:17:00.947+0000] {dag.py:3096} INFO - Sync 1 DAGs
[2025-10-03T00:17:00.976+0000] {logging_mixin.py:188} INFO - [2025-10-03T00:17:00.976+0000] {dag.py:3954} INFO - Setting next_dagrun for example_trigger_target_dag to None, run_after=None
[2025-10-03T00:17:01.019+0000] {processor.py:183} INFO - Processing /home/airflow/.local/lib/python3.12/site-packages/airflow/example_dags/example_trigger_target_dag.py took 0.158 seconds
[2025-10-03T00:17:31.296+0000] {processor.py:161} INFO - Started process (PID=16226) to work on /home/airflow/.local/lib/python3.12/site-packages/airflow/example_dags/example_trigger_target_dag.py
[2025-10-03T00:17:31.298+0000] {processor.py:830} INFO - Processing file /home/airflow/.local/lib/python3.12/site-packages/airflow/example_dags/example_trigger_target_dag.py for tasks to queue
[2025-10-03T00:17:31.301+0000] {logging_mixin.py:188} INFO - [2025-10-03T00:17:31.300+0000] {dagbag.py:545} INFO - Filling up the DagBag from /home/airflow/.local/lib/python3.12/site-packages/airflow/example_dags/example_trigger_target_dag.py
[2025-10-03T00:17:31.315+0000] {processor.py:840} INFO - DAG(s) 'example_trigger_target_dag' retrieved from /home/airflow/.local/lib/python3.12/site-packages/airflow/example_dags/example_trigger_target_dag.py
[2025-10-03T00:17:31.362+0000] {logging_mixin.py:188} INFO - [2025-10-03T00:17:31.361+0000] {dag.py:3096} INFO - Sync 1 DAGs
[2025-10-03T00:17:31.389+0000] {logging_mixin.py:188} INFO - [2025-10-03T00:17:31.389+0000] {dag.py:3954} INFO - Setting next_dagrun for example_trigger_target_dag to None, run_after=None
[2025-10-03T00:17:31.429+0000] {processor.py:183} INFO - Processing /home/airflow/.local/lib/python3.12/site-packages/airflow/example_dags/example_trigger_target_dag.py took 0.147 seconds
[2025-10-03T00:18:01.697+0000] {processor.py:161} INFO - Started process (PID=16279) to work on /home/airflow/.local/lib/python3.12/site-packages/airflow/example_dags/example_trigger_target_dag.py
[2025-10-03T00:18:01.700+0000] {processor.py:830} INFO - Processing file /home/airflow/.local/lib/python3.12/site-packages/airflow/example_dags/example_trigger_target_dag.py for tasks to queue
[2025-10-03T00:18:01.702+0000] {logging_mixin.py:188} INFO - [2025-10-03T00:18:01.701+0000] {dagbag.py:545} INFO - Filling up the DagBag from /home/airflow/.local/lib/python3.12/site-packages/airflow/example_dags/example_trigger_target_dag.py
[2025-10-03T00:18:01.719+0000] {processor.py:840} INFO - DAG(s) 'example_trigger_target_dag' retrieved from /home/airflow/.local/lib/python3.12/site-packages/airflow/example_dags/example_trigger_target_dag.py
[2025-10-03T00:18:01.770+0000] {logging_mixin.py:188} INFO - [2025-10-03T00:18:01.769+0000] {dag.py:3096} INFO - Sync 1 DAGs
[2025-10-03T00:18:01.800+0000] {logging_mixin.py:188} INFO - [2025-10-03T00:18:01.799+0000] {dag.py:3954} INFO - Setting next_dagrun for example_trigger_target_dag to None, run_after=None
[2025-10-03T00:18:01.844+0000] {processor.py:183} INFO - Processing /home/airflow/.local/lib/python3.12/site-packages/airflow/example_dags/example_trigger_target_dag.py took 0.163 seconds
