[2025-10-03T00:00:07.113+0000] {processor.py:161} INFO - Started process (PID=14427) to work on /home/airflow/.local/lib/python3.12/site-packages/airflow/example_dags/example_python_decorator.py
[2025-10-03T00:00:07.115+0000] {processor.py:830} INFO - Processing file /home/airflow/.local/lib/python3.12/site-packages/airflow/example_dags/example_python_decorator.py for tasks to queue
[2025-10-03T00:00:07.118+0000] {logging_mixin.py:188} INFO - [2025-10-03T00:00:07.117+0000] {dagbag.py:545} INFO - Filling up the DagBag from /home/airflow/.local/lib/python3.12/site-packages/airflow/example_dags/example_python_decorator.py
[2025-10-03T00:00:07.157+0000] {processor.py:840} INFO - DAG(s) 'example_python_decorator' retrieved from /home/airflow/.local/lib/python3.12/site-packages/airflow/example_dags/example_python_decorator.py
[2025-10-03T00:00:07.221+0000] {logging_mixin.py:188} INFO - [2025-10-03T00:00:07.220+0000] {dag.py:3096} INFO - Sync 1 DAGs
[2025-10-03T00:00:07.251+0000] {logging_mixin.py:188} INFO - [2025-10-03T00:00:07.251+0000] {dag.py:3954} INFO - Setting next_dagrun for example_python_decorator to None, run_after=None
[2025-10-03T00:00:07.311+0000] {processor.py:183} INFO - Processing /home/airflow/.local/lib/python3.12/site-packages/airflow/example_dags/example_python_decorator.py took 0.213 seconds
[2025-10-03T00:00:37.778+0000] {processor.py:161} INFO - Started process (PID=14480) to work on /home/airflow/.local/lib/python3.12/site-packages/airflow/example_dags/example_python_decorator.py
[2025-10-03T00:00:37.781+0000] {processor.py:830} INFO - Processing file /home/airflow/.local/lib/python3.12/site-packages/airflow/example_dags/example_python_decorator.py for tasks to queue
[2025-10-03T00:00:37.783+0000] {logging_mixin.py:188} INFO - [2025-10-03T00:00:37.782+0000] {dagbag.py:545} INFO - Filling up the DagBag from /home/airflow/.local/lib/python3.12/site-packages/airflow/example_dags/example_python_decorator.py
[2025-10-03T00:00:37.812+0000] {processor.py:840} INFO - DAG(s) 'example_python_decorator' retrieved from /home/airflow/.local/lib/python3.12/site-packages/airflow/example_dags/example_python_decorator.py
[2025-10-03T00:00:37.861+0000] {logging_mixin.py:188} INFO - [2025-10-03T00:00:37.860+0000] {dag.py:3096} INFO - Sync 1 DAGs
[2025-10-03T00:00:37.891+0000] {logging_mixin.py:188} INFO - [2025-10-03T00:00:37.890+0000] {dag.py:3954} INFO - Setting next_dagrun for example_python_decorator to None, run_after=None
[2025-10-03T00:00:37.935+0000] {processor.py:183} INFO - Processing /home/airflow/.local/lib/python3.12/site-packages/airflow/example_dags/example_python_decorator.py took 0.169 seconds
[2025-10-03T00:01:08.043+0000] {processor.py:161} INFO - Started process (PID=14532) to work on /home/airflow/.local/lib/python3.12/site-packages/airflow/example_dags/example_python_decorator.py
[2025-10-03T00:01:08.046+0000] {processor.py:830} INFO - Processing file /home/airflow/.local/lib/python3.12/site-packages/airflow/example_dags/example_python_decorator.py for tasks to queue
[2025-10-03T00:01:08.048+0000] {logging_mixin.py:188} INFO - [2025-10-03T00:01:08.047+0000] {dagbag.py:545} INFO - Filling up the DagBag from /home/airflow/.local/lib/python3.12/site-packages/airflow/example_dags/example_python_decorator.py
[2025-10-03T00:01:08.089+0000] {processor.py:840} INFO - DAG(s) 'example_python_decorator' retrieved from /home/airflow/.local/lib/python3.12/site-packages/airflow/example_dags/example_python_decorator.py
[2025-10-03T00:01:08.142+0000] {logging_mixin.py:188} INFO - [2025-10-03T00:01:08.142+0000] {dag.py:3096} INFO - Sync 1 DAGs
[2025-10-03T00:01:08.175+0000] {logging_mixin.py:188} INFO - [2025-10-03T00:01:08.174+0000] {dag.py:3954} INFO - Setting next_dagrun for example_python_decorator to None, run_after=None
[2025-10-03T00:01:08.228+0000] {processor.py:183} INFO - Processing /home/airflow/.local/lib/python3.12/site-packages/airflow/example_dags/example_python_decorator.py took 0.201 seconds
[2025-10-03T00:01:38.559+0000] {processor.py:161} INFO - Started process (PID=14585) to work on /home/airflow/.local/lib/python3.12/site-packages/airflow/example_dags/example_python_decorator.py
[2025-10-03T00:01:38.562+0000] {processor.py:830} INFO - Processing file /home/airflow/.local/lib/python3.12/site-packages/airflow/example_dags/example_python_decorator.py for tasks to queue
[2025-10-03T00:01:38.564+0000] {logging_mixin.py:188} INFO - [2025-10-03T00:01:38.564+0000] {dagbag.py:545} INFO - Filling up the DagBag from /home/airflow/.local/lib/python3.12/site-packages/airflow/example_dags/example_python_decorator.py
[2025-10-03T00:01:38.597+0000] {processor.py:840} INFO - DAG(s) 'example_python_decorator' retrieved from /home/airflow/.local/lib/python3.12/site-packages/airflow/example_dags/example_python_decorator.py
[2025-10-03T00:01:38.652+0000] {logging_mixin.py:188} INFO - [2025-10-03T00:01:38.652+0000] {dag.py:3096} INFO - Sync 1 DAGs
[2025-10-03T00:01:38.682+0000] {logging_mixin.py:188} INFO - [2025-10-03T00:01:38.681+0000] {dag.py:3954} INFO - Setting next_dagrun for example_python_decorator to None, run_after=None
[2025-10-03T00:01:38.724+0000] {processor.py:183} INFO - Processing /home/airflow/.local/lib/python3.12/site-packages/airflow/example_dags/example_python_decorator.py took 0.180 seconds
[2025-10-03T00:02:08.866+0000] {processor.py:161} INFO - Started process (PID=14638) to work on /home/airflow/.local/lib/python3.12/site-packages/airflow/example_dags/example_python_decorator.py
[2025-10-03T00:02:08.869+0000] {processor.py:830} INFO - Processing file /home/airflow/.local/lib/python3.12/site-packages/airflow/example_dags/example_python_decorator.py for tasks to queue
[2025-10-03T00:02:08.871+0000] {logging_mixin.py:188} INFO - [2025-10-03T00:02:08.870+0000] {dagbag.py:545} INFO - Filling up the DagBag from /home/airflow/.local/lib/python3.12/site-packages/airflow/example_dags/example_python_decorator.py
[2025-10-03T00:02:08.905+0000] {processor.py:840} INFO - DAG(s) 'example_python_decorator' retrieved from /home/airflow/.local/lib/python3.12/site-packages/airflow/example_dags/example_python_decorator.py
[2025-10-03T00:02:08.978+0000] {logging_mixin.py:188} INFO - [2025-10-03T00:02:08.977+0000] {dag.py:3096} INFO - Sync 1 DAGs
[2025-10-03T00:02:09.015+0000] {logging_mixin.py:188} INFO - [2025-10-03T00:02:09.015+0000] {dag.py:3954} INFO - Setting next_dagrun for example_python_decorator to None, run_after=None
[2025-10-03T00:02:09.085+0000] {processor.py:183} INFO - Processing /home/airflow/.local/lib/python3.12/site-packages/airflow/example_dags/example_python_decorator.py took 0.236 seconds
[2025-10-03T00:02:39.305+0000] {processor.py:161} INFO - Started process (PID=14691) to work on /home/airflow/.local/lib/python3.12/site-packages/airflow/example_dags/example_python_decorator.py
[2025-10-03T00:02:39.308+0000] {processor.py:830} INFO - Processing file /home/airflow/.local/lib/python3.12/site-packages/airflow/example_dags/example_python_decorator.py for tasks to queue
[2025-10-03T00:02:39.311+0000] {logging_mixin.py:188} INFO - [2025-10-03T00:02:39.310+0000] {dagbag.py:545} INFO - Filling up the DagBag from /home/airflow/.local/lib/python3.12/site-packages/airflow/example_dags/example_python_decorator.py
[2025-10-03T00:02:39.347+0000] {processor.py:840} INFO - DAG(s) 'example_python_decorator' retrieved from /home/airflow/.local/lib/python3.12/site-packages/airflow/example_dags/example_python_decorator.py
[2025-10-03T00:02:39.416+0000] {logging_mixin.py:188} INFO - [2025-10-03T00:02:39.416+0000] {dag.py:3096} INFO - Sync 1 DAGs
[2025-10-03T00:02:39.445+0000] {logging_mixin.py:188} INFO - [2025-10-03T00:02:39.445+0000] {dag.py:3954} INFO - Setting next_dagrun for example_python_decorator to None, run_after=None
[2025-10-03T00:02:39.495+0000] {processor.py:183} INFO - Processing /home/airflow/.local/lib/python3.12/site-packages/airflow/example_dags/example_python_decorator.py took 0.204 seconds
[2025-10-03T00:03:09.873+0000] {processor.py:161} INFO - Started process (PID=14744) to work on /home/airflow/.local/lib/python3.12/site-packages/airflow/example_dags/example_python_decorator.py
[2025-10-03T00:03:09.875+0000] {processor.py:830} INFO - Processing file /home/airflow/.local/lib/python3.12/site-packages/airflow/example_dags/example_python_decorator.py for tasks to queue
[2025-10-03T00:03:09.878+0000] {logging_mixin.py:188} INFO - [2025-10-03T00:03:09.877+0000] {dagbag.py:545} INFO - Filling up the DagBag from /home/airflow/.local/lib/python3.12/site-packages/airflow/example_dags/example_python_decorator.py
[2025-10-03T00:03:09.909+0000] {processor.py:840} INFO - DAG(s) 'example_python_decorator' retrieved from /home/airflow/.local/lib/python3.12/site-packages/airflow/example_dags/example_python_decorator.py
[2025-10-03T00:03:09.968+0000] {logging_mixin.py:188} INFO - [2025-10-03T00:03:09.967+0000] {dag.py:3096} INFO - Sync 1 DAGs
[2025-10-03T00:03:09.997+0000] {logging_mixin.py:188} INFO - [2025-10-03T00:03:09.997+0000] {dag.py:3954} INFO - Setting next_dagrun for example_python_decorator to None, run_after=None
[2025-10-03T00:03:10.041+0000] {processor.py:183} INFO - Processing /home/airflow/.local/lib/python3.12/site-packages/airflow/example_dags/example_python_decorator.py took 0.183 seconds
[2025-10-03T00:03:40.214+0000] {processor.py:161} INFO - Started process (PID=14797) to work on /home/airflow/.local/lib/python3.12/site-packages/airflow/example_dags/example_python_decorator.py
[2025-10-03T00:03:40.217+0000] {processor.py:830} INFO - Processing file /home/airflow/.local/lib/python3.12/site-packages/airflow/example_dags/example_python_decorator.py for tasks to queue
[2025-10-03T00:03:40.219+0000] {logging_mixin.py:188} INFO - [2025-10-03T00:03:40.218+0000] {dagbag.py:545} INFO - Filling up the DagBag from /home/airflow/.local/lib/python3.12/site-packages/airflow/example_dags/example_python_decorator.py
[2025-10-03T00:03:40.249+0000] {processor.py:840} INFO - DAG(s) 'example_python_decorator' retrieved from /home/airflow/.local/lib/python3.12/site-packages/airflow/example_dags/example_python_decorator.py
[2025-10-03T00:03:40.306+0000] {logging_mixin.py:188} INFO - [2025-10-03T00:03:40.305+0000] {dag.py:3096} INFO - Sync 1 DAGs
[2025-10-03T00:03:40.342+0000] {logging_mixin.py:188} INFO - [2025-10-03T00:03:40.342+0000] {dag.py:3954} INFO - Setting next_dagrun for example_python_decorator to None, run_after=None
[2025-10-03T00:03:40.390+0000] {processor.py:183} INFO - Processing /home/airflow/.local/lib/python3.12/site-packages/airflow/example_dags/example_python_decorator.py took 0.191 seconds
[2025-10-03T00:04:11.277+0000] {processor.py:161} INFO - Started process (PID=14850) to work on /home/airflow/.local/lib/python3.12/site-packages/airflow/example_dags/example_python_decorator.py
[2025-10-03T00:04:11.279+0000] {processor.py:830} INFO - Processing file /home/airflow/.local/lib/python3.12/site-packages/airflow/example_dags/example_python_decorator.py for tasks to queue
[2025-10-03T00:04:11.281+0000] {logging_mixin.py:188} INFO - [2025-10-03T00:04:11.280+0000] {dagbag.py:545} INFO - Filling up the DagBag from /home/airflow/.local/lib/python3.12/site-packages/airflow/example_dags/example_python_decorator.py
[2025-10-03T00:04:11.312+0000] {processor.py:840} INFO - DAG(s) 'example_python_decorator' retrieved from /home/airflow/.local/lib/python3.12/site-packages/airflow/example_dags/example_python_decorator.py
[2025-10-03T00:04:11.362+0000] {logging_mixin.py:188} INFO - [2025-10-03T00:04:11.362+0000] {dag.py:3096} INFO - Sync 1 DAGs
[2025-10-03T00:04:11.406+0000] {logging_mixin.py:188} INFO - [2025-10-03T00:04:11.405+0000] {dag.py:3954} INFO - Setting next_dagrun for example_python_decorator to None, run_after=None
[2025-10-03T00:04:11.559+0000] {processor.py:183} INFO - Processing /home/airflow/.local/lib/python3.12/site-packages/airflow/example_dags/example_python_decorator.py took 0.296 seconds
[2025-10-03T00:04:41.955+0000] {processor.py:161} INFO - Started process (PID=14903) to work on /home/airflow/.local/lib/python3.12/site-packages/airflow/example_dags/example_python_decorator.py
[2025-10-03T00:04:41.958+0000] {processor.py:830} INFO - Processing file /home/airflow/.local/lib/python3.12/site-packages/airflow/example_dags/example_python_decorator.py for tasks to queue
[2025-10-03T00:04:41.961+0000] {logging_mixin.py:188} INFO - [2025-10-03T00:04:41.960+0000] {dagbag.py:545} INFO - Filling up the DagBag from /home/airflow/.local/lib/python3.12/site-packages/airflow/example_dags/example_python_decorator.py
[2025-10-03T00:04:41.990+0000] {processor.py:840} INFO - DAG(s) 'example_python_decorator' retrieved from /home/airflow/.local/lib/python3.12/site-packages/airflow/example_dags/example_python_decorator.py
[2025-10-03T00:04:42.043+0000] {logging_mixin.py:188} INFO - [2025-10-03T00:04:42.042+0000] {dag.py:3096} INFO - Sync 1 DAGs
[2025-10-03T00:04:42.071+0000] {logging_mixin.py:188} INFO - [2025-10-03T00:04:42.070+0000] {dag.py:3954} INFO - Setting next_dagrun for example_python_decorator to None, run_after=None
[2025-10-03T00:04:42.114+0000] {processor.py:183} INFO - Processing /home/airflow/.local/lib/python3.12/site-packages/airflow/example_dags/example_python_decorator.py took 0.178 seconds
[2025-10-03T00:05:12.431+0000] {processor.py:161} INFO - Started process (PID=14956) to work on /home/airflow/.local/lib/python3.12/site-packages/airflow/example_dags/example_python_decorator.py
[2025-10-03T00:05:12.433+0000] {processor.py:830} INFO - Processing file /home/airflow/.local/lib/python3.12/site-packages/airflow/example_dags/example_python_decorator.py for tasks to queue
[2025-10-03T00:05:12.436+0000] {logging_mixin.py:188} INFO - [2025-10-03T00:05:12.435+0000] {dagbag.py:545} INFO - Filling up the DagBag from /home/airflow/.local/lib/python3.12/site-packages/airflow/example_dags/example_python_decorator.py
[2025-10-03T00:05:12.472+0000] {processor.py:840} INFO - DAG(s) 'example_python_decorator' retrieved from /home/airflow/.local/lib/python3.12/site-packages/airflow/example_dags/example_python_decorator.py
[2025-10-03T00:05:12.529+0000] {logging_mixin.py:188} INFO - [2025-10-03T00:05:12.528+0000] {dag.py:3096} INFO - Sync 1 DAGs
[2025-10-03T00:05:12.555+0000] {logging_mixin.py:188} INFO - [2025-10-03T00:05:12.555+0000] {dag.py:3954} INFO - Setting next_dagrun for example_python_decorator to None, run_after=None
[2025-10-03T00:05:12.597+0000] {processor.py:183} INFO - Processing /home/airflow/.local/lib/python3.12/site-packages/airflow/example_dags/example_python_decorator.py took 0.180 seconds
[2025-10-03T00:05:43.280+0000] {processor.py:161} INFO - Started process (PID=15009) to work on /home/airflow/.local/lib/python3.12/site-packages/airflow/example_dags/example_python_decorator.py
[2025-10-03T00:05:43.282+0000] {processor.py:830} INFO - Processing file /home/airflow/.local/lib/python3.12/site-packages/airflow/example_dags/example_python_decorator.py for tasks to queue
[2025-10-03T00:05:43.284+0000] {logging_mixin.py:188} INFO - [2025-10-03T00:05:43.283+0000] {dagbag.py:545} INFO - Filling up the DagBag from /home/airflow/.local/lib/python3.12/site-packages/airflow/example_dags/example_python_decorator.py
[2025-10-03T00:05:43.314+0000] {processor.py:840} INFO - DAG(s) 'example_python_decorator' retrieved from /home/airflow/.local/lib/python3.12/site-packages/airflow/example_dags/example_python_decorator.py
[2025-10-03T00:05:43.367+0000] {logging_mixin.py:188} INFO - [2025-10-03T00:05:43.366+0000] {dag.py:3096} INFO - Sync 1 DAGs
[2025-10-03T00:05:43.395+0000] {logging_mixin.py:188} INFO - [2025-10-03T00:05:43.395+0000] {dag.py:3954} INFO - Setting next_dagrun for example_python_decorator to None, run_after=None
[2025-10-03T00:05:43.439+0000] {processor.py:183} INFO - Processing /home/airflow/.local/lib/python3.12/site-packages/airflow/example_dags/example_python_decorator.py took 0.174 seconds
[2025-10-03T00:06:15.052+0000] {processor.py:161} INFO - Started process (PID=15062) to work on /home/airflow/.local/lib/python3.12/site-packages/airflow/example_dags/example_python_decorator.py
[2025-10-03T00:06:15.056+0000] {processor.py:830} INFO - Processing file /home/airflow/.local/lib/python3.12/site-packages/airflow/example_dags/example_python_decorator.py for tasks to queue
[2025-10-03T00:06:15.060+0000] {logging_mixin.py:188} INFO - [2025-10-03T00:06:15.058+0000] {dagbag.py:545} INFO - Filling up the DagBag from /home/airflow/.local/lib/python3.12/site-packages/airflow/example_dags/example_python_decorator.py
[2025-10-03T00:06:15.111+0000] {processor.py:840} INFO - DAG(s) 'example_python_decorator' retrieved from /home/airflow/.local/lib/python3.12/site-packages/airflow/example_dags/example_python_decorator.py
[2025-10-03T00:06:15.174+0000] {logging_mixin.py:188} INFO - [2025-10-03T00:06:15.174+0000] {dag.py:3096} INFO - Sync 1 DAGs
[2025-10-03T00:06:15.208+0000] {logging_mixin.py:188} INFO - [2025-10-03T00:06:15.207+0000] {dag.py:3954} INFO - Setting next_dagrun for example_python_decorator to None, run_after=None
[2025-10-03T00:06:15.249+0000] {processor.py:183} INFO - Processing /home/airflow/.local/lib/python3.12/site-packages/airflow/example_dags/example_python_decorator.py took 0.238 seconds
[2025-10-03T00:06:45.428+0000] {processor.py:161} INFO - Started process (PID=15115) to work on /home/airflow/.local/lib/python3.12/site-packages/airflow/example_dags/example_python_decorator.py
[2025-10-03T00:06:45.430+0000] {processor.py:830} INFO - Processing file /home/airflow/.local/lib/python3.12/site-packages/airflow/example_dags/example_python_decorator.py for tasks to queue
[2025-10-03T00:06:45.433+0000] {logging_mixin.py:188} INFO - [2025-10-03T00:06:45.432+0000] {dagbag.py:545} INFO - Filling up the DagBag from /home/airflow/.local/lib/python3.12/site-packages/airflow/example_dags/example_python_decorator.py
[2025-10-03T00:06:45.467+0000] {processor.py:840} INFO - DAG(s) 'example_python_decorator' retrieved from /home/airflow/.local/lib/python3.12/site-packages/airflow/example_dags/example_python_decorator.py
[2025-10-03T00:06:45.519+0000] {logging_mixin.py:188} INFO - [2025-10-03T00:06:45.519+0000] {dag.py:3096} INFO - Sync 1 DAGs
[2025-10-03T00:06:45.550+0000] {logging_mixin.py:188} INFO - [2025-10-03T00:06:45.549+0000] {dag.py:3954} INFO - Setting next_dagrun for example_python_decorator to None, run_after=None
[2025-10-03T00:06:45.595+0000] {processor.py:183} INFO - Processing /home/airflow/.local/lib/python3.12/site-packages/airflow/example_dags/example_python_decorator.py took 0.185 seconds
[2025-10-03T00:07:16.661+0000] {processor.py:161} INFO - Started process (PID=15169) to work on /home/airflow/.local/lib/python3.12/site-packages/airflow/example_dags/example_python_decorator.py
[2025-10-03T00:07:16.669+0000] {processor.py:830} INFO - Processing file /home/airflow/.local/lib/python3.12/site-packages/airflow/example_dags/example_python_decorator.py for tasks to queue
[2025-10-03T00:07:16.676+0000] {logging_mixin.py:188} INFO - [2025-10-03T00:07:16.674+0000] {dagbag.py:545} INFO - Filling up the DagBag from /home/airflow/.local/lib/python3.12/site-packages/airflow/example_dags/example_python_decorator.py
[2025-10-03T00:07:16.721+0000] {processor.py:840} INFO - DAG(s) 'example_python_decorator' retrieved from /home/airflow/.local/lib/python3.12/site-packages/airflow/example_dags/example_python_decorator.py
[2025-10-03T00:07:16.790+0000] {logging_mixin.py:188} INFO - [2025-10-03T00:07:16.789+0000] {dag.py:3096} INFO - Sync 1 DAGs
[2025-10-03T00:07:16.833+0000] {logging_mixin.py:188} INFO - [2025-10-03T00:07:16.833+0000] {dag.py:3954} INFO - Setting next_dagrun for example_python_decorator to None, run_after=None
[2025-10-03T00:07:16.871+0000] {processor.py:183} INFO - Processing /home/airflow/.local/lib/python3.12/site-packages/airflow/example_dags/example_python_decorator.py took 0.243 seconds
[2025-10-03T00:07:47.789+0000] {processor.py:161} INFO - Started process (PID=15222) to work on /home/airflow/.local/lib/python3.12/site-packages/airflow/example_dags/example_python_decorator.py
[2025-10-03T00:07:47.794+0000] {processor.py:830} INFO - Processing file /home/airflow/.local/lib/python3.12/site-packages/airflow/example_dags/example_python_decorator.py for tasks to queue
[2025-10-03T00:07:47.797+0000] {logging_mixin.py:188} INFO - [2025-10-03T00:07:47.796+0000] {dagbag.py:545} INFO - Filling up the DagBag from /home/airflow/.local/lib/python3.12/site-packages/airflow/example_dags/example_python_decorator.py
[2025-10-03T00:07:47.851+0000] {processor.py:840} INFO - DAG(s) 'example_python_decorator' retrieved from /home/airflow/.local/lib/python3.12/site-packages/airflow/example_dags/example_python_decorator.py
[2025-10-03T00:07:47.950+0000] {logging_mixin.py:188} INFO - [2025-10-03T00:07:47.949+0000] {dag.py:3096} INFO - Sync 1 DAGs
[2025-10-03T00:07:47.998+0000] {logging_mixin.py:188} INFO - [2025-10-03T00:07:47.997+0000] {dag.py:3954} INFO - Setting next_dagrun for example_python_decorator to None, run_after=None
[2025-10-03T00:07:48.058+0000] {processor.py:183} INFO - Processing /home/airflow/.local/lib/python3.12/site-packages/airflow/example_dags/example_python_decorator.py took 0.287 seconds
[2025-10-03T00:08:18.186+0000] {processor.py:161} INFO - Started process (PID=15273) to work on /home/airflow/.local/lib/python3.12/site-packages/airflow/example_dags/example_python_decorator.py
[2025-10-03T00:08:18.191+0000] {processor.py:830} INFO - Processing file /home/airflow/.local/lib/python3.12/site-packages/airflow/example_dags/example_python_decorator.py for tasks to queue
[2025-10-03T00:08:18.193+0000] {logging_mixin.py:188} INFO - [2025-10-03T00:08:18.193+0000] {dagbag.py:545} INFO - Filling up the DagBag from /home/airflow/.local/lib/python3.12/site-packages/airflow/example_dags/example_python_decorator.py
[2025-10-03T00:08:18.225+0000] {processor.py:840} INFO - DAG(s) 'example_python_decorator' retrieved from /home/airflow/.local/lib/python3.12/site-packages/airflow/example_dags/example_python_decorator.py
[2025-10-03T00:08:18.277+0000] {logging_mixin.py:188} INFO - [2025-10-03T00:08:18.276+0000] {dag.py:3096} INFO - Sync 1 DAGs
[2025-10-03T00:08:18.303+0000] {logging_mixin.py:188} INFO - [2025-10-03T00:08:18.303+0000] {dag.py:3954} INFO - Setting next_dagrun for example_python_decorator to None, run_after=None
[2025-10-03T00:08:18.345+0000] {processor.py:183} INFO - Processing /home/airflow/.local/lib/python3.12/site-packages/airflow/example_dags/example_python_decorator.py took 0.173 seconds
[2025-10-03T00:08:49.141+0000] {processor.py:161} INFO - Started process (PID=15326) to work on /home/airflow/.local/lib/python3.12/site-packages/airflow/example_dags/example_python_decorator.py
[2025-10-03T00:08:49.144+0000] {processor.py:830} INFO - Processing file /home/airflow/.local/lib/python3.12/site-packages/airflow/example_dags/example_python_decorator.py for tasks to queue
[2025-10-03T00:08:49.147+0000] {logging_mixin.py:188} INFO - [2025-10-03T00:08:49.146+0000] {dagbag.py:545} INFO - Filling up the DagBag from /home/airflow/.local/lib/python3.12/site-packages/airflow/example_dags/example_python_decorator.py
[2025-10-03T00:08:49.182+0000] {processor.py:840} INFO - DAG(s) 'example_python_decorator' retrieved from /home/airflow/.local/lib/python3.12/site-packages/airflow/example_dags/example_python_decorator.py
[2025-10-03T00:08:49.236+0000] {logging_mixin.py:188} INFO - [2025-10-03T00:08:49.235+0000] {dag.py:3096} INFO - Sync 1 DAGs
[2025-10-03T00:08:49.263+0000] {logging_mixin.py:188} INFO - [2025-10-03T00:08:49.262+0000] {dag.py:3954} INFO - Setting next_dagrun for example_python_decorator to None, run_after=None
[2025-10-03T00:08:49.301+0000] {processor.py:183} INFO - Processing /home/airflow/.local/lib/python3.12/site-packages/airflow/example_dags/example_python_decorator.py took 0.175 seconds
[2025-10-03T00:09:19.952+0000] {processor.py:161} INFO - Started process (PID=15379) to work on /home/airflow/.local/lib/python3.12/site-packages/airflow/example_dags/example_python_decorator.py
[2025-10-03T00:09:19.955+0000] {processor.py:830} INFO - Processing file /home/airflow/.local/lib/python3.12/site-packages/airflow/example_dags/example_python_decorator.py for tasks to queue
[2025-10-03T00:09:19.957+0000] {logging_mixin.py:188} INFO - [2025-10-03T00:09:19.956+0000] {dagbag.py:545} INFO - Filling up the DagBag from /home/airflow/.local/lib/python3.12/site-packages/airflow/example_dags/example_python_decorator.py
[2025-10-03T00:09:19.987+0000] {processor.py:840} INFO - DAG(s) 'example_python_decorator' retrieved from /home/airflow/.local/lib/python3.12/site-packages/airflow/example_dags/example_python_decorator.py
[2025-10-03T00:09:20.040+0000] {logging_mixin.py:188} INFO - [2025-10-03T00:09:20.039+0000] {dag.py:3096} INFO - Sync 1 DAGs
[2025-10-03T00:09:20.069+0000] {logging_mixin.py:188} INFO - [2025-10-03T00:09:20.068+0000] {dag.py:3954} INFO - Setting next_dagrun for example_python_decorator to None, run_after=None
[2025-10-03T00:09:20.116+0000] {processor.py:183} INFO - Processing /home/airflow/.local/lib/python3.12/site-packages/airflow/example_dags/example_python_decorator.py took 0.180 seconds
[2025-10-03T00:09:50.609+0000] {processor.py:161} INFO - Started process (PID=15432) to work on /home/airflow/.local/lib/python3.12/site-packages/airflow/example_dags/example_python_decorator.py
[2025-10-03T00:09:50.611+0000] {processor.py:830} INFO - Processing file /home/airflow/.local/lib/python3.12/site-packages/airflow/example_dags/example_python_decorator.py for tasks to queue
[2025-10-03T00:09:50.613+0000] {logging_mixin.py:188} INFO - [2025-10-03T00:09:50.613+0000] {dagbag.py:545} INFO - Filling up the DagBag from /home/airflow/.local/lib/python3.12/site-packages/airflow/example_dags/example_python_decorator.py
[2025-10-03T00:09:50.642+0000] {processor.py:840} INFO - DAG(s) 'example_python_decorator' retrieved from /home/airflow/.local/lib/python3.12/site-packages/airflow/example_dags/example_python_decorator.py
[2025-10-03T00:09:50.696+0000] {logging_mixin.py:188} INFO - [2025-10-03T00:09:50.695+0000] {dag.py:3096} INFO - Sync 1 DAGs
[2025-10-03T00:09:50.724+0000] {logging_mixin.py:188} INFO - [2025-10-03T00:09:50.723+0000] {dag.py:3954} INFO - Setting next_dagrun for example_python_decorator to None, run_after=None
[2025-10-03T00:09:50.762+0000] {processor.py:183} INFO - Processing /home/airflow/.local/lib/python3.12/site-packages/airflow/example_dags/example_python_decorator.py took 0.167 seconds
[2025-10-03T00:10:20.887+0000] {processor.py:161} INFO - Started process (PID=15485) to work on /home/airflow/.local/lib/python3.12/site-packages/airflow/example_dags/example_python_decorator.py
[2025-10-03T00:10:20.890+0000] {processor.py:830} INFO - Processing file /home/airflow/.local/lib/python3.12/site-packages/airflow/example_dags/example_python_decorator.py for tasks to queue
[2025-10-03T00:10:20.892+0000] {logging_mixin.py:188} INFO - [2025-10-03T00:10:20.891+0000] {dagbag.py:545} INFO - Filling up the DagBag from /home/airflow/.local/lib/python3.12/site-packages/airflow/example_dags/example_python_decorator.py
[2025-10-03T00:10:20.927+0000] {processor.py:840} INFO - DAG(s) 'example_python_decorator' retrieved from /home/airflow/.local/lib/python3.12/site-packages/airflow/example_dags/example_python_decorator.py
[2025-10-03T00:10:20.991+0000] {logging_mixin.py:188} INFO - [2025-10-03T00:10:20.991+0000] {dag.py:3096} INFO - Sync 1 DAGs
[2025-10-03T00:10:21.028+0000] {logging_mixin.py:188} INFO - [2025-10-03T00:10:21.027+0000] {dag.py:3954} INFO - Setting next_dagrun for example_python_decorator to None, run_after=None
[2025-10-03T00:10:21.082+0000] {processor.py:183} INFO - Processing /home/airflow/.local/lib/python3.12/site-packages/airflow/example_dags/example_python_decorator.py took 0.210 seconds
[2025-10-03T00:10:51.197+0000] {processor.py:161} INFO - Started process (PID=15537) to work on /home/airflow/.local/lib/python3.12/site-packages/airflow/example_dags/example_python_decorator.py
[2025-10-03T00:10:51.199+0000] {processor.py:830} INFO - Processing file /home/airflow/.local/lib/python3.12/site-packages/airflow/example_dags/example_python_decorator.py for tasks to queue
[2025-10-03T00:10:51.203+0000] {logging_mixin.py:188} INFO - [2025-10-03T00:10:51.201+0000] {dagbag.py:545} INFO - Filling up the DagBag from /home/airflow/.local/lib/python3.12/site-packages/airflow/example_dags/example_python_decorator.py
[2025-10-03T00:10:51.248+0000] {processor.py:840} INFO - DAG(s) 'example_python_decorator' retrieved from /home/airflow/.local/lib/python3.12/site-packages/airflow/example_dags/example_python_decorator.py
[2025-10-03T00:10:51.308+0000] {logging_mixin.py:188} INFO - [2025-10-03T00:10:51.307+0000] {dag.py:3096} INFO - Sync 1 DAGs
[2025-10-03T00:10:51.339+0000] {logging_mixin.py:188} INFO - [2025-10-03T00:10:51.338+0000] {dag.py:3954} INFO - Setting next_dagrun for example_python_decorator to None, run_after=None
[2025-10-03T00:10:51.385+0000] {processor.py:183} INFO - Processing /home/airflow/.local/lib/python3.12/site-packages/airflow/example_dags/example_python_decorator.py took 0.209 seconds
[2025-10-03T00:11:22.139+0000] {processor.py:161} INFO - Started process (PID=15591) to work on /home/airflow/.local/lib/python3.12/site-packages/airflow/example_dags/example_python_decorator.py
[2025-10-03T00:11:22.151+0000] {processor.py:830} INFO - Processing file /home/airflow/.local/lib/python3.12/site-packages/airflow/example_dags/example_python_decorator.py for tasks to queue
[2025-10-03T00:11:22.156+0000] {logging_mixin.py:188} INFO - [2025-10-03T00:11:22.154+0000] {dagbag.py:545} INFO - Filling up the DagBag from /home/airflow/.local/lib/python3.12/site-packages/airflow/example_dags/example_python_decorator.py
[2025-10-03T00:11:22.278+0000] {processor.py:840} INFO - DAG(s) 'example_python_decorator' retrieved from /home/airflow/.local/lib/python3.12/site-packages/airflow/example_dags/example_python_decorator.py
[2025-10-03T00:11:22.411+0000] {logging_mixin.py:188} INFO - [2025-10-03T00:11:22.411+0000] {dag.py:3096} INFO - Sync 1 DAGs
[2025-10-03T00:11:22.470+0000] {logging_mixin.py:188} INFO - [2025-10-03T00:11:22.469+0000] {dag.py:3954} INFO - Setting next_dagrun for example_python_decorator to None, run_after=None
[2025-10-03T00:11:22.561+0000] {processor.py:183} INFO - Processing /home/airflow/.local/lib/python3.12/site-packages/airflow/example_dags/example_python_decorator.py took 0.467 seconds
[2025-10-03T00:11:53.273+0000] {processor.py:161} INFO - Started process (PID=15644) to work on /home/airflow/.local/lib/python3.12/site-packages/airflow/example_dags/example_python_decorator.py
[2025-10-03T00:11:53.275+0000] {processor.py:830} INFO - Processing file /home/airflow/.local/lib/python3.12/site-packages/airflow/example_dags/example_python_decorator.py for tasks to queue
[2025-10-03T00:11:53.277+0000] {logging_mixin.py:188} INFO - [2025-10-03T00:11:53.276+0000] {dagbag.py:545} INFO - Filling up the DagBag from /home/airflow/.local/lib/python3.12/site-packages/airflow/example_dags/example_python_decorator.py
[2025-10-03T00:11:53.315+0000] {processor.py:840} INFO - DAG(s) 'example_python_decorator' retrieved from /home/airflow/.local/lib/python3.12/site-packages/airflow/example_dags/example_python_decorator.py
[2025-10-03T00:11:53.375+0000] {logging_mixin.py:188} INFO - [2025-10-03T00:11:53.375+0000] {dag.py:3096} INFO - Sync 1 DAGs
[2025-10-03T00:11:53.408+0000] {logging_mixin.py:188} INFO - [2025-10-03T00:11:53.408+0000] {dag.py:3954} INFO - Setting next_dagrun for example_python_decorator to None, run_after=None
[2025-10-03T00:11:53.455+0000] {processor.py:183} INFO - Processing /home/airflow/.local/lib/python3.12/site-packages/airflow/example_dags/example_python_decorator.py took 0.198 seconds
[2025-10-03T00:12:23.831+0000] {processor.py:161} INFO - Started process (PID=15698) to work on /home/airflow/.local/lib/python3.12/site-packages/airflow/example_dags/example_python_decorator.py
[2025-10-03T00:12:23.835+0000] {processor.py:830} INFO - Processing file /home/airflow/.local/lib/python3.12/site-packages/airflow/example_dags/example_python_decorator.py for tasks to queue
[2025-10-03T00:12:23.838+0000] {logging_mixin.py:188} INFO - [2025-10-03T00:12:23.837+0000] {dagbag.py:545} INFO - Filling up the DagBag from /home/airflow/.local/lib/python3.12/site-packages/airflow/example_dags/example_python_decorator.py
[2025-10-03T00:12:23.979+0000] {processor.py:840} INFO - DAG(s) 'example_python_decorator' retrieved from /home/airflow/.local/lib/python3.12/site-packages/airflow/example_dags/example_python_decorator.py
[2025-10-03T00:12:24.209+0000] {logging_mixin.py:188} INFO - [2025-10-03T00:12:24.208+0000] {dag.py:3096} INFO - Sync 1 DAGs
[2025-10-03T00:12:24.335+0000] {logging_mixin.py:188} INFO - [2025-10-03T00:12:24.333+0000] {dag.py:3954} INFO - Setting next_dagrun for example_python_decorator to None, run_after=None
[2025-10-03T00:12:24.475+0000] {processor.py:183} INFO - Processing /home/airflow/.local/lib/python3.12/site-packages/airflow/example_dags/example_python_decorator.py took 0.666 seconds
[2025-10-03T00:12:54.627+0000] {processor.py:161} INFO - Started process (PID=15751) to work on /home/airflow/.local/lib/python3.12/site-packages/airflow/example_dags/example_python_decorator.py
[2025-10-03T00:12:54.630+0000] {processor.py:830} INFO - Processing file /home/airflow/.local/lib/python3.12/site-packages/airflow/example_dags/example_python_decorator.py for tasks to queue
[2025-10-03T00:12:54.633+0000] {logging_mixin.py:188} INFO - [2025-10-03T00:12:54.632+0000] {dagbag.py:545} INFO - Filling up the DagBag from /home/airflow/.local/lib/python3.12/site-packages/airflow/example_dags/example_python_decorator.py
[2025-10-03T00:12:54.664+0000] {processor.py:840} INFO - DAG(s) 'example_python_decorator' retrieved from /home/airflow/.local/lib/python3.12/site-packages/airflow/example_dags/example_python_decorator.py
[2025-10-03T00:12:54.732+0000] {logging_mixin.py:188} INFO - [2025-10-03T00:12:54.732+0000] {dag.py:3096} INFO - Sync 1 DAGs
[2025-10-03T00:12:54.760+0000] {logging_mixin.py:188} INFO - [2025-10-03T00:12:54.759+0000] {dag.py:3954} INFO - Setting next_dagrun for example_python_decorator to None, run_after=None
[2025-10-03T00:12:54.808+0000] {processor.py:183} INFO - Processing /home/airflow/.local/lib/python3.12/site-packages/airflow/example_dags/example_python_decorator.py took 0.196 seconds
[2025-10-03T00:13:25.120+0000] {processor.py:161} INFO - Started process (PID=15804) to work on /home/airflow/.local/lib/python3.12/site-packages/airflow/example_dags/example_python_decorator.py
[2025-10-03T00:13:25.122+0000] {processor.py:830} INFO - Processing file /home/airflow/.local/lib/python3.12/site-packages/airflow/example_dags/example_python_decorator.py for tasks to queue
[2025-10-03T00:13:25.124+0000] {logging_mixin.py:188} INFO - [2025-10-03T00:13:25.124+0000] {dagbag.py:545} INFO - Filling up the DagBag from /home/airflow/.local/lib/python3.12/site-packages/airflow/example_dags/example_python_decorator.py
[2025-10-03T00:13:25.159+0000] {processor.py:840} INFO - DAG(s) 'example_python_decorator' retrieved from /home/airflow/.local/lib/python3.12/site-packages/airflow/example_dags/example_python_decorator.py
[2025-10-03T00:13:25.214+0000] {logging_mixin.py:188} INFO - [2025-10-03T00:13:25.214+0000] {dag.py:3096} INFO - Sync 1 DAGs
[2025-10-03T00:13:25.245+0000] {logging_mixin.py:188} INFO - [2025-10-03T00:13:25.244+0000] {dag.py:3954} INFO - Setting next_dagrun for example_python_decorator to None, run_after=None
[2025-10-03T00:13:25.294+0000] {processor.py:183} INFO - Processing /home/airflow/.local/lib/python3.12/site-packages/airflow/example_dags/example_python_decorator.py took 0.188 seconds
[2025-10-03T00:13:55.754+0000] {processor.py:161} INFO - Started process (PID=15857) to work on /home/airflow/.local/lib/python3.12/site-packages/airflow/example_dags/example_python_decorator.py
[2025-10-03T00:13:55.757+0000] {processor.py:830} INFO - Processing file /home/airflow/.local/lib/python3.12/site-packages/airflow/example_dags/example_python_decorator.py for tasks to queue
[2025-10-03T00:13:55.760+0000] {logging_mixin.py:188} INFO - [2025-10-03T00:13:55.759+0000] {dagbag.py:545} INFO - Filling up the DagBag from /home/airflow/.local/lib/python3.12/site-packages/airflow/example_dags/example_python_decorator.py
[2025-10-03T00:13:55.795+0000] {processor.py:840} INFO - DAG(s) 'example_python_decorator' retrieved from /home/airflow/.local/lib/python3.12/site-packages/airflow/example_dags/example_python_decorator.py
[2025-10-03T00:13:55.850+0000] {logging_mixin.py:188} INFO - [2025-10-03T00:13:55.850+0000] {dag.py:3096} INFO - Sync 1 DAGs
[2025-10-03T00:13:55.886+0000] {logging_mixin.py:188} INFO - [2025-10-03T00:13:55.885+0000] {dag.py:3954} INFO - Setting next_dagrun for example_python_decorator to None, run_after=None
[2025-10-03T00:13:55.936+0000] {processor.py:183} INFO - Processing /home/airflow/.local/lib/python3.12/site-packages/airflow/example_dags/example_python_decorator.py took 0.197 seconds
[2025-10-03T00:14:27.108+0000] {processor.py:161} INFO - Started process (PID=15909) to work on /home/airflow/.local/lib/python3.12/site-packages/airflow/example_dags/example_python_decorator.py
[2025-10-03T00:14:27.110+0000] {processor.py:830} INFO - Processing file /home/airflow/.local/lib/python3.12/site-packages/airflow/example_dags/example_python_decorator.py for tasks to queue
[2025-10-03T00:14:27.113+0000] {logging_mixin.py:188} INFO - [2025-10-03T00:14:27.112+0000] {dagbag.py:545} INFO - Filling up the DagBag from /home/airflow/.local/lib/python3.12/site-packages/airflow/example_dags/example_python_decorator.py
[2025-10-03T00:14:27.150+0000] {processor.py:840} INFO - DAG(s) 'example_python_decorator' retrieved from /home/airflow/.local/lib/python3.12/site-packages/airflow/example_dags/example_python_decorator.py
[2025-10-03T00:14:27.204+0000] {logging_mixin.py:188} INFO - [2025-10-03T00:14:27.204+0000] {dag.py:3096} INFO - Sync 1 DAGs
[2025-10-03T00:14:27.239+0000] {logging_mixin.py:188} INFO - [2025-10-03T00:14:27.238+0000] {dag.py:3954} INFO - Setting next_dagrun for example_python_decorator to None, run_after=None
[2025-10-03T00:14:27.288+0000] {processor.py:183} INFO - Processing /home/airflow/.local/lib/python3.12/site-packages/airflow/example_dags/example_python_decorator.py took 0.195 seconds
[2025-10-03T00:14:58.559+0000] {processor.py:161} INFO - Started process (PID=15963) to work on /home/airflow/.local/lib/python3.12/site-packages/airflow/example_dags/example_python_decorator.py
[2025-10-03T00:14:58.562+0000] {processor.py:830} INFO - Processing file /home/airflow/.local/lib/python3.12/site-packages/airflow/example_dags/example_python_decorator.py for tasks to queue
[2025-10-03T00:14:58.566+0000] {logging_mixin.py:188} INFO - [2025-10-03T00:14:58.565+0000] {dagbag.py:545} INFO - Filling up the DagBag from /home/airflow/.local/lib/python3.12/site-packages/airflow/example_dags/example_python_decorator.py
[2025-10-03T00:14:58.607+0000] {processor.py:840} INFO - DAG(s) 'example_python_decorator' retrieved from /home/airflow/.local/lib/python3.12/site-packages/airflow/example_dags/example_python_decorator.py
[2025-10-03T00:14:58.663+0000] {logging_mixin.py:188} INFO - [2025-10-03T00:14:58.662+0000] {dag.py:3096} INFO - Sync 1 DAGs
[2025-10-03T00:14:58.707+0000] {logging_mixin.py:188} INFO - [2025-10-03T00:14:58.707+0000] {dag.py:3954} INFO - Setting next_dagrun for example_python_decorator to None, run_after=None
[2025-10-03T00:14:58.763+0000] {processor.py:183} INFO - Processing /home/airflow/.local/lib/python3.12/site-packages/airflow/example_dags/example_python_decorator.py took 0.224 seconds
[2025-10-03T00:15:29.137+0000] {processor.py:161} INFO - Started process (PID=16016) to work on /home/airflow/.local/lib/python3.12/site-packages/airflow/example_dags/example_python_decorator.py
[2025-10-03T00:15:29.140+0000] {processor.py:830} INFO - Processing file /home/airflow/.local/lib/python3.12/site-packages/airflow/example_dags/example_python_decorator.py for tasks to queue
[2025-10-03T00:15:29.144+0000] {logging_mixin.py:188} INFO - [2025-10-03T00:15:29.143+0000] {dagbag.py:545} INFO - Filling up the DagBag from /home/airflow/.local/lib/python3.12/site-packages/airflow/example_dags/example_python_decorator.py
[2025-10-03T00:15:29.180+0000] {processor.py:840} INFO - DAG(s) 'example_python_decorator' retrieved from /home/airflow/.local/lib/python3.12/site-packages/airflow/example_dags/example_python_decorator.py
[2025-10-03T00:15:29.246+0000] {logging_mixin.py:188} INFO - [2025-10-03T00:15:29.245+0000] {dag.py:3096} INFO - Sync 1 DAGs
[2025-10-03T00:15:29.273+0000] {logging_mixin.py:188} INFO - [2025-10-03T00:15:29.273+0000] {dag.py:3954} INFO - Setting next_dagrun for example_python_decorator to None, run_after=None
[2025-10-03T00:15:29.317+0000] {processor.py:183} INFO - Processing /home/airflow/.local/lib/python3.12/site-packages/airflow/example_dags/example_python_decorator.py took 0.194 seconds
[2025-10-03T00:15:59.587+0000] {processor.py:161} INFO - Started process (PID=16069) to work on /home/airflow/.local/lib/python3.12/site-packages/airflow/example_dags/example_python_decorator.py
[2025-10-03T00:15:59.589+0000] {processor.py:830} INFO - Processing file /home/airflow/.local/lib/python3.12/site-packages/airflow/example_dags/example_python_decorator.py for tasks to queue
[2025-10-03T00:15:59.592+0000] {logging_mixin.py:188} INFO - [2025-10-03T00:15:59.591+0000] {dagbag.py:545} INFO - Filling up the DagBag from /home/airflow/.local/lib/python3.12/site-packages/airflow/example_dags/example_python_decorator.py
[2025-10-03T00:15:59.624+0000] {processor.py:840} INFO - DAG(s) 'example_python_decorator' retrieved from /home/airflow/.local/lib/python3.12/site-packages/airflow/example_dags/example_python_decorator.py
[2025-10-03T00:15:59.683+0000] {logging_mixin.py:188} INFO - [2025-10-03T00:15:59.683+0000] {dag.py:3096} INFO - Sync 1 DAGs
[2025-10-03T00:15:59.714+0000] {logging_mixin.py:188} INFO - [2025-10-03T00:15:59.714+0000] {dag.py:3954} INFO - Setting next_dagrun for example_python_decorator to None, run_after=None
[2025-10-03T00:15:59.757+0000] {processor.py:183} INFO - Processing /home/airflow/.local/lib/python3.12/site-packages/airflow/example_dags/example_python_decorator.py took 0.187 seconds
[2025-10-03T00:16:30.291+0000] {processor.py:161} INFO - Started process (PID=16122) to work on /home/airflow/.local/lib/python3.12/site-packages/airflow/example_dags/example_python_decorator.py
[2025-10-03T00:16:30.294+0000] {processor.py:830} INFO - Processing file /home/airflow/.local/lib/python3.12/site-packages/airflow/example_dags/example_python_decorator.py for tasks to queue
[2025-10-03T00:16:30.297+0000] {logging_mixin.py:188} INFO - [2025-10-03T00:16:30.296+0000] {dagbag.py:545} INFO - Filling up the DagBag from /home/airflow/.local/lib/python3.12/site-packages/airflow/example_dags/example_python_decorator.py
[2025-10-03T00:16:30.330+0000] {processor.py:840} INFO - DAG(s) 'example_python_decorator' retrieved from /home/airflow/.local/lib/python3.12/site-packages/airflow/example_dags/example_python_decorator.py
[2025-10-03T00:16:30.384+0000] {logging_mixin.py:188} INFO - [2025-10-03T00:16:30.383+0000] {dag.py:3096} INFO - Sync 1 DAGs
[2025-10-03T00:16:30.416+0000] {logging_mixin.py:188} INFO - [2025-10-03T00:16:30.416+0000] {dag.py:3954} INFO - Setting next_dagrun for example_python_decorator to None, run_after=None
[2025-10-03T00:16:30.465+0000] {processor.py:183} INFO - Processing /home/airflow/.local/lib/python3.12/site-packages/airflow/example_dags/example_python_decorator.py took 0.191 seconds
[2025-10-03T00:17:01.093+0000] {processor.py:161} INFO - Started process (PID=16175) to work on /home/airflow/.local/lib/python3.12/site-packages/airflow/example_dags/example_python_decorator.py
[2025-10-03T00:17:01.096+0000] {processor.py:830} INFO - Processing file /home/airflow/.local/lib/python3.12/site-packages/airflow/example_dags/example_python_decorator.py for tasks to queue
[2025-10-03T00:17:01.100+0000] {logging_mixin.py:188} INFO - [2025-10-03T00:17:01.098+0000] {dagbag.py:545} INFO - Filling up the DagBag from /home/airflow/.local/lib/python3.12/site-packages/airflow/example_dags/example_python_decorator.py
[2025-10-03T00:17:01.146+0000] {processor.py:840} INFO - DAG(s) 'example_python_decorator' retrieved from /home/airflow/.local/lib/python3.12/site-packages/airflow/example_dags/example_python_decorator.py
[2025-10-03T00:17:01.200+0000] {logging_mixin.py:188} INFO - [2025-10-03T00:17:01.200+0000] {dag.py:3096} INFO - Sync 1 DAGs
[2025-10-03T00:17:01.230+0000] {logging_mixin.py:188} INFO - [2025-10-03T00:17:01.229+0000] {dag.py:3954} INFO - Setting next_dagrun for example_python_decorator to None, run_after=None
[2025-10-03T00:17:01.277+0000] {processor.py:183} INFO - Processing /home/airflow/.local/lib/python3.12/site-packages/airflow/example_dags/example_python_decorator.py took 0.201 seconds
[2025-10-03T00:17:31.506+0000] {processor.py:161} INFO - Started process (PID=16228) to work on /home/airflow/.local/lib/python3.12/site-packages/airflow/example_dags/example_python_decorator.py
[2025-10-03T00:17:31.509+0000] {processor.py:830} INFO - Processing file /home/airflow/.local/lib/python3.12/site-packages/airflow/example_dags/example_python_decorator.py for tasks to queue
[2025-10-03T00:17:31.511+0000] {logging_mixin.py:188} INFO - [2025-10-03T00:17:31.510+0000] {dagbag.py:545} INFO - Filling up the DagBag from /home/airflow/.local/lib/python3.12/site-packages/airflow/example_dags/example_python_decorator.py
[2025-10-03T00:17:31.542+0000] {processor.py:840} INFO - DAG(s) 'example_python_decorator' retrieved from /home/airflow/.local/lib/python3.12/site-packages/airflow/example_dags/example_python_decorator.py
[2025-10-03T00:17:31.596+0000] {logging_mixin.py:188} INFO - [2025-10-03T00:17:31.595+0000] {dag.py:3096} INFO - Sync 1 DAGs
[2025-10-03T00:17:31.623+0000] {logging_mixin.py:188} INFO - [2025-10-03T00:17:31.622+0000] {dag.py:3954} INFO - Setting next_dagrun for example_python_decorator to None, run_after=None
[2025-10-03T00:17:31.669+0000] {processor.py:183} INFO - Processing /home/airflow/.local/lib/python3.12/site-packages/airflow/example_dags/example_python_decorator.py took 0.178 seconds
[2025-10-03T00:18:01.933+0000] {processor.py:161} INFO - Started process (PID=16281) to work on /home/airflow/.local/lib/python3.12/site-packages/airflow/example_dags/example_python_decorator.py
[2025-10-03T00:18:01.936+0000] {processor.py:830} INFO - Processing file /home/airflow/.local/lib/python3.12/site-packages/airflow/example_dags/example_python_decorator.py for tasks to queue
[2025-10-03T00:18:01.939+0000] {logging_mixin.py:188} INFO - [2025-10-03T00:18:01.937+0000] {dagbag.py:545} INFO - Filling up the DagBag from /home/airflow/.local/lib/python3.12/site-packages/airflow/example_dags/example_python_decorator.py
[2025-10-03T00:18:01.977+0000] {processor.py:840} INFO - DAG(s) 'example_python_decorator' retrieved from /home/airflow/.local/lib/python3.12/site-packages/airflow/example_dags/example_python_decorator.py
[2025-10-03T00:18:02.038+0000] {logging_mixin.py:188} INFO - [2025-10-03T00:18:02.038+0000] {dag.py:3096} INFO - Sync 1 DAGs
[2025-10-03T00:18:02.071+0000] {logging_mixin.py:188} INFO - [2025-10-03T00:18:02.071+0000] {dag.py:3954} INFO - Setting next_dagrun for example_python_decorator to None, run_after=None
[2025-10-03T00:18:02.137+0000] {processor.py:183} INFO - Processing /home/airflow/.local/lib/python3.12/site-packages/airflow/example_dags/example_python_decorator.py took 0.224 seconds
[2025-10-03T00:18:32.819+0000] {processor.py:161} INFO - Started process (PID=16334) to work on /home/airflow/.local/lib/python3.12/site-packages/airflow/example_dags/example_python_decorator.py
[2025-10-03T00:18:32.821+0000] {processor.py:830} INFO - Processing file /home/airflow/.local/lib/python3.12/site-packages/airflow/example_dags/example_python_decorator.py for tasks to queue
[2025-10-03T00:18:32.823+0000] {logging_mixin.py:188} INFO - [2025-10-03T00:18:32.822+0000] {dagbag.py:545} INFO - Filling up the DagBag from /home/airflow/.local/lib/python3.12/site-packages/airflow/example_dags/example_python_decorator.py
[2025-10-03T00:18:32.853+0000] {processor.py:840} INFO - DAG(s) 'example_python_decorator' retrieved from /home/airflow/.local/lib/python3.12/site-packages/airflow/example_dags/example_python_decorator.py
[2025-10-03T00:18:32.905+0000] {logging_mixin.py:188} INFO - [2025-10-03T00:18:32.905+0000] {dag.py:3096} INFO - Sync 1 DAGs
[2025-10-03T00:18:32.933+0000] {logging_mixin.py:188} INFO - [2025-10-03T00:18:32.932+0000] {dag.py:3954} INFO - Setting next_dagrun for example_python_decorator to None, run_after=None
[2025-10-03T00:18:32.974+0000] {processor.py:183} INFO - Processing /home/airflow/.local/lib/python3.12/site-packages/airflow/example_dags/example_python_decorator.py took 0.170 seconds
[2025-10-03T00:19:03.546+0000] {processor.py:161} INFO - Started process (PID=16387) to work on /home/airflow/.local/lib/python3.12/site-packages/airflow/example_dags/example_python_decorator.py
[2025-10-03T00:19:03.548+0000] {processor.py:830} INFO - Processing file /home/airflow/.local/lib/python3.12/site-packages/airflow/example_dags/example_python_decorator.py for tasks to queue
[2025-10-03T00:19:03.551+0000] {logging_mixin.py:188} INFO - [2025-10-03T00:19:03.550+0000] {dagbag.py:545} INFO - Filling up the DagBag from /home/airflow/.local/lib/python3.12/site-packages/airflow/example_dags/example_python_decorator.py
[2025-10-03T00:19:03.592+0000] {processor.py:840} INFO - DAG(s) 'example_python_decorator' retrieved from /home/airflow/.local/lib/python3.12/site-packages/airflow/example_dags/example_python_decorator.py
[2025-10-03T00:19:03.678+0000] {logging_mixin.py:188} INFO - [2025-10-03T00:19:03.677+0000] {dag.py:3096} INFO - Sync 1 DAGs
[2025-10-03T00:19:03.716+0000] {logging_mixin.py:188} INFO - [2025-10-03T00:19:03.716+0000] {dag.py:3954} INFO - Setting next_dagrun for example_python_decorator to None, run_after=None
[2025-10-03T00:19:03.770+0000] {processor.py:183} INFO - Processing /home/airflow/.local/lib/python3.12/site-packages/airflow/example_dags/example_python_decorator.py took 0.239 seconds
[2025-10-03T00:19:34.347+0000] {processor.py:161} INFO - Started process (PID=16440) to work on /home/airflow/.local/lib/python3.12/site-packages/airflow/example_dags/example_python_decorator.py
[2025-10-03T00:19:34.349+0000] {processor.py:830} INFO - Processing file /home/airflow/.local/lib/python3.12/site-packages/airflow/example_dags/example_python_decorator.py for tasks to queue
[2025-10-03T00:19:34.355+0000] {logging_mixin.py:188} INFO - [2025-10-03T00:19:34.353+0000] {dagbag.py:545} INFO - Filling up the DagBag from /home/airflow/.local/lib/python3.12/site-packages/airflow/example_dags/example_python_decorator.py
[2025-10-03T00:19:34.409+0000] {processor.py:840} INFO - DAG(s) 'example_python_decorator' retrieved from /home/airflow/.local/lib/python3.12/site-packages/airflow/example_dags/example_python_decorator.py
[2025-10-03T00:19:34.488+0000] {logging_mixin.py:188} INFO - [2025-10-03T00:19:34.487+0000] {dag.py:3096} INFO - Sync 1 DAGs
[2025-10-03T00:19:34.525+0000] {logging_mixin.py:188} INFO - [2025-10-03T00:19:34.525+0000] {dag.py:3954} INFO - Setting next_dagrun for example_python_decorator to None, run_after=None
[2025-10-03T00:19:34.575+0000] {processor.py:183} INFO - Processing /home/airflow/.local/lib/python3.12/site-packages/airflow/example_dags/example_python_decorator.py took 0.247 seconds
[2025-10-03T00:20:05.358+0000] {processor.py:161} INFO - Started process (PID=16493) to work on /home/airflow/.local/lib/python3.12/site-packages/airflow/example_dags/example_python_decorator.py
[2025-10-03T00:20:05.361+0000] {processor.py:830} INFO - Processing file /home/airflow/.local/lib/python3.12/site-packages/airflow/example_dags/example_python_decorator.py for tasks to queue
[2025-10-03T00:20:05.363+0000] {logging_mixin.py:188} INFO - [2025-10-03T00:20:05.362+0000] {dagbag.py:545} INFO - Filling up the DagBag from /home/airflow/.local/lib/python3.12/site-packages/airflow/example_dags/example_python_decorator.py
[2025-10-03T00:20:05.400+0000] {processor.py:840} INFO - DAG(s) 'example_python_decorator' retrieved from /home/airflow/.local/lib/python3.12/site-packages/airflow/example_dags/example_python_decorator.py
[2025-10-03T00:20:05.456+0000] {logging_mixin.py:188} INFO - [2025-10-03T00:20:05.456+0000] {dag.py:3096} INFO - Sync 1 DAGs
[2025-10-03T00:20:05.484+0000] {logging_mixin.py:188} INFO - [2025-10-03T00:20:05.484+0000] {dag.py:3954} INFO - Setting next_dagrun for example_python_decorator to None, run_after=None
[2025-10-03T00:20:05.529+0000] {processor.py:183} INFO - Processing /home/airflow/.local/lib/python3.12/site-packages/airflow/example_dags/example_python_decorator.py took 0.190 seconds
[2025-10-03T00:20:36.586+0000] {processor.py:161} INFO - Started process (PID=16546) to work on /home/airflow/.local/lib/python3.12/site-packages/airflow/example_dags/example_python_decorator.py
[2025-10-03T00:20:36.590+0000] {processor.py:830} INFO - Processing file /home/airflow/.local/lib/python3.12/site-packages/airflow/example_dags/example_python_decorator.py for tasks to queue
[2025-10-03T00:20:36.594+0000] {logging_mixin.py:188} INFO - [2025-10-03T00:20:36.593+0000] {dagbag.py:545} INFO - Filling up the DagBag from /home/airflow/.local/lib/python3.12/site-packages/airflow/example_dags/example_python_decorator.py
[2025-10-03T00:20:36.648+0000] {processor.py:840} INFO - DAG(s) 'example_python_decorator' retrieved from /home/airflow/.local/lib/python3.12/site-packages/airflow/example_dags/example_python_decorator.py
[2025-10-03T00:20:36.710+0000] {logging_mixin.py:188} INFO - [2025-10-03T00:20:36.710+0000] {dag.py:3096} INFO - Sync 1 DAGs
[2025-10-03T00:20:36.749+0000] {logging_mixin.py:188} INFO - [2025-10-03T00:20:36.749+0000] {dag.py:3954} INFO - Setting next_dagrun for example_python_decorator to None, run_after=None
[2025-10-03T00:20:36.811+0000] {processor.py:183} INFO - Processing /home/airflow/.local/lib/python3.12/site-packages/airflow/example_dags/example_python_decorator.py took 0.309 seconds
[2025-10-03T00:21:07.344+0000] {processor.py:161} INFO - Started process (PID=16599) to work on /home/airflow/.local/lib/python3.12/site-packages/airflow/example_dags/example_python_decorator.py
[2025-10-03T00:21:07.346+0000] {processor.py:830} INFO - Processing file /home/airflow/.local/lib/python3.12/site-packages/airflow/example_dags/example_python_decorator.py for tasks to queue
[2025-10-03T00:21:07.349+0000] {logging_mixin.py:188} INFO - [2025-10-03T00:21:07.348+0000] {dagbag.py:545} INFO - Filling up the DagBag from /home/airflow/.local/lib/python3.12/site-packages/airflow/example_dags/example_python_decorator.py
[2025-10-03T00:21:07.408+0000] {processor.py:840} INFO - DAG(s) 'example_python_decorator' retrieved from /home/airflow/.local/lib/python3.12/site-packages/airflow/example_dags/example_python_decorator.py
[2025-10-03T00:21:07.493+0000] {logging_mixin.py:188} INFO - [2025-10-03T00:21:07.492+0000] {dag.py:3096} INFO - Sync 1 DAGs
[2025-10-03T00:21:07.550+0000] {logging_mixin.py:188} INFO - [2025-10-03T00:21:07.549+0000] {dag.py:3954} INFO - Setting next_dagrun for example_python_decorator to None, run_after=None
[2025-10-03T00:21:07.605+0000] {processor.py:183} INFO - Processing /home/airflow/.local/lib/python3.12/site-packages/airflow/example_dags/example_python_decorator.py took 0.286 seconds
[2025-10-03T00:21:38.392+0000] {processor.py:161} INFO - Started process (PID=16653) to work on /home/airflow/.local/lib/python3.12/site-packages/airflow/example_dags/example_python_decorator.py
[2025-10-03T00:21:38.395+0000] {processor.py:830} INFO - Processing file /home/airflow/.local/lib/python3.12/site-packages/airflow/example_dags/example_python_decorator.py for tasks to queue
[2025-10-03T00:21:38.397+0000] {logging_mixin.py:188} INFO - [2025-10-03T00:21:38.396+0000] {dagbag.py:545} INFO - Filling up the DagBag from /home/airflow/.local/lib/python3.12/site-packages/airflow/example_dags/example_python_decorator.py
[2025-10-03T00:21:38.427+0000] {processor.py:840} INFO - DAG(s) 'example_python_decorator' retrieved from /home/airflow/.local/lib/python3.12/site-packages/airflow/example_dags/example_python_decorator.py
[2025-10-03T00:21:38.479+0000] {logging_mixin.py:188} INFO - [2025-10-03T00:21:38.479+0000] {dag.py:3096} INFO - Sync 1 DAGs
[2025-10-03T00:21:38.508+0000] {logging_mixin.py:188} INFO - [2025-10-03T00:21:38.507+0000] {dag.py:3954} INFO - Setting next_dagrun for example_python_decorator to None, run_after=None
[2025-10-03T00:21:38.556+0000] {processor.py:183} INFO - Processing /home/airflow/.local/lib/python3.12/site-packages/airflow/example_dags/example_python_decorator.py took 0.180 seconds
[2025-10-03T00:22:09.412+0000] {processor.py:161} INFO - Started process (PID=16707) to work on /home/airflow/.local/lib/python3.12/site-packages/airflow/example_dags/example_python_decorator.py
[2025-10-03T00:22:09.418+0000] {processor.py:830} INFO - Processing file /home/airflow/.local/lib/python3.12/site-packages/airflow/example_dags/example_python_decorator.py for tasks to queue
[2025-10-03T00:22:09.423+0000] {logging_mixin.py:188} INFO - [2025-10-03T00:22:09.421+0000] {dagbag.py:545} INFO - Filling up the DagBag from /home/airflow/.local/lib/python3.12/site-packages/airflow/example_dags/example_python_decorator.py
[2025-10-03T00:22:09.489+0000] {processor.py:840} INFO - DAG(s) 'example_python_decorator' retrieved from /home/airflow/.local/lib/python3.12/site-packages/airflow/example_dags/example_python_decorator.py
[2025-10-03T00:22:09.628+0000] {logging_mixin.py:188} INFO - [2025-10-03T00:22:09.627+0000] {dag.py:3096} INFO - Sync 1 DAGs
[2025-10-03T00:22:09.669+0000] {logging_mixin.py:188} INFO - [2025-10-03T00:22:09.668+0000] {dag.py:3954} INFO - Setting next_dagrun for example_python_decorator to None, run_after=None
[2025-10-03T00:22:09.713+0000] {processor.py:183} INFO - Processing /home/airflow/.local/lib/python3.12/site-packages/airflow/example_dags/example_python_decorator.py took 0.334 seconds
[2025-10-03T00:22:40.474+0000] {processor.py:161} INFO - Started process (PID=16760) to work on /home/airflow/.local/lib/python3.12/site-packages/airflow/example_dags/example_python_decorator.py
[2025-10-03T00:22:40.476+0000] {processor.py:830} INFO - Processing file /home/airflow/.local/lib/python3.12/site-packages/airflow/example_dags/example_python_decorator.py for tasks to queue
[2025-10-03T00:22:40.479+0000] {logging_mixin.py:188} INFO - [2025-10-03T00:22:40.478+0000] {dagbag.py:545} INFO - Filling up the DagBag from /home/airflow/.local/lib/python3.12/site-packages/airflow/example_dags/example_python_decorator.py
[2025-10-03T00:22:40.512+0000] {processor.py:840} INFO - DAG(s) 'example_python_decorator' retrieved from /home/airflow/.local/lib/python3.12/site-packages/airflow/example_dags/example_python_decorator.py
[2025-10-03T00:22:40.563+0000] {logging_mixin.py:188} INFO - [2025-10-03T00:22:40.562+0000] {dag.py:3096} INFO - Sync 1 DAGs
[2025-10-03T00:22:40.589+0000] {logging_mixin.py:188} INFO - [2025-10-03T00:22:40.589+0000] {dag.py:3954} INFO - Setting next_dagrun for example_python_decorator to None, run_after=None
[2025-10-03T00:22:40.639+0000] {processor.py:183} INFO - Processing /home/airflow/.local/lib/python3.12/site-packages/airflow/example_dags/example_python_decorator.py took 0.180 seconds
[2025-10-03T00:23:11.019+0000] {processor.py:161} INFO - Started process (PID=16813) to work on /home/airflow/.local/lib/python3.12/site-packages/airflow/example_dags/example_python_decorator.py
[2025-10-03T00:23:11.022+0000] {processor.py:830} INFO - Processing file /home/airflow/.local/lib/python3.12/site-packages/airflow/example_dags/example_python_decorator.py for tasks to queue
[2025-10-03T00:23:11.025+0000] {logging_mixin.py:188} INFO - [2025-10-03T00:23:11.024+0000] {dagbag.py:545} INFO - Filling up the DagBag from /home/airflow/.local/lib/python3.12/site-packages/airflow/example_dags/example_python_decorator.py
[2025-10-03T00:23:11.056+0000] {processor.py:840} INFO - DAG(s) 'example_python_decorator' retrieved from /home/airflow/.local/lib/python3.12/site-packages/airflow/example_dags/example_python_decorator.py
[2025-10-03T00:23:11.107+0000] {logging_mixin.py:188} INFO - [2025-10-03T00:23:11.107+0000] {dag.py:3096} INFO - Sync 1 DAGs
[2025-10-03T00:23:11.142+0000] {logging_mixin.py:188} INFO - [2025-10-03T00:23:11.141+0000] {dag.py:3954} INFO - Setting next_dagrun for example_python_decorator to None, run_after=None
[2025-10-03T00:23:11.184+0000] {processor.py:183} INFO - Processing /home/airflow/.local/lib/python3.12/site-packages/airflow/example_dags/example_python_decorator.py took 0.177 seconds
[2025-10-03T00:23:41.557+0000] {processor.py:161} INFO - Started process (PID=16866) to work on /home/airflow/.local/lib/python3.12/site-packages/airflow/example_dags/example_python_decorator.py
[2025-10-03T00:23:41.559+0000] {processor.py:830} INFO - Processing file /home/airflow/.local/lib/python3.12/site-packages/airflow/example_dags/example_python_decorator.py for tasks to queue
[2025-10-03T00:23:41.562+0000] {logging_mixin.py:188} INFO - [2025-10-03T00:23:41.561+0000] {dagbag.py:545} INFO - Filling up the DagBag from /home/airflow/.local/lib/python3.12/site-packages/airflow/example_dags/example_python_decorator.py
[2025-10-03T00:23:41.593+0000] {processor.py:840} INFO - DAG(s) 'example_python_decorator' retrieved from /home/airflow/.local/lib/python3.12/site-packages/airflow/example_dags/example_python_decorator.py
[2025-10-03T00:23:41.650+0000] {logging_mixin.py:188} INFO - [2025-10-03T00:23:41.649+0000] {dag.py:3096} INFO - Sync 1 DAGs
[2025-10-03T00:23:41.679+0000] {logging_mixin.py:188} INFO - [2025-10-03T00:23:41.678+0000] {dag.py:3954} INFO - Setting next_dagrun for example_python_decorator to None, run_after=None
[2025-10-03T00:23:41.724+0000] {processor.py:183} INFO - Processing /home/airflow/.local/lib/python3.12/site-packages/airflow/example_dags/example_python_decorator.py took 0.182 seconds
[2025-10-03T00:24:12.213+0000] {processor.py:161} INFO - Started process (PID=16919) to work on /home/airflow/.local/lib/python3.12/site-packages/airflow/example_dags/example_python_decorator.py
[2025-10-03T00:24:12.215+0000] {processor.py:830} INFO - Processing file /home/airflow/.local/lib/python3.12/site-packages/airflow/example_dags/example_python_decorator.py for tasks to queue
[2025-10-03T00:24:12.217+0000] {logging_mixin.py:188} INFO - [2025-10-03T00:24:12.216+0000] {dagbag.py:545} INFO - Filling up the DagBag from /home/airflow/.local/lib/python3.12/site-packages/airflow/example_dags/example_python_decorator.py
[2025-10-03T00:24:12.258+0000] {processor.py:840} INFO - DAG(s) 'example_python_decorator' retrieved from /home/airflow/.local/lib/python3.12/site-packages/airflow/example_dags/example_python_decorator.py
[2025-10-03T00:24:12.316+0000] {logging_mixin.py:188} INFO - [2025-10-03T00:24:12.316+0000] {dag.py:3096} INFO - Sync 1 DAGs
[2025-10-03T00:24:12.354+0000] {logging_mixin.py:188} INFO - [2025-10-03T00:24:12.353+0000] {dag.py:3954} INFO - Setting next_dagrun for example_python_decorator to None, run_after=None
[2025-10-03T00:24:12.401+0000] {processor.py:183} INFO - Processing /home/airflow/.local/lib/python3.12/site-packages/airflow/example_dags/example_python_decorator.py took 0.209 seconds
[2025-10-03T00:24:43.120+0000] {processor.py:161} INFO - Started process (PID=16972) to work on /home/airflow/.local/lib/python3.12/site-packages/airflow/example_dags/example_python_decorator.py
[2025-10-03T00:24:43.123+0000] {processor.py:830} INFO - Processing file /home/airflow/.local/lib/python3.12/site-packages/airflow/example_dags/example_python_decorator.py for tasks to queue
[2025-10-03T00:24:43.125+0000] {logging_mixin.py:188} INFO - [2025-10-03T00:24:43.124+0000] {dagbag.py:545} INFO - Filling up the DagBag from /home/airflow/.local/lib/python3.12/site-packages/airflow/example_dags/example_python_decorator.py
[2025-10-03T00:24:43.155+0000] {processor.py:840} INFO - DAG(s) 'example_python_decorator' retrieved from /home/airflow/.local/lib/python3.12/site-packages/airflow/example_dags/example_python_decorator.py
[2025-10-03T00:24:43.208+0000] {logging_mixin.py:188} INFO - [2025-10-03T00:24:43.208+0000] {dag.py:3096} INFO - Sync 1 DAGs
[2025-10-03T00:24:43.237+0000] {logging_mixin.py:188} INFO - [2025-10-03T00:24:43.237+0000] {dag.py:3954} INFO - Setting next_dagrun for example_python_decorator to None, run_after=None
[2025-10-03T00:24:43.283+0000] {processor.py:183} INFO - Processing /home/airflow/.local/lib/python3.12/site-packages/airflow/example_dags/example_python_decorator.py took 0.179 seconds
[2025-10-03T00:25:14.779+0000] {processor.py:161} INFO - Started process (PID=17025) to work on /home/airflow/.local/lib/python3.12/site-packages/airflow/example_dags/example_python_decorator.py
[2025-10-03T00:25:14.781+0000] {processor.py:830} INFO - Processing file /home/airflow/.local/lib/python3.12/site-packages/airflow/example_dags/example_python_decorator.py for tasks to queue
[2025-10-03T00:25:14.784+0000] {logging_mixin.py:188} INFO - [2025-10-03T00:25:14.783+0000] {dagbag.py:545} INFO - Filling up the DagBag from /home/airflow/.local/lib/python3.12/site-packages/airflow/example_dags/example_python_decorator.py
[2025-10-03T00:25:14.831+0000] {processor.py:840} INFO - DAG(s) 'example_python_decorator' retrieved from /home/airflow/.local/lib/python3.12/site-packages/airflow/example_dags/example_python_decorator.py
[2025-10-03T00:25:14.905+0000] {logging_mixin.py:188} INFO - [2025-10-03T00:25:14.904+0000] {dag.py:3096} INFO - Sync 1 DAGs
[2025-10-03T00:25:14.951+0000] {logging_mixin.py:188} INFO - [2025-10-03T00:25:14.950+0000] {dag.py:3954} INFO - Setting next_dagrun for example_python_decorator to None, run_after=None
[2025-10-03T00:25:14.997+0000] {processor.py:183} INFO - Processing /home/airflow/.local/lib/python3.12/site-packages/airflow/example_dags/example_python_decorator.py took 0.241 seconds
[2025-10-03T00:25:45.904+0000] {processor.py:161} INFO - Started process (PID=17078) to work on /home/airflow/.local/lib/python3.12/site-packages/airflow/example_dags/example_python_decorator.py
[2025-10-03T00:25:45.906+0000] {processor.py:830} INFO - Processing file /home/airflow/.local/lib/python3.12/site-packages/airflow/example_dags/example_python_decorator.py for tasks to queue
[2025-10-03T00:25:45.908+0000] {logging_mixin.py:188} INFO - [2025-10-03T00:25:45.908+0000] {dagbag.py:545} INFO - Filling up the DagBag from /home/airflow/.local/lib/python3.12/site-packages/airflow/example_dags/example_python_decorator.py
[2025-10-03T00:25:45.938+0000] {processor.py:840} INFO - DAG(s) 'example_python_decorator' retrieved from /home/airflow/.local/lib/python3.12/site-packages/airflow/example_dags/example_python_decorator.py
[2025-10-03T00:25:45.989+0000] {logging_mixin.py:188} INFO - [2025-10-03T00:25:45.988+0000] {dag.py:3096} INFO - Sync 1 DAGs
[2025-10-03T00:25:46.017+0000] {logging_mixin.py:188} INFO - [2025-10-03T00:25:46.017+0000] {dag.py:3954} INFO - Setting next_dagrun for example_python_decorator to None, run_after=None
[2025-10-03T00:25:46.061+0000] {processor.py:183} INFO - Processing /home/airflow/.local/lib/python3.12/site-packages/airflow/example_dags/example_python_decorator.py took 0.171 seconds
[2025-10-03T00:26:16.163+0000] {processor.py:161} INFO - Started process (PID=17129) to work on /home/airflow/.local/lib/python3.12/site-packages/airflow/example_dags/example_python_decorator.py
[2025-10-03T00:26:16.165+0000] {processor.py:830} INFO - Processing file /home/airflow/.local/lib/python3.12/site-packages/airflow/example_dags/example_python_decorator.py for tasks to queue
[2025-10-03T00:26:16.167+0000] {logging_mixin.py:188} INFO - [2025-10-03T00:26:16.167+0000] {dagbag.py:545} INFO - Filling up the DagBag from /home/airflow/.local/lib/python3.12/site-packages/airflow/example_dags/example_python_decorator.py
[2025-10-03T00:26:16.211+0000] {processor.py:840} INFO - DAG(s) 'example_python_decorator' retrieved from /home/airflow/.local/lib/python3.12/site-packages/airflow/example_dags/example_python_decorator.py
[2025-10-03T00:26:16.264+0000] {logging_mixin.py:188} INFO - [2025-10-03T00:26:16.263+0000] {dag.py:3096} INFO - Sync 1 DAGs
[2025-10-03T00:26:16.292+0000] {logging_mixin.py:188} INFO - [2025-10-03T00:26:16.292+0000] {dag.py:3954} INFO - Setting next_dagrun for example_python_decorator to None, run_after=None
[2025-10-03T00:26:16.336+0000] {processor.py:183} INFO - Processing /home/airflow/.local/lib/python3.12/site-packages/airflow/example_dags/example_python_decorator.py took 0.193 seconds
[2025-10-03T00:26:47.891+0000] {processor.py:161} INFO - Started process (PID=17182) to work on /home/airflow/.local/lib/python3.12/site-packages/airflow/example_dags/example_python_decorator.py
[2025-10-03T00:26:47.893+0000] {processor.py:830} INFO - Processing file /home/airflow/.local/lib/python3.12/site-packages/airflow/example_dags/example_python_decorator.py for tasks to queue
[2025-10-03T00:26:47.896+0000] {logging_mixin.py:188} INFO - [2025-10-03T00:26:47.895+0000] {dagbag.py:545} INFO - Filling up the DagBag from /home/airflow/.local/lib/python3.12/site-packages/airflow/example_dags/example_python_decorator.py
[2025-10-03T00:26:47.925+0000] {processor.py:840} INFO - DAG(s) 'example_python_decorator' retrieved from /home/airflow/.local/lib/python3.12/site-packages/airflow/example_dags/example_python_decorator.py
[2025-10-03T00:26:47.977+0000] {logging_mixin.py:188} INFO - [2025-10-03T00:26:47.976+0000] {dag.py:3096} INFO - Sync 1 DAGs
[2025-10-03T00:26:48.010+0000] {logging_mixin.py:188} INFO - [2025-10-03T00:26:48.009+0000] {dag.py:3954} INFO - Setting next_dagrun for example_python_decorator to None, run_after=None
[2025-10-03T00:26:48.055+0000] {processor.py:183} INFO - Processing /home/airflow/.local/lib/python3.12/site-packages/airflow/example_dags/example_python_decorator.py took 0.178 seconds
[2025-10-03T00:27:18.633+0000] {processor.py:161} INFO - Started process (PID=17234) to work on /home/airflow/.local/lib/python3.12/site-packages/airflow/example_dags/example_python_decorator.py
[2025-10-03T00:27:18.636+0000] {processor.py:830} INFO - Processing file /home/airflow/.local/lib/python3.12/site-packages/airflow/example_dags/example_python_decorator.py for tasks to queue
[2025-10-03T00:27:18.639+0000] {logging_mixin.py:188} INFO - [2025-10-03T00:27:18.638+0000] {dagbag.py:545} INFO - Filling up the DagBag from /home/airflow/.local/lib/python3.12/site-packages/airflow/example_dags/example_python_decorator.py
[2025-10-03T00:27:18.681+0000] {processor.py:840} INFO - DAG(s) 'example_python_decorator' retrieved from /home/airflow/.local/lib/python3.12/site-packages/airflow/example_dags/example_python_decorator.py
[2025-10-03T00:27:18.745+0000] {logging_mixin.py:188} INFO - [2025-10-03T00:27:18.744+0000] {dag.py:3096} INFO - Sync 1 DAGs
[2025-10-03T00:27:18.780+0000] {logging_mixin.py:188} INFO - [2025-10-03T00:27:18.779+0000] {dag.py:3954} INFO - Setting next_dagrun for example_python_decorator to None, run_after=None
[2025-10-03T00:27:18.833+0000] {processor.py:183} INFO - Processing /home/airflow/.local/lib/python3.12/site-packages/airflow/example_dags/example_python_decorator.py took 0.220 seconds
[2025-10-03T00:27:48.955+0000] {processor.py:161} INFO - Started process (PID=17287) to work on /home/airflow/.local/lib/python3.12/site-packages/airflow/example_dags/example_python_decorator.py
[2025-10-03T00:27:48.958+0000] {processor.py:830} INFO - Processing file /home/airflow/.local/lib/python3.12/site-packages/airflow/example_dags/example_python_decorator.py for tasks to queue
[2025-10-03T00:27:48.962+0000] {logging_mixin.py:188} INFO - [2025-10-03T00:27:48.961+0000] {dagbag.py:545} INFO - Filling up the DagBag from /home/airflow/.local/lib/python3.12/site-packages/airflow/example_dags/example_python_decorator.py
[2025-10-03T00:27:49.011+0000] {processor.py:840} INFO - DAG(s) 'example_python_decorator' retrieved from /home/airflow/.local/lib/python3.12/site-packages/airflow/example_dags/example_python_decorator.py
[2025-10-03T00:27:49.076+0000] {logging_mixin.py:188} INFO - [2025-10-03T00:27:49.075+0000] {dag.py:3096} INFO - Sync 1 DAGs
[2025-10-03T00:27:49.114+0000] {logging_mixin.py:188} INFO - [2025-10-03T00:27:49.114+0000] {dag.py:3954} INFO - Setting next_dagrun for example_python_decorator to None, run_after=None
[2025-10-03T00:27:49.157+0000] {processor.py:183} INFO - Processing /home/airflow/.local/lib/python3.12/site-packages/airflow/example_dags/example_python_decorator.py took 0.218 seconds
[2025-10-03T00:28:19.627+0000] {processor.py:161} INFO - Started process (PID=17340) to work on /home/airflow/.local/lib/python3.12/site-packages/airflow/example_dags/example_python_decorator.py
[2025-10-03T00:28:19.630+0000] {processor.py:830} INFO - Processing file /home/airflow/.local/lib/python3.12/site-packages/airflow/example_dags/example_python_decorator.py for tasks to queue
[2025-10-03T00:28:19.634+0000] {logging_mixin.py:188} INFO - [2025-10-03T00:28:19.633+0000] {dagbag.py:545} INFO - Filling up the DagBag from /home/airflow/.local/lib/python3.12/site-packages/airflow/example_dags/example_python_decorator.py
[2025-10-03T00:28:19.684+0000] {processor.py:840} INFO - DAG(s) 'example_python_decorator' retrieved from /home/airflow/.local/lib/python3.12/site-packages/airflow/example_dags/example_python_decorator.py
[2025-10-03T00:28:19.747+0000] {logging_mixin.py:188} INFO - [2025-10-03T00:28:19.747+0000] {dag.py:3096} INFO - Sync 1 DAGs
[2025-10-03T00:28:19.788+0000] {logging_mixin.py:188} INFO - [2025-10-03T00:28:19.788+0000] {dag.py:3954} INFO - Setting next_dagrun for example_python_decorator to None, run_after=None
[2025-10-03T00:28:19.845+0000] {processor.py:183} INFO - Processing /home/airflow/.local/lib/python3.12/site-packages/airflow/example_dags/example_python_decorator.py took 0.234 seconds
[2025-10-03T00:28:50.208+0000] {processor.py:161} INFO - Started process (PID=17393) to work on /home/airflow/.local/lib/python3.12/site-packages/airflow/example_dags/example_python_decorator.py
[2025-10-03T00:28:50.211+0000] {processor.py:830} INFO - Processing file /home/airflow/.local/lib/python3.12/site-packages/airflow/example_dags/example_python_decorator.py for tasks to queue
[2025-10-03T00:28:50.214+0000] {logging_mixin.py:188} INFO - [2025-10-03T00:28:50.213+0000] {dagbag.py:545} INFO - Filling up the DagBag from /home/airflow/.local/lib/python3.12/site-packages/airflow/example_dags/example_python_decorator.py
[2025-10-03T00:28:50.250+0000] {processor.py:840} INFO - DAG(s) 'example_python_decorator' retrieved from /home/airflow/.local/lib/python3.12/site-packages/airflow/example_dags/example_python_decorator.py
[2025-10-03T00:28:50.317+0000] {logging_mixin.py:188} INFO - [2025-10-03T00:28:50.316+0000] {dag.py:3096} INFO - Sync 1 DAGs
[2025-10-03T00:28:50.349+0000] {logging_mixin.py:188} INFO - [2025-10-03T00:28:50.349+0000] {dag.py:3954} INFO - Setting next_dagrun for example_python_decorator to None, run_after=None
[2025-10-03T00:28:50.392+0000] {processor.py:183} INFO - Processing /home/airflow/.local/lib/python3.12/site-packages/airflow/example_dags/example_python_decorator.py took 0.204 seconds
[2025-10-03T00:29:20.654+0000] {processor.py:161} INFO - Started process (PID=17446) to work on /home/airflow/.local/lib/python3.12/site-packages/airflow/example_dags/example_python_decorator.py
[2025-10-03T00:29:20.657+0000] {processor.py:830} INFO - Processing file /home/airflow/.local/lib/python3.12/site-packages/airflow/example_dags/example_python_decorator.py for tasks to queue
[2025-10-03T00:29:20.660+0000] {logging_mixin.py:188} INFO - [2025-10-03T00:29:20.659+0000] {dagbag.py:545} INFO - Filling up the DagBag from /home/airflow/.local/lib/python3.12/site-packages/airflow/example_dags/example_python_decorator.py
[2025-10-03T00:29:20.696+0000] {processor.py:840} INFO - DAG(s) 'example_python_decorator' retrieved from /home/airflow/.local/lib/python3.12/site-packages/airflow/example_dags/example_python_decorator.py
[2025-10-03T00:29:20.760+0000] {logging_mixin.py:188} INFO - [2025-10-03T00:29:20.759+0000] {dag.py:3096} INFO - Sync 1 DAGs
[2025-10-03T00:29:20.800+0000] {logging_mixin.py:188} INFO - [2025-10-03T00:29:20.799+0000] {dag.py:3954} INFO - Setting next_dagrun for example_python_decorator to None, run_after=None
[2025-10-03T00:29:20.857+0000] {processor.py:183} INFO - Processing /home/airflow/.local/lib/python3.12/site-packages/airflow/example_dags/example_python_decorator.py took 0.221 seconds
[2025-10-03T00:29:51.611+0000] {processor.py:161} INFO - Started process (PID=17499) to work on /home/airflow/.local/lib/python3.12/site-packages/airflow/example_dags/example_python_decorator.py
[2025-10-03T00:29:51.614+0000] {processor.py:830} INFO - Processing file /home/airflow/.local/lib/python3.12/site-packages/airflow/example_dags/example_python_decorator.py for tasks to queue
[2025-10-03T00:29:51.616+0000] {logging_mixin.py:188} INFO - [2025-10-03T00:29:51.615+0000] {dagbag.py:545} INFO - Filling up the DagBag from /home/airflow/.local/lib/python3.12/site-packages/airflow/example_dags/example_python_decorator.py
[2025-10-03T00:29:51.648+0000] {processor.py:840} INFO - DAG(s) 'example_python_decorator' retrieved from /home/airflow/.local/lib/python3.12/site-packages/airflow/example_dags/example_python_decorator.py
[2025-10-03T00:29:51.706+0000] {logging_mixin.py:188} INFO - [2025-10-03T00:29:51.705+0000] {dag.py:3096} INFO - Sync 1 DAGs
[2025-10-03T00:29:51.739+0000] {logging_mixin.py:188} INFO - [2025-10-03T00:29:51.739+0000] {dag.py:3954} INFO - Setting next_dagrun for example_python_decorator to None, run_after=None
[2025-10-03T00:29:51.785+0000] {processor.py:183} INFO - Processing /home/airflow/.local/lib/python3.12/site-packages/airflow/example_dags/example_python_decorator.py took 0.189 seconds
[2025-10-03T00:30:22.081+0000] {processor.py:161} INFO - Started process (PID=17552) to work on /home/airflow/.local/lib/python3.12/site-packages/airflow/example_dags/example_python_decorator.py
[2025-10-03T00:30:22.084+0000] {processor.py:830} INFO - Processing file /home/airflow/.local/lib/python3.12/site-packages/airflow/example_dags/example_python_decorator.py for tasks to queue
[2025-10-03T00:30:22.087+0000] {logging_mixin.py:188} INFO - [2025-10-03T00:30:22.086+0000] {dagbag.py:545} INFO - Filling up the DagBag from /home/airflow/.local/lib/python3.12/site-packages/airflow/example_dags/example_python_decorator.py
[2025-10-03T00:30:22.121+0000] {processor.py:840} INFO - DAG(s) 'example_python_decorator' retrieved from /home/airflow/.local/lib/python3.12/site-packages/airflow/example_dags/example_python_decorator.py
[2025-10-03T00:30:22.173+0000] {logging_mixin.py:188} INFO - [2025-10-03T00:30:22.173+0000] {dag.py:3096} INFO - Sync 1 DAGs
[2025-10-03T00:30:22.217+0000] {logging_mixin.py:188} INFO - [2025-10-03T00:30:22.217+0000] {dag.py:3954} INFO - Setting next_dagrun for example_python_decorator to None, run_after=None
[2025-10-03T00:30:22.271+0000] {processor.py:183} INFO - Processing /home/airflow/.local/lib/python3.12/site-packages/airflow/example_dags/example_python_decorator.py took 0.208 seconds
[2025-10-03T00:30:52.483+0000] {processor.py:161} INFO - Started process (PID=17605) to work on /home/airflow/.local/lib/python3.12/site-packages/airflow/example_dags/example_python_decorator.py
[2025-10-03T00:30:52.488+0000] {processor.py:830} INFO - Processing file /home/airflow/.local/lib/python3.12/site-packages/airflow/example_dags/example_python_decorator.py for tasks to queue
[2025-10-03T00:30:52.491+0000] {logging_mixin.py:188} INFO - [2025-10-03T00:30:52.489+0000] {dagbag.py:545} INFO - Filling up the DagBag from /home/airflow/.local/lib/python3.12/site-packages/airflow/example_dags/example_python_decorator.py
[2025-10-03T00:30:52.537+0000] {processor.py:840} INFO - DAG(s) 'example_python_decorator' retrieved from /home/airflow/.local/lib/python3.12/site-packages/airflow/example_dags/example_python_decorator.py
[2025-10-03T00:30:52.603+0000] {logging_mixin.py:188} INFO - [2025-10-03T00:30:52.603+0000] {dag.py:3096} INFO - Sync 1 DAGs
[2025-10-03T00:30:52.636+0000] {logging_mixin.py:188} INFO - [2025-10-03T00:30:52.635+0000] {dag.py:3954} INFO - Setting next_dagrun for example_python_decorator to None, run_after=None
[2025-10-03T00:30:52.690+0000] {processor.py:183} INFO - Processing /home/airflow/.local/lib/python3.12/site-packages/airflow/example_dags/example_python_decorator.py took 0.232 seconds
[2025-10-03T00:31:22.909+0000] {processor.py:161} INFO - Started process (PID=17658) to work on /home/airflow/.local/lib/python3.12/site-packages/airflow/example_dags/example_python_decorator.py
[2025-10-03T00:31:22.911+0000] {processor.py:830} INFO - Processing file /home/airflow/.local/lib/python3.12/site-packages/airflow/example_dags/example_python_decorator.py for tasks to queue
[2025-10-03T00:31:22.914+0000] {logging_mixin.py:188} INFO - [2025-10-03T00:31:22.913+0000] {dagbag.py:545} INFO - Filling up the DagBag from /home/airflow/.local/lib/python3.12/site-packages/airflow/example_dags/example_python_decorator.py
[2025-10-03T00:31:22.944+0000] {processor.py:840} INFO - DAG(s) 'example_python_decorator' retrieved from /home/airflow/.local/lib/python3.12/site-packages/airflow/example_dags/example_python_decorator.py
[2025-10-03T00:31:22.997+0000] {logging_mixin.py:188} INFO - [2025-10-03T00:31:22.997+0000] {dag.py:3096} INFO - Sync 1 DAGs
[2025-10-03T00:31:23.026+0000] {logging_mixin.py:188} INFO - [2025-10-03T00:31:23.026+0000] {dag.py:3954} INFO - Setting next_dagrun for example_python_decorator to None, run_after=None
[2025-10-03T00:31:23.064+0000] {processor.py:183} INFO - Processing /home/airflow/.local/lib/python3.12/site-packages/airflow/example_dags/example_python_decorator.py took 0.170 seconds
[2025-10-03T00:31:53.380+0000] {processor.py:161} INFO - Started process (PID=17711) to work on /home/airflow/.local/lib/python3.12/site-packages/airflow/example_dags/example_python_decorator.py
[2025-10-03T00:31:53.383+0000] {processor.py:830} INFO - Processing file /home/airflow/.local/lib/python3.12/site-packages/airflow/example_dags/example_python_decorator.py for tasks to queue
[2025-10-03T00:31:53.385+0000] {logging_mixin.py:188} INFO - [2025-10-03T00:31:53.384+0000] {dagbag.py:545} INFO - Filling up the DagBag from /home/airflow/.local/lib/python3.12/site-packages/airflow/example_dags/example_python_decorator.py
[2025-10-03T00:31:53.414+0000] {processor.py:840} INFO - DAG(s) 'example_python_decorator' retrieved from /home/airflow/.local/lib/python3.12/site-packages/airflow/example_dags/example_python_decorator.py
[2025-10-03T00:31:53.466+0000] {logging_mixin.py:188} INFO - [2025-10-03T00:31:53.466+0000] {dag.py:3096} INFO - Sync 1 DAGs
[2025-10-03T00:31:53.493+0000] {logging_mixin.py:188} INFO - [2025-10-03T00:31:53.493+0000] {dag.py:3954} INFO - Setting next_dagrun for example_python_decorator to None, run_after=None
[2025-10-03T00:31:53.540+0000] {processor.py:183} INFO - Processing /home/airflow/.local/lib/python3.12/site-packages/airflow/example_dags/example_python_decorator.py took 0.174 seconds
[2025-10-03T00:32:23.739+0000] {processor.py:161} INFO - Started process (PID=17764) to work on /home/airflow/.local/lib/python3.12/site-packages/airflow/example_dags/example_python_decorator.py
[2025-10-03T00:32:23.741+0000] {processor.py:830} INFO - Processing file /home/airflow/.local/lib/python3.12/site-packages/airflow/example_dags/example_python_decorator.py for tasks to queue
[2025-10-03T00:32:23.743+0000] {logging_mixin.py:188} INFO - [2025-10-03T00:32:23.743+0000] {dagbag.py:545} INFO - Filling up the DagBag from /home/airflow/.local/lib/python3.12/site-packages/airflow/example_dags/example_python_decorator.py
[2025-10-03T00:32:23.772+0000] {processor.py:840} INFO - DAG(s) 'example_python_decorator' retrieved from /home/airflow/.local/lib/python3.12/site-packages/airflow/example_dags/example_python_decorator.py
[2025-10-03T00:32:23.824+0000] {logging_mixin.py:188} INFO - [2025-10-03T00:32:23.824+0000] {dag.py:3096} INFO - Sync 1 DAGs
[2025-10-03T00:32:23.852+0000] {logging_mixin.py:188} INFO - [2025-10-03T00:32:23.851+0000] {dag.py:3954} INFO - Setting next_dagrun for example_python_decorator to None, run_after=None
[2025-10-03T00:32:23.891+0000] {processor.py:183} INFO - Processing /home/airflow/.local/lib/python3.12/site-packages/airflow/example_dags/example_python_decorator.py took 0.167 seconds
[2025-10-03T00:32:54.201+0000] {processor.py:161} INFO - Started process (PID=17817) to work on /home/airflow/.local/lib/python3.12/site-packages/airflow/example_dags/example_python_decorator.py
[2025-10-03T00:32:54.204+0000] {processor.py:830} INFO - Processing file /home/airflow/.local/lib/python3.12/site-packages/airflow/example_dags/example_python_decorator.py for tasks to queue
[2025-10-03T00:32:54.206+0000] {logging_mixin.py:188} INFO - [2025-10-03T00:32:54.205+0000] {dagbag.py:545} INFO - Filling up the DagBag from /home/airflow/.local/lib/python3.12/site-packages/airflow/example_dags/example_python_decorator.py
[2025-10-03T00:32:54.240+0000] {processor.py:840} INFO - DAG(s) 'example_python_decorator' retrieved from /home/airflow/.local/lib/python3.12/site-packages/airflow/example_dags/example_python_decorator.py
[2025-10-03T00:32:54.291+0000] {logging_mixin.py:188} INFO - [2025-10-03T00:32:54.290+0000] {dag.py:3096} INFO - Sync 1 DAGs
[2025-10-03T00:32:54.317+0000] {logging_mixin.py:188} INFO - [2025-10-03T00:32:54.317+0000] {dag.py:3954} INFO - Setting next_dagrun for example_python_decorator to None, run_after=None
[2025-10-03T00:32:54.362+0000] {processor.py:183} INFO - Processing /home/airflow/.local/lib/python3.12/site-packages/airflow/example_dags/example_python_decorator.py took 0.185 seconds
[2025-10-03T00:33:24.486+0000] {processor.py:161} INFO - Started process (PID=17869) to work on /home/airflow/.local/lib/python3.12/site-packages/airflow/example_dags/example_python_decorator.py
[2025-10-03T00:33:24.488+0000] {processor.py:830} INFO - Processing file /home/airflow/.local/lib/python3.12/site-packages/airflow/example_dags/example_python_decorator.py for tasks to queue
[2025-10-03T00:33:24.491+0000] {logging_mixin.py:188} INFO - [2025-10-03T00:33:24.490+0000] {dagbag.py:545} INFO - Filling up the DagBag from /home/airflow/.local/lib/python3.12/site-packages/airflow/example_dags/example_python_decorator.py
[2025-10-03T00:33:24.530+0000] {processor.py:840} INFO - DAG(s) 'example_python_decorator' retrieved from /home/airflow/.local/lib/python3.12/site-packages/airflow/example_dags/example_python_decorator.py
[2025-10-03T00:33:24.586+0000] {logging_mixin.py:188} INFO - [2025-10-03T00:33:24.586+0000] {dag.py:3096} INFO - Sync 1 DAGs
[2025-10-03T00:33:24.619+0000] {logging_mixin.py:188} INFO - [2025-10-03T00:33:24.618+0000] {dag.py:3954} INFO - Setting next_dagrun for example_python_decorator to None, run_after=None
[2025-10-03T00:33:24.669+0000] {processor.py:183} INFO - Processing /home/airflow/.local/lib/python3.12/site-packages/airflow/example_dags/example_python_decorator.py took 0.197 seconds
[2025-10-03T00:33:54.832+0000] {processor.py:161} INFO - Started process (PID=17922) to work on /home/airflow/.local/lib/python3.12/site-packages/airflow/example_dags/example_python_decorator.py
[2025-10-03T00:33:54.835+0000] {processor.py:830} INFO - Processing file /home/airflow/.local/lib/python3.12/site-packages/airflow/example_dags/example_python_decorator.py for tasks to queue
[2025-10-03T00:33:54.839+0000] {logging_mixin.py:188} INFO - [2025-10-03T00:33:54.837+0000] {dagbag.py:545} INFO - Filling up the DagBag from /home/airflow/.local/lib/python3.12/site-packages/airflow/example_dags/example_python_decorator.py
[2025-10-03T00:33:54.875+0000] {processor.py:840} INFO - DAG(s) 'example_python_decorator' retrieved from /home/airflow/.local/lib/python3.12/site-packages/airflow/example_dags/example_python_decorator.py
[2025-10-03T00:33:54.934+0000] {logging_mixin.py:188} INFO - [2025-10-03T00:33:54.933+0000] {dag.py:3096} INFO - Sync 1 DAGs
[2025-10-03T00:33:54.960+0000] {logging_mixin.py:188} INFO - [2025-10-03T00:33:54.959+0000] {dag.py:3954} INFO - Setting next_dagrun for example_python_decorator to None, run_after=None
[2025-10-03T00:33:55.002+0000] {processor.py:183} INFO - Processing /home/airflow/.local/lib/python3.12/site-packages/airflow/example_dags/example_python_decorator.py took 0.190 seconds
[2025-10-03T00:34:25.852+0000] {processor.py:161} INFO - Started process (PID=17975) to work on /home/airflow/.local/lib/python3.12/site-packages/airflow/example_dags/example_python_decorator.py
[2025-10-03T00:34:25.856+0000] {processor.py:830} INFO - Processing file /home/airflow/.local/lib/python3.12/site-packages/airflow/example_dags/example_python_decorator.py for tasks to queue
[2025-10-03T00:34:25.858+0000] {logging_mixin.py:188} INFO - [2025-10-03T00:34:25.858+0000] {dagbag.py:545} INFO - Filling up the DagBag from /home/airflow/.local/lib/python3.12/site-packages/airflow/example_dags/example_python_decorator.py
[2025-10-03T00:34:25.895+0000] {processor.py:840} INFO - DAG(s) 'example_python_decorator' retrieved from /home/airflow/.local/lib/python3.12/site-packages/airflow/example_dags/example_python_decorator.py
[2025-10-03T00:34:25.950+0000] {logging_mixin.py:188} INFO - [2025-10-03T00:34:25.949+0000] {dag.py:3096} INFO - Sync 1 DAGs
[2025-10-03T00:34:25.981+0000] {logging_mixin.py:188} INFO - [2025-10-03T00:34:25.980+0000] {dag.py:3954} INFO - Setting next_dagrun for example_python_decorator to None, run_after=None
[2025-10-03T00:34:26.026+0000] {processor.py:183} INFO - Processing /home/airflow/.local/lib/python3.12/site-packages/airflow/example_dags/example_python_decorator.py took 0.192 seconds
[2025-10-03T00:34:58.705+0000] {processor.py:161} INFO - Started process (PID=18029) to work on /home/airflow/.local/lib/python3.12/site-packages/airflow/example_dags/example_python_decorator.py
[2025-10-03T00:34:58.708+0000] {processor.py:830} INFO - Processing file /home/airflow/.local/lib/python3.12/site-packages/airflow/example_dags/example_python_decorator.py for tasks to queue
[2025-10-03T00:34:58.710+0000] {logging_mixin.py:188} INFO - [2025-10-03T00:34:58.709+0000] {dagbag.py:545} INFO - Filling up the DagBag from /home/airflow/.local/lib/python3.12/site-packages/airflow/example_dags/example_python_decorator.py
[2025-10-03T00:34:58.742+0000] {processor.py:840} INFO - DAG(s) 'example_python_decorator' retrieved from /home/airflow/.local/lib/python3.12/site-packages/airflow/example_dags/example_python_decorator.py
[2025-10-03T00:34:58.808+0000] {logging_mixin.py:188} INFO - [2025-10-03T00:34:58.808+0000] {dag.py:3096} INFO - Sync 1 DAGs
[2025-10-03T00:34:59.081+0000] {logging_mixin.py:188} INFO - [2025-10-03T00:34:59.081+0000] {dag.py:3954} INFO - Setting next_dagrun for example_python_decorator to None, run_after=None
[2025-10-03T00:34:59.123+0000] {processor.py:183} INFO - Processing /home/airflow/.local/lib/python3.12/site-packages/airflow/example_dags/example_python_decorator.py took 0.434 seconds
[2025-10-03T00:35:29.954+0000] {processor.py:161} INFO - Started process (PID=18082) to work on /home/airflow/.local/lib/python3.12/site-packages/airflow/example_dags/example_python_decorator.py
[2025-10-03T00:35:29.957+0000] {processor.py:830} INFO - Processing file /home/airflow/.local/lib/python3.12/site-packages/airflow/example_dags/example_python_decorator.py for tasks to queue
[2025-10-03T00:35:29.959+0000] {logging_mixin.py:188} INFO - [2025-10-03T00:35:29.959+0000] {dagbag.py:545} INFO - Filling up the DagBag from /home/airflow/.local/lib/python3.12/site-packages/airflow/example_dags/example_python_decorator.py
[2025-10-03T00:35:29.992+0000] {processor.py:840} INFO - DAG(s) 'example_python_decorator' retrieved from /home/airflow/.local/lib/python3.12/site-packages/airflow/example_dags/example_python_decorator.py
[2025-10-03T00:35:30.042+0000] {logging_mixin.py:188} INFO - [2025-10-03T00:35:30.041+0000] {dag.py:3096} INFO - Sync 1 DAGs
[2025-10-03T00:35:30.069+0000] {logging_mixin.py:188} INFO - [2025-10-03T00:35:30.068+0000] {dag.py:3954} INFO - Setting next_dagrun for example_python_decorator to None, run_after=None
[2025-10-03T00:35:30.109+0000] {processor.py:183} INFO - Processing /home/airflow/.local/lib/python3.12/site-packages/airflow/example_dags/example_python_decorator.py took 0.169 seconds
[2025-10-03T00:36:00.434+0000] {processor.py:161} INFO - Started process (PID=18135) to work on /home/airflow/.local/lib/python3.12/site-packages/airflow/example_dags/example_python_decorator.py
[2025-10-03T00:36:00.437+0000] {processor.py:830} INFO - Processing file /home/airflow/.local/lib/python3.12/site-packages/airflow/example_dags/example_python_decorator.py for tasks to queue
[2025-10-03T00:36:00.440+0000] {logging_mixin.py:188} INFO - [2025-10-03T00:36:00.439+0000] {dagbag.py:545} INFO - Filling up the DagBag from /home/airflow/.local/lib/python3.12/site-packages/airflow/example_dags/example_python_decorator.py
[2025-10-03T00:36:00.471+0000] {processor.py:840} INFO - DAG(s) 'example_python_decorator' retrieved from /home/airflow/.local/lib/python3.12/site-packages/airflow/example_dags/example_python_decorator.py
[2025-10-03T00:36:00.522+0000] {logging_mixin.py:188} INFO - [2025-10-03T00:36:00.522+0000] {dag.py:3096} INFO - Sync 1 DAGs
[2025-10-03T00:36:00.550+0000] {logging_mixin.py:188} INFO - [2025-10-03T00:36:00.549+0000] {dag.py:3954} INFO - Setting next_dagrun for example_python_decorator to None, run_after=None
[2025-10-03T00:36:00.590+0000] {processor.py:183} INFO - Processing /home/airflow/.local/lib/python3.12/site-packages/airflow/example_dags/example_python_decorator.py took 0.173 seconds
[2025-10-03T00:36:31.161+0000] {processor.py:161} INFO - Started process (PID=18188) to work on /home/airflow/.local/lib/python3.12/site-packages/airflow/example_dags/example_python_decorator.py
[2025-10-03T00:36:31.163+0000] {processor.py:830} INFO - Processing file /home/airflow/.local/lib/python3.12/site-packages/airflow/example_dags/example_python_decorator.py for tasks to queue
[2025-10-03T00:36:31.165+0000] {logging_mixin.py:188} INFO - [2025-10-03T00:36:31.165+0000] {dagbag.py:545} INFO - Filling up the DagBag from /home/airflow/.local/lib/python3.12/site-packages/airflow/example_dags/example_python_decorator.py
[2025-10-03T00:36:31.519+0000] {processor.py:840} INFO - DAG(s) 'example_python_decorator' retrieved from /home/airflow/.local/lib/python3.12/site-packages/airflow/example_dags/example_python_decorator.py
[2025-10-03T00:36:31.565+0000] {logging_mixin.py:188} INFO - [2025-10-03T00:36:31.564+0000] {dag.py:3096} INFO - Sync 1 DAGs
[2025-10-03T00:36:31.588+0000] {logging_mixin.py:188} INFO - [2025-10-03T00:36:31.588+0000] {dag.py:3954} INFO - Setting next_dagrun for example_python_decorator to None, run_after=None
[2025-10-03T00:36:31.629+0000] {processor.py:183} INFO - Processing /home/airflow/.local/lib/python3.12/site-packages/airflow/example_dags/example_python_decorator.py took 0.483 seconds
[2025-10-03T00:37:02.542+0000] {processor.py:161} INFO - Started process (PID=18241) to work on /home/airflow/.local/lib/python3.12/site-packages/airflow/example_dags/example_python_decorator.py
[2025-10-03T00:37:02.545+0000] {processor.py:830} INFO - Processing file /home/airflow/.local/lib/python3.12/site-packages/airflow/example_dags/example_python_decorator.py for tasks to queue
[2025-10-03T00:37:02.547+0000] {logging_mixin.py:188} INFO - [2025-10-03T00:37:02.546+0000] {dagbag.py:545} INFO - Filling up the DagBag from /home/airflow/.local/lib/python3.12/site-packages/airflow/example_dags/example_python_decorator.py
[2025-10-03T00:37:02.581+0000] {processor.py:840} INFO - DAG(s) 'example_python_decorator' retrieved from /home/airflow/.local/lib/python3.12/site-packages/airflow/example_dags/example_python_decorator.py
[2025-10-03T00:37:02.639+0000] {logging_mixin.py:188} INFO - [2025-10-03T00:37:02.638+0000] {dag.py:3096} INFO - Sync 1 DAGs
[2025-10-03T00:37:02.665+0000] {logging_mixin.py:188} INFO - [2025-10-03T00:37:02.665+0000] {dag.py:3954} INFO - Setting next_dagrun for example_python_decorator to None, run_after=None
[2025-10-03T00:37:02.704+0000] {processor.py:183} INFO - Processing /home/airflow/.local/lib/python3.12/site-packages/airflow/example_dags/example_python_decorator.py took 0.178 seconds
[2025-10-03T00:37:33.205+0000] {processor.py:161} INFO - Started process (PID=18294) to work on /home/airflow/.local/lib/python3.12/site-packages/airflow/example_dags/example_python_decorator.py
[2025-10-03T00:37:33.212+0000] {processor.py:830} INFO - Processing file /home/airflow/.local/lib/python3.12/site-packages/airflow/example_dags/example_python_decorator.py for tasks to queue
[2025-10-03T00:37:33.216+0000] {logging_mixin.py:188} INFO - [2025-10-03T00:37:33.214+0000] {dagbag.py:545} INFO - Filling up the DagBag from /home/airflow/.local/lib/python3.12/site-packages/airflow/example_dags/example_python_decorator.py
[2025-10-03T00:37:33.261+0000] {processor.py:840} INFO - DAG(s) 'example_python_decorator' retrieved from /home/airflow/.local/lib/python3.12/site-packages/airflow/example_dags/example_python_decorator.py
[2025-10-03T00:37:33.334+0000] {logging_mixin.py:188} INFO - [2025-10-03T00:37:33.331+0000] {dag.py:3096} INFO - Sync 1 DAGs
[2025-10-03T00:37:33.390+0000] {logging_mixin.py:188} INFO - [2025-10-03T00:37:33.389+0000] {dag.py:3954} INFO - Setting next_dagrun for example_python_decorator to None, run_after=None
[2025-10-03T00:37:33.458+0000] {processor.py:183} INFO - Processing /home/airflow/.local/lib/python3.12/site-packages/airflow/example_dags/example_python_decorator.py took 0.279 seconds
[2025-10-03T00:38:03.596+0000] {processor.py:161} INFO - Started process (PID=18346) to work on /home/airflow/.local/lib/python3.12/site-packages/airflow/example_dags/example_python_decorator.py
[2025-10-03T00:38:03.598+0000] {processor.py:830} INFO - Processing file /home/airflow/.local/lib/python3.12/site-packages/airflow/example_dags/example_python_decorator.py for tasks to queue
[2025-10-03T00:38:03.600+0000] {logging_mixin.py:188} INFO - [2025-10-03T00:38:03.600+0000] {dagbag.py:545} INFO - Filling up the DagBag from /home/airflow/.local/lib/python3.12/site-packages/airflow/example_dags/example_python_decorator.py
[2025-10-03T00:38:03.631+0000] {processor.py:840} INFO - DAG(s) 'example_python_decorator' retrieved from /home/airflow/.local/lib/python3.12/site-packages/airflow/example_dags/example_python_decorator.py
[2025-10-03T00:38:03.687+0000] {logging_mixin.py:188} INFO - [2025-10-03T00:38:03.686+0000] {dag.py:3096} INFO - Sync 1 DAGs
[2025-10-03T00:38:03.716+0000] {logging_mixin.py:188} INFO - [2025-10-03T00:38:03.715+0000] {dag.py:3954} INFO - Setting next_dagrun for example_python_decorator to None, run_after=None
[2025-10-03T00:38:03.763+0000] {processor.py:183} INFO - Processing /home/airflow/.local/lib/python3.12/site-packages/airflow/example_dags/example_python_decorator.py took 0.182 seconds
