[2025-10-03T00:00:11.282+0000] {processor.py:161} INFO - Started process (PID=14435) to work on /home/airflow/.local/lib/python3.12/site-packages/airflow/example_dags/example_setup_teardown.py
[2025-10-03T00:00:11.286+0000] {processor.py:830} INFO - Processing file /home/airflow/.local/lib/python3.12/site-packages/airflow/example_dags/example_setup_teardown.py for tasks to queue
[2025-10-03T00:00:11.291+0000] {logging_mixin.py:188} INFO - [2025-10-03T00:00:11.289+0000] {dagbag.py:545} INFO - Filling up the DagBag from /home/airflow/.local/lib/python3.12/site-packages/airflow/example_dags/example_setup_teardown.py
[2025-10-03T00:00:11.334+0000] {processor.py:840} INFO - DAG(s) 'example_setup_teardown' retrieved from /home/airflow/.local/lib/python3.12/site-packages/airflow/example_dags/example_setup_teardown.py
[2025-10-03T00:00:11.461+0000] {logging_mixin.py:188} INFO - [2025-10-03T00:00:11.460+0000] {dag.py:3096} INFO - Sync 1 DAGs
[2025-10-03T00:00:11.549+0000] {logging_mixin.py:188} INFO - [2025-10-03T00:00:11.548+0000] {dag.py:3954} INFO - Setting next_dagrun for example_setup_teardown to 2025-10-02 00:00:00+00:00, run_after=2025-10-03 00:00:00+00:00
[2025-10-03T00:00:11.595+0000] {processor.py:183} INFO - Processing /home/airflow/.local/lib/python3.12/site-packages/airflow/example_dags/example_setup_teardown.py took 0.354 seconds
[2025-10-03T00:00:42.103+0000] {processor.py:161} INFO - Started process (PID=14488) to work on /home/airflow/.local/lib/python3.12/site-packages/airflow/example_dags/example_setup_teardown.py
[2025-10-03T00:00:42.105+0000] {processor.py:830} INFO - Processing file /home/airflow/.local/lib/python3.12/site-packages/airflow/example_dags/example_setup_teardown.py for tasks to queue
[2025-10-03T00:00:42.107+0000] {logging_mixin.py:188} INFO - [2025-10-03T00:00:42.106+0000] {dagbag.py:545} INFO - Filling up the DagBag from /home/airflow/.local/lib/python3.12/site-packages/airflow/example_dags/example_setup_teardown.py
[2025-10-03T00:00:42.124+0000] {processor.py:840} INFO - DAG(s) 'example_setup_teardown' retrieved from /home/airflow/.local/lib/python3.12/site-packages/airflow/example_dags/example_setup_teardown.py
[2025-10-03T00:00:42.171+0000] {logging_mixin.py:188} INFO - [2025-10-03T00:00:42.170+0000] {dag.py:3096} INFO - Sync 1 DAGs
[2025-10-03T00:00:42.220+0000] {logging_mixin.py:188} INFO - [2025-10-03T00:00:42.219+0000] {dag.py:3954} INFO - Setting next_dagrun for example_setup_teardown to 2025-10-02 00:00:00+00:00, run_after=2025-10-03 00:00:00+00:00
[2025-10-03T00:00:42.261+0000] {processor.py:183} INFO - Processing /home/airflow/.local/lib/python3.12/site-packages/airflow/example_dags/example_setup_teardown.py took 0.172 seconds
[2025-10-03T00:01:13.104+0000] {processor.py:161} INFO - Started process (PID=14541) to work on /home/airflow/.local/lib/python3.12/site-packages/airflow/example_dags/example_setup_teardown.py
[2025-10-03T00:01:13.110+0000] {processor.py:830} INFO - Processing file /home/airflow/.local/lib/python3.12/site-packages/airflow/example_dags/example_setup_teardown.py for tasks to queue
[2025-10-03T00:01:13.113+0000] {logging_mixin.py:188} INFO - [2025-10-03T00:01:13.112+0000] {dagbag.py:545} INFO - Filling up the DagBag from /home/airflow/.local/lib/python3.12/site-packages/airflow/example_dags/example_setup_teardown.py
[2025-10-03T00:01:13.132+0000] {processor.py:840} INFO - DAG(s) 'example_setup_teardown' retrieved from /home/airflow/.local/lib/python3.12/site-packages/airflow/example_dags/example_setup_teardown.py
[2025-10-03T00:01:13.201+0000] {logging_mixin.py:188} INFO - [2025-10-03T00:01:13.200+0000] {dag.py:3096} INFO - Sync 1 DAGs
[2025-10-03T00:01:13.251+0000] {logging_mixin.py:188} INFO - [2025-10-03T00:01:13.250+0000] {dag.py:3954} INFO - Setting next_dagrun for example_setup_teardown to 2025-10-02 00:00:00+00:00, run_after=2025-10-03 00:00:00+00:00
[2025-10-03T00:01:13.291+0000] {processor.py:183} INFO - Processing /home/airflow/.local/lib/python3.12/site-packages/airflow/example_dags/example_setup_teardown.py took 0.206 seconds
[2025-10-03T00:01:43.424+0000] {processor.py:161} INFO - Started process (PID=14594) to work on /home/airflow/.local/lib/python3.12/site-packages/airflow/example_dags/example_setup_teardown.py
[2025-10-03T00:01:43.427+0000] {processor.py:830} INFO - Processing file /home/airflow/.local/lib/python3.12/site-packages/airflow/example_dags/example_setup_teardown.py for tasks to queue
[2025-10-03T00:01:43.429+0000] {logging_mixin.py:188} INFO - [2025-10-03T00:01:43.429+0000] {dagbag.py:545} INFO - Filling up the DagBag from /home/airflow/.local/lib/python3.12/site-packages/airflow/example_dags/example_setup_teardown.py
[2025-10-03T00:01:43.449+0000] {processor.py:840} INFO - DAG(s) 'example_setup_teardown' retrieved from /home/airflow/.local/lib/python3.12/site-packages/airflow/example_dags/example_setup_teardown.py
[2025-10-03T00:01:43.495+0000] {logging_mixin.py:188} INFO - [2025-10-03T00:01:43.495+0000] {dag.py:3096} INFO - Sync 1 DAGs
[2025-10-03T00:01:43.540+0000] {logging_mixin.py:188} INFO - [2025-10-03T00:01:43.539+0000] {dag.py:3954} INFO - Setting next_dagrun for example_setup_teardown to 2025-10-02 00:00:00+00:00, run_after=2025-10-03 00:00:00+00:00
[2025-10-03T00:01:43.588+0000] {processor.py:183} INFO - Processing /home/airflow/.local/lib/python3.12/site-packages/airflow/example_dags/example_setup_teardown.py took 0.177 seconds
[2025-10-03T00:02:14.236+0000] {processor.py:161} INFO - Started process (PID=14647) to work on /home/airflow/.local/lib/python3.12/site-packages/airflow/example_dags/example_setup_teardown.py
[2025-10-03T00:02:14.239+0000] {processor.py:830} INFO - Processing file /home/airflow/.local/lib/python3.12/site-packages/airflow/example_dags/example_setup_teardown.py for tasks to queue
[2025-10-03T00:02:14.241+0000] {logging_mixin.py:188} INFO - [2025-10-03T00:02:14.240+0000] {dagbag.py:545} INFO - Filling up the DagBag from /home/airflow/.local/lib/python3.12/site-packages/airflow/example_dags/example_setup_teardown.py
[2025-10-03T00:02:14.268+0000] {processor.py:840} INFO - DAG(s) 'example_setup_teardown' retrieved from /home/airflow/.local/lib/python3.12/site-packages/airflow/example_dags/example_setup_teardown.py
[2025-10-03T00:02:14.328+0000] {logging_mixin.py:188} INFO - [2025-10-03T00:02:14.328+0000] {dag.py:3096} INFO - Sync 1 DAGs
[2025-10-03T00:02:14.394+0000] {logging_mixin.py:188} INFO - [2025-10-03T00:02:14.394+0000] {dag.py:3954} INFO - Setting next_dagrun for example_setup_teardown to 2025-10-02 00:00:00+00:00, run_after=2025-10-03 00:00:00+00:00
[2025-10-03T00:02:14.443+0000] {processor.py:183} INFO - Processing /home/airflow/.local/lib/python3.12/site-packages/airflow/example_dags/example_setup_teardown.py took 0.233 seconds
[2025-10-03T00:02:44.765+0000] {processor.py:161} INFO - Started process (PID=14700) to work on /home/airflow/.local/lib/python3.12/site-packages/airflow/example_dags/example_setup_teardown.py
[2025-10-03T00:02:44.767+0000] {processor.py:830} INFO - Processing file /home/airflow/.local/lib/python3.12/site-packages/airflow/example_dags/example_setup_teardown.py for tasks to queue
[2025-10-03T00:02:44.769+0000] {logging_mixin.py:188} INFO - [2025-10-03T00:02:44.769+0000] {dagbag.py:545} INFO - Filling up the DagBag from /home/airflow/.local/lib/python3.12/site-packages/airflow/example_dags/example_setup_teardown.py
[2025-10-03T00:02:44.791+0000] {processor.py:840} INFO - DAG(s) 'example_setup_teardown' retrieved from /home/airflow/.local/lib/python3.12/site-packages/airflow/example_dags/example_setup_teardown.py
[2025-10-03T00:02:44.845+0000] {logging_mixin.py:188} INFO - [2025-10-03T00:02:44.845+0000] {dag.py:3096} INFO - Sync 1 DAGs
[2025-10-03T00:02:44.910+0000] {logging_mixin.py:188} INFO - [2025-10-03T00:02:44.909+0000] {dag.py:3954} INFO - Setting next_dagrun for example_setup_teardown to 2025-10-02 00:00:00+00:00, run_after=2025-10-03 00:00:00+00:00
[2025-10-03T00:02:44.966+0000] {processor.py:183} INFO - Processing /home/airflow/.local/lib/python3.12/site-packages/airflow/example_dags/example_setup_teardown.py took 0.218 seconds
[2025-10-03T00:03:15.522+0000] {processor.py:161} INFO - Started process (PID=14753) to work on /home/airflow/.local/lib/python3.12/site-packages/airflow/example_dags/example_setup_teardown.py
[2025-10-03T00:03:15.525+0000] {processor.py:830} INFO - Processing file /home/airflow/.local/lib/python3.12/site-packages/airflow/example_dags/example_setup_teardown.py for tasks to queue
[2025-10-03T00:03:15.527+0000] {logging_mixin.py:188} INFO - [2025-10-03T00:03:15.527+0000] {dagbag.py:545} INFO - Filling up the DagBag from /home/airflow/.local/lib/python3.12/site-packages/airflow/example_dags/example_setup_teardown.py
[2025-10-03T00:03:15.556+0000] {processor.py:840} INFO - DAG(s) 'example_setup_teardown' retrieved from /home/airflow/.local/lib/python3.12/site-packages/airflow/example_dags/example_setup_teardown.py
[2025-10-03T00:03:15.622+0000] {logging_mixin.py:188} INFO - [2025-10-03T00:03:15.621+0000] {dag.py:3096} INFO - Sync 1 DAGs
[2025-10-03T00:03:15.669+0000] {logging_mixin.py:188} INFO - [2025-10-03T00:03:15.668+0000] {dag.py:3954} INFO - Setting next_dagrun for example_setup_teardown to 2025-10-02 00:00:00+00:00, run_after=2025-10-03 00:00:00+00:00
[2025-10-03T00:03:15.720+0000] {processor.py:183} INFO - Processing /home/airflow/.local/lib/python3.12/site-packages/airflow/example_dags/example_setup_teardown.py took 0.220 seconds
[2025-10-03T00:03:46.147+0000] {processor.py:161} INFO - Started process (PID=14807) to work on /home/airflow/.local/lib/python3.12/site-packages/airflow/example_dags/example_setup_teardown.py
[2025-10-03T00:03:46.150+0000] {processor.py:830} INFO - Processing file /home/airflow/.local/lib/python3.12/site-packages/airflow/example_dags/example_setup_teardown.py for tasks to queue
[2025-10-03T00:03:46.152+0000] {logging_mixin.py:188} INFO - [2025-10-03T00:03:46.151+0000] {dagbag.py:545} INFO - Filling up the DagBag from /home/airflow/.local/lib/python3.12/site-packages/airflow/example_dags/example_setup_teardown.py
[2025-10-03T00:03:46.172+0000] {processor.py:840} INFO - DAG(s) 'example_setup_teardown' retrieved from /home/airflow/.local/lib/python3.12/site-packages/airflow/example_dags/example_setup_teardown.py
[2025-10-03T00:03:46.224+0000] {logging_mixin.py:188} INFO - [2025-10-03T00:03:46.224+0000] {dag.py:3096} INFO - Sync 1 DAGs
[2025-10-03T00:03:46.279+0000] {logging_mixin.py:188} INFO - [2025-10-03T00:03:46.278+0000] {dag.py:3954} INFO - Setting next_dagrun for example_setup_teardown to 2025-10-02 00:00:00+00:00, run_after=2025-10-03 00:00:00+00:00
[2025-10-03T00:03:46.325+0000] {processor.py:183} INFO - Processing /home/airflow/.local/lib/python3.12/site-packages/airflow/example_dags/example_setup_teardown.py took 0.193 seconds
[2025-10-03T00:04:16.710+0000] {processor.py:161} INFO - Started process (PID=14859) to work on /home/airflow/.local/lib/python3.12/site-packages/airflow/example_dags/example_setup_teardown.py
[2025-10-03T00:04:16.714+0000] {processor.py:830} INFO - Processing file /home/airflow/.local/lib/python3.12/site-packages/airflow/example_dags/example_setup_teardown.py for tasks to queue
[2025-10-03T00:04:16.718+0000] {logging_mixin.py:188} INFO - [2025-10-03T00:04:16.716+0000] {dagbag.py:545} INFO - Filling up the DagBag from /home/airflow/.local/lib/python3.12/site-packages/airflow/example_dags/example_setup_teardown.py
[2025-10-03T00:04:16.743+0000] {processor.py:840} INFO - DAG(s) 'example_setup_teardown' retrieved from /home/airflow/.local/lib/python3.12/site-packages/airflow/example_dags/example_setup_teardown.py
[2025-10-03T00:04:16.799+0000] {logging_mixin.py:188} INFO - [2025-10-03T00:04:16.799+0000] {dag.py:3096} INFO - Sync 1 DAGs
[2025-10-03T00:04:16.854+0000] {logging_mixin.py:188} INFO - [2025-10-03T00:04:16.854+0000] {dag.py:3954} INFO - Setting next_dagrun for example_setup_teardown to 2025-10-02 00:00:00+00:00, run_after=2025-10-03 00:00:00+00:00
[2025-10-03T00:04:16.904+0000] {processor.py:183} INFO - Processing /home/airflow/.local/lib/python3.12/site-packages/airflow/example_dags/example_setup_teardown.py took 0.213 seconds
[2025-10-03T00:04:47.220+0000] {processor.py:161} INFO - Started process (PID=14912) to work on /home/airflow/.local/lib/python3.12/site-packages/airflow/example_dags/example_setup_teardown.py
[2025-10-03T00:04:47.223+0000] {processor.py:830} INFO - Processing file /home/airflow/.local/lib/python3.12/site-packages/airflow/example_dags/example_setup_teardown.py for tasks to queue
[2025-10-03T00:04:47.226+0000] {logging_mixin.py:188} INFO - [2025-10-03T00:04:47.224+0000] {dagbag.py:545} INFO - Filling up the DagBag from /home/airflow/.local/lib/python3.12/site-packages/airflow/example_dags/example_setup_teardown.py
[2025-10-03T00:04:47.247+0000] {processor.py:840} INFO - DAG(s) 'example_setup_teardown' retrieved from /home/airflow/.local/lib/python3.12/site-packages/airflow/example_dags/example_setup_teardown.py
[2025-10-03T00:04:47.297+0000] {logging_mixin.py:188} INFO - [2025-10-03T00:04:47.297+0000] {dag.py:3096} INFO - Sync 1 DAGs
[2025-10-03T00:04:47.346+0000] {logging_mixin.py:188} INFO - [2025-10-03T00:04:47.345+0000] {dag.py:3954} INFO - Setting next_dagrun for example_setup_teardown to 2025-10-02 00:00:00+00:00, run_after=2025-10-03 00:00:00+00:00
[2025-10-03T00:04:47.388+0000] {processor.py:183} INFO - Processing /home/airflow/.local/lib/python3.12/site-packages/airflow/example_dags/example_setup_teardown.py took 0.186 seconds
[2025-10-03T00:05:17.891+0000] {processor.py:161} INFO - Started process (PID=14965) to work on /home/airflow/.local/lib/python3.12/site-packages/airflow/example_dags/example_setup_teardown.py
[2025-10-03T00:05:17.893+0000] {processor.py:830} INFO - Processing file /home/airflow/.local/lib/python3.12/site-packages/airflow/example_dags/example_setup_teardown.py for tasks to queue
[2025-10-03T00:05:17.895+0000] {logging_mixin.py:188} INFO - [2025-10-03T00:05:17.894+0000] {dagbag.py:545} INFO - Filling up the DagBag from /home/airflow/.local/lib/python3.12/site-packages/airflow/example_dags/example_setup_teardown.py
[2025-10-03T00:05:17.915+0000] {processor.py:840} INFO - DAG(s) 'example_setup_teardown' retrieved from /home/airflow/.local/lib/python3.12/site-packages/airflow/example_dags/example_setup_teardown.py
[2025-10-03T00:05:17.964+0000] {logging_mixin.py:188} INFO - [2025-10-03T00:05:17.964+0000] {dag.py:3096} INFO - Sync 1 DAGs
[2025-10-03T00:05:18.011+0000] {logging_mixin.py:188} INFO - [2025-10-03T00:05:18.011+0000] {dag.py:3954} INFO - Setting next_dagrun for example_setup_teardown to 2025-10-02 00:00:00+00:00, run_after=2025-10-03 00:00:00+00:00
[2025-10-03T00:05:18.067+0000] {processor.py:183} INFO - Processing /home/airflow/.local/lib/python3.12/site-packages/airflow/example_dags/example_setup_teardown.py took 0.191 seconds
[2025-10-03T00:05:48.449+0000] {processor.py:161} INFO - Started process (PID=15018) to work on /home/airflow/.local/lib/python3.12/site-packages/airflow/example_dags/example_setup_teardown.py
[2025-10-03T00:05:48.452+0000] {processor.py:830} INFO - Processing file /home/airflow/.local/lib/python3.12/site-packages/airflow/example_dags/example_setup_teardown.py for tasks to queue
[2025-10-03T00:05:48.455+0000] {logging_mixin.py:188} INFO - [2025-10-03T00:05:48.454+0000] {dagbag.py:545} INFO - Filling up the DagBag from /home/airflow/.local/lib/python3.12/site-packages/airflow/example_dags/example_setup_teardown.py
[2025-10-03T00:05:48.474+0000] {processor.py:840} INFO - DAG(s) 'example_setup_teardown' retrieved from /home/airflow/.local/lib/python3.12/site-packages/airflow/example_dags/example_setup_teardown.py
[2025-10-03T00:05:48.525+0000] {logging_mixin.py:188} INFO - [2025-10-03T00:05:48.525+0000] {dag.py:3096} INFO - Sync 1 DAGs
[2025-10-03T00:05:48.570+0000] {logging_mixin.py:188} INFO - [2025-10-03T00:05:48.569+0000] {dag.py:3954} INFO - Setting next_dagrun for example_setup_teardown to 2025-10-02 00:00:00+00:00, run_after=2025-10-03 00:00:00+00:00
[2025-10-03T00:05:48.611+0000] {processor.py:183} INFO - Processing /home/airflow/.local/lib/python3.12/site-packages/airflow/example_dags/example_setup_teardown.py took 0.182 seconds
[2025-10-03T00:06:18.977+0000] {processor.py:161} INFO - Started process (PID=15071) to work on /home/airflow/.local/lib/python3.12/site-packages/airflow/example_dags/example_setup_teardown.py
[2025-10-03T00:06:18.984+0000] {processor.py:830} INFO - Processing file /home/airflow/.local/lib/python3.12/site-packages/airflow/example_dags/example_setup_teardown.py for tasks to queue
[2025-10-03T00:06:18.992+0000] {logging_mixin.py:188} INFO - [2025-10-03T00:06:18.988+0000] {dagbag.py:545} INFO - Filling up the DagBag from /home/airflow/.local/lib/python3.12/site-packages/airflow/example_dags/example_setup_teardown.py
[2025-10-03T00:06:19.040+0000] {processor.py:840} INFO - DAG(s) 'example_setup_teardown' retrieved from /home/airflow/.local/lib/python3.12/site-packages/airflow/example_dags/example_setup_teardown.py
[2025-10-03T00:06:19.135+0000] {logging_mixin.py:188} INFO - [2025-10-03T00:06:19.134+0000] {dag.py:3096} INFO - Sync 1 DAGs
[2025-10-03T00:06:19.232+0000] {logging_mixin.py:188} INFO - [2025-10-03T00:06:19.232+0000] {dag.py:3954} INFO - Setting next_dagrun for example_setup_teardown to 2025-10-02 00:00:00+00:00, run_after=2025-10-03 00:00:00+00:00
[2025-10-03T00:06:19.291+0000] {processor.py:183} INFO - Processing /home/airflow/.local/lib/python3.12/site-packages/airflow/example_dags/example_setup_teardown.py took 0.352 seconds
[2025-10-03T00:06:50.145+0000] {processor.py:161} INFO - Started process (PID=15124) to work on /home/airflow/.local/lib/python3.12/site-packages/airflow/example_dags/example_setup_teardown.py
[2025-10-03T00:06:50.147+0000] {processor.py:830} INFO - Processing file /home/airflow/.local/lib/python3.12/site-packages/airflow/example_dags/example_setup_teardown.py for tasks to queue
[2025-10-03T00:06:50.153+0000] {logging_mixin.py:188} INFO - [2025-10-03T00:06:50.151+0000] {dagbag.py:545} INFO - Filling up the DagBag from /home/airflow/.local/lib/python3.12/site-packages/airflow/example_dags/example_setup_teardown.py
[2025-10-03T00:06:50.179+0000] {processor.py:840} INFO - DAG(s) 'example_setup_teardown' retrieved from /home/airflow/.local/lib/python3.12/site-packages/airflow/example_dags/example_setup_teardown.py
[2025-10-03T00:06:50.238+0000] {logging_mixin.py:188} INFO - [2025-10-03T00:06:50.237+0000] {dag.py:3096} INFO - Sync 1 DAGs
[2025-10-03T00:06:50.323+0000] {logging_mixin.py:188} INFO - [2025-10-03T00:06:50.322+0000] {dag.py:3954} INFO - Setting next_dagrun for example_setup_teardown to 2025-10-02 00:00:00+00:00, run_after=2025-10-03 00:00:00+00:00
[2025-10-03T00:06:50.379+0000] {processor.py:183} INFO - Processing /home/airflow/.local/lib/python3.12/site-packages/airflow/example_dags/example_setup_teardown.py took 0.254 seconds
[2025-10-03T00:07:20.905+0000] {processor.py:161} INFO - Started process (PID=15177) to work on /home/airflow/.local/lib/python3.12/site-packages/airflow/example_dags/example_setup_teardown.py
[2025-10-03T00:07:20.908+0000] {processor.py:830} INFO - Processing file /home/airflow/.local/lib/python3.12/site-packages/airflow/example_dags/example_setup_teardown.py for tasks to queue
[2025-10-03T00:07:20.911+0000] {logging_mixin.py:188} INFO - [2025-10-03T00:07:20.910+0000] {dagbag.py:545} INFO - Filling up the DagBag from /home/airflow/.local/lib/python3.12/site-packages/airflow/example_dags/example_setup_teardown.py
[2025-10-03T00:07:20.930+0000] {processor.py:840} INFO - DAG(s) 'example_setup_teardown' retrieved from /home/airflow/.local/lib/python3.12/site-packages/airflow/example_dags/example_setup_teardown.py
[2025-10-03T00:07:20.994+0000] {logging_mixin.py:188} INFO - [2025-10-03T00:07:20.994+0000] {dag.py:3096} INFO - Sync 1 DAGs
[2025-10-03T00:07:21.041+0000] {logging_mixin.py:188} INFO - [2025-10-03T00:07:21.041+0000] {dag.py:3954} INFO - Setting next_dagrun for example_setup_teardown to 2025-10-02 00:00:00+00:00, run_after=2025-10-03 00:00:00+00:00
[2025-10-03T00:07:21.110+0000] {processor.py:183} INFO - Processing /home/airflow/.local/lib/python3.12/site-packages/airflow/example_dags/example_setup_teardown.py took 0.222 seconds
[2025-10-03T00:07:51.430+0000] {processor.py:161} INFO - Started process (PID=15230) to work on /home/airflow/.local/lib/python3.12/site-packages/airflow/example_dags/example_setup_teardown.py
[2025-10-03T00:07:51.432+0000] {processor.py:830} INFO - Processing file /home/airflow/.local/lib/python3.12/site-packages/airflow/example_dags/example_setup_teardown.py for tasks to queue
[2025-10-03T00:07:51.435+0000] {logging_mixin.py:188} INFO - [2025-10-03T00:07:51.434+0000] {dagbag.py:545} INFO - Filling up the DagBag from /home/airflow/.local/lib/python3.12/site-packages/airflow/example_dags/example_setup_teardown.py
[2025-10-03T00:07:51.453+0000] {processor.py:840} INFO - DAG(s) 'example_setup_teardown' retrieved from /home/airflow/.local/lib/python3.12/site-packages/airflow/example_dags/example_setup_teardown.py
[2025-10-03T00:07:51.501+0000] {logging_mixin.py:188} INFO - [2025-10-03T00:07:51.501+0000] {dag.py:3096} INFO - Sync 1 DAGs
[2025-10-03T00:07:51.552+0000] {logging_mixin.py:188} INFO - [2025-10-03T00:07:51.552+0000] {dag.py:3954} INFO - Setting next_dagrun for example_setup_teardown to 2025-10-02 00:00:00+00:00, run_after=2025-10-03 00:00:00+00:00
[2025-10-03T00:07:51.595+0000] {processor.py:183} INFO - Processing /home/airflow/.local/lib/python3.12/site-packages/airflow/example_dags/example_setup_teardown.py took 0.180 seconds
[2025-10-03T00:08:21.823+0000] {processor.py:161} INFO - Started process (PID=15283) to work on /home/airflow/.local/lib/python3.12/site-packages/airflow/example_dags/example_setup_teardown.py
[2025-10-03T00:08:21.826+0000] {processor.py:830} INFO - Processing file /home/airflow/.local/lib/python3.12/site-packages/airflow/example_dags/example_setup_teardown.py for tasks to queue
[2025-10-03T00:08:21.828+0000] {logging_mixin.py:188} INFO - [2025-10-03T00:08:21.827+0000] {dagbag.py:545} INFO - Filling up the DagBag from /home/airflow/.local/lib/python3.12/site-packages/airflow/example_dags/example_setup_teardown.py
[2025-10-03T00:08:21.844+0000] {processor.py:840} INFO - DAG(s) 'example_setup_teardown' retrieved from /home/airflow/.local/lib/python3.12/site-packages/airflow/example_dags/example_setup_teardown.py
[2025-10-03T00:08:21.893+0000] {logging_mixin.py:188} INFO - [2025-10-03T00:08:21.893+0000] {dag.py:3096} INFO - Sync 1 DAGs
[2025-10-03T00:08:21.938+0000] {logging_mixin.py:188} INFO - [2025-10-03T00:08:21.938+0000] {dag.py:3954} INFO - Setting next_dagrun for example_setup_teardown to 2025-10-02 00:00:00+00:00, run_after=2025-10-03 00:00:00+00:00
[2025-10-03T00:08:21.986+0000] {processor.py:183} INFO - Processing /home/airflow/.local/lib/python3.12/site-packages/airflow/example_dags/example_setup_teardown.py took 0.177 seconds
[2025-10-03T00:08:52.307+0000] {processor.py:161} INFO - Started process (PID=15336) to work on /home/airflow/.local/lib/python3.12/site-packages/airflow/example_dags/example_setup_teardown.py
[2025-10-03T00:08:52.310+0000] {processor.py:830} INFO - Processing file /home/airflow/.local/lib/python3.12/site-packages/airflow/example_dags/example_setup_teardown.py for tasks to queue
[2025-10-03T00:08:52.312+0000] {logging_mixin.py:188} INFO - [2025-10-03T00:08:52.312+0000] {dagbag.py:545} INFO - Filling up the DagBag from /home/airflow/.local/lib/python3.12/site-packages/airflow/example_dags/example_setup_teardown.py
[2025-10-03T00:08:52.330+0000] {processor.py:840} INFO - DAG(s) 'example_setup_teardown' retrieved from /home/airflow/.local/lib/python3.12/site-packages/airflow/example_dags/example_setup_teardown.py
[2025-10-03T00:08:52.389+0000] {logging_mixin.py:188} INFO - [2025-10-03T00:08:52.388+0000] {dag.py:3096} INFO - Sync 1 DAGs
[2025-10-03T00:08:52.436+0000] {logging_mixin.py:188} INFO - [2025-10-03T00:08:52.435+0000] {dag.py:3954} INFO - Setting next_dagrun for example_setup_teardown to 2025-10-02 00:00:00+00:00, run_after=2025-10-03 00:00:00+00:00
[2025-10-03T00:08:52.485+0000] {processor.py:183} INFO - Processing /home/airflow/.local/lib/python3.12/site-packages/airflow/example_dags/example_setup_teardown.py took 0.192 seconds
[2025-10-03T00:09:23.098+0000] {processor.py:161} INFO - Started process (PID=15389) to work on /home/airflow/.local/lib/python3.12/site-packages/airflow/example_dags/example_setup_teardown.py
[2025-10-03T00:09:23.100+0000] {processor.py:830} INFO - Processing file /home/airflow/.local/lib/python3.12/site-packages/airflow/example_dags/example_setup_teardown.py for tasks to queue
[2025-10-03T00:09:23.103+0000] {logging_mixin.py:188} INFO - [2025-10-03T00:09:23.102+0000] {dagbag.py:545} INFO - Filling up the DagBag from /home/airflow/.local/lib/python3.12/site-packages/airflow/example_dags/example_setup_teardown.py
[2025-10-03T00:09:23.121+0000] {processor.py:840} INFO - DAG(s) 'example_setup_teardown' retrieved from /home/airflow/.local/lib/python3.12/site-packages/airflow/example_dags/example_setup_teardown.py
[2025-10-03T00:09:23.175+0000] {logging_mixin.py:188} INFO - [2025-10-03T00:09:23.174+0000] {dag.py:3096} INFO - Sync 1 DAGs
[2025-10-03T00:09:23.222+0000] {logging_mixin.py:188} INFO - [2025-10-03T00:09:23.221+0000] {dag.py:3954} INFO - Setting next_dagrun for example_setup_teardown to 2025-10-02 00:00:00+00:00, run_after=2025-10-03 00:00:00+00:00
[2025-10-03T00:09:23.259+0000] {processor.py:183} INFO - Processing /home/airflow/.local/lib/python3.12/site-packages/airflow/example_dags/example_setup_teardown.py took 0.176 seconds
[2025-10-03T00:09:53.632+0000] {processor.py:161} INFO - Started process (PID=15442) to work on /home/airflow/.local/lib/python3.12/site-packages/airflow/example_dags/example_setup_teardown.py
[2025-10-03T00:09:53.634+0000] {processor.py:830} INFO - Processing file /home/airflow/.local/lib/python3.12/site-packages/airflow/example_dags/example_setup_teardown.py for tasks to queue
[2025-10-03T00:09:53.636+0000] {logging_mixin.py:188} INFO - [2025-10-03T00:09:53.635+0000] {dagbag.py:545} INFO - Filling up the DagBag from /home/airflow/.local/lib/python3.12/site-packages/airflow/example_dags/example_setup_teardown.py
[2025-10-03T00:09:53.654+0000] {processor.py:840} INFO - DAG(s) 'example_setup_teardown' retrieved from /home/airflow/.local/lib/python3.12/site-packages/airflow/example_dags/example_setup_teardown.py
[2025-10-03T00:09:53.713+0000] {logging_mixin.py:188} INFO - [2025-10-03T00:09:53.712+0000] {dag.py:3096} INFO - Sync 1 DAGs
[2025-10-03T00:09:53.951+0000] {logging_mixin.py:188} INFO - [2025-10-03T00:09:53.950+0000] {dag.py:3954} INFO - Setting next_dagrun for example_setup_teardown to 2025-10-02 00:00:00+00:00, run_after=2025-10-03 00:00:00+00:00
[2025-10-03T00:09:54.051+0000] {processor.py:183} INFO - Processing /home/airflow/.local/lib/python3.12/site-packages/airflow/example_dags/example_setup_teardown.py took 0.434 seconds
[2025-10-03T00:10:25.000+0000] {processor.py:161} INFO - Started process (PID=15495) to work on /home/airflow/.local/lib/python3.12/site-packages/airflow/example_dags/example_setup_teardown.py
[2025-10-03T00:10:25.003+0000] {processor.py:830} INFO - Processing file /home/airflow/.local/lib/python3.12/site-packages/airflow/example_dags/example_setup_teardown.py for tasks to queue
[2025-10-03T00:10:25.006+0000] {logging_mixin.py:188} INFO - [2025-10-03T00:10:25.005+0000] {dagbag.py:545} INFO - Filling up the DagBag from /home/airflow/.local/lib/python3.12/site-packages/airflow/example_dags/example_setup_teardown.py
[2025-10-03T00:10:25.035+0000] {processor.py:840} INFO - DAG(s) 'example_setup_teardown' retrieved from /home/airflow/.local/lib/python3.12/site-packages/airflow/example_dags/example_setup_teardown.py
[2025-10-03T00:10:25.086+0000] {logging_mixin.py:188} INFO - [2025-10-03T00:10:25.085+0000] {dag.py:3096} INFO - Sync 1 DAGs
[2025-10-03T00:10:25.156+0000] {logging_mixin.py:188} INFO - [2025-10-03T00:10:25.155+0000] {dag.py:3954} INFO - Setting next_dagrun for example_setup_teardown to 2025-10-02 00:00:00+00:00, run_after=2025-10-03 00:00:00+00:00
[2025-10-03T00:10:25.201+0000] {processor.py:183} INFO - Processing /home/airflow/.local/lib/python3.12/site-packages/airflow/example_dags/example_setup_teardown.py took 0.223 seconds
[2025-10-03T00:10:55.733+0000] {processor.py:161} INFO - Started process (PID=15546) to work on /home/airflow/.local/lib/python3.12/site-packages/airflow/example_dags/example_setup_teardown.py
[2025-10-03T00:10:55.735+0000] {processor.py:830} INFO - Processing file /home/airflow/.local/lib/python3.12/site-packages/airflow/example_dags/example_setup_teardown.py for tasks to queue
[2025-10-03T00:10:55.738+0000] {logging_mixin.py:188} INFO - [2025-10-03T00:10:55.737+0000] {dagbag.py:545} INFO - Filling up the DagBag from /home/airflow/.local/lib/python3.12/site-packages/airflow/example_dags/example_setup_teardown.py
[2025-10-03T00:10:55.760+0000] {processor.py:840} INFO - DAG(s) 'example_setup_teardown' retrieved from /home/airflow/.local/lib/python3.12/site-packages/airflow/example_dags/example_setup_teardown.py
[2025-10-03T00:10:55.815+0000] {logging_mixin.py:188} INFO - [2025-10-03T00:10:55.814+0000] {dag.py:3096} INFO - Sync 1 DAGs
[2025-10-03T00:10:55.874+0000] {logging_mixin.py:188} INFO - [2025-10-03T00:10:55.874+0000] {dag.py:3954} INFO - Setting next_dagrun for example_setup_teardown to 2025-10-02 00:00:00+00:00, run_after=2025-10-03 00:00:00+00:00
[2025-10-03T00:10:55.927+0000] {processor.py:183} INFO - Processing /home/airflow/.local/lib/python3.12/site-packages/airflow/example_dags/example_setup_teardown.py took 0.211 seconds
[2025-10-03T00:11:27.440+0000] {processor.py:161} INFO - Started process (PID=15599) to work on /home/airflow/.local/lib/python3.12/site-packages/airflow/example_dags/example_setup_teardown.py
[2025-10-03T00:11:27.447+0000] {processor.py:830} INFO - Processing file /home/airflow/.local/lib/python3.12/site-packages/airflow/example_dags/example_setup_teardown.py for tasks to queue
[2025-10-03T00:11:27.455+0000] {logging_mixin.py:188} INFO - [2025-10-03T00:11:27.453+0000] {dagbag.py:545} INFO - Filling up the DagBag from /home/airflow/.local/lib/python3.12/site-packages/airflow/example_dags/example_setup_teardown.py
[2025-10-03T00:11:27.491+0000] {processor.py:840} INFO - DAG(s) 'example_setup_teardown' retrieved from /home/airflow/.local/lib/python3.12/site-packages/airflow/example_dags/example_setup_teardown.py
[2025-10-03T00:11:27.588+0000] {logging_mixin.py:188} INFO - [2025-10-03T00:11:27.587+0000] {dag.py:3096} INFO - Sync 1 DAGs
[2025-10-03T00:11:27.677+0000] {logging_mixin.py:188} INFO - [2025-10-03T00:11:27.676+0000] {dag.py:3954} INFO - Setting next_dagrun for example_setup_teardown to 2025-10-02 00:00:00+00:00, run_after=2025-10-03 00:00:00+00:00
[2025-10-03T00:11:27.739+0000] {processor.py:183} INFO - Processing /home/airflow/.local/lib/python3.12/site-packages/airflow/example_dags/example_setup_teardown.py took 0.349 seconds
[2025-10-03T00:11:58.252+0000] {processor.py:161} INFO - Started process (PID=15653) to work on /home/airflow/.local/lib/python3.12/site-packages/airflow/example_dags/example_setup_teardown.py
[2025-10-03T00:11:58.254+0000] {processor.py:830} INFO - Processing file /home/airflow/.local/lib/python3.12/site-packages/airflow/example_dags/example_setup_teardown.py for tasks to queue
[2025-10-03T00:11:58.257+0000] {logging_mixin.py:188} INFO - [2025-10-03T00:11:58.256+0000] {dagbag.py:545} INFO - Filling up the DagBag from /home/airflow/.local/lib/python3.12/site-packages/airflow/example_dags/example_setup_teardown.py
[2025-10-03T00:11:58.275+0000] {processor.py:840} INFO - DAG(s) 'example_setup_teardown' retrieved from /home/airflow/.local/lib/python3.12/site-packages/airflow/example_dags/example_setup_teardown.py
[2025-10-03T00:11:58.325+0000] {logging_mixin.py:188} INFO - [2025-10-03T00:11:58.325+0000] {dag.py:3096} INFO - Sync 1 DAGs
[2025-10-03T00:11:58.393+0000] {logging_mixin.py:188} INFO - [2025-10-03T00:11:58.392+0000] {dag.py:3954} INFO - Setting next_dagrun for example_setup_teardown to 2025-10-02 00:00:00+00:00, run_after=2025-10-03 00:00:00+00:00
[2025-10-03T00:11:58.450+0000] {processor.py:183} INFO - Processing /home/airflow/.local/lib/python3.12/site-packages/airflow/example_dags/example_setup_teardown.py took 0.213 seconds
[2025-10-03T00:12:29.102+0000] {processor.py:161} INFO - Started process (PID=15706) to work on /home/airflow/.local/lib/python3.12/site-packages/airflow/example_dags/example_setup_teardown.py
[2025-10-03T00:12:29.106+0000] {processor.py:830} INFO - Processing file /home/airflow/.local/lib/python3.12/site-packages/airflow/example_dags/example_setup_teardown.py for tasks to queue
[2025-10-03T00:12:29.110+0000] {logging_mixin.py:188} INFO - [2025-10-03T00:12:29.108+0000] {dagbag.py:545} INFO - Filling up the DagBag from /home/airflow/.local/lib/python3.12/site-packages/airflow/example_dags/example_setup_teardown.py
[2025-10-03T00:12:29.140+0000] {processor.py:840} INFO - DAG(s) 'example_setup_teardown' retrieved from /home/airflow/.local/lib/python3.12/site-packages/airflow/example_dags/example_setup_teardown.py
[2025-10-03T00:12:29.244+0000] {logging_mixin.py:188} INFO - [2025-10-03T00:12:29.243+0000] {dag.py:3096} INFO - Sync 1 DAGs
[2025-10-03T00:12:29.369+0000] {logging_mixin.py:188} INFO - [2025-10-03T00:12:29.368+0000] {dag.py:3954} INFO - Setting next_dagrun for example_setup_teardown to 2025-10-02 00:00:00+00:00, run_after=2025-10-03 00:00:00+00:00
[2025-10-03T00:12:29.458+0000] {processor.py:183} INFO - Processing /home/airflow/.local/lib/python3.12/site-packages/airflow/example_dags/example_setup_teardown.py took 0.384 seconds
[2025-10-03T00:12:59.927+0000] {processor.py:161} INFO - Started process (PID=15759) to work on /home/airflow/.local/lib/python3.12/site-packages/airflow/example_dags/example_setup_teardown.py
[2025-10-03T00:12:59.930+0000] {processor.py:830} INFO - Processing file /home/airflow/.local/lib/python3.12/site-packages/airflow/example_dags/example_setup_teardown.py for tasks to queue
[2025-10-03T00:12:59.933+0000] {logging_mixin.py:188} INFO - [2025-10-03T00:12:59.932+0000] {dagbag.py:545} INFO - Filling up the DagBag from /home/airflow/.local/lib/python3.12/site-packages/airflow/example_dags/example_setup_teardown.py
[2025-10-03T00:12:59.953+0000] {processor.py:840} INFO - DAG(s) 'example_setup_teardown' retrieved from /home/airflow/.local/lib/python3.12/site-packages/airflow/example_dags/example_setup_teardown.py
[2025-10-03T00:13:00.006+0000] {logging_mixin.py:188} INFO - [2025-10-03T00:13:00.006+0000] {dag.py:3096} INFO - Sync 1 DAGs
[2025-10-03T00:13:00.059+0000] {logging_mixin.py:188} INFO - [2025-10-03T00:13:00.058+0000] {dag.py:3954} INFO - Setting next_dagrun for example_setup_teardown to 2025-10-02 00:00:00+00:00, run_after=2025-10-03 00:00:00+00:00
[2025-10-03T00:13:00.097+0000] {processor.py:183} INFO - Processing /home/airflow/.local/lib/python3.12/site-packages/airflow/example_dags/example_setup_teardown.py took 0.186 seconds
[2025-10-03T00:13:30.464+0000] {processor.py:161} INFO - Started process (PID=15812) to work on /home/airflow/.local/lib/python3.12/site-packages/airflow/example_dags/example_setup_teardown.py
[2025-10-03T00:13:30.466+0000] {processor.py:830} INFO - Processing file /home/airflow/.local/lib/python3.12/site-packages/airflow/example_dags/example_setup_teardown.py for tasks to queue
[2025-10-03T00:13:30.468+0000] {logging_mixin.py:188} INFO - [2025-10-03T00:13:30.467+0000] {dagbag.py:545} INFO - Filling up the DagBag from /home/airflow/.local/lib/python3.12/site-packages/airflow/example_dags/example_setup_teardown.py
[2025-10-03T00:13:30.489+0000] {processor.py:840} INFO - DAG(s) 'example_setup_teardown' retrieved from /home/airflow/.local/lib/python3.12/site-packages/airflow/example_dags/example_setup_teardown.py
[2025-10-03T00:13:30.540+0000] {logging_mixin.py:188} INFO - [2025-10-03T00:13:30.539+0000] {dag.py:3096} INFO - Sync 1 DAGs
[2025-10-03T00:13:30.597+0000] {logging_mixin.py:188} INFO - [2025-10-03T00:13:30.596+0000] {dag.py:3954} INFO - Setting next_dagrun for example_setup_teardown to 2025-10-02 00:00:00+00:00, run_after=2025-10-03 00:00:00+00:00
[2025-10-03T00:13:30.642+0000] {processor.py:183} INFO - Processing /home/airflow/.local/lib/python3.12/site-packages/airflow/example_dags/example_setup_teardown.py took 0.199 seconds
[2025-10-03T00:14:01.006+0000] {processor.py:161} INFO - Started process (PID=15865) to work on /home/airflow/.local/lib/python3.12/site-packages/airflow/example_dags/example_setup_teardown.py
[2025-10-03T00:14:01.009+0000] {processor.py:830} INFO - Processing file /home/airflow/.local/lib/python3.12/site-packages/airflow/example_dags/example_setup_teardown.py for tasks to queue
[2025-10-03T00:14:01.013+0000] {logging_mixin.py:188} INFO - [2025-10-03T00:14:01.011+0000] {dagbag.py:545} INFO - Filling up the DagBag from /home/airflow/.local/lib/python3.12/site-packages/airflow/example_dags/example_setup_teardown.py
[2025-10-03T00:14:01.042+0000] {processor.py:840} INFO - DAG(s) 'example_setup_teardown' retrieved from /home/airflow/.local/lib/python3.12/site-packages/airflow/example_dags/example_setup_teardown.py
[2025-10-03T00:14:01.117+0000] {logging_mixin.py:188} INFO - [2025-10-03T00:14:01.115+0000] {dag.py:3096} INFO - Sync 1 DAGs
[2025-10-03T00:14:01.207+0000] {logging_mixin.py:188} INFO - [2025-10-03T00:14:01.206+0000] {dag.py:3954} INFO - Setting next_dagrun for example_setup_teardown to 2025-10-02 00:00:00+00:00, run_after=2025-10-03 00:00:00+00:00
[2025-10-03T00:14:01.268+0000] {processor.py:183} INFO - Processing /home/airflow/.local/lib/python3.12/site-packages/airflow/example_dags/example_setup_teardown.py took 0.286 seconds
[2025-10-03T00:14:33.931+0000] {processor.py:161} INFO - Started process (PID=15918) to work on /home/airflow/.local/lib/python3.12/site-packages/airflow/example_dags/example_setup_teardown.py
[2025-10-03T00:14:33.934+0000] {processor.py:830} INFO - Processing file /home/airflow/.local/lib/python3.12/site-packages/airflow/example_dags/example_setup_teardown.py for tasks to queue
[2025-10-03T00:14:33.936+0000] {logging_mixin.py:188} INFO - [2025-10-03T00:14:33.936+0000] {dagbag.py:545} INFO - Filling up the DagBag from /home/airflow/.local/lib/python3.12/site-packages/airflow/example_dags/example_setup_teardown.py
[2025-10-03T00:14:33.975+0000] {processor.py:840} INFO - DAG(s) 'example_setup_teardown' retrieved from /home/airflow/.local/lib/python3.12/site-packages/airflow/example_dags/example_setup_teardown.py
[2025-10-03T00:14:34.121+0000] {logging_mixin.py:188} INFO - [2025-10-03T00:14:34.111+0000] {dag.py:3096} INFO - Sync 1 DAGs
[2025-10-03T00:14:34.374+0000] {logging_mixin.py:188} INFO - [2025-10-03T00:14:34.373+0000] {dag.py:3954} INFO - Setting next_dagrun for example_setup_teardown to 2025-10-02 00:00:00+00:00, run_after=2025-10-03 00:00:00+00:00
[2025-10-03T00:14:34.487+0000] {processor.py:183} INFO - Processing /home/airflow/.local/lib/python3.12/site-packages/airflow/example_dags/example_setup_teardown.py took 0.574 seconds
[2025-10-03T00:15:04.823+0000] {processor.py:161} INFO - Started process (PID=15972) to work on /home/airflow/.local/lib/python3.12/site-packages/airflow/example_dags/example_setup_teardown.py
[2025-10-03T00:15:04.829+0000] {processor.py:830} INFO - Processing file /home/airflow/.local/lib/python3.12/site-packages/airflow/example_dags/example_setup_teardown.py for tasks to queue
[2025-10-03T00:15:04.836+0000] {logging_mixin.py:188} INFO - [2025-10-03T00:15:04.835+0000] {dagbag.py:545} INFO - Filling up the DagBag from /home/airflow/.local/lib/python3.12/site-packages/airflow/example_dags/example_setup_teardown.py
[2025-10-03T00:15:04.867+0000] {processor.py:840} INFO - DAG(s) 'example_setup_teardown' retrieved from /home/airflow/.local/lib/python3.12/site-packages/airflow/example_dags/example_setup_teardown.py
[2025-10-03T00:15:04.938+0000] {logging_mixin.py:188} INFO - [2025-10-03T00:15:04.938+0000] {dag.py:3096} INFO - Sync 1 DAGs
[2025-10-03T00:15:04.997+0000] {logging_mixin.py:188} INFO - [2025-10-03T00:15:04.997+0000] {dag.py:3954} INFO - Setting next_dagrun for example_setup_teardown to 2025-10-02 00:00:00+00:00, run_after=2025-10-03 00:00:00+00:00
[2025-10-03T00:15:05.046+0000] {processor.py:183} INFO - Processing /home/airflow/.local/lib/python3.12/site-packages/airflow/example_dags/example_setup_teardown.py took 0.246 seconds
[2025-10-03T00:15:35.390+0000] {processor.py:161} INFO - Started process (PID=16025) to work on /home/airflow/.local/lib/python3.12/site-packages/airflow/example_dags/example_setup_teardown.py
[2025-10-03T00:15:35.395+0000] {processor.py:830} INFO - Processing file /home/airflow/.local/lib/python3.12/site-packages/airflow/example_dags/example_setup_teardown.py for tasks to queue
[2025-10-03T00:15:35.400+0000] {logging_mixin.py:188} INFO - [2025-10-03T00:15:35.398+0000] {dagbag.py:545} INFO - Filling up the DagBag from /home/airflow/.local/lib/python3.12/site-packages/airflow/example_dags/example_setup_teardown.py
[2025-10-03T00:15:35.429+0000] {processor.py:840} INFO - DAG(s) 'example_setup_teardown' retrieved from /home/airflow/.local/lib/python3.12/site-packages/airflow/example_dags/example_setup_teardown.py
[2025-10-03T00:15:35.502+0000] {logging_mixin.py:188} INFO - [2025-10-03T00:15:35.501+0000] {dag.py:3096} INFO - Sync 1 DAGs
[2025-10-03T00:15:35.596+0000] {logging_mixin.py:188} INFO - [2025-10-03T00:15:35.595+0000] {dag.py:3954} INFO - Setting next_dagrun for example_setup_teardown to 2025-10-02 00:00:00+00:00, run_after=2025-10-03 00:00:00+00:00
[2025-10-03T00:15:35.634+0000] {processor.py:183} INFO - Processing /home/airflow/.local/lib/python3.12/site-packages/airflow/example_dags/example_setup_teardown.py took 0.271 seconds
[2025-10-03T00:16:05.715+0000] {processor.py:161} INFO - Started process (PID=16077) to work on /home/airflow/.local/lib/python3.12/site-packages/airflow/example_dags/example_setup_teardown.py
[2025-10-03T00:16:05.717+0000] {processor.py:830} INFO - Processing file /home/airflow/.local/lib/python3.12/site-packages/airflow/example_dags/example_setup_teardown.py for tasks to queue
[2025-10-03T00:16:05.720+0000] {logging_mixin.py:188} INFO - [2025-10-03T00:16:05.719+0000] {dagbag.py:545} INFO - Filling up the DagBag from /home/airflow/.local/lib/python3.12/site-packages/airflow/example_dags/example_setup_teardown.py
[2025-10-03T00:16:05.746+0000] {processor.py:840} INFO - DAG(s) 'example_setup_teardown' retrieved from /home/airflow/.local/lib/python3.12/site-packages/airflow/example_dags/example_setup_teardown.py
[2025-10-03T00:16:05.794+0000] {logging_mixin.py:188} INFO - [2025-10-03T00:16:05.793+0000] {dag.py:3096} INFO - Sync 1 DAGs
[2025-10-03T00:16:05.842+0000] {logging_mixin.py:188} INFO - [2025-10-03T00:16:05.841+0000] {dag.py:3954} INFO - Setting next_dagrun for example_setup_teardown to 2025-10-02 00:00:00+00:00, run_after=2025-10-03 00:00:00+00:00
[2025-10-03T00:16:05.889+0000] {processor.py:183} INFO - Processing /home/airflow/.local/lib/python3.12/site-packages/airflow/example_dags/example_setup_teardown.py took 0.188 seconds
[2025-10-03T00:16:36.369+0000] {processor.py:161} INFO - Started process (PID=16130) to work on /home/airflow/.local/lib/python3.12/site-packages/airflow/example_dags/example_setup_teardown.py
[2025-10-03T00:16:36.373+0000] {processor.py:830} INFO - Processing file /home/airflow/.local/lib/python3.12/site-packages/airflow/example_dags/example_setup_teardown.py for tasks to queue
[2025-10-03T00:16:36.377+0000] {logging_mixin.py:188} INFO - [2025-10-03T00:16:36.376+0000] {dagbag.py:545} INFO - Filling up the DagBag from /home/airflow/.local/lib/python3.12/site-packages/airflow/example_dags/example_setup_teardown.py
[2025-10-03T00:16:36.412+0000] {processor.py:840} INFO - DAG(s) 'example_setup_teardown' retrieved from /home/airflow/.local/lib/python3.12/site-packages/airflow/example_dags/example_setup_teardown.py
[2025-10-03T00:16:36.480+0000] {logging_mixin.py:188} INFO - [2025-10-03T00:16:36.479+0000] {dag.py:3096} INFO - Sync 1 DAGs
[2025-10-03T00:16:36.540+0000] {logging_mixin.py:188} INFO - [2025-10-03T00:16:36.539+0000] {dag.py:3954} INFO - Setting next_dagrun for example_setup_teardown to 2025-10-02 00:00:00+00:00, run_after=2025-10-03 00:00:00+00:00
[2025-10-03T00:16:36.584+0000] {processor.py:183} INFO - Processing /home/airflow/.local/lib/python3.12/site-packages/airflow/example_dags/example_setup_teardown.py took 0.259 seconds
[2025-10-03T00:17:07.103+0000] {processor.py:161} INFO - Started process (PID=16183) to work on /home/airflow/.local/lib/python3.12/site-packages/airflow/example_dags/example_setup_teardown.py
[2025-10-03T00:17:07.106+0000] {processor.py:830} INFO - Processing file /home/airflow/.local/lib/python3.12/site-packages/airflow/example_dags/example_setup_teardown.py for tasks to queue
[2025-10-03T00:17:07.108+0000] {logging_mixin.py:188} INFO - [2025-10-03T00:17:07.107+0000] {dagbag.py:545} INFO - Filling up the DagBag from /home/airflow/.local/lib/python3.12/site-packages/airflow/example_dags/example_setup_teardown.py
[2025-10-03T00:17:07.127+0000] {processor.py:840} INFO - DAG(s) 'example_setup_teardown' retrieved from /home/airflow/.local/lib/python3.12/site-packages/airflow/example_dags/example_setup_teardown.py
[2025-10-03T00:17:07.177+0000] {logging_mixin.py:188} INFO - [2025-10-03T00:17:07.176+0000] {dag.py:3096} INFO - Sync 1 DAGs
[2025-10-03T00:17:07.224+0000] {logging_mixin.py:188} INFO - [2025-10-03T00:17:07.223+0000] {dag.py:3954} INFO - Setting next_dagrun for example_setup_teardown to 2025-10-02 00:00:00+00:00, run_after=2025-10-03 00:00:00+00:00
[2025-10-03T00:17:07.274+0000] {processor.py:183} INFO - Processing /home/airflow/.local/lib/python3.12/site-packages/airflow/example_dags/example_setup_teardown.py took 0.186 seconds
[2025-10-03T00:17:37.769+0000] {processor.py:161} INFO - Started process (PID=16236) to work on /home/airflow/.local/lib/python3.12/site-packages/airflow/example_dags/example_setup_teardown.py
[2025-10-03T00:17:37.775+0000] {processor.py:830} INFO - Processing file /home/airflow/.local/lib/python3.12/site-packages/airflow/example_dags/example_setup_teardown.py for tasks to queue
[2025-10-03T00:17:37.784+0000] {logging_mixin.py:188} INFO - [2025-10-03T00:17:37.782+0000] {dagbag.py:545} INFO - Filling up the DagBag from /home/airflow/.local/lib/python3.12/site-packages/airflow/example_dags/example_setup_teardown.py
[2025-10-03T00:17:37.825+0000] {processor.py:840} INFO - DAG(s) 'example_setup_teardown' retrieved from /home/airflow/.local/lib/python3.12/site-packages/airflow/example_dags/example_setup_teardown.py
[2025-10-03T00:17:37.879+0000] {logging_mixin.py:188} INFO - [2025-10-03T00:17:37.879+0000] {dag.py:3096} INFO - Sync 1 DAGs
[2025-10-03T00:17:37.928+0000] {logging_mixin.py:188} INFO - [2025-10-03T00:17:37.928+0000] {dag.py:3954} INFO - Setting next_dagrun for example_setup_teardown to 2025-10-02 00:00:00+00:00, run_after=2025-10-03 00:00:00+00:00
[2025-10-03T00:17:37.970+0000] {processor.py:183} INFO - Processing /home/airflow/.local/lib/python3.12/site-packages/airflow/example_dags/example_setup_teardown.py took 0.245 seconds
[2025-10-03T00:18:08.201+0000] {processor.py:161} INFO - Started process (PID=16289) to work on /home/airflow/.local/lib/python3.12/site-packages/airflow/example_dags/example_setup_teardown.py
[2025-10-03T00:18:08.203+0000] {processor.py:830} INFO - Processing file /home/airflow/.local/lib/python3.12/site-packages/airflow/example_dags/example_setup_teardown.py for tasks to queue
[2025-10-03T00:18:08.206+0000] {logging_mixin.py:188} INFO - [2025-10-03T00:18:08.205+0000] {dagbag.py:545} INFO - Filling up the DagBag from /home/airflow/.local/lib/python3.12/site-packages/airflow/example_dags/example_setup_teardown.py
[2025-10-03T00:18:08.234+0000] {processor.py:840} INFO - DAG(s) 'example_setup_teardown' retrieved from /home/airflow/.local/lib/python3.12/site-packages/airflow/example_dags/example_setup_teardown.py
[2025-10-03T00:18:08.290+0000] {logging_mixin.py:188} INFO - [2025-10-03T00:18:08.290+0000] {dag.py:3096} INFO - Sync 1 DAGs
[2025-10-03T00:18:08.372+0000] {logging_mixin.py:188} INFO - [2025-10-03T00:18:08.372+0000] {dag.py:3954} INFO - Setting next_dagrun for example_setup_teardown to 2025-10-02 00:00:00+00:00, run_after=2025-10-03 00:00:00+00:00
[2025-10-03T00:18:08.488+0000] {processor.py:183} INFO - Processing /home/airflow/.local/lib/python3.12/site-packages/airflow/example_dags/example_setup_teardown.py took 0.302 seconds
[2025-10-03T00:18:38.785+0000] {processor.py:161} INFO - Started process (PID=16342) to work on /home/airflow/.local/lib/python3.12/site-packages/airflow/example_dags/example_setup_teardown.py
[2025-10-03T00:18:38.788+0000] {processor.py:830} INFO - Processing file /home/airflow/.local/lib/python3.12/site-packages/airflow/example_dags/example_setup_teardown.py for tasks to queue
[2025-10-03T00:18:38.791+0000] {logging_mixin.py:188} INFO - [2025-10-03T00:18:38.790+0000] {dagbag.py:545} INFO - Filling up the DagBag from /home/airflow/.local/lib/python3.12/site-packages/airflow/example_dags/example_setup_teardown.py
[2025-10-03T00:18:38.814+0000] {processor.py:840} INFO - DAG(s) 'example_setup_teardown' retrieved from /home/airflow/.local/lib/python3.12/site-packages/airflow/example_dags/example_setup_teardown.py
[2025-10-03T00:18:38.891+0000] {logging_mixin.py:188} INFO - [2025-10-03T00:18:38.890+0000] {dag.py:3096} INFO - Sync 1 DAGs
[2025-10-03T00:18:38.985+0000] {logging_mixin.py:188} INFO - [2025-10-03T00:18:38.984+0000] {dag.py:3954} INFO - Setting next_dagrun for example_setup_teardown to 2025-10-02 00:00:00+00:00, run_after=2025-10-03 00:00:00+00:00
[2025-10-03T00:18:39.040+0000] {processor.py:183} INFO - Processing /home/airflow/.local/lib/python3.12/site-packages/airflow/example_dags/example_setup_teardown.py took 0.277 seconds
[2025-10-03T00:19:09.638+0000] {processor.py:161} INFO - Started process (PID=16395) to work on /home/airflow/.local/lib/python3.12/site-packages/airflow/example_dags/example_setup_teardown.py
[2025-10-03T00:19:09.641+0000] {processor.py:830} INFO - Processing file /home/airflow/.local/lib/python3.12/site-packages/airflow/example_dags/example_setup_teardown.py for tasks to queue
[2025-10-03T00:19:09.643+0000] {logging_mixin.py:188} INFO - [2025-10-03T00:19:09.642+0000] {dagbag.py:545} INFO - Filling up the DagBag from /home/airflow/.local/lib/python3.12/site-packages/airflow/example_dags/example_setup_teardown.py
[2025-10-03T00:19:09.661+0000] {processor.py:840} INFO - DAG(s) 'example_setup_teardown' retrieved from /home/airflow/.local/lib/python3.12/site-packages/airflow/example_dags/example_setup_teardown.py
[2025-10-03T00:19:09.710+0000] {logging_mixin.py:188} INFO - [2025-10-03T00:19:09.709+0000] {dag.py:3096} INFO - Sync 1 DAGs
[2025-10-03T00:19:09.764+0000] {logging_mixin.py:188} INFO - [2025-10-03T00:19:09.763+0000] {dag.py:3954} INFO - Setting next_dagrun for example_setup_teardown to 2025-10-02 00:00:00+00:00, run_after=2025-10-03 00:00:00+00:00
[2025-10-03T00:19:09.809+0000] {processor.py:183} INFO - Processing /home/airflow/.local/lib/python3.12/site-packages/airflow/example_dags/example_setup_teardown.py took 0.186 seconds
[2025-10-03T00:19:40.606+0000] {processor.py:161} INFO - Started process (PID=16448) to work on /home/airflow/.local/lib/python3.12/site-packages/airflow/example_dags/example_setup_teardown.py
[2025-10-03T00:19:40.610+0000] {processor.py:830} INFO - Processing file /home/airflow/.local/lib/python3.12/site-packages/airflow/example_dags/example_setup_teardown.py for tasks to queue
[2025-10-03T00:19:40.614+0000] {logging_mixin.py:188} INFO - [2025-10-03T00:19:40.613+0000] {dagbag.py:545} INFO - Filling up the DagBag from /home/airflow/.local/lib/python3.12/site-packages/airflow/example_dags/example_setup_teardown.py
[2025-10-03T00:19:40.642+0000] {processor.py:840} INFO - DAG(s) 'example_setup_teardown' retrieved from /home/airflow/.local/lib/python3.12/site-packages/airflow/example_dags/example_setup_teardown.py
[2025-10-03T00:19:40.699+0000] {logging_mixin.py:188} INFO - [2025-10-03T00:19:40.698+0000] {dag.py:3096} INFO - Sync 1 DAGs
[2025-10-03T00:19:40.744+0000] {logging_mixin.py:188} INFO - [2025-10-03T00:19:40.743+0000] {dag.py:3954} INFO - Setting next_dagrun for example_setup_teardown to 2025-10-02 00:00:00+00:00, run_after=2025-10-03 00:00:00+00:00
[2025-10-03T00:19:40.784+0000] {processor.py:183} INFO - Processing /home/airflow/.local/lib/python3.12/site-packages/airflow/example_dags/example_setup_teardown.py took 0.210 seconds
[2025-10-03T00:20:11.407+0000] {processor.py:161} INFO - Started process (PID=16501) to work on /home/airflow/.local/lib/python3.12/site-packages/airflow/example_dags/example_setup_teardown.py
[2025-10-03T00:20:11.409+0000] {processor.py:830} INFO - Processing file /home/airflow/.local/lib/python3.12/site-packages/airflow/example_dags/example_setup_teardown.py for tasks to queue
[2025-10-03T00:20:11.411+0000] {logging_mixin.py:188} INFO - [2025-10-03T00:20:11.411+0000] {dagbag.py:545} INFO - Filling up the DagBag from /home/airflow/.local/lib/python3.12/site-packages/airflow/example_dags/example_setup_teardown.py
[2025-10-03T00:20:11.429+0000] {processor.py:840} INFO - DAG(s) 'example_setup_teardown' retrieved from /home/airflow/.local/lib/python3.12/site-packages/airflow/example_dags/example_setup_teardown.py
[2025-10-03T00:20:11.476+0000] {logging_mixin.py:188} INFO - [2025-10-03T00:20:11.475+0000] {dag.py:3096} INFO - Sync 1 DAGs
[2025-10-03T00:20:11.527+0000] {logging_mixin.py:188} INFO - [2025-10-03T00:20:11.526+0000] {dag.py:3954} INFO - Setting next_dagrun for example_setup_teardown to 2025-10-02 00:00:00+00:00, run_after=2025-10-03 00:00:00+00:00
[2025-10-03T00:20:11.570+0000] {processor.py:183} INFO - Processing /home/airflow/.local/lib/python3.12/site-packages/airflow/example_dags/example_setup_teardown.py took 0.177 seconds
[2025-10-03T00:20:41.943+0000] {processor.py:161} INFO - Started process (PID=16554) to work on /home/airflow/.local/lib/python3.12/site-packages/airflow/example_dags/example_setup_teardown.py
[2025-10-03T00:20:41.946+0000] {processor.py:830} INFO - Processing file /home/airflow/.local/lib/python3.12/site-packages/airflow/example_dags/example_setup_teardown.py for tasks to queue
[2025-10-03T00:20:41.949+0000] {logging_mixin.py:188} INFO - [2025-10-03T00:20:41.948+0000] {dagbag.py:545} INFO - Filling up the DagBag from /home/airflow/.local/lib/python3.12/site-packages/airflow/example_dags/example_setup_teardown.py
[2025-10-03T00:20:41.983+0000] {processor.py:840} INFO - DAG(s) 'example_setup_teardown' retrieved from /home/airflow/.local/lib/python3.12/site-packages/airflow/example_dags/example_setup_teardown.py
[2025-10-03T00:20:42.082+0000] {logging_mixin.py:188} INFO - [2025-10-03T00:20:42.081+0000] {dag.py:3096} INFO - Sync 1 DAGs
[2025-10-03T00:20:42.160+0000] {logging_mixin.py:188} INFO - [2025-10-03T00:20:42.159+0000] {dag.py:3954} INFO - Setting next_dagrun for example_setup_teardown to 2025-10-02 00:00:00+00:00, run_after=2025-10-03 00:00:00+00:00
[2025-10-03T00:20:42.216+0000] {processor.py:183} INFO - Processing /home/airflow/.local/lib/python3.12/site-packages/airflow/example_dags/example_setup_teardown.py took 0.301 seconds
[2025-10-03T00:21:12.472+0000] {processor.py:161} INFO - Started process (PID=16607) to work on /home/airflow/.local/lib/python3.12/site-packages/airflow/example_dags/example_setup_teardown.py
[2025-10-03T00:21:12.475+0000] {processor.py:830} INFO - Processing file /home/airflow/.local/lib/python3.12/site-packages/airflow/example_dags/example_setup_teardown.py for tasks to queue
[2025-10-03T00:21:12.488+0000] {logging_mixin.py:188} INFO - [2025-10-03T00:21:12.477+0000] {dagbag.py:545} INFO - Filling up the DagBag from /home/airflow/.local/lib/python3.12/site-packages/airflow/example_dags/example_setup_teardown.py
[2025-10-03T00:21:12.555+0000] {processor.py:840} INFO - DAG(s) 'example_setup_teardown' retrieved from /home/airflow/.local/lib/python3.12/site-packages/airflow/example_dags/example_setup_teardown.py
[2025-10-03T00:21:12.616+0000] {logging_mixin.py:188} INFO - [2025-10-03T00:21:12.615+0000] {dag.py:3096} INFO - Sync 1 DAGs
[2025-10-03T00:21:12.681+0000] {logging_mixin.py:188} INFO - [2025-10-03T00:21:12.681+0000] {dag.py:3954} INFO - Setting next_dagrun for example_setup_teardown to 2025-10-02 00:00:00+00:00, run_after=2025-10-03 00:00:00+00:00
[2025-10-03T00:21:12.742+0000] {processor.py:183} INFO - Processing /home/airflow/.local/lib/python3.12/site-packages/airflow/example_dags/example_setup_teardown.py took 0.305 seconds
[2025-10-03T00:21:43.502+0000] {processor.py:161} INFO - Started process (PID=16660) to work on /home/airflow/.local/lib/python3.12/site-packages/airflow/example_dags/example_setup_teardown.py
[2025-10-03T00:21:43.505+0000] {processor.py:830} INFO - Processing file /home/airflow/.local/lib/python3.12/site-packages/airflow/example_dags/example_setup_teardown.py for tasks to queue
[2025-10-03T00:21:43.508+0000] {logging_mixin.py:188} INFO - [2025-10-03T00:21:43.506+0000] {dagbag.py:545} INFO - Filling up the DagBag from /home/airflow/.local/lib/python3.12/site-packages/airflow/example_dags/example_setup_teardown.py
[2025-10-03T00:21:43.529+0000] {processor.py:840} INFO - DAG(s) 'example_setup_teardown' retrieved from /home/airflow/.local/lib/python3.12/site-packages/airflow/example_dags/example_setup_teardown.py
[2025-10-03T00:21:43.596+0000] {logging_mixin.py:188} INFO - [2025-10-03T00:21:43.595+0000] {dag.py:3096} INFO - Sync 1 DAGs
[2025-10-03T00:21:43.658+0000] {logging_mixin.py:188} INFO - [2025-10-03T00:21:43.657+0000] {dag.py:3954} INFO - Setting next_dagrun for example_setup_teardown to 2025-10-02 00:00:00+00:00, run_after=2025-10-03 00:00:00+00:00
[2025-10-03T00:21:43.714+0000] {processor.py:183} INFO - Processing /home/airflow/.local/lib/python3.12/site-packages/airflow/example_dags/example_setup_teardown.py took 0.228 seconds
[2025-10-03T00:22:14.473+0000] {processor.py:161} INFO - Started process (PID=16713) to work on /home/airflow/.local/lib/python3.12/site-packages/airflow/example_dags/example_setup_teardown.py
[2025-10-03T00:22:14.476+0000] {processor.py:830} INFO - Processing file /home/airflow/.local/lib/python3.12/site-packages/airflow/example_dags/example_setup_teardown.py for tasks to queue
[2025-10-03T00:22:14.479+0000] {logging_mixin.py:188} INFO - [2025-10-03T00:22:14.478+0000] {dagbag.py:545} INFO - Filling up the DagBag from /home/airflow/.local/lib/python3.12/site-packages/airflow/example_dags/example_setup_teardown.py
[2025-10-03T00:22:14.501+0000] {processor.py:840} INFO - DAG(s) 'example_setup_teardown' retrieved from /home/airflow/.local/lib/python3.12/site-packages/airflow/example_dags/example_setup_teardown.py
[2025-10-03T00:22:14.552+0000] {logging_mixin.py:188} INFO - [2025-10-03T00:22:14.551+0000] {dag.py:3096} INFO - Sync 1 DAGs
[2025-10-03T00:22:14.608+0000] {logging_mixin.py:188} INFO - [2025-10-03T00:22:14.607+0000] {dag.py:3954} INFO - Setting next_dagrun for example_setup_teardown to 2025-10-02 00:00:00+00:00, run_after=2025-10-03 00:00:00+00:00
[2025-10-03T00:22:14.650+0000] {processor.py:183} INFO - Processing /home/airflow/.local/lib/python3.12/site-packages/airflow/example_dags/example_setup_teardown.py took 0.192 seconds
[2025-10-03T00:22:45.530+0000] {processor.py:161} INFO - Started process (PID=16766) to work on /home/airflow/.local/lib/python3.12/site-packages/airflow/example_dags/example_setup_teardown.py
[2025-10-03T00:22:45.532+0000] {processor.py:830} INFO - Processing file /home/airflow/.local/lib/python3.12/site-packages/airflow/example_dags/example_setup_teardown.py for tasks to queue
[2025-10-03T00:22:45.536+0000] {logging_mixin.py:188} INFO - [2025-10-03T00:22:45.535+0000] {dagbag.py:545} INFO - Filling up the DagBag from /home/airflow/.local/lib/python3.12/site-packages/airflow/example_dags/example_setup_teardown.py
[2025-10-03T00:22:45.558+0000] {processor.py:840} INFO - DAG(s) 'example_setup_teardown' retrieved from /home/airflow/.local/lib/python3.12/site-packages/airflow/example_dags/example_setup_teardown.py
[2025-10-03T00:22:45.618+0000] {logging_mixin.py:188} INFO - [2025-10-03T00:22:45.616+0000] {dag.py:3096} INFO - Sync 1 DAGs
[2025-10-03T00:22:45.673+0000] {logging_mixin.py:188} INFO - [2025-10-03T00:22:45.673+0000] {dag.py:3954} INFO - Setting next_dagrun for example_setup_teardown to 2025-10-02 00:00:00+00:00, run_after=2025-10-03 00:00:00+00:00
[2025-10-03T00:22:45.715+0000] {processor.py:183} INFO - Processing /home/airflow/.local/lib/python3.12/site-packages/airflow/example_dags/example_setup_teardown.py took 0.203 seconds
[2025-10-03T00:23:16.009+0000] {processor.py:161} INFO - Started process (PID=16819) to work on /home/airflow/.local/lib/python3.12/site-packages/airflow/example_dags/example_setup_teardown.py
[2025-10-03T00:23:16.013+0000] {processor.py:830} INFO - Processing file /home/airflow/.local/lib/python3.12/site-packages/airflow/example_dags/example_setup_teardown.py for tasks to queue
[2025-10-03T00:23:16.016+0000] {logging_mixin.py:188} INFO - [2025-10-03T00:23:16.015+0000] {dagbag.py:545} INFO - Filling up the DagBag from /home/airflow/.local/lib/python3.12/site-packages/airflow/example_dags/example_setup_teardown.py
[2025-10-03T00:23:16.035+0000] {processor.py:840} INFO - DAG(s) 'example_setup_teardown' retrieved from /home/airflow/.local/lib/python3.12/site-packages/airflow/example_dags/example_setup_teardown.py
[2025-10-03T00:23:16.086+0000] {logging_mixin.py:188} INFO - [2025-10-03T00:23:16.086+0000] {dag.py:3096} INFO - Sync 1 DAGs
[2025-10-03T00:23:16.139+0000] {logging_mixin.py:188} INFO - [2025-10-03T00:23:16.138+0000] {dag.py:3954} INFO - Setting next_dagrun for example_setup_teardown to 2025-10-02 00:00:00+00:00, run_after=2025-10-03 00:00:00+00:00
[2025-10-03T00:23:16.178+0000] {processor.py:183} INFO - Processing /home/airflow/.local/lib/python3.12/site-packages/airflow/example_dags/example_setup_teardown.py took 0.194 seconds
[2025-10-03T00:23:46.418+0000] {processor.py:161} INFO - Started process (PID=16872) to work on /home/airflow/.local/lib/python3.12/site-packages/airflow/example_dags/example_setup_teardown.py
[2025-10-03T00:23:46.439+0000] {processor.py:830} INFO - Processing file /home/airflow/.local/lib/python3.12/site-packages/airflow/example_dags/example_setup_teardown.py for tasks to queue
[2025-10-03T00:23:46.451+0000] {logging_mixin.py:188} INFO - [2025-10-03T00:23:46.449+0000] {dagbag.py:545} INFO - Filling up the DagBag from /home/airflow/.local/lib/python3.12/site-packages/airflow/example_dags/example_setup_teardown.py
[2025-10-03T00:23:46.499+0000] {processor.py:840} INFO - DAG(s) 'example_setup_teardown' retrieved from /home/airflow/.local/lib/python3.12/site-packages/airflow/example_dags/example_setup_teardown.py
[2025-10-03T00:23:46.626+0000] {logging_mixin.py:188} INFO - [2025-10-03T00:23:46.625+0000] {dag.py:3096} INFO - Sync 1 DAGs
[2025-10-03T00:23:46.687+0000] {logging_mixin.py:188} INFO - [2025-10-03T00:23:46.687+0000] {dag.py:3954} INFO - Setting next_dagrun for example_setup_teardown to 2025-10-02 00:00:00+00:00, run_after=2025-10-03 00:00:00+00:00
[2025-10-03T00:23:46.728+0000] {processor.py:183} INFO - Processing /home/airflow/.local/lib/python3.12/site-packages/airflow/example_dags/example_setup_teardown.py took 0.340 seconds
[2025-10-03T00:24:17.015+0000] {processor.py:161} INFO - Started process (PID=16925) to work on /home/airflow/.local/lib/python3.12/site-packages/airflow/example_dags/example_setup_teardown.py
[2025-10-03T00:24:17.019+0000] {processor.py:830} INFO - Processing file /home/airflow/.local/lib/python3.12/site-packages/airflow/example_dags/example_setup_teardown.py for tasks to queue
[2025-10-03T00:24:17.031+0000] {logging_mixin.py:188} INFO - [2025-10-03T00:24:17.030+0000] {dagbag.py:545} INFO - Filling up the DagBag from /home/airflow/.local/lib/python3.12/site-packages/airflow/example_dags/example_setup_teardown.py
[2025-10-03T00:24:17.124+0000] {processor.py:840} INFO - DAG(s) 'example_setup_teardown' retrieved from /home/airflow/.local/lib/python3.12/site-packages/airflow/example_dags/example_setup_teardown.py
[2025-10-03T00:24:17.340+0000] {logging_mixin.py:188} INFO - [2025-10-03T00:24:17.339+0000] {dag.py:3096} INFO - Sync 1 DAGs
[2025-10-03T00:24:17.446+0000] {logging_mixin.py:188} INFO - [2025-10-03T00:24:17.445+0000] {dag.py:3954} INFO - Setting next_dagrun for example_setup_teardown to 2025-10-02 00:00:00+00:00, run_after=2025-10-03 00:00:00+00:00
[2025-10-03T00:24:17.501+0000] {processor.py:183} INFO - Processing /home/airflow/.local/lib/python3.12/site-packages/airflow/example_dags/example_setup_teardown.py took 0.511 seconds
[2025-10-03T00:24:47.655+0000] {processor.py:161} INFO - Started process (PID=16978) to work on /home/airflow/.local/lib/python3.12/site-packages/airflow/example_dags/example_setup_teardown.py
[2025-10-03T00:24:47.658+0000] {processor.py:830} INFO - Processing file /home/airflow/.local/lib/python3.12/site-packages/airflow/example_dags/example_setup_teardown.py for tasks to queue
[2025-10-03T00:24:47.660+0000] {logging_mixin.py:188} INFO - [2025-10-03T00:24:47.659+0000] {dagbag.py:545} INFO - Filling up the DagBag from /home/airflow/.local/lib/python3.12/site-packages/airflow/example_dags/example_setup_teardown.py
[2025-10-03T00:24:47.685+0000] {processor.py:840} INFO - DAG(s) 'example_setup_teardown' retrieved from /home/airflow/.local/lib/python3.12/site-packages/airflow/example_dags/example_setup_teardown.py
[2025-10-03T00:24:47.739+0000] {logging_mixin.py:188} INFO - [2025-10-03T00:24:47.739+0000] {dag.py:3096} INFO - Sync 1 DAGs
[2025-10-03T00:24:47.794+0000] {logging_mixin.py:188} INFO - [2025-10-03T00:24:47.793+0000] {dag.py:3954} INFO - Setting next_dagrun for example_setup_teardown to 2025-10-02 00:00:00+00:00, run_after=2025-10-03 00:00:00+00:00
[2025-10-03T00:24:47.842+0000] {processor.py:183} INFO - Processing /home/airflow/.local/lib/python3.12/site-packages/airflow/example_dags/example_setup_teardown.py took 0.205 seconds
[2025-10-03T00:25:18.158+0000] {processor.py:161} INFO - Started process (PID=17031) to work on /home/airflow/.local/lib/python3.12/site-packages/airflow/example_dags/example_setup_teardown.py
[2025-10-03T00:25:18.162+0000] {processor.py:830} INFO - Processing file /home/airflow/.local/lib/python3.12/site-packages/airflow/example_dags/example_setup_teardown.py for tasks to queue
[2025-10-03T00:25:18.167+0000] {logging_mixin.py:188} INFO - [2025-10-03T00:25:18.165+0000] {dagbag.py:545} INFO - Filling up the DagBag from /home/airflow/.local/lib/python3.12/site-packages/airflow/example_dags/example_setup_teardown.py
[2025-10-03T00:25:18.209+0000] {processor.py:840} INFO - DAG(s) 'example_setup_teardown' retrieved from /home/airflow/.local/lib/python3.12/site-packages/airflow/example_dags/example_setup_teardown.py
[2025-10-03T00:25:18.302+0000] {logging_mixin.py:188} INFO - [2025-10-03T00:25:18.302+0000] {dag.py:3096} INFO - Sync 1 DAGs
[2025-10-03T00:25:18.360+0000] {logging_mixin.py:188} INFO - [2025-10-03T00:25:18.360+0000] {dag.py:3954} INFO - Setting next_dagrun for example_setup_teardown to 2025-10-02 00:00:00+00:00, run_after=2025-10-03 00:00:00+00:00
[2025-10-03T00:25:18.406+0000] {processor.py:183} INFO - Processing /home/airflow/.local/lib/python3.12/site-packages/airflow/example_dags/example_setup_teardown.py took 0.282 seconds
[2025-10-03T00:25:48.827+0000] {processor.py:161} INFO - Started process (PID=17084) to work on /home/airflow/.local/lib/python3.12/site-packages/airflow/example_dags/example_setup_teardown.py
[2025-10-03T00:25:48.830+0000] {processor.py:830} INFO - Processing file /home/airflow/.local/lib/python3.12/site-packages/airflow/example_dags/example_setup_teardown.py for tasks to queue
[2025-10-03T00:25:48.834+0000] {logging_mixin.py:188} INFO - [2025-10-03T00:25:48.833+0000] {dagbag.py:545} INFO - Filling up the DagBag from /home/airflow/.local/lib/python3.12/site-packages/airflow/example_dags/example_setup_teardown.py
[2025-10-03T00:25:48.860+0000] {processor.py:840} INFO - DAG(s) 'example_setup_teardown' retrieved from /home/airflow/.local/lib/python3.12/site-packages/airflow/example_dags/example_setup_teardown.py
[2025-10-03T00:25:48.911+0000] {logging_mixin.py:188} INFO - [2025-10-03T00:25:48.911+0000] {dag.py:3096} INFO - Sync 1 DAGs
[2025-10-03T00:25:48.968+0000] {logging_mixin.py:188} INFO - [2025-10-03T00:25:48.967+0000] {dag.py:3954} INFO - Setting next_dagrun for example_setup_teardown to 2025-10-02 00:00:00+00:00, run_after=2025-10-03 00:00:00+00:00
[2025-10-03T00:25:49.024+0000] {processor.py:183} INFO - Processing /home/airflow/.local/lib/python3.12/site-packages/airflow/example_dags/example_setup_teardown.py took 0.213 seconds
[2025-10-03T00:26:19.402+0000] {processor.py:161} INFO - Started process (PID=17137) to work on /home/airflow/.local/lib/python3.12/site-packages/airflow/example_dags/example_setup_teardown.py
[2025-10-03T00:26:19.405+0000] {processor.py:830} INFO - Processing file /home/airflow/.local/lib/python3.12/site-packages/airflow/example_dags/example_setup_teardown.py for tasks to queue
[2025-10-03T00:26:19.408+0000] {logging_mixin.py:188} INFO - [2025-10-03T00:26:19.407+0000] {dagbag.py:545} INFO - Filling up the DagBag from /home/airflow/.local/lib/python3.12/site-packages/airflow/example_dags/example_setup_teardown.py
[2025-10-03T00:26:19.431+0000] {processor.py:840} INFO - DAG(s) 'example_setup_teardown' retrieved from /home/airflow/.local/lib/python3.12/site-packages/airflow/example_dags/example_setup_teardown.py
[2025-10-03T00:26:19.493+0000] {logging_mixin.py:188} INFO - [2025-10-03T00:26:19.492+0000] {dag.py:3096} INFO - Sync 1 DAGs
[2025-10-03T00:26:19.545+0000] {logging_mixin.py:188} INFO - [2025-10-03T00:26:19.544+0000] {dag.py:3954} INFO - Setting next_dagrun for example_setup_teardown to 2025-10-02 00:00:00+00:00, run_after=2025-10-03 00:00:00+00:00
[2025-10-03T00:26:19.590+0000] {processor.py:183} INFO - Processing /home/airflow/.local/lib/python3.12/site-packages/airflow/example_dags/example_setup_teardown.py took 0.206 seconds
