[2025-10-03T00:00:14.073+0000] {processor.py:161} INFO - Started process (PID=14439) to work on /home/airflow/.local/lib/python3.12/site-packages/airflow/example_dags/example_skip_dag.py
[2025-10-03T00:00:14.075+0000] {processor.py:830} INFO - Processing file /home/airflow/.local/lib/python3.12/site-packages/airflow/example_dags/example_skip_dag.py for tasks to queue
[2025-10-03T00:00:14.077+0000] {logging_mixin.py:188} INFO - [2025-10-03T00:00:14.076+0000] {dagbag.py:545} INFO - Filling up the DagBag from /home/airflow/.local/lib/python3.12/site-packages/airflow/example_dags/example_skip_dag.py
[2025-10-03T00:00:14.094+0000] {processor.py:840} INFO - DAG(s) 'example_skip_dag' retrieved from /home/airflow/.local/lib/python3.12/site-packages/airflow/example_dags/example_skip_dag.py
[2025-10-03T00:00:14.143+0000] {logging_mixin.py:188} INFO - [2025-10-03T00:00:14.142+0000] {dag.py:3096} INFO - Sync 1 DAGs
[2025-10-03T00:00:14.189+0000] {logging_mixin.py:188} INFO - [2025-10-03T00:00:14.189+0000] {dag.py:3954} INFO - Setting next_dagrun for example_skip_dag to 2025-10-02 00:00:00+00:00, run_after=2025-10-03 00:00:00+00:00
[2025-10-03T00:00:14.236+0000] {processor.py:183} INFO - Processing /home/airflow/.local/lib/python3.12/site-packages/airflow/example_dags/example_skip_dag.py took 0.177 seconds
[2025-10-03T00:00:44.421+0000] {processor.py:161} INFO - Started process (PID=14492) to work on /home/airflow/.local/lib/python3.12/site-packages/airflow/example_dags/example_skip_dag.py
[2025-10-03T00:00:44.424+0000] {processor.py:830} INFO - Processing file /home/airflow/.local/lib/python3.12/site-packages/airflow/example_dags/example_skip_dag.py for tasks to queue
[2025-10-03T00:00:44.427+0000] {logging_mixin.py:188} INFO - [2025-10-03T00:00:44.426+0000] {dagbag.py:545} INFO - Filling up the DagBag from /home/airflow/.local/lib/python3.12/site-packages/airflow/example_dags/example_skip_dag.py
[2025-10-03T00:00:44.452+0000] {processor.py:840} INFO - DAG(s) 'example_skip_dag' retrieved from /home/airflow/.local/lib/python3.12/site-packages/airflow/example_dags/example_skip_dag.py
[2025-10-03T00:00:44.507+0000] {logging_mixin.py:188} INFO - [2025-10-03T00:00:44.506+0000] {dag.py:3096} INFO - Sync 1 DAGs
[2025-10-03T00:00:44.556+0000] {logging_mixin.py:188} INFO - [2025-10-03T00:00:44.556+0000] {dag.py:3954} INFO - Setting next_dagrun for example_skip_dag to 2025-10-02 00:00:00+00:00, run_after=2025-10-03 00:00:00+00:00
[2025-10-03T00:00:44.595+0000] {processor.py:183} INFO - Processing /home/airflow/.local/lib/python3.12/site-packages/airflow/example_dags/example_skip_dag.py took 0.189 seconds
[2025-10-03T00:01:15.569+0000] {processor.py:161} INFO - Started process (PID=14545) to work on /home/airflow/.local/lib/python3.12/site-packages/airflow/example_dags/example_skip_dag.py
[2025-10-03T00:01:15.573+0000] {processor.py:830} INFO - Processing file /home/airflow/.local/lib/python3.12/site-packages/airflow/example_dags/example_skip_dag.py for tasks to queue
[2025-10-03T00:01:15.577+0000] {logging_mixin.py:188} INFO - [2025-10-03T00:01:15.575+0000] {dagbag.py:545} INFO - Filling up the DagBag from /home/airflow/.local/lib/python3.12/site-packages/airflow/example_dags/example_skip_dag.py
[2025-10-03T00:01:15.601+0000] {processor.py:840} INFO - DAG(s) 'example_skip_dag' retrieved from /home/airflow/.local/lib/python3.12/site-packages/airflow/example_dags/example_skip_dag.py
[2025-10-03T00:01:15.653+0000] {logging_mixin.py:188} INFO - [2025-10-03T00:01:15.652+0000] {dag.py:3096} INFO - Sync 1 DAGs
[2025-10-03T00:01:15.702+0000] {logging_mixin.py:188} INFO - [2025-10-03T00:01:15.702+0000] {dag.py:3954} INFO - Setting next_dagrun for example_skip_dag to 2025-10-02 00:00:00+00:00, run_after=2025-10-03 00:00:00+00:00
[2025-10-03T00:01:15.754+0000] {processor.py:183} INFO - Processing /home/airflow/.local/lib/python3.12/site-packages/airflow/example_dags/example_skip_dag.py took 0.243 seconds
[2025-10-03T00:01:45.968+0000] {processor.py:161} INFO - Started process (PID=14598) to work on /home/airflow/.local/lib/python3.12/site-packages/airflow/example_dags/example_skip_dag.py
[2025-10-03T00:01:45.970+0000] {processor.py:830} INFO - Processing file /home/airflow/.local/lib/python3.12/site-packages/airflow/example_dags/example_skip_dag.py for tasks to queue
[2025-10-03T00:01:45.973+0000] {logging_mixin.py:188} INFO - [2025-10-03T00:01:45.972+0000] {dagbag.py:545} INFO - Filling up the DagBag from /home/airflow/.local/lib/python3.12/site-packages/airflow/example_dags/example_skip_dag.py
[2025-10-03T00:01:45.993+0000] {processor.py:840} INFO - DAG(s) 'example_skip_dag' retrieved from /home/airflow/.local/lib/python3.12/site-packages/airflow/example_dags/example_skip_dag.py
[2025-10-03T00:01:46.086+0000] {logging_mixin.py:188} INFO - [2025-10-03T00:01:46.085+0000] {dag.py:3096} INFO - Sync 1 DAGs
[2025-10-03T00:01:46.138+0000] {logging_mixin.py:188} INFO - [2025-10-03T00:01:46.137+0000] {dag.py:3954} INFO - Setting next_dagrun for example_skip_dag to 2025-10-02 00:00:00+00:00, run_after=2025-10-03 00:00:00+00:00
[2025-10-03T00:01:46.179+0000] {processor.py:183} INFO - Processing /home/airflow/.local/lib/python3.12/site-packages/airflow/example_dags/example_skip_dag.py took 0.229 seconds
[2025-10-03T00:02:16.597+0000] {processor.py:161} INFO - Started process (PID=14651) to work on /home/airflow/.local/lib/python3.12/site-packages/airflow/example_dags/example_skip_dag.py
[2025-10-03T00:02:16.601+0000] {processor.py:830} INFO - Processing file /home/airflow/.local/lib/python3.12/site-packages/airflow/example_dags/example_skip_dag.py for tasks to queue
[2025-10-03T00:02:16.605+0000] {logging_mixin.py:188} INFO - [2025-10-03T00:02:16.603+0000] {dagbag.py:545} INFO - Filling up the DagBag from /home/airflow/.local/lib/python3.12/site-packages/airflow/example_dags/example_skip_dag.py
[2025-10-03T00:02:16.626+0000] {processor.py:840} INFO - DAG(s) 'example_skip_dag' retrieved from /home/airflow/.local/lib/python3.12/site-packages/airflow/example_dags/example_skip_dag.py
[2025-10-03T00:02:16.686+0000] {logging_mixin.py:188} INFO - [2025-10-03T00:02:16.685+0000] {dag.py:3096} INFO - Sync 1 DAGs
[2025-10-03T00:02:16.736+0000] {logging_mixin.py:188} INFO - [2025-10-03T00:02:16.736+0000] {dag.py:3954} INFO - Setting next_dagrun for example_skip_dag to 2025-10-02 00:00:00+00:00, run_after=2025-10-03 00:00:00+00:00
[2025-10-03T00:02:16.777+0000] {processor.py:183} INFO - Processing /home/airflow/.local/lib/python3.12/site-packages/airflow/example_dags/example_skip_dag.py took 0.200 seconds
[2025-10-03T00:02:47.162+0000] {processor.py:161} INFO - Started process (PID=14704) to work on /home/airflow/.local/lib/python3.12/site-packages/airflow/example_dags/example_skip_dag.py
[2025-10-03T00:02:47.164+0000] {processor.py:830} INFO - Processing file /home/airflow/.local/lib/python3.12/site-packages/airflow/example_dags/example_skip_dag.py for tasks to queue
[2025-10-03T00:02:47.166+0000] {logging_mixin.py:188} INFO - [2025-10-03T00:02:47.165+0000] {dagbag.py:545} INFO - Filling up the DagBag from /home/airflow/.local/lib/python3.12/site-packages/airflow/example_dags/example_skip_dag.py
[2025-10-03T00:02:47.187+0000] {processor.py:840} INFO - DAG(s) 'example_skip_dag' retrieved from /home/airflow/.local/lib/python3.12/site-packages/airflow/example_dags/example_skip_dag.py
[2025-10-03T00:02:47.246+0000] {logging_mixin.py:188} INFO - [2025-10-03T00:02:47.246+0000] {dag.py:3096} INFO - Sync 1 DAGs
[2025-10-03T00:02:47.309+0000] {logging_mixin.py:188} INFO - [2025-10-03T00:02:47.309+0000] {dag.py:3954} INFO - Setting next_dagrun for example_skip_dag to 2025-10-02 00:00:00+00:00, run_after=2025-10-03 00:00:00+00:00
[2025-10-03T00:02:47.350+0000] {processor.py:183} INFO - Processing /home/airflow/.local/lib/python3.12/site-packages/airflow/example_dags/example_skip_dag.py took 0.205 seconds
[2025-10-03T00:03:17.867+0000] {processor.py:161} INFO - Started process (PID=14757) to work on /home/airflow/.local/lib/python3.12/site-packages/airflow/example_dags/example_skip_dag.py
[2025-10-03T00:03:17.870+0000] {processor.py:830} INFO - Processing file /home/airflow/.local/lib/python3.12/site-packages/airflow/example_dags/example_skip_dag.py for tasks to queue
[2025-10-03T00:03:17.872+0000] {logging_mixin.py:188} INFO - [2025-10-03T00:03:17.871+0000] {dagbag.py:545} INFO - Filling up the DagBag from /home/airflow/.local/lib/python3.12/site-packages/airflow/example_dags/example_skip_dag.py
[2025-10-03T00:03:17.891+0000] {processor.py:840} INFO - DAG(s) 'example_skip_dag' retrieved from /home/airflow/.local/lib/python3.12/site-packages/airflow/example_dags/example_skip_dag.py
[2025-10-03T00:03:17.951+0000] {logging_mixin.py:188} INFO - [2025-10-03T00:03:17.950+0000] {dag.py:3096} INFO - Sync 1 DAGs
[2025-10-03T00:03:18.005+0000] {logging_mixin.py:188} INFO - [2025-10-03T00:03:18.004+0000] {dag.py:3954} INFO - Setting next_dagrun for example_skip_dag to 2025-10-02 00:00:00+00:00, run_after=2025-10-03 00:00:00+00:00
[2025-10-03T00:03:18.049+0000] {processor.py:183} INFO - Processing /home/airflow/.local/lib/python3.12/site-packages/airflow/example_dags/example_skip_dag.py took 0.198 seconds
[2025-10-03T00:03:48.434+0000] {processor.py:161} INFO - Started process (PID=14810) to work on /home/airflow/.local/lib/python3.12/site-packages/airflow/example_dags/example_skip_dag.py
[2025-10-03T00:03:48.436+0000] {processor.py:830} INFO - Processing file /home/airflow/.local/lib/python3.12/site-packages/airflow/example_dags/example_skip_dag.py for tasks to queue
[2025-10-03T00:03:48.439+0000] {logging_mixin.py:188} INFO - [2025-10-03T00:03:48.438+0000] {dagbag.py:545} INFO - Filling up the DagBag from /home/airflow/.local/lib/python3.12/site-packages/airflow/example_dags/example_skip_dag.py
[2025-10-03T00:03:48.458+0000] {processor.py:840} INFO - DAG(s) 'example_skip_dag' retrieved from /home/airflow/.local/lib/python3.12/site-packages/airflow/example_dags/example_skip_dag.py
[2025-10-03T00:03:48.510+0000] {logging_mixin.py:188} INFO - [2025-10-03T00:03:48.509+0000] {dag.py:3096} INFO - Sync 1 DAGs
[2025-10-03T00:03:48.569+0000] {logging_mixin.py:188} INFO - [2025-10-03T00:03:48.569+0000] {dag.py:3954} INFO - Setting next_dagrun for example_skip_dag to 2025-10-02 00:00:00+00:00, run_after=2025-10-03 00:00:00+00:00
[2025-10-03T00:03:48.617+0000] {processor.py:183} INFO - Processing /home/airflow/.local/lib/python3.12/site-packages/airflow/example_dags/example_skip_dag.py took 0.199 seconds
[2025-10-03T00:04:19.054+0000] {processor.py:161} INFO - Started process (PID=14863) to work on /home/airflow/.local/lib/python3.12/site-packages/airflow/example_dags/example_skip_dag.py
[2025-10-03T00:04:19.057+0000] {processor.py:830} INFO - Processing file /home/airflow/.local/lib/python3.12/site-packages/airflow/example_dags/example_skip_dag.py for tasks to queue
[2025-10-03T00:04:19.060+0000] {logging_mixin.py:188} INFO - [2025-10-03T00:04:19.059+0000] {dagbag.py:545} INFO - Filling up the DagBag from /home/airflow/.local/lib/python3.12/site-packages/airflow/example_dags/example_skip_dag.py
[2025-10-03T00:04:19.079+0000] {processor.py:840} INFO - DAG(s) 'example_skip_dag' retrieved from /home/airflow/.local/lib/python3.12/site-packages/airflow/example_dags/example_skip_dag.py
[2025-10-03T00:04:19.133+0000] {logging_mixin.py:188} INFO - [2025-10-03T00:04:19.133+0000] {dag.py:3096} INFO - Sync 1 DAGs
[2025-10-03T00:04:19.187+0000] {logging_mixin.py:188} INFO - [2025-10-03T00:04:19.187+0000] {dag.py:3954} INFO - Setting next_dagrun for example_skip_dag to 2025-10-02 00:00:00+00:00, run_after=2025-10-03 00:00:00+00:00
[2025-10-03T00:04:19.243+0000] {processor.py:183} INFO - Processing /home/airflow/.local/lib/python3.12/site-packages/airflow/example_dags/example_skip_dag.py took 0.212 seconds
[2025-10-03T00:04:49.539+0000] {processor.py:161} INFO - Started process (PID=14916) to work on /home/airflow/.local/lib/python3.12/site-packages/airflow/example_dags/example_skip_dag.py
[2025-10-03T00:04:49.542+0000] {processor.py:830} INFO - Processing file /home/airflow/.local/lib/python3.12/site-packages/airflow/example_dags/example_skip_dag.py for tasks to queue
[2025-10-03T00:04:49.544+0000] {logging_mixin.py:188} INFO - [2025-10-03T00:04:49.544+0000] {dagbag.py:545} INFO - Filling up the DagBag from /home/airflow/.local/lib/python3.12/site-packages/airflow/example_dags/example_skip_dag.py
[2025-10-03T00:04:49.560+0000] {processor.py:840} INFO - DAG(s) 'example_skip_dag' retrieved from /home/airflow/.local/lib/python3.12/site-packages/airflow/example_dags/example_skip_dag.py
[2025-10-03T00:04:49.608+0000] {logging_mixin.py:188} INFO - [2025-10-03T00:04:49.608+0000] {dag.py:3096} INFO - Sync 1 DAGs
[2025-10-03T00:04:49.654+0000] {logging_mixin.py:188} INFO - [2025-10-03T00:04:49.654+0000] {dag.py:3954} INFO - Setting next_dagrun for example_skip_dag to 2025-10-02 00:00:00+00:00, run_after=2025-10-03 00:00:00+00:00
[2025-10-03T00:04:49.702+0000] {processor.py:183} INFO - Processing /home/airflow/.local/lib/python3.12/site-packages/airflow/example_dags/example_skip_dag.py took 0.177 seconds
[2025-10-03T00:05:20.209+0000] {processor.py:161} INFO - Started process (PID=14969) to work on /home/airflow/.local/lib/python3.12/site-packages/airflow/example_dags/example_skip_dag.py
[2025-10-03T00:05:20.212+0000] {processor.py:830} INFO - Processing file /home/airflow/.local/lib/python3.12/site-packages/airflow/example_dags/example_skip_dag.py for tasks to queue
[2025-10-03T00:05:20.214+0000] {logging_mixin.py:188} INFO - [2025-10-03T00:05:20.213+0000] {dagbag.py:545} INFO - Filling up the DagBag from /home/airflow/.local/lib/python3.12/site-packages/airflow/example_dags/example_skip_dag.py
[2025-10-03T00:05:20.230+0000] {processor.py:840} INFO - DAG(s) 'example_skip_dag' retrieved from /home/airflow/.local/lib/python3.12/site-packages/airflow/example_dags/example_skip_dag.py
[2025-10-03T00:05:20.279+0000] {logging_mixin.py:188} INFO - [2025-10-03T00:05:20.279+0000] {dag.py:3096} INFO - Sync 1 DAGs
[2025-10-03T00:05:20.355+0000] {logging_mixin.py:188} INFO - [2025-10-03T00:05:20.355+0000] {dag.py:3954} INFO - Setting next_dagrun for example_skip_dag to 2025-10-02 00:00:00+00:00, run_after=2025-10-03 00:00:00+00:00
[2025-10-03T00:05:20.409+0000] {processor.py:183} INFO - Processing /home/airflow/.local/lib/python3.12/site-packages/airflow/example_dags/example_skip_dag.py took 0.214 seconds
[2025-10-03T00:05:50.938+0000] {processor.py:161} INFO - Started process (PID=15022) to work on /home/airflow/.local/lib/python3.12/site-packages/airflow/example_dags/example_skip_dag.py
[2025-10-03T00:05:50.943+0000] {processor.py:830} INFO - Processing file /home/airflow/.local/lib/python3.12/site-packages/airflow/example_dags/example_skip_dag.py for tasks to queue
[2025-10-03T00:05:50.946+0000] {logging_mixin.py:188} INFO - [2025-10-03T00:05:50.945+0000] {dagbag.py:545} INFO - Filling up the DagBag from /home/airflow/.local/lib/python3.12/site-packages/airflow/example_dags/example_skip_dag.py
[2025-10-03T00:05:50.978+0000] {processor.py:840} INFO - DAG(s) 'example_skip_dag' retrieved from /home/airflow/.local/lib/python3.12/site-packages/airflow/example_dags/example_skip_dag.py
[2025-10-03T00:05:51.036+0000] {logging_mixin.py:188} INFO - [2025-10-03T00:05:51.036+0000] {dag.py:3096} INFO - Sync 1 DAGs
[2025-10-03T00:05:51.082+0000] {logging_mixin.py:188} INFO - [2025-10-03T00:05:51.081+0000] {dag.py:3954} INFO - Setting next_dagrun for example_skip_dag to 2025-10-02 00:00:00+00:00, run_after=2025-10-03 00:00:00+00:00
[2025-10-03T00:05:51.120+0000] {processor.py:183} INFO - Processing /home/airflow/.local/lib/python3.12/site-packages/airflow/example_dags/example_skip_dag.py took 0.216 seconds
[2025-10-03T00:06:21.605+0000] {processor.py:161} INFO - Started process (PID=15075) to work on /home/airflow/.local/lib/python3.12/site-packages/airflow/example_dags/example_skip_dag.py
[2025-10-03T00:06:21.608+0000] {processor.py:830} INFO - Processing file /home/airflow/.local/lib/python3.12/site-packages/airflow/example_dags/example_skip_dag.py for tasks to queue
[2025-10-03T00:06:21.611+0000] {logging_mixin.py:188} INFO - [2025-10-03T00:06:21.610+0000] {dagbag.py:545} INFO - Filling up the DagBag from /home/airflow/.local/lib/python3.12/site-packages/airflow/example_dags/example_skip_dag.py
[2025-10-03T00:06:21.655+0000] {processor.py:840} INFO - DAG(s) 'example_skip_dag' retrieved from /home/airflow/.local/lib/python3.12/site-packages/airflow/example_dags/example_skip_dag.py
[2025-10-03T00:06:21.754+0000] {logging_mixin.py:188} INFO - [2025-10-03T00:06:21.754+0000] {dag.py:3096} INFO - Sync 1 DAGs
[2025-10-03T00:06:21.842+0000] {logging_mixin.py:188} INFO - [2025-10-03T00:06:21.840+0000] {dag.py:3954} INFO - Setting next_dagrun for example_skip_dag to 2025-10-02 00:00:00+00:00, run_after=2025-10-03 00:00:00+00:00
[2025-10-03T00:06:21.948+0000] {processor.py:183} INFO - Processing /home/airflow/.local/lib/python3.12/site-packages/airflow/example_dags/example_skip_dag.py took 0.374 seconds
[2025-10-03T00:06:52.831+0000] {processor.py:161} INFO - Started process (PID=15128) to work on /home/airflow/.local/lib/python3.12/site-packages/airflow/example_dags/example_skip_dag.py
[2025-10-03T00:06:52.835+0000] {processor.py:830} INFO - Processing file /home/airflow/.local/lib/python3.12/site-packages/airflow/example_dags/example_skip_dag.py for tasks to queue
[2025-10-03T00:06:52.838+0000] {logging_mixin.py:188} INFO - [2025-10-03T00:06:52.837+0000] {dagbag.py:545} INFO - Filling up the DagBag from /home/airflow/.local/lib/python3.12/site-packages/airflow/example_dags/example_skip_dag.py
[2025-10-03T00:06:52.860+0000] {processor.py:840} INFO - DAG(s) 'example_skip_dag' retrieved from /home/airflow/.local/lib/python3.12/site-packages/airflow/example_dags/example_skip_dag.py
[2025-10-03T00:06:52.931+0000] {logging_mixin.py:188} INFO - [2025-10-03T00:06:52.931+0000] {dag.py:3096} INFO - Sync 1 DAGs
[2025-10-03T00:06:53.010+0000] {logging_mixin.py:188} INFO - [2025-10-03T00:06:53.009+0000] {dag.py:3954} INFO - Setting next_dagrun for example_skip_dag to 2025-10-02 00:00:00+00:00, run_after=2025-10-03 00:00:00+00:00
[2025-10-03T00:06:53.068+0000] {processor.py:183} INFO - Processing /home/airflow/.local/lib/python3.12/site-packages/airflow/example_dags/example_skip_dag.py took 0.262 seconds
[2025-10-03T00:07:23.337+0000] {processor.py:161} INFO - Started process (PID=15181) to work on /home/airflow/.local/lib/python3.12/site-packages/airflow/example_dags/example_skip_dag.py
[2025-10-03T00:07:23.340+0000] {processor.py:830} INFO - Processing file /home/airflow/.local/lib/python3.12/site-packages/airflow/example_dags/example_skip_dag.py for tasks to queue
[2025-10-03T00:07:23.343+0000] {logging_mixin.py:188} INFO - [2025-10-03T00:07:23.342+0000] {dagbag.py:545} INFO - Filling up the DagBag from /home/airflow/.local/lib/python3.12/site-packages/airflow/example_dags/example_skip_dag.py
[2025-10-03T00:07:23.360+0000] {processor.py:840} INFO - DAG(s) 'example_skip_dag' retrieved from /home/airflow/.local/lib/python3.12/site-packages/airflow/example_dags/example_skip_dag.py
[2025-10-03T00:07:23.411+0000] {logging_mixin.py:188} INFO - [2025-10-03T00:07:23.410+0000] {dag.py:3096} INFO - Sync 1 DAGs
[2025-10-03T00:07:23.461+0000] {logging_mixin.py:188} INFO - [2025-10-03T00:07:23.461+0000] {dag.py:3954} INFO - Setting next_dagrun for example_skip_dag to 2025-10-02 00:00:00+00:00, run_after=2025-10-03 00:00:00+00:00
[2025-10-03T00:07:23.512+0000] {processor.py:183} INFO - Processing /home/airflow/.local/lib/python3.12/site-packages/airflow/example_dags/example_skip_dag.py took 0.190 seconds
[2025-10-03T00:07:53.913+0000] {processor.py:161} INFO - Started process (PID=15234) to work on /home/airflow/.local/lib/python3.12/site-packages/airflow/example_dags/example_skip_dag.py
[2025-10-03T00:07:53.925+0000] {processor.py:830} INFO - Processing file /home/airflow/.local/lib/python3.12/site-packages/airflow/example_dags/example_skip_dag.py for tasks to queue
[2025-10-03T00:07:53.932+0000] {logging_mixin.py:188} INFO - [2025-10-03T00:07:53.931+0000] {dagbag.py:545} INFO - Filling up the DagBag from /home/airflow/.local/lib/python3.12/site-packages/airflow/example_dags/example_skip_dag.py
[2025-10-03T00:07:54.002+0000] {processor.py:840} INFO - DAG(s) 'example_skip_dag' retrieved from /home/airflow/.local/lib/python3.12/site-packages/airflow/example_dags/example_skip_dag.py
[2025-10-03T00:07:54.109+0000] {logging_mixin.py:188} INFO - [2025-10-03T00:07:54.108+0000] {dag.py:3096} INFO - Sync 1 DAGs
[2025-10-03T00:07:54.198+0000] {logging_mixin.py:188} INFO - [2025-10-03T00:07:54.198+0000] {dag.py:3954} INFO - Setting next_dagrun for example_skip_dag to 2025-10-02 00:00:00+00:00, run_after=2025-10-03 00:00:00+00:00
[2025-10-03T00:07:54.270+0000] {processor.py:183} INFO - Processing /home/airflow/.local/lib/python3.12/site-packages/airflow/example_dags/example_skip_dag.py took 0.402 seconds
[2025-10-03T00:08:24.449+0000] {processor.py:161} INFO - Started process (PID=15286) to work on /home/airflow/.local/lib/python3.12/site-packages/airflow/example_dags/example_skip_dag.py
[2025-10-03T00:08:24.454+0000] {processor.py:830} INFO - Processing file /home/airflow/.local/lib/python3.12/site-packages/airflow/example_dags/example_skip_dag.py for tasks to queue
[2025-10-03T00:08:24.459+0000] {logging_mixin.py:188} INFO - [2025-10-03T00:08:24.457+0000] {dagbag.py:545} INFO - Filling up the DagBag from /home/airflow/.local/lib/python3.12/site-packages/airflow/example_dags/example_skip_dag.py
[2025-10-03T00:08:24.496+0000] {processor.py:840} INFO - DAG(s) 'example_skip_dag' retrieved from /home/airflow/.local/lib/python3.12/site-packages/airflow/example_dags/example_skip_dag.py
[2025-10-03T00:08:24.598+0000] {logging_mixin.py:188} INFO - [2025-10-03T00:08:24.597+0000] {dag.py:3096} INFO - Sync 1 DAGs
[2025-10-03T00:08:24.665+0000] {logging_mixin.py:188} INFO - [2025-10-03T00:08:24.664+0000] {dag.py:3954} INFO - Setting next_dagrun for example_skip_dag to 2025-10-02 00:00:00+00:00, run_after=2025-10-03 00:00:00+00:00
[2025-10-03T00:08:24.726+0000] {processor.py:183} INFO - Processing /home/airflow/.local/lib/python3.12/site-packages/airflow/example_dags/example_skip_dag.py took 0.309 seconds
[2025-10-03T00:08:54.936+0000] {processor.py:161} INFO - Started process (PID=15339) to work on /home/airflow/.local/lib/python3.12/site-packages/airflow/example_dags/example_skip_dag.py
[2025-10-03T00:08:54.939+0000] {processor.py:830} INFO - Processing file /home/airflow/.local/lib/python3.12/site-packages/airflow/example_dags/example_skip_dag.py for tasks to queue
[2025-10-03T00:08:54.941+0000] {logging_mixin.py:188} INFO - [2025-10-03T00:08:54.940+0000] {dagbag.py:545} INFO - Filling up the DagBag from /home/airflow/.local/lib/python3.12/site-packages/airflow/example_dags/example_skip_dag.py
[2025-10-03T00:08:54.959+0000] {processor.py:840} INFO - DAG(s) 'example_skip_dag' retrieved from /home/airflow/.local/lib/python3.12/site-packages/airflow/example_dags/example_skip_dag.py
[2025-10-03T00:08:55.006+0000] {logging_mixin.py:188} INFO - [2025-10-03T00:08:55.006+0000] {dag.py:3096} INFO - Sync 1 DAGs
[2025-10-03T00:08:55.051+0000] {logging_mixin.py:188} INFO - [2025-10-03T00:08:55.051+0000] {dag.py:3954} INFO - Setting next_dagrun for example_skip_dag to 2025-10-02 00:00:00+00:00, run_after=2025-10-03 00:00:00+00:00
[2025-10-03T00:08:55.103+0000] {processor.py:183} INFO - Processing /home/airflow/.local/lib/python3.12/site-packages/airflow/example_dags/example_skip_dag.py took 0.181 seconds
[2025-10-03T00:09:25.402+0000] {processor.py:161} INFO - Started process (PID=15392) to work on /home/airflow/.local/lib/python3.12/site-packages/airflow/example_dags/example_skip_dag.py
[2025-10-03T00:09:25.404+0000] {processor.py:830} INFO - Processing file /home/airflow/.local/lib/python3.12/site-packages/airflow/example_dags/example_skip_dag.py for tasks to queue
[2025-10-03T00:09:25.407+0000] {logging_mixin.py:188} INFO - [2025-10-03T00:09:25.406+0000] {dagbag.py:545} INFO - Filling up the DagBag from /home/airflow/.local/lib/python3.12/site-packages/airflow/example_dags/example_skip_dag.py
[2025-10-03T00:09:25.424+0000] {processor.py:840} INFO - DAG(s) 'example_skip_dag' retrieved from /home/airflow/.local/lib/python3.12/site-packages/airflow/example_dags/example_skip_dag.py
[2025-10-03T00:09:25.474+0000] {logging_mixin.py:188} INFO - [2025-10-03T00:09:25.473+0000] {dag.py:3096} INFO - Sync 1 DAGs
[2025-10-03T00:09:25.523+0000] {logging_mixin.py:188} INFO - [2025-10-03T00:09:25.522+0000] {dag.py:3954} INFO - Setting next_dagrun for example_skip_dag to 2025-10-02 00:00:00+00:00, run_after=2025-10-03 00:00:00+00:00
[2025-10-03T00:09:25.590+0000] {processor.py:183} INFO - Processing /home/airflow/.local/lib/python3.12/site-packages/airflow/example_dags/example_skip_dag.py took 0.206 seconds
[2025-10-03T00:09:56.228+0000] {processor.py:161} INFO - Started process (PID=15446) to work on /home/airflow/.local/lib/python3.12/site-packages/airflow/example_dags/example_skip_dag.py
[2025-10-03T00:09:56.230+0000] {processor.py:830} INFO - Processing file /home/airflow/.local/lib/python3.12/site-packages/airflow/example_dags/example_skip_dag.py for tasks to queue
[2025-10-03T00:09:56.233+0000] {logging_mixin.py:188} INFO - [2025-10-03T00:09:56.232+0000] {dagbag.py:545} INFO - Filling up the DagBag from /home/airflow/.local/lib/python3.12/site-packages/airflow/example_dags/example_skip_dag.py
[2025-10-03T00:09:56.250+0000] {processor.py:840} INFO - DAG(s) 'example_skip_dag' retrieved from /home/airflow/.local/lib/python3.12/site-packages/airflow/example_dags/example_skip_dag.py
[2025-10-03T00:09:56.299+0000] {logging_mixin.py:188} INFO - [2025-10-03T00:09:56.299+0000] {dag.py:3096} INFO - Sync 1 DAGs
[2025-10-03T00:09:56.348+0000] {logging_mixin.py:188} INFO - [2025-10-03T00:09:56.347+0000] {dag.py:3954} INFO - Setting next_dagrun for example_skip_dag to 2025-10-02 00:00:00+00:00, run_after=2025-10-03 00:00:00+00:00
[2025-10-03T00:09:56.395+0000] {processor.py:183} INFO - Processing /home/airflow/.local/lib/python3.12/site-packages/airflow/example_dags/example_skip_dag.py took 0.182 seconds
[2025-10-03T00:10:26.571+0000] {processor.py:161} INFO - Started process (PID=15499) to work on /home/airflow/.local/lib/python3.12/site-packages/airflow/example_dags/example_skip_dag.py
[2025-10-03T00:10:26.573+0000] {processor.py:830} INFO - Processing file /home/airflow/.local/lib/python3.12/site-packages/airflow/example_dags/example_skip_dag.py for tasks to queue
[2025-10-03T00:10:26.575+0000] {logging_mixin.py:188} INFO - [2025-10-03T00:10:26.575+0000] {dagbag.py:545} INFO - Filling up the DagBag from /home/airflow/.local/lib/python3.12/site-packages/airflow/example_dags/example_skip_dag.py
[2025-10-03T00:10:26.596+0000] {processor.py:840} INFO - DAG(s) 'example_skip_dag' retrieved from /home/airflow/.local/lib/python3.12/site-packages/airflow/example_dags/example_skip_dag.py
[2025-10-03T00:10:26.651+0000] {logging_mixin.py:188} INFO - [2025-10-03T00:10:26.650+0000] {dag.py:3096} INFO - Sync 1 DAGs
[2025-10-03T00:10:26.706+0000] {logging_mixin.py:188} INFO - [2025-10-03T00:10:26.706+0000] {dag.py:3954} INFO - Setting next_dagrun for example_skip_dag to 2025-10-02 00:00:00+00:00, run_after=2025-10-03 00:00:00+00:00
[2025-10-03T00:10:26.756+0000] {processor.py:183} INFO - Processing /home/airflow/.local/lib/python3.12/site-packages/airflow/example_dags/example_skip_dag.py took 0.201 seconds
[2025-10-03T00:10:57.031+0000] {processor.py:161} INFO - Started process (PID=15552) to work on /home/airflow/.local/lib/python3.12/site-packages/airflow/example_dags/example_skip_dag.py
[2025-10-03T00:10:57.034+0000] {processor.py:830} INFO - Processing file /home/airflow/.local/lib/python3.12/site-packages/airflow/example_dags/example_skip_dag.py for tasks to queue
[2025-10-03T00:10:57.036+0000] {logging_mixin.py:188} INFO - [2025-10-03T00:10:57.036+0000] {dagbag.py:545} INFO - Filling up the DagBag from /home/airflow/.local/lib/python3.12/site-packages/airflow/example_dags/example_skip_dag.py
[2025-10-03T00:10:57.053+0000] {processor.py:840} INFO - DAG(s) 'example_skip_dag' retrieved from /home/airflow/.local/lib/python3.12/site-packages/airflow/example_dags/example_skip_dag.py
[2025-10-03T00:10:57.107+0000] {logging_mixin.py:188} INFO - [2025-10-03T00:10:57.107+0000] {dag.py:3096} INFO - Sync 1 DAGs
[2025-10-03T00:10:57.170+0000] {logging_mixin.py:188} INFO - [2025-10-03T00:10:57.169+0000] {dag.py:3954} INFO - Setting next_dagrun for example_skip_dag to 2025-10-02 00:00:00+00:00, run_after=2025-10-03 00:00:00+00:00
[2025-10-03T00:10:57.231+0000] {processor.py:183} INFO - Processing /home/airflow/.local/lib/python3.12/site-packages/airflow/example_dags/example_skip_dag.py took 0.218 seconds
[2025-10-03T00:11:28.200+0000] {processor.py:161} INFO - Started process (PID=15603) to work on /home/airflow/.local/lib/python3.12/site-packages/airflow/example_dags/example_skip_dag.py
[2025-10-03T00:11:28.208+0000] {processor.py:830} INFO - Processing file /home/airflow/.local/lib/python3.12/site-packages/airflow/example_dags/example_skip_dag.py for tasks to queue
[2025-10-03T00:11:28.216+0000] {logging_mixin.py:188} INFO - [2025-10-03T00:11:28.214+0000] {dagbag.py:545} INFO - Filling up the DagBag from /home/airflow/.local/lib/python3.12/site-packages/airflow/example_dags/example_skip_dag.py
[2025-10-03T00:11:28.247+0000] {processor.py:840} INFO - DAG(s) 'example_skip_dag' retrieved from /home/airflow/.local/lib/python3.12/site-packages/airflow/example_dags/example_skip_dag.py
[2025-10-03T00:11:28.326+0000] {logging_mixin.py:188} INFO - [2025-10-03T00:11:28.326+0000] {dag.py:3096} INFO - Sync 1 DAGs
[2025-10-03T00:11:28.395+0000] {logging_mixin.py:188} INFO - [2025-10-03T00:11:28.394+0000] {dag.py:3954} INFO - Setting next_dagrun for example_skip_dag to 2025-10-02 00:00:00+00:00, run_after=2025-10-03 00:00:00+00:00
[2025-10-03T00:11:28.449+0000] {processor.py:183} INFO - Processing /home/airflow/.local/lib/python3.12/site-packages/airflow/example_dags/example_skip_dag.py took 0.292 seconds
[2025-10-03T00:11:58.874+0000] {processor.py:161} INFO - Started process (PID=15657) to work on /home/airflow/.local/lib/python3.12/site-packages/airflow/example_dags/example_skip_dag.py
[2025-10-03T00:11:58.877+0000] {processor.py:830} INFO - Processing file /home/airflow/.local/lib/python3.12/site-packages/airflow/example_dags/example_skip_dag.py for tasks to queue
[2025-10-03T00:11:58.879+0000] {logging_mixin.py:188} INFO - [2025-10-03T00:11:58.878+0000] {dagbag.py:545} INFO - Filling up the DagBag from /home/airflow/.local/lib/python3.12/site-packages/airflow/example_dags/example_skip_dag.py
[2025-10-03T00:11:58.898+0000] {processor.py:840} INFO - DAG(s) 'example_skip_dag' retrieved from /home/airflow/.local/lib/python3.12/site-packages/airflow/example_dags/example_skip_dag.py
[2025-10-03T00:11:58.947+0000] {logging_mixin.py:188} INFO - [2025-10-03T00:11:58.947+0000] {dag.py:3096} INFO - Sync 1 DAGs
[2025-10-03T00:11:58.998+0000] {logging_mixin.py:188} INFO - [2025-10-03T00:11:58.997+0000] {dag.py:3954} INFO - Setting next_dagrun for example_skip_dag to 2025-10-02 00:00:00+00:00, run_after=2025-10-03 00:00:00+00:00
[2025-10-03T00:11:59.043+0000] {processor.py:183} INFO - Processing /home/airflow/.local/lib/python3.12/site-packages/airflow/example_dags/example_skip_dag.py took 0.184 seconds
[2025-10-03T00:12:30.334+0000] {processor.py:161} INFO - Started process (PID=15710) to work on /home/airflow/.local/lib/python3.12/site-packages/airflow/example_dags/example_skip_dag.py
[2025-10-03T00:12:30.337+0000] {processor.py:830} INFO - Processing file /home/airflow/.local/lib/python3.12/site-packages/airflow/example_dags/example_skip_dag.py for tasks to queue
[2025-10-03T00:12:30.341+0000] {logging_mixin.py:188} INFO - [2025-10-03T00:12:30.339+0000] {dagbag.py:545} INFO - Filling up the DagBag from /home/airflow/.local/lib/python3.12/site-packages/airflow/example_dags/example_skip_dag.py
[2025-10-03T00:12:30.393+0000] {processor.py:840} INFO - DAG(s) 'example_skip_dag' retrieved from /home/airflow/.local/lib/python3.12/site-packages/airflow/example_dags/example_skip_dag.py
[2025-10-03T00:12:30.552+0000] {logging_mixin.py:188} INFO - [2025-10-03T00:12:30.551+0000] {dag.py:3096} INFO - Sync 1 DAGs
[2025-10-03T00:12:30.642+0000] {logging_mixin.py:188} INFO - [2025-10-03T00:12:30.641+0000] {dag.py:3954} INFO - Setting next_dagrun for example_skip_dag to 2025-10-02 00:00:00+00:00, run_after=2025-10-03 00:00:00+00:00
[2025-10-03T00:12:30.699+0000] {processor.py:183} INFO - Processing /home/airflow/.local/lib/python3.12/site-packages/airflow/example_dags/example_skip_dag.py took 0.420 seconds
[2025-10-03T00:13:01.516+0000] {processor.py:161} INFO - Started process (PID=15763) to work on /home/airflow/.local/lib/python3.12/site-packages/airflow/example_dags/example_skip_dag.py
[2025-10-03T00:13:01.518+0000] {processor.py:830} INFO - Processing file /home/airflow/.local/lib/python3.12/site-packages/airflow/example_dags/example_skip_dag.py for tasks to queue
[2025-10-03T00:13:01.520+0000] {logging_mixin.py:188} INFO - [2025-10-03T00:13:01.520+0000] {dagbag.py:545} INFO - Filling up the DagBag from /home/airflow/.local/lib/python3.12/site-packages/airflow/example_dags/example_skip_dag.py
[2025-10-03T00:13:01.536+0000] {processor.py:840} INFO - DAG(s) 'example_skip_dag' retrieved from /home/airflow/.local/lib/python3.12/site-packages/airflow/example_dags/example_skip_dag.py
[2025-10-03T00:13:01.593+0000] {logging_mixin.py:188} INFO - [2025-10-03T00:13:01.593+0000] {dag.py:3096} INFO - Sync 1 DAGs
[2025-10-03T00:13:01.643+0000] {logging_mixin.py:188} INFO - [2025-10-03T00:13:01.643+0000] {dag.py:3954} INFO - Setting next_dagrun for example_skip_dag to 2025-10-02 00:00:00+00:00, run_after=2025-10-03 00:00:00+00:00
[2025-10-03T00:13:01.697+0000] {processor.py:183} INFO - Processing /home/airflow/.local/lib/python3.12/site-packages/airflow/example_dags/example_skip_dag.py took 0.195 seconds
[2025-10-03T00:13:32.038+0000] {processor.py:161} INFO - Started process (PID=15816) to work on /home/airflow/.local/lib/python3.12/site-packages/airflow/example_dags/example_skip_dag.py
[2025-10-03T00:13:32.041+0000] {processor.py:830} INFO - Processing file /home/airflow/.local/lib/python3.12/site-packages/airflow/example_dags/example_skip_dag.py for tasks to queue
[2025-10-03T00:13:32.044+0000] {logging_mixin.py:188} INFO - [2025-10-03T00:13:32.043+0000] {dagbag.py:545} INFO - Filling up the DagBag from /home/airflow/.local/lib/python3.12/site-packages/airflow/example_dags/example_skip_dag.py
[2025-10-03T00:13:32.077+0000] {processor.py:840} INFO - DAG(s) 'example_skip_dag' retrieved from /home/airflow/.local/lib/python3.12/site-packages/airflow/example_dags/example_skip_dag.py
[2025-10-03T00:13:32.157+0000] {logging_mixin.py:188} INFO - [2025-10-03T00:13:32.156+0000] {dag.py:3096} INFO - Sync 1 DAGs
[2025-10-03T00:13:32.237+0000] {logging_mixin.py:188} INFO - [2025-10-03T00:13:32.236+0000] {dag.py:3954} INFO - Setting next_dagrun for example_skip_dag to 2025-10-02 00:00:00+00:00, run_after=2025-10-03 00:00:00+00:00
[2025-10-03T00:13:32.287+0000] {processor.py:183} INFO - Processing /home/airflow/.local/lib/python3.12/site-packages/airflow/example_dags/example_skip_dag.py took 0.269 seconds
[2025-10-03T00:14:02.635+0000] {processor.py:161} INFO - Started process (PID=15869) to work on /home/airflow/.local/lib/python3.12/site-packages/airflow/example_dags/example_skip_dag.py
[2025-10-03T00:14:02.638+0000] {processor.py:830} INFO - Processing file /home/airflow/.local/lib/python3.12/site-packages/airflow/example_dags/example_skip_dag.py for tasks to queue
[2025-10-03T00:14:02.647+0000] {logging_mixin.py:188} INFO - [2025-10-03T00:14:02.645+0000] {dagbag.py:545} INFO - Filling up the DagBag from /home/airflow/.local/lib/python3.12/site-packages/airflow/example_dags/example_skip_dag.py
[2025-10-03T00:14:02.677+0000] {processor.py:840} INFO - DAG(s) 'example_skip_dag' retrieved from /home/airflow/.local/lib/python3.12/site-packages/airflow/example_dags/example_skip_dag.py
[2025-10-03T00:14:02.789+0000] {logging_mixin.py:188} INFO - [2025-10-03T00:14:02.787+0000] {dag.py:3096} INFO - Sync 1 DAGs
[2025-10-03T00:14:02.924+0000] {logging_mixin.py:188} INFO - [2025-10-03T00:14:02.923+0000] {dag.py:3954} INFO - Setting next_dagrun for example_skip_dag to 2025-10-02 00:00:00+00:00, run_after=2025-10-03 00:00:00+00:00
[2025-10-03T00:14:02.988+0000] {processor.py:183} INFO - Processing /home/airflow/.local/lib/python3.12/site-packages/airflow/example_dags/example_skip_dag.py took 0.372 seconds
[2025-10-03T00:14:35.213+0000] {processor.py:161} INFO - Started process (PID=15922) to work on /home/airflow/.local/lib/python3.12/site-packages/airflow/example_dags/example_skip_dag.py
[2025-10-03T00:14:35.216+0000] {processor.py:830} INFO - Processing file /home/airflow/.local/lib/python3.12/site-packages/airflow/example_dags/example_skip_dag.py for tasks to queue
[2025-10-03T00:14:35.218+0000] {logging_mixin.py:188} INFO - [2025-10-03T00:14:35.217+0000] {dagbag.py:545} INFO - Filling up the DagBag from /home/airflow/.local/lib/python3.12/site-packages/airflow/example_dags/example_skip_dag.py
[2025-10-03T00:14:35.240+0000] {processor.py:840} INFO - DAG(s) 'example_skip_dag' retrieved from /home/airflow/.local/lib/python3.12/site-packages/airflow/example_dags/example_skip_dag.py
[2025-10-03T00:14:35.337+0000] {logging_mixin.py:188} INFO - [2025-10-03T00:14:35.335+0000] {dag.py:3096} INFO - Sync 1 DAGs
[2025-10-03T00:14:35.461+0000] {logging_mixin.py:188} INFO - [2025-10-03T00:14:35.460+0000] {dag.py:3954} INFO - Setting next_dagrun for example_skip_dag to 2025-10-02 00:00:00+00:00, run_after=2025-10-03 00:00:00+00:00
[2025-10-03T00:14:35.557+0000] {processor.py:183} INFO - Processing /home/airflow/.local/lib/python3.12/site-packages/airflow/example_dags/example_skip_dag.py took 0.363 seconds
[2025-10-03T00:15:06.483+0000] {processor.py:161} INFO - Started process (PID=15975) to work on /home/airflow/.local/lib/python3.12/site-packages/airflow/example_dags/example_skip_dag.py
[2025-10-03T00:15:06.486+0000] {processor.py:830} INFO - Processing file /home/airflow/.local/lib/python3.12/site-packages/airflow/example_dags/example_skip_dag.py for tasks to queue
[2025-10-03T00:15:06.490+0000] {logging_mixin.py:188} INFO - [2025-10-03T00:15:06.489+0000] {dagbag.py:545} INFO - Filling up the DagBag from /home/airflow/.local/lib/python3.12/site-packages/airflow/example_dags/example_skip_dag.py
[2025-10-03T00:15:06.511+0000] {processor.py:840} INFO - DAG(s) 'example_skip_dag' retrieved from /home/airflow/.local/lib/python3.12/site-packages/airflow/example_dags/example_skip_dag.py
[2025-10-03T00:15:06.603+0000] {logging_mixin.py:188} INFO - [2025-10-03T00:15:06.602+0000] {dag.py:3096} INFO - Sync 1 DAGs
[2025-10-03T00:15:06.699+0000] {logging_mixin.py:188} INFO - [2025-10-03T00:15:06.698+0000] {dag.py:3954} INFO - Setting next_dagrun for example_skip_dag to 2025-10-02 00:00:00+00:00, run_after=2025-10-03 00:00:00+00:00
[2025-10-03T00:15:06.764+0000] {processor.py:183} INFO - Processing /home/airflow/.local/lib/python3.12/site-packages/airflow/example_dags/example_skip_dag.py took 0.305 seconds
[2025-10-03T00:15:36.963+0000] {processor.py:161} INFO - Started process (PID=16028) to work on /home/airflow/.local/lib/python3.12/site-packages/airflow/example_dags/example_skip_dag.py
[2025-10-03T00:15:36.966+0000] {processor.py:830} INFO - Processing file /home/airflow/.local/lib/python3.12/site-packages/airflow/example_dags/example_skip_dag.py for tasks to queue
[2025-10-03T00:15:36.968+0000] {logging_mixin.py:188} INFO - [2025-10-03T00:15:36.968+0000] {dagbag.py:545} INFO - Filling up the DagBag from /home/airflow/.local/lib/python3.12/site-packages/airflow/example_dags/example_skip_dag.py
[2025-10-03T00:15:36.993+0000] {processor.py:840} INFO - DAG(s) 'example_skip_dag' retrieved from /home/airflow/.local/lib/python3.12/site-packages/airflow/example_dags/example_skip_dag.py
[2025-10-03T00:15:37.061+0000] {logging_mixin.py:188} INFO - [2025-10-03T00:15:37.060+0000] {dag.py:3096} INFO - Sync 1 DAGs
[2025-10-03T00:15:37.138+0000] {logging_mixin.py:188} INFO - [2025-10-03T00:15:37.138+0000] {dag.py:3954} INFO - Setting next_dagrun for example_skip_dag to 2025-10-02 00:00:00+00:00, run_after=2025-10-03 00:00:00+00:00
[2025-10-03T00:15:37.200+0000] {processor.py:183} INFO - Processing /home/airflow/.local/lib/python3.12/site-packages/airflow/example_dags/example_skip_dag.py took 0.254 seconds
[2025-10-03T00:16:07.630+0000] {processor.py:161} INFO - Started process (PID=16081) to work on /home/airflow/.local/lib/python3.12/site-packages/airflow/example_dags/example_skip_dag.py
[2025-10-03T00:16:07.633+0000] {processor.py:830} INFO - Processing file /home/airflow/.local/lib/python3.12/site-packages/airflow/example_dags/example_skip_dag.py for tasks to queue
[2025-10-03T00:16:07.635+0000] {logging_mixin.py:188} INFO - [2025-10-03T00:16:07.634+0000] {dagbag.py:545} INFO - Filling up the DagBag from /home/airflow/.local/lib/python3.12/site-packages/airflow/example_dags/example_skip_dag.py
[2025-10-03T00:16:07.655+0000] {processor.py:840} INFO - DAG(s) 'example_skip_dag' retrieved from /home/airflow/.local/lib/python3.12/site-packages/airflow/example_dags/example_skip_dag.py
[2025-10-03T00:16:07.725+0000] {logging_mixin.py:188} INFO - [2025-10-03T00:16:07.725+0000] {dag.py:3096} INFO - Sync 1 DAGs
[2025-10-03T00:16:07.773+0000] {logging_mixin.py:188} INFO - [2025-10-03T00:16:07.773+0000] {dag.py:3954} INFO - Setting next_dagrun for example_skip_dag to 2025-10-02 00:00:00+00:00, run_after=2025-10-03 00:00:00+00:00
[2025-10-03T00:16:07.827+0000] {processor.py:183} INFO - Processing /home/airflow/.local/lib/python3.12/site-packages/airflow/example_dags/example_skip_dag.py took 0.213 seconds
[2025-10-03T00:16:38.310+0000] {processor.py:161} INFO - Started process (PID=16135) to work on /home/airflow/.local/lib/python3.12/site-packages/airflow/example_dags/example_skip_dag.py
[2025-10-03T00:16:38.314+0000] {processor.py:830} INFO - Processing file /home/airflow/.local/lib/python3.12/site-packages/airflow/example_dags/example_skip_dag.py for tasks to queue
[2025-10-03T00:16:38.317+0000] {logging_mixin.py:188} INFO - [2025-10-03T00:16:38.316+0000] {dagbag.py:545} INFO - Filling up the DagBag from /home/airflow/.local/lib/python3.12/site-packages/airflow/example_dags/example_skip_dag.py
[2025-10-03T00:16:38.340+0000] {processor.py:840} INFO - DAG(s) 'example_skip_dag' retrieved from /home/airflow/.local/lib/python3.12/site-packages/airflow/example_dags/example_skip_dag.py
[2025-10-03T00:16:38.396+0000] {logging_mixin.py:188} INFO - [2025-10-03T00:16:38.396+0000] {dag.py:3096} INFO - Sync 1 DAGs
[2025-10-03T00:16:38.457+0000] {logging_mixin.py:188} INFO - [2025-10-03T00:16:38.457+0000] {dag.py:3954} INFO - Setting next_dagrun for example_skip_dag to 2025-10-02 00:00:00+00:00, run_after=2025-10-03 00:00:00+00:00
[2025-10-03T00:16:38.505+0000] {processor.py:183} INFO - Processing /home/airflow/.local/lib/python3.12/site-packages/airflow/example_dags/example_skip_dag.py took 0.222 seconds
[2025-10-03T00:17:08.681+0000] {processor.py:161} INFO - Started process (PID=16188) to work on /home/airflow/.local/lib/python3.12/site-packages/airflow/example_dags/example_skip_dag.py
[2025-10-03T00:17:08.683+0000] {processor.py:830} INFO - Processing file /home/airflow/.local/lib/python3.12/site-packages/airflow/example_dags/example_skip_dag.py for tasks to queue
[2025-10-03T00:17:08.685+0000] {logging_mixin.py:188} INFO - [2025-10-03T00:17:08.685+0000] {dagbag.py:545} INFO - Filling up the DagBag from /home/airflow/.local/lib/python3.12/site-packages/airflow/example_dags/example_skip_dag.py
[2025-10-03T00:17:08.706+0000] {processor.py:840} INFO - DAG(s) 'example_skip_dag' retrieved from /home/airflow/.local/lib/python3.12/site-packages/airflow/example_dags/example_skip_dag.py
[2025-10-03T00:17:08.761+0000] {logging_mixin.py:188} INFO - [2025-10-03T00:17:08.761+0000] {dag.py:3096} INFO - Sync 1 DAGs
[2025-10-03T00:17:08.844+0000] {logging_mixin.py:188} INFO - [2025-10-03T00:17:08.844+0000] {dag.py:3954} INFO - Setting next_dagrun for example_skip_dag to 2025-10-02 00:00:00+00:00, run_after=2025-10-03 00:00:00+00:00
[2025-10-03T00:17:08.896+0000] {processor.py:183} INFO - Processing /home/airflow/.local/lib/python3.12/site-packages/airflow/example_dags/example_skip_dag.py took 0.238 seconds
[2025-10-03T00:17:39.323+0000] {processor.py:161} INFO - Started process (PID=16241) to work on /home/airflow/.local/lib/python3.12/site-packages/airflow/example_dags/example_skip_dag.py
[2025-10-03T00:17:39.325+0000] {processor.py:830} INFO - Processing file /home/airflow/.local/lib/python3.12/site-packages/airflow/example_dags/example_skip_dag.py for tasks to queue
[2025-10-03T00:17:39.327+0000] {logging_mixin.py:188} INFO - [2025-10-03T00:17:39.327+0000] {dagbag.py:545} INFO - Filling up the DagBag from /home/airflow/.local/lib/python3.12/site-packages/airflow/example_dags/example_skip_dag.py
[2025-10-03T00:17:39.352+0000] {processor.py:840} INFO - DAG(s) 'example_skip_dag' retrieved from /home/airflow/.local/lib/python3.12/site-packages/airflow/example_dags/example_skip_dag.py
[2025-10-03T00:17:39.426+0000] {logging_mixin.py:188} INFO - [2025-10-03T00:17:39.426+0000] {dag.py:3096} INFO - Sync 1 DAGs
[2025-10-03T00:17:39.524+0000] {logging_mixin.py:188} INFO - [2025-10-03T00:17:39.524+0000] {dag.py:3954} INFO - Setting next_dagrun for example_skip_dag to 2025-10-02 00:00:00+00:00, run_after=2025-10-03 00:00:00+00:00
[2025-10-03T00:17:39.588+0000] {processor.py:183} INFO - Processing /home/airflow/.local/lib/python3.12/site-packages/airflow/example_dags/example_skip_dag.py took 0.282 seconds
[2025-10-03T00:18:09.748+0000] {processor.py:161} INFO - Started process (PID=16294) to work on /home/airflow/.local/lib/python3.12/site-packages/airflow/example_dags/example_skip_dag.py
[2025-10-03T00:18:09.751+0000] {processor.py:830} INFO - Processing file /home/airflow/.local/lib/python3.12/site-packages/airflow/example_dags/example_skip_dag.py for tasks to queue
[2025-10-03T00:18:09.753+0000] {logging_mixin.py:188} INFO - [2025-10-03T00:18:09.752+0000] {dagbag.py:545} INFO - Filling up the DagBag from /home/airflow/.local/lib/python3.12/site-packages/airflow/example_dags/example_skip_dag.py
[2025-10-03T00:18:09.768+0000] {processor.py:840} INFO - DAG(s) 'example_skip_dag' retrieved from /home/airflow/.local/lib/python3.12/site-packages/airflow/example_dags/example_skip_dag.py
[2025-10-03T00:18:09.816+0000] {logging_mixin.py:188} INFO - [2025-10-03T00:18:09.816+0000] {dag.py:3096} INFO - Sync 1 DAGs
[2025-10-03T00:18:09.873+0000] {logging_mixin.py:188} INFO - [2025-10-03T00:18:09.872+0000] {dag.py:3954} INFO - Setting next_dagrun for example_skip_dag to 2025-10-02 00:00:00+00:00, run_after=2025-10-03 00:00:00+00:00
[2025-10-03T00:18:09.912+0000] {processor.py:183} INFO - Processing /home/airflow/.local/lib/python3.12/site-packages/airflow/example_dags/example_skip_dag.py took 0.181 seconds
[2025-10-03T00:18:40.422+0000] {processor.py:161} INFO - Started process (PID=16346) to work on /home/airflow/.local/lib/python3.12/site-packages/airflow/example_dags/example_skip_dag.py
[2025-10-03T00:18:40.425+0000] {processor.py:830} INFO - Processing file /home/airflow/.local/lib/python3.12/site-packages/airflow/example_dags/example_skip_dag.py for tasks to queue
[2025-10-03T00:18:40.427+0000] {logging_mixin.py:188} INFO - [2025-10-03T00:18:40.426+0000] {dagbag.py:545} INFO - Filling up the DagBag from /home/airflow/.local/lib/python3.12/site-packages/airflow/example_dags/example_skip_dag.py
[2025-10-03T00:18:40.444+0000] {processor.py:840} INFO - DAG(s) 'example_skip_dag' retrieved from /home/airflow/.local/lib/python3.12/site-packages/airflow/example_dags/example_skip_dag.py
[2025-10-03T00:18:40.499+0000] {logging_mixin.py:188} INFO - [2025-10-03T00:18:40.498+0000] {dag.py:3096} INFO - Sync 1 DAGs
[2025-10-03T00:18:40.550+0000] {logging_mixin.py:188} INFO - [2025-10-03T00:18:40.550+0000] {dag.py:3954} INFO - Setting next_dagrun for example_skip_dag to 2025-10-02 00:00:00+00:00, run_after=2025-10-03 00:00:00+00:00
[2025-10-03T00:18:40.590+0000] {processor.py:183} INFO - Processing /home/airflow/.local/lib/python3.12/site-packages/airflow/example_dags/example_skip_dag.py took 0.184 seconds
[2025-10-03T00:19:11.152+0000] {processor.py:161} INFO - Started process (PID=16399) to work on /home/airflow/.local/lib/python3.12/site-packages/airflow/example_dags/example_skip_dag.py
[2025-10-03T00:19:11.154+0000] {processor.py:830} INFO - Processing file /home/airflow/.local/lib/python3.12/site-packages/airflow/example_dags/example_skip_dag.py for tasks to queue
[2025-10-03T00:19:11.157+0000] {logging_mixin.py:188} INFO - [2025-10-03T00:19:11.156+0000] {dagbag.py:545} INFO - Filling up the DagBag from /home/airflow/.local/lib/python3.12/site-packages/airflow/example_dags/example_skip_dag.py
[2025-10-03T00:19:11.174+0000] {processor.py:840} INFO - DAG(s) 'example_skip_dag' retrieved from /home/airflow/.local/lib/python3.12/site-packages/airflow/example_dags/example_skip_dag.py
[2025-10-03T00:19:11.232+0000] {logging_mixin.py:188} INFO - [2025-10-03T00:19:11.231+0000] {dag.py:3096} INFO - Sync 1 DAGs
[2025-10-03T00:19:11.284+0000] {logging_mixin.py:188} INFO - [2025-10-03T00:19:11.284+0000] {dag.py:3954} INFO - Setting next_dagrun for example_skip_dag to 2025-10-02 00:00:00+00:00, run_after=2025-10-03 00:00:00+00:00
[2025-10-03T00:19:11.326+0000] {processor.py:183} INFO - Processing /home/airflow/.local/lib/python3.12/site-packages/airflow/example_dags/example_skip_dag.py took 0.189 seconds
[2025-10-03T00:19:42.063+0000] {processor.py:161} INFO - Started process (PID=16452) to work on /home/airflow/.local/lib/python3.12/site-packages/airflow/example_dags/example_skip_dag.py
[2025-10-03T00:19:42.066+0000] {processor.py:830} INFO - Processing file /home/airflow/.local/lib/python3.12/site-packages/airflow/example_dags/example_skip_dag.py for tasks to queue
[2025-10-03T00:19:42.069+0000] {logging_mixin.py:188} INFO - [2025-10-03T00:19:42.068+0000] {dagbag.py:545} INFO - Filling up the DagBag from /home/airflow/.local/lib/python3.12/site-packages/airflow/example_dags/example_skip_dag.py
[2025-10-03T00:19:42.095+0000] {processor.py:840} INFO - DAG(s) 'example_skip_dag' retrieved from /home/airflow/.local/lib/python3.12/site-packages/airflow/example_dags/example_skip_dag.py
[2025-10-03T00:19:42.163+0000] {logging_mixin.py:188} INFO - [2025-10-03T00:19:42.162+0000] {dag.py:3096} INFO - Sync 1 DAGs
[2025-10-03T00:19:42.222+0000] {logging_mixin.py:188} INFO - [2025-10-03T00:19:42.221+0000] {dag.py:3954} INFO - Setting next_dagrun for example_skip_dag to 2025-10-02 00:00:00+00:00, run_after=2025-10-03 00:00:00+00:00
[2025-10-03T00:19:42.264+0000] {processor.py:183} INFO - Processing /home/airflow/.local/lib/python3.12/site-packages/airflow/example_dags/example_skip_dag.py took 0.218 seconds
[2025-10-03T00:20:12.876+0000] {processor.py:161} INFO - Started process (PID=16505) to work on /home/airflow/.local/lib/python3.12/site-packages/airflow/example_dags/example_skip_dag.py
[2025-10-03T00:20:12.879+0000] {processor.py:830} INFO - Processing file /home/airflow/.local/lib/python3.12/site-packages/airflow/example_dags/example_skip_dag.py for tasks to queue
[2025-10-03T00:20:12.881+0000] {logging_mixin.py:188} INFO - [2025-10-03T00:20:12.881+0000] {dagbag.py:545} INFO - Filling up the DagBag from /home/airflow/.local/lib/python3.12/site-packages/airflow/example_dags/example_skip_dag.py
[2025-10-03T00:20:12.899+0000] {processor.py:840} INFO - DAG(s) 'example_skip_dag' retrieved from /home/airflow/.local/lib/python3.12/site-packages/airflow/example_dags/example_skip_dag.py
[2025-10-03T00:20:12.959+0000] {logging_mixin.py:188} INFO - [2025-10-03T00:20:12.959+0000] {dag.py:3096} INFO - Sync 1 DAGs
[2025-10-03T00:20:13.013+0000] {logging_mixin.py:188} INFO - [2025-10-03T00:20:13.013+0000] {dag.py:3954} INFO - Setting next_dagrun for example_skip_dag to 2025-10-02 00:00:00+00:00, run_after=2025-10-03 00:00:00+00:00
[2025-10-03T00:20:13.050+0000] {processor.py:183} INFO - Processing /home/airflow/.local/lib/python3.12/site-packages/airflow/example_dags/example_skip_dag.py took 0.189 seconds
[2025-10-03T00:20:43.417+0000] {processor.py:161} INFO - Started process (PID=16558) to work on /home/airflow/.local/lib/python3.12/site-packages/airflow/example_dags/example_skip_dag.py
[2025-10-03T00:20:43.420+0000] {processor.py:830} INFO - Processing file /home/airflow/.local/lib/python3.12/site-packages/airflow/example_dags/example_skip_dag.py for tasks to queue
[2025-10-03T00:20:43.422+0000] {logging_mixin.py:188} INFO - [2025-10-03T00:20:43.421+0000] {dagbag.py:545} INFO - Filling up the DagBag from /home/airflow/.local/lib/python3.12/site-packages/airflow/example_dags/example_skip_dag.py
[2025-10-03T00:20:43.448+0000] {processor.py:840} INFO - DAG(s) 'example_skip_dag' retrieved from /home/airflow/.local/lib/python3.12/site-packages/airflow/example_dags/example_skip_dag.py
[2025-10-03T00:20:43.519+0000] {logging_mixin.py:188} INFO - [2025-10-03T00:20:43.518+0000] {dag.py:3096} INFO - Sync 1 DAGs
[2025-10-03T00:20:43.612+0000] {logging_mixin.py:188} INFO - [2025-10-03T00:20:43.611+0000] {dag.py:3954} INFO - Setting next_dagrun for example_skip_dag to 2025-10-02 00:00:00+00:00, run_after=2025-10-03 00:00:00+00:00
[2025-10-03T00:20:43.672+0000] {processor.py:183} INFO - Processing /home/airflow/.local/lib/python3.12/site-packages/airflow/example_dags/example_skip_dag.py took 0.271 seconds
