[2025-10-03T00:00:04.816+0000] {processor.py:161} INFO - Started process (PID=14423) to work on /home/airflow/.local/lib/python3.12/site-packages/airflow/example_dags/example_external_task_marker_dag.py
[2025-10-03T00:00:04.819+0000] {processor.py:830} INFO - Processing file /home/airflow/.local/lib/python3.12/site-packages/airflow/example_dags/example_external_task_marker_dag.py for tasks to queue
[2025-10-03T00:00:04.821+0000] {logging_mixin.py:188} INFO - [2025-10-03T00:00:04.820+0000] {dagbag.py:545} INFO - Filling up the DagBag from /home/airflow/.local/lib/python3.12/site-packages/airflow/example_dags/example_external_task_marker_dag.py
[2025-10-03T00:00:04.838+0000] {processor.py:840} INFO - DAG(s) 'example_external_task_marker_child', 'example_external_task_marker_parent' retrieved from /home/airflow/.local/lib/python3.12/site-packages/airflow/example_dags/example_external_task_marker_dag.py
[2025-10-03T00:00:04.894+0000] {logging_mixin.py:188} INFO - [2025-10-03T00:00:04.894+0000] {dag.py:3096} INFO - Sync 2 DAGs
[2025-10-03T00:00:04.931+0000] {logging_mixin.py:188} INFO - [2025-10-03T00:00:04.930+0000] {dag.py:3954} INFO - Setting next_dagrun for example_external_task_marker_child to None, run_after=None
[2025-10-03T00:00:04.942+0000] {logging_mixin.py:188} INFO - [2025-10-03T00:00:04.941+0000] {dag.py:3954} INFO - Setting next_dagrun for example_external_task_marker_parent to None, run_after=None
[2025-10-03T00:00:04.989+0000] {processor.py:183} INFO - Processing /home/airflow/.local/lib/python3.12/site-packages/airflow/example_dags/example_external_task_marker_dag.py took 0.189 seconds
[2025-10-03T00:00:35.478+0000] {processor.py:161} INFO - Started process (PID=14476) to work on /home/airflow/.local/lib/python3.12/site-packages/airflow/example_dags/example_external_task_marker_dag.py
[2025-10-03T00:00:35.480+0000] {processor.py:830} INFO - Processing file /home/airflow/.local/lib/python3.12/site-packages/airflow/example_dags/example_external_task_marker_dag.py for tasks to queue
[2025-10-03T00:00:35.482+0000] {logging_mixin.py:188} INFO - [2025-10-03T00:00:35.481+0000] {dagbag.py:545} INFO - Filling up the DagBag from /home/airflow/.local/lib/python3.12/site-packages/airflow/example_dags/example_external_task_marker_dag.py
[2025-10-03T00:00:35.498+0000] {processor.py:840} INFO - DAG(s) 'example_external_task_marker_parent', 'example_external_task_marker_child' retrieved from /home/airflow/.local/lib/python3.12/site-packages/airflow/example_dags/example_external_task_marker_dag.py
[2025-10-03T00:00:35.553+0000] {logging_mixin.py:188} INFO - [2025-10-03T00:00:35.553+0000] {dag.py:3096} INFO - Sync 2 DAGs
[2025-10-03T00:00:35.588+0000] {logging_mixin.py:188} INFO - [2025-10-03T00:00:35.587+0000] {dag.py:3954} INFO - Setting next_dagrun for example_external_task_marker_child to None, run_after=None
[2025-10-03T00:00:35.595+0000] {logging_mixin.py:188} INFO - [2025-10-03T00:00:35.595+0000] {dag.py:3954} INFO - Setting next_dagrun for example_external_task_marker_parent to None, run_after=None
[2025-10-03T00:00:35.640+0000] {processor.py:183} INFO - Processing /home/airflow/.local/lib/python3.12/site-packages/airflow/example_dags/example_external_task_marker_dag.py took 0.178 seconds
[2025-10-03T00:01:05.880+0000] {processor.py:161} INFO - Started process (PID=14527) to work on /home/airflow/.local/lib/python3.12/site-packages/airflow/example_dags/example_external_task_marker_dag.py
[2025-10-03T00:01:05.882+0000] {processor.py:830} INFO - Processing file /home/airflow/.local/lib/python3.12/site-packages/airflow/example_dags/example_external_task_marker_dag.py for tasks to queue
[2025-10-03T00:01:05.886+0000] {logging_mixin.py:188} INFO - [2025-10-03T00:01:05.884+0000] {dagbag.py:545} INFO - Filling up the DagBag from /home/airflow/.local/lib/python3.12/site-packages/airflow/example_dags/example_external_task_marker_dag.py
[2025-10-03T00:01:05.909+0000] {processor.py:840} INFO - DAG(s) 'example_external_task_marker_parent', 'example_external_task_marker_child' retrieved from /home/airflow/.local/lib/python3.12/site-packages/airflow/example_dags/example_external_task_marker_dag.py
[2025-10-03T00:01:05.970+0000] {logging_mixin.py:188} INFO - [2025-10-03T00:01:05.970+0000] {dag.py:3096} INFO - Sync 2 DAGs
[2025-10-03T00:01:06.028+0000] {logging_mixin.py:188} INFO - [2025-10-03T00:01:06.028+0000] {dag.py:3954} INFO - Setting next_dagrun for example_external_task_marker_child to None, run_after=None
[2025-10-03T00:01:06.043+0000] {logging_mixin.py:188} INFO - [2025-10-03T00:01:06.042+0000] {dag.py:3954} INFO - Setting next_dagrun for example_external_task_marker_parent to None, run_after=None
[2025-10-03T00:01:06.093+0000] {processor.py:183} INFO - Processing /home/airflow/.local/lib/python3.12/site-packages/airflow/example_dags/example_external_task_marker_dag.py took 0.236 seconds
[2025-10-03T00:01:36.403+0000] {processor.py:161} INFO - Started process (PID=14579) to work on /home/airflow/.local/lib/python3.12/site-packages/airflow/example_dags/example_external_task_marker_dag.py
[2025-10-03T00:01:36.406+0000] {processor.py:830} INFO - Processing file /home/airflow/.local/lib/python3.12/site-packages/airflow/example_dags/example_external_task_marker_dag.py for tasks to queue
[2025-10-03T00:01:36.408+0000] {logging_mixin.py:188} INFO - [2025-10-03T00:01:36.407+0000] {dagbag.py:545} INFO - Filling up the DagBag from /home/airflow/.local/lib/python3.12/site-packages/airflow/example_dags/example_external_task_marker_dag.py
[2025-10-03T00:01:36.425+0000] {processor.py:840} INFO - DAG(s) 'example_external_task_marker_child', 'example_external_task_marker_parent' retrieved from /home/airflow/.local/lib/python3.12/site-packages/airflow/example_dags/example_external_task_marker_dag.py
[2025-10-03T00:01:36.490+0000] {logging_mixin.py:188} INFO - [2025-10-03T00:01:36.489+0000] {dag.py:3096} INFO - Sync 2 DAGs
[2025-10-03T00:01:36.520+0000] {logging_mixin.py:188} INFO - [2025-10-03T00:01:36.520+0000] {dag.py:3954} INFO - Setting next_dagrun for example_external_task_marker_child to None, run_after=None
[2025-10-03T00:01:36.530+0000] {logging_mixin.py:188} INFO - [2025-10-03T00:01:36.530+0000] {dag.py:3954} INFO - Setting next_dagrun for example_external_task_marker_parent to None, run_after=None
[2025-10-03T00:01:36.577+0000] {processor.py:183} INFO - Processing /home/airflow/.local/lib/python3.12/site-packages/airflow/example_dags/example_external_task_marker_dag.py took 0.190 seconds
[2025-10-03T00:02:06.937+0000] {processor.py:161} INFO - Started process (PID=14632) to work on /home/airflow/.local/lib/python3.12/site-packages/airflow/example_dags/example_external_task_marker_dag.py
[2025-10-03T00:02:06.942+0000] {processor.py:830} INFO - Processing file /home/airflow/.local/lib/python3.12/site-packages/airflow/example_dags/example_external_task_marker_dag.py for tasks to queue
[2025-10-03T00:02:06.946+0000] {logging_mixin.py:188} INFO - [2025-10-03T00:02:06.944+0000] {dagbag.py:545} INFO - Filling up the DagBag from /home/airflow/.local/lib/python3.12/site-packages/airflow/example_dags/example_external_task_marker_dag.py
[2025-10-03T00:02:06.973+0000] {processor.py:840} INFO - DAG(s) 'example_external_task_marker_child', 'example_external_task_marker_parent' retrieved from /home/airflow/.local/lib/python3.12/site-packages/airflow/example_dags/example_external_task_marker_dag.py
[2025-10-03T00:02:07.042+0000] {logging_mixin.py:188} INFO - [2025-10-03T00:02:07.041+0000] {dag.py:3096} INFO - Sync 2 DAGs
[2025-10-03T00:02:07.081+0000] {logging_mixin.py:188} INFO - [2025-10-03T00:02:07.081+0000] {dag.py:3954} INFO - Setting next_dagrun for example_external_task_marker_child to None, run_after=None
[2025-10-03T00:02:07.095+0000] {logging_mixin.py:188} INFO - [2025-10-03T00:02:07.094+0000] {dag.py:3954} INFO - Setting next_dagrun for example_external_task_marker_parent to None, run_after=None
[2025-10-03T00:02:07.144+0000] {processor.py:183} INFO - Processing /home/airflow/.local/lib/python3.12/site-packages/airflow/example_dags/example_external_task_marker_dag.py took 0.238 seconds
[2025-10-03T00:02:37.425+0000] {processor.py:161} INFO - Started process (PID=14682) to work on /home/airflow/.local/lib/python3.12/site-packages/airflow/example_dags/example_external_task_marker_dag.py
[2025-10-03T00:02:37.427+0000] {processor.py:830} INFO - Processing file /home/airflow/.local/lib/python3.12/site-packages/airflow/example_dags/example_external_task_marker_dag.py for tasks to queue
[2025-10-03T00:02:37.430+0000] {logging_mixin.py:188} INFO - [2025-10-03T00:02:37.429+0000] {dagbag.py:545} INFO - Filling up the DagBag from /home/airflow/.local/lib/python3.12/site-packages/airflow/example_dags/example_external_task_marker_dag.py
[2025-10-03T00:02:37.447+0000] {processor.py:840} INFO - DAG(s) 'example_external_task_marker_parent', 'example_external_task_marker_child' retrieved from /home/airflow/.local/lib/python3.12/site-packages/airflow/example_dags/example_external_task_marker_dag.py
[2025-10-03T00:02:37.502+0000] {logging_mixin.py:188} INFO - [2025-10-03T00:02:37.502+0000] {dag.py:3096} INFO - Sync 2 DAGs
[2025-10-03T00:02:37.531+0000] {logging_mixin.py:188} INFO - [2025-10-03T00:02:37.530+0000] {dag.py:3954} INFO - Setting next_dagrun for example_external_task_marker_child to None, run_after=None
[2025-10-03T00:02:37.538+0000] {logging_mixin.py:188} INFO - [2025-10-03T00:02:37.538+0000] {dag.py:3954} INFO - Setting next_dagrun for example_external_task_marker_parent to None, run_after=None
[2025-10-03T00:02:37.573+0000] {processor.py:183} INFO - Processing /home/airflow/.local/lib/python3.12/site-packages/airflow/example_dags/example_external_task_marker_dag.py took 0.163 seconds
[2025-10-03T00:03:07.672+0000] {processor.py:161} INFO - Started process (PID=14734) to work on /home/airflow/.local/lib/python3.12/site-packages/airflow/example_dags/example_external_task_marker_dag.py
[2025-10-03T00:03:07.674+0000] {processor.py:830} INFO - Processing file /home/airflow/.local/lib/python3.12/site-packages/airflow/example_dags/example_external_task_marker_dag.py for tasks to queue
[2025-10-03T00:03:07.677+0000] {logging_mixin.py:188} INFO - [2025-10-03T00:03:07.676+0000] {dagbag.py:545} INFO - Filling up the DagBag from /home/airflow/.local/lib/python3.12/site-packages/airflow/example_dags/example_external_task_marker_dag.py
[2025-10-03T00:03:07.693+0000] {processor.py:840} INFO - DAG(s) 'example_external_task_marker_child', 'example_external_task_marker_parent' retrieved from /home/airflow/.local/lib/python3.12/site-packages/airflow/example_dags/example_external_task_marker_dag.py
[2025-10-03T00:03:07.754+0000] {logging_mixin.py:188} INFO - [2025-10-03T00:03:07.753+0000] {dag.py:3096} INFO - Sync 2 DAGs
[2025-10-03T00:03:07.798+0000] {logging_mixin.py:188} INFO - [2025-10-03T00:03:07.798+0000] {dag.py:3954} INFO - Setting next_dagrun for example_external_task_marker_child to None, run_after=None
[2025-10-03T00:03:07.807+0000] {logging_mixin.py:188} INFO - [2025-10-03T00:03:07.806+0000] {dag.py:3954} INFO - Setting next_dagrun for example_external_task_marker_parent to None, run_after=None
[2025-10-03T00:03:07.853+0000] {processor.py:183} INFO - Processing /home/airflow/.local/lib/python3.12/site-packages/airflow/example_dags/example_external_task_marker_dag.py took 0.196 seconds
[2025-10-03T00:03:38.256+0000] {processor.py:161} INFO - Started process (PID=14787) to work on /home/airflow/.local/lib/python3.12/site-packages/airflow/example_dags/example_external_task_marker_dag.py
[2025-10-03T00:03:38.259+0000] {processor.py:830} INFO - Processing file /home/airflow/.local/lib/python3.12/site-packages/airflow/example_dags/example_external_task_marker_dag.py for tasks to queue
[2025-10-03T00:03:38.262+0000] {logging_mixin.py:188} INFO - [2025-10-03T00:03:38.261+0000] {dagbag.py:545} INFO - Filling up the DagBag from /home/airflow/.local/lib/python3.12/site-packages/airflow/example_dags/example_external_task_marker_dag.py
[2025-10-03T00:03:38.277+0000] {processor.py:840} INFO - DAG(s) 'example_external_task_marker_parent', 'example_external_task_marker_child' retrieved from /home/airflow/.local/lib/python3.12/site-packages/airflow/example_dags/example_external_task_marker_dag.py
[2025-10-03T00:03:38.339+0000] {logging_mixin.py:188} INFO - [2025-10-03T00:03:38.338+0000] {dag.py:3096} INFO - Sync 2 DAGs
[2025-10-03T00:03:38.369+0000] {logging_mixin.py:188} INFO - [2025-10-03T00:03:38.369+0000] {dag.py:3954} INFO - Setting next_dagrun for example_external_task_marker_child to None, run_after=None
[2025-10-03T00:03:38.378+0000] {logging_mixin.py:188} INFO - [2025-10-03T00:03:38.378+0000] {dag.py:3954} INFO - Setting next_dagrun for example_external_task_marker_parent to None, run_after=None
[2025-10-03T00:03:38.418+0000] {processor.py:183} INFO - Processing /home/airflow/.local/lib/python3.12/site-packages/airflow/example_dags/example_external_task_marker_dag.py took 0.177 seconds
[2025-10-03T00:04:08.531+0000] {processor.py:161} INFO - Started process (PID=14840) to work on /home/airflow/.local/lib/python3.12/site-packages/airflow/example_dags/example_external_task_marker_dag.py
[2025-10-03T00:04:08.534+0000] {processor.py:830} INFO - Processing file /home/airflow/.local/lib/python3.12/site-packages/airflow/example_dags/example_external_task_marker_dag.py for tasks to queue
[2025-10-03T00:04:08.537+0000] {logging_mixin.py:188} INFO - [2025-10-03T00:04:08.536+0000] {dagbag.py:545} INFO - Filling up the DagBag from /home/airflow/.local/lib/python3.12/site-packages/airflow/example_dags/example_external_task_marker_dag.py
[2025-10-03T00:04:08.553+0000] {processor.py:840} INFO - DAG(s) 'example_external_task_marker_parent', 'example_external_task_marker_child' retrieved from /home/airflow/.local/lib/python3.12/site-packages/airflow/example_dags/example_external_task_marker_dag.py
[2025-10-03T00:04:08.608+0000] {logging_mixin.py:188} INFO - [2025-10-03T00:04:08.608+0000] {dag.py:3096} INFO - Sync 2 DAGs
[2025-10-03T00:04:08.646+0000] {logging_mixin.py:188} INFO - [2025-10-03T00:04:08.645+0000] {dag.py:3954} INFO - Setting next_dagrun for example_external_task_marker_child to None, run_after=None
[2025-10-03T00:04:08.654+0000] {logging_mixin.py:188} INFO - [2025-10-03T00:04:08.653+0000] {dag.py:3954} INFO - Setting next_dagrun for example_external_task_marker_parent to None, run_after=None
[2025-10-03T00:04:08.700+0000] {processor.py:183} INFO - Processing /home/airflow/.local/lib/python3.12/site-packages/airflow/example_dags/example_external_task_marker_dag.py took 0.187 seconds
[2025-10-03T00:04:39.173+0000] {processor.py:161} INFO - Started process (PID=14893) to work on /home/airflow/.local/lib/python3.12/site-packages/airflow/example_dags/example_external_task_marker_dag.py
[2025-10-03T00:04:39.177+0000] {processor.py:830} INFO - Processing file /home/airflow/.local/lib/python3.12/site-packages/airflow/example_dags/example_external_task_marker_dag.py for tasks to queue
[2025-10-03T00:04:39.180+0000] {logging_mixin.py:188} INFO - [2025-10-03T00:04:39.179+0000] {dagbag.py:545} INFO - Filling up the DagBag from /home/airflow/.local/lib/python3.12/site-packages/airflow/example_dags/example_external_task_marker_dag.py
[2025-10-03T00:04:39.202+0000] {processor.py:840} INFO - DAG(s) 'example_external_task_marker_parent', 'example_external_task_marker_child' retrieved from /home/airflow/.local/lib/python3.12/site-packages/airflow/example_dags/example_external_task_marker_dag.py
[2025-10-03T00:04:39.260+0000] {logging_mixin.py:188} INFO - [2025-10-03T00:04:39.260+0000] {dag.py:3096} INFO - Sync 2 DAGs
[2025-10-03T00:04:39.289+0000] {logging_mixin.py:188} INFO - [2025-10-03T00:04:39.288+0000] {dag.py:3954} INFO - Setting next_dagrun for example_external_task_marker_child to None, run_after=None
[2025-10-03T00:04:39.297+0000] {logging_mixin.py:188} INFO - [2025-10-03T00:04:39.297+0000] {dag.py:3954} INFO - Setting next_dagrun for example_external_task_marker_parent to None, run_after=None
[2025-10-03T00:04:39.332+0000] {processor.py:183} INFO - Processing /home/airflow/.local/lib/python3.12/site-packages/airflow/example_dags/example_external_task_marker_dag.py took 0.179 seconds
[2025-10-03T00:05:09.495+0000] {processor.py:161} INFO - Started process (PID=14946) to work on /home/airflow/.local/lib/python3.12/site-packages/airflow/example_dags/example_external_task_marker_dag.py
[2025-10-03T00:05:09.499+0000] {processor.py:830} INFO - Processing file /home/airflow/.local/lib/python3.12/site-packages/airflow/example_dags/example_external_task_marker_dag.py for tasks to queue
[2025-10-03T00:05:09.502+0000] {logging_mixin.py:188} INFO - [2025-10-03T00:05:09.501+0000] {dagbag.py:545} INFO - Filling up the DagBag from /home/airflow/.local/lib/python3.12/site-packages/airflow/example_dags/example_external_task_marker_dag.py
[2025-10-03T00:05:09.518+0000] {processor.py:840} INFO - DAG(s) 'example_external_task_marker_parent', 'example_external_task_marker_child' retrieved from /home/airflow/.local/lib/python3.12/site-packages/airflow/example_dags/example_external_task_marker_dag.py
[2025-10-03T00:05:09.579+0000] {logging_mixin.py:188} INFO - [2025-10-03T00:05:09.579+0000] {dag.py:3096} INFO - Sync 2 DAGs
[2025-10-03T00:05:09.609+0000] {logging_mixin.py:188} INFO - [2025-10-03T00:05:09.609+0000] {dag.py:3954} INFO - Setting next_dagrun for example_external_task_marker_child to None, run_after=None
[2025-10-03T00:05:09.617+0000] {logging_mixin.py:188} INFO - [2025-10-03T00:05:09.617+0000] {dag.py:3954} INFO - Setting next_dagrun for example_external_task_marker_parent to None, run_after=None
[2025-10-03T00:05:09.659+0000] {processor.py:183} INFO - Processing /home/airflow/.local/lib/python3.12/site-packages/airflow/example_dags/example_external_task_marker_dag.py took 0.185 seconds
[2025-10-03T00:05:39.825+0000] {processor.py:161} INFO - Started process (PID=14999) to work on /home/airflow/.local/lib/python3.12/site-packages/airflow/example_dags/example_external_task_marker_dag.py
[2025-10-03T00:05:39.828+0000] {processor.py:830} INFO - Processing file /home/airflow/.local/lib/python3.12/site-packages/airflow/example_dags/example_external_task_marker_dag.py for tasks to queue
[2025-10-03T00:05:39.830+0000] {logging_mixin.py:188} INFO - [2025-10-03T00:05:39.829+0000] {dagbag.py:545} INFO - Filling up the DagBag from /home/airflow/.local/lib/python3.12/site-packages/airflow/example_dags/example_external_task_marker_dag.py
[2025-10-03T00:05:39.843+0000] {processor.py:840} INFO - DAG(s) 'example_external_task_marker_parent', 'example_external_task_marker_child' retrieved from /home/airflow/.local/lib/python3.12/site-packages/airflow/example_dags/example_external_task_marker_dag.py
[2025-10-03T00:05:39.895+0000] {logging_mixin.py:188} INFO - [2025-10-03T00:05:39.895+0000] {dag.py:3096} INFO - Sync 2 DAGs
[2025-10-03T00:05:39.923+0000] {logging_mixin.py:188} INFO - [2025-10-03T00:05:39.922+0000] {dag.py:3954} INFO - Setting next_dagrun for example_external_task_marker_child to None, run_after=None
[2025-10-03T00:05:39.931+0000] {logging_mixin.py:188} INFO - [2025-10-03T00:05:39.931+0000] {dag.py:3954} INFO - Setting next_dagrun for example_external_task_marker_parent to None, run_after=None
[2025-10-03T00:05:39.975+0000] {processor.py:183} INFO - Processing /home/airflow/.local/lib/python3.12/site-packages/airflow/example_dags/example_external_task_marker_dag.py took 0.164 seconds
[2025-10-03T00:06:10.299+0000] {processor.py:161} INFO - Started process (PID=15050) to work on /home/airflow/.local/lib/python3.12/site-packages/airflow/example_dags/example_external_task_marker_dag.py
[2025-10-03T00:06:10.303+0000] {processor.py:830} INFO - Processing file /home/airflow/.local/lib/python3.12/site-packages/airflow/example_dags/example_external_task_marker_dag.py for tasks to queue
[2025-10-03T00:06:10.308+0000] {logging_mixin.py:188} INFO - [2025-10-03T00:06:10.308+0000] {dagbag.py:545} INFO - Filling up the DagBag from /home/airflow/.local/lib/python3.12/site-packages/airflow/example_dags/example_external_task_marker_dag.py
[2025-10-03T00:06:10.332+0000] {processor.py:840} INFO - DAG(s) 'example_external_task_marker_child', 'example_external_task_marker_parent' retrieved from /home/airflow/.local/lib/python3.12/site-packages/airflow/example_dags/example_external_task_marker_dag.py
[2025-10-03T00:06:10.412+0000] {logging_mixin.py:188} INFO - [2025-10-03T00:06:10.411+0000] {dag.py:3096} INFO - Sync 2 DAGs
[2025-10-03T00:06:10.467+0000] {logging_mixin.py:188} INFO - [2025-10-03T00:06:10.466+0000] {dag.py:3954} INFO - Setting next_dagrun for example_external_task_marker_child to None, run_after=None
[2025-10-03T00:06:10.482+0000] {logging_mixin.py:188} INFO - [2025-10-03T00:06:10.482+0000] {dag.py:3954} INFO - Setting next_dagrun for example_external_task_marker_parent to None, run_after=None
[2025-10-03T00:06:10.530+0000] {processor.py:183} INFO - Processing /home/airflow/.local/lib/python3.12/site-packages/airflow/example_dags/example_external_task_marker_dag.py took 0.253 seconds
[2025-10-03T00:06:41.160+0000] {processor.py:161} INFO - Started process (PID=15103) to work on /home/airflow/.local/lib/python3.12/site-packages/airflow/example_dags/example_external_task_marker_dag.py
[2025-10-03T00:06:41.163+0000] {processor.py:830} INFO - Processing file /home/airflow/.local/lib/python3.12/site-packages/airflow/example_dags/example_external_task_marker_dag.py for tasks to queue
[2025-10-03T00:06:41.169+0000] {logging_mixin.py:188} INFO - [2025-10-03T00:06:41.166+0000] {dagbag.py:545} INFO - Filling up the DagBag from /home/airflow/.local/lib/python3.12/site-packages/airflow/example_dags/example_external_task_marker_dag.py
[2025-10-03T00:06:41.196+0000] {processor.py:840} INFO - DAG(s) 'example_external_task_marker_child', 'example_external_task_marker_parent' retrieved from /home/airflow/.local/lib/python3.12/site-packages/airflow/example_dags/example_external_task_marker_dag.py
[2025-10-03T00:06:41.310+0000] {logging_mixin.py:188} INFO - [2025-10-03T00:06:41.309+0000] {dag.py:3096} INFO - Sync 2 DAGs
[2025-10-03T00:06:41.350+0000] {logging_mixin.py:188} INFO - [2025-10-03T00:06:41.350+0000] {dag.py:3954} INFO - Setting next_dagrun for example_external_task_marker_child to None, run_after=None
[2025-10-03T00:06:41.359+0000] {logging_mixin.py:188} INFO - [2025-10-03T00:06:41.358+0000] {dag.py:3954} INFO - Setting next_dagrun for example_external_task_marker_parent to None, run_after=None
[2025-10-03T00:06:41.418+0000] {processor.py:183} INFO - Processing /home/airflow/.local/lib/python3.12/site-packages/airflow/example_dags/example_external_task_marker_dag.py took 0.284 seconds
[2025-10-03T00:07:11.881+0000] {processor.py:161} INFO - Started process (PID=15156) to work on /home/airflow/.local/lib/python3.12/site-packages/airflow/example_dags/example_external_task_marker_dag.py
[2025-10-03T00:07:11.884+0000] {processor.py:830} INFO - Processing file /home/airflow/.local/lib/python3.12/site-packages/airflow/example_dags/example_external_task_marker_dag.py for tasks to queue
[2025-10-03T00:07:11.888+0000] {logging_mixin.py:188} INFO - [2025-10-03T00:07:11.887+0000] {dagbag.py:545} INFO - Filling up the DagBag from /home/airflow/.local/lib/python3.12/site-packages/airflow/example_dags/example_external_task_marker_dag.py
[2025-10-03T00:07:11.915+0000] {processor.py:840} INFO - DAG(s) 'example_external_task_marker_child', 'example_external_task_marker_parent' retrieved from /home/airflow/.local/lib/python3.12/site-packages/airflow/example_dags/example_external_task_marker_dag.py
[2025-10-03T00:07:11.983+0000] {logging_mixin.py:188} INFO - [2025-10-03T00:07:11.983+0000] {dag.py:3096} INFO - Sync 2 DAGs
[2025-10-03T00:07:12.023+0000] {logging_mixin.py:188} INFO - [2025-10-03T00:07:12.023+0000] {dag.py:3954} INFO - Setting next_dagrun for example_external_task_marker_child to None, run_after=None
[2025-10-03T00:07:12.038+0000] {logging_mixin.py:188} INFO - [2025-10-03T00:07:12.038+0000] {dag.py:3954} INFO - Setting next_dagrun for example_external_task_marker_parent to None, run_after=None
[2025-10-03T00:07:12.093+0000] {processor.py:183} INFO - Processing /home/airflow/.local/lib/python3.12/site-packages/airflow/example_dags/example_external_task_marker_dag.py took 0.239 seconds
[2025-10-03T00:07:42.486+0000] {processor.py:161} INFO - Started process (PID=15209) to work on /home/airflow/.local/lib/python3.12/site-packages/airflow/example_dags/example_external_task_marker_dag.py
[2025-10-03T00:07:42.489+0000] {processor.py:830} INFO - Processing file /home/airflow/.local/lib/python3.12/site-packages/airflow/example_dags/example_external_task_marker_dag.py for tasks to queue
[2025-10-03T00:07:42.492+0000] {logging_mixin.py:188} INFO - [2025-10-03T00:07:42.491+0000] {dagbag.py:545} INFO - Filling up the DagBag from /home/airflow/.local/lib/python3.12/site-packages/airflow/example_dags/example_external_task_marker_dag.py
[2025-10-03T00:07:42.533+0000] {processor.py:840} INFO - DAG(s) 'example_external_task_marker_child', 'example_external_task_marker_parent' retrieved from /home/airflow/.local/lib/python3.12/site-packages/airflow/example_dags/example_external_task_marker_dag.py
[2025-10-03T00:07:42.602+0000] {logging_mixin.py:188} INFO - [2025-10-03T00:07:42.602+0000] {dag.py:3096} INFO - Sync 2 DAGs
[2025-10-03T00:07:42.643+0000] {logging_mixin.py:188} INFO - [2025-10-03T00:07:42.643+0000] {dag.py:3954} INFO - Setting next_dagrun for example_external_task_marker_child to None, run_after=None
[2025-10-03T00:07:42.661+0000] {logging_mixin.py:188} INFO - [2025-10-03T00:07:42.660+0000] {dag.py:3954} INFO - Setting next_dagrun for example_external_task_marker_parent to None, run_after=None
[2025-10-03T00:07:42.718+0000] {processor.py:183} INFO - Processing /home/airflow/.local/lib/python3.12/site-packages/airflow/example_dags/example_external_task_marker_dag.py took 0.248 seconds
[2025-10-03T00:08:12.930+0000] {processor.py:161} INFO - Started process (PID=15262) to work on /home/airflow/.local/lib/python3.12/site-packages/airflow/example_dags/example_external_task_marker_dag.py
[2025-10-03T00:08:12.933+0000] {processor.py:830} INFO - Processing file /home/airflow/.local/lib/python3.12/site-packages/airflow/example_dags/example_external_task_marker_dag.py for tasks to queue
[2025-10-03T00:08:12.935+0000] {logging_mixin.py:188} INFO - [2025-10-03T00:08:12.934+0000] {dagbag.py:545} INFO - Filling up the DagBag from /home/airflow/.local/lib/python3.12/site-packages/airflow/example_dags/example_external_task_marker_dag.py
[2025-10-03T00:08:12.952+0000] {processor.py:840} INFO - DAG(s) 'example_external_task_marker_parent', 'example_external_task_marker_child' retrieved from /home/airflow/.local/lib/python3.12/site-packages/airflow/example_dags/example_external_task_marker_dag.py
[2025-10-03T00:08:13.007+0000] {logging_mixin.py:188} INFO - [2025-10-03T00:08:13.006+0000] {dag.py:3096} INFO - Sync 2 DAGs
[2025-10-03T00:08:13.040+0000] {logging_mixin.py:188} INFO - [2025-10-03T00:08:13.039+0000] {dag.py:3954} INFO - Setting next_dagrun for example_external_task_marker_child to None, run_after=None
[2025-10-03T00:08:13.048+0000] {logging_mixin.py:188} INFO - [2025-10-03T00:08:13.047+0000] {dag.py:3954} INFO - Setting next_dagrun for example_external_task_marker_parent to None, run_after=None
[2025-10-03T00:08:13.083+0000] {processor.py:183} INFO - Processing /home/airflow/.local/lib/python3.12/site-packages/airflow/example_dags/example_external_task_marker_dag.py took 0.173 seconds
[2025-10-03T00:08:43.551+0000] {processor.py:161} INFO - Started process (PID=15315) to work on /home/airflow/.local/lib/python3.12/site-packages/airflow/example_dags/example_external_task_marker_dag.py
[2025-10-03T00:08:43.554+0000] {processor.py:830} INFO - Processing file /home/airflow/.local/lib/python3.12/site-packages/airflow/example_dags/example_external_task_marker_dag.py for tasks to queue
[2025-10-03T00:08:43.557+0000] {logging_mixin.py:188} INFO - [2025-10-03T00:08:43.556+0000] {dagbag.py:545} INFO - Filling up the DagBag from /home/airflow/.local/lib/python3.12/site-packages/airflow/example_dags/example_external_task_marker_dag.py
[2025-10-03T00:08:43.579+0000] {processor.py:840} INFO - DAG(s) 'example_external_task_marker_child', 'example_external_task_marker_parent' retrieved from /home/airflow/.local/lib/python3.12/site-packages/airflow/example_dags/example_external_task_marker_dag.py
[2025-10-03T00:08:43.639+0000] {logging_mixin.py:188} INFO - [2025-10-03T00:08:43.639+0000] {dag.py:3096} INFO - Sync 2 DAGs
[2025-10-03T00:08:43.697+0000] {logging_mixin.py:188} INFO - [2025-10-03T00:08:43.696+0000] {dag.py:3954} INFO - Setting next_dagrun for example_external_task_marker_child to None, run_after=None
[2025-10-03T00:08:43.736+0000] {logging_mixin.py:188} INFO - [2025-10-03T00:08:43.735+0000] {dag.py:3954} INFO - Setting next_dagrun for example_external_task_marker_parent to None, run_after=None
[2025-10-03T00:08:43.848+0000] {processor.py:183} INFO - Processing /home/airflow/.local/lib/python3.12/site-packages/airflow/example_dags/example_external_task_marker_dag.py took 0.320 seconds
[2025-10-03T00:09:14.349+0000] {processor.py:161} INFO - Started process (PID=15368) to work on /home/airflow/.local/lib/python3.12/site-packages/airflow/example_dags/example_external_task_marker_dag.py
[2025-10-03T00:09:14.352+0000] {processor.py:830} INFO - Processing file /home/airflow/.local/lib/python3.12/site-packages/airflow/example_dags/example_external_task_marker_dag.py for tasks to queue
[2025-10-03T00:09:14.355+0000] {logging_mixin.py:188} INFO - [2025-10-03T00:09:14.354+0000] {dagbag.py:545} INFO - Filling up the DagBag from /home/airflow/.local/lib/python3.12/site-packages/airflow/example_dags/example_external_task_marker_dag.py
[2025-10-03T00:09:14.381+0000] {processor.py:840} INFO - DAG(s) 'example_external_task_marker_child', 'example_external_task_marker_parent' retrieved from /home/airflow/.local/lib/python3.12/site-packages/airflow/example_dags/example_external_task_marker_dag.py
[2025-10-03T00:09:14.434+0000] {logging_mixin.py:188} INFO - [2025-10-03T00:09:14.434+0000] {dag.py:3096} INFO - Sync 2 DAGs
[2025-10-03T00:09:14.465+0000] {logging_mixin.py:188} INFO - [2025-10-03T00:09:14.464+0000] {dag.py:3954} INFO - Setting next_dagrun for example_external_task_marker_child to None, run_after=None
[2025-10-03T00:09:14.476+0000] {logging_mixin.py:188} INFO - [2025-10-03T00:09:14.475+0000] {dag.py:3954} INFO - Setting next_dagrun for example_external_task_marker_parent to None, run_after=None
[2025-10-03T00:09:14.539+0000] {processor.py:183} INFO - Processing /home/airflow/.local/lib/python3.12/site-packages/airflow/example_dags/example_external_task_marker_dag.py took 0.212 seconds
[2025-10-03T00:09:44.874+0000] {processor.py:161} INFO - Started process (PID=15421) to work on /home/airflow/.local/lib/python3.12/site-packages/airflow/example_dags/example_external_task_marker_dag.py
[2025-10-03T00:09:44.877+0000] {processor.py:830} INFO - Processing file /home/airflow/.local/lib/python3.12/site-packages/airflow/example_dags/example_external_task_marker_dag.py for tasks to queue
[2025-10-03T00:09:44.880+0000] {logging_mixin.py:188} INFO - [2025-10-03T00:09:44.879+0000] {dagbag.py:545} INFO - Filling up the DagBag from /home/airflow/.local/lib/python3.12/site-packages/airflow/example_dags/example_external_task_marker_dag.py
[2025-10-03T00:09:44.899+0000] {processor.py:840} INFO - DAG(s) 'example_external_task_marker_child', 'example_external_task_marker_parent' retrieved from /home/airflow/.local/lib/python3.12/site-packages/airflow/example_dags/example_external_task_marker_dag.py
[2025-10-03T00:09:44.955+0000] {logging_mixin.py:188} INFO - [2025-10-03T00:09:44.955+0000] {dag.py:3096} INFO - Sync 2 DAGs
[2025-10-03T00:09:44.993+0000] {logging_mixin.py:188} INFO - [2025-10-03T00:09:44.992+0000] {dag.py:3954} INFO - Setting next_dagrun for example_external_task_marker_child to None, run_after=None
[2025-10-03T00:09:45.004+0000] {logging_mixin.py:188} INFO - [2025-10-03T00:09:45.003+0000] {dag.py:3954} INFO - Setting next_dagrun for example_external_task_marker_parent to None, run_after=None
[2025-10-03T00:09:45.058+0000] {processor.py:183} INFO - Processing /home/airflow/.local/lib/python3.12/site-packages/airflow/example_dags/example_external_task_marker_dag.py took 0.205 seconds
[2025-10-03T00:10:15.389+0000] {processor.py:161} INFO - Started process (PID=15474) to work on /home/airflow/.local/lib/python3.12/site-packages/airflow/example_dags/example_external_task_marker_dag.py
[2025-10-03T00:10:15.392+0000] {processor.py:830} INFO - Processing file /home/airflow/.local/lib/python3.12/site-packages/airflow/example_dags/example_external_task_marker_dag.py for tasks to queue
[2025-10-03T00:10:15.394+0000] {logging_mixin.py:188} INFO - [2025-10-03T00:10:15.394+0000] {dagbag.py:545} INFO - Filling up the DagBag from /home/airflow/.local/lib/python3.12/site-packages/airflow/example_dags/example_external_task_marker_dag.py
[2025-10-03T00:10:15.408+0000] {processor.py:840} INFO - DAG(s) 'example_external_task_marker_child', 'example_external_task_marker_parent' retrieved from /home/airflow/.local/lib/python3.12/site-packages/airflow/example_dags/example_external_task_marker_dag.py
[2025-10-03T00:10:15.477+0000] {logging_mixin.py:188} INFO - [2025-10-03T00:10:15.476+0000] {dag.py:3096} INFO - Sync 2 DAGs
[2025-10-03T00:10:15.512+0000] {logging_mixin.py:188} INFO - [2025-10-03T00:10:15.512+0000] {dag.py:3954} INFO - Setting next_dagrun for example_external_task_marker_child to None, run_after=None
[2025-10-03T00:10:15.523+0000] {logging_mixin.py:188} INFO - [2025-10-03T00:10:15.523+0000] {dag.py:3954} INFO - Setting next_dagrun for example_external_task_marker_parent to None, run_after=None
[2025-10-03T00:10:15.578+0000] {processor.py:183} INFO - Processing /home/airflow/.local/lib/python3.12/site-packages/airflow/example_dags/example_external_task_marker_dag.py took 0.203 seconds
[2025-10-03T00:10:45.930+0000] {processor.py:161} INFO - Started process (PID=15527) to work on /home/airflow/.local/lib/python3.12/site-packages/airflow/example_dags/example_external_task_marker_dag.py
[2025-10-03T00:10:45.933+0000] {processor.py:830} INFO - Processing file /home/airflow/.local/lib/python3.12/site-packages/airflow/example_dags/example_external_task_marker_dag.py for tasks to queue
[2025-10-03T00:10:45.936+0000] {logging_mixin.py:188} INFO - [2025-10-03T00:10:45.935+0000] {dagbag.py:545} INFO - Filling up the DagBag from /home/airflow/.local/lib/python3.12/site-packages/airflow/example_dags/example_external_task_marker_dag.py
[2025-10-03T00:10:45.954+0000] {processor.py:840} INFO - DAG(s) 'example_external_task_marker_child', 'example_external_task_marker_parent' retrieved from /home/airflow/.local/lib/python3.12/site-packages/airflow/example_dags/example_external_task_marker_dag.py
[2025-10-03T00:10:46.011+0000] {logging_mixin.py:188} INFO - [2025-10-03T00:10:46.011+0000] {dag.py:3096} INFO - Sync 2 DAGs
[2025-10-03T00:10:46.042+0000] {logging_mixin.py:188} INFO - [2025-10-03T00:10:46.041+0000] {dag.py:3954} INFO - Setting next_dagrun for example_external_task_marker_child to None, run_after=None
[2025-10-03T00:10:46.051+0000] {logging_mixin.py:188} INFO - [2025-10-03T00:10:46.050+0000] {dag.py:3954} INFO - Setting next_dagrun for example_external_task_marker_parent to None, run_after=None
[2025-10-03T00:10:46.091+0000] {processor.py:183} INFO - Processing /home/airflow/.local/lib/python3.12/site-packages/airflow/example_dags/example_external_task_marker_dag.py took 0.178 seconds
[2025-10-03T00:11:16.632+0000] {processor.py:161} INFO - Started process (PID=15580) to work on /home/airflow/.local/lib/python3.12/site-packages/airflow/example_dags/example_external_task_marker_dag.py
[2025-10-03T00:11:16.635+0000] {processor.py:830} INFO - Processing file /home/airflow/.local/lib/python3.12/site-packages/airflow/example_dags/example_external_task_marker_dag.py for tasks to queue
[2025-10-03T00:11:16.637+0000] {logging_mixin.py:188} INFO - [2025-10-03T00:11:16.636+0000] {dagbag.py:545} INFO - Filling up the DagBag from /home/airflow/.local/lib/python3.12/site-packages/airflow/example_dags/example_external_task_marker_dag.py
[2025-10-03T00:11:16.654+0000] {processor.py:840} INFO - DAG(s) 'example_external_task_marker_child', 'example_external_task_marker_parent' retrieved from /home/airflow/.local/lib/python3.12/site-packages/airflow/example_dags/example_external_task_marker_dag.py
[2025-10-03T00:11:16.762+0000] {logging_mixin.py:188} INFO - [2025-10-03T00:11:16.762+0000] {dag.py:3096} INFO - Sync 2 DAGs
[2025-10-03T00:11:16.807+0000] {logging_mixin.py:188} INFO - [2025-10-03T00:11:16.806+0000] {dag.py:3954} INFO - Setting next_dagrun for example_external_task_marker_child to None, run_after=None
[2025-10-03T00:11:16.820+0000] {logging_mixin.py:188} INFO - [2025-10-03T00:11:16.820+0000] {dag.py:3954} INFO - Setting next_dagrun for example_external_task_marker_parent to None, run_after=None
[2025-10-03T00:11:16.864+0000] {processor.py:183} INFO - Processing /home/airflow/.local/lib/python3.12/site-packages/airflow/example_dags/example_external_task_marker_dag.py took 0.256 seconds
[2025-10-03T00:11:47.216+0000] {processor.py:161} INFO - Started process (PID=15633) to work on /home/airflow/.local/lib/python3.12/site-packages/airflow/example_dags/example_external_task_marker_dag.py
[2025-10-03T00:11:47.219+0000] {processor.py:830} INFO - Processing file /home/airflow/.local/lib/python3.12/site-packages/airflow/example_dags/example_external_task_marker_dag.py for tasks to queue
[2025-10-03T00:11:47.223+0000] {logging_mixin.py:188} INFO - [2025-10-03T00:11:47.222+0000] {dagbag.py:545} INFO - Filling up the DagBag from /home/airflow/.local/lib/python3.12/site-packages/airflow/example_dags/example_external_task_marker_dag.py
[2025-10-03T00:11:47.240+0000] {processor.py:840} INFO - DAG(s) 'example_external_task_marker_parent', 'example_external_task_marker_child' retrieved from /home/airflow/.local/lib/python3.12/site-packages/airflow/example_dags/example_external_task_marker_dag.py
[2025-10-03T00:11:47.302+0000] {logging_mixin.py:188} INFO - [2025-10-03T00:11:47.301+0000] {dag.py:3096} INFO - Sync 2 DAGs
[2025-10-03T00:11:47.335+0000] {logging_mixin.py:188} INFO - [2025-10-03T00:11:47.335+0000] {dag.py:3954} INFO - Setting next_dagrun for example_external_task_marker_child to None, run_after=None
[2025-10-03T00:11:47.347+0000] {logging_mixin.py:188} INFO - [2025-10-03T00:11:47.346+0000] {dag.py:3954} INFO - Setting next_dagrun for example_external_task_marker_parent to None, run_after=None
[2025-10-03T00:11:47.387+0000] {processor.py:183} INFO - Processing /home/airflow/.local/lib/python3.12/site-packages/airflow/example_dags/example_external_task_marker_dag.py took 0.192 seconds
[2025-10-03T00:12:18.228+0000] {processor.py:161} INFO - Started process (PID=15687) to work on /home/airflow/.local/lib/python3.12/site-packages/airflow/example_dags/example_external_task_marker_dag.py
[2025-10-03T00:12:18.238+0000] {processor.py:830} INFO - Processing file /home/airflow/.local/lib/python3.12/site-packages/airflow/example_dags/example_external_task_marker_dag.py for tasks to queue
[2025-10-03T00:12:18.246+0000] {logging_mixin.py:188} INFO - [2025-10-03T00:12:18.245+0000] {dagbag.py:545} INFO - Filling up the DagBag from /home/airflow/.local/lib/python3.12/site-packages/airflow/example_dags/example_external_task_marker_dag.py
[2025-10-03T00:12:18.277+0000] {processor.py:840} INFO - DAG(s) 'example_external_task_marker_parent', 'example_external_task_marker_child' retrieved from /home/airflow/.local/lib/python3.12/site-packages/airflow/example_dags/example_external_task_marker_dag.py
[2025-10-03T00:12:18.422+0000] {logging_mixin.py:188} INFO - [2025-10-03T00:12:18.421+0000] {dag.py:3096} INFO - Sync 2 DAGs
[2025-10-03T00:12:18.490+0000] {logging_mixin.py:188} INFO - [2025-10-03T00:12:18.489+0000] {dag.py:3954} INFO - Setting next_dagrun for example_external_task_marker_child to None, run_after=None
[2025-10-03T00:12:18.513+0000] {logging_mixin.py:188} INFO - [2025-10-03T00:12:18.511+0000] {dag.py:3954} INFO - Setting next_dagrun for example_external_task_marker_parent to None, run_after=None
[2025-10-03T00:12:18.624+0000] {processor.py:183} INFO - Processing /home/airflow/.local/lib/python3.12/site-packages/airflow/example_dags/example_external_task_marker_dag.py took 0.440 seconds
[2025-10-03T00:12:48.891+0000] {processor.py:161} INFO - Started process (PID=15740) to work on /home/airflow/.local/lib/python3.12/site-packages/airflow/example_dags/example_external_task_marker_dag.py
[2025-10-03T00:12:48.894+0000] {processor.py:830} INFO - Processing file /home/airflow/.local/lib/python3.12/site-packages/airflow/example_dags/example_external_task_marker_dag.py for tasks to queue
[2025-10-03T00:12:48.896+0000] {logging_mixin.py:188} INFO - [2025-10-03T00:12:48.895+0000] {dagbag.py:545} INFO - Filling up the DagBag from /home/airflow/.local/lib/python3.12/site-packages/airflow/example_dags/example_external_task_marker_dag.py
[2025-10-03T00:12:48.913+0000] {processor.py:840} INFO - DAG(s) 'example_external_task_marker_parent', 'example_external_task_marker_child' retrieved from /home/airflow/.local/lib/python3.12/site-packages/airflow/example_dags/example_external_task_marker_dag.py
[2025-10-03T00:12:48.974+0000] {logging_mixin.py:188} INFO - [2025-10-03T00:12:48.973+0000] {dag.py:3096} INFO - Sync 2 DAGs
[2025-10-03T00:12:49.008+0000] {logging_mixin.py:188} INFO - [2025-10-03T00:12:49.008+0000] {dag.py:3954} INFO - Setting next_dagrun for example_external_task_marker_child to None, run_after=None
[2025-10-03T00:12:49.017+0000] {logging_mixin.py:188} INFO - [2025-10-03T00:12:49.016+0000] {dag.py:3954} INFO - Setting next_dagrun for example_external_task_marker_parent to None, run_after=None
[2025-10-03T00:12:49.060+0000] {processor.py:183} INFO - Processing /home/airflow/.local/lib/python3.12/site-packages/airflow/example_dags/example_external_task_marker_dag.py took 0.185 seconds
[2025-10-03T00:13:19.318+0000] {processor.py:161} INFO - Started process (PID=15793) to work on /home/airflow/.local/lib/python3.12/site-packages/airflow/example_dags/example_external_task_marker_dag.py
[2025-10-03T00:13:19.320+0000] {processor.py:830} INFO - Processing file /home/airflow/.local/lib/python3.12/site-packages/airflow/example_dags/example_external_task_marker_dag.py for tasks to queue
[2025-10-03T00:13:19.323+0000] {logging_mixin.py:188} INFO - [2025-10-03T00:13:19.322+0000] {dagbag.py:545} INFO - Filling up the DagBag from /home/airflow/.local/lib/python3.12/site-packages/airflow/example_dags/example_external_task_marker_dag.py
[2025-10-03T00:13:19.349+0000] {processor.py:840} INFO - DAG(s) 'example_external_task_marker_child', 'example_external_task_marker_parent' retrieved from /home/airflow/.local/lib/python3.12/site-packages/airflow/example_dags/example_external_task_marker_dag.py
[2025-10-03T00:13:19.447+0000] {logging_mixin.py:188} INFO - [2025-10-03T00:13:19.447+0000] {dag.py:3096} INFO - Sync 2 DAGs
[2025-10-03T00:13:19.482+0000] {logging_mixin.py:188} INFO - [2025-10-03T00:13:19.482+0000] {dag.py:3954} INFO - Setting next_dagrun for example_external_task_marker_child to None, run_after=None
[2025-10-03T00:13:19.491+0000] {logging_mixin.py:188} INFO - [2025-10-03T00:13:19.491+0000] {dag.py:3954} INFO - Setting next_dagrun for example_external_task_marker_parent to None, run_after=None
[2025-10-03T00:13:19.531+0000] {processor.py:183} INFO - Processing /home/airflow/.local/lib/python3.12/site-packages/airflow/example_dags/example_external_task_marker_dag.py took 0.230 seconds
[2025-10-03T00:13:50.212+0000] {processor.py:161} INFO - Started process (PID=15846) to work on /home/airflow/.local/lib/python3.12/site-packages/airflow/example_dags/example_external_task_marker_dag.py
[2025-10-03T00:13:50.215+0000] {processor.py:830} INFO - Processing file /home/airflow/.local/lib/python3.12/site-packages/airflow/example_dags/example_external_task_marker_dag.py for tasks to queue
[2025-10-03T00:13:50.217+0000] {logging_mixin.py:188} INFO - [2025-10-03T00:13:50.216+0000] {dagbag.py:545} INFO - Filling up the DagBag from /home/airflow/.local/lib/python3.12/site-packages/airflow/example_dags/example_external_task_marker_dag.py
[2025-10-03T00:13:50.233+0000] {processor.py:840} INFO - DAG(s) 'example_external_task_marker_parent', 'example_external_task_marker_child' retrieved from /home/airflow/.local/lib/python3.12/site-packages/airflow/example_dags/example_external_task_marker_dag.py
[2025-10-03T00:13:50.289+0000] {logging_mixin.py:188} INFO - [2025-10-03T00:13:50.289+0000] {dag.py:3096} INFO - Sync 2 DAGs
[2025-10-03T00:13:50.318+0000] {logging_mixin.py:188} INFO - [2025-10-03T00:13:50.318+0000] {dag.py:3954} INFO - Setting next_dagrun for example_external_task_marker_child to None, run_after=None
[2025-10-03T00:13:50.329+0000] {logging_mixin.py:188} INFO - [2025-10-03T00:13:50.328+0000] {dag.py:3954} INFO - Setting next_dagrun for example_external_task_marker_parent to None, run_after=None
[2025-10-03T00:13:50.368+0000] {processor.py:183} INFO - Processing /home/airflow/.local/lib/python3.12/site-packages/airflow/example_dags/example_external_task_marker_dag.py took 0.172 seconds
[2025-10-03T00:14:20.821+0000] {processor.py:161} INFO - Started process (PID=15899) to work on /home/airflow/.local/lib/python3.12/site-packages/airflow/example_dags/example_external_task_marker_dag.py
[2025-10-03T00:14:20.824+0000] {processor.py:830} INFO - Processing file /home/airflow/.local/lib/python3.12/site-packages/airflow/example_dags/example_external_task_marker_dag.py for tasks to queue
[2025-10-03T00:14:20.826+0000] {logging_mixin.py:188} INFO - [2025-10-03T00:14:20.826+0000] {dagbag.py:545} INFO - Filling up the DagBag from /home/airflow/.local/lib/python3.12/site-packages/airflow/example_dags/example_external_task_marker_dag.py
[2025-10-03T00:14:20.843+0000] {processor.py:840} INFO - DAG(s) 'example_external_task_marker_parent', 'example_external_task_marker_child' retrieved from /home/airflow/.local/lib/python3.12/site-packages/airflow/example_dags/example_external_task_marker_dag.py
[2025-10-03T00:14:20.901+0000] {logging_mixin.py:188} INFO - [2025-10-03T00:14:20.900+0000] {dag.py:3096} INFO - Sync 2 DAGs
[2025-10-03T00:14:20.960+0000] {logging_mixin.py:188} INFO - [2025-10-03T00:14:20.960+0000] {dag.py:3954} INFO - Setting next_dagrun for example_external_task_marker_child to None, run_after=None
[2025-10-03T00:14:21.023+0000] {logging_mixin.py:188} INFO - [2025-10-03T00:14:21.022+0000] {dag.py:3954} INFO - Setting next_dagrun for example_external_task_marker_parent to None, run_after=None
[2025-10-03T00:14:21.060+0000] {processor.py:183} INFO - Processing /home/airflow/.local/lib/python3.12/site-packages/airflow/example_dags/example_external_task_marker_dag.py took 0.254 seconds
[2025-10-03T00:14:51.471+0000] {processor.py:161} INFO - Started process (PID=15952) to work on /home/airflow/.local/lib/python3.12/site-packages/airflow/example_dags/example_external_task_marker_dag.py
[2025-10-03T00:14:51.474+0000] {processor.py:830} INFO - Processing file /home/airflow/.local/lib/python3.12/site-packages/airflow/example_dags/example_external_task_marker_dag.py for tasks to queue
[2025-10-03T00:14:51.478+0000] {logging_mixin.py:188} INFO - [2025-10-03T00:14:51.477+0000] {dagbag.py:545} INFO - Filling up the DagBag from /home/airflow/.local/lib/python3.12/site-packages/airflow/example_dags/example_external_task_marker_dag.py
[2025-10-03T00:14:51.498+0000] {processor.py:840} INFO - DAG(s) 'example_external_task_marker_parent', 'example_external_task_marker_child' retrieved from /home/airflow/.local/lib/python3.12/site-packages/airflow/example_dags/example_external_task_marker_dag.py
[2025-10-03T00:14:51.562+0000] {logging_mixin.py:188} INFO - [2025-10-03T00:14:51.561+0000] {dag.py:3096} INFO - Sync 2 DAGs
[2025-10-03T00:14:51.592+0000] {logging_mixin.py:188} INFO - [2025-10-03T00:14:51.592+0000] {dag.py:3954} INFO - Setting next_dagrun for example_external_task_marker_child to None, run_after=None
[2025-10-03T00:14:51.601+0000] {logging_mixin.py:188} INFO - [2025-10-03T00:14:51.600+0000] {dag.py:3954} INFO - Setting next_dagrun for example_external_task_marker_parent to None, run_after=None
[2025-10-03T00:14:51.636+0000] {processor.py:183} INFO - Processing /home/airflow/.local/lib/python3.12/site-packages/airflow/example_dags/example_external_task_marker_dag.py took 0.181 seconds
[2025-10-03T00:15:22.088+0000] {processor.py:161} INFO - Started process (PID=16005) to work on /home/airflow/.local/lib/python3.12/site-packages/airflow/example_dags/example_external_task_marker_dag.py
[2025-10-03T00:15:22.090+0000] {processor.py:830} INFO - Processing file /home/airflow/.local/lib/python3.12/site-packages/airflow/example_dags/example_external_task_marker_dag.py for tasks to queue
[2025-10-03T00:15:22.092+0000] {logging_mixin.py:188} INFO - [2025-10-03T00:15:22.091+0000] {dagbag.py:545} INFO - Filling up the DagBag from /home/airflow/.local/lib/python3.12/site-packages/airflow/example_dags/example_external_task_marker_dag.py
[2025-10-03T00:15:22.106+0000] {processor.py:840} INFO - DAG(s) 'example_external_task_marker_parent', 'example_external_task_marker_child' retrieved from /home/airflow/.local/lib/python3.12/site-packages/airflow/example_dags/example_external_task_marker_dag.py
[2025-10-03T00:15:22.175+0000] {logging_mixin.py:188} INFO - [2025-10-03T00:15:22.174+0000] {dag.py:3096} INFO - Sync 2 DAGs
[2025-10-03T00:15:22.210+0000] {logging_mixin.py:188} INFO - [2025-10-03T00:15:22.209+0000] {dag.py:3954} INFO - Setting next_dagrun for example_external_task_marker_child to None, run_after=None
[2025-10-03T00:15:22.218+0000] {logging_mixin.py:188} INFO - [2025-10-03T00:15:22.218+0000] {dag.py:3954} INFO - Setting next_dagrun for example_external_task_marker_parent to None, run_after=None
[2025-10-03T00:15:22.253+0000] {processor.py:183} INFO - Processing /home/airflow/.local/lib/python3.12/site-packages/airflow/example_dags/example_external_task_marker_dag.py took 0.180 seconds
[2025-10-03T00:15:52.754+0000] {processor.py:161} INFO - Started process (PID=16058) to work on /home/airflow/.local/lib/python3.12/site-packages/airflow/example_dags/example_external_task_marker_dag.py
[2025-10-03T00:15:52.757+0000] {processor.py:830} INFO - Processing file /home/airflow/.local/lib/python3.12/site-packages/airflow/example_dags/example_external_task_marker_dag.py for tasks to queue
[2025-10-03T00:15:52.760+0000] {logging_mixin.py:188} INFO - [2025-10-03T00:15:52.759+0000] {dagbag.py:545} INFO - Filling up the DagBag from /home/airflow/.local/lib/python3.12/site-packages/airflow/example_dags/example_external_task_marker_dag.py
[2025-10-03T00:15:52.781+0000] {processor.py:840} INFO - DAG(s) 'example_external_task_marker_parent', 'example_external_task_marker_child' retrieved from /home/airflow/.local/lib/python3.12/site-packages/airflow/example_dags/example_external_task_marker_dag.py
[2025-10-03T00:15:52.860+0000] {logging_mixin.py:188} INFO - [2025-10-03T00:15:52.859+0000] {dag.py:3096} INFO - Sync 2 DAGs
[2025-10-03T00:15:52.890+0000] {logging_mixin.py:188} INFO - [2025-10-03T00:15:52.889+0000] {dag.py:3954} INFO - Setting next_dagrun for example_external_task_marker_child to None, run_after=None
[2025-10-03T00:15:52.900+0000] {logging_mixin.py:188} INFO - [2025-10-03T00:15:52.900+0000] {dag.py:3954} INFO - Setting next_dagrun for example_external_task_marker_parent to None, run_after=None
[2025-10-03T00:15:52.939+0000] {processor.py:183} INFO - Processing /home/airflow/.local/lib/python3.12/site-packages/airflow/example_dags/example_external_task_marker_dag.py took 0.209 seconds
[2025-10-03T00:16:23.413+0000] {processor.py:161} INFO - Started process (PID=16110) to work on /home/airflow/.local/lib/python3.12/site-packages/airflow/example_dags/example_external_task_marker_dag.py
[2025-10-03T00:16:23.416+0000] {processor.py:830} INFO - Processing file /home/airflow/.local/lib/python3.12/site-packages/airflow/example_dags/example_external_task_marker_dag.py for tasks to queue
[2025-10-03T00:16:23.418+0000] {logging_mixin.py:188} INFO - [2025-10-03T00:16:23.417+0000] {dagbag.py:545} INFO - Filling up the DagBag from /home/airflow/.local/lib/python3.12/site-packages/airflow/example_dags/example_external_task_marker_dag.py
[2025-10-03T00:16:23.437+0000] {processor.py:840} INFO - DAG(s) 'example_external_task_marker_child', 'example_external_task_marker_parent' retrieved from /home/airflow/.local/lib/python3.12/site-packages/airflow/example_dags/example_external_task_marker_dag.py
[2025-10-03T00:16:23.492+0000] {logging_mixin.py:188} INFO - [2025-10-03T00:16:23.492+0000] {dag.py:3096} INFO - Sync 2 DAGs
[2025-10-03T00:16:23.522+0000] {logging_mixin.py:188} INFO - [2025-10-03T00:16:23.522+0000] {dag.py:3954} INFO - Setting next_dagrun for example_external_task_marker_child to None, run_after=None
[2025-10-03T00:16:23.532+0000] {logging_mixin.py:188} INFO - [2025-10-03T00:16:23.532+0000] {dag.py:3954} INFO - Setting next_dagrun for example_external_task_marker_parent to None, run_after=None
[2025-10-03T00:16:23.580+0000] {processor.py:183} INFO - Processing /home/airflow/.local/lib/python3.12/site-packages/airflow/example_dags/example_external_task_marker_dag.py took 0.181 seconds
[2025-10-03T00:16:54.098+0000] {processor.py:161} INFO - Started process (PID=16163) to work on /home/airflow/.local/lib/python3.12/site-packages/airflow/example_dags/example_external_task_marker_dag.py
[2025-10-03T00:16:54.101+0000] {processor.py:830} INFO - Processing file /home/airflow/.local/lib/python3.12/site-packages/airflow/example_dags/example_external_task_marker_dag.py for tasks to queue
[2025-10-03T00:16:54.104+0000] {logging_mixin.py:188} INFO - [2025-10-03T00:16:54.103+0000] {dagbag.py:545} INFO - Filling up the DagBag from /home/airflow/.local/lib/python3.12/site-packages/airflow/example_dags/example_external_task_marker_dag.py
[2025-10-03T00:16:54.120+0000] {processor.py:840} INFO - DAG(s) 'example_external_task_marker_parent', 'example_external_task_marker_child' retrieved from /home/airflow/.local/lib/python3.12/site-packages/airflow/example_dags/example_external_task_marker_dag.py
[2025-10-03T00:16:54.181+0000] {logging_mixin.py:188} INFO - [2025-10-03T00:16:54.181+0000] {dag.py:3096} INFO - Sync 2 DAGs
[2025-10-03T00:16:54.212+0000] {logging_mixin.py:188} INFO - [2025-10-03T00:16:54.211+0000] {dag.py:3954} INFO - Setting next_dagrun for example_external_task_marker_child to None, run_after=None
[2025-10-03T00:16:54.221+0000] {logging_mixin.py:188} INFO - [2025-10-03T00:16:54.220+0000] {dag.py:3954} INFO - Setting next_dagrun for example_external_task_marker_parent to None, run_after=None
[2025-10-03T00:16:54.261+0000] {processor.py:183} INFO - Processing /home/airflow/.local/lib/python3.12/site-packages/airflow/example_dags/example_external_task_marker_dag.py took 0.177 seconds
[2025-10-03T00:17:24.534+0000] {processor.py:161} INFO - Started process (PID=16216) to work on /home/airflow/.local/lib/python3.12/site-packages/airflow/example_dags/example_external_task_marker_dag.py
[2025-10-03T00:17:24.537+0000] {processor.py:830} INFO - Processing file /home/airflow/.local/lib/python3.12/site-packages/airflow/example_dags/example_external_task_marker_dag.py for tasks to queue
[2025-10-03T00:17:24.539+0000] {logging_mixin.py:188} INFO - [2025-10-03T00:17:24.538+0000] {dagbag.py:545} INFO - Filling up the DagBag from /home/airflow/.local/lib/python3.12/site-packages/airflow/example_dags/example_external_task_marker_dag.py
[2025-10-03T00:17:24.556+0000] {processor.py:840} INFO - DAG(s) 'example_external_task_marker_parent', 'example_external_task_marker_child' retrieved from /home/airflow/.local/lib/python3.12/site-packages/airflow/example_dags/example_external_task_marker_dag.py
[2025-10-03T00:17:24.625+0000] {logging_mixin.py:188} INFO - [2025-10-03T00:17:24.624+0000] {dag.py:3096} INFO - Sync 2 DAGs
[2025-10-03T00:17:24.660+0000] {logging_mixin.py:188} INFO - [2025-10-03T00:17:24.659+0000] {dag.py:3954} INFO - Setting next_dagrun for example_external_task_marker_child to None, run_after=None
[2025-10-03T00:17:24.670+0000] {logging_mixin.py:188} INFO - [2025-10-03T00:17:24.670+0000] {dag.py:3954} INFO - Setting next_dagrun for example_external_task_marker_parent to None, run_after=None
[2025-10-03T00:17:24.718+0000] {processor.py:183} INFO - Processing /home/airflow/.local/lib/python3.12/site-packages/airflow/example_dags/example_external_task_marker_dag.py took 0.199 seconds
[2025-10-03T00:17:54.936+0000] {processor.py:161} INFO - Started process (PID=16269) to work on /home/airflow/.local/lib/python3.12/site-packages/airflow/example_dags/example_external_task_marker_dag.py
[2025-10-03T00:17:54.939+0000] {processor.py:830} INFO - Processing file /home/airflow/.local/lib/python3.12/site-packages/airflow/example_dags/example_external_task_marker_dag.py for tasks to queue
[2025-10-03T00:17:54.942+0000] {logging_mixin.py:188} INFO - [2025-10-03T00:17:54.941+0000] {dagbag.py:545} INFO - Filling up the DagBag from /home/airflow/.local/lib/python3.12/site-packages/airflow/example_dags/example_external_task_marker_dag.py
[2025-10-03T00:17:54.961+0000] {processor.py:840} INFO - DAG(s) 'example_external_task_marker_parent', 'example_external_task_marker_child' retrieved from /home/airflow/.local/lib/python3.12/site-packages/airflow/example_dags/example_external_task_marker_dag.py
[2025-10-03T00:17:55.021+0000] {logging_mixin.py:188} INFO - [2025-10-03T00:17:55.021+0000] {dag.py:3096} INFO - Sync 2 DAGs
[2025-10-03T00:17:55.051+0000] {logging_mixin.py:188} INFO - [2025-10-03T00:17:55.050+0000] {dag.py:3954} INFO - Setting next_dagrun for example_external_task_marker_child to None, run_after=None
[2025-10-03T00:17:55.059+0000] {logging_mixin.py:188} INFO - [2025-10-03T00:17:55.059+0000] {dag.py:3954} INFO - Setting next_dagrun for example_external_task_marker_parent to None, run_after=None
[2025-10-03T00:17:55.094+0000] {processor.py:183} INFO - Processing /home/airflow/.local/lib/python3.12/site-packages/airflow/example_dags/example_external_task_marker_dag.py took 0.175 seconds
[2025-10-03T00:18:25.688+0000] {processor.py:161} INFO - Started process (PID=16322) to work on /home/airflow/.local/lib/python3.12/site-packages/airflow/example_dags/example_external_task_marker_dag.py
[2025-10-03T00:18:25.691+0000] {processor.py:830} INFO - Processing file /home/airflow/.local/lib/python3.12/site-packages/airflow/example_dags/example_external_task_marker_dag.py for tasks to queue
[2025-10-03T00:18:25.693+0000] {logging_mixin.py:188} INFO - [2025-10-03T00:18:25.692+0000] {dagbag.py:545} INFO - Filling up the DagBag from /home/airflow/.local/lib/python3.12/site-packages/airflow/example_dags/example_external_task_marker_dag.py
[2025-10-03T00:18:25.709+0000] {processor.py:840} INFO - DAG(s) 'example_external_task_marker_parent', 'example_external_task_marker_child' retrieved from /home/airflow/.local/lib/python3.12/site-packages/airflow/example_dags/example_external_task_marker_dag.py
[2025-10-03T00:18:25.772+0000] {logging_mixin.py:188} INFO - [2025-10-03T00:18:25.771+0000] {dag.py:3096} INFO - Sync 2 DAGs
[2025-10-03T00:18:25.800+0000] {logging_mixin.py:188} INFO - [2025-10-03T00:18:25.800+0000] {dag.py:3954} INFO - Setting next_dagrun for example_external_task_marker_child to None, run_after=None
[2025-10-03T00:18:25.809+0000] {logging_mixin.py:188} INFO - [2025-10-03T00:18:25.808+0000] {dag.py:3954} INFO - Setting next_dagrun for example_external_task_marker_parent to None, run_after=None
[2025-10-03T00:18:25.855+0000] {processor.py:183} INFO - Processing /home/airflow/.local/lib/python3.12/site-packages/airflow/example_dags/example_external_task_marker_dag.py took 0.190 seconds
[2025-10-03T00:18:56.381+0000] {processor.py:161} INFO - Started process (PID=16375) to work on /home/airflow/.local/lib/python3.12/site-packages/airflow/example_dags/example_external_task_marker_dag.py
[2025-10-03T00:18:56.386+0000] {processor.py:830} INFO - Processing file /home/airflow/.local/lib/python3.12/site-packages/airflow/example_dags/example_external_task_marker_dag.py for tasks to queue
[2025-10-03T00:18:56.395+0000] {logging_mixin.py:188} INFO - [2025-10-03T00:18:56.393+0000] {dagbag.py:545} INFO - Filling up the DagBag from /home/airflow/.local/lib/python3.12/site-packages/airflow/example_dags/example_external_task_marker_dag.py
[2025-10-03T00:18:56.443+0000] {processor.py:840} INFO - DAG(s) 'example_external_task_marker_parent', 'example_external_task_marker_child' retrieved from /home/airflow/.local/lib/python3.12/site-packages/airflow/example_dags/example_external_task_marker_dag.py
[2025-10-03T00:18:56.607+0000] {logging_mixin.py:188} INFO - [2025-10-03T00:18:56.607+0000] {dag.py:3096} INFO - Sync 2 DAGs
[2025-10-03T00:18:56.640+0000] {logging_mixin.py:188} INFO - [2025-10-03T00:18:56.640+0000] {dag.py:3954} INFO - Setting next_dagrun for example_external_task_marker_child to None, run_after=None
[2025-10-03T00:18:56.651+0000] {logging_mixin.py:188} INFO - [2025-10-03T00:18:56.650+0000] {dag.py:3954} INFO - Setting next_dagrun for example_external_task_marker_parent to None, run_after=None
[2025-10-03T00:18:56.702+0000] {processor.py:183} INFO - Processing /home/airflow/.local/lib/python3.12/site-packages/airflow/example_dags/example_external_task_marker_dag.py took 0.378 seconds
[2025-10-03T00:19:26.869+0000] {processor.py:161} INFO - Started process (PID=16428) to work on /home/airflow/.local/lib/python3.12/site-packages/airflow/example_dags/example_external_task_marker_dag.py
[2025-10-03T00:19:26.873+0000] {processor.py:830} INFO - Processing file /home/airflow/.local/lib/python3.12/site-packages/airflow/example_dags/example_external_task_marker_dag.py for tasks to queue
[2025-10-03T00:19:26.875+0000] {logging_mixin.py:188} INFO - [2025-10-03T00:19:26.875+0000] {dagbag.py:545} INFO - Filling up the DagBag from /home/airflow/.local/lib/python3.12/site-packages/airflow/example_dags/example_external_task_marker_dag.py
[2025-10-03T00:19:26.897+0000] {processor.py:840} INFO - DAG(s) 'example_external_task_marker_parent', 'example_external_task_marker_child' retrieved from /home/airflow/.local/lib/python3.12/site-packages/airflow/example_dags/example_external_task_marker_dag.py
[2025-10-03T00:19:26.966+0000] {logging_mixin.py:188} INFO - [2025-10-03T00:19:26.965+0000] {dag.py:3096} INFO - Sync 2 DAGs
[2025-10-03T00:19:27.004+0000] {logging_mixin.py:188} INFO - [2025-10-03T00:19:27.003+0000] {dag.py:3954} INFO - Setting next_dagrun for example_external_task_marker_child to None, run_after=None
[2025-10-03T00:19:27.013+0000] {logging_mixin.py:188} INFO - [2025-10-03T00:19:27.012+0000] {dag.py:3954} INFO - Setting next_dagrun for example_external_task_marker_parent to None, run_after=None
[2025-10-03T00:19:27.048+0000] {processor.py:183} INFO - Processing /home/airflow/.local/lib/python3.12/site-packages/airflow/example_dags/example_external_task_marker_dag.py took 0.228 seconds
[2025-10-03T00:19:57.650+0000] {processor.py:161} INFO - Started process (PID=16481) to work on /home/airflow/.local/lib/python3.12/site-packages/airflow/example_dags/example_external_task_marker_dag.py
[2025-10-03T00:19:57.652+0000] {processor.py:830} INFO - Processing file /home/airflow/.local/lib/python3.12/site-packages/airflow/example_dags/example_external_task_marker_dag.py for tasks to queue
[2025-10-03T00:19:57.655+0000] {logging_mixin.py:188} INFO - [2025-10-03T00:19:57.654+0000] {dagbag.py:545} INFO - Filling up the DagBag from /home/airflow/.local/lib/python3.12/site-packages/airflow/example_dags/example_external_task_marker_dag.py
[2025-10-03T00:19:57.671+0000] {processor.py:840} INFO - DAG(s) 'example_external_task_marker_child', 'example_external_task_marker_parent' retrieved from /home/airflow/.local/lib/python3.12/site-packages/airflow/example_dags/example_external_task_marker_dag.py
[2025-10-03T00:19:57.730+0000] {logging_mixin.py:188} INFO - [2025-10-03T00:19:57.730+0000] {dag.py:3096} INFO - Sync 2 DAGs
[2025-10-03T00:19:57.761+0000] {logging_mixin.py:188} INFO - [2025-10-03T00:19:57.760+0000] {dag.py:3954} INFO - Setting next_dagrun for example_external_task_marker_child to None, run_after=None
[2025-10-03T00:19:57.770+0000] {logging_mixin.py:188} INFO - [2025-10-03T00:19:57.770+0000] {dag.py:3954} INFO - Setting next_dagrun for example_external_task_marker_parent to None, run_after=None
[2025-10-03T00:19:57.806+0000] {processor.py:183} INFO - Processing /home/airflow/.local/lib/python3.12/site-packages/airflow/example_dags/example_external_task_marker_dag.py took 0.174 seconds
[2025-10-03T00:20:28.065+0000] {processor.py:161} INFO - Started process (PID=16534) to work on /home/airflow/.local/lib/python3.12/site-packages/airflow/example_dags/example_external_task_marker_dag.py
[2025-10-03T00:20:28.068+0000] {processor.py:830} INFO - Processing file /home/airflow/.local/lib/python3.12/site-packages/airflow/example_dags/example_external_task_marker_dag.py for tasks to queue
[2025-10-03T00:20:28.071+0000] {logging_mixin.py:188} INFO - [2025-10-03T00:20:28.070+0000] {dagbag.py:545} INFO - Filling up the DagBag from /home/airflow/.local/lib/python3.12/site-packages/airflow/example_dags/example_external_task_marker_dag.py
[2025-10-03T00:20:28.092+0000] {processor.py:840} INFO - DAG(s) 'example_external_task_marker_child', 'example_external_task_marker_parent' retrieved from /home/airflow/.local/lib/python3.12/site-packages/airflow/example_dags/example_external_task_marker_dag.py
[2025-10-03T00:20:28.169+0000] {logging_mixin.py:188} INFO - [2025-10-03T00:20:28.169+0000] {dag.py:3096} INFO - Sync 2 DAGs
[2025-10-03T00:20:28.213+0000] {logging_mixin.py:188} INFO - [2025-10-03T00:20:28.213+0000] {dag.py:3954} INFO - Setting next_dagrun for example_external_task_marker_child to None, run_after=None
[2025-10-03T00:20:28.221+0000] {logging_mixin.py:188} INFO - [2025-10-03T00:20:28.221+0000] {dag.py:3954} INFO - Setting next_dagrun for example_external_task_marker_parent to None, run_after=None
[2025-10-03T00:20:28.254+0000] {processor.py:183} INFO - Processing /home/airflow/.local/lib/python3.12/site-packages/airflow/example_dags/example_external_task_marker_dag.py took 0.206 seconds
[2025-10-03T00:20:58.469+0000] {processor.py:161} INFO - Started process (PID=16585) to work on /home/airflow/.local/lib/python3.12/site-packages/airflow/example_dags/example_external_task_marker_dag.py
[2025-10-03T00:20:58.472+0000] {processor.py:830} INFO - Processing file /home/airflow/.local/lib/python3.12/site-packages/airflow/example_dags/example_external_task_marker_dag.py for tasks to queue
[2025-10-03T00:20:58.474+0000] {logging_mixin.py:188} INFO - [2025-10-03T00:20:58.473+0000] {dagbag.py:545} INFO - Filling up the DagBag from /home/airflow/.local/lib/python3.12/site-packages/airflow/example_dags/example_external_task_marker_dag.py
[2025-10-03T00:20:58.490+0000] {processor.py:840} INFO - DAG(s) 'example_external_task_marker_child', 'example_external_task_marker_parent' retrieved from /home/airflow/.local/lib/python3.12/site-packages/airflow/example_dags/example_external_task_marker_dag.py
[2025-10-03T00:20:58.550+0000] {logging_mixin.py:188} INFO - [2025-10-03T00:20:58.549+0000] {dag.py:3096} INFO - Sync 2 DAGs
[2025-10-03T00:20:58.582+0000] {logging_mixin.py:188} INFO - [2025-10-03T00:20:58.581+0000] {dag.py:3954} INFO - Setting next_dagrun for example_external_task_marker_child to None, run_after=None
[2025-10-03T00:20:58.590+0000] {logging_mixin.py:188} INFO - [2025-10-03T00:20:58.590+0000] {dag.py:3954} INFO - Setting next_dagrun for example_external_task_marker_parent to None, run_after=None
[2025-10-03T00:20:58.641+0000] {processor.py:183} INFO - Processing /home/airflow/.local/lib/python3.12/site-packages/airflow/example_dags/example_external_task_marker_dag.py took 0.188 seconds
