[2025-10-03T00:00:24.980+0000] {processor.py:161} INFO - Started process (PID=14461) to work on /home/airflow/.local/lib/python3.12/site-packages/airflow/example_dags/example_setup_teardown_taskflow.py
[2025-10-03T00:00:24.982+0000] {processor.py:830} INFO - Processing file /home/airflow/.local/lib/python3.12/site-packages/airflow/example_dags/example_setup_teardown_taskflow.py for tasks to queue
[2025-10-03T00:00:24.984+0000] {logging_mixin.py:188} INFO - [2025-10-03T00:00:24.983+0000] {dagbag.py:545} INFO - Filling up the DagBag from /home/airflow/.local/lib/python3.12/site-packages/airflow/example_dags/example_setup_teardown_taskflow.py
[2025-10-03T00:00:25.008+0000] {processor.py:840} INFO - DAG(s) 'example_setup_teardown_taskflow' retrieved from /home/airflow/.local/lib/python3.12/site-packages/airflow/example_dags/example_setup_teardown_taskflow.py
[2025-10-03T00:00:25.060+0000] {logging_mixin.py:188} INFO - [2025-10-03T00:00:25.060+0000] {dag.py:3096} INFO - Sync 1 DAGs
[2025-10-03T00:00:25.109+0000] {logging_mixin.py:188} INFO - [2025-10-03T00:00:25.108+0000] {dag.py:3954} INFO - Setting next_dagrun for example_setup_teardown_taskflow to 2025-10-02 00:00:00+00:00, run_after=2025-10-03 00:00:00+00:00
[2025-10-03T00:00:25.167+0000] {processor.py:183} INFO - Processing /home/airflow/.local/lib/python3.12/site-packages/airflow/example_dags/example_setup_teardown_taskflow.py took 0.203 seconds
[2025-10-03T00:00:55.757+0000] {processor.py:161} INFO - Started process (PID=14514) to work on /home/airflow/.local/lib/python3.12/site-packages/airflow/example_dags/example_setup_teardown_taskflow.py
[2025-10-03T00:00:55.760+0000] {processor.py:830} INFO - Processing file /home/airflow/.local/lib/python3.12/site-packages/airflow/example_dags/example_setup_teardown_taskflow.py for tasks to queue
[2025-10-03T00:00:55.763+0000] {logging_mixin.py:188} INFO - [2025-10-03T00:00:55.762+0000] {dagbag.py:545} INFO - Filling up the DagBag from /home/airflow/.local/lib/python3.12/site-packages/airflow/example_dags/example_setup_teardown_taskflow.py
[2025-10-03T00:00:55.796+0000] {processor.py:840} INFO - DAG(s) 'example_setup_teardown_taskflow' retrieved from /home/airflow/.local/lib/python3.12/site-packages/airflow/example_dags/example_setup_teardown_taskflow.py
[2025-10-03T00:00:55.858+0000] {logging_mixin.py:188} INFO - [2025-10-03T00:00:55.857+0000] {dag.py:3096} INFO - Sync 1 DAGs
[2025-10-03T00:00:55.912+0000] {logging_mixin.py:188} INFO - [2025-10-03T00:00:55.912+0000] {dag.py:3954} INFO - Setting next_dagrun for example_setup_teardown_taskflow to 2025-10-02 00:00:00+00:00, run_after=2025-10-03 00:00:00+00:00
[2025-10-03T00:00:55.963+0000] {processor.py:183} INFO - Processing /home/airflow/.local/lib/python3.12/site-packages/airflow/example_dags/example_setup_teardown_taskflow.py took 0.225 seconds
[2025-10-03T00:01:26.213+0000] {processor.py:161} INFO - Started process (PID=14567) to work on /home/airflow/.local/lib/python3.12/site-packages/airflow/example_dags/example_setup_teardown_taskflow.py
[2025-10-03T00:01:26.215+0000] {processor.py:830} INFO - Processing file /home/airflow/.local/lib/python3.12/site-packages/airflow/example_dags/example_setup_teardown_taskflow.py for tasks to queue
[2025-10-03T00:01:26.218+0000] {logging_mixin.py:188} INFO - [2025-10-03T00:01:26.217+0000] {dagbag.py:545} INFO - Filling up the DagBag from /home/airflow/.local/lib/python3.12/site-packages/airflow/example_dags/example_setup_teardown_taskflow.py
[2025-10-03T00:01:26.245+0000] {processor.py:840} INFO - DAG(s) 'example_setup_teardown_taskflow' retrieved from /home/airflow/.local/lib/python3.12/site-packages/airflow/example_dags/example_setup_teardown_taskflow.py
[2025-10-03T00:01:26.300+0000] {logging_mixin.py:188} INFO - [2025-10-03T00:01:26.299+0000] {dag.py:3096} INFO - Sync 1 DAGs
[2025-10-03T00:01:26.345+0000] {logging_mixin.py:188} INFO - [2025-10-03T00:01:26.345+0000] {dag.py:3954} INFO - Setting next_dagrun for example_setup_teardown_taskflow to 2025-10-02 00:00:00+00:00, run_after=2025-10-03 00:00:00+00:00
[2025-10-03T00:01:26.401+0000] {processor.py:183} INFO - Processing /home/airflow/.local/lib/python3.12/site-packages/airflow/example_dags/example_setup_teardown_taskflow.py took 0.202 seconds
[2025-10-03T00:01:56.719+0000] {processor.py:161} INFO - Started process (PID=14620) to work on /home/airflow/.local/lib/python3.12/site-packages/airflow/example_dags/example_setup_teardown_taskflow.py
[2025-10-03T00:01:56.722+0000] {processor.py:830} INFO - Processing file /home/airflow/.local/lib/python3.12/site-packages/airflow/example_dags/example_setup_teardown_taskflow.py for tasks to queue
[2025-10-03T00:01:56.724+0000] {logging_mixin.py:188} INFO - [2025-10-03T00:01:56.724+0000] {dagbag.py:545} INFO - Filling up the DagBag from /home/airflow/.local/lib/python3.12/site-packages/airflow/example_dags/example_setup_teardown_taskflow.py
[2025-10-03T00:01:56.755+0000] {processor.py:840} INFO - DAG(s) 'example_setup_teardown_taskflow' retrieved from /home/airflow/.local/lib/python3.12/site-packages/airflow/example_dags/example_setup_teardown_taskflow.py
[2025-10-03T00:01:56.817+0000] {logging_mixin.py:188} INFO - [2025-10-03T00:01:56.816+0000] {dag.py:3096} INFO - Sync 1 DAGs
[2025-10-03T00:01:56.875+0000] {logging_mixin.py:188} INFO - [2025-10-03T00:01:56.874+0000] {dag.py:3954} INFO - Setting next_dagrun for example_setup_teardown_taskflow to 2025-10-02 00:00:00+00:00, run_after=2025-10-03 00:00:00+00:00
[2025-10-03T00:01:56.925+0000] {processor.py:183} INFO - Processing /home/airflow/.local/lib/python3.12/site-packages/airflow/example_dags/example_setup_teardown_taskflow.py took 0.224 seconds
[2025-10-03T00:02:27.368+0000] {processor.py:161} INFO - Started process (PID=14673) to work on /home/airflow/.local/lib/python3.12/site-packages/airflow/example_dags/example_setup_teardown_taskflow.py
[2025-10-03T00:02:27.370+0000] {processor.py:830} INFO - Processing file /home/airflow/.local/lib/python3.12/site-packages/airflow/example_dags/example_setup_teardown_taskflow.py for tasks to queue
[2025-10-03T00:02:27.373+0000] {logging_mixin.py:188} INFO - [2025-10-03T00:02:27.372+0000] {dagbag.py:545} INFO - Filling up the DagBag from /home/airflow/.local/lib/python3.12/site-packages/airflow/example_dags/example_setup_teardown_taskflow.py
[2025-10-03T00:02:27.395+0000] {processor.py:840} INFO - DAG(s) 'example_setup_teardown_taskflow' retrieved from /home/airflow/.local/lib/python3.12/site-packages/airflow/example_dags/example_setup_teardown_taskflow.py
[2025-10-03T00:02:27.443+0000] {logging_mixin.py:188} INFO - [2025-10-03T00:02:27.442+0000] {dag.py:3096} INFO - Sync 1 DAGs
[2025-10-03T00:02:27.493+0000] {logging_mixin.py:188} INFO - [2025-10-03T00:02:27.493+0000] {dag.py:3954} INFO - Setting next_dagrun for example_setup_teardown_taskflow to 2025-10-02 00:00:00+00:00, run_after=2025-10-03 00:00:00+00:00
[2025-10-03T00:02:27.535+0000] {processor.py:183} INFO - Processing /home/airflow/.local/lib/python3.12/site-packages/airflow/example_dags/example_setup_teardown_taskflow.py took 0.181 seconds
[2025-10-03T00:02:57.872+0000] {processor.py:161} INFO - Started process (PID=14726) to work on /home/airflow/.local/lib/python3.12/site-packages/airflow/example_dags/example_setup_teardown_taskflow.py
[2025-10-03T00:02:57.875+0000] {processor.py:830} INFO - Processing file /home/airflow/.local/lib/python3.12/site-packages/airflow/example_dags/example_setup_teardown_taskflow.py for tasks to queue
[2025-10-03T00:02:57.877+0000] {logging_mixin.py:188} INFO - [2025-10-03T00:02:57.876+0000] {dagbag.py:545} INFO - Filling up the DagBag from /home/airflow/.local/lib/python3.12/site-packages/airflow/example_dags/example_setup_teardown_taskflow.py
[2025-10-03T00:02:57.902+0000] {processor.py:840} INFO - DAG(s) 'example_setup_teardown_taskflow' retrieved from /home/airflow/.local/lib/python3.12/site-packages/airflow/example_dags/example_setup_teardown_taskflow.py
[2025-10-03T00:02:57.950+0000] {logging_mixin.py:188} INFO - [2025-10-03T00:02:57.950+0000] {dag.py:3096} INFO - Sync 1 DAGs
[2025-10-03T00:02:58.065+0000] {logging_mixin.py:188} INFO - [2025-10-03T00:02:58.063+0000] {dag.py:3954} INFO - Setting next_dagrun for example_setup_teardown_taskflow to 2025-10-02 00:00:00+00:00, run_after=2025-10-03 00:00:00+00:00
[2025-10-03T00:02:58.121+0000] {processor.py:183} INFO - Processing /home/airflow/.local/lib/python3.12/site-packages/airflow/example_dags/example_setup_teardown_taskflow.py took 0.261 seconds
[2025-10-03T00:03:28.417+0000] {processor.py:161} INFO - Started process (PID=14779) to work on /home/airflow/.local/lib/python3.12/site-packages/airflow/example_dags/example_setup_teardown_taskflow.py
[2025-10-03T00:03:28.419+0000] {processor.py:830} INFO - Processing file /home/airflow/.local/lib/python3.12/site-packages/airflow/example_dags/example_setup_teardown_taskflow.py for tasks to queue
[2025-10-03T00:03:28.422+0000] {logging_mixin.py:188} INFO - [2025-10-03T00:03:28.421+0000] {dagbag.py:545} INFO - Filling up the DagBag from /home/airflow/.local/lib/python3.12/site-packages/airflow/example_dags/example_setup_teardown_taskflow.py
[2025-10-03T00:03:28.453+0000] {processor.py:840} INFO - DAG(s) 'example_setup_teardown_taskflow' retrieved from /home/airflow/.local/lib/python3.12/site-packages/airflow/example_dags/example_setup_teardown_taskflow.py
[2025-10-03T00:03:28.503+0000] {logging_mixin.py:188} INFO - [2025-10-03T00:03:28.503+0000] {dag.py:3096} INFO - Sync 1 DAGs
[2025-10-03T00:03:28.557+0000] {logging_mixin.py:188} INFO - [2025-10-03T00:03:28.556+0000] {dag.py:3954} INFO - Setting next_dagrun for example_setup_teardown_taskflow to 2025-10-02 00:00:00+00:00, run_after=2025-10-03 00:00:00+00:00
[2025-10-03T00:03:28.613+0000] {processor.py:183} INFO - Processing /home/airflow/.local/lib/python3.12/site-packages/airflow/example_dags/example_setup_teardown_taskflow.py took 0.211 seconds
[2025-10-03T00:03:59.204+0000] {processor.py:161} INFO - Started process (PID=14832) to work on /home/airflow/.local/lib/python3.12/site-packages/airflow/example_dags/example_setup_teardown_taskflow.py
[2025-10-03T00:03:59.207+0000] {processor.py:830} INFO - Processing file /home/airflow/.local/lib/python3.12/site-packages/airflow/example_dags/example_setup_teardown_taskflow.py for tasks to queue
[2025-10-03T00:03:59.210+0000] {logging_mixin.py:188} INFO - [2025-10-03T00:03:59.209+0000] {dagbag.py:545} INFO - Filling up the DagBag from /home/airflow/.local/lib/python3.12/site-packages/airflow/example_dags/example_setup_teardown_taskflow.py
[2025-10-03T00:03:59.243+0000] {processor.py:840} INFO - DAG(s) 'example_setup_teardown_taskflow' retrieved from /home/airflow/.local/lib/python3.12/site-packages/airflow/example_dags/example_setup_teardown_taskflow.py
[2025-10-03T00:03:59.305+0000] {logging_mixin.py:188} INFO - [2025-10-03T00:03:59.305+0000] {dag.py:3096} INFO - Sync 1 DAGs
[2025-10-03T00:03:59.366+0000] {logging_mixin.py:188} INFO - [2025-10-03T00:03:59.366+0000] {dag.py:3954} INFO - Setting next_dagrun for example_setup_teardown_taskflow to 2025-10-02 00:00:00+00:00, run_after=2025-10-03 00:00:00+00:00
[2025-10-03T00:03:59.417+0000] {processor.py:183} INFO - Processing /home/airflow/.local/lib/python3.12/site-packages/airflow/example_dags/example_setup_teardown_taskflow.py took 0.230 seconds
[2025-10-03T00:04:30.880+0000] {processor.py:161} INFO - Started process (PID=14885) to work on /home/airflow/.local/lib/python3.12/site-packages/airflow/example_dags/example_setup_teardown_taskflow.py
[2025-10-03T00:04:30.893+0000] {processor.py:830} INFO - Processing file /home/airflow/.local/lib/python3.12/site-packages/airflow/example_dags/example_setup_teardown_taskflow.py for tasks to queue
[2025-10-03T00:04:30.915+0000] {logging_mixin.py:188} INFO - [2025-10-03T00:04:30.914+0000] {dagbag.py:545} INFO - Filling up the DagBag from /home/airflow/.local/lib/python3.12/site-packages/airflow/example_dags/example_setup_teardown_taskflow.py
[2025-10-03T00:04:30.984+0000] {processor.py:840} INFO - DAG(s) 'example_setup_teardown_taskflow' retrieved from /home/airflow/.local/lib/python3.12/site-packages/airflow/example_dags/example_setup_teardown_taskflow.py
[2025-10-03T00:04:31.122+0000] {logging_mixin.py:188} INFO - [2025-10-03T00:04:31.122+0000] {dag.py:3096} INFO - Sync 1 DAGs
[2025-10-03T00:04:31.358+0000] {logging_mixin.py:188} INFO - [2025-10-03T00:04:31.357+0000] {dag.py:3954} INFO - Setting next_dagrun for example_setup_teardown_taskflow to 2025-10-02 00:00:00+00:00, run_after=2025-10-03 00:00:00+00:00
[2025-10-03T00:04:31.483+0000] {processor.py:183} INFO - Processing /home/airflow/.local/lib/python3.12/site-packages/airflow/example_dags/example_setup_teardown_taskflow.py took 0.645 seconds
[2025-10-03T00:05:01.756+0000] {processor.py:161} INFO - Started process (PID=14938) to work on /home/airflow/.local/lib/python3.12/site-packages/airflow/example_dags/example_setup_teardown_taskflow.py
[2025-10-03T00:05:01.759+0000] {processor.py:830} INFO - Processing file /home/airflow/.local/lib/python3.12/site-packages/airflow/example_dags/example_setup_teardown_taskflow.py for tasks to queue
[2025-10-03T00:05:01.761+0000] {logging_mixin.py:188} INFO - [2025-10-03T00:05:01.760+0000] {dagbag.py:545} INFO - Filling up the DagBag from /home/airflow/.local/lib/python3.12/site-packages/airflow/example_dags/example_setup_teardown_taskflow.py
[2025-10-03T00:05:01.783+0000] {processor.py:840} INFO - DAG(s) 'example_setup_teardown_taskflow' retrieved from /home/airflow/.local/lib/python3.12/site-packages/airflow/example_dags/example_setup_teardown_taskflow.py
[2025-10-03T00:05:01.832+0000] {logging_mixin.py:188} INFO - [2025-10-03T00:05:01.831+0000] {dag.py:3096} INFO - Sync 1 DAGs
[2025-10-03T00:05:01.879+0000] {logging_mixin.py:188} INFO - [2025-10-03T00:05:01.879+0000] {dag.py:3954} INFO - Setting next_dagrun for example_setup_teardown_taskflow to 2025-10-02 00:00:00+00:00, run_after=2025-10-03 00:00:00+00:00
[2025-10-03T00:05:01.918+0000] {processor.py:183} INFO - Processing /home/airflow/.local/lib/python3.12/site-packages/airflow/example_dags/example_setup_teardown_taskflow.py took 0.176 seconds
[2025-10-03T00:05:32.388+0000] {processor.py:161} INFO - Started process (PID=14991) to work on /home/airflow/.local/lib/python3.12/site-packages/airflow/example_dags/example_setup_teardown_taskflow.py
[2025-10-03T00:05:32.391+0000] {processor.py:830} INFO - Processing file /home/airflow/.local/lib/python3.12/site-packages/airflow/example_dags/example_setup_teardown_taskflow.py for tasks to queue
[2025-10-03T00:05:32.393+0000] {logging_mixin.py:188} INFO - [2025-10-03T00:05:32.392+0000] {dagbag.py:545} INFO - Filling up the DagBag from /home/airflow/.local/lib/python3.12/site-packages/airflow/example_dags/example_setup_teardown_taskflow.py
[2025-10-03T00:05:32.417+0000] {processor.py:840} INFO - DAG(s) 'example_setup_teardown_taskflow' retrieved from /home/airflow/.local/lib/python3.12/site-packages/airflow/example_dags/example_setup_teardown_taskflow.py
[2025-10-03T00:05:32.466+0000] {logging_mixin.py:188} INFO - [2025-10-03T00:05:32.465+0000] {dag.py:3096} INFO - Sync 1 DAGs
[2025-10-03T00:05:32.517+0000] {logging_mixin.py:188} INFO - [2025-10-03T00:05:32.516+0000] {dag.py:3954} INFO - Setting next_dagrun for example_setup_teardown_taskflow to 2025-10-02 00:00:00+00:00, run_after=2025-10-03 00:00:00+00:00
[2025-10-03T00:05:32.575+0000] {processor.py:183} INFO - Processing /home/airflow/.local/lib/python3.12/site-packages/airflow/example_dags/example_setup_teardown_taskflow.py took 0.203 seconds
[2025-10-03T00:06:02.837+0000] {processor.py:161} INFO - Started process (PID=15044) to work on /home/airflow/.local/lib/python3.12/site-packages/airflow/example_dags/example_setup_teardown_taskflow.py
[2025-10-03T00:06:02.840+0000] {processor.py:830} INFO - Processing file /home/airflow/.local/lib/python3.12/site-packages/airflow/example_dags/example_setup_teardown_taskflow.py for tasks to queue
[2025-10-03T00:06:02.845+0000] {logging_mixin.py:188} INFO - [2025-10-03T00:06:02.844+0000] {dagbag.py:545} INFO - Filling up the DagBag from /home/airflow/.local/lib/python3.12/site-packages/airflow/example_dags/example_setup_teardown_taskflow.py
[2025-10-03T00:06:02.881+0000] {processor.py:840} INFO - DAG(s) 'example_setup_teardown_taskflow' retrieved from /home/airflow/.local/lib/python3.12/site-packages/airflow/example_dags/example_setup_teardown_taskflow.py
[2025-10-03T00:06:02.950+0000] {logging_mixin.py:188} INFO - [2025-10-03T00:06:02.949+0000] {dag.py:3096} INFO - Sync 1 DAGs
[2025-10-03T00:06:03.009+0000] {logging_mixin.py:188} INFO - [2025-10-03T00:06:03.008+0000] {dag.py:3954} INFO - Setting next_dagrun for example_setup_teardown_taskflow to 2025-10-02 00:00:00+00:00, run_after=2025-10-03 00:00:00+00:00
[2025-10-03T00:06:03.054+0000] {processor.py:183} INFO - Processing /home/airflow/.local/lib/python3.12/site-packages/airflow/example_dags/example_setup_teardown_taskflow.py took 0.239 seconds
[2025-10-03T00:06:34.110+0000] {processor.py:161} INFO - Started process (PID=15097) to work on /home/airflow/.local/lib/python3.12/site-packages/airflow/example_dags/example_setup_teardown_taskflow.py
[2025-10-03T00:06:34.128+0000] {processor.py:830} INFO - Processing file /home/airflow/.local/lib/python3.12/site-packages/airflow/example_dags/example_setup_teardown_taskflow.py for tasks to queue
[2025-10-03T00:06:34.135+0000] {logging_mixin.py:188} INFO - [2025-10-03T00:06:34.133+0000] {dagbag.py:545} INFO - Filling up the DagBag from /home/airflow/.local/lib/python3.12/site-packages/airflow/example_dags/example_setup_teardown_taskflow.py
[2025-10-03T00:06:34.227+0000] {processor.py:840} INFO - DAG(s) 'example_setup_teardown_taskflow' retrieved from /home/airflow/.local/lib/python3.12/site-packages/airflow/example_dags/example_setup_teardown_taskflow.py
[2025-10-03T00:06:34.397+0000] {logging_mixin.py:188} INFO - [2025-10-03T00:06:34.396+0000] {dag.py:3096} INFO - Sync 1 DAGs
[2025-10-03T00:06:34.505+0000] {logging_mixin.py:188} INFO - [2025-10-03T00:06:34.505+0000] {dag.py:3954} INFO - Setting next_dagrun for example_setup_teardown_taskflow to 2025-10-02 00:00:00+00:00, run_after=2025-10-03 00:00:00+00:00
[2025-10-03T00:06:34.581+0000] {processor.py:183} INFO - Processing /home/airflow/.local/lib/python3.12/site-packages/airflow/example_dags/example_setup_teardown_taskflow.py took 0.524 seconds
[2025-10-03T00:07:04.857+0000] {processor.py:161} INFO - Started process (PID=15150) to work on /home/airflow/.local/lib/python3.12/site-packages/airflow/example_dags/example_setup_teardown_taskflow.py
[2025-10-03T00:07:04.859+0000] {processor.py:830} INFO - Processing file /home/airflow/.local/lib/python3.12/site-packages/airflow/example_dags/example_setup_teardown_taskflow.py for tasks to queue
[2025-10-03T00:07:04.861+0000] {logging_mixin.py:188} INFO - [2025-10-03T00:07:04.860+0000] {dagbag.py:545} INFO - Filling up the DagBag from /home/airflow/.local/lib/python3.12/site-packages/airflow/example_dags/example_setup_teardown_taskflow.py
[2025-10-03T00:07:04.885+0000] {processor.py:840} INFO - DAG(s) 'example_setup_teardown_taskflow' retrieved from /home/airflow/.local/lib/python3.12/site-packages/airflow/example_dags/example_setup_teardown_taskflow.py
[2025-10-03T00:07:04.936+0000] {logging_mixin.py:188} INFO - [2025-10-03T00:07:04.936+0000] {dag.py:3096} INFO - Sync 1 DAGs
[2025-10-03T00:07:04.990+0000] {logging_mixin.py:188} INFO - [2025-10-03T00:07:04.990+0000] {dag.py:3954} INFO - Setting next_dagrun for example_setup_teardown_taskflow to 2025-10-02 00:00:00+00:00, run_after=2025-10-03 00:00:00+00:00
[2025-10-03T00:07:05.038+0000] {processor.py:183} INFO - Processing /home/airflow/.local/lib/python3.12/site-packages/airflow/example_dags/example_setup_teardown_taskflow.py took 0.196 seconds
[2025-10-03T00:07:35.495+0000] {processor.py:161} INFO - Started process (PID=15203) to work on /home/airflow/.local/lib/python3.12/site-packages/airflow/example_dags/example_setup_teardown_taskflow.py
[2025-10-03T00:07:35.499+0000] {processor.py:830} INFO - Processing file /home/airflow/.local/lib/python3.12/site-packages/airflow/example_dags/example_setup_teardown_taskflow.py for tasks to queue
[2025-10-03T00:07:35.504+0000] {logging_mixin.py:188} INFO - [2025-10-03T00:07:35.503+0000] {dagbag.py:545} INFO - Filling up the DagBag from /home/airflow/.local/lib/python3.12/site-packages/airflow/example_dags/example_setup_teardown_taskflow.py
[2025-10-03T00:07:35.536+0000] {processor.py:840} INFO - DAG(s) 'example_setup_teardown_taskflow' retrieved from /home/airflow/.local/lib/python3.12/site-packages/airflow/example_dags/example_setup_teardown_taskflow.py
[2025-10-03T00:07:35.590+0000] {logging_mixin.py:188} INFO - [2025-10-03T00:07:35.589+0000] {dag.py:3096} INFO - Sync 1 DAGs
[2025-10-03T00:07:35.642+0000] {logging_mixin.py:188} INFO - [2025-10-03T00:07:35.642+0000] {dag.py:3954} INFO - Setting next_dagrun for example_setup_teardown_taskflow to 2025-10-02 00:00:00+00:00, run_after=2025-10-03 00:00:00+00:00
[2025-10-03T00:07:35.684+0000] {processor.py:183} INFO - Processing /home/airflow/.local/lib/python3.12/site-packages/airflow/example_dags/example_setup_teardown_taskflow.py took 0.214 seconds
[2025-10-03T00:08:06.509+0000] {processor.py:161} INFO - Started process (PID=15255) to work on /home/airflow/.local/lib/python3.12/site-packages/airflow/example_dags/example_setup_teardown_taskflow.py
[2025-10-03T00:08:06.511+0000] {processor.py:830} INFO - Processing file /home/airflow/.local/lib/python3.12/site-packages/airflow/example_dags/example_setup_teardown_taskflow.py for tasks to queue
[2025-10-03T00:08:06.514+0000] {logging_mixin.py:188} INFO - [2025-10-03T00:08:06.513+0000] {dagbag.py:545} INFO - Filling up the DagBag from /home/airflow/.local/lib/python3.12/site-packages/airflow/example_dags/example_setup_teardown_taskflow.py
[2025-10-03T00:08:06.536+0000] {processor.py:840} INFO - DAG(s) 'example_setup_teardown_taskflow' retrieved from /home/airflow/.local/lib/python3.12/site-packages/airflow/example_dags/example_setup_teardown_taskflow.py
[2025-10-03T00:08:06.585+0000] {logging_mixin.py:188} INFO - [2025-10-03T00:08:06.585+0000] {dag.py:3096} INFO - Sync 1 DAGs
[2025-10-03T00:08:06.634+0000] {logging_mixin.py:188} INFO - [2025-10-03T00:08:06.634+0000] {dag.py:3954} INFO - Setting next_dagrun for example_setup_teardown_taskflow to 2025-10-02 00:00:00+00:00, run_after=2025-10-03 00:00:00+00:00
[2025-10-03T00:08:06.677+0000] {processor.py:183} INFO - Processing /home/airflow/.local/lib/python3.12/site-packages/airflow/example_dags/example_setup_teardown_taskflow.py took 0.187 seconds
[2025-10-03T00:08:36.917+0000] {processor.py:161} INFO - Started process (PID=15308) to work on /home/airflow/.local/lib/python3.12/site-packages/airflow/example_dags/example_setup_teardown_taskflow.py
[2025-10-03T00:08:36.920+0000] {processor.py:830} INFO - Processing file /home/airflow/.local/lib/python3.12/site-packages/airflow/example_dags/example_setup_teardown_taskflow.py for tasks to queue
[2025-10-03T00:08:36.922+0000] {logging_mixin.py:188} INFO - [2025-10-03T00:08:36.921+0000] {dagbag.py:545} INFO - Filling up the DagBag from /home/airflow/.local/lib/python3.12/site-packages/airflow/example_dags/example_setup_teardown_taskflow.py
[2025-10-03T00:08:36.945+0000] {processor.py:840} INFO - DAG(s) 'example_setup_teardown_taskflow' retrieved from /home/airflow/.local/lib/python3.12/site-packages/airflow/example_dags/example_setup_teardown_taskflow.py
[2025-10-03T00:08:37.004+0000] {logging_mixin.py:188} INFO - [2025-10-03T00:08:37.003+0000] {dag.py:3096} INFO - Sync 1 DAGs
[2025-10-03T00:08:37.051+0000] {logging_mixin.py:188} INFO - [2025-10-03T00:08:37.051+0000] {dag.py:3954} INFO - Setting next_dagrun for example_setup_teardown_taskflow to 2025-10-02 00:00:00+00:00, run_after=2025-10-03 00:00:00+00:00
[2025-10-03T00:08:37.095+0000] {processor.py:183} INFO - Processing /home/airflow/.local/lib/python3.12/site-packages/airflow/example_dags/example_setup_teardown_taskflow.py took 0.194 seconds
[2025-10-03T00:09:07.657+0000] {processor.py:161} INFO - Started process (PID=15361) to work on /home/airflow/.local/lib/python3.12/site-packages/airflow/example_dags/example_setup_teardown_taskflow.py
[2025-10-03T00:09:07.660+0000] {processor.py:830} INFO - Processing file /home/airflow/.local/lib/python3.12/site-packages/airflow/example_dags/example_setup_teardown_taskflow.py for tasks to queue
[2025-10-03T00:09:07.663+0000] {logging_mixin.py:188} INFO - [2025-10-03T00:09:07.662+0000] {dagbag.py:545} INFO - Filling up the DagBag from /home/airflow/.local/lib/python3.12/site-packages/airflow/example_dags/example_setup_teardown_taskflow.py
[2025-10-03T00:09:07.696+0000] {processor.py:840} INFO - DAG(s) 'example_setup_teardown_taskflow' retrieved from /home/airflow/.local/lib/python3.12/site-packages/airflow/example_dags/example_setup_teardown_taskflow.py
[2025-10-03T00:09:07.748+0000] {logging_mixin.py:188} INFO - [2025-10-03T00:09:07.747+0000] {dag.py:3096} INFO - Sync 1 DAGs
[2025-10-03T00:09:07.798+0000] {logging_mixin.py:188} INFO - [2025-10-03T00:09:07.798+0000] {dag.py:3954} INFO - Setting next_dagrun for example_setup_teardown_taskflow to 2025-10-02 00:00:00+00:00, run_after=2025-10-03 00:00:00+00:00
[2025-10-03T00:09:07.841+0000] {processor.py:183} INFO - Processing /home/airflow/.local/lib/python3.12/site-packages/airflow/example_dags/example_setup_teardown_taskflow.py took 0.198 seconds
[2025-10-03T00:09:38.482+0000] {processor.py:161} INFO - Started process (PID=15414) to work on /home/airflow/.local/lib/python3.12/site-packages/airflow/example_dags/example_setup_teardown_taskflow.py
[2025-10-03T00:09:38.485+0000] {processor.py:830} INFO - Processing file /home/airflow/.local/lib/python3.12/site-packages/airflow/example_dags/example_setup_teardown_taskflow.py for tasks to queue
[2025-10-03T00:09:38.487+0000] {logging_mixin.py:188} INFO - [2025-10-03T00:09:38.487+0000] {dagbag.py:545} INFO - Filling up the DagBag from /home/airflow/.local/lib/python3.12/site-packages/airflow/example_dags/example_setup_teardown_taskflow.py
[2025-10-03T00:09:38.514+0000] {processor.py:840} INFO - DAG(s) 'example_setup_teardown_taskflow' retrieved from /home/airflow/.local/lib/python3.12/site-packages/airflow/example_dags/example_setup_teardown_taskflow.py
[2025-10-03T00:09:38.563+0000] {logging_mixin.py:188} INFO - [2025-10-03T00:09:38.563+0000] {dag.py:3096} INFO - Sync 1 DAGs
[2025-10-03T00:09:38.619+0000] {logging_mixin.py:188} INFO - [2025-10-03T00:09:38.618+0000] {dag.py:3954} INFO - Setting next_dagrun for example_setup_teardown_taskflow to 2025-10-02 00:00:00+00:00, run_after=2025-10-03 00:00:00+00:00
[2025-10-03T00:09:38.660+0000] {processor.py:183} INFO - Processing /home/airflow/.local/lib/python3.12/site-packages/airflow/example_dags/example_setup_teardown_taskflow.py took 0.197 seconds
[2025-10-03T00:10:09.155+0000] {processor.py:161} INFO - Started process (PID=15467) to work on /home/airflow/.local/lib/python3.12/site-packages/airflow/example_dags/example_setup_teardown_taskflow.py
[2025-10-03T00:10:09.157+0000] {processor.py:830} INFO - Processing file /home/airflow/.local/lib/python3.12/site-packages/airflow/example_dags/example_setup_teardown_taskflow.py for tasks to queue
[2025-10-03T00:10:09.160+0000] {logging_mixin.py:188} INFO - [2025-10-03T00:10:09.159+0000] {dagbag.py:545} INFO - Filling up the DagBag from /home/airflow/.local/lib/python3.12/site-packages/airflow/example_dags/example_setup_teardown_taskflow.py
[2025-10-03T00:10:09.202+0000] {processor.py:840} INFO - DAG(s) 'example_setup_teardown_taskflow' retrieved from /home/airflow/.local/lib/python3.12/site-packages/airflow/example_dags/example_setup_teardown_taskflow.py
[2025-10-03T00:10:09.292+0000] {logging_mixin.py:188} INFO - [2025-10-03T00:10:09.291+0000] {dag.py:3096} INFO - Sync 1 DAGs
[2025-10-03T00:10:09.360+0000] {logging_mixin.py:188} INFO - [2025-10-03T00:10:09.359+0000] {dag.py:3954} INFO - Setting next_dagrun for example_setup_teardown_taskflow to 2025-10-02 00:00:00+00:00, run_after=2025-10-03 00:00:00+00:00
[2025-10-03T00:10:09.398+0000] {processor.py:183} INFO - Processing /home/airflow/.local/lib/python3.12/site-packages/airflow/example_dags/example_setup_teardown_taskflow.py took 0.258 seconds
[2025-10-03T00:10:39.666+0000] {processor.py:161} INFO - Started process (PID=15520) to work on /home/airflow/.local/lib/python3.12/site-packages/airflow/example_dags/example_setup_teardown_taskflow.py
[2025-10-03T00:10:39.669+0000] {processor.py:830} INFO - Processing file /home/airflow/.local/lib/python3.12/site-packages/airflow/example_dags/example_setup_teardown_taskflow.py for tasks to queue
[2025-10-03T00:10:39.672+0000] {logging_mixin.py:188} INFO - [2025-10-03T00:10:39.671+0000] {dagbag.py:545} INFO - Filling up the DagBag from /home/airflow/.local/lib/python3.12/site-packages/airflow/example_dags/example_setup_teardown_taskflow.py
[2025-10-03T00:10:39.703+0000] {processor.py:840} INFO - DAG(s) 'example_setup_teardown_taskflow' retrieved from /home/airflow/.local/lib/python3.12/site-packages/airflow/example_dags/example_setup_teardown_taskflow.py
[2025-10-03T00:10:39.760+0000] {logging_mixin.py:188} INFO - [2025-10-03T00:10:39.759+0000] {dag.py:3096} INFO - Sync 1 DAGs
[2025-10-03T00:10:39.816+0000] {logging_mixin.py:188} INFO - [2025-10-03T00:10:39.815+0000] {dag.py:3954} INFO - Setting next_dagrun for example_setup_teardown_taskflow to 2025-10-02 00:00:00+00:00, run_after=2025-10-03 00:00:00+00:00
[2025-10-03T00:10:39.867+0000] {processor.py:183} INFO - Processing /home/airflow/.local/lib/python3.12/site-packages/airflow/example_dags/example_setup_teardown_taskflow.py took 0.219 seconds
[2025-10-03T00:11:10.304+0000] {processor.py:161} INFO - Started process (PID=15573) to work on /home/airflow/.local/lib/python3.12/site-packages/airflow/example_dags/example_setup_teardown_taskflow.py
[2025-10-03T00:11:10.308+0000] {processor.py:830} INFO - Processing file /home/airflow/.local/lib/python3.12/site-packages/airflow/example_dags/example_setup_teardown_taskflow.py for tasks to queue
[2025-10-03T00:11:10.311+0000] {logging_mixin.py:188} INFO - [2025-10-03T00:11:10.310+0000] {dagbag.py:545} INFO - Filling up the DagBag from /home/airflow/.local/lib/python3.12/site-packages/airflow/example_dags/example_setup_teardown_taskflow.py
[2025-10-03T00:11:10.353+0000] {processor.py:840} INFO - DAG(s) 'example_setup_teardown_taskflow' retrieved from /home/airflow/.local/lib/python3.12/site-packages/airflow/example_dags/example_setup_teardown_taskflow.py
[2025-10-03T00:11:10.452+0000] {logging_mixin.py:188} INFO - [2025-10-03T00:11:10.451+0000] {dag.py:3096} INFO - Sync 1 DAGs
[2025-10-03T00:11:10.534+0000] {logging_mixin.py:188} INFO - [2025-10-03T00:11:10.534+0000] {dag.py:3954} INFO - Setting next_dagrun for example_setup_teardown_taskflow to 2025-10-02 00:00:00+00:00, run_after=2025-10-03 00:00:00+00:00
[2025-10-03T00:11:10.599+0000] {processor.py:183} INFO - Processing /home/airflow/.local/lib/python3.12/site-packages/airflow/example_dags/example_setup_teardown_taskflow.py took 0.334 seconds
[2025-10-03T00:11:40.992+0000] {processor.py:161} INFO - Started process (PID=15626) to work on /home/airflow/.local/lib/python3.12/site-packages/airflow/example_dags/example_setup_teardown_taskflow.py
[2025-10-03T00:11:40.995+0000] {processor.py:830} INFO - Processing file /home/airflow/.local/lib/python3.12/site-packages/airflow/example_dags/example_setup_teardown_taskflow.py for tasks to queue
[2025-10-03T00:11:40.999+0000] {logging_mixin.py:188} INFO - [2025-10-03T00:11:40.997+0000] {dagbag.py:545} INFO - Filling up the DagBag from /home/airflow/.local/lib/python3.12/site-packages/airflow/example_dags/example_setup_teardown_taskflow.py
[2025-10-03T00:11:41.036+0000] {processor.py:840} INFO - DAG(s) 'example_setup_teardown_taskflow' retrieved from /home/airflow/.local/lib/python3.12/site-packages/airflow/example_dags/example_setup_teardown_taskflow.py
[2025-10-03T00:11:41.121+0000] {logging_mixin.py:188} INFO - [2025-10-03T00:11:41.120+0000] {dag.py:3096} INFO - Sync 1 DAGs
[2025-10-03T00:11:41.185+0000] {logging_mixin.py:188} INFO - [2025-10-03T00:11:41.184+0000] {dag.py:3954} INFO - Setting next_dagrun for example_setup_teardown_taskflow to 2025-10-02 00:00:00+00:00, run_after=2025-10-03 00:00:00+00:00
[2025-10-03T00:11:41.238+0000] {processor.py:183} INFO - Processing /home/airflow/.local/lib/python3.12/site-packages/airflow/example_dags/example_setup_teardown_taskflow.py took 0.268 seconds
[2025-10-03T00:12:11.493+0000] {processor.py:161} INFO - Started process (PID=15680) to work on /home/airflow/.local/lib/python3.12/site-packages/airflow/example_dags/example_setup_teardown_taskflow.py
[2025-10-03T00:12:11.500+0000] {processor.py:830} INFO - Processing file /home/airflow/.local/lib/python3.12/site-packages/airflow/example_dags/example_setup_teardown_taskflow.py for tasks to queue
[2025-10-03T00:12:11.514+0000] {logging_mixin.py:188} INFO - [2025-10-03T00:12:11.513+0000] {dagbag.py:545} INFO - Filling up the DagBag from /home/airflow/.local/lib/python3.12/site-packages/airflow/example_dags/example_setup_teardown_taskflow.py
[2025-10-03T00:12:11.603+0000] {processor.py:840} INFO - DAG(s) 'example_setup_teardown_taskflow' retrieved from /home/airflow/.local/lib/python3.12/site-packages/airflow/example_dags/example_setup_teardown_taskflow.py
[2025-10-03T00:12:11.731+0000] {logging_mixin.py:188} INFO - [2025-10-03T00:12:11.730+0000] {dag.py:3096} INFO - Sync 1 DAGs
[2025-10-03T00:12:11.908+0000] {logging_mixin.py:188} INFO - [2025-10-03T00:12:11.906+0000] {dag.py:3954} INFO - Setting next_dagrun for example_setup_teardown_taskflow to 2025-10-02 00:00:00+00:00, run_after=2025-10-03 00:00:00+00:00
[2025-10-03T00:12:12.039+0000] {processor.py:183} INFO - Processing /home/airflow/.local/lib/python3.12/site-packages/airflow/example_dags/example_setup_teardown_taskflow.py took 0.593 seconds
[2025-10-03T00:12:42.224+0000] {processor.py:161} INFO - Started process (PID=15733) to work on /home/airflow/.local/lib/python3.12/site-packages/airflow/example_dags/example_setup_teardown_taskflow.py
[2025-10-03T00:12:42.227+0000] {processor.py:830} INFO - Processing file /home/airflow/.local/lib/python3.12/site-packages/airflow/example_dags/example_setup_teardown_taskflow.py for tasks to queue
[2025-10-03T00:12:42.235+0000] {logging_mixin.py:188} INFO - [2025-10-03T00:12:42.234+0000] {dagbag.py:545} INFO - Filling up the DagBag from /home/airflow/.local/lib/python3.12/site-packages/airflow/example_dags/example_setup_teardown_taskflow.py
[2025-10-03T00:12:42.281+0000] {processor.py:840} INFO - DAG(s) 'example_setup_teardown_taskflow' retrieved from /home/airflow/.local/lib/python3.12/site-packages/airflow/example_dags/example_setup_teardown_taskflow.py
[2025-10-03T00:12:42.398+0000] {logging_mixin.py:188} INFO - [2025-10-03T00:12:42.397+0000] {dag.py:3096} INFO - Sync 1 DAGs
[2025-10-03T00:12:42.512+0000] {logging_mixin.py:188} INFO - [2025-10-03T00:12:42.512+0000] {dag.py:3954} INFO - Setting next_dagrun for example_setup_teardown_taskflow to 2025-10-02 00:00:00+00:00, run_after=2025-10-03 00:00:00+00:00
[2025-10-03T00:12:42.591+0000] {processor.py:183} INFO - Processing /home/airflow/.local/lib/python3.12/site-packages/airflow/example_dags/example_setup_teardown_taskflow.py took 0.409 seconds
[2025-10-03T00:13:12.792+0000] {processor.py:161} INFO - Started process (PID=15786) to work on /home/airflow/.local/lib/python3.12/site-packages/airflow/example_dags/example_setup_teardown_taskflow.py
[2025-10-03T00:13:12.795+0000] {processor.py:830} INFO - Processing file /home/airflow/.local/lib/python3.12/site-packages/airflow/example_dags/example_setup_teardown_taskflow.py for tasks to queue
[2025-10-03T00:13:12.798+0000] {logging_mixin.py:188} INFO - [2025-10-03T00:13:12.797+0000] {dagbag.py:545} INFO - Filling up the DagBag from /home/airflow/.local/lib/python3.12/site-packages/airflow/example_dags/example_setup_teardown_taskflow.py
[2025-10-03T00:13:12.831+0000] {processor.py:840} INFO - DAG(s) 'example_setup_teardown_taskflow' retrieved from /home/airflow/.local/lib/python3.12/site-packages/airflow/example_dags/example_setup_teardown_taskflow.py
[2025-10-03T00:13:12.899+0000] {logging_mixin.py:188} INFO - [2025-10-03T00:13:12.899+0000] {dag.py:3096} INFO - Sync 1 DAGs
[2025-10-03T00:13:12.957+0000] {logging_mixin.py:188} INFO - [2025-10-03T00:13:12.957+0000] {dag.py:3954} INFO - Setting next_dagrun for example_setup_teardown_taskflow to 2025-10-02 00:00:00+00:00, run_after=2025-10-03 00:00:00+00:00
[2025-10-03T00:13:13.022+0000] {processor.py:183} INFO - Processing /home/airflow/.local/lib/python3.12/site-packages/airflow/example_dags/example_setup_teardown_taskflow.py took 0.247 seconds
[2025-10-03T00:13:43.682+0000] {processor.py:161} INFO - Started process (PID=15839) to work on /home/airflow/.local/lib/python3.12/site-packages/airflow/example_dags/example_setup_teardown_taskflow.py
[2025-10-03T00:13:43.685+0000] {processor.py:830} INFO - Processing file /home/airflow/.local/lib/python3.12/site-packages/airflow/example_dags/example_setup_teardown_taskflow.py for tasks to queue
[2025-10-03T00:13:43.687+0000] {logging_mixin.py:188} INFO - [2025-10-03T00:13:43.686+0000] {dagbag.py:545} INFO - Filling up the DagBag from /home/airflow/.local/lib/python3.12/site-packages/airflow/example_dags/example_setup_teardown_taskflow.py
[2025-10-03T00:13:43.722+0000] {processor.py:840} INFO - DAG(s) 'example_setup_teardown_taskflow' retrieved from /home/airflow/.local/lib/python3.12/site-packages/airflow/example_dags/example_setup_teardown_taskflow.py
[2025-10-03T00:13:43.785+0000] {logging_mixin.py:188} INFO - [2025-10-03T00:13:43.784+0000] {dag.py:3096} INFO - Sync 1 DAGs
[2025-10-03T00:13:43.835+0000] {logging_mixin.py:188} INFO - [2025-10-03T00:13:43.834+0000] {dag.py:3954} INFO - Setting next_dagrun for example_setup_teardown_taskflow to 2025-10-02 00:00:00+00:00, run_after=2025-10-03 00:00:00+00:00
[2025-10-03T00:13:43.879+0000] {processor.py:183} INFO - Processing /home/airflow/.local/lib/python3.12/site-packages/airflow/example_dags/example_setup_teardown_taskflow.py took 0.217 seconds
[2025-10-03T00:14:14.639+0000] {processor.py:161} INFO - Started process (PID=15892) to work on /home/airflow/.local/lib/python3.12/site-packages/airflow/example_dags/example_setup_teardown_taskflow.py
[2025-10-03T00:14:14.642+0000] {processor.py:830} INFO - Processing file /home/airflow/.local/lib/python3.12/site-packages/airflow/example_dags/example_setup_teardown_taskflow.py for tasks to queue
[2025-10-03T00:14:14.649+0000] {logging_mixin.py:188} INFO - [2025-10-03T00:14:14.645+0000] {dagbag.py:545} INFO - Filling up the DagBag from /home/airflow/.local/lib/python3.12/site-packages/airflow/example_dags/example_setup_teardown_taskflow.py
[2025-10-03T00:14:14.686+0000] {processor.py:840} INFO - DAG(s) 'example_setup_teardown_taskflow' retrieved from /home/airflow/.local/lib/python3.12/site-packages/airflow/example_dags/example_setup_teardown_taskflow.py
[2025-10-03T00:14:14.748+0000] {logging_mixin.py:188} INFO - [2025-10-03T00:14:14.746+0000] {dag.py:3096} INFO - Sync 1 DAGs
[2025-10-03T00:14:14.808+0000] {logging_mixin.py:188} INFO - [2025-10-03T00:14:14.807+0000] {dag.py:3954} INFO - Setting next_dagrun for example_setup_teardown_taskflow to 2025-10-02 00:00:00+00:00, run_after=2025-10-03 00:00:00+00:00
[2025-10-03T00:14:14.856+0000] {processor.py:183} INFO - Processing /home/airflow/.local/lib/python3.12/site-packages/airflow/example_dags/example_setup_teardown_taskflow.py took 0.243 seconds
[2025-10-03T00:14:45.043+0000] {processor.py:161} INFO - Started process (PID=15945) to work on /home/airflow/.local/lib/python3.12/site-packages/airflow/example_dags/example_setup_teardown_taskflow.py
[2025-10-03T00:14:45.046+0000] {processor.py:830} INFO - Processing file /home/airflow/.local/lib/python3.12/site-packages/airflow/example_dags/example_setup_teardown_taskflow.py for tasks to queue
[2025-10-03T00:14:45.048+0000] {logging_mixin.py:188} INFO - [2025-10-03T00:14:45.048+0000] {dagbag.py:545} INFO - Filling up the DagBag from /home/airflow/.local/lib/python3.12/site-packages/airflow/example_dags/example_setup_teardown_taskflow.py
[2025-10-03T00:14:45.081+0000] {processor.py:840} INFO - DAG(s) 'example_setup_teardown_taskflow' retrieved from /home/airflow/.local/lib/python3.12/site-packages/airflow/example_dags/example_setup_teardown_taskflow.py
[2025-10-03T00:14:45.147+0000] {logging_mixin.py:188} INFO - [2025-10-03T00:14:45.147+0000] {dag.py:3096} INFO - Sync 1 DAGs
[2025-10-03T00:14:45.201+0000] {logging_mixin.py:188} INFO - [2025-10-03T00:14:45.200+0000] {dag.py:3954} INFO - Setting next_dagrun for example_setup_teardown_taskflow to 2025-10-02 00:00:00+00:00, run_after=2025-10-03 00:00:00+00:00
[2025-10-03T00:14:45.247+0000] {processor.py:183} INFO - Processing /home/airflow/.local/lib/python3.12/site-packages/airflow/example_dags/example_setup_teardown_taskflow.py took 0.222 seconds
[2025-10-03T00:15:15.423+0000] {processor.py:161} INFO - Started process (PID=15998) to work on /home/airflow/.local/lib/python3.12/site-packages/airflow/example_dags/example_setup_teardown_taskflow.py
[2025-10-03T00:15:15.425+0000] {processor.py:830} INFO - Processing file /home/airflow/.local/lib/python3.12/site-packages/airflow/example_dags/example_setup_teardown_taskflow.py for tasks to queue
[2025-10-03T00:15:15.428+0000] {logging_mixin.py:188} INFO - [2025-10-03T00:15:15.427+0000] {dagbag.py:545} INFO - Filling up the DagBag from /home/airflow/.local/lib/python3.12/site-packages/airflow/example_dags/example_setup_teardown_taskflow.py
[2025-10-03T00:15:15.451+0000] {processor.py:840} INFO - DAG(s) 'example_setup_teardown_taskflow' retrieved from /home/airflow/.local/lib/python3.12/site-packages/airflow/example_dags/example_setup_teardown_taskflow.py
[2025-10-03T00:15:15.500+0000] {logging_mixin.py:188} INFO - [2025-10-03T00:15:15.500+0000] {dag.py:3096} INFO - Sync 1 DAGs
[2025-10-03T00:15:15.552+0000] {logging_mixin.py:188} INFO - [2025-10-03T00:15:15.551+0000] {dag.py:3954} INFO - Setting next_dagrun for example_setup_teardown_taskflow to 2025-10-02 00:00:00+00:00, run_after=2025-10-03 00:00:00+00:00
[2025-10-03T00:15:15.595+0000] {processor.py:183} INFO - Processing /home/airflow/.local/lib/python3.12/site-packages/airflow/example_dags/example_setup_teardown_taskflow.py took 0.186 seconds
[2025-10-03T00:15:46.404+0000] {processor.py:161} INFO - Started process (PID=16051) to work on /home/airflow/.local/lib/python3.12/site-packages/airflow/example_dags/example_setup_teardown_taskflow.py
[2025-10-03T00:15:46.410+0000] {processor.py:830} INFO - Processing file /home/airflow/.local/lib/python3.12/site-packages/airflow/example_dags/example_setup_teardown_taskflow.py for tasks to queue
[2025-10-03T00:15:46.415+0000] {logging_mixin.py:188} INFO - [2025-10-03T00:15:46.413+0000] {dagbag.py:545} INFO - Filling up the DagBag from /home/airflow/.local/lib/python3.12/site-packages/airflow/example_dags/example_setup_teardown_taskflow.py
[2025-10-03T00:15:46.460+0000] {processor.py:840} INFO - DAG(s) 'example_setup_teardown_taskflow' retrieved from /home/airflow/.local/lib/python3.12/site-packages/airflow/example_dags/example_setup_teardown_taskflow.py
[2025-10-03T00:15:46.536+0000] {logging_mixin.py:188} INFO - [2025-10-03T00:15:46.535+0000] {dag.py:3096} INFO - Sync 1 DAGs
[2025-10-03T00:15:46.628+0000] {logging_mixin.py:188} INFO - [2025-10-03T00:15:46.627+0000] {dag.py:3954} INFO - Setting next_dagrun for example_setup_teardown_taskflow to 2025-10-02 00:00:00+00:00, run_after=2025-10-03 00:00:00+00:00
[2025-10-03T00:15:46.698+0000] {processor.py:183} INFO - Processing /home/airflow/.local/lib/python3.12/site-packages/airflow/example_dags/example_setup_teardown_taskflow.py took 0.335 seconds
[2025-10-03T00:16:16.830+0000] {processor.py:161} INFO - Started process (PID=16103) to work on /home/airflow/.local/lib/python3.12/site-packages/airflow/example_dags/example_setup_teardown_taskflow.py
[2025-10-03T00:16:16.833+0000] {processor.py:830} INFO - Processing file /home/airflow/.local/lib/python3.12/site-packages/airflow/example_dags/example_setup_teardown_taskflow.py for tasks to queue
[2025-10-03T00:16:16.837+0000] {logging_mixin.py:188} INFO - [2025-10-03T00:16:16.835+0000] {dagbag.py:545} INFO - Filling up the DagBag from /home/airflow/.local/lib/python3.12/site-packages/airflow/example_dags/example_setup_teardown_taskflow.py
[2025-10-03T00:16:16.887+0000] {processor.py:840} INFO - DAG(s) 'example_setup_teardown_taskflow' retrieved from /home/airflow/.local/lib/python3.12/site-packages/airflow/example_dags/example_setup_teardown_taskflow.py
[2025-10-03T00:16:16.998+0000] {logging_mixin.py:188} INFO - [2025-10-03T00:16:16.998+0000] {dag.py:3096} INFO - Sync 1 DAGs
[2025-10-03T00:16:17.043+0000] {logging_mixin.py:188} INFO - [2025-10-03T00:16:17.043+0000] {dag.py:3954} INFO - Setting next_dagrun for example_setup_teardown_taskflow to 2025-10-02 00:00:00+00:00, run_after=2025-10-03 00:00:00+00:00
[2025-10-03T00:16:17.080+0000] {processor.py:183} INFO - Processing /home/airflow/.local/lib/python3.12/site-packages/airflow/example_dags/example_setup_teardown_taskflow.py took 0.275 seconds
[2025-10-03T00:16:47.228+0000] {processor.py:161} INFO - Started process (PID=16154) to work on /home/airflow/.local/lib/python3.12/site-packages/airflow/example_dags/example_setup_teardown_taskflow.py
[2025-10-03T00:16:47.231+0000] {processor.py:830} INFO - Processing file /home/airflow/.local/lib/python3.12/site-packages/airflow/example_dags/example_setup_teardown_taskflow.py for tasks to queue
[2025-10-03T00:16:47.233+0000] {logging_mixin.py:188} INFO - [2025-10-03T00:16:47.232+0000] {dagbag.py:545} INFO - Filling up the DagBag from /home/airflow/.local/lib/python3.12/site-packages/airflow/example_dags/example_setup_teardown_taskflow.py
[2025-10-03T00:16:47.258+0000] {processor.py:840} INFO - DAG(s) 'example_setup_teardown_taskflow' retrieved from /home/airflow/.local/lib/python3.12/site-packages/airflow/example_dags/example_setup_teardown_taskflow.py
[2025-10-03T00:16:47.314+0000] {logging_mixin.py:188} INFO - [2025-10-03T00:16:47.314+0000] {dag.py:3096} INFO - Sync 1 DAGs
[2025-10-03T00:16:47.371+0000] {logging_mixin.py:188} INFO - [2025-10-03T00:16:47.371+0000] {dag.py:3954} INFO - Setting next_dagrun for example_setup_teardown_taskflow to 2025-10-02 00:00:00+00:00, run_after=2025-10-03 00:00:00+00:00
[2025-10-03T00:16:47.410+0000] {processor.py:183} INFO - Processing /home/airflow/.local/lib/python3.12/site-packages/airflow/example_dags/example_setup_teardown_taskflow.py took 0.197 seconds
[2025-10-03T00:17:18.244+0000] {processor.py:161} INFO - Started process (PID=16208) to work on /home/airflow/.local/lib/python3.12/site-packages/airflow/example_dags/example_setup_teardown_taskflow.py
[2025-10-03T00:17:18.246+0000] {processor.py:830} INFO - Processing file /home/airflow/.local/lib/python3.12/site-packages/airflow/example_dags/example_setup_teardown_taskflow.py for tasks to queue
[2025-10-03T00:17:18.249+0000] {logging_mixin.py:188} INFO - [2025-10-03T00:17:18.248+0000] {dagbag.py:545} INFO - Filling up the DagBag from /home/airflow/.local/lib/python3.12/site-packages/airflow/example_dags/example_setup_teardown_taskflow.py
[2025-10-03T00:17:18.288+0000] {processor.py:840} INFO - DAG(s) 'example_setup_teardown_taskflow' retrieved from /home/airflow/.local/lib/python3.12/site-packages/airflow/example_dags/example_setup_teardown_taskflow.py
[2025-10-03T00:17:18.338+0000] {logging_mixin.py:188} INFO - [2025-10-03T00:17:18.337+0000] {dag.py:3096} INFO - Sync 1 DAGs
[2025-10-03T00:17:18.385+0000] {logging_mixin.py:188} INFO - [2025-10-03T00:17:18.384+0000] {dag.py:3954} INFO - Setting next_dagrun for example_setup_teardown_taskflow to 2025-10-02 00:00:00+00:00, run_after=2025-10-03 00:00:00+00:00
[2025-10-03T00:17:18.428+0000] {processor.py:183} INFO - Processing /home/airflow/.local/lib/python3.12/site-packages/airflow/example_dags/example_setup_teardown_taskflow.py took 0.199 seconds
[2025-10-03T00:17:48.726+0000] {processor.py:161} INFO - Started process (PID=16261) to work on /home/airflow/.local/lib/python3.12/site-packages/airflow/example_dags/example_setup_teardown_taskflow.py
[2025-10-03T00:17:48.728+0000] {processor.py:830} INFO - Processing file /home/airflow/.local/lib/python3.12/site-packages/airflow/example_dags/example_setup_teardown_taskflow.py for tasks to queue
[2025-10-03T00:17:48.731+0000] {logging_mixin.py:188} INFO - [2025-10-03T00:17:48.730+0000] {dagbag.py:545} INFO - Filling up the DagBag from /home/airflow/.local/lib/python3.12/site-packages/airflow/example_dags/example_setup_teardown_taskflow.py
[2025-10-03T00:17:48.767+0000] {processor.py:840} INFO - DAG(s) 'example_setup_teardown_taskflow' retrieved from /home/airflow/.local/lib/python3.12/site-packages/airflow/example_dags/example_setup_teardown_taskflow.py
[2025-10-03T00:17:48.846+0000] {logging_mixin.py:188} INFO - [2025-10-03T00:17:48.846+0000] {dag.py:3096} INFO - Sync 1 DAGs
[2025-10-03T00:17:48.896+0000] {logging_mixin.py:188} INFO - [2025-10-03T00:17:48.896+0000] {dag.py:3954} INFO - Setting next_dagrun for example_setup_teardown_taskflow to 2025-10-02 00:00:00+00:00, run_after=2025-10-03 00:00:00+00:00
[2025-10-03T00:17:48.939+0000] {processor.py:183} INFO - Processing /home/airflow/.local/lib/python3.12/site-packages/airflow/example_dags/example_setup_teardown_taskflow.py took 0.228 seconds
[2025-10-03T00:18:19.733+0000] {processor.py:161} INFO - Started process (PID=16314) to work on /home/airflow/.local/lib/python3.12/site-packages/airflow/example_dags/example_setup_teardown_taskflow.py
[2025-10-03T00:18:19.736+0000] {processor.py:830} INFO - Processing file /home/airflow/.local/lib/python3.12/site-packages/airflow/example_dags/example_setup_teardown_taskflow.py for tasks to queue
[2025-10-03T00:18:19.738+0000] {logging_mixin.py:188} INFO - [2025-10-03T00:18:19.737+0000] {dagbag.py:545} INFO - Filling up the DagBag from /home/airflow/.local/lib/python3.12/site-packages/airflow/example_dags/example_setup_teardown_taskflow.py
[2025-10-03T00:18:19.765+0000] {processor.py:840} INFO - DAG(s) 'example_setup_teardown_taskflow' retrieved from /home/airflow/.local/lib/python3.12/site-packages/airflow/example_dags/example_setup_teardown_taskflow.py
[2025-10-03T00:18:19.820+0000] {logging_mixin.py:188} INFO - [2025-10-03T00:18:19.819+0000] {dag.py:3096} INFO - Sync 1 DAGs
[2025-10-03T00:18:19.874+0000] {logging_mixin.py:188} INFO - [2025-10-03T00:18:19.873+0000] {dag.py:3954} INFO - Setting next_dagrun for example_setup_teardown_taskflow to 2025-10-02 00:00:00+00:00, run_after=2025-10-03 00:00:00+00:00
[2025-10-03T00:18:19.923+0000] {processor.py:183} INFO - Processing /home/airflow/.local/lib/python3.12/site-packages/airflow/example_dags/example_setup_teardown_taskflow.py took 0.205 seconds
