[2025-10-03T00:00:19.550+0000] {processor.py:161} INFO - Started process (PID=14449) to work on /home/airflow/.local/lib/python3.12/site-packages/airflow/example_dags/example_short_circuit_decorator.py
[2025-10-03T00:00:19.553+0000] {processor.py:830} INFO - Processing file /home/airflow/.local/lib/python3.12/site-packages/airflow/example_dags/example_short_circuit_decorator.py for tasks to queue
[2025-10-03T00:00:19.555+0000] {logging_mixin.py:188} INFO - [2025-10-03T00:00:19.554+0000] {dagbag.py:545} INFO - Filling up the DagBag from /home/airflow/.local/lib/python3.12/site-packages/airflow/example_dags/example_short_circuit_decorator.py
[2025-10-03T00:00:19.585+0000] {processor.py:840} INFO - DAG(s) 'example_short_circuit_decorator' retrieved from /home/airflow/.local/lib/python3.12/site-packages/airflow/example_dags/example_short_circuit_decorator.py
[2025-10-03T00:00:19.644+0000] {logging_mixin.py:188} INFO - [2025-10-03T00:00:19.643+0000] {dag.py:3096} INFO - Sync 1 DAGs
[2025-10-03T00:00:19.704+0000] {logging_mixin.py:188} INFO - [2025-10-03T00:00:19.704+0000] {dag.py:3954} INFO - Setting next_dagrun for example_short_circuit_decorator to 2025-10-02 00:00:00+00:00, run_after=2025-10-03 00:00:00+00:00
[2025-10-03T00:00:19.749+0000] {processor.py:183} INFO - Processing /home/airflow/.local/lib/python3.12/site-packages/airflow/example_dags/example_short_circuit_decorator.py took 0.213 seconds
[2025-10-03T00:00:50.112+0000] {processor.py:161} INFO - Started process (PID=14501) to work on /home/airflow/.local/lib/python3.12/site-packages/airflow/example_dags/example_short_circuit_decorator.py
[2025-10-03T00:00:50.115+0000] {processor.py:830} INFO - Processing file /home/airflow/.local/lib/python3.12/site-packages/airflow/example_dags/example_short_circuit_decorator.py for tasks to queue
[2025-10-03T00:00:50.119+0000] {logging_mixin.py:188} INFO - [2025-10-03T00:00:50.118+0000] {dagbag.py:545} INFO - Filling up the DagBag from /home/airflow/.local/lib/python3.12/site-packages/airflow/example_dags/example_short_circuit_decorator.py
[2025-10-03T00:00:50.146+0000] {processor.py:840} INFO - DAG(s) 'example_short_circuit_decorator' retrieved from /home/airflow/.local/lib/python3.12/site-packages/airflow/example_dags/example_short_circuit_decorator.py
[2025-10-03T00:00:50.212+0000] {logging_mixin.py:188} INFO - [2025-10-03T00:00:50.211+0000] {dag.py:3096} INFO - Sync 1 DAGs
[2025-10-03T00:00:50.268+0000] {logging_mixin.py:188} INFO - [2025-10-03T00:00:50.268+0000] {dag.py:3954} INFO - Setting next_dagrun for example_short_circuit_decorator to 2025-10-02 00:00:00+00:00, run_after=2025-10-03 00:00:00+00:00
[2025-10-03T00:00:50.324+0000] {processor.py:183} INFO - Processing /home/airflow/.local/lib/python3.12/site-packages/airflow/example_dags/example_short_circuit_decorator.py took 0.229 seconds
[2025-10-03T00:01:21.069+0000] {processor.py:161} INFO - Started process (PID=14554) to work on /home/airflow/.local/lib/python3.12/site-packages/airflow/example_dags/example_short_circuit_decorator.py
[2025-10-03T00:01:21.071+0000] {processor.py:830} INFO - Processing file /home/airflow/.local/lib/python3.12/site-packages/airflow/example_dags/example_short_circuit_decorator.py for tasks to queue
[2025-10-03T00:01:21.074+0000] {logging_mixin.py:188} INFO - [2025-10-03T00:01:21.073+0000] {dagbag.py:545} INFO - Filling up the DagBag from /home/airflow/.local/lib/python3.12/site-packages/airflow/example_dags/example_short_circuit_decorator.py
[2025-10-03T00:01:21.098+0000] {processor.py:840} INFO - DAG(s) 'example_short_circuit_decorator' retrieved from /home/airflow/.local/lib/python3.12/site-packages/airflow/example_dags/example_short_circuit_decorator.py
[2025-10-03T00:01:21.158+0000] {logging_mixin.py:188} INFO - [2025-10-03T00:01:21.158+0000] {dag.py:3096} INFO - Sync 1 DAGs
[2025-10-03T00:01:21.225+0000] {logging_mixin.py:188} INFO - [2025-10-03T00:01:21.224+0000] {dag.py:3954} INFO - Setting next_dagrun for example_short_circuit_decorator to 2025-10-02 00:00:00+00:00, run_after=2025-10-03 00:00:00+00:00
[2025-10-03T00:01:21.301+0000] {processor.py:183} INFO - Processing /home/airflow/.local/lib/python3.12/site-packages/airflow/example_dags/example_short_circuit_decorator.py took 0.245 seconds
[2025-10-03T00:01:51.766+0000] {processor.py:161} INFO - Started process (PID=14606) to work on /home/airflow/.local/lib/python3.12/site-packages/airflow/example_dags/example_short_circuit_decorator.py
[2025-10-03T00:01:51.770+0000] {processor.py:830} INFO - Processing file /home/airflow/.local/lib/python3.12/site-packages/airflow/example_dags/example_short_circuit_decorator.py for tasks to queue
[2025-10-03T00:01:51.784+0000] {logging_mixin.py:188} INFO - [2025-10-03T00:01:51.781+0000] {dagbag.py:545} INFO - Filling up the DagBag from /home/airflow/.local/lib/python3.12/site-packages/airflow/example_dags/example_short_circuit_decorator.py
[2025-10-03T00:01:51.861+0000] {processor.py:840} INFO - DAG(s) 'example_short_circuit_decorator' retrieved from /home/airflow/.local/lib/python3.12/site-packages/airflow/example_dags/example_short_circuit_decorator.py
[2025-10-03T00:01:51.939+0000] {logging_mixin.py:188} INFO - [2025-10-03T00:01:51.939+0000] {dag.py:3096} INFO - Sync 1 DAGs
[2025-10-03T00:01:51.998+0000] {logging_mixin.py:188} INFO - [2025-10-03T00:01:51.998+0000] {dag.py:3954} INFO - Setting next_dagrun for example_short_circuit_decorator to 2025-10-02 00:00:00+00:00, run_after=2025-10-03 00:00:00+00:00
[2025-10-03T00:01:52.051+0000] {processor.py:183} INFO - Processing /home/airflow/.local/lib/python3.12/site-packages/airflow/example_dags/example_short_circuit_decorator.py took 0.327 seconds
[2025-10-03T00:02:22.251+0000] {processor.py:161} INFO - Started process (PID=14660) to work on /home/airflow/.local/lib/python3.12/site-packages/airflow/example_dags/example_short_circuit_decorator.py
[2025-10-03T00:02:22.253+0000] {processor.py:830} INFO - Processing file /home/airflow/.local/lib/python3.12/site-packages/airflow/example_dags/example_short_circuit_decorator.py for tasks to queue
[2025-10-03T00:02:22.256+0000] {logging_mixin.py:188} INFO - [2025-10-03T00:02:22.255+0000] {dagbag.py:545} INFO - Filling up the DagBag from /home/airflow/.local/lib/python3.12/site-packages/airflow/example_dags/example_short_circuit_decorator.py
[2025-10-03T00:02:22.277+0000] {processor.py:840} INFO - DAG(s) 'example_short_circuit_decorator' retrieved from /home/airflow/.local/lib/python3.12/site-packages/airflow/example_dags/example_short_circuit_decorator.py
[2025-10-03T00:02:22.329+0000] {logging_mixin.py:188} INFO - [2025-10-03T00:02:22.329+0000] {dag.py:3096} INFO - Sync 1 DAGs
[2025-10-03T00:02:22.378+0000] {logging_mixin.py:188} INFO - [2025-10-03T00:02:22.377+0000] {dag.py:3954} INFO - Setting next_dagrun for example_short_circuit_decorator to 2025-10-02 00:00:00+00:00, run_after=2025-10-03 00:00:00+00:00
[2025-10-03T00:02:22.421+0000] {processor.py:183} INFO - Processing /home/airflow/.local/lib/python3.12/site-packages/airflow/example_dags/example_short_circuit_decorator.py took 0.183 seconds
[2025-10-03T00:02:53.162+0000] {processor.py:161} INFO - Started process (PID=14713) to work on /home/airflow/.local/lib/python3.12/site-packages/airflow/example_dags/example_short_circuit_decorator.py
[2025-10-03T00:02:53.164+0000] {processor.py:830} INFO - Processing file /home/airflow/.local/lib/python3.12/site-packages/airflow/example_dags/example_short_circuit_decorator.py for tasks to queue
[2025-10-03T00:02:53.168+0000] {logging_mixin.py:188} INFO - [2025-10-03T00:02:53.166+0000] {dagbag.py:545} INFO - Filling up the DagBag from /home/airflow/.local/lib/python3.12/site-packages/airflow/example_dags/example_short_circuit_decorator.py
[2025-10-03T00:02:53.193+0000] {processor.py:840} INFO - DAG(s) 'example_short_circuit_decorator' retrieved from /home/airflow/.local/lib/python3.12/site-packages/airflow/example_dags/example_short_circuit_decorator.py
[2025-10-03T00:02:53.274+0000] {logging_mixin.py:188} INFO - [2025-10-03T00:02:53.273+0000] {dag.py:3096} INFO - Sync 1 DAGs
[2025-10-03T00:02:53.329+0000] {logging_mixin.py:188} INFO - [2025-10-03T00:02:53.329+0000] {dag.py:3954} INFO - Setting next_dagrun for example_short_circuit_decorator to 2025-10-02 00:00:00+00:00, run_after=2025-10-03 00:00:00+00:00
[2025-10-03T00:02:53.379+0000] {processor.py:183} INFO - Processing /home/airflow/.local/lib/python3.12/site-packages/airflow/example_dags/example_short_circuit_decorator.py took 0.233 seconds
[2025-10-03T00:03:24.222+0000] {processor.py:161} INFO - Started process (PID=14766) to work on /home/airflow/.local/lib/python3.12/site-packages/airflow/example_dags/example_short_circuit_decorator.py
[2025-10-03T00:03:24.224+0000] {processor.py:830} INFO - Processing file /home/airflow/.local/lib/python3.12/site-packages/airflow/example_dags/example_short_circuit_decorator.py for tasks to queue
[2025-10-03T00:03:24.227+0000] {logging_mixin.py:188} INFO - [2025-10-03T00:03:24.226+0000] {dagbag.py:545} INFO - Filling up the DagBag from /home/airflow/.local/lib/python3.12/site-packages/airflow/example_dags/example_short_circuit_decorator.py
[2025-10-03T00:03:24.252+0000] {processor.py:840} INFO - DAG(s) 'example_short_circuit_decorator' retrieved from /home/airflow/.local/lib/python3.12/site-packages/airflow/example_dags/example_short_circuit_decorator.py
[2025-10-03T00:03:24.303+0000] {logging_mixin.py:188} INFO - [2025-10-03T00:03:24.302+0000] {dag.py:3096} INFO - Sync 1 DAGs
[2025-10-03T00:03:24.350+0000] {logging_mixin.py:188} INFO - [2025-10-03T00:03:24.349+0000] {dag.py:3954} INFO - Setting next_dagrun for example_short_circuit_decorator to 2025-10-02 00:00:00+00:00, run_after=2025-10-03 00:00:00+00:00
[2025-10-03T00:03:24.389+0000] {processor.py:183} INFO - Processing /home/airflow/.local/lib/python3.12/site-packages/airflow/example_dags/example_short_circuit_decorator.py took 0.186 seconds
[2025-10-03T00:03:54.879+0000] {processor.py:161} INFO - Started process (PID=14819) to work on /home/airflow/.local/lib/python3.12/site-packages/airflow/example_dags/example_short_circuit_decorator.py
[2025-10-03T00:03:54.882+0000] {processor.py:830} INFO - Processing file /home/airflow/.local/lib/python3.12/site-packages/airflow/example_dags/example_short_circuit_decorator.py for tasks to queue
[2025-10-03T00:03:54.886+0000] {logging_mixin.py:188} INFO - [2025-10-03T00:03:54.885+0000] {dagbag.py:545} INFO - Filling up the DagBag from /home/airflow/.local/lib/python3.12/site-packages/airflow/example_dags/example_short_circuit_decorator.py
[2025-10-03T00:03:54.923+0000] {processor.py:840} INFO - DAG(s) 'example_short_circuit_decorator' retrieved from /home/airflow/.local/lib/python3.12/site-packages/airflow/example_dags/example_short_circuit_decorator.py
[2025-10-03T00:03:54.987+0000] {logging_mixin.py:188} INFO - [2025-10-03T00:03:54.987+0000] {dag.py:3096} INFO - Sync 1 DAGs
[2025-10-03T00:03:55.045+0000] {logging_mixin.py:188} INFO - [2025-10-03T00:03:55.044+0000] {dag.py:3954} INFO - Setting next_dagrun for example_short_circuit_decorator to 2025-10-02 00:00:00+00:00, run_after=2025-10-03 00:00:00+00:00
[2025-10-03T00:03:55.098+0000] {processor.py:183} INFO - Processing /home/airflow/.local/lib/python3.12/site-packages/airflow/example_dags/example_short_circuit_decorator.py took 0.252 seconds
[2025-10-03T00:04:25.536+0000] {processor.py:161} INFO - Started process (PID=14872) to work on /home/airflow/.local/lib/python3.12/site-packages/airflow/example_dags/example_short_circuit_decorator.py
[2025-10-03T00:04:25.538+0000] {processor.py:830} INFO - Processing file /home/airflow/.local/lib/python3.12/site-packages/airflow/example_dags/example_short_circuit_decorator.py for tasks to queue
[2025-10-03T00:04:25.541+0000] {logging_mixin.py:188} INFO - [2025-10-03T00:04:25.540+0000] {dagbag.py:545} INFO - Filling up the DagBag from /home/airflow/.local/lib/python3.12/site-packages/airflow/example_dags/example_short_circuit_decorator.py
[2025-10-03T00:04:25.579+0000] {processor.py:840} INFO - DAG(s) 'example_short_circuit_decorator' retrieved from /home/airflow/.local/lib/python3.12/site-packages/airflow/example_dags/example_short_circuit_decorator.py
[2025-10-03T00:04:25.642+0000] {logging_mixin.py:188} INFO - [2025-10-03T00:04:25.642+0000] {dag.py:3096} INFO - Sync 1 DAGs
[2025-10-03T00:04:25.704+0000] {logging_mixin.py:188} INFO - [2025-10-03T00:04:25.703+0000] {dag.py:3954} INFO - Setting next_dagrun for example_short_circuit_decorator to 2025-10-02 00:00:00+00:00, run_after=2025-10-03 00:00:00+00:00
[2025-10-03T00:04:25.751+0000] {processor.py:183} INFO - Processing /home/airflow/.local/lib/python3.12/site-packages/airflow/example_dags/example_short_circuit_decorator.py took 0.235 seconds
[2025-10-03T00:04:56.229+0000] {processor.py:161} INFO - Started process (PID=14925) to work on /home/airflow/.local/lib/python3.12/site-packages/airflow/example_dags/example_short_circuit_decorator.py
[2025-10-03T00:04:56.231+0000] {processor.py:830} INFO - Processing file /home/airflow/.local/lib/python3.12/site-packages/airflow/example_dags/example_short_circuit_decorator.py for tasks to queue
[2025-10-03T00:04:56.234+0000] {logging_mixin.py:188} INFO - [2025-10-03T00:04:56.233+0000] {dagbag.py:545} INFO - Filling up the DagBag from /home/airflow/.local/lib/python3.12/site-packages/airflow/example_dags/example_short_circuit_decorator.py
[2025-10-03T00:04:56.256+0000] {processor.py:840} INFO - DAG(s) 'example_short_circuit_decorator' retrieved from /home/airflow/.local/lib/python3.12/site-packages/airflow/example_dags/example_short_circuit_decorator.py
[2025-10-03T00:04:56.307+0000] {logging_mixin.py:188} INFO - [2025-10-03T00:04:56.307+0000] {dag.py:3096} INFO - Sync 1 DAGs
[2025-10-03T00:04:56.358+0000] {logging_mixin.py:188} INFO - [2025-10-03T00:04:56.357+0000] {dag.py:3954} INFO - Setting next_dagrun for example_short_circuit_decorator to 2025-10-02 00:00:00+00:00, run_after=2025-10-03 00:00:00+00:00
[2025-10-03T00:04:56.399+0000] {processor.py:183} INFO - Processing /home/airflow/.local/lib/python3.12/site-packages/airflow/example_dags/example_short_circuit_decorator.py took 0.199 seconds
[2025-10-03T00:05:26.833+0000] {processor.py:161} INFO - Started process (PID=14978) to work on /home/airflow/.local/lib/python3.12/site-packages/airflow/example_dags/example_short_circuit_decorator.py
[2025-10-03T00:05:26.835+0000] {processor.py:830} INFO - Processing file /home/airflow/.local/lib/python3.12/site-packages/airflow/example_dags/example_short_circuit_decorator.py for tasks to queue
[2025-10-03T00:05:26.838+0000] {logging_mixin.py:188} INFO - [2025-10-03T00:05:26.837+0000] {dagbag.py:545} INFO - Filling up the DagBag from /home/airflow/.local/lib/python3.12/site-packages/airflow/example_dags/example_short_circuit_decorator.py
[2025-10-03T00:05:26.860+0000] {processor.py:840} INFO - DAG(s) 'example_short_circuit_decorator' retrieved from /home/airflow/.local/lib/python3.12/site-packages/airflow/example_dags/example_short_circuit_decorator.py
[2025-10-03T00:05:26.914+0000] {logging_mixin.py:188} INFO - [2025-10-03T00:05:26.913+0000] {dag.py:3096} INFO - Sync 1 DAGs
[2025-10-03T00:05:26.960+0000] {logging_mixin.py:188} INFO - [2025-10-03T00:05:26.959+0000] {dag.py:3954} INFO - Setting next_dagrun for example_short_circuit_decorator to 2025-10-02 00:00:00+00:00, run_after=2025-10-03 00:00:00+00:00
[2025-10-03T00:05:27.005+0000] {processor.py:183} INFO - Processing /home/airflow/.local/lib/python3.12/site-packages/airflow/example_dags/example_short_circuit_decorator.py took 0.188 seconds
[2025-10-03T00:05:57.183+0000] {processor.py:161} INFO - Started process (PID=15031) to work on /home/airflow/.local/lib/python3.12/site-packages/airflow/example_dags/example_short_circuit_decorator.py
[2025-10-03T00:05:57.185+0000] {processor.py:830} INFO - Processing file /home/airflow/.local/lib/python3.12/site-packages/airflow/example_dags/example_short_circuit_decorator.py for tasks to queue
[2025-10-03T00:05:57.187+0000] {logging_mixin.py:188} INFO - [2025-10-03T00:05:57.186+0000] {dagbag.py:545} INFO - Filling up the DagBag from /home/airflow/.local/lib/python3.12/site-packages/airflow/example_dags/example_short_circuit_decorator.py
[2025-10-03T00:05:57.218+0000] {processor.py:840} INFO - DAG(s) 'example_short_circuit_decorator' retrieved from /home/airflow/.local/lib/python3.12/site-packages/airflow/example_dags/example_short_circuit_decorator.py
[2025-10-03T00:05:57.281+0000] {logging_mixin.py:188} INFO - [2025-10-03T00:05:57.280+0000] {dag.py:3096} INFO - Sync 1 DAGs
[2025-10-03T00:05:57.339+0000] {logging_mixin.py:188} INFO - [2025-10-03T00:05:57.338+0000] {dag.py:3954} INFO - Setting next_dagrun for example_short_circuit_decorator to 2025-10-02 00:00:00+00:00, run_after=2025-10-03 00:00:00+00:00
[2025-10-03T00:05:57.389+0000] {processor.py:183} INFO - Processing /home/airflow/.local/lib/python3.12/site-packages/airflow/example_dags/example_short_circuit_decorator.py took 0.223 seconds
[2025-10-03T00:06:28.042+0000] {processor.py:161} INFO - Started process (PID=15084) to work on /home/airflow/.local/lib/python3.12/site-packages/airflow/example_dags/example_short_circuit_decorator.py
[2025-10-03T00:06:28.044+0000] {processor.py:830} INFO - Processing file /home/airflow/.local/lib/python3.12/site-packages/airflow/example_dags/example_short_circuit_decorator.py for tasks to queue
[2025-10-03T00:06:28.051+0000] {logging_mixin.py:188} INFO - [2025-10-03T00:06:28.048+0000] {dagbag.py:545} INFO - Filling up the DagBag from /home/airflow/.local/lib/python3.12/site-packages/airflow/example_dags/example_short_circuit_decorator.py
[2025-10-03T00:06:28.081+0000] {processor.py:840} INFO - DAG(s) 'example_short_circuit_decorator' retrieved from /home/airflow/.local/lib/python3.12/site-packages/airflow/example_dags/example_short_circuit_decorator.py
[2025-10-03T00:06:28.157+0000] {logging_mixin.py:188} INFO - [2025-10-03T00:06:28.157+0000] {dag.py:3096} INFO - Sync 1 DAGs
[2025-10-03T00:06:28.237+0000] {logging_mixin.py:188} INFO - [2025-10-03T00:06:28.236+0000] {dag.py:3954} INFO - Setting next_dagrun for example_short_circuit_decorator to 2025-10-02 00:00:00+00:00, run_after=2025-10-03 00:00:00+00:00
[2025-10-03T00:06:28.286+0000] {processor.py:183} INFO - Processing /home/airflow/.local/lib/python3.12/site-packages/airflow/example_dags/example_short_circuit_decorator.py took 0.267 seconds
[2025-10-03T00:06:58.490+0000] {processor.py:161} INFO - Started process (PID=15137) to work on /home/airflow/.local/lib/python3.12/site-packages/airflow/example_dags/example_short_circuit_decorator.py
[2025-10-03T00:06:58.493+0000] {processor.py:830} INFO - Processing file /home/airflow/.local/lib/python3.12/site-packages/airflow/example_dags/example_short_circuit_decorator.py for tasks to queue
[2025-10-03T00:06:58.495+0000] {logging_mixin.py:188} INFO - [2025-10-03T00:06:58.494+0000] {dagbag.py:545} INFO - Filling up the DagBag from /home/airflow/.local/lib/python3.12/site-packages/airflow/example_dags/example_short_circuit_decorator.py
[2025-10-03T00:06:58.519+0000] {processor.py:840} INFO - DAG(s) 'example_short_circuit_decorator' retrieved from /home/airflow/.local/lib/python3.12/site-packages/airflow/example_dags/example_short_circuit_decorator.py
[2025-10-03T00:06:58.573+0000] {logging_mixin.py:188} INFO - [2025-10-03T00:06:58.573+0000] {dag.py:3096} INFO - Sync 1 DAGs
[2025-10-03T00:06:58.626+0000] {logging_mixin.py:188} INFO - [2025-10-03T00:06:58.625+0000] {dag.py:3954} INFO - Setting next_dagrun for example_short_circuit_decorator to 2025-10-02 00:00:00+00:00, run_after=2025-10-03 00:00:00+00:00
[2025-10-03T00:06:58.669+0000] {processor.py:183} INFO - Processing /home/airflow/.local/lib/python3.12/site-packages/airflow/example_dags/example_short_circuit_decorator.py took 0.197 seconds
[2025-10-03T00:07:28.975+0000] {processor.py:161} INFO - Started process (PID=15190) to work on /home/airflow/.local/lib/python3.12/site-packages/airflow/example_dags/example_short_circuit_decorator.py
[2025-10-03T00:07:28.977+0000] {processor.py:830} INFO - Processing file /home/airflow/.local/lib/python3.12/site-packages/airflow/example_dags/example_short_circuit_decorator.py for tasks to queue
[2025-10-03T00:07:28.979+0000] {logging_mixin.py:188} INFO - [2025-10-03T00:07:28.979+0000] {dagbag.py:545} INFO - Filling up the DagBag from /home/airflow/.local/lib/python3.12/site-packages/airflow/example_dags/example_short_circuit_decorator.py
[2025-10-03T00:07:29.002+0000] {processor.py:840} INFO - DAG(s) 'example_short_circuit_decorator' retrieved from /home/airflow/.local/lib/python3.12/site-packages/airflow/example_dags/example_short_circuit_decorator.py
[2025-10-03T00:07:29.053+0000] {logging_mixin.py:188} INFO - [2025-10-03T00:07:29.052+0000] {dag.py:3096} INFO - Sync 1 DAGs
[2025-10-03T00:07:29.099+0000] {logging_mixin.py:188} INFO - [2025-10-03T00:07:29.099+0000] {dag.py:3954} INFO - Setting next_dagrun for example_short_circuit_decorator to 2025-10-02 00:00:00+00:00, run_after=2025-10-03 00:00:00+00:00
[2025-10-03T00:07:29.140+0000] {processor.py:183} INFO - Processing /home/airflow/.local/lib/python3.12/site-packages/airflow/example_dags/example_short_circuit_decorator.py took 0.181 seconds
[2025-10-03T00:07:59.829+0000] {processor.py:161} INFO - Started process (PID=15243) to work on /home/airflow/.local/lib/python3.12/site-packages/airflow/example_dags/example_short_circuit_decorator.py
[2025-10-03T00:07:59.831+0000] {processor.py:830} INFO - Processing file /home/airflow/.local/lib/python3.12/site-packages/airflow/example_dags/example_short_circuit_decorator.py for tasks to queue
[2025-10-03T00:07:59.833+0000] {logging_mixin.py:188} INFO - [2025-10-03T00:07:59.832+0000] {dagbag.py:545} INFO - Filling up the DagBag from /home/airflow/.local/lib/python3.12/site-packages/airflow/example_dags/example_short_circuit_decorator.py
[2025-10-03T00:07:59.855+0000] {processor.py:840} INFO - DAG(s) 'example_short_circuit_decorator' retrieved from /home/airflow/.local/lib/python3.12/site-packages/airflow/example_dags/example_short_circuit_decorator.py
[2025-10-03T00:07:59.905+0000] {logging_mixin.py:188} INFO - [2025-10-03T00:07:59.905+0000] {dag.py:3096} INFO - Sync 1 DAGs
[2025-10-03T00:07:59.959+0000] {logging_mixin.py:188} INFO - [2025-10-03T00:07:59.959+0000] {dag.py:3954} INFO - Setting next_dagrun for example_short_circuit_decorator to 2025-10-02 00:00:00+00:00, run_after=2025-10-03 00:00:00+00:00
[2025-10-03T00:08:00.000+0000] {processor.py:183} INFO - Processing /home/airflow/.local/lib/python3.12/site-packages/airflow/example_dags/example_short_circuit_decorator.py took 0.186 seconds
[2025-10-03T00:08:30.546+0000] {processor.py:161} INFO - Started process (PID=15296) to work on /home/airflow/.local/lib/python3.12/site-packages/airflow/example_dags/example_short_circuit_decorator.py
[2025-10-03T00:08:30.549+0000] {processor.py:830} INFO - Processing file /home/airflow/.local/lib/python3.12/site-packages/airflow/example_dags/example_short_circuit_decorator.py for tasks to queue
[2025-10-03T00:08:30.551+0000] {logging_mixin.py:188} INFO - [2025-10-03T00:08:30.550+0000] {dagbag.py:545} INFO - Filling up the DagBag from /home/airflow/.local/lib/python3.12/site-packages/airflow/example_dags/example_short_circuit_decorator.py
[2025-10-03T00:08:30.576+0000] {processor.py:840} INFO - DAG(s) 'example_short_circuit_decorator' retrieved from /home/airflow/.local/lib/python3.12/site-packages/airflow/example_dags/example_short_circuit_decorator.py
[2025-10-03T00:08:30.633+0000] {logging_mixin.py:188} INFO - [2025-10-03T00:08:30.632+0000] {dag.py:3096} INFO - Sync 1 DAGs
[2025-10-03T00:08:30.679+0000] {logging_mixin.py:188} INFO - [2025-10-03T00:08:30.679+0000] {dag.py:3954} INFO - Setting next_dagrun for example_short_circuit_decorator to 2025-10-02 00:00:00+00:00, run_after=2025-10-03 00:00:00+00:00
[2025-10-03T00:08:30.719+0000] {processor.py:183} INFO - Processing /home/airflow/.local/lib/python3.12/site-packages/airflow/example_dags/example_short_circuit_decorator.py took 0.188 seconds
[2025-10-03T00:09:01.079+0000] {processor.py:161} INFO - Started process (PID=15349) to work on /home/airflow/.local/lib/python3.12/site-packages/airflow/example_dags/example_short_circuit_decorator.py
[2025-10-03T00:09:01.082+0000] {processor.py:830} INFO - Processing file /home/airflow/.local/lib/python3.12/site-packages/airflow/example_dags/example_short_circuit_decorator.py for tasks to queue
[2025-10-03T00:09:01.084+0000] {logging_mixin.py:188} INFO - [2025-10-03T00:09:01.083+0000] {dagbag.py:545} INFO - Filling up the DagBag from /home/airflow/.local/lib/python3.12/site-packages/airflow/example_dags/example_short_circuit_decorator.py
[2025-10-03T00:09:01.107+0000] {processor.py:840} INFO - DAG(s) 'example_short_circuit_decorator' retrieved from /home/airflow/.local/lib/python3.12/site-packages/airflow/example_dags/example_short_circuit_decorator.py
[2025-10-03T00:09:01.163+0000] {logging_mixin.py:188} INFO - [2025-10-03T00:09:01.163+0000] {dag.py:3096} INFO - Sync 1 DAGs
[2025-10-03T00:09:01.229+0000] {logging_mixin.py:188} INFO - [2025-10-03T00:09:01.228+0000] {dag.py:3954} INFO - Setting next_dagrun for example_short_circuit_decorator to 2025-10-02 00:00:00+00:00, run_after=2025-10-03 00:00:00+00:00
[2025-10-03T00:09:01.280+0000] {processor.py:183} INFO - Processing /home/airflow/.local/lib/python3.12/site-packages/airflow/example_dags/example_short_circuit_decorator.py took 0.219 seconds
[2025-10-03T00:09:31.951+0000] {processor.py:161} INFO - Started process (PID=15402) to work on /home/airflow/.local/lib/python3.12/site-packages/airflow/example_dags/example_short_circuit_decorator.py
[2025-10-03T00:09:31.954+0000] {processor.py:830} INFO - Processing file /home/airflow/.local/lib/python3.12/site-packages/airflow/example_dags/example_short_circuit_decorator.py for tasks to queue
[2025-10-03T00:09:31.957+0000] {logging_mixin.py:188} INFO - [2025-10-03T00:09:31.956+0000] {dagbag.py:545} INFO - Filling up the DagBag from /home/airflow/.local/lib/python3.12/site-packages/airflow/example_dags/example_short_circuit_decorator.py
[2025-10-03T00:09:31.981+0000] {processor.py:840} INFO - DAG(s) 'example_short_circuit_decorator' retrieved from /home/airflow/.local/lib/python3.12/site-packages/airflow/example_dags/example_short_circuit_decorator.py
[2025-10-03T00:09:32.033+0000] {logging_mixin.py:188} INFO - [2025-10-03T00:09:32.032+0000] {dag.py:3096} INFO - Sync 1 DAGs
[2025-10-03T00:09:32.082+0000] {logging_mixin.py:188} INFO - [2025-10-03T00:09:32.082+0000] {dag.py:3954} INFO - Setting next_dagrun for example_short_circuit_decorator to 2025-10-02 00:00:00+00:00, run_after=2025-10-03 00:00:00+00:00
[2025-10-03T00:09:32.133+0000] {processor.py:183} INFO - Processing /home/airflow/.local/lib/python3.12/site-packages/airflow/example_dags/example_short_circuit_decorator.py took 0.203 seconds
[2025-10-03T00:10:02.721+0000] {processor.py:161} INFO - Started process (PID=15455) to work on /home/airflow/.local/lib/python3.12/site-packages/airflow/example_dags/example_short_circuit_decorator.py
[2025-10-03T00:10:02.724+0000] {processor.py:830} INFO - Processing file /home/airflow/.local/lib/python3.12/site-packages/airflow/example_dags/example_short_circuit_decorator.py for tasks to queue
[2025-10-03T00:10:02.727+0000] {logging_mixin.py:188} INFO - [2025-10-03T00:10:02.726+0000] {dagbag.py:545} INFO - Filling up the DagBag from /home/airflow/.local/lib/python3.12/site-packages/airflow/example_dags/example_short_circuit_decorator.py
[2025-10-03T00:10:02.749+0000] {processor.py:840} INFO - DAG(s) 'example_short_circuit_decorator' retrieved from /home/airflow/.local/lib/python3.12/site-packages/airflow/example_dags/example_short_circuit_decorator.py
[2025-10-03T00:10:02.803+0000] {logging_mixin.py:188} INFO - [2025-10-03T00:10:02.803+0000] {dag.py:3096} INFO - Sync 1 DAGs
[2025-10-03T00:10:02.850+0000] {logging_mixin.py:188} INFO - [2025-10-03T00:10:02.850+0000] {dag.py:3954} INFO - Setting next_dagrun for example_short_circuit_decorator to 2025-10-02 00:00:00+00:00, run_after=2025-10-03 00:00:00+00:00
[2025-10-03T00:10:02.894+0000] {processor.py:183} INFO - Processing /home/airflow/.local/lib/python3.12/site-packages/airflow/example_dags/example_short_circuit_decorator.py took 0.188 seconds
[2025-10-03T00:10:33.073+0000] {processor.py:161} INFO - Started process (PID=15508) to work on /home/airflow/.local/lib/python3.12/site-packages/airflow/example_dags/example_short_circuit_decorator.py
[2025-10-03T00:10:33.075+0000] {processor.py:830} INFO - Processing file /home/airflow/.local/lib/python3.12/site-packages/airflow/example_dags/example_short_circuit_decorator.py for tasks to queue
[2025-10-03T00:10:33.077+0000] {logging_mixin.py:188} INFO - [2025-10-03T00:10:33.076+0000] {dagbag.py:545} INFO - Filling up the DagBag from /home/airflow/.local/lib/python3.12/site-packages/airflow/example_dags/example_short_circuit_decorator.py
[2025-10-03T00:10:33.099+0000] {processor.py:840} INFO - DAG(s) 'example_short_circuit_decorator' retrieved from /home/airflow/.local/lib/python3.12/site-packages/airflow/example_dags/example_short_circuit_decorator.py
[2025-10-03T00:10:33.150+0000] {logging_mixin.py:188} INFO - [2025-10-03T00:10:33.149+0000] {dag.py:3096} INFO - Sync 1 DAGs
[2025-10-03T00:10:33.202+0000] {logging_mixin.py:188} INFO - [2025-10-03T00:10:33.201+0000] {dag.py:3954} INFO - Setting next_dagrun for example_short_circuit_decorator to 2025-10-02 00:00:00+00:00, run_after=2025-10-03 00:00:00+00:00
[2025-10-03T00:10:33.242+0000] {processor.py:183} INFO - Processing /home/airflow/.local/lib/python3.12/site-packages/airflow/example_dags/example_short_circuit_decorator.py took 0.184 seconds
[2025-10-03T00:11:04.474+0000] {processor.py:161} INFO - Started process (PID=15561) to work on /home/airflow/.local/lib/python3.12/site-packages/airflow/example_dags/example_short_circuit_decorator.py
[2025-10-03T00:11:04.489+0000] {processor.py:830} INFO - Processing file /home/airflow/.local/lib/python3.12/site-packages/airflow/example_dags/example_short_circuit_decorator.py for tasks to queue
[2025-10-03T00:11:04.503+0000] {logging_mixin.py:188} INFO - [2025-10-03T00:11:04.502+0000] {dagbag.py:545} INFO - Filling up the DagBag from /home/airflow/.local/lib/python3.12/site-packages/airflow/example_dags/example_short_circuit_decorator.py
[2025-10-03T00:11:04.571+0000] {processor.py:840} INFO - DAG(s) 'example_short_circuit_decorator' retrieved from /home/airflow/.local/lib/python3.12/site-packages/airflow/example_dags/example_short_circuit_decorator.py
[2025-10-03T00:11:04.811+0000] {logging_mixin.py:188} INFO - [2025-10-03T00:11:04.810+0000] {dag.py:3096} INFO - Sync 1 DAGs
[2025-10-03T00:11:05.003+0000] {logging_mixin.py:188} INFO - [2025-10-03T00:11:05.002+0000] {dag.py:3954} INFO - Setting next_dagrun for example_short_circuit_decorator to 2025-10-02 00:00:00+00:00, run_after=2025-10-03 00:00:00+00:00
[2025-10-03T00:11:05.158+0000] {processor.py:183} INFO - Processing /home/airflow/.local/lib/python3.12/site-packages/airflow/example_dags/example_short_circuit_decorator.py took 0.727 seconds
[2025-10-03T00:11:35.931+0000] {processor.py:161} INFO - Started process (PID=15614) to work on /home/airflow/.local/lib/python3.12/site-packages/airflow/example_dags/example_short_circuit_decorator.py
[2025-10-03T00:11:35.934+0000] {processor.py:830} INFO - Processing file /home/airflow/.local/lib/python3.12/site-packages/airflow/example_dags/example_short_circuit_decorator.py for tasks to queue
[2025-10-03T00:11:35.938+0000] {logging_mixin.py:188} INFO - [2025-10-03T00:11:35.937+0000] {dagbag.py:545} INFO - Filling up the DagBag from /home/airflow/.local/lib/python3.12/site-packages/airflow/example_dags/example_short_circuit_decorator.py
[2025-10-03T00:11:35.968+0000] {processor.py:840} INFO - DAG(s) 'example_short_circuit_decorator' retrieved from /home/airflow/.local/lib/python3.12/site-packages/airflow/example_dags/example_short_circuit_decorator.py
[2025-10-03T00:11:36.073+0000] {logging_mixin.py:188} INFO - [2025-10-03T00:11:36.071+0000] {dag.py:3096} INFO - Sync 1 DAGs
[2025-10-03T00:11:36.218+0000] {logging_mixin.py:188} INFO - [2025-10-03T00:11:36.217+0000] {dag.py:3954} INFO - Setting next_dagrun for example_short_circuit_decorator to 2025-10-02 00:00:00+00:00, run_after=2025-10-03 00:00:00+00:00
[2025-10-03T00:11:36.280+0000] {processor.py:183} INFO - Processing /home/airflow/.local/lib/python3.12/site-packages/airflow/example_dags/example_short_circuit_decorator.py took 0.375 seconds
[2025-10-03T00:12:07.271+0000] {processor.py:161} INFO - Started process (PID=15668) to work on /home/airflow/.local/lib/python3.12/site-packages/airflow/example_dags/example_short_circuit_decorator.py
[2025-10-03T00:12:07.275+0000] {processor.py:830} INFO - Processing file /home/airflow/.local/lib/python3.12/site-packages/airflow/example_dags/example_short_circuit_decorator.py for tasks to queue
[2025-10-03T00:12:07.280+0000] {logging_mixin.py:188} INFO - [2025-10-03T00:12:07.278+0000] {dagbag.py:545} INFO - Filling up the DagBag from /home/airflow/.local/lib/python3.12/site-packages/airflow/example_dags/example_short_circuit_decorator.py
[2025-10-03T00:12:07.344+0000] {processor.py:840} INFO - DAG(s) 'example_short_circuit_decorator' retrieved from /home/airflow/.local/lib/python3.12/site-packages/airflow/example_dags/example_short_circuit_decorator.py
[2025-10-03T00:12:07.505+0000] {logging_mixin.py:188} INFO - [2025-10-03T00:12:07.504+0000] {dag.py:3096} INFO - Sync 1 DAGs
[2025-10-03T00:12:07.648+0000] {logging_mixin.py:188} INFO - [2025-10-03T00:12:07.647+0000] {dag.py:3954} INFO - Setting next_dagrun for example_short_circuit_decorator to 2025-10-02 00:00:00+00:00, run_after=2025-10-03 00:00:00+00:00
[2025-10-03T00:12:07.753+0000] {processor.py:183} INFO - Processing /home/airflow/.local/lib/python3.12/site-packages/airflow/example_dags/example_short_circuit_decorator.py took 0.507 seconds
[2025-10-03T00:12:38.193+0000] {processor.py:161} INFO - Started process (PID=15721) to work on /home/airflow/.local/lib/python3.12/site-packages/airflow/example_dags/example_short_circuit_decorator.py
[2025-10-03T00:12:38.197+0000] {processor.py:830} INFO - Processing file /home/airflow/.local/lib/python3.12/site-packages/airflow/example_dags/example_short_circuit_decorator.py for tasks to queue
[2025-10-03T00:12:38.201+0000] {logging_mixin.py:188} INFO - [2025-10-03T00:12:38.200+0000] {dagbag.py:545} INFO - Filling up the DagBag from /home/airflow/.local/lib/python3.12/site-packages/airflow/example_dags/example_short_circuit_decorator.py
[2025-10-03T00:12:38.251+0000] {processor.py:840} INFO - DAG(s) 'example_short_circuit_decorator' retrieved from /home/airflow/.local/lib/python3.12/site-packages/airflow/example_dags/example_short_circuit_decorator.py
[2025-10-03T00:12:38.320+0000] {logging_mixin.py:188} INFO - [2025-10-03T00:12:38.319+0000] {dag.py:3096} INFO - Sync 1 DAGs
[2025-10-03T00:12:38.370+0000] {logging_mixin.py:188} INFO - [2025-10-03T00:12:38.370+0000] {dag.py:3954} INFO - Setting next_dagrun for example_short_circuit_decorator to 2025-10-02 00:00:00+00:00, run_after=2025-10-03 00:00:00+00:00
[2025-10-03T00:12:38.420+0000] {processor.py:183} INFO - Processing /home/airflow/.local/lib/python3.12/site-packages/airflow/example_dags/example_short_circuit_decorator.py took 0.249 seconds
[2025-10-03T00:13:08.689+0000] {processor.py:161} INFO - Started process (PID=15774) to work on /home/airflow/.local/lib/python3.12/site-packages/airflow/example_dags/example_short_circuit_decorator.py
[2025-10-03T00:13:08.699+0000] {processor.py:830} INFO - Processing file /home/airflow/.local/lib/python3.12/site-packages/airflow/example_dags/example_short_circuit_decorator.py for tasks to queue
[2025-10-03T00:13:08.703+0000] {logging_mixin.py:188} INFO - [2025-10-03T00:13:08.702+0000] {dagbag.py:545} INFO - Filling up the DagBag from /home/airflow/.local/lib/python3.12/site-packages/airflow/example_dags/example_short_circuit_decorator.py
[2025-10-03T00:13:08.739+0000] {processor.py:840} INFO - DAG(s) 'example_short_circuit_decorator' retrieved from /home/airflow/.local/lib/python3.12/site-packages/airflow/example_dags/example_short_circuit_decorator.py
[2025-10-03T00:13:08.828+0000] {logging_mixin.py:188} INFO - [2025-10-03T00:13:08.827+0000] {dag.py:3096} INFO - Sync 1 DAGs
[2025-10-03T00:13:08.894+0000] {logging_mixin.py:188} INFO - [2025-10-03T00:13:08.894+0000] {dag.py:3954} INFO - Setting next_dagrun for example_short_circuit_decorator to 2025-10-02 00:00:00+00:00, run_after=2025-10-03 00:00:00+00:00
[2025-10-03T00:13:08.954+0000] {processor.py:183} INFO - Processing /home/airflow/.local/lib/python3.12/site-packages/airflow/example_dags/example_short_circuit_decorator.py took 0.310 seconds
[2025-10-03T00:13:39.316+0000] {processor.py:161} INFO - Started process (PID=15828) to work on /home/airflow/.local/lib/python3.12/site-packages/airflow/example_dags/example_short_circuit_decorator.py
[2025-10-03T00:13:39.319+0000] {processor.py:830} INFO - Processing file /home/airflow/.local/lib/python3.12/site-packages/airflow/example_dags/example_short_circuit_decorator.py for tasks to queue
[2025-10-03T00:13:39.321+0000] {logging_mixin.py:188} INFO - [2025-10-03T00:13:39.320+0000] {dagbag.py:545} INFO - Filling up the DagBag from /home/airflow/.local/lib/python3.12/site-packages/airflow/example_dags/example_short_circuit_decorator.py
[2025-10-03T00:13:39.342+0000] {processor.py:840} INFO - DAG(s) 'example_short_circuit_decorator' retrieved from /home/airflow/.local/lib/python3.12/site-packages/airflow/example_dags/example_short_circuit_decorator.py
[2025-10-03T00:13:39.405+0000] {logging_mixin.py:188} INFO - [2025-10-03T00:13:39.404+0000] {dag.py:3096} INFO - Sync 1 DAGs
[2025-10-03T00:13:39.450+0000] {logging_mixin.py:188} INFO - [2025-10-03T00:13:39.450+0000] {dag.py:3954} INFO - Setting next_dagrun for example_short_circuit_decorator to 2025-10-02 00:00:00+00:00, run_after=2025-10-03 00:00:00+00:00
[2025-10-03T00:13:39.489+0000] {processor.py:183} INFO - Processing /home/airflow/.local/lib/python3.12/site-packages/airflow/example_dags/example_short_circuit_decorator.py took 0.187 seconds
[2025-10-03T00:14:09.897+0000] {processor.py:161} INFO - Started process (PID=15880) to work on /home/airflow/.local/lib/python3.12/site-packages/airflow/example_dags/example_short_circuit_decorator.py
[2025-10-03T00:14:09.900+0000] {processor.py:830} INFO - Processing file /home/airflow/.local/lib/python3.12/site-packages/airflow/example_dags/example_short_circuit_decorator.py for tasks to queue
[2025-10-03T00:14:09.902+0000] {logging_mixin.py:188} INFO - [2025-10-03T00:14:09.901+0000] {dagbag.py:545} INFO - Filling up the DagBag from /home/airflow/.local/lib/python3.12/site-packages/airflow/example_dags/example_short_circuit_decorator.py
[2025-10-03T00:14:09.939+0000] {processor.py:840} INFO - DAG(s) 'example_short_circuit_decorator' retrieved from /home/airflow/.local/lib/python3.12/site-packages/airflow/example_dags/example_short_circuit_decorator.py
[2025-10-03T00:14:09.999+0000] {logging_mixin.py:188} INFO - [2025-10-03T00:14:09.999+0000] {dag.py:3096} INFO - Sync 1 DAGs
[2025-10-03T00:14:10.065+0000] {logging_mixin.py:188} INFO - [2025-10-03T00:14:10.065+0000] {dag.py:3954} INFO - Setting next_dagrun for example_short_circuit_decorator to 2025-10-02 00:00:00+00:00, run_after=2025-10-03 00:00:00+00:00
[2025-10-03T00:14:10.121+0000] {processor.py:183} INFO - Processing /home/airflow/.local/lib/python3.12/site-packages/airflow/example_dags/example_short_circuit_decorator.py took 0.244 seconds
[2025-10-03T00:14:40.813+0000] {processor.py:161} INFO - Started process (PID=15933) to work on /home/airflow/.local/lib/python3.12/site-packages/airflow/example_dags/example_short_circuit_decorator.py
[2025-10-03T00:14:40.816+0000] {processor.py:830} INFO - Processing file /home/airflow/.local/lib/python3.12/site-packages/airflow/example_dags/example_short_circuit_decorator.py for tasks to queue
[2025-10-03T00:14:40.818+0000] {logging_mixin.py:188} INFO - [2025-10-03T00:14:40.817+0000] {dagbag.py:545} INFO - Filling up the DagBag from /home/airflow/.local/lib/python3.12/site-packages/airflow/example_dags/example_short_circuit_decorator.py
[2025-10-03T00:14:40.845+0000] {processor.py:840} INFO - DAG(s) 'example_short_circuit_decorator' retrieved from /home/airflow/.local/lib/python3.12/site-packages/airflow/example_dags/example_short_circuit_decorator.py
[2025-10-03T00:14:40.914+0000] {logging_mixin.py:188} INFO - [2025-10-03T00:14:40.913+0000] {dag.py:3096} INFO - Sync 1 DAGs
[2025-10-03T00:14:40.990+0000] {logging_mixin.py:188} INFO - [2025-10-03T00:14:40.989+0000] {dag.py:3954} INFO - Setting next_dagrun for example_short_circuit_decorator to 2025-10-02 00:00:00+00:00, run_after=2025-10-03 00:00:00+00:00
[2025-10-03T00:14:41.051+0000] {processor.py:183} INFO - Processing /home/airflow/.local/lib/python3.12/site-packages/airflow/example_dags/example_short_circuit_decorator.py took 0.260 seconds
[2025-10-03T00:15:11.285+0000] {processor.py:161} INFO - Started process (PID=15984) to work on /home/airflow/.local/lib/python3.12/site-packages/airflow/example_dags/example_short_circuit_decorator.py
[2025-10-03T00:15:11.288+0000] {processor.py:830} INFO - Processing file /home/airflow/.local/lib/python3.12/site-packages/airflow/example_dags/example_short_circuit_decorator.py for tasks to queue
[2025-10-03T00:15:11.290+0000] {logging_mixin.py:188} INFO - [2025-10-03T00:15:11.290+0000] {dagbag.py:545} INFO - Filling up the DagBag from /home/airflow/.local/lib/python3.12/site-packages/airflow/example_dags/example_short_circuit_decorator.py
[2025-10-03T00:15:11.316+0000] {processor.py:840} INFO - DAG(s) 'example_short_circuit_decorator' retrieved from /home/airflow/.local/lib/python3.12/site-packages/airflow/example_dags/example_short_circuit_decorator.py
[2025-10-03T00:15:11.374+0000] {logging_mixin.py:188} INFO - [2025-10-03T00:15:11.374+0000] {dag.py:3096} INFO - Sync 1 DAGs
[2025-10-03T00:15:11.427+0000] {logging_mixin.py:188} INFO - [2025-10-03T00:15:11.426+0000] {dag.py:3954} INFO - Setting next_dagrun for example_short_circuit_decorator to 2025-10-02 00:00:00+00:00, run_after=2025-10-03 00:00:00+00:00
[2025-10-03T00:15:11.471+0000] {processor.py:183} INFO - Processing /home/airflow/.local/lib/python3.12/site-packages/airflow/example_dags/example_short_circuit_decorator.py took 0.203 seconds
[2025-10-03T00:15:41.854+0000] {processor.py:161} INFO - Started process (PID=16037) to work on /home/airflow/.local/lib/python3.12/site-packages/airflow/example_dags/example_short_circuit_decorator.py
[2025-10-03T00:15:41.856+0000] {processor.py:830} INFO - Processing file /home/airflow/.local/lib/python3.12/site-packages/airflow/example_dags/example_short_circuit_decorator.py for tasks to queue
[2025-10-03T00:15:41.858+0000] {logging_mixin.py:188} INFO - [2025-10-03T00:15:41.858+0000] {dagbag.py:545} INFO - Filling up the DagBag from /home/airflow/.local/lib/python3.12/site-packages/airflow/example_dags/example_short_circuit_decorator.py
[2025-10-03T00:15:41.882+0000] {processor.py:840} INFO - DAG(s) 'example_short_circuit_decorator' retrieved from /home/airflow/.local/lib/python3.12/site-packages/airflow/example_dags/example_short_circuit_decorator.py
[2025-10-03T00:15:41.939+0000] {logging_mixin.py:188} INFO - [2025-10-03T00:15:41.939+0000] {dag.py:3096} INFO - Sync 1 DAGs
[2025-10-03T00:15:41.986+0000] {logging_mixin.py:188} INFO - [2025-10-03T00:15:41.985+0000] {dag.py:3954} INFO - Setting next_dagrun for example_short_circuit_decorator to 2025-10-02 00:00:00+00:00, run_after=2025-10-03 00:00:00+00:00
[2025-10-03T00:15:42.026+0000] {processor.py:183} INFO - Processing /home/airflow/.local/lib/python3.12/site-packages/airflow/example_dags/example_short_circuit_decorator.py took 0.190 seconds
[2025-10-03T00:16:12.300+0000] {processor.py:161} INFO - Started process (PID=16090) to work on /home/airflow/.local/lib/python3.12/site-packages/airflow/example_dags/example_short_circuit_decorator.py
[2025-10-03T00:16:12.302+0000] {processor.py:830} INFO - Processing file /home/airflow/.local/lib/python3.12/site-packages/airflow/example_dags/example_short_circuit_decorator.py for tasks to queue
[2025-10-03T00:16:12.305+0000] {logging_mixin.py:188} INFO - [2025-10-03T00:16:12.304+0000] {dagbag.py:545} INFO - Filling up the DagBag from /home/airflow/.local/lib/python3.12/site-packages/airflow/example_dags/example_short_circuit_decorator.py
[2025-10-03T00:16:12.328+0000] {processor.py:840} INFO - DAG(s) 'example_short_circuit_decorator' retrieved from /home/airflow/.local/lib/python3.12/site-packages/airflow/example_dags/example_short_circuit_decorator.py
[2025-10-03T00:16:12.385+0000] {logging_mixin.py:188} INFO - [2025-10-03T00:16:12.384+0000] {dag.py:3096} INFO - Sync 1 DAGs
[2025-10-03T00:16:12.445+0000] {logging_mixin.py:188} INFO - [2025-10-03T00:16:12.444+0000] {dag.py:3954} INFO - Setting next_dagrun for example_short_circuit_decorator to 2025-10-02 00:00:00+00:00, run_after=2025-10-03 00:00:00+00:00
[2025-10-03T00:16:12.497+0000] {processor.py:183} INFO - Processing /home/airflow/.local/lib/python3.12/site-packages/airflow/example_dags/example_short_circuit_decorator.py took 0.214 seconds
[2025-10-03T00:16:43.038+0000] {processor.py:161} INFO - Started process (PID=16143) to work on /home/airflow/.local/lib/python3.12/site-packages/airflow/example_dags/example_short_circuit_decorator.py
[2025-10-03T00:16:43.040+0000] {processor.py:830} INFO - Processing file /home/airflow/.local/lib/python3.12/site-packages/airflow/example_dags/example_short_circuit_decorator.py for tasks to queue
[2025-10-03T00:16:43.043+0000] {logging_mixin.py:188} INFO - [2025-10-03T00:16:43.042+0000] {dagbag.py:545} INFO - Filling up the DagBag from /home/airflow/.local/lib/python3.12/site-packages/airflow/example_dags/example_short_circuit_decorator.py
[2025-10-03T00:16:43.066+0000] {processor.py:840} INFO - DAG(s) 'example_short_circuit_decorator' retrieved from /home/airflow/.local/lib/python3.12/site-packages/airflow/example_dags/example_short_circuit_decorator.py
[2025-10-03T00:16:43.154+0000] {logging_mixin.py:188} INFO - [2025-10-03T00:16:43.154+0000] {dag.py:3096} INFO - Sync 1 DAGs
[2025-10-03T00:16:43.238+0000] {logging_mixin.py:188} INFO - [2025-10-03T00:16:43.238+0000] {dag.py:3954} INFO - Setting next_dagrun for example_short_circuit_decorator to 2025-10-02 00:00:00+00:00, run_after=2025-10-03 00:00:00+00:00
[2025-10-03T00:16:43.324+0000] {processor.py:183} INFO - Processing /home/airflow/.local/lib/python3.12/site-packages/airflow/example_dags/example_short_circuit_decorator.py took 0.300 seconds
[2025-10-03T00:17:13.808+0000] {processor.py:161} INFO - Started process (PID=16196) to work on /home/airflow/.local/lib/python3.12/site-packages/airflow/example_dags/example_short_circuit_decorator.py
[2025-10-03T00:17:13.813+0000] {processor.py:830} INFO - Processing file /home/airflow/.local/lib/python3.12/site-packages/airflow/example_dags/example_short_circuit_decorator.py for tasks to queue
[2025-10-03T00:17:13.855+0000] {logging_mixin.py:188} INFO - [2025-10-03T00:17:13.853+0000] {dagbag.py:545} INFO - Filling up the DagBag from /home/airflow/.local/lib/python3.12/site-packages/airflow/example_dags/example_short_circuit_decorator.py
[2025-10-03T00:17:13.942+0000] {processor.py:840} INFO - DAG(s) 'example_short_circuit_decorator' retrieved from /home/airflow/.local/lib/python3.12/site-packages/airflow/example_dags/example_short_circuit_decorator.py
[2025-10-03T00:17:14.016+0000] {logging_mixin.py:188} INFO - [2025-10-03T00:17:14.015+0000] {dag.py:3096} INFO - Sync 1 DAGs
[2025-10-03T00:17:14.075+0000] {logging_mixin.py:188} INFO - [2025-10-03T00:17:14.075+0000] {dag.py:3954} INFO - Setting next_dagrun for example_short_circuit_decorator to 2025-10-02 00:00:00+00:00, run_after=2025-10-03 00:00:00+00:00
[2025-10-03T00:17:14.114+0000] {processor.py:183} INFO - Processing /home/airflow/.local/lib/python3.12/site-packages/airflow/example_dags/example_short_circuit_decorator.py took 0.327 seconds
[2025-10-03T00:17:44.718+0000] {processor.py:161} INFO - Started process (PID=16249) to work on /home/airflow/.local/lib/python3.12/site-packages/airflow/example_dags/example_short_circuit_decorator.py
[2025-10-03T00:17:44.720+0000] {processor.py:830} INFO - Processing file /home/airflow/.local/lib/python3.12/site-packages/airflow/example_dags/example_short_circuit_decorator.py for tasks to queue
[2025-10-03T00:17:44.722+0000] {logging_mixin.py:188} INFO - [2025-10-03T00:17:44.721+0000] {dagbag.py:545} INFO - Filling up the DagBag from /home/airflow/.local/lib/python3.12/site-packages/airflow/example_dags/example_short_circuit_decorator.py
[2025-10-03T00:17:44.749+0000] {processor.py:840} INFO - DAG(s) 'example_short_circuit_decorator' retrieved from /home/airflow/.local/lib/python3.12/site-packages/airflow/example_dags/example_short_circuit_decorator.py
[2025-10-03T00:17:44.809+0000] {logging_mixin.py:188} INFO - [2025-10-03T00:17:44.808+0000] {dag.py:3096} INFO - Sync 1 DAGs
[2025-10-03T00:17:44.877+0000] {logging_mixin.py:188} INFO - [2025-10-03T00:17:44.877+0000] {dag.py:3954} INFO - Setting next_dagrun for example_short_circuit_decorator to 2025-10-02 00:00:00+00:00, run_after=2025-10-03 00:00:00+00:00
[2025-10-03T00:17:44.921+0000] {processor.py:183} INFO - Processing /home/airflow/.local/lib/python3.12/site-packages/airflow/example_dags/example_short_circuit_decorator.py took 0.224 seconds
[2025-10-03T00:18:15.211+0000] {processor.py:161} INFO - Started process (PID=16302) to work on /home/airflow/.local/lib/python3.12/site-packages/airflow/example_dags/example_short_circuit_decorator.py
[2025-10-03T00:18:15.213+0000] {processor.py:830} INFO - Processing file /home/airflow/.local/lib/python3.12/site-packages/airflow/example_dags/example_short_circuit_decorator.py for tasks to queue
[2025-10-03T00:18:15.216+0000] {logging_mixin.py:188} INFO - [2025-10-03T00:18:15.215+0000] {dagbag.py:545} INFO - Filling up the DagBag from /home/airflow/.local/lib/python3.12/site-packages/airflow/example_dags/example_short_circuit_decorator.py
[2025-10-03T00:18:15.241+0000] {processor.py:840} INFO - DAG(s) 'example_short_circuit_decorator' retrieved from /home/airflow/.local/lib/python3.12/site-packages/airflow/example_dags/example_short_circuit_decorator.py
[2025-10-03T00:18:15.313+0000] {logging_mixin.py:188} INFO - [2025-10-03T00:18:15.313+0000] {dag.py:3096} INFO - Sync 1 DAGs
[2025-10-03T00:18:15.369+0000] {logging_mixin.py:188} INFO - [2025-10-03T00:18:15.369+0000] {dag.py:3954} INFO - Setting next_dagrun for example_short_circuit_decorator to 2025-10-02 00:00:00+00:00, run_after=2025-10-03 00:00:00+00:00
[2025-10-03T00:18:15.417+0000] {processor.py:183} INFO - Processing /home/airflow/.local/lib/python3.12/site-packages/airflow/example_dags/example_short_circuit_decorator.py took 0.220 seconds
[2025-10-03T00:18:45.815+0000] {processor.py:161} INFO - Started process (PID=16355) to work on /home/airflow/.local/lib/python3.12/site-packages/airflow/example_dags/example_short_circuit_decorator.py
[2025-10-03T00:18:45.819+0000] {processor.py:830} INFO - Processing file /home/airflow/.local/lib/python3.12/site-packages/airflow/example_dags/example_short_circuit_decorator.py for tasks to queue
[2025-10-03T00:18:45.823+0000] {logging_mixin.py:188} INFO - [2025-10-03T00:18:45.821+0000] {dagbag.py:545} INFO - Filling up the DagBag from /home/airflow/.local/lib/python3.12/site-packages/airflow/example_dags/example_short_circuit_decorator.py
[2025-10-03T00:18:45.863+0000] {processor.py:840} INFO - DAG(s) 'example_short_circuit_decorator' retrieved from /home/airflow/.local/lib/python3.12/site-packages/airflow/example_dags/example_short_circuit_decorator.py
[2025-10-03T00:18:46.112+0000] {logging_mixin.py:188} INFO - [2025-10-03T00:18:46.111+0000] {dag.py:3096} INFO - Sync 1 DAGs
[2025-10-03T00:18:46.341+0000] {logging_mixin.py:188} INFO - [2025-10-03T00:18:46.332+0000] {dag.py:3954} INFO - Setting next_dagrun for example_short_circuit_decorator to 2025-10-02 00:00:00+00:00, run_after=2025-10-03 00:00:00+00:00
[2025-10-03T00:18:46.507+0000] {processor.py:183} INFO - Processing /home/airflow/.local/lib/python3.12/site-packages/airflow/example_dags/example_short_circuit_decorator.py took 0.716 seconds
[2025-10-03T00:19:16.933+0000] {processor.py:161} INFO - Started process (PID=16408) to work on /home/airflow/.local/lib/python3.12/site-packages/airflow/example_dags/example_short_circuit_decorator.py
[2025-10-03T00:19:16.937+0000] {processor.py:830} INFO - Processing file /home/airflow/.local/lib/python3.12/site-packages/airflow/example_dags/example_short_circuit_decorator.py for tasks to queue
[2025-10-03T00:19:16.940+0000] {logging_mixin.py:188} INFO - [2025-10-03T00:19:16.939+0000] {dagbag.py:545} INFO - Filling up the DagBag from /home/airflow/.local/lib/python3.12/site-packages/airflow/example_dags/example_short_circuit_decorator.py
[2025-10-03T00:19:16.972+0000] {processor.py:840} INFO - DAG(s) 'example_short_circuit_decorator' retrieved from /home/airflow/.local/lib/python3.12/site-packages/airflow/example_dags/example_short_circuit_decorator.py
[2025-10-03T00:19:17.030+0000] {logging_mixin.py:188} INFO - [2025-10-03T00:19:17.030+0000] {dag.py:3096} INFO - Sync 1 DAGs
[2025-10-03T00:19:17.079+0000] {logging_mixin.py:188} INFO - [2025-10-03T00:19:17.079+0000] {dag.py:3954} INFO - Setting next_dagrun for example_short_circuit_decorator to 2025-10-02 00:00:00+00:00, run_after=2025-10-03 00:00:00+00:00
[2025-10-03T00:19:17.119+0000] {processor.py:183} INFO - Processing /home/airflow/.local/lib/python3.12/site-packages/airflow/example_dags/example_short_circuit_decorator.py took 0.213 seconds
[2025-10-03T00:19:47.304+0000] {processor.py:161} INFO - Started process (PID=16461) to work on /home/airflow/.local/lib/python3.12/site-packages/airflow/example_dags/example_short_circuit_decorator.py
[2025-10-03T00:19:47.306+0000] {processor.py:830} INFO - Processing file /home/airflow/.local/lib/python3.12/site-packages/airflow/example_dags/example_short_circuit_decorator.py for tasks to queue
[2025-10-03T00:19:47.308+0000] {logging_mixin.py:188} INFO - [2025-10-03T00:19:47.307+0000] {dagbag.py:545} INFO - Filling up the DagBag from /home/airflow/.local/lib/python3.12/site-packages/airflow/example_dags/example_short_circuit_decorator.py
[2025-10-03T00:19:47.332+0000] {processor.py:840} INFO - DAG(s) 'example_short_circuit_decorator' retrieved from /home/airflow/.local/lib/python3.12/site-packages/airflow/example_dags/example_short_circuit_decorator.py
[2025-10-03T00:19:47.400+0000] {logging_mixin.py:188} INFO - [2025-10-03T00:19:47.400+0000] {dag.py:3096} INFO - Sync 1 DAGs
[2025-10-03T00:19:47.458+0000] {logging_mixin.py:188} INFO - [2025-10-03T00:19:47.457+0000] {dag.py:3954} INFO - Setting next_dagrun for example_short_circuit_decorator to 2025-10-02 00:00:00+00:00, run_after=2025-10-03 00:00:00+00:00
[2025-10-03T00:19:47.495+0000] {processor.py:183} INFO - Processing /home/airflow/.local/lib/python3.12/site-packages/airflow/example_dags/example_short_circuit_decorator.py took 0.209 seconds
[2025-10-03T00:20:18.161+0000] {processor.py:161} INFO - Started process (PID=16514) to work on /home/airflow/.local/lib/python3.12/site-packages/airflow/example_dags/example_short_circuit_decorator.py
[2025-10-03T00:20:18.164+0000] {processor.py:830} INFO - Processing file /home/airflow/.local/lib/python3.12/site-packages/airflow/example_dags/example_short_circuit_decorator.py for tasks to queue
[2025-10-03T00:20:18.166+0000] {logging_mixin.py:188} INFO - [2025-10-03T00:20:18.166+0000] {dagbag.py:545} INFO - Filling up the DagBag from /home/airflow/.local/lib/python3.12/site-packages/airflow/example_dags/example_short_circuit_decorator.py
[2025-10-03T00:20:18.192+0000] {processor.py:840} INFO - DAG(s) 'example_short_circuit_decorator' retrieved from /home/airflow/.local/lib/python3.12/site-packages/airflow/example_dags/example_short_circuit_decorator.py
[2025-10-03T00:20:18.249+0000] {logging_mixin.py:188} INFO - [2025-10-03T00:20:18.248+0000] {dag.py:3096} INFO - Sync 1 DAGs
[2025-10-03T00:20:18.302+0000] {logging_mixin.py:188} INFO - [2025-10-03T00:20:18.301+0000] {dag.py:3954} INFO - Setting next_dagrun for example_short_circuit_decorator to 2025-10-02 00:00:00+00:00, run_after=2025-10-03 00:00:00+00:00
[2025-10-03T00:20:18.340+0000] {processor.py:183} INFO - Processing /home/airflow/.local/lib/python3.12/site-packages/airflow/example_dags/example_short_circuit_decorator.py took 0.193 seconds
[2025-10-03T00:20:49.181+0000] {processor.py:161} INFO - Started process (PID=16567) to work on /home/airflow/.local/lib/python3.12/site-packages/airflow/example_dags/example_short_circuit_decorator.py
[2025-10-03T00:20:49.184+0000] {processor.py:830} INFO - Processing file /home/airflow/.local/lib/python3.12/site-packages/airflow/example_dags/example_short_circuit_decorator.py for tasks to queue
[2025-10-03T00:20:49.187+0000] {logging_mixin.py:188} INFO - [2025-10-03T00:20:49.186+0000] {dagbag.py:545} INFO - Filling up the DagBag from /home/airflow/.local/lib/python3.12/site-packages/airflow/example_dags/example_short_circuit_decorator.py
[2025-10-03T00:20:49.215+0000] {processor.py:840} INFO - DAG(s) 'example_short_circuit_decorator' retrieved from /home/airflow/.local/lib/python3.12/site-packages/airflow/example_dags/example_short_circuit_decorator.py
[2025-10-03T00:20:49.268+0000] {logging_mixin.py:188} INFO - [2025-10-03T00:20:49.268+0000] {dag.py:3096} INFO - Sync 1 DAGs
[2025-10-03T00:20:49.332+0000] {logging_mixin.py:188} INFO - [2025-10-03T00:20:49.331+0000] {dag.py:3954} INFO - Setting next_dagrun for example_short_circuit_decorator to 2025-10-02 00:00:00+00:00, run_after=2025-10-03 00:00:00+00:00
[2025-10-03T00:20:49.374+0000] {processor.py:183} INFO - Processing /home/airflow/.local/lib/python3.12/site-packages/airflow/example_dags/example_short_circuit_decorator.py took 0.211 seconds
