[2025-10-03T00:00:03.568+0000] {processor.py:161} INFO - Started process (PID=14417) to work on /home/airflow/.local/lib/python3.12/site-packages/airflow/example_dags/example_branch_operator.py
[2025-10-03T00:00:03.570+0000] {processor.py:830} INFO - Processing file /home/airflow/.local/lib/python3.12/site-packages/airflow/example_dags/example_branch_operator.py for tasks to queue
[2025-10-03T00:00:03.573+0000] {logging_mixin.py:188} INFO - [2025-10-03T00:00:03.572+0000] {dagbag.py:545} INFO - Filling up the DagBag from /home/airflow/.local/lib/python3.12/site-packages/airflow/example_dags/example_branch_operator.py
[2025-10-03T00:00:03.612+0000] {processor.py:840} INFO - DAG(s) 'example_branch_operator' retrieved from /home/airflow/.local/lib/python3.12/site-packages/airflow/example_dags/example_branch_operator.py
[2025-10-03T00:00:03.677+0000] {logging_mixin.py:188} INFO - [2025-10-03T00:00:03.676+0000] {dag.py:3096} INFO - Sync 1 DAGs
[2025-10-03T00:00:03.727+0000] {logging_mixin.py:188} INFO - [2025-10-03T00:00:03.726+0000] {dag.py:3954} INFO - Setting next_dagrun for example_branch_operator to 2025-10-02 00:00:00+00:00, run_after=2025-10-03 00:00:00+00:00
[2025-10-03T00:00:03.768+0000] {processor.py:183} INFO - Processing /home/airflow/.local/lib/python3.12/site-packages/airflow/example_dags/example_branch_operator.py took 0.217 seconds
[2025-10-03T00:00:33.951+0000] {processor.py:161} INFO - Started process (PID=14470) to work on /home/airflow/.local/lib/python3.12/site-packages/airflow/example_dags/example_branch_operator.py
[2025-10-03T00:00:33.954+0000] {processor.py:830} INFO - Processing file /home/airflow/.local/lib/python3.12/site-packages/airflow/example_dags/example_branch_operator.py for tasks to queue
[2025-10-03T00:00:33.956+0000] {logging_mixin.py:188} INFO - [2025-10-03T00:00:33.955+0000] {dagbag.py:545} INFO - Filling up the DagBag from /home/airflow/.local/lib/python3.12/site-packages/airflow/example_dags/example_branch_operator.py
[2025-10-03T00:00:33.993+0000] {processor.py:840} INFO - DAG(s) 'example_branch_operator' retrieved from /home/airflow/.local/lib/python3.12/site-packages/airflow/example_dags/example_branch_operator.py
[2025-10-03T00:00:34.057+0000] {logging_mixin.py:188} INFO - [2025-10-03T00:00:34.056+0000] {dag.py:3096} INFO - Sync 1 DAGs
[2025-10-03T00:00:34.108+0000] {logging_mixin.py:188} INFO - [2025-10-03T00:00:34.107+0000] {dag.py:3954} INFO - Setting next_dagrun for example_branch_operator to 2025-10-02 00:00:00+00:00, run_after=2025-10-03 00:00:00+00:00
[2025-10-03T00:00:34.151+0000] {processor.py:183} INFO - Processing /home/airflow/.local/lib/python3.12/site-packages/airflow/example_dags/example_branch_operator.py took 0.213 seconds
[2025-10-03T00:01:04.966+0000] {processor.py:161} INFO - Started process (PID=14523) to work on /home/airflow/.local/lib/python3.12/site-packages/airflow/example_dags/example_branch_operator.py
[2025-10-03T00:01:04.968+0000] {processor.py:830} INFO - Processing file /home/airflow/.local/lib/python3.12/site-packages/airflow/example_dags/example_branch_operator.py for tasks to queue
[2025-10-03T00:01:04.970+0000] {logging_mixin.py:188} INFO - [2025-10-03T00:01:04.970+0000] {dagbag.py:545} INFO - Filling up the DagBag from /home/airflow/.local/lib/python3.12/site-packages/airflow/example_dags/example_branch_operator.py
[2025-10-03T00:01:05.018+0000] {processor.py:840} INFO - DAG(s) 'example_branch_operator' retrieved from /home/airflow/.local/lib/python3.12/site-packages/airflow/example_dags/example_branch_operator.py
[2025-10-03T00:01:05.101+0000] {logging_mixin.py:188} INFO - [2025-10-03T00:01:05.101+0000] {dag.py:3096} INFO - Sync 1 DAGs
[2025-10-03T00:01:05.158+0000] {logging_mixin.py:188} INFO - [2025-10-03T00:01:05.158+0000] {dag.py:3954} INFO - Setting next_dagrun for example_branch_operator to 2025-10-02 00:00:00+00:00, run_after=2025-10-03 00:00:00+00:00
[2025-10-03T00:01:05.204+0000] {processor.py:183} INFO - Processing /home/airflow/.local/lib/python3.12/site-packages/airflow/example_dags/example_branch_operator.py took 0.254 seconds
[2025-10-03T00:01:35.704+0000] {processor.py:161} INFO - Started process (PID=14576) to work on /home/airflow/.local/lib/python3.12/site-packages/airflow/example_dags/example_branch_operator.py
[2025-10-03T00:01:35.709+0000] {processor.py:830} INFO - Processing file /home/airflow/.local/lib/python3.12/site-packages/airflow/example_dags/example_branch_operator.py for tasks to queue
[2025-10-03T00:01:35.714+0000] {logging_mixin.py:188} INFO - [2025-10-03T00:01:35.712+0000] {dagbag.py:545} INFO - Filling up the DagBag from /home/airflow/.local/lib/python3.12/site-packages/airflow/example_dags/example_branch_operator.py
[2025-10-03T00:01:35.769+0000] {processor.py:840} INFO - DAG(s) 'example_branch_operator' retrieved from /home/airflow/.local/lib/python3.12/site-packages/airflow/example_dags/example_branch_operator.py
[2025-10-03T00:01:35.836+0000] {logging_mixin.py:188} INFO - [2025-10-03T00:01:35.835+0000] {dag.py:3096} INFO - Sync 1 DAGs
[2025-10-03T00:01:35.908+0000] {logging_mixin.py:188} INFO - [2025-10-03T00:01:35.908+0000] {dag.py:3954} INFO - Setting next_dagrun for example_branch_operator to 2025-10-02 00:00:00+00:00, run_after=2025-10-03 00:00:00+00:00
[2025-10-03T00:01:35.949+0000] {processor.py:183} INFO - Processing /home/airflow/.local/lib/python3.12/site-packages/airflow/example_dags/example_branch_operator.py took 0.281 seconds
[2025-10-03T00:02:06.233+0000] {processor.py:161} INFO - Started process (PID=14629) to work on /home/airflow/.local/lib/python3.12/site-packages/airflow/example_dags/example_branch_operator.py
[2025-10-03T00:02:06.236+0000] {processor.py:830} INFO - Processing file /home/airflow/.local/lib/python3.12/site-packages/airflow/example_dags/example_branch_operator.py for tasks to queue
[2025-10-03T00:02:06.238+0000] {logging_mixin.py:188} INFO - [2025-10-03T00:02:06.237+0000] {dagbag.py:545} INFO - Filling up the DagBag from /home/airflow/.local/lib/python3.12/site-packages/airflow/example_dags/example_branch_operator.py
[2025-10-03T00:02:06.282+0000] {processor.py:840} INFO - DAG(s) 'example_branch_operator' retrieved from /home/airflow/.local/lib/python3.12/site-packages/airflow/example_dags/example_branch_operator.py
[2025-10-03T00:02:06.349+0000] {logging_mixin.py:188} INFO - [2025-10-03T00:02:06.348+0000] {dag.py:3096} INFO - Sync 1 DAGs
[2025-10-03T00:02:06.415+0000] {logging_mixin.py:188} INFO - [2025-10-03T00:02:06.415+0000] {dag.py:3954} INFO - Setting next_dagrun for example_branch_operator to 2025-10-02 00:00:00+00:00, run_after=2025-10-03 00:00:00+00:00
[2025-10-03T00:02:06.476+0000] {processor.py:183} INFO - Processing /home/airflow/.local/lib/python3.12/site-packages/airflow/example_dags/example_branch_operator.py took 0.261 seconds
[2025-10-03T00:02:37.978+0000] {processor.py:161} INFO - Started process (PID=14684) to work on /home/airflow/.local/lib/python3.12/site-packages/airflow/example_dags/example_branch_operator.py
[2025-10-03T00:02:37.980+0000] {processor.py:830} INFO - Processing file /home/airflow/.local/lib/python3.12/site-packages/airflow/example_dags/example_branch_operator.py for tasks to queue
[2025-10-03T00:02:37.983+0000] {logging_mixin.py:188} INFO - [2025-10-03T00:02:37.982+0000] {dagbag.py:545} INFO - Filling up the DagBag from /home/airflow/.local/lib/python3.12/site-packages/airflow/example_dags/example_branch_operator.py
[2025-10-03T00:02:38.023+0000] {processor.py:840} INFO - DAG(s) 'example_branch_operator' retrieved from /home/airflow/.local/lib/python3.12/site-packages/airflow/example_dags/example_branch_operator.py
[2025-10-03T00:02:38.087+0000] {logging_mixin.py:188} INFO - [2025-10-03T00:02:38.086+0000] {dag.py:3096} INFO - Sync 1 DAGs
[2025-10-03T00:02:38.134+0000] {logging_mixin.py:188} INFO - [2025-10-03T00:02:38.134+0000] {dag.py:3954} INFO - Setting next_dagrun for example_branch_operator to 2025-10-02 00:00:00+00:00, run_after=2025-10-03 00:00:00+00:00
[2025-10-03T00:02:38.175+0000] {processor.py:183} INFO - Processing /home/airflow/.local/lib/python3.12/site-packages/airflow/example_dags/example_branch_operator.py took 0.211 seconds
[2025-10-03T00:03:08.352+0000] {processor.py:161} INFO - Started process (PID=14737) to work on /home/airflow/.local/lib/python3.12/site-packages/airflow/example_dags/example_branch_operator.py
[2025-10-03T00:03:08.355+0000] {processor.py:830} INFO - Processing file /home/airflow/.local/lib/python3.12/site-packages/airflow/example_dags/example_branch_operator.py for tasks to queue
[2025-10-03T00:03:08.357+0000] {logging_mixin.py:188} INFO - [2025-10-03T00:03:08.356+0000] {dagbag.py:545} INFO - Filling up the DagBag from /home/airflow/.local/lib/python3.12/site-packages/airflow/example_dags/example_branch_operator.py
[2025-10-03T00:03:08.400+0000] {processor.py:840} INFO - DAG(s) 'example_branch_operator' retrieved from /home/airflow/.local/lib/python3.12/site-packages/airflow/example_dags/example_branch_operator.py
[2025-10-03T00:03:08.490+0000] {logging_mixin.py:188} INFO - [2025-10-03T00:03:08.489+0000] {dag.py:3096} INFO - Sync 1 DAGs
[2025-10-03T00:03:08.549+0000] {logging_mixin.py:188} INFO - [2025-10-03T00:03:08.549+0000] {dag.py:3954} INFO - Setting next_dagrun for example_branch_operator to 2025-10-02 00:00:00+00:00, run_after=2025-10-03 00:00:00+00:00
[2025-10-03T00:03:08.603+0000] {processor.py:183} INFO - Processing /home/airflow/.local/lib/python3.12/site-packages/airflow/example_dags/example_branch_operator.py took 0.269 seconds
[2025-10-03T00:03:38.834+0000] {processor.py:161} INFO - Started process (PID=14790) to work on /home/airflow/.local/lib/python3.12/site-packages/airflow/example_dags/example_branch_operator.py
[2025-10-03T00:03:38.836+0000] {processor.py:830} INFO - Processing file /home/airflow/.local/lib/python3.12/site-packages/airflow/example_dags/example_branch_operator.py for tasks to queue
[2025-10-03T00:03:38.838+0000] {logging_mixin.py:188} INFO - [2025-10-03T00:03:38.837+0000] {dagbag.py:545} INFO - Filling up the DagBag from /home/airflow/.local/lib/python3.12/site-packages/airflow/example_dags/example_branch_operator.py
[2025-10-03T00:03:38.877+0000] {processor.py:840} INFO - DAG(s) 'example_branch_operator' retrieved from /home/airflow/.local/lib/python3.12/site-packages/airflow/example_dags/example_branch_operator.py
[2025-10-03T00:03:38.947+0000] {logging_mixin.py:188} INFO - [2025-10-03T00:03:38.947+0000] {dag.py:3096} INFO - Sync 1 DAGs
[2025-10-03T00:03:38.998+0000] {logging_mixin.py:188} INFO - [2025-10-03T00:03:38.998+0000] {dag.py:3954} INFO - Setting next_dagrun for example_branch_operator to 2025-10-02 00:00:00+00:00, run_after=2025-10-03 00:00:00+00:00
[2025-10-03T00:03:39.044+0000] {processor.py:183} INFO - Processing /home/airflow/.local/lib/python3.12/site-packages/airflow/example_dags/example_branch_operator.py took 0.225 seconds
[2025-10-03T00:04:09.891+0000] {processor.py:161} INFO - Started process (PID=14843) to work on /home/airflow/.local/lib/python3.12/site-packages/airflow/example_dags/example_branch_operator.py
[2025-10-03T00:04:09.894+0000] {processor.py:830} INFO - Processing file /home/airflow/.local/lib/python3.12/site-packages/airflow/example_dags/example_branch_operator.py for tasks to queue
[2025-10-03T00:04:09.896+0000] {logging_mixin.py:188} INFO - [2025-10-03T00:04:09.895+0000] {dagbag.py:545} INFO - Filling up the DagBag from /home/airflow/.local/lib/python3.12/site-packages/airflow/example_dags/example_branch_operator.py
[2025-10-03T00:04:09.943+0000] {processor.py:840} INFO - DAG(s) 'example_branch_operator' retrieved from /home/airflow/.local/lib/python3.12/site-packages/airflow/example_dags/example_branch_operator.py
[2025-10-03T00:04:10.008+0000] {logging_mixin.py:188} INFO - [2025-10-03T00:04:10.008+0000] {dag.py:3096} INFO - Sync 1 DAGs
[2025-10-03T00:04:10.064+0000] {logging_mixin.py:188} INFO - [2025-10-03T00:04:10.063+0000] {dag.py:3954} INFO - Setting next_dagrun for example_branch_operator to 2025-10-02 00:00:00+00:00, run_after=2025-10-03 00:00:00+00:00
[2025-10-03T00:04:10.114+0000] {processor.py:183} INFO - Processing /home/airflow/.local/lib/python3.12/site-packages/airflow/example_dags/example_branch_operator.py took 0.238 seconds
[2025-10-03T00:04:40.512+0000] {processor.py:161} INFO - Started process (PID=14896) to work on /home/airflow/.local/lib/python3.12/site-packages/airflow/example_dags/example_branch_operator.py
[2025-10-03T00:04:40.516+0000] {processor.py:830} INFO - Processing file /home/airflow/.local/lib/python3.12/site-packages/airflow/example_dags/example_branch_operator.py for tasks to queue
[2025-10-03T00:04:40.521+0000] {logging_mixin.py:188} INFO - [2025-10-03T00:04:40.518+0000] {dagbag.py:545} INFO - Filling up the DagBag from /home/airflow/.local/lib/python3.12/site-packages/airflow/example_dags/example_branch_operator.py
[2025-10-03T00:04:40.582+0000] {processor.py:840} INFO - DAG(s) 'example_branch_operator' retrieved from /home/airflow/.local/lib/python3.12/site-packages/airflow/example_dags/example_branch_operator.py
[2025-10-03T00:04:40.671+0000] {logging_mixin.py:188} INFO - [2025-10-03T00:04:40.670+0000] {dag.py:3096} INFO - Sync 1 DAGs
[2025-10-03T00:04:40.739+0000] {logging_mixin.py:188} INFO - [2025-10-03T00:04:40.738+0000] {dag.py:3954} INFO - Setting next_dagrun for example_branch_operator to 2025-10-02 00:00:00+00:00, run_after=2025-10-03 00:00:00+00:00
[2025-10-03T00:04:40.789+0000] {processor.py:183} INFO - Processing /home/airflow/.local/lib/python3.12/site-packages/airflow/example_dags/example_branch_operator.py took 0.297 seconds
[2025-10-03T00:05:11.065+0000] {processor.py:161} INFO - Started process (PID=14949) to work on /home/airflow/.local/lib/python3.12/site-packages/airflow/example_dags/example_branch_operator.py
[2025-10-03T00:05:11.068+0000] {processor.py:830} INFO - Processing file /home/airflow/.local/lib/python3.12/site-packages/airflow/example_dags/example_branch_operator.py for tasks to queue
[2025-10-03T00:05:11.070+0000] {logging_mixin.py:188} INFO - [2025-10-03T00:05:11.069+0000] {dagbag.py:545} INFO - Filling up the DagBag from /home/airflow/.local/lib/python3.12/site-packages/airflow/example_dags/example_branch_operator.py
[2025-10-03T00:05:11.116+0000] {processor.py:840} INFO - DAG(s) 'example_branch_operator' retrieved from /home/airflow/.local/lib/python3.12/site-packages/airflow/example_dags/example_branch_operator.py
[2025-10-03T00:05:11.187+0000] {logging_mixin.py:188} INFO - [2025-10-03T00:05:11.187+0000] {dag.py:3096} INFO - Sync 1 DAGs
[2025-10-03T00:05:11.253+0000] {logging_mixin.py:188} INFO - [2025-10-03T00:05:11.253+0000] {dag.py:3954} INFO - Setting next_dagrun for example_branch_operator to 2025-10-02 00:00:00+00:00, run_after=2025-10-03 00:00:00+00:00
[2025-10-03T00:05:11.301+0000] {processor.py:183} INFO - Processing /home/airflow/.local/lib/python3.12/site-packages/airflow/example_dags/example_branch_operator.py took 0.254 seconds
[2025-10-03T00:05:41.394+0000] {processor.py:161} INFO - Started process (PID=15003) to work on /home/airflow/.local/lib/python3.12/site-packages/airflow/example_dags/example_branch_operator.py
[2025-10-03T00:05:41.397+0000] {processor.py:830} INFO - Processing file /home/airflow/.local/lib/python3.12/site-packages/airflow/example_dags/example_branch_operator.py for tasks to queue
[2025-10-03T00:05:41.399+0000] {logging_mixin.py:188} INFO - [2025-10-03T00:05:41.398+0000] {dagbag.py:545} INFO - Filling up the DagBag from /home/airflow/.local/lib/python3.12/site-packages/airflow/example_dags/example_branch_operator.py
[2025-10-03T00:05:41.442+0000] {processor.py:840} INFO - DAG(s) 'example_branch_operator' retrieved from /home/airflow/.local/lib/python3.12/site-packages/airflow/example_dags/example_branch_operator.py
[2025-10-03T00:05:41.508+0000] {logging_mixin.py:188} INFO - [2025-10-03T00:05:41.507+0000] {dag.py:3096} INFO - Sync 1 DAGs
[2025-10-03T00:05:41.561+0000] {logging_mixin.py:188} INFO - [2025-10-03T00:05:41.561+0000] {dag.py:3954} INFO - Setting next_dagrun for example_branch_operator to 2025-10-02 00:00:00+00:00, run_after=2025-10-03 00:00:00+00:00
[2025-10-03T00:05:41.602+0000] {processor.py:183} INFO - Processing /home/airflow/.local/lib/python3.12/site-packages/airflow/example_dags/example_branch_operator.py took 0.222 seconds
[2025-10-03T00:06:12.114+0000] {processor.py:161} INFO - Started process (PID=15055) to work on /home/airflow/.local/lib/python3.12/site-packages/airflow/example_dags/example_branch_operator.py
[2025-10-03T00:06:12.119+0000] {processor.py:830} INFO - Processing file /home/airflow/.local/lib/python3.12/site-packages/airflow/example_dags/example_branch_operator.py for tasks to queue
[2025-10-03T00:06:12.125+0000] {logging_mixin.py:188} INFO - [2025-10-03T00:06:12.122+0000] {dagbag.py:545} INFO - Filling up the DagBag from /home/airflow/.local/lib/python3.12/site-packages/airflow/example_dags/example_branch_operator.py
[2025-10-03T00:06:12.181+0000] {processor.py:840} INFO - DAG(s) 'example_branch_operator' retrieved from /home/airflow/.local/lib/python3.12/site-packages/airflow/example_dags/example_branch_operator.py
[2025-10-03T00:06:12.273+0000] {logging_mixin.py:188} INFO - [2025-10-03T00:06:12.272+0000] {dag.py:3096} INFO - Sync 1 DAGs
[2025-10-03T00:06:12.352+0000] {logging_mixin.py:188} INFO - [2025-10-03T00:06:12.351+0000] {dag.py:3954} INFO - Setting next_dagrun for example_branch_operator to 2025-10-02 00:00:00+00:00, run_after=2025-10-03 00:00:00+00:00
[2025-10-03T00:06:12.408+0000] {processor.py:183} INFO - Processing /home/airflow/.local/lib/python3.12/site-packages/airflow/example_dags/example_branch_operator.py took 0.316 seconds
[2025-10-03T00:06:42.930+0000] {processor.py:161} INFO - Started process (PID=15107) to work on /home/airflow/.local/lib/python3.12/site-packages/airflow/example_dags/example_branch_operator.py
[2025-10-03T00:06:42.933+0000] {processor.py:830} INFO - Processing file /home/airflow/.local/lib/python3.12/site-packages/airflow/example_dags/example_branch_operator.py for tasks to queue
[2025-10-03T00:06:42.937+0000] {logging_mixin.py:188} INFO - [2025-10-03T00:06:42.935+0000] {dagbag.py:545} INFO - Filling up the DagBag from /home/airflow/.local/lib/python3.12/site-packages/airflow/example_dags/example_branch_operator.py
[2025-10-03T00:06:43.023+0000] {processor.py:840} INFO - DAG(s) 'example_branch_operator' retrieved from /home/airflow/.local/lib/python3.12/site-packages/airflow/example_dags/example_branch_operator.py
[2025-10-03T00:06:43.143+0000] {logging_mixin.py:188} INFO - [2025-10-03T00:06:43.142+0000] {dag.py:3096} INFO - Sync 1 DAGs
[2025-10-03T00:06:43.231+0000] {logging_mixin.py:188} INFO - [2025-10-03T00:06:43.231+0000] {dag.py:3954} INFO - Setting next_dagrun for example_branch_operator to 2025-10-02 00:00:00+00:00, run_after=2025-10-03 00:00:00+00:00
[2025-10-03T00:06:43.288+0000] {processor.py:183} INFO - Processing /home/airflow/.local/lib/python3.12/site-packages/airflow/example_dags/example_branch_operator.py took 0.393 seconds
[2025-10-03T00:07:13.574+0000] {processor.py:161} INFO - Started process (PID=15159) to work on /home/airflow/.local/lib/python3.12/site-packages/airflow/example_dags/example_branch_operator.py
[2025-10-03T00:07:13.576+0000] {processor.py:830} INFO - Processing file /home/airflow/.local/lib/python3.12/site-packages/airflow/example_dags/example_branch_operator.py for tasks to queue
[2025-10-03T00:07:13.579+0000] {logging_mixin.py:188} INFO - [2025-10-03T00:07:13.578+0000] {dagbag.py:545} INFO - Filling up the DagBag from /home/airflow/.local/lib/python3.12/site-packages/airflow/example_dags/example_branch_operator.py
[2025-10-03T00:07:13.712+0000] {processor.py:840} INFO - DAG(s) 'example_branch_operator' retrieved from /home/airflow/.local/lib/python3.12/site-packages/airflow/example_dags/example_branch_operator.py
[2025-10-03T00:07:13.959+0000] {logging_mixin.py:188} INFO - [2025-10-03T00:07:13.958+0000] {dag.py:3096} INFO - Sync 1 DAGs
[2025-10-03T00:07:14.087+0000] {logging_mixin.py:188} INFO - [2025-10-03T00:07:14.087+0000] {dag.py:3954} INFO - Setting next_dagrun for example_branch_operator to 2025-10-02 00:00:00+00:00, run_after=2025-10-03 00:00:00+00:00
[2025-10-03T00:07:14.148+0000] {processor.py:183} INFO - Processing /home/airflow/.local/lib/python3.12/site-packages/airflow/example_dags/example_branch_operator.py took 0.602 seconds
[2025-10-03T00:07:44.620+0000] {processor.py:161} INFO - Started process (PID=15212) to work on /home/airflow/.local/lib/python3.12/site-packages/airflow/example_dags/example_branch_operator.py
[2025-10-03T00:07:44.625+0000] {processor.py:830} INFO - Processing file /home/airflow/.local/lib/python3.12/site-packages/airflow/example_dags/example_branch_operator.py for tasks to queue
[2025-10-03T00:07:44.628+0000] {logging_mixin.py:188} INFO - [2025-10-03T00:07:44.627+0000] {dagbag.py:545} INFO - Filling up the DagBag from /home/airflow/.local/lib/python3.12/site-packages/airflow/example_dags/example_branch_operator.py
[2025-10-03T00:07:44.681+0000] {processor.py:840} INFO - DAG(s) 'example_branch_operator' retrieved from /home/airflow/.local/lib/python3.12/site-packages/airflow/example_dags/example_branch_operator.py
[2025-10-03T00:07:44.782+0000] {logging_mixin.py:188} INFO - [2025-10-03T00:07:44.782+0000] {dag.py:3096} INFO - Sync 1 DAGs
[2025-10-03T00:07:44.858+0000] {logging_mixin.py:188} INFO - [2025-10-03T00:07:44.857+0000] {dag.py:3954} INFO - Setting next_dagrun for example_branch_operator to 2025-10-02 00:00:00+00:00, run_after=2025-10-03 00:00:00+00:00
[2025-10-03T00:07:44.939+0000] {processor.py:183} INFO - Processing /home/airflow/.local/lib/python3.12/site-packages/airflow/example_dags/example_branch_operator.py took 0.342 seconds
[2025-10-03T00:08:15.482+0000] {processor.py:161} INFO - Started process (PID=15265) to work on /home/airflow/.local/lib/python3.12/site-packages/airflow/example_dags/example_branch_operator.py
[2025-10-03T00:08:15.484+0000] {processor.py:830} INFO - Processing file /home/airflow/.local/lib/python3.12/site-packages/airflow/example_dags/example_branch_operator.py for tasks to queue
[2025-10-03T00:08:15.487+0000] {logging_mixin.py:188} INFO - [2025-10-03T00:08:15.486+0000] {dagbag.py:545} INFO - Filling up the DagBag from /home/airflow/.local/lib/python3.12/site-packages/airflow/example_dags/example_branch_operator.py
[2025-10-03T00:08:15.537+0000] {processor.py:840} INFO - DAG(s) 'example_branch_operator' retrieved from /home/airflow/.local/lib/python3.12/site-packages/airflow/example_dags/example_branch_operator.py
[2025-10-03T00:08:15.614+0000] {logging_mixin.py:188} INFO - [2025-10-03T00:08:15.614+0000] {dag.py:3096} INFO - Sync 1 DAGs
[2025-10-03T00:08:15.678+0000] {logging_mixin.py:188} INFO - [2025-10-03T00:08:15.678+0000] {dag.py:3954} INFO - Setting next_dagrun for example_branch_operator to 2025-10-02 00:00:00+00:00, run_after=2025-10-03 00:00:00+00:00
[2025-10-03T00:08:15.723+0000] {processor.py:183} INFO - Processing /home/airflow/.local/lib/python3.12/site-packages/airflow/example_dags/example_branch_operator.py took 0.257 seconds
[2025-10-03T00:08:46.212+0000] {processor.py:161} INFO - Started process (PID=15318) to work on /home/airflow/.local/lib/python3.12/site-packages/airflow/example_dags/example_branch_operator.py
[2025-10-03T00:08:46.215+0000] {processor.py:830} INFO - Processing file /home/airflow/.local/lib/python3.12/site-packages/airflow/example_dags/example_branch_operator.py for tasks to queue
[2025-10-03T00:08:46.217+0000] {logging_mixin.py:188} INFO - [2025-10-03T00:08:46.216+0000] {dagbag.py:545} INFO - Filling up the DagBag from /home/airflow/.local/lib/python3.12/site-packages/airflow/example_dags/example_branch_operator.py
[2025-10-03T00:08:46.264+0000] {processor.py:840} INFO - DAG(s) 'example_branch_operator' retrieved from /home/airflow/.local/lib/python3.12/site-packages/airflow/example_dags/example_branch_operator.py
[2025-10-03T00:08:46.332+0000] {logging_mixin.py:188} INFO - [2025-10-03T00:08:46.331+0000] {dag.py:3096} INFO - Sync 1 DAGs
[2025-10-03T00:08:46.387+0000] {logging_mixin.py:188} INFO - [2025-10-03T00:08:46.386+0000] {dag.py:3954} INFO - Setting next_dagrun for example_branch_operator to 2025-10-02 00:00:00+00:00, run_after=2025-10-03 00:00:00+00:00
[2025-10-03T00:08:46.459+0000] {processor.py:183} INFO - Processing /home/airflow/.local/lib/python3.12/site-packages/airflow/example_dags/example_branch_operator.py took 0.262 seconds
[2025-10-03T00:09:16.968+0000] {processor.py:161} INFO - Started process (PID=15371) to work on /home/airflow/.local/lib/python3.12/site-packages/airflow/example_dags/example_branch_operator.py
[2025-10-03T00:09:16.973+0000] {processor.py:830} INFO - Processing file /home/airflow/.local/lib/python3.12/site-packages/airflow/example_dags/example_branch_operator.py for tasks to queue
[2025-10-03T00:09:16.976+0000] {logging_mixin.py:188} INFO - [2025-10-03T00:09:16.975+0000] {dagbag.py:545} INFO - Filling up the DagBag from /home/airflow/.local/lib/python3.12/site-packages/airflow/example_dags/example_branch_operator.py
[2025-10-03T00:09:17.018+0000] {processor.py:840} INFO - DAG(s) 'example_branch_operator' retrieved from /home/airflow/.local/lib/python3.12/site-packages/airflow/example_dags/example_branch_operator.py
[2025-10-03T00:09:17.085+0000] {logging_mixin.py:188} INFO - [2025-10-03T00:09:17.085+0000] {dag.py:3096} INFO - Sync 1 DAGs
[2025-10-03T00:09:17.140+0000] {logging_mixin.py:188} INFO - [2025-10-03T00:09:17.140+0000] {dag.py:3954} INFO - Setting next_dagrun for example_branch_operator to 2025-10-02 00:00:00+00:00, run_after=2025-10-03 00:00:00+00:00
[2025-10-03T00:09:17.193+0000] {processor.py:183} INFO - Processing /home/airflow/.local/lib/python3.12/site-packages/airflow/example_dags/example_branch_operator.py took 0.251 seconds
[2025-10-03T00:09:47.442+0000] {processor.py:161} INFO - Started process (PID=15424) to work on /home/airflow/.local/lib/python3.12/site-packages/airflow/example_dags/example_branch_operator.py
[2025-10-03T00:09:47.445+0000] {processor.py:830} INFO - Processing file /home/airflow/.local/lib/python3.12/site-packages/airflow/example_dags/example_branch_operator.py for tasks to queue
[2025-10-03T00:09:47.447+0000] {logging_mixin.py:188} INFO - [2025-10-03T00:09:47.447+0000] {dagbag.py:545} INFO - Filling up the DagBag from /home/airflow/.local/lib/python3.12/site-packages/airflow/example_dags/example_branch_operator.py
[2025-10-03T00:09:47.484+0000] {processor.py:840} INFO - DAG(s) 'example_branch_operator' retrieved from /home/airflow/.local/lib/python3.12/site-packages/airflow/example_dags/example_branch_operator.py
[2025-10-03T00:09:47.560+0000] {logging_mixin.py:188} INFO - [2025-10-03T00:09:47.559+0000] {dag.py:3096} INFO - Sync 1 DAGs
[2025-10-03T00:09:47.608+0000] {logging_mixin.py:188} INFO - [2025-10-03T00:09:47.608+0000] {dag.py:3954} INFO - Setting next_dagrun for example_branch_operator to 2025-10-02 00:00:00+00:00, run_after=2025-10-03 00:00:00+00:00
[2025-10-03T00:09:47.650+0000] {processor.py:183} INFO - Processing /home/airflow/.local/lib/python3.12/site-packages/airflow/example_dags/example_branch_operator.py took 0.222 seconds
[2025-10-03T00:10:17.994+0000] {processor.py:161} INFO - Started process (PID=15477) to work on /home/airflow/.local/lib/python3.12/site-packages/airflow/example_dags/example_branch_operator.py
[2025-10-03T00:10:17.996+0000] {processor.py:830} INFO - Processing file /home/airflow/.local/lib/python3.12/site-packages/airflow/example_dags/example_branch_operator.py for tasks to queue
[2025-10-03T00:10:17.999+0000] {logging_mixin.py:188} INFO - [2025-10-03T00:10:17.998+0000] {dagbag.py:545} INFO - Filling up the DagBag from /home/airflow/.local/lib/python3.12/site-packages/airflow/example_dags/example_branch_operator.py
[2025-10-03T00:10:18.035+0000] {processor.py:840} INFO - DAG(s) 'example_branch_operator' retrieved from /home/airflow/.local/lib/python3.12/site-packages/airflow/example_dags/example_branch_operator.py
[2025-10-03T00:10:18.098+0000] {logging_mixin.py:188} INFO - [2025-10-03T00:10:18.097+0000] {dag.py:3096} INFO - Sync 1 DAGs
[2025-10-03T00:10:18.151+0000] {logging_mixin.py:188} INFO - [2025-10-03T00:10:18.150+0000] {dag.py:3954} INFO - Setting next_dagrun for example_branch_operator to 2025-10-02 00:00:00+00:00, run_after=2025-10-03 00:00:00+00:00
[2025-10-03T00:10:18.191+0000] {processor.py:183} INFO - Processing /home/airflow/.local/lib/python3.12/site-packages/airflow/example_dags/example_branch_operator.py took 0.210 seconds
[2025-10-03T00:10:48.486+0000] {processor.py:161} INFO - Started process (PID=15530) to work on /home/airflow/.local/lib/python3.12/site-packages/airflow/example_dags/example_branch_operator.py
[2025-10-03T00:10:48.489+0000] {processor.py:830} INFO - Processing file /home/airflow/.local/lib/python3.12/site-packages/airflow/example_dags/example_branch_operator.py for tasks to queue
[2025-10-03T00:10:48.492+0000] {logging_mixin.py:188} INFO - [2025-10-03T00:10:48.491+0000] {dagbag.py:545} INFO - Filling up the DagBag from /home/airflow/.local/lib/python3.12/site-packages/airflow/example_dags/example_branch_operator.py
[2025-10-03T00:10:48.532+0000] {processor.py:840} INFO - DAG(s) 'example_branch_operator' retrieved from /home/airflow/.local/lib/python3.12/site-packages/airflow/example_dags/example_branch_operator.py
[2025-10-03T00:10:48.598+0000] {logging_mixin.py:188} INFO - [2025-10-03T00:10:48.598+0000] {dag.py:3096} INFO - Sync 1 DAGs
[2025-10-03T00:10:48.655+0000] {logging_mixin.py:188} INFO - [2025-10-03T00:10:48.654+0000] {dag.py:3954} INFO - Setting next_dagrun for example_branch_operator to 2025-10-02 00:00:00+00:00, run_after=2025-10-03 00:00:00+00:00
[2025-10-03T00:10:48.697+0000] {processor.py:183} INFO - Processing /home/airflow/.local/lib/python3.12/site-packages/airflow/example_dags/example_branch_operator.py took 0.228 seconds
[2025-10-03T00:11:19.793+0000] {processor.py:161} INFO - Started process (PID=15583) to work on /home/airflow/.local/lib/python3.12/site-packages/airflow/example_dags/example_branch_operator.py
[2025-10-03T00:11:19.796+0000] {processor.py:830} INFO - Processing file /home/airflow/.local/lib/python3.12/site-packages/airflow/example_dags/example_branch_operator.py for tasks to queue
[2025-10-03T00:11:19.802+0000] {logging_mixin.py:188} INFO - [2025-10-03T00:11:19.800+0000] {dagbag.py:545} INFO - Filling up the DagBag from /home/airflow/.local/lib/python3.12/site-packages/airflow/example_dags/example_branch_operator.py
[2025-10-03T00:11:19.901+0000] {processor.py:840} INFO - DAG(s) 'example_branch_operator' retrieved from /home/airflow/.local/lib/python3.12/site-packages/airflow/example_dags/example_branch_operator.py
[2025-10-03T00:11:20.085+0000] {logging_mixin.py:188} INFO - [2025-10-03T00:11:20.085+0000] {dag.py:3096} INFO - Sync 1 DAGs
[2025-10-03T00:11:20.248+0000] {logging_mixin.py:188} INFO - [2025-10-03T00:11:20.238+0000] {dag.py:3954} INFO - Setting next_dagrun for example_branch_operator to 2025-10-02 00:00:00+00:00, run_after=2025-10-03 00:00:00+00:00
[2025-10-03T00:11:20.356+0000] {processor.py:183} INFO - Processing /home/airflow/.local/lib/python3.12/site-packages/airflow/example_dags/example_branch_operator.py took 0.608 seconds
[2025-10-03T00:11:50.545+0000] {processor.py:161} INFO - Started process (PID=15636) to work on /home/airflow/.local/lib/python3.12/site-packages/airflow/example_dags/example_branch_operator.py
[2025-10-03T00:11:50.550+0000] {processor.py:830} INFO - Processing file /home/airflow/.local/lib/python3.12/site-packages/airflow/example_dags/example_branch_operator.py for tasks to queue
[2025-10-03T00:11:50.552+0000] {logging_mixin.py:188} INFO - [2025-10-03T00:11:50.551+0000] {dagbag.py:545} INFO - Filling up the DagBag from /home/airflow/.local/lib/python3.12/site-packages/airflow/example_dags/example_branch_operator.py
[2025-10-03T00:11:50.609+0000] {processor.py:840} INFO - DAG(s) 'example_branch_operator' retrieved from /home/airflow/.local/lib/python3.12/site-packages/airflow/example_dags/example_branch_operator.py
[2025-10-03T00:11:50.707+0000] {logging_mixin.py:188} INFO - [2025-10-03T00:11:50.706+0000] {dag.py:3096} INFO - Sync 1 DAGs
[2025-10-03T00:11:50.763+0000] {logging_mixin.py:188} INFO - [2025-10-03T00:11:50.762+0000] {dag.py:3954} INFO - Setting next_dagrun for example_branch_operator to 2025-10-02 00:00:00+00:00, run_after=2025-10-03 00:00:00+00:00
[2025-10-03T00:11:50.808+0000] {processor.py:183} INFO - Processing /home/airflow/.local/lib/python3.12/site-packages/airflow/example_dags/example_branch_operator.py took 0.286 seconds
[2025-10-03T00:12:21.180+0000] {processor.py:161} INFO - Started process (PID=15689) to work on /home/airflow/.local/lib/python3.12/site-packages/airflow/example_dags/example_branch_operator.py
[2025-10-03T00:12:21.183+0000] {processor.py:830} INFO - Processing file /home/airflow/.local/lib/python3.12/site-packages/airflow/example_dags/example_branch_operator.py for tasks to queue
[2025-10-03T00:12:21.186+0000] {logging_mixin.py:188} INFO - [2025-10-03T00:12:21.185+0000] {dagbag.py:545} INFO - Filling up the DagBag from /home/airflow/.local/lib/python3.12/site-packages/airflow/example_dags/example_branch_operator.py
[2025-10-03T00:12:21.241+0000] {processor.py:840} INFO - DAG(s) 'example_branch_operator' retrieved from /home/airflow/.local/lib/python3.12/site-packages/airflow/example_dags/example_branch_operator.py
[2025-10-03T00:12:21.325+0000] {logging_mixin.py:188} INFO - [2025-10-03T00:12:21.324+0000] {dag.py:3096} INFO - Sync 1 DAGs
[2025-10-03T00:12:21.389+0000] {logging_mixin.py:188} INFO - [2025-10-03T00:12:21.388+0000] {dag.py:3954} INFO - Setting next_dagrun for example_branch_operator to 2025-10-02 00:00:00+00:00, run_after=2025-10-03 00:00:00+00:00
[2025-10-03T00:12:21.445+0000] {processor.py:183} INFO - Processing /home/airflow/.local/lib/python3.12/site-packages/airflow/example_dags/example_branch_operator.py took 0.281 seconds
[2025-10-03T00:12:52.132+0000] {processor.py:161} INFO - Started process (PID=15742) to work on /home/airflow/.local/lib/python3.12/site-packages/airflow/example_dags/example_branch_operator.py
[2025-10-03T00:12:52.135+0000] {processor.py:830} INFO - Processing file /home/airflow/.local/lib/python3.12/site-packages/airflow/example_dags/example_branch_operator.py for tasks to queue
[2025-10-03T00:12:52.138+0000] {logging_mixin.py:188} INFO - [2025-10-03T00:12:52.137+0000] {dagbag.py:545} INFO - Filling up the DagBag from /home/airflow/.local/lib/python3.12/site-packages/airflow/example_dags/example_branch_operator.py
[2025-10-03T00:12:52.185+0000] {processor.py:840} INFO - DAG(s) 'example_branch_operator' retrieved from /home/airflow/.local/lib/python3.12/site-packages/airflow/example_dags/example_branch_operator.py
[2025-10-03T00:12:52.263+0000] {logging_mixin.py:188} INFO - [2025-10-03T00:12:52.262+0000] {dag.py:3096} INFO - Sync 1 DAGs
[2025-10-03T00:12:52.319+0000] {logging_mixin.py:188} INFO - [2025-10-03T00:12:52.319+0000] {dag.py:3954} INFO - Setting next_dagrun for example_branch_operator to 2025-10-02 00:00:00+00:00, run_after=2025-10-03 00:00:00+00:00
[2025-10-03T00:12:52.377+0000] {processor.py:183} INFO - Processing /home/airflow/.local/lib/python3.12/site-packages/airflow/example_dags/example_branch_operator.py took 0.260 seconds
[2025-10-03T00:13:22.702+0000] {processor.py:161} INFO - Started process (PID=15795) to work on /home/airflow/.local/lib/python3.12/site-packages/airflow/example_dags/example_branch_operator.py
[2025-10-03T00:13:22.704+0000] {processor.py:830} INFO - Processing file /home/airflow/.local/lib/python3.12/site-packages/airflow/example_dags/example_branch_operator.py for tasks to queue
[2025-10-03T00:13:22.706+0000] {logging_mixin.py:188} INFO - [2025-10-03T00:13:22.706+0000] {dagbag.py:545} INFO - Filling up the DagBag from /home/airflow/.local/lib/python3.12/site-packages/airflow/example_dags/example_branch_operator.py
[2025-10-03T00:13:22.748+0000] {processor.py:840} INFO - DAG(s) 'example_branch_operator' retrieved from /home/airflow/.local/lib/python3.12/site-packages/airflow/example_dags/example_branch_operator.py
[2025-10-03T00:13:22.826+0000] {logging_mixin.py:188} INFO - [2025-10-03T00:13:22.825+0000] {dag.py:3096} INFO - Sync 1 DAGs
[2025-10-03T00:13:22.876+0000] {logging_mixin.py:188} INFO - [2025-10-03T00:13:22.875+0000] {dag.py:3954} INFO - Setting next_dagrun for example_branch_operator to 2025-10-02 00:00:00+00:00, run_after=2025-10-03 00:00:00+00:00
[2025-10-03T00:13:22.926+0000] {processor.py:183} INFO - Processing /home/airflow/.local/lib/python3.12/site-packages/airflow/example_dags/example_branch_operator.py took 0.238 seconds
[2025-10-03T00:13:53.895+0000] {processor.py:161} INFO - Started process (PID=15848) to work on /home/airflow/.local/lib/python3.12/site-packages/airflow/example_dags/example_branch_operator.py
[2025-10-03T00:13:53.898+0000] {processor.py:830} INFO - Processing file /home/airflow/.local/lib/python3.12/site-packages/airflow/example_dags/example_branch_operator.py for tasks to queue
[2025-10-03T00:13:53.900+0000] {logging_mixin.py:188} INFO - [2025-10-03T00:13:53.899+0000] {dagbag.py:545} INFO - Filling up the DagBag from /home/airflow/.local/lib/python3.12/site-packages/airflow/example_dags/example_branch_operator.py
[2025-10-03T00:13:53.974+0000] {processor.py:840} INFO - DAG(s) 'example_branch_operator' retrieved from /home/airflow/.local/lib/python3.12/site-packages/airflow/example_dags/example_branch_operator.py
[2025-10-03T00:13:54.068+0000] {logging_mixin.py:188} INFO - [2025-10-03T00:13:54.067+0000] {dag.py:3096} INFO - Sync 1 DAGs
[2025-10-03T00:13:54.138+0000] {logging_mixin.py:188} INFO - [2025-10-03T00:13:54.137+0000] {dag.py:3954} INFO - Setting next_dagrun for example_branch_operator to 2025-10-02 00:00:00+00:00, run_after=2025-10-03 00:00:00+00:00
[2025-10-03T00:13:54.191+0000] {processor.py:183} INFO - Processing /home/airflow/.local/lib/python3.12/site-packages/airflow/example_dags/example_branch_operator.py took 0.315 seconds
[2025-10-03T00:14:24.976+0000] {processor.py:161} INFO - Started process (PID=15901) to work on /home/airflow/.local/lib/python3.12/site-packages/airflow/example_dags/example_branch_operator.py
[2025-10-03T00:14:24.980+0000] {processor.py:830} INFO - Processing file /home/airflow/.local/lib/python3.12/site-packages/airflow/example_dags/example_branch_operator.py for tasks to queue
[2025-10-03T00:14:24.986+0000] {logging_mixin.py:188} INFO - [2025-10-03T00:14:24.984+0000] {dagbag.py:545} INFO - Filling up the DagBag from /home/airflow/.local/lib/python3.12/site-packages/airflow/example_dags/example_branch_operator.py
[2025-10-03T00:14:25.051+0000] {processor.py:840} INFO - DAG(s) 'example_branch_operator' retrieved from /home/airflow/.local/lib/python3.12/site-packages/airflow/example_dags/example_branch_operator.py
[2025-10-03T00:14:25.134+0000] {logging_mixin.py:188} INFO - [2025-10-03T00:14:25.133+0000] {dag.py:3096} INFO - Sync 1 DAGs
[2025-10-03T00:14:25.185+0000] {logging_mixin.py:188} INFO - [2025-10-03T00:14:25.185+0000] {dag.py:3954} INFO - Setting next_dagrun for example_branch_operator to 2025-10-02 00:00:00+00:00, run_after=2025-10-03 00:00:00+00:00
[2025-10-03T00:14:25.234+0000] {processor.py:183} INFO - Processing /home/airflow/.local/lib/python3.12/site-packages/airflow/example_dags/example_branch_operator.py took 0.277 seconds
[2025-10-03T00:14:55.554+0000] {processor.py:161} INFO - Started process (PID=15954) to work on /home/airflow/.local/lib/python3.12/site-packages/airflow/example_dags/example_branch_operator.py
[2025-10-03T00:14:55.558+0000] {processor.py:830} INFO - Processing file /home/airflow/.local/lib/python3.12/site-packages/airflow/example_dags/example_branch_operator.py for tasks to queue
[2025-10-03T00:14:55.560+0000] {logging_mixin.py:188} INFO - [2025-10-03T00:14:55.559+0000] {dagbag.py:545} INFO - Filling up the DagBag from /home/airflow/.local/lib/python3.12/site-packages/airflow/example_dags/example_branch_operator.py
[2025-10-03T00:14:55.599+0000] {processor.py:840} INFO - DAG(s) 'example_branch_operator' retrieved from /home/airflow/.local/lib/python3.12/site-packages/airflow/example_dags/example_branch_operator.py
[2025-10-03T00:14:55.666+0000] {logging_mixin.py:188} INFO - [2025-10-03T00:14:55.666+0000] {dag.py:3096} INFO - Sync 1 DAGs
[2025-10-03T00:14:55.720+0000] {logging_mixin.py:188} INFO - [2025-10-03T00:14:55.719+0000] {dag.py:3954} INFO - Setting next_dagrun for example_branch_operator to 2025-10-02 00:00:00+00:00, run_after=2025-10-03 00:00:00+00:00
[2025-10-03T00:14:55.759+0000] {processor.py:183} INFO - Processing /home/airflow/.local/lib/python3.12/site-packages/airflow/example_dags/example_branch_operator.py took 0.220 seconds
[2025-10-03T00:15:26.288+0000] {processor.py:161} INFO - Started process (PID=16007) to work on /home/airflow/.local/lib/python3.12/site-packages/airflow/example_dags/example_branch_operator.py
[2025-10-03T00:15:26.291+0000] {processor.py:830} INFO - Processing file /home/airflow/.local/lib/python3.12/site-packages/airflow/example_dags/example_branch_operator.py for tasks to queue
[2025-10-03T00:15:26.293+0000] {logging_mixin.py:188} INFO - [2025-10-03T00:15:26.292+0000] {dagbag.py:545} INFO - Filling up the DagBag from /home/airflow/.local/lib/python3.12/site-packages/airflow/example_dags/example_branch_operator.py
[2025-10-03T00:15:26.344+0000] {processor.py:840} INFO - DAG(s) 'example_branch_operator' retrieved from /home/airflow/.local/lib/python3.12/site-packages/airflow/example_dags/example_branch_operator.py
[2025-10-03T00:15:26.436+0000] {logging_mixin.py:188} INFO - [2025-10-03T00:15:26.435+0000] {dag.py:3096} INFO - Sync 1 DAGs
[2025-10-03T00:15:26.524+0000] {logging_mixin.py:188} INFO - [2025-10-03T00:15:26.524+0000] {dag.py:3954} INFO - Setting next_dagrun for example_branch_operator to 2025-10-02 00:00:00+00:00, run_after=2025-10-03 00:00:00+00:00
[2025-10-03T00:15:26.581+0000] {processor.py:183} INFO - Processing /home/airflow/.local/lib/python3.12/site-packages/airflow/example_dags/example_branch_operator.py took 0.311 seconds
[2025-10-03T00:15:56.902+0000] {processor.py:161} INFO - Started process (PID=16060) to work on /home/airflow/.local/lib/python3.12/site-packages/airflow/example_dags/example_branch_operator.py
[2025-10-03T00:15:56.907+0000] {processor.py:830} INFO - Processing file /home/airflow/.local/lib/python3.12/site-packages/airflow/example_dags/example_branch_operator.py for tasks to queue
[2025-10-03T00:15:56.912+0000] {logging_mixin.py:188} INFO - [2025-10-03T00:15:56.910+0000] {dagbag.py:545} INFO - Filling up the DagBag from /home/airflow/.local/lib/python3.12/site-packages/airflow/example_dags/example_branch_operator.py
[2025-10-03T00:15:57.029+0000] {processor.py:840} INFO - DAG(s) 'example_branch_operator' retrieved from /home/airflow/.local/lib/python3.12/site-packages/airflow/example_dags/example_branch_operator.py
[2025-10-03T00:15:57.142+0000] {logging_mixin.py:188} INFO - [2025-10-03T00:15:57.141+0000] {dag.py:3096} INFO - Sync 1 DAGs
[2025-10-03T00:15:57.199+0000] {logging_mixin.py:188} INFO - [2025-10-03T00:15:57.198+0000] {dag.py:3954} INFO - Setting next_dagrun for example_branch_operator to 2025-10-02 00:00:00+00:00, run_after=2025-10-03 00:00:00+00:00
[2025-10-03T00:15:57.249+0000] {processor.py:183} INFO - Processing /home/airflow/.local/lib/python3.12/site-packages/airflow/example_dags/example_branch_operator.py took 0.380 seconds
[2025-10-03T00:16:27.804+0000] {processor.py:161} INFO - Started process (PID=16113) to work on /home/airflow/.local/lib/python3.12/site-packages/airflow/example_dags/example_branch_operator.py
[2025-10-03T00:16:27.832+0000] {processor.py:830} INFO - Processing file /home/airflow/.local/lib/python3.12/site-packages/airflow/example_dags/example_branch_operator.py for tasks to queue
[2025-10-03T00:16:27.837+0000] {logging_mixin.py:188} INFO - [2025-10-03T00:16:27.836+0000] {dagbag.py:545} INFO - Filling up the DagBag from /home/airflow/.local/lib/python3.12/site-packages/airflow/example_dags/example_branch_operator.py
[2025-10-03T00:16:27.921+0000] {processor.py:840} INFO - DAG(s) 'example_branch_operator' retrieved from /home/airflow/.local/lib/python3.12/site-packages/airflow/example_dags/example_branch_operator.py
[2025-10-03T00:16:27.985+0000] {logging_mixin.py:188} INFO - [2025-10-03T00:16:27.985+0000] {dag.py:3096} INFO - Sync 1 DAGs
[2025-10-03T00:16:28.039+0000] {logging_mixin.py:188} INFO - [2025-10-03T00:16:28.039+0000] {dag.py:3954} INFO - Setting next_dagrun for example_branch_operator to 2025-10-02 00:00:00+00:00, run_after=2025-10-03 00:00:00+00:00
[2025-10-03T00:16:28.095+0000] {processor.py:183} INFO - Processing /home/airflow/.local/lib/python3.12/site-packages/airflow/example_dags/example_branch_operator.py took 0.325 seconds
[2025-10-03T00:16:58.440+0000] {processor.py:161} INFO - Started process (PID=16166) to work on /home/airflow/.local/lib/python3.12/site-packages/airflow/example_dags/example_branch_operator.py
[2025-10-03T00:16:58.442+0000] {processor.py:830} INFO - Processing file /home/airflow/.local/lib/python3.12/site-packages/airflow/example_dags/example_branch_operator.py for tasks to queue
[2025-10-03T00:16:58.445+0000] {logging_mixin.py:188} INFO - [2025-10-03T00:16:58.444+0000] {dagbag.py:545} INFO - Filling up the DagBag from /home/airflow/.local/lib/python3.12/site-packages/airflow/example_dags/example_branch_operator.py
[2025-10-03T00:16:58.487+0000] {processor.py:840} INFO - DAG(s) 'example_branch_operator' retrieved from /home/airflow/.local/lib/python3.12/site-packages/airflow/example_dags/example_branch_operator.py
[2025-10-03T00:16:58.569+0000] {logging_mixin.py:188} INFO - [2025-10-03T00:16:58.568+0000] {dag.py:3096} INFO - Sync 1 DAGs
[2025-10-03T00:16:58.617+0000] {logging_mixin.py:188} INFO - [2025-10-03T00:16:58.616+0000] {dag.py:3954} INFO - Setting next_dagrun for example_branch_operator to 2025-10-02 00:00:00+00:00, run_after=2025-10-03 00:00:00+00:00
[2025-10-03T00:16:58.655+0000] {processor.py:183} INFO - Processing /home/airflow/.local/lib/python3.12/site-packages/airflow/example_dags/example_branch_operator.py took 0.230 seconds
[2025-10-03T00:17:28.886+0000] {processor.py:161} INFO - Started process (PID=16219) to work on /home/airflow/.local/lib/python3.12/site-packages/airflow/example_dags/example_branch_operator.py
[2025-10-03T00:17:28.888+0000] {processor.py:830} INFO - Processing file /home/airflow/.local/lib/python3.12/site-packages/airflow/example_dags/example_branch_operator.py for tasks to queue
[2025-10-03T00:17:28.890+0000] {logging_mixin.py:188} INFO - [2025-10-03T00:17:28.889+0000] {dagbag.py:545} INFO - Filling up the DagBag from /home/airflow/.local/lib/python3.12/site-packages/airflow/example_dags/example_branch_operator.py
[2025-10-03T00:17:28.929+0000] {processor.py:840} INFO - DAG(s) 'example_branch_operator' retrieved from /home/airflow/.local/lib/python3.12/site-packages/airflow/example_dags/example_branch_operator.py
[2025-10-03T00:17:29.005+0000] {logging_mixin.py:188} INFO - [2025-10-03T00:17:29.004+0000] {dag.py:3096} INFO - Sync 1 DAGs
[2025-10-03T00:17:29.054+0000] {logging_mixin.py:188} INFO - [2025-10-03T00:17:29.054+0000] {dag.py:3954} INFO - Setting next_dagrun for example_branch_operator to 2025-10-02 00:00:00+00:00, run_after=2025-10-03 00:00:00+00:00
[2025-10-03T00:17:29.095+0000] {processor.py:183} INFO - Processing /home/airflow/.local/lib/python3.12/site-packages/airflow/example_dags/example_branch_operator.py took 0.225 seconds
[2025-10-03T00:17:59.302+0000] {processor.py:161} INFO - Started process (PID=16272) to work on /home/airflow/.local/lib/python3.12/site-packages/airflow/example_dags/example_branch_operator.py
[2025-10-03T00:17:59.305+0000] {processor.py:830} INFO - Processing file /home/airflow/.local/lib/python3.12/site-packages/airflow/example_dags/example_branch_operator.py for tasks to queue
[2025-10-03T00:17:59.307+0000] {logging_mixin.py:188} INFO - [2025-10-03T00:17:59.306+0000] {dagbag.py:545} INFO - Filling up the DagBag from /home/airflow/.local/lib/python3.12/site-packages/airflow/example_dags/example_branch_operator.py
[2025-10-03T00:17:59.345+0000] {processor.py:840} INFO - DAG(s) 'example_branch_operator' retrieved from /home/airflow/.local/lib/python3.12/site-packages/airflow/example_dags/example_branch_operator.py
[2025-10-03T00:17:59.429+0000] {logging_mixin.py:188} INFO - [2025-10-03T00:17:59.429+0000] {dag.py:3096} INFO - Sync 1 DAGs
[2025-10-03T00:17:59.482+0000] {logging_mixin.py:188} INFO - [2025-10-03T00:17:59.481+0000] {dag.py:3954} INFO - Setting next_dagrun for example_branch_operator to 2025-10-02 00:00:00+00:00, run_after=2025-10-03 00:00:00+00:00
[2025-10-03T00:17:59.521+0000] {processor.py:183} INFO - Processing /home/airflow/.local/lib/python3.12/site-packages/airflow/example_dags/example_branch_operator.py took 0.238 seconds
[2025-10-03T00:18:30.158+0000] {processor.py:161} INFO - Started process (PID=16325) to work on /home/airflow/.local/lib/python3.12/site-packages/airflow/example_dags/example_branch_operator.py
[2025-10-03T00:18:30.165+0000] {processor.py:830} INFO - Processing file /home/airflow/.local/lib/python3.12/site-packages/airflow/example_dags/example_branch_operator.py for tasks to queue
[2025-10-03T00:18:30.170+0000] {logging_mixin.py:188} INFO - [2025-10-03T00:18:30.168+0000] {dagbag.py:545} INFO - Filling up the DagBag from /home/airflow/.local/lib/python3.12/site-packages/airflow/example_dags/example_branch_operator.py
[2025-10-03T00:18:30.302+0000] {processor.py:840} INFO - DAG(s) 'example_branch_operator' retrieved from /home/airflow/.local/lib/python3.12/site-packages/airflow/example_dags/example_branch_operator.py
[2025-10-03T00:18:30.425+0000] {logging_mixin.py:188} INFO - [2025-10-03T00:18:30.424+0000] {dag.py:3096} INFO - Sync 1 DAGs
[2025-10-03T00:18:30.492+0000] {logging_mixin.py:188} INFO - [2025-10-03T00:18:30.491+0000] {dag.py:3954} INFO - Setting next_dagrun for example_branch_operator to 2025-10-02 00:00:00+00:00, run_after=2025-10-03 00:00:00+00:00
[2025-10-03T00:18:30.543+0000] {processor.py:183} INFO - Processing /home/airflow/.local/lib/python3.12/site-packages/airflow/example_dags/example_branch_operator.py took 0.454 seconds
[2025-10-03T00:19:00.903+0000] {processor.py:161} INFO - Started process (PID=16378) to work on /home/airflow/.local/lib/python3.12/site-packages/airflow/example_dags/example_branch_operator.py
[2025-10-03T00:19:00.905+0000] {processor.py:830} INFO - Processing file /home/airflow/.local/lib/python3.12/site-packages/airflow/example_dags/example_branch_operator.py for tasks to queue
[2025-10-03T00:19:00.907+0000] {logging_mixin.py:188} INFO - [2025-10-03T00:19:00.907+0000] {dagbag.py:545} INFO - Filling up the DagBag from /home/airflow/.local/lib/python3.12/site-packages/airflow/example_dags/example_branch_operator.py
[2025-10-03T00:19:00.961+0000] {processor.py:840} INFO - DAG(s) 'example_branch_operator' retrieved from /home/airflow/.local/lib/python3.12/site-packages/airflow/example_dags/example_branch_operator.py
[2025-10-03T00:19:01.104+0000] {logging_mixin.py:188} INFO - [2025-10-03T00:19:01.104+0000] {dag.py:3096} INFO - Sync 1 DAGs
[2025-10-03T00:19:01.295+0000] {logging_mixin.py:188} INFO - [2025-10-03T00:19:01.294+0000] {dag.py:3954} INFO - Setting next_dagrun for example_branch_operator to 2025-10-02 00:00:00+00:00, run_after=2025-10-03 00:00:00+00:00
[2025-10-03T00:19:01.392+0000] {processor.py:183} INFO - Processing /home/airflow/.local/lib/python3.12/site-packages/airflow/example_dags/example_branch_operator.py took 0.509 seconds
[2025-10-03T00:19:31.724+0000] {processor.py:161} INFO - Started process (PID=16431) to work on /home/airflow/.local/lib/python3.12/site-packages/airflow/example_dags/example_branch_operator.py
[2025-10-03T00:19:31.727+0000] {processor.py:830} INFO - Processing file /home/airflow/.local/lib/python3.12/site-packages/airflow/example_dags/example_branch_operator.py for tasks to queue
[2025-10-03T00:19:31.730+0000] {logging_mixin.py:188} INFO - [2025-10-03T00:19:31.729+0000] {dagbag.py:545} INFO - Filling up the DagBag from /home/airflow/.local/lib/python3.12/site-packages/airflow/example_dags/example_branch_operator.py
[2025-10-03T00:19:31.784+0000] {processor.py:840} INFO - DAG(s) 'example_branch_operator' retrieved from /home/airflow/.local/lib/python3.12/site-packages/airflow/example_dags/example_branch_operator.py
[2025-10-03T00:19:31.892+0000] {logging_mixin.py:188} INFO - [2025-10-03T00:19:31.892+0000] {dag.py:3096} INFO - Sync 1 DAGs
[2025-10-03T00:19:31.945+0000] {logging_mixin.py:188} INFO - [2025-10-03T00:19:31.944+0000] {dag.py:3954} INFO - Setting next_dagrun for example_branch_operator to 2025-10-02 00:00:00+00:00, run_after=2025-10-03 00:00:00+00:00
[2025-10-03T00:19:31.986+0000] {processor.py:183} INFO - Processing /home/airflow/.local/lib/python3.12/site-packages/airflow/example_dags/example_branch_operator.py took 0.287 seconds
[2025-10-03T00:20:02.601+0000] {processor.py:161} INFO - Started process (PID=16484) to work on /home/airflow/.local/lib/python3.12/site-packages/airflow/example_dags/example_branch_operator.py
[2025-10-03T00:20:02.604+0000] {processor.py:830} INFO - Processing file /home/airflow/.local/lib/python3.12/site-packages/airflow/example_dags/example_branch_operator.py for tasks to queue
[2025-10-03T00:20:02.606+0000] {logging_mixin.py:188} INFO - [2025-10-03T00:20:02.605+0000] {dagbag.py:545} INFO - Filling up the DagBag from /home/airflow/.local/lib/python3.12/site-packages/airflow/example_dags/example_branch_operator.py
[2025-10-03T00:20:02.646+0000] {processor.py:840} INFO - DAG(s) 'example_branch_operator' retrieved from /home/airflow/.local/lib/python3.12/site-packages/airflow/example_dags/example_branch_operator.py
[2025-10-03T00:20:02.722+0000] {logging_mixin.py:188} INFO - [2025-10-03T00:20:02.722+0000] {dag.py:3096} INFO - Sync 1 DAGs
[2025-10-03T00:20:02.773+0000] {logging_mixin.py:188} INFO - [2025-10-03T00:20:02.772+0000] {dag.py:3954} INFO - Setting next_dagrun for example_branch_operator to 2025-10-02 00:00:00+00:00, run_after=2025-10-03 00:00:00+00:00
[2025-10-03T00:20:02.820+0000] {processor.py:183} INFO - Processing /home/airflow/.local/lib/python3.12/site-packages/airflow/example_dags/example_branch_operator.py took 0.240 seconds
[2025-10-03T00:20:33.429+0000] {processor.py:161} INFO - Started process (PID=16537) to work on /home/airflow/.local/lib/python3.12/site-packages/airflow/example_dags/example_branch_operator.py
[2025-10-03T00:20:33.432+0000] {processor.py:830} INFO - Processing file /home/airflow/.local/lib/python3.12/site-packages/airflow/example_dags/example_branch_operator.py for tasks to queue
[2025-10-03T00:20:33.434+0000] {logging_mixin.py:188} INFO - [2025-10-03T00:20:33.433+0000] {dagbag.py:545} INFO - Filling up the DagBag from /home/airflow/.local/lib/python3.12/site-packages/airflow/example_dags/example_branch_operator.py
[2025-10-03T00:20:33.472+0000] {processor.py:840} INFO - DAG(s) 'example_branch_operator' retrieved from /home/airflow/.local/lib/python3.12/site-packages/airflow/example_dags/example_branch_operator.py
[2025-10-03T00:20:33.544+0000] {logging_mixin.py:188} INFO - [2025-10-03T00:20:33.543+0000] {dag.py:3096} INFO - Sync 1 DAGs
[2025-10-03T00:20:33.590+0000] {logging_mixin.py:188} INFO - [2025-10-03T00:20:33.590+0000] {dag.py:3954} INFO - Setting next_dagrun for example_branch_operator to 2025-10-02 00:00:00+00:00, run_after=2025-10-03 00:00:00+00:00
[2025-10-03T00:20:33.632+0000] {processor.py:183} INFO - Processing /home/airflow/.local/lib/python3.12/site-packages/airflow/example_dags/example_branch_operator.py took 0.217 seconds
[2025-10-03T00:21:03.913+0000] {processor.py:161} INFO - Started process (PID=16590) to work on /home/airflow/.local/lib/python3.12/site-packages/airflow/example_dags/example_branch_operator.py
[2025-10-03T00:21:03.916+0000] {processor.py:830} INFO - Processing file /home/airflow/.local/lib/python3.12/site-packages/airflow/example_dags/example_branch_operator.py for tasks to queue
[2025-10-03T00:21:03.920+0000] {logging_mixin.py:188} INFO - [2025-10-03T00:21:03.918+0000] {dagbag.py:545} INFO - Filling up the DagBag from /home/airflow/.local/lib/python3.12/site-packages/airflow/example_dags/example_branch_operator.py
[2025-10-03T00:21:03.968+0000] {processor.py:840} INFO - DAG(s) 'example_branch_operator' retrieved from /home/airflow/.local/lib/python3.12/site-packages/airflow/example_dags/example_branch_operator.py
[2025-10-03T00:21:04.037+0000] {logging_mixin.py:188} INFO - [2025-10-03T00:21:04.037+0000] {dag.py:3096} INFO - Sync 1 DAGs
[2025-10-03T00:21:04.092+0000] {logging_mixin.py:188} INFO - [2025-10-03T00:21:04.091+0000] {dag.py:3954} INFO - Setting next_dagrun for example_branch_operator to 2025-10-02 00:00:00+00:00, run_after=2025-10-03 00:00:00+00:00
[2025-10-03T00:21:04.139+0000] {processor.py:183} INFO - Processing /home/airflow/.local/lib/python3.12/site-packages/airflow/example_dags/example_branch_operator.py took 0.243 seconds
