[2025-10-03T00:00:24.979+0000] {processor.py:161} INFO - Started process (PID=14460) to work on /home/airflow/.local/lib/python3.12/site-packages/airflow/example_dags/example_nested_branch_dag.py
[2025-10-03T00:00:24.982+0000] {processor.py:830} INFO - Processing file /home/airflow/.local/lib/python3.12/site-packages/airflow/example_dags/example_nested_branch_dag.py for tasks to queue
[2025-10-03T00:00:24.984+0000] {logging_mixin.py:188} INFO - [2025-10-03T00:00:24.983+0000] {dagbag.py:545} INFO - Filling up the DagBag from /home/airflow/.local/lib/python3.12/site-packages/airflow/example_dags/example_nested_branch_dag.py
[2025-10-03T00:00:25.008+0000] {processor.py:840} INFO - DAG(s) 'example_nested_branch_dag' retrieved from /home/airflow/.local/lib/python3.12/site-packages/airflow/example_dags/example_nested_branch_dag.py
[2025-10-03T00:00:25.065+0000] {logging_mixin.py:188} INFO - [2025-10-03T00:00:25.064+0000] {dag.py:3096} INFO - Sync 1 DAGs
[2025-10-03T00:00:25.114+0000] {logging_mixin.py:188} INFO - [2025-10-03T00:00:25.113+0000] {dag.py:3954} INFO - Setting next_dagrun for example_nested_branch_dag to 2025-10-02 00:00:00+00:00, run_after=2025-10-03 00:00:00+00:00
[2025-10-03T00:00:25.169+0000] {processor.py:183} INFO - Processing /home/airflow/.local/lib/python3.12/site-packages/airflow/example_dags/example_nested_branch_dag.py took 0.206 seconds
[2025-10-03T00:00:55.755+0000] {processor.py:161} INFO - Started process (PID=14513) to work on /home/airflow/.local/lib/python3.12/site-packages/airflow/example_dags/example_nested_branch_dag.py
[2025-10-03T00:00:55.757+0000] {processor.py:830} INFO - Processing file /home/airflow/.local/lib/python3.12/site-packages/airflow/example_dags/example_nested_branch_dag.py for tasks to queue
[2025-10-03T00:00:55.762+0000] {logging_mixin.py:188} INFO - [2025-10-03T00:00:55.760+0000] {dagbag.py:545} INFO - Filling up the DagBag from /home/airflow/.local/lib/python3.12/site-packages/airflow/example_dags/example_nested_branch_dag.py
[2025-10-03T00:00:55.795+0000] {processor.py:840} INFO - DAG(s) 'example_nested_branch_dag' retrieved from /home/airflow/.local/lib/python3.12/site-packages/airflow/example_dags/example_nested_branch_dag.py
[2025-10-03T00:00:55.859+0000] {logging_mixin.py:188} INFO - [2025-10-03T00:00:55.858+0000] {dag.py:3096} INFO - Sync 1 DAGs
[2025-10-03T00:00:55.914+0000] {logging_mixin.py:188} INFO - [2025-10-03T00:00:55.913+0000] {dag.py:3954} INFO - Setting next_dagrun for example_nested_branch_dag to 2025-10-02 00:00:00+00:00, run_after=2025-10-03 00:00:00+00:00
[2025-10-03T00:00:55.963+0000] {processor.py:183} INFO - Processing /home/airflow/.local/lib/python3.12/site-packages/airflow/example_dags/example_nested_branch_dag.py took 0.227 seconds
[2025-10-03T00:01:26.213+0000] {processor.py:161} INFO - Started process (PID=14566) to work on /home/airflow/.local/lib/python3.12/site-packages/airflow/example_dags/example_nested_branch_dag.py
[2025-10-03T00:01:26.215+0000] {processor.py:830} INFO - Processing file /home/airflow/.local/lib/python3.12/site-packages/airflow/example_dags/example_nested_branch_dag.py for tasks to queue
[2025-10-03T00:01:26.218+0000] {logging_mixin.py:188} INFO - [2025-10-03T00:01:26.217+0000] {dagbag.py:545} INFO - Filling up the DagBag from /home/airflow/.local/lib/python3.12/site-packages/airflow/example_dags/example_nested_branch_dag.py
[2025-10-03T00:01:26.244+0000] {processor.py:840} INFO - DAG(s) 'example_nested_branch_dag' retrieved from /home/airflow/.local/lib/python3.12/site-packages/airflow/example_dags/example_nested_branch_dag.py
[2025-10-03T00:01:26.300+0000] {logging_mixin.py:188} INFO - [2025-10-03T00:01:26.300+0000] {dag.py:3096} INFO - Sync 1 DAGs
[2025-10-03T00:01:26.347+0000] {logging_mixin.py:188} INFO - [2025-10-03T00:01:26.347+0000] {dag.py:3954} INFO - Setting next_dagrun for example_nested_branch_dag to 2025-10-02 00:00:00+00:00, run_after=2025-10-03 00:00:00+00:00
[2025-10-03T00:01:26.403+0000] {processor.py:183} INFO - Processing /home/airflow/.local/lib/python3.12/site-packages/airflow/example_dags/example_nested_branch_dag.py took 0.204 seconds
[2025-10-03T00:01:56.712+0000] {processor.py:161} INFO - Started process (PID=14619) to work on /home/airflow/.local/lib/python3.12/site-packages/airflow/example_dags/example_nested_branch_dag.py
[2025-10-03T00:01:56.716+0000] {processor.py:830} INFO - Processing file /home/airflow/.local/lib/python3.12/site-packages/airflow/example_dags/example_nested_branch_dag.py for tasks to queue
[2025-10-03T00:01:56.719+0000] {logging_mixin.py:188} INFO - [2025-10-03T00:01:56.718+0000] {dagbag.py:545} INFO - Filling up the DagBag from /home/airflow/.local/lib/python3.12/site-packages/airflow/example_dags/example_nested_branch_dag.py
[2025-10-03T00:01:56.745+0000] {processor.py:840} INFO - DAG(s) 'example_nested_branch_dag' retrieved from /home/airflow/.local/lib/python3.12/site-packages/airflow/example_dags/example_nested_branch_dag.py
[2025-10-03T00:01:56.809+0000] {logging_mixin.py:188} INFO - [2025-10-03T00:01:56.808+0000] {dag.py:3096} INFO - Sync 1 DAGs
[2025-10-03T00:01:56.871+0000] {logging_mixin.py:188} INFO - [2025-10-03T00:01:56.871+0000] {dag.py:3954} INFO - Setting next_dagrun for example_nested_branch_dag to 2025-10-02 00:00:00+00:00, run_after=2025-10-03 00:00:00+00:00
[2025-10-03T00:01:56.921+0000] {processor.py:183} INFO - Processing /home/airflow/.local/lib/python3.12/site-packages/airflow/example_dags/example_nested_branch_dag.py took 0.225 seconds
[2025-10-03T00:02:27.367+0000] {processor.py:161} INFO - Started process (PID=14672) to work on /home/airflow/.local/lib/python3.12/site-packages/airflow/example_dags/example_nested_branch_dag.py
[2025-10-03T00:02:27.369+0000] {processor.py:830} INFO - Processing file /home/airflow/.local/lib/python3.12/site-packages/airflow/example_dags/example_nested_branch_dag.py for tasks to queue
[2025-10-03T00:02:27.371+0000] {logging_mixin.py:188} INFO - [2025-10-03T00:02:27.371+0000] {dagbag.py:545} INFO - Filling up the DagBag from /home/airflow/.local/lib/python3.12/site-packages/airflow/example_dags/example_nested_branch_dag.py
[2025-10-03T00:02:27.394+0000] {processor.py:840} INFO - DAG(s) 'example_nested_branch_dag' retrieved from /home/airflow/.local/lib/python3.12/site-packages/airflow/example_dags/example_nested_branch_dag.py
[2025-10-03T00:02:27.443+0000] {logging_mixin.py:188} INFO - [2025-10-03T00:02:27.442+0000] {dag.py:3096} INFO - Sync 1 DAGs
[2025-10-03T00:02:27.495+0000] {logging_mixin.py:188} INFO - [2025-10-03T00:02:27.495+0000] {dag.py:3954} INFO - Setting next_dagrun for example_nested_branch_dag to 2025-10-02 00:00:00+00:00, run_after=2025-10-03 00:00:00+00:00
[2025-10-03T00:02:27.536+0000] {processor.py:183} INFO - Processing /home/airflow/.local/lib/python3.12/site-packages/airflow/example_dags/example_nested_branch_dag.py took 0.183 seconds
[2025-10-03T00:02:57.872+0000] {processor.py:161} INFO - Started process (PID=14725) to work on /home/airflow/.local/lib/python3.12/site-packages/airflow/example_dags/example_nested_branch_dag.py
[2025-10-03T00:02:57.875+0000] {processor.py:830} INFO - Processing file /home/airflow/.local/lib/python3.12/site-packages/airflow/example_dags/example_nested_branch_dag.py for tasks to queue
[2025-10-03T00:02:57.877+0000] {logging_mixin.py:188} INFO - [2025-10-03T00:02:57.876+0000] {dagbag.py:545} INFO - Filling up the DagBag from /home/airflow/.local/lib/python3.12/site-packages/airflow/example_dags/example_nested_branch_dag.py
[2025-10-03T00:02:57.900+0000] {processor.py:840} INFO - DAG(s) 'example_nested_branch_dag' retrieved from /home/airflow/.local/lib/python3.12/site-packages/airflow/example_dags/example_nested_branch_dag.py
[2025-10-03T00:02:57.950+0000] {logging_mixin.py:188} INFO - [2025-10-03T00:02:57.949+0000] {dag.py:3096} INFO - Sync 1 DAGs
[2025-10-03T00:02:58.066+0000] {logging_mixin.py:188} INFO - [2025-10-03T00:02:58.065+0000] {dag.py:3954} INFO - Setting next_dagrun for example_nested_branch_dag to 2025-10-02 00:00:00+00:00, run_after=2025-10-03 00:00:00+00:00
[2025-10-03T00:02:58.118+0000] {processor.py:183} INFO - Processing /home/airflow/.local/lib/python3.12/site-packages/airflow/example_dags/example_nested_branch_dag.py took 0.260 seconds
[2025-10-03T00:03:28.420+0000] {processor.py:161} INFO - Started process (PID=14778) to work on /home/airflow/.local/lib/python3.12/site-packages/airflow/example_dags/example_nested_branch_dag.py
[2025-10-03T00:03:28.422+0000] {processor.py:830} INFO - Processing file /home/airflow/.local/lib/python3.12/site-packages/airflow/example_dags/example_nested_branch_dag.py for tasks to queue
[2025-10-03T00:03:28.425+0000] {logging_mixin.py:188} INFO - [2025-10-03T00:03:28.424+0000] {dagbag.py:545} INFO - Filling up the DagBag from /home/airflow/.local/lib/python3.12/site-packages/airflow/example_dags/example_nested_branch_dag.py
[2025-10-03T00:03:28.457+0000] {processor.py:840} INFO - DAG(s) 'example_nested_branch_dag' retrieved from /home/airflow/.local/lib/python3.12/site-packages/airflow/example_dags/example_nested_branch_dag.py
[2025-10-03T00:03:28.505+0000] {logging_mixin.py:188} INFO - [2025-10-03T00:03:28.504+0000] {dag.py:3096} INFO - Sync 1 DAGs
[2025-10-03T00:03:28.559+0000] {logging_mixin.py:188} INFO - [2025-10-03T00:03:28.558+0000] {dag.py:3954} INFO - Setting next_dagrun for example_nested_branch_dag to 2025-10-02 00:00:00+00:00, run_after=2025-10-03 00:00:00+00:00
[2025-10-03T00:03:28.614+0000] {processor.py:183} INFO - Processing /home/airflow/.local/lib/python3.12/site-packages/airflow/example_dags/example_nested_branch_dag.py took 0.213 seconds
[2025-10-03T00:03:59.204+0000] {processor.py:161} INFO - Started process (PID=14831) to work on /home/airflow/.local/lib/python3.12/site-packages/airflow/example_dags/example_nested_branch_dag.py
[2025-10-03T00:03:59.207+0000] {processor.py:830} INFO - Processing file /home/airflow/.local/lib/python3.12/site-packages/airflow/example_dags/example_nested_branch_dag.py for tasks to queue
[2025-10-03T00:03:59.210+0000] {logging_mixin.py:188} INFO - [2025-10-03T00:03:59.209+0000] {dagbag.py:545} INFO - Filling up the DagBag from /home/airflow/.local/lib/python3.12/site-packages/airflow/example_dags/example_nested_branch_dag.py
[2025-10-03T00:03:59.243+0000] {processor.py:840} INFO - DAG(s) 'example_nested_branch_dag' retrieved from /home/airflow/.local/lib/python3.12/site-packages/airflow/example_dags/example_nested_branch_dag.py
[2025-10-03T00:03:59.308+0000] {logging_mixin.py:188} INFO - [2025-10-03T00:03:59.307+0000] {dag.py:3096} INFO - Sync 1 DAGs
[2025-10-03T00:03:59.370+0000] {logging_mixin.py:188} INFO - [2025-10-03T00:03:59.368+0000] {dag.py:3954} INFO - Setting next_dagrun for example_nested_branch_dag to 2025-10-02 00:00:00+00:00, run_after=2025-10-03 00:00:00+00:00
[2025-10-03T00:03:59.417+0000] {processor.py:183} INFO - Processing /home/airflow/.local/lib/python3.12/site-packages/airflow/example_dags/example_nested_branch_dag.py took 0.231 seconds
[2025-10-03T00:04:30.041+0000] {processor.py:161} INFO - Started process (PID=14884) to work on /home/airflow/.local/lib/python3.12/site-packages/airflow/example_dags/example_nested_branch_dag.py
[2025-10-03T00:04:30.045+0000] {processor.py:830} INFO - Processing file /home/airflow/.local/lib/python3.12/site-packages/airflow/example_dags/example_nested_branch_dag.py for tasks to queue
[2025-10-03T00:04:30.050+0000] {logging_mixin.py:188} INFO - [2025-10-03T00:04:30.048+0000] {dagbag.py:545} INFO - Filling up the DagBag from /home/airflow/.local/lib/python3.12/site-packages/airflow/example_dags/example_nested_branch_dag.py
[2025-10-03T00:04:30.101+0000] {processor.py:840} INFO - DAG(s) 'example_nested_branch_dag' retrieved from /home/airflow/.local/lib/python3.12/site-packages/airflow/example_dags/example_nested_branch_dag.py
[2025-10-03T00:04:30.237+0000] {logging_mixin.py:188} INFO - [2025-10-03T00:04:30.237+0000] {dag.py:3096} INFO - Sync 1 DAGs
[2025-10-03T00:04:30.373+0000] {logging_mixin.py:188} INFO - [2025-10-03T00:04:30.367+0000] {dag.py:3954} INFO - Setting next_dagrun for example_nested_branch_dag to 2025-10-02 00:00:00+00:00, run_after=2025-10-03 00:00:00+00:00
[2025-10-03T00:04:30.499+0000] {processor.py:183} INFO - Processing /home/airflow/.local/lib/python3.12/site-packages/airflow/example_dags/example_nested_branch_dag.py took 0.499 seconds
[2025-10-03T00:05:00.724+0000] {processor.py:161} INFO - Started process (PID=14937) to work on /home/airflow/.local/lib/python3.12/site-packages/airflow/example_dags/example_nested_branch_dag.py
[2025-10-03T00:05:00.726+0000] {processor.py:830} INFO - Processing file /home/airflow/.local/lib/python3.12/site-packages/airflow/example_dags/example_nested_branch_dag.py for tasks to queue
[2025-10-03T00:05:00.728+0000] {logging_mixin.py:188} INFO - [2025-10-03T00:05:00.728+0000] {dagbag.py:545} INFO - Filling up the DagBag from /home/airflow/.local/lib/python3.12/site-packages/airflow/example_dags/example_nested_branch_dag.py
[2025-10-03T00:05:00.752+0000] {processor.py:840} INFO - DAG(s) 'example_nested_branch_dag' retrieved from /home/airflow/.local/lib/python3.12/site-packages/airflow/example_dags/example_nested_branch_dag.py
[2025-10-03T00:05:00.802+0000] {logging_mixin.py:188} INFO - [2025-10-03T00:05:00.802+0000] {dag.py:3096} INFO - Sync 1 DAGs
[2025-10-03T00:05:00.851+0000] {logging_mixin.py:188} INFO - [2025-10-03T00:05:00.850+0000] {dag.py:3954} INFO - Setting next_dagrun for example_nested_branch_dag to 2025-10-02 00:00:00+00:00, run_after=2025-10-03 00:00:00+00:00
[2025-10-03T00:05:00.899+0000] {processor.py:183} INFO - Processing /home/airflow/.local/lib/python3.12/site-packages/airflow/example_dags/example_nested_branch_dag.py took 0.189 seconds
[2025-10-03T00:05:31.094+0000] {processor.py:161} INFO - Started process (PID=14989) to work on /home/airflow/.local/lib/python3.12/site-packages/airflow/example_dags/example_nested_branch_dag.py
[2025-10-03T00:05:31.097+0000] {processor.py:830} INFO - Processing file /home/airflow/.local/lib/python3.12/site-packages/airflow/example_dags/example_nested_branch_dag.py for tasks to queue
[2025-10-03T00:05:31.099+0000] {logging_mixin.py:188} INFO - [2025-10-03T00:05:31.099+0000] {dagbag.py:545} INFO - Filling up the DagBag from /home/airflow/.local/lib/python3.12/site-packages/airflow/example_dags/example_nested_branch_dag.py
[2025-10-03T00:05:31.121+0000] {processor.py:840} INFO - DAG(s) 'example_nested_branch_dag' retrieved from /home/airflow/.local/lib/python3.12/site-packages/airflow/example_dags/example_nested_branch_dag.py
[2025-10-03T00:05:31.172+0000] {logging_mixin.py:188} INFO - [2025-10-03T00:05:31.172+0000] {dag.py:3096} INFO - Sync 1 DAGs
[2025-10-03T00:05:31.223+0000] {logging_mixin.py:188} INFO - [2025-10-03T00:05:31.223+0000] {dag.py:3954} INFO - Setting next_dagrun for example_nested_branch_dag to 2025-10-02 00:00:00+00:00, run_after=2025-10-03 00:00:00+00:00
[2025-10-03T00:05:31.269+0000] {processor.py:183} INFO - Processing /home/airflow/.local/lib/python3.12/site-packages/airflow/example_dags/example_nested_branch_dag.py took 0.188 seconds
[2025-10-03T00:06:01.608+0000] {processor.py:161} INFO - Started process (PID=15042) to work on /home/airflow/.local/lib/python3.12/site-packages/airflow/example_dags/example_nested_branch_dag.py
[2025-10-03T00:06:01.611+0000] {processor.py:830} INFO - Processing file /home/airflow/.local/lib/python3.12/site-packages/airflow/example_dags/example_nested_branch_dag.py for tasks to queue
[2025-10-03T00:06:01.614+0000] {logging_mixin.py:188} INFO - [2025-10-03T00:06:01.613+0000] {dagbag.py:545} INFO - Filling up the DagBag from /home/airflow/.local/lib/python3.12/site-packages/airflow/example_dags/example_nested_branch_dag.py
[2025-10-03T00:06:01.664+0000] {processor.py:840} INFO - DAG(s) 'example_nested_branch_dag' retrieved from /home/airflow/.local/lib/python3.12/site-packages/airflow/example_dags/example_nested_branch_dag.py
[2025-10-03T00:06:01.738+0000] {logging_mixin.py:188} INFO - [2025-10-03T00:06:01.738+0000] {dag.py:3096} INFO - Sync 1 DAGs
[2025-10-03T00:06:01.814+0000] {logging_mixin.py:188} INFO - [2025-10-03T00:06:01.813+0000] {dag.py:3954} INFO - Setting next_dagrun for example_nested_branch_dag to 2025-10-02 00:00:00+00:00, run_after=2025-10-03 00:00:00+00:00
[2025-10-03T00:06:01.869+0000] {processor.py:183} INFO - Processing /home/airflow/.local/lib/python3.12/site-packages/airflow/example_dags/example_nested_branch_dag.py took 0.302 seconds
[2025-10-03T00:06:32.715+0000] {processor.py:161} INFO - Started process (PID=15095) to work on /home/airflow/.local/lib/python3.12/site-packages/airflow/example_dags/example_nested_branch_dag.py
[2025-10-03T00:06:32.721+0000] {processor.py:830} INFO - Processing file /home/airflow/.local/lib/python3.12/site-packages/airflow/example_dags/example_nested_branch_dag.py for tasks to queue
[2025-10-03T00:06:32.723+0000] {logging_mixin.py:188} INFO - [2025-10-03T00:06:32.722+0000] {dagbag.py:545} INFO - Filling up the DagBag from /home/airflow/.local/lib/python3.12/site-packages/airflow/example_dags/example_nested_branch_dag.py
[2025-10-03T00:06:32.760+0000] {processor.py:840} INFO - DAG(s) 'example_nested_branch_dag' retrieved from /home/airflow/.local/lib/python3.12/site-packages/airflow/example_dags/example_nested_branch_dag.py
[2025-10-03T00:06:32.847+0000] {logging_mixin.py:188} INFO - [2025-10-03T00:06:32.846+0000] {dag.py:3096} INFO - Sync 1 DAGs
[2025-10-03T00:06:32.944+0000] {logging_mixin.py:188} INFO - [2025-10-03T00:06:32.943+0000] {dag.py:3954} INFO - Setting next_dagrun for example_nested_branch_dag to 2025-10-02 00:00:00+00:00, run_after=2025-10-03 00:00:00+00:00
[2025-10-03T00:06:33.007+0000] {processor.py:183} INFO - Processing /home/airflow/.local/lib/python3.12/site-packages/airflow/example_dags/example_nested_branch_dag.py took 0.315 seconds
[2025-10-03T00:07:03.918+0000] {processor.py:161} INFO - Started process (PID=15148) to work on /home/airflow/.local/lib/python3.12/site-packages/airflow/example_dags/example_nested_branch_dag.py
[2025-10-03T00:07:03.922+0000] {processor.py:830} INFO - Processing file /home/airflow/.local/lib/python3.12/site-packages/airflow/example_dags/example_nested_branch_dag.py for tasks to queue
[2025-10-03T00:07:03.930+0000] {logging_mixin.py:188} INFO - [2025-10-03T00:07:03.930+0000] {dagbag.py:545} INFO - Filling up the DagBag from /home/airflow/.local/lib/python3.12/site-packages/airflow/example_dags/example_nested_branch_dag.py
[2025-10-03T00:07:03.967+0000] {processor.py:840} INFO - DAG(s) 'example_nested_branch_dag' retrieved from /home/airflow/.local/lib/python3.12/site-packages/airflow/example_dags/example_nested_branch_dag.py
[2025-10-03T00:07:04.043+0000] {logging_mixin.py:188} INFO - [2025-10-03T00:07:04.042+0000] {dag.py:3096} INFO - Sync 1 DAGs
[2025-10-03T00:07:04.120+0000] {logging_mixin.py:188} INFO - [2025-10-03T00:07:04.120+0000] {dag.py:3954} INFO - Setting next_dagrun for example_nested_branch_dag to 2025-10-02 00:00:00+00:00, run_after=2025-10-03 00:00:00+00:00
[2025-10-03T00:07:04.187+0000] {processor.py:183} INFO - Processing /home/airflow/.local/lib/python3.12/site-packages/airflow/example_dags/example_nested_branch_dag.py took 0.300 seconds
[2025-10-03T00:07:34.532+0000] {processor.py:161} INFO - Started process (PID=15201) to work on /home/airflow/.local/lib/python3.12/site-packages/airflow/example_dags/example_nested_branch_dag.py
[2025-10-03T00:07:34.538+0000] {processor.py:830} INFO - Processing file /home/airflow/.local/lib/python3.12/site-packages/airflow/example_dags/example_nested_branch_dag.py for tasks to queue
[2025-10-03T00:07:34.543+0000] {logging_mixin.py:188} INFO - [2025-10-03T00:07:34.542+0000] {dagbag.py:545} INFO - Filling up the DagBag from /home/airflow/.local/lib/python3.12/site-packages/airflow/example_dags/example_nested_branch_dag.py
[2025-10-03T00:07:34.644+0000] {processor.py:840} INFO - DAG(s) 'example_nested_branch_dag' retrieved from /home/airflow/.local/lib/python3.12/site-packages/airflow/example_dags/example_nested_branch_dag.py
[2025-10-03T00:07:34.714+0000] {logging_mixin.py:188} INFO - [2025-10-03T00:07:34.712+0000] {dag.py:3096} INFO - Sync 1 DAGs
[2025-10-03T00:07:34.790+0000] {logging_mixin.py:188} INFO - [2025-10-03T00:07:34.790+0000] {dag.py:3954} INFO - Setting next_dagrun for example_nested_branch_dag to 2025-10-02 00:00:00+00:00, run_after=2025-10-03 00:00:00+00:00
[2025-10-03T00:07:34.838+0000] {processor.py:183} INFO - Processing /home/airflow/.local/lib/python3.12/site-packages/airflow/example_dags/example_nested_branch_dag.py took 0.340 seconds
[2025-10-03T00:08:05.411+0000] {processor.py:161} INFO - Started process (PID=15254) to work on /home/airflow/.local/lib/python3.12/site-packages/airflow/example_dags/example_nested_branch_dag.py
[2025-10-03T00:08:05.417+0000] {processor.py:830} INFO - Processing file /home/airflow/.local/lib/python3.12/site-packages/airflow/example_dags/example_nested_branch_dag.py for tasks to queue
[2025-10-03T00:08:05.420+0000] {logging_mixin.py:188} INFO - [2025-10-03T00:08:05.419+0000] {dagbag.py:545} INFO - Filling up the DagBag from /home/airflow/.local/lib/python3.12/site-packages/airflow/example_dags/example_nested_branch_dag.py
[2025-10-03T00:08:05.444+0000] {processor.py:840} INFO - DAG(s) 'example_nested_branch_dag' retrieved from /home/airflow/.local/lib/python3.12/site-packages/airflow/example_dags/example_nested_branch_dag.py
[2025-10-03T00:08:05.490+0000] {logging_mixin.py:188} INFO - [2025-10-03T00:08:05.490+0000] {dag.py:3096} INFO - Sync 1 DAGs
[2025-10-03T00:08:05.558+0000] {logging_mixin.py:188} INFO - [2025-10-03T00:08:05.557+0000] {dag.py:3954} INFO - Setting next_dagrun for example_nested_branch_dag to 2025-10-02 00:00:00+00:00, run_after=2025-10-03 00:00:00+00:00
[2025-10-03T00:08:05.605+0000] {processor.py:183} INFO - Processing /home/airflow/.local/lib/python3.12/site-packages/airflow/example_dags/example_nested_branch_dag.py took 0.209 seconds
[2025-10-03T00:08:35.934+0000] {processor.py:161} INFO - Started process (PID=15307) to work on /home/airflow/.local/lib/python3.12/site-packages/airflow/example_dags/example_nested_branch_dag.py
[2025-10-03T00:08:35.937+0000] {processor.py:830} INFO - Processing file /home/airflow/.local/lib/python3.12/site-packages/airflow/example_dags/example_nested_branch_dag.py for tasks to queue
[2025-10-03T00:08:35.940+0000] {logging_mixin.py:188} INFO - [2025-10-03T00:08:35.939+0000] {dagbag.py:545} INFO - Filling up the DagBag from /home/airflow/.local/lib/python3.12/site-packages/airflow/example_dags/example_nested_branch_dag.py
[2025-10-03T00:08:35.972+0000] {processor.py:840} INFO - DAG(s) 'example_nested_branch_dag' retrieved from /home/airflow/.local/lib/python3.12/site-packages/airflow/example_dags/example_nested_branch_dag.py
[2025-10-03T00:08:36.033+0000] {logging_mixin.py:188} INFO - [2025-10-03T00:08:36.032+0000] {dag.py:3096} INFO - Sync 1 DAGs
[2025-10-03T00:08:36.095+0000] {logging_mixin.py:188} INFO - [2025-10-03T00:08:36.094+0000] {dag.py:3954} INFO - Setting next_dagrun for example_nested_branch_dag to 2025-10-02 00:00:00+00:00, run_after=2025-10-03 00:00:00+00:00
[2025-10-03T00:08:36.135+0000] {processor.py:183} INFO - Processing /home/airflow/.local/lib/python3.12/site-packages/airflow/example_dags/example_nested_branch_dag.py took 0.230 seconds
[2025-10-03T00:09:06.584+0000] {processor.py:161} INFO - Started process (PID=15360) to work on /home/airflow/.local/lib/python3.12/site-packages/airflow/example_dags/example_nested_branch_dag.py
[2025-10-03T00:09:06.586+0000] {processor.py:830} INFO - Processing file /home/airflow/.local/lib/python3.12/site-packages/airflow/example_dags/example_nested_branch_dag.py for tasks to queue
[2025-10-03T00:09:06.589+0000] {logging_mixin.py:188} INFO - [2025-10-03T00:09:06.588+0000] {dagbag.py:545} INFO - Filling up the DagBag from /home/airflow/.local/lib/python3.12/site-packages/airflow/example_dags/example_nested_branch_dag.py
[2025-10-03T00:09:06.621+0000] {processor.py:840} INFO - DAG(s) 'example_nested_branch_dag' retrieved from /home/airflow/.local/lib/python3.12/site-packages/airflow/example_dags/example_nested_branch_dag.py
[2025-10-03T00:09:06.685+0000] {logging_mixin.py:188} INFO - [2025-10-03T00:09:06.684+0000] {dag.py:3096} INFO - Sync 1 DAGs
[2025-10-03T00:09:06.743+0000] {logging_mixin.py:188} INFO - [2025-10-03T00:09:06.742+0000] {dag.py:3954} INFO - Setting next_dagrun for example_nested_branch_dag to 2025-10-02 00:00:00+00:00, run_after=2025-10-03 00:00:00+00:00
[2025-10-03T00:09:06.801+0000] {processor.py:183} INFO - Processing /home/airflow/.local/lib/python3.12/site-packages/airflow/example_dags/example_nested_branch_dag.py took 0.239 seconds
[2025-10-03T00:09:37.384+0000] {processor.py:161} INFO - Started process (PID=15413) to work on /home/airflow/.local/lib/python3.12/site-packages/airflow/example_dags/example_nested_branch_dag.py
[2025-10-03T00:09:37.386+0000] {processor.py:830} INFO - Processing file /home/airflow/.local/lib/python3.12/site-packages/airflow/example_dags/example_nested_branch_dag.py for tasks to queue
[2025-10-03T00:09:37.388+0000] {logging_mixin.py:188} INFO - [2025-10-03T00:09:37.388+0000] {dagbag.py:545} INFO - Filling up the DagBag from /home/airflow/.local/lib/python3.12/site-packages/airflow/example_dags/example_nested_branch_dag.py
[2025-10-03T00:09:37.411+0000] {processor.py:840} INFO - DAG(s) 'example_nested_branch_dag' retrieved from /home/airflow/.local/lib/python3.12/site-packages/airflow/example_dags/example_nested_branch_dag.py
[2025-10-03T00:09:37.468+0000] {logging_mixin.py:188} INFO - [2025-10-03T00:09:37.468+0000] {dag.py:3096} INFO - Sync 1 DAGs
[2025-10-03T00:09:37.517+0000] {logging_mixin.py:188} INFO - [2025-10-03T00:09:37.516+0000] {dag.py:3954} INFO - Setting next_dagrun for example_nested_branch_dag to 2025-10-02 00:00:00+00:00, run_after=2025-10-03 00:00:00+00:00
[2025-10-03T00:09:37.567+0000] {processor.py:183} INFO - Processing /home/airflow/.local/lib/python3.12/site-packages/airflow/example_dags/example_nested_branch_dag.py took 0.201 seconds
[2025-10-03T00:10:08.071+0000] {processor.py:161} INFO - Started process (PID=15466) to work on /home/airflow/.local/lib/python3.12/site-packages/airflow/example_dags/example_nested_branch_dag.py
[2025-10-03T00:10:08.073+0000] {processor.py:830} INFO - Processing file /home/airflow/.local/lib/python3.12/site-packages/airflow/example_dags/example_nested_branch_dag.py for tasks to queue
[2025-10-03T00:10:08.076+0000] {logging_mixin.py:188} INFO - [2025-10-03T00:10:08.075+0000] {dagbag.py:545} INFO - Filling up the DagBag from /home/airflow/.local/lib/python3.12/site-packages/airflow/example_dags/example_nested_branch_dag.py
[2025-10-03T00:10:08.099+0000] {processor.py:840} INFO - DAG(s) 'example_nested_branch_dag' retrieved from /home/airflow/.local/lib/python3.12/site-packages/airflow/example_dags/example_nested_branch_dag.py
[2025-10-03T00:10:08.157+0000] {logging_mixin.py:188} INFO - [2025-10-03T00:10:08.157+0000] {dag.py:3096} INFO - Sync 1 DAGs
[2025-10-03T00:10:08.204+0000] {logging_mixin.py:188} INFO - [2025-10-03T00:10:08.204+0000] {dag.py:3954} INFO - Setting next_dagrun for example_nested_branch_dag to 2025-10-02 00:00:00+00:00, run_after=2025-10-03 00:00:00+00:00
[2025-10-03T00:10:08.242+0000] {processor.py:183} INFO - Processing /home/airflow/.local/lib/python3.12/site-packages/airflow/example_dags/example_nested_branch_dag.py took 0.185 seconds
[2025-10-03T00:10:38.590+0000] {processor.py:161} INFO - Started process (PID=15519) to work on /home/airflow/.local/lib/python3.12/site-packages/airflow/example_dags/example_nested_branch_dag.py
[2025-10-03T00:10:38.592+0000] {processor.py:830} INFO - Processing file /home/airflow/.local/lib/python3.12/site-packages/airflow/example_dags/example_nested_branch_dag.py for tasks to queue
[2025-10-03T00:10:38.595+0000] {logging_mixin.py:188} INFO - [2025-10-03T00:10:38.594+0000] {dagbag.py:545} INFO - Filling up the DagBag from /home/airflow/.local/lib/python3.12/site-packages/airflow/example_dags/example_nested_branch_dag.py
[2025-10-03T00:10:38.623+0000] {processor.py:840} INFO - DAG(s) 'example_nested_branch_dag' retrieved from /home/airflow/.local/lib/python3.12/site-packages/airflow/example_dags/example_nested_branch_dag.py
[2025-10-03T00:10:38.681+0000] {logging_mixin.py:188} INFO - [2025-10-03T00:10:38.680+0000] {dag.py:3096} INFO - Sync 1 DAGs
[2025-10-03T00:10:38.742+0000] {logging_mixin.py:188} INFO - [2025-10-03T00:10:38.741+0000] {dag.py:3954} INFO - Setting next_dagrun for example_nested_branch_dag to 2025-10-02 00:00:00+00:00, run_after=2025-10-03 00:00:00+00:00
[2025-10-03T00:10:38.795+0000] {processor.py:183} INFO - Processing /home/airflow/.local/lib/python3.12/site-packages/airflow/example_dags/example_nested_branch_dag.py took 0.224 seconds
[2025-10-03T00:11:08.983+0000] {processor.py:161} INFO - Started process (PID=15572) to work on /home/airflow/.local/lib/python3.12/site-packages/airflow/example_dags/example_nested_branch_dag.py
[2025-10-03T00:11:08.986+0000] {processor.py:830} INFO - Processing file /home/airflow/.local/lib/python3.12/site-packages/airflow/example_dags/example_nested_branch_dag.py for tasks to queue
[2025-10-03T00:11:08.988+0000] {logging_mixin.py:188} INFO - [2025-10-03T00:11:08.987+0000] {dagbag.py:545} INFO - Filling up the DagBag from /home/airflow/.local/lib/python3.12/site-packages/airflow/example_dags/example_nested_branch_dag.py
[2025-10-03T00:11:09.025+0000] {processor.py:840} INFO - DAG(s) 'example_nested_branch_dag' retrieved from /home/airflow/.local/lib/python3.12/site-packages/airflow/example_dags/example_nested_branch_dag.py
[2025-10-03T00:11:09.106+0000] {logging_mixin.py:188} INFO - [2025-10-03T00:11:09.105+0000] {dag.py:3096} INFO - Sync 1 DAGs
[2025-10-03T00:11:09.166+0000] {logging_mixin.py:188} INFO - [2025-10-03T00:11:09.166+0000] {dag.py:3954} INFO - Setting next_dagrun for example_nested_branch_dag to 2025-10-02 00:00:00+00:00, run_after=2025-10-03 00:00:00+00:00
[2025-10-03T00:11:09.253+0000] {processor.py:183} INFO - Processing /home/airflow/.local/lib/python3.12/site-packages/airflow/example_dags/example_nested_branch_dag.py took 0.285 seconds
[2025-10-03T00:11:39.636+0000] {processor.py:161} INFO - Started process (PID=15625) to work on /home/airflow/.local/lib/python3.12/site-packages/airflow/example_dags/example_nested_branch_dag.py
[2025-10-03T00:11:39.639+0000] {processor.py:830} INFO - Processing file /home/airflow/.local/lib/python3.12/site-packages/airflow/example_dags/example_nested_branch_dag.py for tasks to queue
[2025-10-03T00:11:39.642+0000] {logging_mixin.py:188} INFO - [2025-10-03T00:11:39.641+0000] {dagbag.py:545} INFO - Filling up the DagBag from /home/airflow/.local/lib/python3.12/site-packages/airflow/example_dags/example_nested_branch_dag.py
[2025-10-03T00:11:39.673+0000] {processor.py:840} INFO - DAG(s) 'example_nested_branch_dag' retrieved from /home/airflow/.local/lib/python3.12/site-packages/airflow/example_dags/example_nested_branch_dag.py
[2025-10-03T00:11:39.731+0000] {logging_mixin.py:188} INFO - [2025-10-03T00:11:39.730+0000] {dag.py:3096} INFO - Sync 1 DAGs
[2025-10-03T00:11:39.799+0000] {logging_mixin.py:188} INFO - [2025-10-03T00:11:39.798+0000] {dag.py:3954} INFO - Setting next_dagrun for example_nested_branch_dag to 2025-10-02 00:00:00+00:00, run_after=2025-10-03 00:00:00+00:00
[2025-10-03T00:11:39.853+0000] {processor.py:183} INFO - Processing /home/airflow/.local/lib/python3.12/site-packages/airflow/example_dags/example_nested_branch_dag.py took 0.234 seconds
[2025-10-03T00:12:10.725+0000] {processor.py:161} INFO - Started process (PID=15679) to work on /home/airflow/.local/lib/python3.12/site-packages/airflow/example_dags/example_nested_branch_dag.py
[2025-10-03T00:12:10.728+0000] {processor.py:830} INFO - Processing file /home/airflow/.local/lib/python3.12/site-packages/airflow/example_dags/example_nested_branch_dag.py for tasks to queue
[2025-10-03T00:12:10.732+0000] {logging_mixin.py:188} INFO - [2025-10-03T00:12:10.730+0000] {dagbag.py:545} INFO - Filling up the DagBag from /home/airflow/.local/lib/python3.12/site-packages/airflow/example_dags/example_nested_branch_dag.py
[2025-10-03T00:12:10.783+0000] {processor.py:840} INFO - DAG(s) 'example_nested_branch_dag' retrieved from /home/airflow/.local/lib/python3.12/site-packages/airflow/example_dags/example_nested_branch_dag.py
[2025-10-03T00:12:10.901+0000] {logging_mixin.py:188} INFO - [2025-10-03T00:12:10.900+0000] {dag.py:3096} INFO - Sync 1 DAGs
[2025-10-03T00:12:11.046+0000] {logging_mixin.py:188} INFO - [2025-10-03T00:12:11.041+0000] {dag.py:3954} INFO - Setting next_dagrun for example_nested_branch_dag to 2025-10-02 00:00:00+00:00, run_after=2025-10-03 00:00:00+00:00
[2025-10-03T00:12:11.232+0000] {processor.py:183} INFO - Processing /home/airflow/.local/lib/python3.12/site-packages/airflow/example_dags/example_nested_branch_dag.py took 0.539 seconds
[2025-10-03T00:12:42.204+0000] {processor.py:161} INFO - Started process (PID=15732) to work on /home/airflow/.local/lib/python3.12/site-packages/airflow/example_dags/example_nested_branch_dag.py
[2025-10-03T00:12:42.208+0000] {processor.py:830} INFO - Processing file /home/airflow/.local/lib/python3.12/site-packages/airflow/example_dags/example_nested_branch_dag.py for tasks to queue
[2025-10-03T00:12:42.214+0000] {logging_mixin.py:188} INFO - [2025-10-03T00:12:42.212+0000] {dagbag.py:545} INFO - Filling up the DagBag from /home/airflow/.local/lib/python3.12/site-packages/airflow/example_dags/example_nested_branch_dag.py
[2025-10-03T00:12:42.268+0000] {processor.py:840} INFO - DAG(s) 'example_nested_branch_dag' retrieved from /home/airflow/.local/lib/python3.12/site-packages/airflow/example_dags/example_nested_branch_dag.py
[2025-10-03T00:12:42.379+0000] {logging_mixin.py:188} INFO - [2025-10-03T00:12:42.379+0000] {dag.py:3096} INFO - Sync 1 DAGs
[2025-10-03T00:12:42.501+0000] {logging_mixin.py:188} INFO - [2025-10-03T00:12:42.500+0000] {dag.py:3954} INFO - Setting next_dagrun for example_nested_branch_dag to 2025-10-02 00:00:00+00:00, run_after=2025-10-03 00:00:00+00:00
[2025-10-03T00:12:42.576+0000] {processor.py:183} INFO - Processing /home/airflow/.local/lib/python3.12/site-packages/airflow/example_dags/example_nested_branch_dag.py took 0.411 seconds
[2025-10-03T00:13:12.790+0000] {processor.py:161} INFO - Started process (PID=15785) to work on /home/airflow/.local/lib/python3.12/site-packages/airflow/example_dags/example_nested_branch_dag.py
[2025-10-03T00:13:12.794+0000] {processor.py:830} INFO - Processing file /home/airflow/.local/lib/python3.12/site-packages/airflow/example_dags/example_nested_branch_dag.py for tasks to queue
[2025-10-03T00:13:12.797+0000] {logging_mixin.py:188} INFO - [2025-10-03T00:13:12.796+0000] {dagbag.py:545} INFO - Filling up the DagBag from /home/airflow/.local/lib/python3.12/site-packages/airflow/example_dags/example_nested_branch_dag.py
[2025-10-03T00:13:12.828+0000] {processor.py:840} INFO - DAG(s) 'example_nested_branch_dag' retrieved from /home/airflow/.local/lib/python3.12/site-packages/airflow/example_dags/example_nested_branch_dag.py
[2025-10-03T00:13:12.901+0000] {logging_mixin.py:188} INFO - [2025-10-03T00:13:12.900+0000] {dag.py:3096} INFO - Sync 1 DAGs
[2025-10-03T00:13:12.962+0000] {logging_mixin.py:188} INFO - [2025-10-03T00:13:12.962+0000] {dag.py:3954} INFO - Setting next_dagrun for example_nested_branch_dag to 2025-10-02 00:00:00+00:00, run_after=2025-10-03 00:00:00+00:00
[2025-10-03T00:13:13.052+0000] {processor.py:183} INFO - Processing /home/airflow/.local/lib/python3.12/site-packages/airflow/example_dags/example_nested_branch_dag.py took 0.279 seconds
[2025-10-03T00:13:43.676+0000] {processor.py:161} INFO - Started process (PID=15838) to work on /home/airflow/.local/lib/python3.12/site-packages/airflow/example_dags/example_nested_branch_dag.py
[2025-10-03T00:13:43.679+0000] {processor.py:830} INFO - Processing file /home/airflow/.local/lib/python3.12/site-packages/airflow/example_dags/example_nested_branch_dag.py for tasks to queue
[2025-10-03T00:13:43.682+0000] {logging_mixin.py:188} INFO - [2025-10-03T00:13:43.681+0000] {dagbag.py:545} INFO - Filling up the DagBag from /home/airflow/.local/lib/python3.12/site-packages/airflow/example_dags/example_nested_branch_dag.py
[2025-10-03T00:13:43.715+0000] {processor.py:840} INFO - DAG(s) 'example_nested_branch_dag' retrieved from /home/airflow/.local/lib/python3.12/site-packages/airflow/example_dags/example_nested_branch_dag.py
[2025-10-03T00:13:43.777+0000] {logging_mixin.py:188} INFO - [2025-10-03T00:13:43.777+0000] {dag.py:3096} INFO - Sync 1 DAGs
[2025-10-03T00:13:43.829+0000] {logging_mixin.py:188} INFO - [2025-10-03T00:13:43.829+0000] {dag.py:3954} INFO - Setting next_dagrun for example_nested_branch_dag to 2025-10-02 00:00:00+00:00, run_after=2025-10-03 00:00:00+00:00
[2025-10-03T00:13:43.873+0000] {processor.py:183} INFO - Processing /home/airflow/.local/lib/python3.12/site-packages/airflow/example_dags/example_nested_branch_dag.py took 0.214 seconds
[2025-10-03T00:14:14.636+0000] {processor.py:161} INFO - Started process (PID=15891) to work on /home/airflow/.local/lib/python3.12/site-packages/airflow/example_dags/example_nested_branch_dag.py
[2025-10-03T00:14:14.639+0000] {processor.py:830} INFO - Processing file /home/airflow/.local/lib/python3.12/site-packages/airflow/example_dags/example_nested_branch_dag.py for tasks to queue
[2025-10-03T00:14:14.642+0000] {logging_mixin.py:188} INFO - [2025-10-03T00:14:14.641+0000] {dagbag.py:545} INFO - Filling up the DagBag from /home/airflow/.local/lib/python3.12/site-packages/airflow/example_dags/example_nested_branch_dag.py
[2025-10-03T00:14:14.681+0000] {processor.py:840} INFO - DAG(s) 'example_nested_branch_dag' retrieved from /home/airflow/.local/lib/python3.12/site-packages/airflow/example_dags/example_nested_branch_dag.py
[2025-10-03T00:14:14.747+0000] {logging_mixin.py:188} INFO - [2025-10-03T00:14:14.746+0000] {dag.py:3096} INFO - Sync 1 DAGs
[2025-10-03T00:14:14.814+0000] {logging_mixin.py:188} INFO - [2025-10-03T00:14:14.813+0000] {dag.py:3954} INFO - Setting next_dagrun for example_nested_branch_dag to 2025-10-02 00:00:00+00:00, run_after=2025-10-03 00:00:00+00:00
[2025-10-03T00:14:14.863+0000] {processor.py:183} INFO - Processing /home/airflow/.local/lib/python3.12/site-packages/airflow/example_dags/example_nested_branch_dag.py took 0.253 seconds
[2025-10-03T00:14:45.037+0000] {processor.py:161} INFO - Started process (PID=15944) to work on /home/airflow/.local/lib/python3.12/site-packages/airflow/example_dags/example_nested_branch_dag.py
[2025-10-03T00:14:45.041+0000] {processor.py:830} INFO - Processing file /home/airflow/.local/lib/python3.12/site-packages/airflow/example_dags/example_nested_branch_dag.py for tasks to queue
[2025-10-03T00:14:45.043+0000] {logging_mixin.py:188} INFO - [2025-10-03T00:14:45.042+0000] {dagbag.py:545} INFO - Filling up the DagBag from /home/airflow/.local/lib/python3.12/site-packages/airflow/example_dags/example_nested_branch_dag.py
[2025-10-03T00:14:45.073+0000] {processor.py:840} INFO - DAG(s) 'example_nested_branch_dag' retrieved from /home/airflow/.local/lib/python3.12/site-packages/airflow/example_dags/example_nested_branch_dag.py
[2025-10-03T00:14:45.145+0000] {logging_mixin.py:188} INFO - [2025-10-03T00:14:45.144+0000] {dag.py:3096} INFO - Sync 1 DAGs
[2025-10-03T00:14:45.202+0000] {logging_mixin.py:188} INFO - [2025-10-03T00:14:45.202+0000] {dag.py:3954} INFO - Setting next_dagrun for example_nested_branch_dag to 2025-10-02 00:00:00+00:00, run_after=2025-10-03 00:00:00+00:00
[2025-10-03T00:14:45.249+0000] {processor.py:183} INFO - Processing /home/airflow/.local/lib/python3.12/site-packages/airflow/example_dags/example_nested_branch_dag.py took 0.227 seconds
[2025-10-03T00:15:15.420+0000] {processor.py:161} INFO - Started process (PID=15997) to work on /home/airflow/.local/lib/python3.12/site-packages/airflow/example_dags/example_nested_branch_dag.py
[2025-10-03T00:15:15.423+0000] {processor.py:830} INFO - Processing file /home/airflow/.local/lib/python3.12/site-packages/airflow/example_dags/example_nested_branch_dag.py for tasks to queue
[2025-10-03T00:15:15.425+0000] {logging_mixin.py:188} INFO - [2025-10-03T00:15:15.424+0000] {dagbag.py:545} INFO - Filling up the DagBag from /home/airflow/.local/lib/python3.12/site-packages/airflow/example_dags/example_nested_branch_dag.py
[2025-10-03T00:15:15.449+0000] {processor.py:840} INFO - DAG(s) 'example_nested_branch_dag' retrieved from /home/airflow/.local/lib/python3.12/site-packages/airflow/example_dags/example_nested_branch_dag.py
[2025-10-03T00:15:15.500+0000] {logging_mixin.py:188} INFO - [2025-10-03T00:15:15.500+0000] {dag.py:3096} INFO - Sync 1 DAGs
[2025-10-03T00:15:15.555+0000] {logging_mixin.py:188} INFO - [2025-10-03T00:15:15.554+0000] {dag.py:3954} INFO - Setting next_dagrun for example_nested_branch_dag to 2025-10-02 00:00:00+00:00, run_after=2025-10-03 00:00:00+00:00
[2025-10-03T00:15:15.599+0000] {processor.py:183} INFO - Processing /home/airflow/.local/lib/python3.12/site-packages/airflow/example_dags/example_nested_branch_dag.py took 0.193 seconds
[2025-10-03T00:15:46.395+0000] {processor.py:161} INFO - Started process (PID=16050) to work on /home/airflow/.local/lib/python3.12/site-packages/airflow/example_dags/example_nested_branch_dag.py
[2025-10-03T00:15:46.400+0000] {processor.py:830} INFO - Processing file /home/airflow/.local/lib/python3.12/site-packages/airflow/example_dags/example_nested_branch_dag.py for tasks to queue
[2025-10-03T00:15:46.408+0000] {logging_mixin.py:188} INFO - [2025-10-03T00:15:46.405+0000] {dagbag.py:545} INFO - Filling up the DagBag from /home/airflow/.local/lib/python3.12/site-packages/airflow/example_dags/example_nested_branch_dag.py
[2025-10-03T00:15:46.451+0000] {processor.py:840} INFO - DAG(s) 'example_nested_branch_dag' retrieved from /home/airflow/.local/lib/python3.12/site-packages/airflow/example_dags/example_nested_branch_dag.py
[2025-10-03T00:15:46.536+0000] {logging_mixin.py:188} INFO - [2025-10-03T00:15:46.535+0000] {dag.py:3096} INFO - Sync 1 DAGs
[2025-10-03T00:15:46.634+0000] {logging_mixin.py:188} INFO - [2025-10-03T00:15:46.633+0000] {dag.py:3954} INFO - Setting next_dagrun for example_nested_branch_dag to 2025-10-02 00:00:00+00:00, run_after=2025-10-03 00:00:00+00:00
[2025-10-03T00:15:46.698+0000] {processor.py:183} INFO - Processing /home/airflow/.local/lib/python3.12/site-packages/airflow/example_dags/example_nested_branch_dag.py took 0.360 seconds
[2025-10-03T00:16:17.145+0000] {processor.py:161} INFO - Started process (PID=16104) to work on /home/airflow/.local/lib/python3.12/site-packages/airflow/example_dags/example_nested_branch_dag.py
[2025-10-03T00:16:17.148+0000] {processor.py:830} INFO - Processing file /home/airflow/.local/lib/python3.12/site-packages/airflow/example_dags/example_nested_branch_dag.py for tasks to queue
[2025-10-03T00:16:17.150+0000] {logging_mixin.py:188} INFO - [2025-10-03T00:16:17.149+0000] {dagbag.py:545} INFO - Filling up the DagBag from /home/airflow/.local/lib/python3.12/site-packages/airflow/example_dags/example_nested_branch_dag.py
[2025-10-03T00:16:17.172+0000] {processor.py:840} INFO - DAG(s) 'example_nested_branch_dag' retrieved from /home/airflow/.local/lib/python3.12/site-packages/airflow/example_dags/example_nested_branch_dag.py
[2025-10-03T00:16:17.225+0000] {logging_mixin.py:188} INFO - [2025-10-03T00:16:17.224+0000] {dag.py:3096} INFO - Sync 1 DAGs
[2025-10-03T00:16:17.284+0000] {logging_mixin.py:188} INFO - [2025-10-03T00:16:17.283+0000] {dag.py:3954} INFO - Setting next_dagrun for example_nested_branch_dag to 2025-10-02 00:00:00+00:00, run_after=2025-10-03 00:00:00+00:00
[2025-10-03T00:16:17.323+0000] {processor.py:183} INFO - Processing /home/airflow/.local/lib/python3.12/site-packages/airflow/example_dags/example_nested_branch_dag.py took 0.192 seconds
[2025-10-03T00:16:47.501+0000] {processor.py:161} INFO - Started process (PID=16155) to work on /home/airflow/.local/lib/python3.12/site-packages/airflow/example_dags/example_nested_branch_dag.py
[2025-10-03T00:16:47.504+0000] {processor.py:830} INFO - Processing file /home/airflow/.local/lib/python3.12/site-packages/airflow/example_dags/example_nested_branch_dag.py for tasks to queue
[2025-10-03T00:16:47.507+0000] {logging_mixin.py:188} INFO - [2025-10-03T00:16:47.506+0000] {dagbag.py:545} INFO - Filling up the DagBag from /home/airflow/.local/lib/python3.12/site-packages/airflow/example_dags/example_nested_branch_dag.py
[2025-10-03T00:16:47.530+0000] {processor.py:840} INFO - DAG(s) 'example_nested_branch_dag' retrieved from /home/airflow/.local/lib/python3.12/site-packages/airflow/example_dags/example_nested_branch_dag.py
[2025-10-03T00:16:47.580+0000] {logging_mixin.py:188} INFO - [2025-10-03T00:16:47.580+0000] {dag.py:3096} INFO - Sync 1 DAGs
[2025-10-03T00:16:47.643+0000] {logging_mixin.py:188} INFO - [2025-10-03T00:16:47.642+0000] {dag.py:3954} INFO - Setting next_dagrun for example_nested_branch_dag to 2025-10-02 00:00:00+00:00, run_after=2025-10-03 00:00:00+00:00
[2025-10-03T00:16:47.691+0000] {processor.py:183} INFO - Processing /home/airflow/.local/lib/python3.12/site-packages/airflow/example_dags/example_nested_branch_dag.py took 0.203 seconds
[2025-10-03T00:17:18.244+0000] {processor.py:161} INFO - Started process (PID=16207) to work on /home/airflow/.local/lib/python3.12/site-packages/airflow/example_dags/example_nested_branch_dag.py
[2025-10-03T00:17:18.246+0000] {processor.py:830} INFO - Processing file /home/airflow/.local/lib/python3.12/site-packages/airflow/example_dags/example_nested_branch_dag.py for tasks to queue
[2025-10-03T00:17:18.249+0000] {logging_mixin.py:188} INFO - [2025-10-03T00:17:18.248+0000] {dagbag.py:545} INFO - Filling up the DagBag from /home/airflow/.local/lib/python3.12/site-packages/airflow/example_dags/example_nested_branch_dag.py
[2025-10-03T00:17:18.287+0000] {processor.py:840} INFO - DAG(s) 'example_nested_branch_dag' retrieved from /home/airflow/.local/lib/python3.12/site-packages/airflow/example_dags/example_nested_branch_dag.py
[2025-10-03T00:17:18.337+0000] {logging_mixin.py:188} INFO - [2025-10-03T00:17:18.337+0000] {dag.py:3096} INFO - Sync 1 DAGs
[2025-10-03T00:17:18.387+0000] {logging_mixin.py:188} INFO - [2025-10-03T00:17:18.386+0000] {dag.py:3954} INFO - Setting next_dagrun for example_nested_branch_dag to 2025-10-02 00:00:00+00:00, run_after=2025-10-03 00:00:00+00:00
[2025-10-03T00:17:18.429+0000] {processor.py:183} INFO - Processing /home/airflow/.local/lib/python3.12/site-packages/airflow/example_dags/example_nested_branch_dag.py took 0.199 seconds
[2025-10-03T00:17:48.725+0000] {processor.py:161} INFO - Started process (PID=16260) to work on /home/airflow/.local/lib/python3.12/site-packages/airflow/example_dags/example_nested_branch_dag.py
[2025-10-03T00:17:48.728+0000] {processor.py:830} INFO - Processing file /home/airflow/.local/lib/python3.12/site-packages/airflow/example_dags/example_nested_branch_dag.py for tasks to queue
[2025-10-03T00:17:48.730+0000] {logging_mixin.py:188} INFO - [2025-10-03T00:17:48.729+0000] {dagbag.py:545} INFO - Filling up the DagBag from /home/airflow/.local/lib/python3.12/site-packages/airflow/example_dags/example_nested_branch_dag.py
[2025-10-03T00:17:48.755+0000] {processor.py:840} INFO - DAG(s) 'example_nested_branch_dag' retrieved from /home/airflow/.local/lib/python3.12/site-packages/airflow/example_dags/example_nested_branch_dag.py
[2025-10-03T00:17:48.816+0000] {logging_mixin.py:188} INFO - [2025-10-03T00:17:48.815+0000] {dag.py:3096} INFO - Sync 1 DAGs
[2025-10-03T00:17:48.880+0000] {logging_mixin.py:188} INFO - [2025-10-03T00:17:48.880+0000] {dag.py:3954} INFO - Setting next_dagrun for example_nested_branch_dag to 2025-10-02 00:00:00+00:00, run_after=2025-10-03 00:00:00+00:00
[2025-10-03T00:17:48.920+0000] {processor.py:183} INFO - Processing /home/airflow/.local/lib/python3.12/site-packages/airflow/example_dags/example_nested_branch_dag.py took 0.212 seconds
[2025-10-03T00:18:19.733+0000] {processor.py:161} INFO - Started process (PID=16313) to work on /home/airflow/.local/lib/python3.12/site-packages/airflow/example_dags/example_nested_branch_dag.py
[2025-10-03T00:18:19.736+0000] {processor.py:830} INFO - Processing file /home/airflow/.local/lib/python3.12/site-packages/airflow/example_dags/example_nested_branch_dag.py for tasks to queue
[2025-10-03T00:18:19.738+0000] {logging_mixin.py:188} INFO - [2025-10-03T00:18:19.737+0000] {dagbag.py:545} INFO - Filling up the DagBag from /home/airflow/.local/lib/python3.12/site-packages/airflow/example_dags/example_nested_branch_dag.py
[2025-10-03T00:18:19.764+0000] {processor.py:840} INFO - DAG(s) 'example_nested_branch_dag' retrieved from /home/airflow/.local/lib/python3.12/site-packages/airflow/example_dags/example_nested_branch_dag.py
[2025-10-03T00:18:19.820+0000] {logging_mixin.py:188} INFO - [2025-10-03T00:18:19.820+0000] {dag.py:3096} INFO - Sync 1 DAGs
[2025-10-03T00:18:19.876+0000] {logging_mixin.py:188} INFO - [2025-10-03T00:18:19.875+0000] {dag.py:3954} INFO - Setting next_dagrun for example_nested_branch_dag to 2025-10-02 00:00:00+00:00, run_after=2025-10-03 00:00:00+00:00
[2025-10-03T00:18:19.924+0000] {processor.py:183} INFO - Processing /home/airflow/.local/lib/python3.12/site-packages/airflow/example_dags/example_nested_branch_dag.py took 0.205 seconds
