[2025-10-03T00:00:04.489+0000] {processor.py:161} INFO - Started process (PID=14422) to work on /home/airflow/.local/lib/python3.12/site-packages/airflow/example_dags/example_trigger_controller_dag.py
[2025-10-03T00:00:04.492+0000] {processor.py:830} INFO - Processing file /home/airflow/.local/lib/python3.12/site-packages/airflow/example_dags/example_trigger_controller_dag.py for tasks to queue
[2025-10-03T00:00:04.494+0000] {logging_mixin.py:188} INFO - [2025-10-03T00:00:04.494+0000] {dagbag.py:545} INFO - Filling up the DagBag from /home/airflow/.local/lib/python3.12/site-packages/airflow/example_dags/example_trigger_controller_dag.py
[2025-10-03T00:00:04.507+0000] {processor.py:840} INFO - DAG(s) 'example_trigger_controller_dag' retrieved from /home/airflow/.local/lib/python3.12/site-packages/airflow/example_dags/example_trigger_controller_dag.py
[2025-10-03T00:00:04.574+0000] {logging_mixin.py:188} INFO - [2025-10-03T00:00:04.573+0000] {dag.py:3096} INFO - Sync 1 DAGs
[2025-10-03T00:00:04.639+0000] {logging_mixin.py:188} INFO - [2025-10-03T00:00:04.639+0000] {dag.py:3954} INFO - Setting next_dagrun for example_trigger_controller_dag to 2021-01-01 00:00:00+00:00, run_after=2021-01-01 00:00:00+00:00
[2025-10-03T00:00:04.689+0000] {processor.py:183} INFO - Processing /home/airflow/.local/lib/python3.12/site-packages/airflow/example_dags/example_trigger_controller_dag.py took 0.217 seconds
[2025-10-03T00:00:35.137+0000] {processor.py:161} INFO - Started process (PID=14475) to work on /home/airflow/.local/lib/python3.12/site-packages/airflow/example_dags/example_trigger_controller_dag.py
[2025-10-03T00:00:35.140+0000] {processor.py:830} INFO - Processing file /home/airflow/.local/lib/python3.12/site-packages/airflow/example_dags/example_trigger_controller_dag.py for tasks to queue
[2025-10-03T00:00:35.142+0000] {logging_mixin.py:188} INFO - [2025-10-03T00:00:35.141+0000] {dagbag.py:545} INFO - Filling up the DagBag from /home/airflow/.local/lib/python3.12/site-packages/airflow/example_dags/example_trigger_controller_dag.py
[2025-10-03T00:00:35.153+0000] {processor.py:840} INFO - DAG(s) 'example_trigger_controller_dag' retrieved from /home/airflow/.local/lib/python3.12/site-packages/airflow/example_dags/example_trigger_controller_dag.py
[2025-10-03T00:00:35.197+0000] {logging_mixin.py:188} INFO - [2025-10-03T00:00:35.196+0000] {dag.py:3096} INFO - Sync 1 DAGs
[2025-10-03T00:00:35.272+0000] {logging_mixin.py:188} INFO - [2025-10-03T00:00:35.270+0000] {dag.py:3954} INFO - Setting next_dagrun for example_trigger_controller_dag to 2021-01-01 00:00:00+00:00, run_after=2021-01-01 00:00:00+00:00
[2025-10-03T00:00:35.347+0000] {processor.py:183} INFO - Processing /home/airflow/.local/lib/python3.12/site-packages/airflow/example_dags/example_trigger_controller_dag.py took 0.225 seconds
[2025-10-03T00:01:06.502+0000] {processor.py:161} INFO - Started process (PID=14529) to work on /home/airflow/.local/lib/python3.12/site-packages/airflow/example_dags/example_trigger_controller_dag.py
[2025-10-03T00:01:06.505+0000] {processor.py:830} INFO - Processing file /home/airflow/.local/lib/python3.12/site-packages/airflow/example_dags/example_trigger_controller_dag.py for tasks to queue
[2025-10-03T00:01:06.508+0000] {logging_mixin.py:188} INFO - [2025-10-03T00:01:06.507+0000] {dagbag.py:545} INFO - Filling up the DagBag from /home/airflow/.local/lib/python3.12/site-packages/airflow/example_dags/example_trigger_controller_dag.py
[2025-10-03T00:01:06.520+0000] {processor.py:840} INFO - DAG(s) 'example_trigger_controller_dag' retrieved from /home/airflow/.local/lib/python3.12/site-packages/airflow/example_dags/example_trigger_controller_dag.py
[2025-10-03T00:01:06.571+0000] {logging_mixin.py:188} INFO - [2025-10-03T00:01:06.570+0000] {dag.py:3096} INFO - Sync 1 DAGs
[2025-10-03T00:01:06.623+0000] {logging_mixin.py:188} INFO - [2025-10-03T00:01:06.623+0000] {dag.py:3954} INFO - Setting next_dagrun for example_trigger_controller_dag to 2021-01-01 00:00:00+00:00, run_after=2021-01-01 00:00:00+00:00
[2025-10-03T00:01:06.666+0000] {processor.py:183} INFO - Processing /home/airflow/.local/lib/python3.12/site-packages/airflow/example_dags/example_trigger_controller_dag.py took 0.178 seconds
[2025-10-03T00:01:36.928+0000] {processor.py:161} INFO - Started process (PID=14582) to work on /home/airflow/.local/lib/python3.12/site-packages/airflow/example_dags/example_trigger_controller_dag.py
[2025-10-03T00:01:36.931+0000] {processor.py:830} INFO - Processing file /home/airflow/.local/lib/python3.12/site-packages/airflow/example_dags/example_trigger_controller_dag.py for tasks to queue
[2025-10-03T00:01:36.933+0000] {logging_mixin.py:188} INFO - [2025-10-03T00:01:36.933+0000] {dagbag.py:545} INFO - Filling up the DagBag from /home/airflow/.local/lib/python3.12/site-packages/airflow/example_dags/example_trigger_controller_dag.py
[2025-10-03T00:01:36.948+0000] {processor.py:840} INFO - DAG(s) 'example_trigger_controller_dag' retrieved from /home/airflow/.local/lib/python3.12/site-packages/airflow/example_dags/example_trigger_controller_dag.py
[2025-10-03T00:01:37.001+0000] {logging_mixin.py:188} INFO - [2025-10-03T00:01:37.001+0000] {dag.py:3096} INFO - Sync 1 DAGs
[2025-10-03T00:01:37.056+0000] {logging_mixin.py:188} INFO - [2025-10-03T00:01:37.056+0000] {dag.py:3954} INFO - Setting next_dagrun for example_trigger_controller_dag to 2021-01-01 00:00:00+00:00, run_after=2021-01-01 00:00:00+00:00
[2025-10-03T00:01:37.107+0000] {processor.py:183} INFO - Processing /home/airflow/.local/lib/python3.12/site-packages/airflow/example_dags/example_trigger_controller_dag.py took 0.195 seconds
[2025-10-03T00:02:07.509+0000] {processor.py:161} INFO - Started process (PID=14635) to work on /home/airflow/.local/lib/python3.12/site-packages/airflow/example_dags/example_trigger_controller_dag.py
[2025-10-03T00:02:07.512+0000] {processor.py:830} INFO - Processing file /home/airflow/.local/lib/python3.12/site-packages/airflow/example_dags/example_trigger_controller_dag.py for tasks to queue
[2025-10-03T00:02:07.516+0000] {logging_mixin.py:188} INFO - [2025-10-03T00:02:07.515+0000] {dagbag.py:545} INFO - Filling up the DagBag from /home/airflow/.local/lib/python3.12/site-packages/airflow/example_dags/example_trigger_controller_dag.py
[2025-10-03T00:02:07.537+0000] {processor.py:840} INFO - DAG(s) 'example_trigger_controller_dag' retrieved from /home/airflow/.local/lib/python3.12/site-packages/airflow/example_dags/example_trigger_controller_dag.py
[2025-10-03T00:02:07.600+0000] {logging_mixin.py:188} INFO - [2025-10-03T00:02:07.599+0000] {dag.py:3096} INFO - Sync 1 DAGs
[2025-10-03T00:02:07.660+0000] {logging_mixin.py:188} INFO - [2025-10-03T00:02:07.660+0000] {dag.py:3954} INFO - Setting next_dagrun for example_trigger_controller_dag to 2021-01-01 00:00:00+00:00, run_after=2021-01-01 00:00:00+00:00
[2025-10-03T00:02:07.707+0000] {processor.py:183} INFO - Processing /home/airflow/.local/lib/python3.12/site-packages/airflow/example_dags/example_trigger_controller_dag.py took 0.221 seconds
[2025-10-03T00:02:38.545+0000] {processor.py:161} INFO - Started process (PID=14688) to work on /home/airflow/.local/lib/python3.12/site-packages/airflow/example_dags/example_trigger_controller_dag.py
[2025-10-03T00:02:38.547+0000] {processor.py:830} INFO - Processing file /home/airflow/.local/lib/python3.12/site-packages/airflow/example_dags/example_trigger_controller_dag.py for tasks to queue
[2025-10-03T00:02:38.550+0000] {logging_mixin.py:188} INFO - [2025-10-03T00:02:38.549+0000] {dagbag.py:545} INFO - Filling up the DagBag from /home/airflow/.local/lib/python3.12/site-packages/airflow/example_dags/example_trigger_controller_dag.py
[2025-10-03T00:02:38.561+0000] {processor.py:840} INFO - DAG(s) 'example_trigger_controller_dag' retrieved from /home/airflow/.local/lib/python3.12/site-packages/airflow/example_dags/example_trigger_controller_dag.py
[2025-10-03T00:02:38.609+0000] {logging_mixin.py:188} INFO - [2025-10-03T00:02:38.609+0000] {dag.py:3096} INFO - Sync 1 DAGs
[2025-10-03T00:02:38.661+0000] {logging_mixin.py:188} INFO - [2025-10-03T00:02:38.660+0000] {dag.py:3954} INFO - Setting next_dagrun for example_trigger_controller_dag to 2021-01-01 00:00:00+00:00, run_after=2021-01-01 00:00:00+00:00
[2025-10-03T00:02:38.709+0000] {processor.py:183} INFO - Processing /home/airflow/.local/lib/python3.12/site-packages/airflow/example_dags/example_trigger_controller_dag.py took 0.178 seconds
[2025-10-03T00:03:09.362+0000] {processor.py:161} INFO - Started process (PID=14741) to work on /home/airflow/.local/lib/python3.12/site-packages/airflow/example_dags/example_trigger_controller_dag.py
[2025-10-03T00:03:09.364+0000] {processor.py:830} INFO - Processing file /home/airflow/.local/lib/python3.12/site-packages/airflow/example_dags/example_trigger_controller_dag.py for tasks to queue
[2025-10-03T00:03:09.367+0000] {logging_mixin.py:188} INFO - [2025-10-03T00:03:09.366+0000] {dagbag.py:545} INFO - Filling up the DagBag from /home/airflow/.local/lib/python3.12/site-packages/airflow/example_dags/example_trigger_controller_dag.py
[2025-10-03T00:03:09.380+0000] {processor.py:840} INFO - DAG(s) 'example_trigger_controller_dag' retrieved from /home/airflow/.local/lib/python3.12/site-packages/airflow/example_dags/example_trigger_controller_dag.py
[2025-10-03T00:03:09.425+0000] {logging_mixin.py:188} INFO - [2025-10-03T00:03:09.425+0000] {dag.py:3096} INFO - Sync 1 DAGs
[2025-10-03T00:03:09.480+0000] {logging_mixin.py:188} INFO - [2025-10-03T00:03:09.479+0000] {dag.py:3954} INFO - Setting next_dagrun for example_trigger_controller_dag to 2021-01-01 00:00:00+00:00, run_after=2021-01-01 00:00:00+00:00
[2025-10-03T00:03:09.523+0000] {processor.py:183} INFO - Processing /home/airflow/.local/lib/python3.12/site-packages/airflow/example_dags/example_trigger_controller_dag.py took 0.178 seconds
[2025-10-03T00:03:39.688+0000] {processor.py:161} INFO - Started process (PID=14794) to work on /home/airflow/.local/lib/python3.12/site-packages/airflow/example_dags/example_trigger_controller_dag.py
[2025-10-03T00:03:39.691+0000] {processor.py:830} INFO - Processing file /home/airflow/.local/lib/python3.12/site-packages/airflow/example_dags/example_trigger_controller_dag.py for tasks to queue
[2025-10-03T00:03:39.693+0000] {logging_mixin.py:188} INFO - [2025-10-03T00:03:39.692+0000] {dagbag.py:545} INFO - Filling up the DagBag from /home/airflow/.local/lib/python3.12/site-packages/airflow/example_dags/example_trigger_controller_dag.py
[2025-10-03T00:03:39.705+0000] {processor.py:840} INFO - DAG(s) 'example_trigger_controller_dag' retrieved from /home/airflow/.local/lib/python3.12/site-packages/airflow/example_dags/example_trigger_controller_dag.py
[2025-10-03T00:03:39.756+0000] {logging_mixin.py:188} INFO - [2025-10-03T00:03:39.755+0000] {dag.py:3096} INFO - Sync 1 DAGs
[2025-10-03T00:03:39.810+0000] {logging_mixin.py:188} INFO - [2025-10-03T00:03:39.809+0000] {dag.py:3954} INFO - Setting next_dagrun for example_trigger_controller_dag to 2021-01-01 00:00:00+00:00, run_after=2021-01-01 00:00:00+00:00
[2025-10-03T00:03:39.860+0000] {processor.py:183} INFO - Processing /home/airflow/.local/lib/python3.12/site-packages/airflow/example_dags/example_trigger_controller_dag.py took 0.189 seconds
[2025-10-03T00:04:10.765+0000] {processor.py:161} INFO - Started process (PID=14847) to work on /home/airflow/.local/lib/python3.12/site-packages/airflow/example_dags/example_trigger_controller_dag.py
[2025-10-03T00:04:10.768+0000] {processor.py:830} INFO - Processing file /home/airflow/.local/lib/python3.12/site-packages/airflow/example_dags/example_trigger_controller_dag.py for tasks to queue
[2025-10-03T00:04:10.770+0000] {logging_mixin.py:188} INFO - [2025-10-03T00:04:10.769+0000] {dagbag.py:545} INFO - Filling up the DagBag from /home/airflow/.local/lib/python3.12/site-packages/airflow/example_dags/example_trigger_controller_dag.py
[2025-10-03T00:04:10.781+0000] {processor.py:840} INFO - DAG(s) 'example_trigger_controller_dag' retrieved from /home/airflow/.local/lib/python3.12/site-packages/airflow/example_dags/example_trigger_controller_dag.py
[2025-10-03T00:04:10.826+0000] {logging_mixin.py:188} INFO - [2025-10-03T00:04:10.825+0000] {dag.py:3096} INFO - Sync 1 DAGs
[2025-10-03T00:04:10.872+0000] {logging_mixin.py:188} INFO - [2025-10-03T00:04:10.871+0000] {dag.py:3954} INFO - Setting next_dagrun for example_trigger_controller_dag to 2021-01-01 00:00:00+00:00, run_after=2021-01-01 00:00:00+00:00
[2025-10-03T00:04:10.926+0000] {processor.py:183} INFO - Processing /home/airflow/.local/lib/python3.12/site-packages/airflow/example_dags/example_trigger_controller_dag.py took 0.179 seconds
[2025-10-03T00:04:41.456+0000] {processor.py:161} INFO - Started process (PID=14900) to work on /home/airflow/.local/lib/python3.12/site-packages/airflow/example_dags/example_trigger_controller_dag.py
[2025-10-03T00:04:41.459+0000] {processor.py:830} INFO - Processing file /home/airflow/.local/lib/python3.12/site-packages/airflow/example_dags/example_trigger_controller_dag.py for tasks to queue
[2025-10-03T00:04:41.461+0000] {logging_mixin.py:188} INFO - [2025-10-03T00:04:41.460+0000] {dagbag.py:545} INFO - Filling up the DagBag from /home/airflow/.local/lib/python3.12/site-packages/airflow/example_dags/example_trigger_controller_dag.py
[2025-10-03T00:04:41.473+0000] {processor.py:840} INFO - DAG(s) 'example_trigger_controller_dag' retrieved from /home/airflow/.local/lib/python3.12/site-packages/airflow/example_dags/example_trigger_controller_dag.py
[2025-10-03T00:04:41.522+0000] {logging_mixin.py:188} INFO - [2025-10-03T00:04:41.521+0000] {dag.py:3096} INFO - Sync 1 DAGs
[2025-10-03T00:04:41.571+0000] {logging_mixin.py:188} INFO - [2025-10-03T00:04:41.571+0000] {dag.py:3954} INFO - Setting next_dagrun for example_trigger_controller_dag to 2021-01-01 00:00:00+00:00, run_after=2021-01-01 00:00:00+00:00
[2025-10-03T00:04:41.612+0000] {processor.py:183} INFO - Processing /home/airflow/.local/lib/python3.12/site-packages/airflow/example_dags/example_trigger_controller_dag.py took 0.170 seconds
[2025-10-03T00:05:11.913+0000] {processor.py:161} INFO - Started process (PID=14953) to work on /home/airflow/.local/lib/python3.12/site-packages/airflow/example_dags/example_trigger_controller_dag.py
[2025-10-03T00:05:11.915+0000] {processor.py:830} INFO - Processing file /home/airflow/.local/lib/python3.12/site-packages/airflow/example_dags/example_trigger_controller_dag.py for tasks to queue
[2025-10-03T00:05:11.918+0000] {logging_mixin.py:188} INFO - [2025-10-03T00:05:11.917+0000] {dagbag.py:545} INFO - Filling up the DagBag from /home/airflow/.local/lib/python3.12/site-packages/airflow/example_dags/example_trigger_controller_dag.py
[2025-10-03T00:05:11.930+0000] {processor.py:840} INFO - DAG(s) 'example_trigger_controller_dag' retrieved from /home/airflow/.local/lib/python3.12/site-packages/airflow/example_dags/example_trigger_controller_dag.py
[2025-10-03T00:05:11.975+0000] {logging_mixin.py:188} INFO - [2025-10-03T00:05:11.975+0000] {dag.py:3096} INFO - Sync 1 DAGs
[2025-10-03T00:05:12.022+0000] {logging_mixin.py:188} INFO - [2025-10-03T00:05:12.021+0000] {dag.py:3954} INFO - Setting next_dagrun for example_trigger_controller_dag to 2021-01-01 00:00:00+00:00, run_after=2021-01-01 00:00:00+00:00
[2025-10-03T00:05:12.063+0000] {processor.py:183} INFO - Processing /home/airflow/.local/lib/python3.12/site-packages/airflow/example_dags/example_trigger_controller_dag.py took 0.164 seconds
[2025-10-03T00:05:42.727+0000] {processor.py:161} INFO - Started process (PID=15006) to work on /home/airflow/.local/lib/python3.12/site-packages/airflow/example_dags/example_trigger_controller_dag.py
[2025-10-03T00:05:42.729+0000] {processor.py:830} INFO - Processing file /home/airflow/.local/lib/python3.12/site-packages/airflow/example_dags/example_trigger_controller_dag.py for tasks to queue
[2025-10-03T00:05:42.732+0000] {logging_mixin.py:188} INFO - [2025-10-03T00:05:42.731+0000] {dagbag.py:545} INFO - Filling up the DagBag from /home/airflow/.local/lib/python3.12/site-packages/airflow/example_dags/example_trigger_controller_dag.py
[2025-10-03T00:05:42.743+0000] {processor.py:840} INFO - DAG(s) 'example_trigger_controller_dag' retrieved from /home/airflow/.local/lib/python3.12/site-packages/airflow/example_dags/example_trigger_controller_dag.py
[2025-10-03T00:05:42.788+0000] {logging_mixin.py:188} INFO - [2025-10-03T00:05:42.788+0000] {dag.py:3096} INFO - Sync 1 DAGs
[2025-10-03T00:05:42.835+0000] {logging_mixin.py:188} INFO - [2025-10-03T00:05:42.834+0000] {dag.py:3954} INFO - Setting next_dagrun for example_trigger_controller_dag to 2021-01-01 00:00:00+00:00, run_after=2021-01-01 00:00:00+00:00
[2025-10-03T00:05:42.883+0000] {processor.py:183} INFO - Processing /home/airflow/.local/lib/python3.12/site-packages/airflow/example_dags/example_trigger_controller_dag.py took 0.169 seconds
[2025-10-03T00:06:13.650+0000] {processor.py:161} INFO - Started process (PID=15059) to work on /home/airflow/.local/lib/python3.12/site-packages/airflow/example_dags/example_trigger_controller_dag.py
[2025-10-03T00:06:13.658+0000] {processor.py:830} INFO - Processing file /home/airflow/.local/lib/python3.12/site-packages/airflow/example_dags/example_trigger_controller_dag.py for tasks to queue
[2025-10-03T00:06:13.678+0000] {logging_mixin.py:188} INFO - [2025-10-03T00:06:13.676+0000] {dagbag.py:545} INFO - Filling up the DagBag from /home/airflow/.local/lib/python3.12/site-packages/airflow/example_dags/example_trigger_controller_dag.py
[2025-10-03T00:06:13.728+0000] {processor.py:840} INFO - DAG(s) 'example_trigger_controller_dag' retrieved from /home/airflow/.local/lib/python3.12/site-packages/airflow/example_dags/example_trigger_controller_dag.py
[2025-10-03T00:06:13.908+0000] {logging_mixin.py:188} INFO - [2025-10-03T00:06:13.907+0000] {dag.py:3096} INFO - Sync 1 DAGs
[2025-10-03T00:06:14.102+0000] {logging_mixin.py:188} INFO - [2025-10-03T00:06:14.101+0000] {dag.py:3954} INFO - Setting next_dagrun for example_trigger_controller_dag to 2021-01-01 00:00:00+00:00, run_after=2021-01-01 00:00:00+00:00
[2025-10-03T00:06:14.232+0000] {processor.py:183} INFO - Processing /home/airflow/.local/lib/python3.12/site-packages/airflow/example_dags/example_trigger_controller_dag.py took 0.663 seconds
[2025-10-03T00:06:44.782+0000] {processor.py:161} INFO - Started process (PID=15112) to work on /home/airflow/.local/lib/python3.12/site-packages/airflow/example_dags/example_trigger_controller_dag.py
[2025-10-03T00:06:44.786+0000] {processor.py:830} INFO - Processing file /home/airflow/.local/lib/python3.12/site-packages/airflow/example_dags/example_trigger_controller_dag.py for tasks to queue
[2025-10-03T00:06:44.789+0000] {logging_mixin.py:188} INFO - [2025-10-03T00:06:44.788+0000] {dagbag.py:545} INFO - Filling up the DagBag from /home/airflow/.local/lib/python3.12/site-packages/airflow/example_dags/example_trigger_controller_dag.py
[2025-10-03T00:06:44.805+0000] {processor.py:840} INFO - DAG(s) 'example_trigger_controller_dag' retrieved from /home/airflow/.local/lib/python3.12/site-packages/airflow/example_dags/example_trigger_controller_dag.py
[2025-10-03T00:06:44.938+0000] {logging_mixin.py:188} INFO - [2025-10-03T00:06:44.937+0000] {dag.py:3096} INFO - Sync 1 DAGs
[2025-10-03T00:06:45.007+0000] {logging_mixin.py:188} INFO - [2025-10-03T00:06:45.007+0000] {dag.py:3954} INFO - Setting next_dagrun for example_trigger_controller_dag to 2021-01-01 00:00:00+00:00, run_after=2021-01-01 00:00:00+00:00
[2025-10-03T00:06:45.052+0000] {processor.py:183} INFO - Processing /home/airflow/.local/lib/python3.12/site-packages/airflow/example_dags/example_trigger_controller_dag.py took 0.306 seconds
[2025-10-03T00:07:15.778+0000] {processor.py:161} INFO - Started process (PID=15165) to work on /home/airflow/.local/lib/python3.12/site-packages/airflow/example_dags/example_trigger_controller_dag.py
[2025-10-03T00:07:15.781+0000] {processor.py:830} INFO - Processing file /home/airflow/.local/lib/python3.12/site-packages/airflow/example_dags/example_trigger_controller_dag.py for tasks to queue
[2025-10-03T00:07:15.783+0000] {logging_mixin.py:188} INFO - [2025-10-03T00:07:15.782+0000] {dagbag.py:545} INFO - Filling up the DagBag from /home/airflow/.local/lib/python3.12/site-packages/airflow/example_dags/example_trigger_controller_dag.py
[2025-10-03T00:07:15.798+0000] {processor.py:840} INFO - DAG(s) 'example_trigger_controller_dag' retrieved from /home/airflow/.local/lib/python3.12/site-packages/airflow/example_dags/example_trigger_controller_dag.py
[2025-10-03T00:07:15.851+0000] {logging_mixin.py:188} INFO - [2025-10-03T00:07:15.851+0000] {dag.py:3096} INFO - Sync 1 DAGs
[2025-10-03T00:07:15.907+0000] {logging_mixin.py:188} INFO - [2025-10-03T00:07:15.907+0000] {dag.py:3954} INFO - Setting next_dagrun for example_trigger_controller_dag to 2021-01-01 00:00:00+00:00, run_after=2021-01-01 00:00:00+00:00
[2025-10-03T00:07:15.949+0000] {processor.py:183} INFO - Processing /home/airflow/.local/lib/python3.12/site-packages/airflow/example_dags/example_trigger_controller_dag.py took 0.186 seconds
[2025-10-03T00:07:46.594+0000] {processor.py:161} INFO - Started process (PID=15216) to work on /home/airflow/.local/lib/python3.12/site-packages/airflow/example_dags/example_trigger_controller_dag.py
[2025-10-03T00:07:46.599+0000] {processor.py:830} INFO - Processing file /home/airflow/.local/lib/python3.12/site-packages/airflow/example_dags/example_trigger_controller_dag.py for tasks to queue
[2025-10-03T00:07:46.607+0000] {logging_mixin.py:188} INFO - [2025-10-03T00:07:46.604+0000] {dagbag.py:545} INFO - Filling up the DagBag from /home/airflow/.local/lib/python3.12/site-packages/airflow/example_dags/example_trigger_controller_dag.py
[2025-10-03T00:07:46.657+0000] {processor.py:840} INFO - DAG(s) 'example_trigger_controller_dag' retrieved from /home/airflow/.local/lib/python3.12/site-packages/airflow/example_dags/example_trigger_controller_dag.py
[2025-10-03T00:07:46.712+0000] {logging_mixin.py:188} INFO - [2025-10-03T00:07:46.712+0000] {dag.py:3096} INFO - Sync 1 DAGs
[2025-10-03T00:07:46.762+0000] {logging_mixin.py:188} INFO - [2025-10-03T00:07:46.762+0000] {dag.py:3954} INFO - Setting next_dagrun for example_trigger_controller_dag to 2021-01-01 00:00:00+00:00, run_after=2021-01-01 00:00:00+00:00
[2025-10-03T00:07:46.804+0000] {processor.py:183} INFO - Processing /home/airflow/.local/lib/python3.12/site-packages/airflow/example_dags/example_trigger_controller_dag.py took 0.245 seconds
[2025-10-03T00:08:17.112+0000] {processor.py:161} INFO - Started process (PID=15269) to work on /home/airflow/.local/lib/python3.12/site-packages/airflow/example_dags/example_trigger_controller_dag.py
[2025-10-03T00:08:17.114+0000] {processor.py:830} INFO - Processing file /home/airflow/.local/lib/python3.12/site-packages/airflow/example_dags/example_trigger_controller_dag.py for tasks to queue
[2025-10-03T00:08:17.117+0000] {logging_mixin.py:188} INFO - [2025-10-03T00:08:17.116+0000] {dagbag.py:545} INFO - Filling up the DagBag from /home/airflow/.local/lib/python3.12/site-packages/airflow/example_dags/example_trigger_controller_dag.py
[2025-10-03T00:08:17.129+0000] {processor.py:840} INFO - DAG(s) 'example_trigger_controller_dag' retrieved from /home/airflow/.local/lib/python3.12/site-packages/airflow/example_dags/example_trigger_controller_dag.py
[2025-10-03T00:08:17.177+0000] {logging_mixin.py:188} INFO - [2025-10-03T00:08:17.177+0000] {dag.py:3096} INFO - Sync 1 DAGs
[2025-10-03T00:08:17.226+0000] {logging_mixin.py:188} INFO - [2025-10-03T00:08:17.225+0000] {dag.py:3954} INFO - Setting next_dagrun for example_trigger_controller_dag to 2021-01-01 00:00:00+00:00, run_after=2021-01-01 00:00:00+00:00
[2025-10-03T00:08:17.267+0000] {processor.py:183} INFO - Processing /home/airflow/.local/lib/python3.12/site-packages/airflow/example_dags/example_trigger_controller_dag.py took 0.170 seconds
[2025-10-03T00:08:47.601+0000] {processor.py:161} INFO - Started process (PID=15322) to work on /home/airflow/.local/lib/python3.12/site-packages/airflow/example_dags/example_trigger_controller_dag.py
[2025-10-03T00:08:47.605+0000] {processor.py:830} INFO - Processing file /home/airflow/.local/lib/python3.12/site-packages/airflow/example_dags/example_trigger_controller_dag.py for tasks to queue
[2025-10-03T00:08:47.611+0000] {logging_mixin.py:188} INFO - [2025-10-03T00:08:47.610+0000] {dagbag.py:545} INFO - Filling up the DagBag from /home/airflow/.local/lib/python3.12/site-packages/airflow/example_dags/example_trigger_controller_dag.py
[2025-10-03T00:08:47.632+0000] {processor.py:840} INFO - DAG(s) 'example_trigger_controller_dag' retrieved from /home/airflow/.local/lib/python3.12/site-packages/airflow/example_dags/example_trigger_controller_dag.py
[2025-10-03T00:08:47.682+0000] {logging_mixin.py:188} INFO - [2025-10-03T00:08:47.681+0000] {dag.py:3096} INFO - Sync 1 DAGs
[2025-10-03T00:08:47.736+0000] {logging_mixin.py:188} INFO - [2025-10-03T00:08:47.735+0000] {dag.py:3954} INFO - Setting next_dagrun for example_trigger_controller_dag to 2021-01-01 00:00:00+00:00, run_after=2021-01-01 00:00:00+00:00
[2025-10-03T00:08:47.777+0000] {processor.py:183} INFO - Processing /home/airflow/.local/lib/python3.12/site-packages/airflow/example_dags/example_trigger_controller_dag.py took 0.204 seconds
[2025-10-03T00:09:18.343+0000] {processor.py:161} INFO - Started process (PID=15375) to work on /home/airflow/.local/lib/python3.12/site-packages/airflow/example_dags/example_trigger_controller_dag.py
[2025-10-03T00:09:18.345+0000] {processor.py:830} INFO - Processing file /home/airflow/.local/lib/python3.12/site-packages/airflow/example_dags/example_trigger_controller_dag.py for tasks to queue
[2025-10-03T00:09:18.349+0000] {logging_mixin.py:188} INFO - [2025-10-03T00:09:18.348+0000] {dagbag.py:545} INFO - Filling up the DagBag from /home/airflow/.local/lib/python3.12/site-packages/airflow/example_dags/example_trigger_controller_dag.py
[2025-10-03T00:09:18.363+0000] {processor.py:840} INFO - DAG(s) 'example_trigger_controller_dag' retrieved from /home/airflow/.local/lib/python3.12/site-packages/airflow/example_dags/example_trigger_controller_dag.py
[2025-10-03T00:09:18.417+0000] {logging_mixin.py:188} INFO - [2025-10-03T00:09:18.416+0000] {dag.py:3096} INFO - Sync 1 DAGs
[2025-10-03T00:09:18.470+0000] {logging_mixin.py:188} INFO - [2025-10-03T00:09:18.469+0000] {dag.py:3954} INFO - Setting next_dagrun for example_trigger_controller_dag to 2021-01-01 00:00:00+00:00, run_after=2021-01-01 00:00:00+00:00
[2025-10-03T00:09:18.522+0000] {processor.py:183} INFO - Processing /home/airflow/.local/lib/python3.12/site-packages/airflow/example_dags/example_trigger_controller_dag.py took 0.200 seconds
[2025-10-03T00:09:49.044+0000] {processor.py:161} INFO - Started process (PID=15428) to work on /home/airflow/.local/lib/python3.12/site-packages/airflow/example_dags/example_trigger_controller_dag.py
[2025-10-03T00:09:49.046+0000] {processor.py:830} INFO - Processing file /home/airflow/.local/lib/python3.12/site-packages/airflow/example_dags/example_trigger_controller_dag.py for tasks to queue
[2025-10-03T00:09:49.049+0000] {logging_mixin.py:188} INFO - [2025-10-03T00:09:49.048+0000] {dagbag.py:545} INFO - Filling up the DagBag from /home/airflow/.local/lib/python3.12/site-packages/airflow/example_dags/example_trigger_controller_dag.py
[2025-10-03T00:09:49.060+0000] {processor.py:840} INFO - DAG(s) 'example_trigger_controller_dag' retrieved from /home/airflow/.local/lib/python3.12/site-packages/airflow/example_dags/example_trigger_controller_dag.py
[2025-10-03T00:09:49.106+0000] {logging_mixin.py:188} INFO - [2025-10-03T00:09:49.106+0000] {dag.py:3096} INFO - Sync 1 DAGs
[2025-10-03T00:09:49.158+0000] {logging_mixin.py:188} INFO - [2025-10-03T00:09:49.157+0000] {dag.py:3954} INFO - Setting next_dagrun for example_trigger_controller_dag to 2021-01-01 00:00:00+00:00, run_after=2021-01-01 00:00:00+00:00
[2025-10-03T00:09:49.205+0000] {processor.py:183} INFO - Processing /home/airflow/.local/lib/python3.12/site-packages/airflow/example_dags/example_trigger_controller_dag.py took 0.175 seconds
[2025-10-03T00:10:19.516+0000] {processor.py:161} INFO - Started process (PID=15481) to work on /home/airflow/.local/lib/python3.12/site-packages/airflow/example_dags/example_trigger_controller_dag.py
[2025-10-03T00:10:19.522+0000] {processor.py:830} INFO - Processing file /home/airflow/.local/lib/python3.12/site-packages/airflow/example_dags/example_trigger_controller_dag.py for tasks to queue
[2025-10-03T00:10:19.526+0000] {logging_mixin.py:188} INFO - [2025-10-03T00:10:19.524+0000] {dagbag.py:545} INFO - Filling up the DagBag from /home/airflow/.local/lib/python3.12/site-packages/airflow/example_dags/example_trigger_controller_dag.py
[2025-10-03T00:10:19.541+0000] {processor.py:840} INFO - DAG(s) 'example_trigger_controller_dag' retrieved from /home/airflow/.local/lib/python3.12/site-packages/airflow/example_dags/example_trigger_controller_dag.py
[2025-10-03T00:10:19.601+0000] {logging_mixin.py:188} INFO - [2025-10-03T00:10:19.601+0000] {dag.py:3096} INFO - Sync 1 DAGs
[2025-10-03T00:10:19.654+0000] {logging_mixin.py:188} INFO - [2025-10-03T00:10:19.654+0000] {dag.py:3954} INFO - Setting next_dagrun for example_trigger_controller_dag to 2021-01-01 00:00:00+00:00, run_after=2021-01-01 00:00:00+00:00
[2025-10-03T00:10:19.695+0000] {processor.py:183} INFO - Processing /home/airflow/.local/lib/python3.12/site-packages/airflow/example_dags/example_trigger_controller_dag.py took 0.197 seconds
[2025-10-03T00:10:49.847+0000] {processor.py:161} INFO - Started process (PID=15534) to work on /home/airflow/.local/lib/python3.12/site-packages/airflow/example_dags/example_trigger_controller_dag.py
[2025-10-03T00:10:49.850+0000] {processor.py:830} INFO - Processing file /home/airflow/.local/lib/python3.12/site-packages/airflow/example_dags/example_trigger_controller_dag.py for tasks to queue
[2025-10-03T00:10:49.852+0000] {logging_mixin.py:188} INFO - [2025-10-03T00:10:49.851+0000] {dagbag.py:545} INFO - Filling up the DagBag from /home/airflow/.local/lib/python3.12/site-packages/airflow/example_dags/example_trigger_controller_dag.py
[2025-10-03T00:10:49.868+0000] {processor.py:840} INFO - DAG(s) 'example_trigger_controller_dag' retrieved from /home/airflow/.local/lib/python3.12/site-packages/airflow/example_dags/example_trigger_controller_dag.py
[2025-10-03T00:10:49.918+0000] {logging_mixin.py:188} INFO - [2025-10-03T00:10:49.917+0000] {dag.py:3096} INFO - Sync 1 DAGs
[2025-10-03T00:10:49.967+0000] {logging_mixin.py:188} INFO - [2025-10-03T00:10:49.967+0000] {dag.py:3954} INFO - Setting next_dagrun for example_trigger_controller_dag to 2021-01-01 00:00:00+00:00, run_after=2021-01-01 00:00:00+00:00
[2025-10-03T00:10:50.016+0000] {processor.py:183} INFO - Processing /home/airflow/.local/lib/python3.12/site-packages/airflow/example_dags/example_trigger_controller_dag.py took 0.184 seconds
[2025-10-03T00:11:21.308+0000] {processor.py:161} INFO - Started process (PID=15587) to work on /home/airflow/.local/lib/python3.12/site-packages/airflow/example_dags/example_trigger_controller_dag.py
[2025-10-03T00:11:21.311+0000] {processor.py:830} INFO - Processing file /home/airflow/.local/lib/python3.12/site-packages/airflow/example_dags/example_trigger_controller_dag.py for tasks to queue
[2025-10-03T00:11:21.314+0000] {logging_mixin.py:188} INFO - [2025-10-03T00:11:21.313+0000] {dagbag.py:545} INFO - Filling up the DagBag from /home/airflow/.local/lib/python3.12/site-packages/airflow/example_dags/example_trigger_controller_dag.py
[2025-10-03T00:11:21.334+0000] {processor.py:840} INFO - DAG(s) 'example_trigger_controller_dag' retrieved from /home/airflow/.local/lib/python3.12/site-packages/airflow/example_dags/example_trigger_controller_dag.py
[2025-10-03T00:11:21.402+0000] {logging_mixin.py:188} INFO - [2025-10-03T00:11:21.402+0000] {dag.py:3096} INFO - Sync 1 DAGs
[2025-10-03T00:11:21.479+0000] {logging_mixin.py:188} INFO - [2025-10-03T00:11:21.479+0000] {dag.py:3954} INFO - Setting next_dagrun for example_trigger_controller_dag to 2021-01-01 00:00:00+00:00, run_after=2021-01-01 00:00:00+00:00
[2025-10-03T00:11:21.545+0000] {processor.py:183} INFO - Processing /home/airflow/.local/lib/python3.12/site-packages/airflow/example_dags/example_trigger_controller_dag.py took 0.259 seconds
[2025-10-03T00:11:52.188+0000] {processor.py:161} INFO - Started process (PID=15640) to work on /home/airflow/.local/lib/python3.12/site-packages/airflow/example_dags/example_trigger_controller_dag.py
[2025-10-03T00:11:52.241+0000] {processor.py:830} INFO - Processing file /home/airflow/.local/lib/python3.12/site-packages/airflow/example_dags/example_trigger_controller_dag.py for tasks to queue
[2025-10-03T00:11:52.307+0000] {logging_mixin.py:188} INFO - [2025-10-03T00:11:52.304+0000] {dagbag.py:545} INFO - Filling up the DagBag from /home/airflow/.local/lib/python3.12/site-packages/airflow/example_dags/example_trigger_controller_dag.py
[2025-10-03T00:11:52.385+0000] {processor.py:840} INFO - DAG(s) 'example_trigger_controller_dag' retrieved from /home/airflow/.local/lib/python3.12/site-packages/airflow/example_dags/example_trigger_controller_dag.py
[2025-10-03T00:11:52.494+0000] {logging_mixin.py:188} INFO - [2025-10-03T00:11:52.493+0000] {dag.py:3096} INFO - Sync 1 DAGs
[2025-10-03T00:11:52.549+0000] {logging_mixin.py:188} INFO - [2025-10-03T00:11:52.548+0000] {dag.py:3954} INFO - Setting next_dagrun for example_trigger_controller_dag to 2021-01-01 00:00:00+00:00, run_after=2021-01-01 00:00:00+00:00
[2025-10-03T00:11:52.591+0000] {processor.py:183} INFO - Processing /home/airflow/.local/lib/python3.12/site-packages/airflow/example_dags/example_trigger_controller_dag.py took 0.472 seconds
[2025-10-03T00:12:22.877+0000] {processor.py:161} INFO - Started process (PID=15693) to work on /home/airflow/.local/lib/python3.12/site-packages/airflow/example_dags/example_trigger_controller_dag.py
[2025-10-03T00:12:22.879+0000] {processor.py:830} INFO - Processing file /home/airflow/.local/lib/python3.12/site-packages/airflow/example_dags/example_trigger_controller_dag.py for tasks to queue
[2025-10-03T00:12:22.882+0000] {logging_mixin.py:188} INFO - [2025-10-03T00:12:22.881+0000] {dagbag.py:545} INFO - Filling up the DagBag from /home/airflow/.local/lib/python3.12/site-packages/airflow/example_dags/example_trigger_controller_dag.py
[2025-10-03T00:12:22.894+0000] {processor.py:840} INFO - DAG(s) 'example_trigger_controller_dag' retrieved from /home/airflow/.local/lib/python3.12/site-packages/airflow/example_dags/example_trigger_controller_dag.py
[2025-10-03T00:12:22.941+0000] {logging_mixin.py:188} INFO - [2025-10-03T00:12:22.941+0000] {dag.py:3096} INFO - Sync 1 DAGs
[2025-10-03T00:12:22.989+0000] {logging_mixin.py:188} INFO - [2025-10-03T00:12:22.989+0000] {dag.py:3954} INFO - Setting next_dagrun for example_trigger_controller_dag to 2021-01-01 00:00:00+00:00, run_after=2021-01-01 00:00:00+00:00
[2025-10-03T00:12:23.035+0000] {processor.py:183} INFO - Processing /home/airflow/.local/lib/python3.12/site-packages/airflow/example_dags/example_trigger_controller_dag.py took 0.179 seconds
[2025-10-03T00:12:53.761+0000] {processor.py:161} INFO - Started process (PID=15746) to work on /home/airflow/.local/lib/python3.12/site-packages/airflow/example_dags/example_trigger_controller_dag.py
[2025-10-03T00:12:53.764+0000] {processor.py:830} INFO - Processing file /home/airflow/.local/lib/python3.12/site-packages/airflow/example_dags/example_trigger_controller_dag.py for tasks to queue
[2025-10-03T00:12:53.766+0000] {logging_mixin.py:188} INFO - [2025-10-03T00:12:53.765+0000] {dagbag.py:545} INFO - Filling up the DagBag from /home/airflow/.local/lib/python3.12/site-packages/airflow/example_dags/example_trigger_controller_dag.py
[2025-10-03T00:12:53.781+0000] {processor.py:840} INFO - DAG(s) 'example_trigger_controller_dag' retrieved from /home/airflow/.local/lib/python3.12/site-packages/airflow/example_dags/example_trigger_controller_dag.py
[2025-10-03T00:12:53.832+0000] {logging_mixin.py:188} INFO - [2025-10-03T00:12:53.831+0000] {dag.py:3096} INFO - Sync 1 DAGs
[2025-10-03T00:12:53.884+0000] {logging_mixin.py:188} INFO - [2025-10-03T00:12:53.884+0000] {dag.py:3954} INFO - Setting next_dagrun for example_trigger_controller_dag to 2021-01-01 00:00:00+00:00, run_after=2021-01-01 00:00:00+00:00
[2025-10-03T00:12:53.925+0000] {processor.py:183} INFO - Processing /home/airflow/.local/lib/python3.12/site-packages/airflow/example_dags/example_trigger_controller_dag.py took 0.178 seconds
[2025-10-03T00:13:24.322+0000] {processor.py:161} INFO - Started process (PID=15799) to work on /home/airflow/.local/lib/python3.12/site-packages/airflow/example_dags/example_trigger_controller_dag.py
[2025-10-03T00:13:24.324+0000] {processor.py:830} INFO - Processing file /home/airflow/.local/lib/python3.12/site-packages/airflow/example_dags/example_trigger_controller_dag.py for tasks to queue
[2025-10-03T00:13:24.327+0000] {logging_mixin.py:188} INFO - [2025-10-03T00:13:24.326+0000] {dagbag.py:545} INFO - Filling up the DagBag from /home/airflow/.local/lib/python3.12/site-packages/airflow/example_dags/example_trigger_controller_dag.py
[2025-10-03T00:13:24.343+0000] {processor.py:840} INFO - DAG(s) 'example_trigger_controller_dag' retrieved from /home/airflow/.local/lib/python3.12/site-packages/airflow/example_dags/example_trigger_controller_dag.py
[2025-10-03T00:13:24.388+0000] {logging_mixin.py:188} INFO - [2025-10-03T00:13:24.388+0000] {dag.py:3096} INFO - Sync 1 DAGs
[2025-10-03T00:13:24.436+0000] {logging_mixin.py:188} INFO - [2025-10-03T00:13:24.436+0000] {dag.py:3954} INFO - Setting next_dagrun for example_trigger_controller_dag to 2021-01-01 00:00:00+00:00, run_after=2021-01-01 00:00:00+00:00
[2025-10-03T00:13:24.498+0000] {processor.py:183} INFO - Processing /home/airflow/.local/lib/python3.12/site-packages/airflow/example_dags/example_trigger_controller_dag.py took 0.192 seconds
[2025-10-03T00:13:54.878+0000] {processor.py:161} INFO - Started process (PID=15852) to work on /home/airflow/.local/lib/python3.12/site-packages/airflow/example_dags/example_trigger_controller_dag.py
[2025-10-03T00:13:54.883+0000] {processor.py:830} INFO - Processing file /home/airflow/.local/lib/python3.12/site-packages/airflow/example_dags/example_trigger_controller_dag.py for tasks to queue
[2025-10-03T00:13:54.886+0000] {logging_mixin.py:188} INFO - [2025-10-03T00:13:54.885+0000] {dagbag.py:545} INFO - Filling up the DagBag from /home/airflow/.local/lib/python3.12/site-packages/airflow/example_dags/example_trigger_controller_dag.py
[2025-10-03T00:13:54.900+0000] {processor.py:840} INFO - DAG(s) 'example_trigger_controller_dag' retrieved from /home/airflow/.local/lib/python3.12/site-packages/airflow/example_dags/example_trigger_controller_dag.py
[2025-10-03T00:13:54.949+0000] {logging_mixin.py:188} INFO - [2025-10-03T00:13:54.948+0000] {dag.py:3096} INFO - Sync 1 DAGs
[2025-10-03T00:13:55.001+0000] {logging_mixin.py:188} INFO - [2025-10-03T00:13:55.000+0000] {dag.py:3954} INFO - Setting next_dagrun for example_trigger_controller_dag to 2021-01-01 00:00:00+00:00, run_after=2021-01-01 00:00:00+00:00
[2025-10-03T00:13:55.064+0000] {processor.py:183} INFO - Processing /home/airflow/.local/lib/python3.12/site-packages/airflow/example_dags/example_trigger_controller_dag.py took 0.207 seconds
[2025-10-03T00:14:26.790+0000] {processor.py:161} INFO - Started process (PID=15906) to work on /home/airflow/.local/lib/python3.12/site-packages/airflow/example_dags/example_trigger_controller_dag.py
[2025-10-03T00:14:26.793+0000] {processor.py:830} INFO - Processing file /home/airflow/.local/lib/python3.12/site-packages/airflow/example_dags/example_trigger_controller_dag.py for tasks to queue
[2025-10-03T00:14:26.798+0000] {logging_mixin.py:188} INFO - [2025-10-03T00:14:26.797+0000] {dagbag.py:545} INFO - Filling up the DagBag from /home/airflow/.local/lib/python3.12/site-packages/airflow/example_dags/example_trigger_controller_dag.py
[2025-10-03T00:14:26.817+0000] {processor.py:840} INFO - DAG(s) 'example_trigger_controller_dag' retrieved from /home/airflow/.local/lib/python3.12/site-packages/airflow/example_dags/example_trigger_controller_dag.py
[2025-10-03T00:14:26.886+0000] {logging_mixin.py:188} INFO - [2025-10-03T00:14:26.886+0000] {dag.py:3096} INFO - Sync 1 DAGs
[2025-10-03T00:14:26.943+0000] {logging_mixin.py:188} INFO - [2025-10-03T00:14:26.942+0000] {dag.py:3954} INFO - Setting next_dagrun for example_trigger_controller_dag to 2021-01-01 00:00:00+00:00, run_after=2021-01-01 00:00:00+00:00
[2025-10-03T00:14:26.989+0000] {processor.py:183} INFO - Processing /home/airflow/.local/lib/python3.12/site-packages/airflow/example_dags/example_trigger_controller_dag.py took 0.223 seconds
[2025-10-03T00:14:57.807+0000] {processor.py:161} INFO - Started process (PID=15959) to work on /home/airflow/.local/lib/python3.12/site-packages/airflow/example_dags/example_trigger_controller_dag.py
[2025-10-03T00:14:57.810+0000] {processor.py:830} INFO - Processing file /home/airflow/.local/lib/python3.12/site-packages/airflow/example_dags/example_trigger_controller_dag.py for tasks to queue
[2025-10-03T00:14:57.813+0000] {logging_mixin.py:188} INFO - [2025-10-03T00:14:57.812+0000] {dagbag.py:545} INFO - Filling up the DagBag from /home/airflow/.local/lib/python3.12/site-packages/airflow/example_dags/example_trigger_controller_dag.py
[2025-10-03T00:14:57.838+0000] {processor.py:840} INFO - DAG(s) 'example_trigger_controller_dag' retrieved from /home/airflow/.local/lib/python3.12/site-packages/airflow/example_dags/example_trigger_controller_dag.py
[2025-10-03T00:14:57.892+0000] {logging_mixin.py:188} INFO - [2025-10-03T00:14:57.891+0000] {dag.py:3096} INFO - Sync 1 DAGs
[2025-10-03T00:14:57.942+0000] {logging_mixin.py:188} INFO - [2025-10-03T00:14:57.941+0000] {dag.py:3954} INFO - Setting next_dagrun for example_trigger_controller_dag to 2021-01-01 00:00:00+00:00, run_after=2021-01-01 00:00:00+00:00
[2025-10-03T00:14:57.983+0000] {processor.py:183} INFO - Processing /home/airflow/.local/lib/python3.12/site-packages/airflow/example_dags/example_trigger_controller_dag.py took 0.207 seconds
[2025-10-03T00:15:28.288+0000] {processor.py:161} INFO - Started process (PID=16012) to work on /home/airflow/.local/lib/python3.12/site-packages/airflow/example_dags/example_trigger_controller_dag.py
[2025-10-03T00:15:28.292+0000] {processor.py:830} INFO - Processing file /home/airflow/.local/lib/python3.12/site-packages/airflow/example_dags/example_trigger_controller_dag.py for tasks to queue
[2025-10-03T00:15:28.295+0000] {logging_mixin.py:188} INFO - [2025-10-03T00:15:28.294+0000] {dagbag.py:545} INFO - Filling up the DagBag from /home/airflow/.local/lib/python3.12/site-packages/airflow/example_dags/example_trigger_controller_dag.py
[2025-10-03T00:15:28.328+0000] {processor.py:840} INFO - DAG(s) 'example_trigger_controller_dag' retrieved from /home/airflow/.local/lib/python3.12/site-packages/airflow/example_dags/example_trigger_controller_dag.py
[2025-10-03T00:15:28.401+0000] {logging_mixin.py:188} INFO - [2025-10-03T00:15:28.400+0000] {dag.py:3096} INFO - Sync 1 DAGs
[2025-10-03T00:15:28.457+0000] {logging_mixin.py:188} INFO - [2025-10-03T00:15:28.456+0000] {dag.py:3954} INFO - Setting next_dagrun for example_trigger_controller_dag to 2021-01-01 00:00:00+00:00, run_after=2021-01-01 00:00:00+00:00
[2025-10-03T00:15:28.501+0000] {processor.py:183} INFO - Processing /home/airflow/.local/lib/python3.12/site-packages/airflow/example_dags/example_trigger_controller_dag.py took 0.234 seconds
[2025-10-03T00:15:58.787+0000] {processor.py:161} INFO - Started process (PID=16065) to work on /home/airflow/.local/lib/python3.12/site-packages/airflow/example_dags/example_trigger_controller_dag.py
[2025-10-03T00:15:58.790+0000] {processor.py:830} INFO - Processing file /home/airflow/.local/lib/python3.12/site-packages/airflow/example_dags/example_trigger_controller_dag.py for tasks to queue
[2025-10-03T00:15:58.792+0000] {logging_mixin.py:188} INFO - [2025-10-03T00:15:58.791+0000] {dagbag.py:545} INFO - Filling up the DagBag from /home/airflow/.local/lib/python3.12/site-packages/airflow/example_dags/example_trigger_controller_dag.py
[2025-10-03T00:15:58.807+0000] {processor.py:840} INFO - DAG(s) 'example_trigger_controller_dag' retrieved from /home/airflow/.local/lib/python3.12/site-packages/airflow/example_dags/example_trigger_controller_dag.py
[2025-10-03T00:15:58.858+0000] {logging_mixin.py:188} INFO - [2025-10-03T00:15:58.858+0000] {dag.py:3096} INFO - Sync 1 DAGs
[2025-10-03T00:15:58.903+0000] {logging_mixin.py:188} INFO - [2025-10-03T00:15:58.903+0000] {dag.py:3954} INFO - Setting next_dagrun for example_trigger_controller_dag to 2021-01-01 00:00:00+00:00, run_after=2021-01-01 00:00:00+00:00
[2025-10-03T00:15:58.943+0000] {processor.py:183} INFO - Processing /home/airflow/.local/lib/python3.12/site-packages/airflow/example_dags/example_trigger_controller_dag.py took 0.171 seconds
[2025-10-03T00:16:29.547+0000] {processor.py:161} INFO - Started process (PID=16118) to work on /home/airflow/.local/lib/python3.12/site-packages/airflow/example_dags/example_trigger_controller_dag.py
[2025-10-03T00:16:29.550+0000] {processor.py:830} INFO - Processing file /home/airflow/.local/lib/python3.12/site-packages/airflow/example_dags/example_trigger_controller_dag.py for tasks to queue
[2025-10-03T00:16:29.552+0000] {logging_mixin.py:188} INFO - [2025-10-03T00:16:29.551+0000] {dagbag.py:545} INFO - Filling up the DagBag from /home/airflow/.local/lib/python3.12/site-packages/airflow/example_dags/example_trigger_controller_dag.py
[2025-10-03T00:16:29.566+0000] {processor.py:840} INFO - DAG(s) 'example_trigger_controller_dag' retrieved from /home/airflow/.local/lib/python3.12/site-packages/airflow/example_dags/example_trigger_controller_dag.py
[2025-10-03T00:16:29.615+0000] {logging_mixin.py:188} INFO - [2025-10-03T00:16:29.614+0000] {dag.py:3096} INFO - Sync 1 DAGs
[2025-10-03T00:16:29.659+0000] {logging_mixin.py:188} INFO - [2025-10-03T00:16:29.658+0000] {dag.py:3954} INFO - Setting next_dagrun for example_trigger_controller_dag to 2021-01-01 00:00:00+00:00, run_after=2021-01-01 00:00:00+00:00
[2025-10-03T00:16:29.711+0000] {processor.py:183} INFO - Processing /home/airflow/.local/lib/python3.12/site-packages/airflow/example_dags/example_trigger_controller_dag.py took 0.179 seconds
[2025-10-03T00:17:00.216+0000] {processor.py:161} INFO - Started process (PID=16171) to work on /home/airflow/.local/lib/python3.12/site-packages/airflow/example_dags/example_trigger_controller_dag.py
[2025-10-03T00:17:00.223+0000] {processor.py:830} INFO - Processing file /home/airflow/.local/lib/python3.12/site-packages/airflow/example_dags/example_trigger_controller_dag.py for tasks to queue
[2025-10-03T00:17:00.232+0000] {logging_mixin.py:188} INFO - [2025-10-03T00:17:00.228+0000] {dagbag.py:545} INFO - Filling up the DagBag from /home/airflow/.local/lib/python3.12/site-packages/airflow/example_dags/example_trigger_controller_dag.py
[2025-10-03T00:17:00.262+0000] {processor.py:840} INFO - DAG(s) 'example_trigger_controller_dag' retrieved from /home/airflow/.local/lib/python3.12/site-packages/airflow/example_dags/example_trigger_controller_dag.py
[2025-10-03T00:17:00.332+0000] {logging_mixin.py:188} INFO - [2025-10-03T00:17:00.331+0000] {dag.py:3096} INFO - Sync 1 DAGs
[2025-10-03T00:17:00.397+0000] {logging_mixin.py:188} INFO - [2025-10-03T00:17:00.397+0000] {dag.py:3954} INFO - Setting next_dagrun for example_trigger_controller_dag to 2021-01-01 00:00:00+00:00, run_after=2021-01-01 00:00:00+00:00
[2025-10-03T00:17:00.465+0000] {processor.py:183} INFO - Processing /home/airflow/.local/lib/python3.12/site-packages/airflow/example_dags/example_trigger_controller_dag.py took 0.293 seconds
[2025-10-03T00:17:30.765+0000] {processor.py:161} INFO - Started process (PID=16224) to work on /home/airflow/.local/lib/python3.12/site-packages/airflow/example_dags/example_trigger_controller_dag.py
[2025-10-03T00:17:30.768+0000] {processor.py:830} INFO - Processing file /home/airflow/.local/lib/python3.12/site-packages/airflow/example_dags/example_trigger_controller_dag.py for tasks to queue
[2025-10-03T00:17:30.770+0000] {logging_mixin.py:188} INFO - [2025-10-03T00:17:30.769+0000] {dagbag.py:545} INFO - Filling up the DagBag from /home/airflow/.local/lib/python3.12/site-packages/airflow/example_dags/example_trigger_controller_dag.py
[2025-10-03T00:17:30.782+0000] {processor.py:840} INFO - DAG(s) 'example_trigger_controller_dag' retrieved from /home/airflow/.local/lib/python3.12/site-packages/airflow/example_dags/example_trigger_controller_dag.py
[2025-10-03T00:17:30.828+0000] {logging_mixin.py:188} INFO - [2025-10-03T00:17:30.827+0000] {dag.py:3096} INFO - Sync 1 DAGs
[2025-10-03T00:17:30.871+0000] {logging_mixin.py:188} INFO - [2025-10-03T00:17:30.871+0000] {dag.py:3954} INFO - Setting next_dagrun for example_trigger_controller_dag to 2021-01-01 00:00:00+00:00, run_after=2021-01-01 00:00:00+00:00
[2025-10-03T00:17:30.917+0000] {processor.py:183} INFO - Processing /home/airflow/.local/lib/python3.12/site-packages/airflow/example_dags/example_trigger_controller_dag.py took 0.166 seconds
[2025-10-03T00:18:01.151+0000] {processor.py:161} INFO - Started process (PID=16277) to work on /home/airflow/.local/lib/python3.12/site-packages/airflow/example_dags/example_trigger_controller_dag.py
[2025-10-03T00:18:01.153+0000] {processor.py:830} INFO - Processing file /home/airflow/.local/lib/python3.12/site-packages/airflow/example_dags/example_trigger_controller_dag.py for tasks to queue
[2025-10-03T00:18:01.155+0000] {logging_mixin.py:188} INFO - [2025-10-03T00:18:01.154+0000] {dagbag.py:545} INFO - Filling up the DagBag from /home/airflow/.local/lib/python3.12/site-packages/airflow/example_dags/example_trigger_controller_dag.py
[2025-10-03T00:18:01.169+0000] {processor.py:840} INFO - DAG(s) 'example_trigger_controller_dag' retrieved from /home/airflow/.local/lib/python3.12/site-packages/airflow/example_dags/example_trigger_controller_dag.py
[2025-10-03T00:18:01.221+0000] {logging_mixin.py:188} INFO - [2025-10-03T00:18:01.220+0000] {dag.py:3096} INFO - Sync 1 DAGs
[2025-10-03T00:18:01.276+0000] {logging_mixin.py:188} INFO - [2025-10-03T00:18:01.275+0000] {dag.py:3954} INFO - Setting next_dagrun for example_trigger_controller_dag to 2021-01-01 00:00:00+00:00, run_after=2021-01-01 00:00:00+00:00
[2025-10-03T00:18:01.324+0000] {processor.py:183} INFO - Processing /home/airflow/.local/lib/python3.12/site-packages/airflow/example_dags/example_trigger_controller_dag.py took 0.188 seconds
[2025-10-03T00:18:32.005+0000] {processor.py:161} INFO - Started process (PID=16330) to work on /home/airflow/.local/lib/python3.12/site-packages/airflow/example_dags/example_trigger_controller_dag.py
[2025-10-03T00:18:32.007+0000] {processor.py:830} INFO - Processing file /home/airflow/.local/lib/python3.12/site-packages/airflow/example_dags/example_trigger_controller_dag.py for tasks to queue
[2025-10-03T00:18:32.009+0000] {logging_mixin.py:188} INFO - [2025-10-03T00:18:32.009+0000] {dagbag.py:545} INFO - Filling up the DagBag from /home/airflow/.local/lib/python3.12/site-packages/airflow/example_dags/example_trigger_controller_dag.py
[2025-10-03T00:18:32.023+0000] {processor.py:840} INFO - DAG(s) 'example_trigger_controller_dag' retrieved from /home/airflow/.local/lib/python3.12/site-packages/airflow/example_dags/example_trigger_controller_dag.py
[2025-10-03T00:18:32.074+0000] {logging_mixin.py:188} INFO - [2025-10-03T00:18:32.074+0000] {dag.py:3096} INFO - Sync 1 DAGs
[2025-10-03T00:18:32.127+0000] {logging_mixin.py:188} INFO - [2025-10-03T00:18:32.126+0000] {dag.py:3954} INFO - Setting next_dagrun for example_trigger_controller_dag to 2021-01-01 00:00:00+00:00, run_after=2021-01-01 00:00:00+00:00
[2025-10-03T00:18:32.183+0000] {processor.py:183} INFO - Processing /home/airflow/.local/lib/python3.12/site-packages/airflow/example_dags/example_trigger_controller_dag.py took 0.196 seconds
[2025-10-03T00:19:03.027+0000] {processor.py:161} INFO - Started process (PID=16383) to work on /home/airflow/.local/lib/python3.12/site-packages/airflow/example_dags/example_trigger_controller_dag.py
[2025-10-03T00:19:03.029+0000] {processor.py:830} INFO - Processing file /home/airflow/.local/lib/python3.12/site-packages/airflow/example_dags/example_trigger_controller_dag.py for tasks to queue
[2025-10-03T00:19:03.032+0000] {logging_mixin.py:188} INFO - [2025-10-03T00:19:03.031+0000] {dagbag.py:545} INFO - Filling up the DagBag from /home/airflow/.local/lib/python3.12/site-packages/airflow/example_dags/example_trigger_controller_dag.py
[2025-10-03T00:19:03.046+0000] {processor.py:840} INFO - DAG(s) 'example_trigger_controller_dag' retrieved from /home/airflow/.local/lib/python3.12/site-packages/airflow/example_dags/example_trigger_controller_dag.py
[2025-10-03T00:19:03.100+0000] {logging_mixin.py:188} INFO - [2025-10-03T00:19:03.100+0000] {dag.py:3096} INFO - Sync 1 DAGs
[2025-10-03T00:19:03.155+0000] {logging_mixin.py:188} INFO - [2025-10-03T00:19:03.155+0000] {dag.py:3954} INFO - Setting next_dagrun for example_trigger_controller_dag to 2021-01-01 00:00:00+00:00, run_after=2021-01-01 00:00:00+00:00
[2025-10-03T00:19:03.194+0000] {processor.py:183} INFO - Processing /home/airflow/.local/lib/python3.12/site-packages/airflow/example_dags/example_trigger_controller_dag.py took 0.184 seconds
[2025-10-03T00:19:33.695+0000] {processor.py:161} INFO - Started process (PID=16436) to work on /home/airflow/.local/lib/python3.12/site-packages/airflow/example_dags/example_trigger_controller_dag.py
[2025-10-03T00:19:33.698+0000] {processor.py:830} INFO - Processing file /home/airflow/.local/lib/python3.12/site-packages/airflow/example_dags/example_trigger_controller_dag.py for tasks to queue
[2025-10-03T00:19:33.702+0000] {logging_mixin.py:188} INFO - [2025-10-03T00:19:33.700+0000] {dagbag.py:545} INFO - Filling up the DagBag from /home/airflow/.local/lib/python3.12/site-packages/airflow/example_dags/example_trigger_controller_dag.py
[2025-10-03T00:19:33.717+0000] {processor.py:840} INFO - DAG(s) 'example_trigger_controller_dag' retrieved from /home/airflow/.local/lib/python3.12/site-packages/airflow/example_dags/example_trigger_controller_dag.py
[2025-10-03T00:19:33.764+0000] {logging_mixin.py:188} INFO - [2025-10-03T00:19:33.763+0000] {dag.py:3096} INFO - Sync 1 DAGs
[2025-10-03T00:19:33.813+0000] {logging_mixin.py:188} INFO - [2025-10-03T00:19:33.812+0000] {dag.py:3954} INFO - Setting next_dagrun for example_trigger_controller_dag to 2021-01-01 00:00:00+00:00, run_after=2021-01-01 00:00:00+00:00
[2025-10-03T00:19:33.876+0000] {processor.py:183} INFO - Processing /home/airflow/.local/lib/python3.12/site-packages/airflow/example_dags/example_trigger_controller_dag.py took 0.200 seconds
[2025-10-03T00:20:04.496+0000] {processor.py:161} INFO - Started process (PID=16489) to work on /home/airflow/.local/lib/python3.12/site-packages/airflow/example_dags/example_trigger_controller_dag.py
[2025-10-03T00:20:04.500+0000] {processor.py:830} INFO - Processing file /home/airflow/.local/lib/python3.12/site-packages/airflow/example_dags/example_trigger_controller_dag.py for tasks to queue
[2025-10-03T00:20:04.503+0000] {logging_mixin.py:188} INFO - [2025-10-03T00:20:04.502+0000] {dagbag.py:545} INFO - Filling up the DagBag from /home/airflow/.local/lib/python3.12/site-packages/airflow/example_dags/example_trigger_controller_dag.py
[2025-10-03T00:20:04.527+0000] {processor.py:840} INFO - DAG(s) 'example_trigger_controller_dag' retrieved from /home/airflow/.local/lib/python3.12/site-packages/airflow/example_dags/example_trigger_controller_dag.py
[2025-10-03T00:20:04.605+0000] {logging_mixin.py:188} INFO - [2025-10-03T00:20:04.604+0000] {dag.py:3096} INFO - Sync 1 DAGs
[2025-10-03T00:20:04.676+0000] {logging_mixin.py:188} INFO - [2025-10-03T00:20:04.676+0000] {dag.py:3954} INFO - Setting next_dagrun for example_trigger_controller_dag to 2021-01-01 00:00:00+00:00, run_after=2021-01-01 00:00:00+00:00
[2025-10-03T00:20:04.732+0000] {processor.py:183} INFO - Processing /home/airflow/.local/lib/python3.12/site-packages/airflow/example_dags/example_trigger_controller_dag.py took 0.257 seconds
[2025-10-03T00:20:35.369+0000] {processor.py:161} INFO - Started process (PID=16542) to work on /home/airflow/.local/lib/python3.12/site-packages/airflow/example_dags/example_trigger_controller_dag.py
[2025-10-03T00:20:35.373+0000] {processor.py:830} INFO - Processing file /home/airflow/.local/lib/python3.12/site-packages/airflow/example_dags/example_trigger_controller_dag.py for tasks to queue
[2025-10-03T00:20:35.376+0000] {logging_mixin.py:188} INFO - [2025-10-03T00:20:35.375+0000] {dagbag.py:545} INFO - Filling up the DagBag from /home/airflow/.local/lib/python3.12/site-packages/airflow/example_dags/example_trigger_controller_dag.py
[2025-10-03T00:20:35.401+0000] {processor.py:840} INFO - DAG(s) 'example_trigger_controller_dag' retrieved from /home/airflow/.local/lib/python3.12/site-packages/airflow/example_dags/example_trigger_controller_dag.py
[2025-10-03T00:20:35.475+0000] {logging_mixin.py:188} INFO - [2025-10-03T00:20:35.474+0000] {dag.py:3096} INFO - Sync 1 DAGs
[2025-10-03T00:20:35.555+0000] {logging_mixin.py:188} INFO - [2025-10-03T00:20:35.554+0000] {dag.py:3954} INFO - Setting next_dagrun for example_trigger_controller_dag to 2021-01-01 00:00:00+00:00, run_after=2021-01-01 00:00:00+00:00
[2025-10-03T00:20:35.610+0000] {processor.py:183} INFO - Processing /home/airflow/.local/lib/python3.12/site-packages/airflow/example_dags/example_trigger_controller_dag.py took 0.261 seconds
