[2025-10-03T00:00:03.565+0000] {processor.py:161} INFO - Started process (PID=14416) to work on /home/airflow/.local/lib/python3.12/site-packages/airflow/example_dags/example_branch_datetime_operator.py
[2025-10-03T00:00:03.567+0000] {processor.py:830} INFO - Processing file /home/airflow/.local/lib/python3.12/site-packages/airflow/example_dags/example_branch_datetime_operator.py for tasks to queue
[2025-10-03T00:00:03.570+0000] {logging_mixin.py:188} INFO - [2025-10-03T00:00:03.569+0000] {dagbag.py:545} INFO - Filling up the DagBag from /home/airflow/.local/lib/python3.12/site-packages/airflow/example_dags/example_branch_datetime_operator.py
[2025-10-03T00:00:03.593+0000] {processor.py:840} INFO - DAG(s) 'example_branch_datetime_operator', 'example_branch_datetime_operator_2', 'example_branch_datetime_operator_3' retrieved from /home/airflow/.local/lib/python3.12/site-packages/airflow/example_dags/example_branch_datetime_operator.py
[2025-10-03T00:00:03.656+0000] {logging_mixin.py:188} INFO - [2025-10-03T00:00:03.655+0000] {dag.py:3096} INFO - Sync 3 DAGs
[2025-10-03T00:00:03.709+0000] {logging_mixin.py:188} INFO - [2025-10-03T00:00:03.708+0000] {dag.py:3954} INFO - Setting next_dagrun for example_branch_datetime_operator to 2025-10-02 00:00:00+00:00, run_after=2025-10-03 00:00:00+00:00
[2025-10-03T00:00:03.719+0000] {logging_mixin.py:188} INFO - [2025-10-03T00:00:03.719+0000] {dag.py:3954} INFO - Setting next_dagrun for example_branch_datetime_operator_2 to 2025-10-02 00:00:00+00:00, run_after=2025-10-03 00:00:00+00:00
[2025-10-03T00:00:03.725+0000] {logging_mixin.py:188} INFO - [2025-10-03T00:00:03.724+0000] {dag.py:3954} INFO - Setting next_dagrun for example_branch_datetime_operator_3 to 2025-10-02 00:00:00+00:00, run_after=2025-10-03 00:00:00+00:00
[2025-10-03T00:00:03.761+0000] {processor.py:183} INFO - Processing /home/airflow/.local/lib/python3.12/site-packages/airflow/example_dags/example_branch_datetime_operator.py took 0.211 seconds
[2025-10-03T00:00:33.949+0000] {processor.py:161} INFO - Started process (PID=14469) to work on /home/airflow/.local/lib/python3.12/site-packages/airflow/example_dags/example_branch_datetime_operator.py
[2025-10-03T00:00:33.951+0000] {processor.py:830} INFO - Processing file /home/airflow/.local/lib/python3.12/site-packages/airflow/example_dags/example_branch_datetime_operator.py for tasks to queue
[2025-10-03T00:00:33.954+0000] {logging_mixin.py:188} INFO - [2025-10-03T00:00:33.953+0000] {dagbag.py:545} INFO - Filling up the DagBag from /home/airflow/.local/lib/python3.12/site-packages/airflow/example_dags/example_branch_datetime_operator.py
[2025-10-03T00:00:33.978+0000] {processor.py:840} INFO - DAG(s) 'example_branch_datetime_operator_3', 'example_branch_datetime_operator_2', 'example_branch_datetime_operator' retrieved from /home/airflow/.local/lib/python3.12/site-packages/airflow/example_dags/example_branch_datetime_operator.py
[2025-10-03T00:00:34.040+0000] {logging_mixin.py:188} INFO - [2025-10-03T00:00:34.039+0000] {dag.py:3096} INFO - Sync 3 DAGs
[2025-10-03T00:00:34.090+0000] {logging_mixin.py:188} INFO - [2025-10-03T00:00:34.090+0000] {dag.py:3954} INFO - Setting next_dagrun for example_branch_datetime_operator to 2025-10-02 00:00:00+00:00, run_after=2025-10-03 00:00:00+00:00
[2025-10-03T00:00:34.101+0000] {logging_mixin.py:188} INFO - [2025-10-03T00:00:34.101+0000] {dag.py:3954} INFO - Setting next_dagrun for example_branch_datetime_operator_2 to 2025-10-02 00:00:00+00:00, run_after=2025-10-03 00:00:00+00:00
[2025-10-03T00:00:34.106+0000] {logging_mixin.py:188} INFO - [2025-10-03T00:00:34.106+0000] {dag.py:3954} INFO - Setting next_dagrun for example_branch_datetime_operator_3 to 2025-10-02 00:00:00+00:00, run_after=2025-10-03 00:00:00+00:00
[2025-10-03T00:00:34.148+0000] {processor.py:183} INFO - Processing /home/airflow/.local/lib/python3.12/site-packages/airflow/example_dags/example_branch_datetime_operator.py took 0.215 seconds
[2025-10-03T00:01:04.964+0000] {processor.py:161} INFO - Started process (PID=14522) to work on /home/airflow/.local/lib/python3.12/site-packages/airflow/example_dags/example_branch_datetime_operator.py
[2025-10-03T00:01:04.967+0000] {processor.py:830} INFO - Processing file /home/airflow/.local/lib/python3.12/site-packages/airflow/example_dags/example_branch_datetime_operator.py for tasks to queue
[2025-10-03T00:01:04.969+0000] {logging_mixin.py:188} INFO - [2025-10-03T00:01:04.968+0000] {dagbag.py:545} INFO - Filling up the DagBag from /home/airflow/.local/lib/python3.12/site-packages/airflow/example_dags/example_branch_datetime_operator.py
[2025-10-03T00:01:04.993+0000] {processor.py:840} INFO - DAG(s) 'example_branch_datetime_operator_2', 'example_branch_datetime_operator_3', 'example_branch_datetime_operator' retrieved from /home/airflow/.local/lib/python3.12/site-packages/airflow/example_dags/example_branch_datetime_operator.py
[2025-10-03T00:01:05.066+0000] {logging_mixin.py:188} INFO - [2025-10-03T00:01:05.065+0000] {dag.py:3096} INFO - Sync 3 DAGs
[2025-10-03T00:01:05.129+0000] {logging_mixin.py:188} INFO - [2025-10-03T00:01:05.128+0000] {dag.py:3954} INFO - Setting next_dagrun for example_branch_datetime_operator to 2025-10-02 00:00:00+00:00, run_after=2025-10-03 00:00:00+00:00
[2025-10-03T00:01:05.144+0000] {logging_mixin.py:188} INFO - [2025-10-03T00:01:05.144+0000] {dag.py:3954} INFO - Setting next_dagrun for example_branch_datetime_operator_2 to 2025-10-02 00:00:00+00:00, run_after=2025-10-03 00:00:00+00:00
[2025-10-03T00:01:05.150+0000] {logging_mixin.py:188} INFO - [2025-10-03T00:01:05.149+0000] {dag.py:3954} INFO - Setting next_dagrun for example_branch_datetime_operator_3 to 2025-10-02 00:00:00+00:00, run_after=2025-10-03 00:00:00+00:00
[2025-10-03T00:01:05.189+0000] {processor.py:183} INFO - Processing /home/airflow/.local/lib/python3.12/site-packages/airflow/example_dags/example_branch_datetime_operator.py took 0.244 seconds
[2025-10-03T00:01:35.693+0000] {processor.py:161} INFO - Started process (PID=14575) to work on /home/airflow/.local/lib/python3.12/site-packages/airflow/example_dags/example_branch_datetime_operator.py
[2025-10-03T00:01:35.698+0000] {processor.py:830} INFO - Processing file /home/airflow/.local/lib/python3.12/site-packages/airflow/example_dags/example_branch_datetime_operator.py for tasks to queue
[2025-10-03T00:01:35.703+0000] {logging_mixin.py:188} INFO - [2025-10-03T00:01:35.702+0000] {dagbag.py:545} INFO - Filling up the DagBag from /home/airflow/.local/lib/python3.12/site-packages/airflow/example_dags/example_branch_datetime_operator.py
[2025-10-03T00:01:35.747+0000] {processor.py:840} INFO - DAG(s) 'example_branch_datetime_operator_2', 'example_branch_datetime_operator_3', 'example_branch_datetime_operator' retrieved from /home/airflow/.local/lib/python3.12/site-packages/airflow/example_dags/example_branch_datetime_operator.py
[2025-10-03T00:01:35.810+0000] {logging_mixin.py:188} INFO - [2025-10-03T00:01:35.809+0000] {dag.py:3096} INFO - Sync 3 DAGs
[2025-10-03T00:01:35.878+0000] {logging_mixin.py:188} INFO - [2025-10-03T00:01:35.877+0000] {dag.py:3954} INFO - Setting next_dagrun for example_branch_datetime_operator to 2025-10-02 00:00:00+00:00, run_after=2025-10-03 00:00:00+00:00
[2025-10-03T00:01:35.895+0000] {logging_mixin.py:188} INFO - [2025-10-03T00:01:35.894+0000] {dag.py:3954} INFO - Setting next_dagrun for example_branch_datetime_operator_2 to 2025-10-02 00:00:00+00:00, run_after=2025-10-03 00:00:00+00:00
[2025-10-03T00:01:35.903+0000] {logging_mixin.py:188} INFO - [2025-10-03T00:01:35.902+0000] {dag.py:3954} INFO - Setting next_dagrun for example_branch_datetime_operator_3 to 2025-10-02 00:00:00+00:00, run_after=2025-10-03 00:00:00+00:00
[2025-10-03T00:01:35.941+0000] {processor.py:183} INFO - Processing /home/airflow/.local/lib/python3.12/site-packages/airflow/example_dags/example_branch_datetime_operator.py took 0.282 seconds
[2025-10-03T00:02:06.228+0000] {processor.py:161} INFO - Started process (PID=14628) to work on /home/airflow/.local/lib/python3.12/site-packages/airflow/example_dags/example_branch_datetime_operator.py
[2025-10-03T00:02:06.231+0000] {processor.py:830} INFO - Processing file /home/airflow/.local/lib/python3.12/site-packages/airflow/example_dags/example_branch_datetime_operator.py for tasks to queue
[2025-10-03T00:02:06.233+0000] {logging_mixin.py:188} INFO - [2025-10-03T00:02:06.232+0000] {dagbag.py:545} INFO - Filling up the DagBag from /home/airflow/.local/lib/python3.12/site-packages/airflow/example_dags/example_branch_datetime_operator.py
[2025-10-03T00:02:06.255+0000] {processor.py:840} INFO - DAG(s) 'example_branch_datetime_operator_3', 'example_branch_datetime_operator_2', 'example_branch_datetime_operator' retrieved from /home/airflow/.local/lib/python3.12/site-packages/airflow/example_dags/example_branch_datetime_operator.py
[2025-10-03T00:02:06.319+0000] {logging_mixin.py:188} INFO - [2025-10-03T00:02:06.318+0000] {dag.py:3096} INFO - Sync 3 DAGs
[2025-10-03T00:02:06.383+0000] {logging_mixin.py:188} INFO - [2025-10-03T00:02:06.383+0000] {dag.py:3954} INFO - Setting next_dagrun for example_branch_datetime_operator to 2025-10-02 00:00:00+00:00, run_after=2025-10-03 00:00:00+00:00
[2025-10-03T00:02:06.397+0000] {logging_mixin.py:188} INFO - [2025-10-03T00:02:06.397+0000] {dag.py:3954} INFO - Setting next_dagrun for example_branch_datetime_operator_2 to 2025-10-02 00:00:00+00:00, run_after=2025-10-03 00:00:00+00:00
[2025-10-03T00:02:06.408+0000] {logging_mixin.py:188} INFO - [2025-10-03T00:02:06.407+0000] {dag.py:3954} INFO - Setting next_dagrun for example_branch_datetime_operator_3 to 2025-10-02 00:00:00+00:00, run_after=2025-10-03 00:00:00+00:00
[2025-10-03T00:02:06.456+0000] {processor.py:183} INFO - Processing /home/airflow/.local/lib/python3.12/site-packages/airflow/example_dags/example_branch_datetime_operator.py took 0.242 seconds
[2025-10-03T00:02:37.665+0000] {processor.py:161} INFO - Started process (PID=14683) to work on /home/airflow/.local/lib/python3.12/site-packages/airflow/example_dags/example_branch_datetime_operator.py
[2025-10-03T00:02:37.668+0000] {processor.py:830} INFO - Processing file /home/airflow/.local/lib/python3.12/site-packages/airflow/example_dags/example_branch_datetime_operator.py for tasks to queue
[2025-10-03T00:02:37.670+0000] {logging_mixin.py:188} INFO - [2025-10-03T00:02:37.670+0000] {dagbag.py:545} INFO - Filling up the DagBag from /home/airflow/.local/lib/python3.12/site-packages/airflow/example_dags/example_branch_datetime_operator.py
[2025-10-03T00:02:37.700+0000] {processor.py:840} INFO - DAG(s) 'example_branch_datetime_operator_2', 'example_branch_datetime_operator', 'example_branch_datetime_operator_3' retrieved from /home/airflow/.local/lib/python3.12/site-packages/airflow/example_dags/example_branch_datetime_operator.py
[2025-10-03T00:02:37.771+0000] {logging_mixin.py:188} INFO - [2025-10-03T00:02:37.771+0000] {dag.py:3096} INFO - Sync 3 DAGs
[2025-10-03T00:02:37.836+0000] {logging_mixin.py:188} INFO - [2025-10-03T00:02:37.836+0000] {dag.py:3954} INFO - Setting next_dagrun for example_branch_datetime_operator to 2025-10-02 00:00:00+00:00, run_after=2025-10-03 00:00:00+00:00
[2025-10-03T00:02:37.850+0000] {logging_mixin.py:188} INFO - [2025-10-03T00:02:37.850+0000] {dag.py:3954} INFO - Setting next_dagrun for example_branch_datetime_operator_2 to 2025-10-02 00:00:00+00:00, run_after=2025-10-03 00:00:00+00:00
[2025-10-03T00:02:37.856+0000] {logging_mixin.py:188} INFO - [2025-10-03T00:02:37.856+0000] {dag.py:3954} INFO - Setting next_dagrun for example_branch_datetime_operator_3 to 2025-10-02 00:00:00+00:00, run_after=2025-10-03 00:00:00+00:00
[2025-10-03T00:02:37.890+0000] {processor.py:183} INFO - Processing /home/airflow/.local/lib/python3.12/site-packages/airflow/example_dags/example_branch_datetime_operator.py took 0.240 seconds
[2025-10-03T00:03:08.344+0000] {processor.py:161} INFO - Started process (PID=14736) to work on /home/airflow/.local/lib/python3.12/site-packages/airflow/example_dags/example_branch_datetime_operator.py
[2025-10-03T00:03:08.347+0000] {processor.py:830} INFO - Processing file /home/airflow/.local/lib/python3.12/site-packages/airflow/example_dags/example_branch_datetime_operator.py for tasks to queue
[2025-10-03T00:03:08.349+0000] {logging_mixin.py:188} INFO - [2025-10-03T00:03:08.348+0000] {dagbag.py:545} INFO - Filling up the DagBag from /home/airflow/.local/lib/python3.12/site-packages/airflow/example_dags/example_branch_datetime_operator.py
[2025-10-03T00:03:08.376+0000] {processor.py:840} INFO - DAG(s) 'example_branch_datetime_operator_2', 'example_branch_datetime_operator_3', 'example_branch_datetime_operator' retrieved from /home/airflow/.local/lib/python3.12/site-packages/airflow/example_dags/example_branch_datetime_operator.py
[2025-10-03T00:03:08.450+0000] {logging_mixin.py:188} INFO - [2025-10-03T00:03:08.449+0000] {dag.py:3096} INFO - Sync 3 DAGs
[2025-10-03T00:03:08.518+0000] {logging_mixin.py:188} INFO - [2025-10-03T00:03:08.517+0000] {dag.py:3954} INFO - Setting next_dagrun for example_branch_datetime_operator to 2025-10-02 00:00:00+00:00, run_after=2025-10-03 00:00:00+00:00
[2025-10-03T00:03:08.534+0000] {logging_mixin.py:188} INFO - [2025-10-03T00:03:08.534+0000] {dag.py:3954} INFO - Setting next_dagrun for example_branch_datetime_operator_2 to 2025-10-02 00:00:00+00:00, run_after=2025-10-03 00:00:00+00:00
[2025-10-03T00:03:08.543+0000] {logging_mixin.py:188} INFO - [2025-10-03T00:03:08.542+0000] {dag.py:3954} INFO - Setting next_dagrun for example_branch_datetime_operator_3 to 2025-10-02 00:00:00+00:00, run_after=2025-10-03 00:00:00+00:00
[2025-10-03T00:03:08.600+0000] {processor.py:183} INFO - Processing /home/airflow/.local/lib/python3.12/site-packages/airflow/example_dags/example_branch_datetime_operator.py took 0.274 seconds
[2025-10-03T00:03:38.832+0000] {processor.py:161} INFO - Started process (PID=14789) to work on /home/airflow/.local/lib/python3.12/site-packages/airflow/example_dags/example_branch_datetime_operator.py
[2025-10-03T00:03:38.835+0000] {processor.py:830} INFO - Processing file /home/airflow/.local/lib/python3.12/site-packages/airflow/example_dags/example_branch_datetime_operator.py for tasks to queue
[2025-10-03T00:03:38.837+0000] {logging_mixin.py:188} INFO - [2025-10-03T00:03:38.836+0000] {dagbag.py:545} INFO - Filling up the DagBag from /home/airflow/.local/lib/python3.12/site-packages/airflow/example_dags/example_branch_datetime_operator.py
[2025-10-03T00:03:38.858+0000] {processor.py:840} INFO - DAG(s) 'example_branch_datetime_operator_3', 'example_branch_datetime_operator', 'example_branch_datetime_operator_2' retrieved from /home/airflow/.local/lib/python3.12/site-packages/airflow/example_dags/example_branch_datetime_operator.py
[2025-10-03T00:03:38.927+0000] {logging_mixin.py:188} INFO - [2025-10-03T00:03:38.926+0000] {dag.py:3096} INFO - Sync 3 DAGs
[2025-10-03T00:03:38.978+0000] {logging_mixin.py:188} INFO - [2025-10-03T00:03:38.977+0000] {dag.py:3954} INFO - Setting next_dagrun for example_branch_datetime_operator to 2025-10-02 00:00:00+00:00, run_after=2025-10-03 00:00:00+00:00
[2025-10-03T00:03:38.990+0000] {logging_mixin.py:188} INFO - [2025-10-03T00:03:38.989+0000] {dag.py:3954} INFO - Setting next_dagrun for example_branch_datetime_operator_2 to 2025-10-02 00:00:00+00:00, run_after=2025-10-03 00:00:00+00:00
[2025-10-03T00:03:38.996+0000] {logging_mixin.py:188} INFO - [2025-10-03T00:03:38.996+0000] {dag.py:3954} INFO - Setting next_dagrun for example_branch_datetime_operator_3 to 2025-10-02 00:00:00+00:00, run_after=2025-10-03 00:00:00+00:00
[2025-10-03T00:03:39.035+0000] {processor.py:183} INFO - Processing /home/airflow/.local/lib/python3.12/site-packages/airflow/example_dags/example_branch_datetime_operator.py took 0.216 seconds
[2025-10-03T00:04:09.596+0000] {processor.py:161} INFO - Started process (PID=14842) to work on /home/airflow/.local/lib/python3.12/site-packages/airflow/example_dags/example_branch_datetime_operator.py
[2025-10-03T00:04:09.598+0000] {processor.py:830} INFO - Processing file /home/airflow/.local/lib/python3.12/site-packages/airflow/example_dags/example_branch_datetime_operator.py for tasks to queue
[2025-10-03T00:04:09.601+0000] {logging_mixin.py:188} INFO - [2025-10-03T00:04:09.600+0000] {dagbag.py:545} INFO - Filling up the DagBag from /home/airflow/.local/lib/python3.12/site-packages/airflow/example_dags/example_branch_datetime_operator.py
[2025-10-03T00:04:09.631+0000] {processor.py:840} INFO - DAG(s) 'example_branch_datetime_operator_3', 'example_branch_datetime_operator_2', 'example_branch_datetime_operator' retrieved from /home/airflow/.local/lib/python3.12/site-packages/airflow/example_dags/example_branch_datetime_operator.py
[2025-10-03T00:04:09.707+0000] {logging_mixin.py:188} INFO - [2025-10-03T00:04:09.706+0000] {dag.py:3096} INFO - Sync 3 DAGs
[2025-10-03T00:04:09.761+0000] {logging_mixin.py:188} INFO - [2025-10-03T00:04:09.760+0000] {dag.py:3954} INFO - Setting next_dagrun for example_branch_datetime_operator to 2025-10-02 00:00:00+00:00, run_after=2025-10-03 00:00:00+00:00
[2025-10-03T00:04:09.773+0000] {logging_mixin.py:188} INFO - [2025-10-03T00:04:09.772+0000] {dag.py:3954} INFO - Setting next_dagrun for example_branch_datetime_operator_2 to 2025-10-02 00:00:00+00:00, run_after=2025-10-03 00:00:00+00:00
[2025-10-03T00:04:09.780+0000] {logging_mixin.py:188} INFO - [2025-10-03T00:04:09.780+0000] {dag.py:3954} INFO - Setting next_dagrun for example_branch_datetime_operator_3 to 2025-10-02 00:00:00+00:00, run_after=2025-10-03 00:00:00+00:00
[2025-10-03T00:04:09.818+0000] {processor.py:183} INFO - Processing /home/airflow/.local/lib/python3.12/site-packages/airflow/example_dags/example_branch_datetime_operator.py took 0.238 seconds
[2025-10-03T00:04:40.224+0000] {processor.py:161} INFO - Started process (PID=14895) to work on /home/airflow/.local/lib/python3.12/site-packages/airflow/example_dags/example_branch_datetime_operator.py
[2025-10-03T00:04:40.228+0000] {processor.py:830} INFO - Processing file /home/airflow/.local/lib/python3.12/site-packages/airflow/example_dags/example_branch_datetime_operator.py for tasks to queue
[2025-10-03T00:04:40.233+0000] {logging_mixin.py:188} INFO - [2025-10-03T00:04:40.231+0000] {dagbag.py:545} INFO - Filling up the DagBag from /home/airflow/.local/lib/python3.12/site-packages/airflow/example_dags/example_branch_datetime_operator.py
[2025-10-03T00:04:40.266+0000] {processor.py:840} INFO - DAG(s) 'example_branch_datetime_operator_3', 'example_branch_datetime_operator_2', 'example_branch_datetime_operator' retrieved from /home/airflow/.local/lib/python3.12/site-packages/airflow/example_dags/example_branch_datetime_operator.py
[2025-10-03T00:04:40.344+0000] {logging_mixin.py:188} INFO - [2025-10-03T00:04:40.343+0000] {dag.py:3096} INFO - Sync 3 DAGs
[2025-10-03T00:04:40.421+0000] {logging_mixin.py:188} INFO - [2025-10-03T00:04:40.420+0000] {dag.py:3954} INFO - Setting next_dagrun for example_branch_datetime_operator to 2025-10-02 00:00:00+00:00, run_after=2025-10-03 00:00:00+00:00
[2025-10-03T00:04:40.436+0000] {logging_mixin.py:188} INFO - [2025-10-03T00:04:40.434+0000] {dag.py:3954} INFO - Setting next_dagrun for example_branch_datetime_operator_2 to 2025-10-02 00:00:00+00:00, run_after=2025-10-03 00:00:00+00:00
[2025-10-03T00:04:40.446+0000] {logging_mixin.py:188} INFO - [2025-10-03T00:04:40.446+0000] {dag.py:3954} INFO - Setting next_dagrun for example_branch_datetime_operator_3 to 2025-10-02 00:00:00+00:00, run_after=2025-10-03 00:00:00+00:00
[2025-10-03T00:04:40.494+0000] {processor.py:183} INFO - Processing /home/airflow/.local/lib/python3.12/site-packages/airflow/example_dags/example_branch_datetime_operator.py took 0.294 seconds
[2025-10-03T00:05:10.765+0000] {processor.py:161} INFO - Started process (PID=14948) to work on /home/airflow/.local/lib/python3.12/site-packages/airflow/example_dags/example_branch_datetime_operator.py
[2025-10-03T00:05:10.768+0000] {processor.py:830} INFO - Processing file /home/airflow/.local/lib/python3.12/site-packages/airflow/example_dags/example_branch_datetime_operator.py for tasks to queue
[2025-10-03T00:05:10.771+0000] {logging_mixin.py:188} INFO - [2025-10-03T00:05:10.770+0000] {dagbag.py:545} INFO - Filling up the DagBag from /home/airflow/.local/lib/python3.12/site-packages/airflow/example_dags/example_branch_datetime_operator.py
[2025-10-03T00:05:10.794+0000] {processor.py:840} INFO - DAG(s) 'example_branch_datetime_operator_2', 'example_branch_datetime_operator_3', 'example_branch_datetime_operator' retrieved from /home/airflow/.local/lib/python3.12/site-packages/airflow/example_dags/example_branch_datetime_operator.py
[2025-10-03T00:05:10.853+0000] {logging_mixin.py:188} INFO - [2025-10-03T00:05:10.852+0000] {dag.py:3096} INFO - Sync 3 DAGs
[2025-10-03T00:05:10.904+0000] {logging_mixin.py:188} INFO - [2025-10-03T00:05:10.904+0000] {dag.py:3954} INFO - Setting next_dagrun for example_branch_datetime_operator to 2025-10-02 00:00:00+00:00, run_after=2025-10-03 00:00:00+00:00
[2025-10-03T00:05:10.915+0000] {logging_mixin.py:188} INFO - [2025-10-03T00:05:10.915+0000] {dag.py:3954} INFO - Setting next_dagrun for example_branch_datetime_operator_2 to 2025-10-02 00:00:00+00:00, run_after=2025-10-03 00:00:00+00:00
[2025-10-03T00:05:10.922+0000] {logging_mixin.py:188} INFO - [2025-10-03T00:05:10.921+0000] {dag.py:3954} INFO - Setting next_dagrun for example_branch_datetime_operator_3 to 2025-10-02 00:00:00+00:00, run_after=2025-10-03 00:00:00+00:00
[2025-10-03T00:05:10.956+0000] {processor.py:183} INFO - Processing /home/airflow/.local/lib/python3.12/site-packages/airflow/example_dags/example_branch_datetime_operator.py took 0.208 seconds
[2025-10-03T00:05:41.100+0000] {processor.py:161} INFO - Started process (PID=15001) to work on /home/airflow/.local/lib/python3.12/site-packages/airflow/example_dags/example_branch_datetime_operator.py
[2025-10-03T00:05:41.102+0000] {processor.py:830} INFO - Processing file /home/airflow/.local/lib/python3.12/site-packages/airflow/example_dags/example_branch_datetime_operator.py for tasks to queue
[2025-10-03T00:05:41.105+0000] {logging_mixin.py:188} INFO - [2025-10-03T00:05:41.104+0000] {dagbag.py:545} INFO - Filling up the DagBag from /home/airflow/.local/lib/python3.12/site-packages/airflow/example_dags/example_branch_datetime_operator.py
[2025-10-03T00:05:41.131+0000] {processor.py:840} INFO - DAG(s) 'example_branch_datetime_operator', 'example_branch_datetime_operator_3', 'example_branch_datetime_operator_2' retrieved from /home/airflow/.local/lib/python3.12/site-packages/airflow/example_dags/example_branch_datetime_operator.py
[2025-10-03T00:05:41.204+0000] {logging_mixin.py:188} INFO - [2025-10-03T00:05:41.203+0000] {dag.py:3096} INFO - Sync 3 DAGs
[2025-10-03T00:05:41.259+0000] {logging_mixin.py:188} INFO - [2025-10-03T00:05:41.259+0000] {dag.py:3954} INFO - Setting next_dagrun for example_branch_datetime_operator to 2025-10-02 00:00:00+00:00, run_after=2025-10-03 00:00:00+00:00
[2025-10-03T00:05:41.269+0000] {logging_mixin.py:188} INFO - [2025-10-03T00:05:41.269+0000] {dag.py:3954} INFO - Setting next_dagrun for example_branch_datetime_operator_2 to 2025-10-02 00:00:00+00:00, run_after=2025-10-03 00:00:00+00:00
[2025-10-03T00:05:41.275+0000] {logging_mixin.py:188} INFO - [2025-10-03T00:05:41.275+0000] {dag.py:3954} INFO - Setting next_dagrun for example_branch_datetime_operator_3 to 2025-10-02 00:00:00+00:00, run_after=2025-10-03 00:00:00+00:00
[2025-10-03T00:05:41.312+0000] {processor.py:183} INFO - Processing /home/airflow/.local/lib/python3.12/site-packages/airflow/example_dags/example_branch_datetime_operator.py took 0.226 seconds
[2025-10-03T00:06:11.622+0000] {processor.py:161} INFO - Started process (PID=15054) to work on /home/airflow/.local/lib/python3.12/site-packages/airflow/example_dags/example_branch_datetime_operator.py
[2025-10-03T00:06:11.625+0000] {processor.py:830} INFO - Processing file /home/airflow/.local/lib/python3.12/site-packages/airflow/example_dags/example_branch_datetime_operator.py for tasks to queue
[2025-10-03T00:06:11.629+0000] {logging_mixin.py:188} INFO - [2025-10-03T00:06:11.627+0000] {dagbag.py:545} INFO - Filling up the DagBag from /home/airflow/.local/lib/python3.12/site-packages/airflow/example_dags/example_branch_datetime_operator.py
[2025-10-03T00:06:11.674+0000] {processor.py:840} INFO - DAG(s) 'example_branch_datetime_operator', 'example_branch_datetime_operator_3', 'example_branch_datetime_operator_2' retrieved from /home/airflow/.local/lib/python3.12/site-packages/airflow/example_dags/example_branch_datetime_operator.py
[2025-10-03T00:06:11.822+0000] {logging_mixin.py:188} INFO - [2025-10-03T00:06:11.821+0000] {dag.py:3096} INFO - Sync 3 DAGs
[2025-10-03T00:06:11.944+0000] {logging_mixin.py:188} INFO - [2025-10-03T00:06:11.943+0000] {dag.py:3954} INFO - Setting next_dagrun for example_branch_datetime_operator to 2025-10-02 00:00:00+00:00, run_after=2025-10-03 00:00:00+00:00
[2025-10-03T00:06:11.968+0000] {logging_mixin.py:188} INFO - [2025-10-03T00:06:11.967+0000] {dag.py:3954} INFO - Setting next_dagrun for example_branch_datetime_operator_2 to 2025-10-02 00:00:00+00:00, run_after=2025-10-03 00:00:00+00:00
[2025-10-03T00:06:11.975+0000] {logging_mixin.py:188} INFO - [2025-10-03T00:06:11.974+0000] {dag.py:3954} INFO - Setting next_dagrun for example_branch_datetime_operator_3 to 2025-10-02 00:00:00+00:00, run_after=2025-10-03 00:00:00+00:00
[2025-10-03T00:06:12.059+0000] {processor.py:183} INFO - Processing /home/airflow/.local/lib/python3.12/site-packages/airflow/example_dags/example_branch_datetime_operator.py took 0.473 seconds
[2025-10-03T00:06:42.508+0000] {processor.py:161} INFO - Started process (PID=15105) to work on /home/airflow/.local/lib/python3.12/site-packages/airflow/example_dags/example_branch_datetime_operator.py
[2025-10-03T00:06:42.511+0000] {processor.py:830} INFO - Processing file /home/airflow/.local/lib/python3.12/site-packages/airflow/example_dags/example_branch_datetime_operator.py for tasks to queue
[2025-10-03T00:06:42.514+0000] {logging_mixin.py:188} INFO - [2025-10-03T00:06:42.513+0000] {dagbag.py:545} INFO - Filling up the DagBag from /home/airflow/.local/lib/python3.12/site-packages/airflow/example_dags/example_branch_datetime_operator.py
[2025-10-03T00:06:42.554+0000] {processor.py:840} INFO - DAG(s) 'example_branch_datetime_operator', 'example_branch_datetime_operator_3', 'example_branch_datetime_operator_2' retrieved from /home/airflow/.local/lib/python3.12/site-packages/airflow/example_dags/example_branch_datetime_operator.py
[2025-10-03T00:06:42.618+0000] {logging_mixin.py:188} INFO - [2025-10-03T00:06:42.617+0000] {dag.py:3096} INFO - Sync 3 DAGs
[2025-10-03T00:06:42.686+0000] {logging_mixin.py:188} INFO - [2025-10-03T00:06:42.685+0000] {dag.py:3954} INFO - Setting next_dagrun for example_branch_datetime_operator to 2025-10-02 00:00:00+00:00, run_after=2025-10-03 00:00:00+00:00
[2025-10-03T00:06:42.715+0000] {logging_mixin.py:188} INFO - [2025-10-03T00:06:42.714+0000] {dag.py:3954} INFO - Setting next_dagrun for example_branch_datetime_operator_2 to 2025-10-02 00:00:00+00:00, run_after=2025-10-03 00:00:00+00:00
[2025-10-03T00:06:42.726+0000] {logging_mixin.py:188} INFO - [2025-10-03T00:06:42.725+0000] {dag.py:3954} INFO - Setting next_dagrun for example_branch_datetime_operator_3 to 2025-10-02 00:00:00+00:00, run_after=2025-10-03 00:00:00+00:00
[2025-10-03T00:06:42.786+0000] {processor.py:183} INFO - Processing /home/airflow/.local/lib/python3.12/site-packages/airflow/example_dags/example_branch_datetime_operator.py took 0.295 seconds
[2025-10-03T00:07:13.163+0000] {processor.py:161} INFO - Started process (PID=15158) to work on /home/airflow/.local/lib/python3.12/site-packages/airflow/example_dags/example_branch_datetime_operator.py
[2025-10-03T00:07:13.166+0000] {processor.py:830} INFO - Processing file /home/airflow/.local/lib/python3.12/site-packages/airflow/example_dags/example_branch_datetime_operator.py for tasks to queue
[2025-10-03T00:07:13.170+0000] {logging_mixin.py:188} INFO - [2025-10-03T00:07:13.168+0000] {dagbag.py:545} INFO - Filling up the DagBag from /home/airflow/.local/lib/python3.12/site-packages/airflow/example_dags/example_branch_datetime_operator.py
[2025-10-03T00:07:13.208+0000] {processor.py:840} INFO - DAG(s) 'example_branch_datetime_operator_2', 'example_branch_datetime_operator', 'example_branch_datetime_operator_3' retrieved from /home/airflow/.local/lib/python3.12/site-packages/airflow/example_dags/example_branch_datetime_operator.py
[2025-10-03T00:07:13.292+0000] {logging_mixin.py:188} INFO - [2025-10-03T00:07:13.291+0000] {dag.py:3096} INFO - Sync 3 DAGs
[2025-10-03T00:07:13.384+0000] {logging_mixin.py:188} INFO - [2025-10-03T00:07:13.383+0000] {dag.py:3954} INFO - Setting next_dagrun for example_branch_datetime_operator to 2025-10-02 00:00:00+00:00, run_after=2025-10-03 00:00:00+00:00
[2025-10-03T00:07:13.405+0000] {logging_mixin.py:188} INFO - [2025-10-03T00:07:13.405+0000] {dag.py:3954} INFO - Setting next_dagrun for example_branch_datetime_operator_2 to 2025-10-02 00:00:00+00:00, run_after=2025-10-03 00:00:00+00:00
[2025-10-03T00:07:13.416+0000] {logging_mixin.py:188} INFO - [2025-10-03T00:07:13.415+0000] {dag.py:3954} INFO - Setting next_dagrun for example_branch_datetime_operator_3 to 2025-10-02 00:00:00+00:00, run_after=2025-10-03 00:00:00+00:00
[2025-10-03T00:07:13.504+0000] {processor.py:183} INFO - Processing /home/airflow/.local/lib/python3.12/site-packages/airflow/example_dags/example_branch_datetime_operator.py took 0.360 seconds
[2025-10-03T00:07:44.122+0000] {processor.py:161} INFO - Started process (PID=15211) to work on /home/airflow/.local/lib/python3.12/site-packages/airflow/example_dags/example_branch_datetime_operator.py
[2025-10-03T00:07:44.126+0000] {processor.py:830} INFO - Processing file /home/airflow/.local/lib/python3.12/site-packages/airflow/example_dags/example_branch_datetime_operator.py for tasks to queue
[2025-10-03T00:07:44.133+0000] {logging_mixin.py:188} INFO - [2025-10-03T00:07:44.130+0000] {dagbag.py:545} INFO - Filling up the DagBag from /home/airflow/.local/lib/python3.12/site-packages/airflow/example_dags/example_branch_datetime_operator.py
[2025-10-03T00:07:44.214+0000] {processor.py:840} INFO - DAG(s) 'example_branch_datetime_operator_2', 'example_branch_datetime_operator_3', 'example_branch_datetime_operator' retrieved from /home/airflow/.local/lib/python3.12/site-packages/airflow/example_dags/example_branch_datetime_operator.py
[2025-10-03T00:07:44.327+0000] {logging_mixin.py:188} INFO - [2025-10-03T00:07:44.326+0000] {dag.py:3096} INFO - Sync 3 DAGs
[2025-10-03T00:07:44.470+0000] {logging_mixin.py:188} INFO - [2025-10-03T00:07:44.469+0000] {dag.py:3954} INFO - Setting next_dagrun for example_branch_datetime_operator to 2025-10-02 00:00:00+00:00, run_after=2025-10-03 00:00:00+00:00
[2025-10-03T00:07:44.488+0000] {logging_mixin.py:188} INFO - [2025-10-03T00:07:44.487+0000] {dag.py:3954} INFO - Setting next_dagrun for example_branch_datetime_operator_2 to 2025-10-02 00:00:00+00:00, run_after=2025-10-03 00:00:00+00:00
[2025-10-03T00:07:44.499+0000] {logging_mixin.py:188} INFO - [2025-10-03T00:07:44.498+0000] {dag.py:3954} INFO - Setting next_dagrun for example_branch_datetime_operator_3 to 2025-10-02 00:00:00+00:00, run_after=2025-10-03 00:00:00+00:00
[2025-10-03T00:07:44.579+0000] {processor.py:183} INFO - Processing /home/airflow/.local/lib/python3.12/site-packages/airflow/example_dags/example_branch_datetime_operator.py took 0.488 seconds
[2025-10-03T00:08:15.214+0000] {processor.py:161} INFO - Started process (PID=15264) to work on /home/airflow/.local/lib/python3.12/site-packages/airflow/example_dags/example_branch_datetime_operator.py
[2025-10-03T00:08:15.223+0000] {processor.py:830} INFO - Processing file /home/airflow/.local/lib/python3.12/site-packages/airflow/example_dags/example_branch_datetime_operator.py for tasks to queue
[2025-10-03T00:08:15.226+0000] {logging_mixin.py:188} INFO - [2025-10-03T00:08:15.225+0000] {dagbag.py:545} INFO - Filling up the DagBag from /home/airflow/.local/lib/python3.12/site-packages/airflow/example_dags/example_branch_datetime_operator.py
[2025-10-03T00:08:15.261+0000] {processor.py:840} INFO - DAG(s) 'example_branch_datetime_operator_3', 'example_branch_datetime_operator_2', 'example_branch_datetime_operator' retrieved from /home/airflow/.local/lib/python3.12/site-packages/airflow/example_dags/example_branch_datetime_operator.py
[2025-10-03T00:08:15.341+0000] {logging_mixin.py:188} INFO - [2025-10-03T00:08:15.340+0000] {dag.py:3096} INFO - Sync 3 DAGs
[2025-10-03T00:08:15.406+0000] {logging_mixin.py:188} INFO - [2025-10-03T00:08:15.405+0000] {dag.py:3954} INFO - Setting next_dagrun for example_branch_datetime_operator to 2025-10-02 00:00:00+00:00, run_after=2025-10-03 00:00:00+00:00
[2025-10-03T00:08:15.418+0000] {logging_mixin.py:188} INFO - [2025-10-03T00:08:15.418+0000] {dag.py:3954} INFO - Setting next_dagrun for example_branch_datetime_operator_2 to 2025-10-02 00:00:00+00:00, run_after=2025-10-03 00:00:00+00:00
[2025-10-03T00:08:15.425+0000] {logging_mixin.py:188} INFO - [2025-10-03T00:08:15.425+0000] {dag.py:3954} INFO - Setting next_dagrun for example_branch_datetime_operator_3 to 2025-10-02 00:00:00+00:00, run_after=2025-10-03 00:00:00+00:00
[2025-10-03T00:08:15.469+0000] {processor.py:183} INFO - Processing /home/airflow/.local/lib/python3.12/site-packages/airflow/example_dags/example_branch_datetime_operator.py took 0.278 seconds
[2025-10-03T00:08:45.963+0000] {processor.py:161} INFO - Started process (PID=15317) to work on /home/airflow/.local/lib/python3.12/site-packages/airflow/example_dags/example_branch_datetime_operator.py
[2025-10-03T00:08:45.966+0000] {processor.py:830} INFO - Processing file /home/airflow/.local/lib/python3.12/site-packages/airflow/example_dags/example_branch_datetime_operator.py for tasks to queue
[2025-10-03T00:08:45.968+0000] {logging_mixin.py:188} INFO - [2025-10-03T00:08:45.967+0000] {dagbag.py:545} INFO - Filling up the DagBag from /home/airflow/.local/lib/python3.12/site-packages/airflow/example_dags/example_branch_datetime_operator.py
[2025-10-03T00:08:46.004+0000] {processor.py:840} INFO - DAG(s) 'example_branch_datetime_operator_3', 'example_branch_datetime_operator', 'example_branch_datetime_operator_2' retrieved from /home/airflow/.local/lib/python3.12/site-packages/airflow/example_dags/example_branch_datetime_operator.py
[2025-10-03T00:08:46.073+0000] {logging_mixin.py:188} INFO - [2025-10-03T00:08:46.073+0000] {dag.py:3096} INFO - Sync 3 DAGs
[2025-10-03T00:08:46.146+0000] {logging_mixin.py:188} INFO - [2025-10-03T00:08:46.145+0000] {dag.py:3954} INFO - Setting next_dagrun for example_branch_datetime_operator to 2025-10-02 00:00:00+00:00, run_after=2025-10-03 00:00:00+00:00
[2025-10-03T00:08:46.159+0000] {logging_mixin.py:188} INFO - [2025-10-03T00:08:46.159+0000] {dag.py:3954} INFO - Setting next_dagrun for example_branch_datetime_operator_2 to 2025-10-02 00:00:00+00:00, run_after=2025-10-03 00:00:00+00:00
[2025-10-03T00:08:46.165+0000] {logging_mixin.py:188} INFO - [2025-10-03T00:08:46.164+0000] {dag.py:3954} INFO - Setting next_dagrun for example_branch_datetime_operator_3 to 2025-10-02 00:00:00+00:00, run_after=2025-10-03 00:00:00+00:00
[2025-10-03T00:08:46.205+0000] {processor.py:183} INFO - Processing /home/airflow/.local/lib/python3.12/site-packages/airflow/example_dags/example_branch_datetime_operator.py took 0.261 seconds
[2025-10-03T00:09:16.693+0000] {processor.py:161} INFO - Started process (PID=15370) to work on /home/airflow/.local/lib/python3.12/site-packages/airflow/example_dags/example_branch_datetime_operator.py
[2025-10-03T00:09:16.696+0000] {processor.py:830} INFO - Processing file /home/airflow/.local/lib/python3.12/site-packages/airflow/example_dags/example_branch_datetime_operator.py for tasks to queue
[2025-10-03T00:09:16.698+0000] {logging_mixin.py:188} INFO - [2025-10-03T00:09:16.697+0000] {dagbag.py:545} INFO - Filling up the DagBag from /home/airflow/.local/lib/python3.12/site-packages/airflow/example_dags/example_branch_datetime_operator.py
[2025-10-03T00:09:16.724+0000] {processor.py:840} INFO - DAG(s) 'example_branch_datetime_operator_2', 'example_branch_datetime_operator_3', 'example_branch_datetime_operator' retrieved from /home/airflow/.local/lib/python3.12/site-packages/airflow/example_dags/example_branch_datetime_operator.py
[2025-10-03T00:09:16.796+0000] {logging_mixin.py:188} INFO - [2025-10-03T00:09:16.795+0000] {dag.py:3096} INFO - Sync 3 DAGs
[2025-10-03T00:09:16.851+0000] {logging_mixin.py:188} INFO - [2025-10-03T00:09:16.850+0000] {dag.py:3954} INFO - Setting next_dagrun for example_branch_datetime_operator to 2025-10-02 00:00:00+00:00, run_after=2025-10-03 00:00:00+00:00
[2025-10-03T00:09:16.863+0000] {logging_mixin.py:188} INFO - [2025-10-03T00:09:16.862+0000] {dag.py:3954} INFO - Setting next_dagrun for example_branch_datetime_operator_2 to 2025-10-02 00:00:00+00:00, run_after=2025-10-03 00:00:00+00:00
[2025-10-03T00:09:16.869+0000] {logging_mixin.py:188} INFO - [2025-10-03T00:09:16.869+0000] {dag.py:3954} INFO - Setting next_dagrun for example_branch_datetime_operator_3 to 2025-10-02 00:00:00+00:00, run_after=2025-10-03 00:00:00+00:00
[2025-10-03T00:09:16.909+0000] {processor.py:183} INFO - Processing /home/airflow/.local/lib/python3.12/site-packages/airflow/example_dags/example_branch_datetime_operator.py took 0.231 seconds
[2025-10-03T00:09:47.174+0000] {processor.py:161} INFO - Started process (PID=15423) to work on /home/airflow/.local/lib/python3.12/site-packages/airflow/example_dags/example_branch_datetime_operator.py
[2025-10-03T00:09:47.176+0000] {processor.py:830} INFO - Processing file /home/airflow/.local/lib/python3.12/site-packages/airflow/example_dags/example_branch_datetime_operator.py for tasks to queue
[2025-10-03T00:09:47.178+0000] {logging_mixin.py:188} INFO - [2025-10-03T00:09:47.178+0000] {dagbag.py:545} INFO - Filling up the DagBag from /home/airflow/.local/lib/python3.12/site-packages/airflow/example_dags/example_branch_datetime_operator.py
[2025-10-03T00:09:47.201+0000] {processor.py:840} INFO - DAG(s) 'example_branch_datetime_operator_2', 'example_branch_datetime_operator', 'example_branch_datetime_operator_3' retrieved from /home/airflow/.local/lib/python3.12/site-packages/airflow/example_dags/example_branch_datetime_operator.py
[2025-10-03T00:09:47.265+0000] {logging_mixin.py:188} INFO - [2025-10-03T00:09:47.264+0000] {dag.py:3096} INFO - Sync 3 DAGs
[2025-10-03T00:09:47.313+0000] {logging_mixin.py:188} INFO - [2025-10-03T00:09:47.313+0000] {dag.py:3954} INFO - Setting next_dagrun for example_branch_datetime_operator to 2025-10-02 00:00:00+00:00, run_after=2025-10-03 00:00:00+00:00
[2025-10-03T00:09:47.324+0000] {logging_mixin.py:188} INFO - [2025-10-03T00:09:47.324+0000] {dag.py:3954} INFO - Setting next_dagrun for example_branch_datetime_operator_2 to 2025-10-02 00:00:00+00:00, run_after=2025-10-03 00:00:00+00:00
[2025-10-03T00:09:47.332+0000] {logging_mixin.py:188} INFO - [2025-10-03T00:09:47.332+0000] {dag.py:3954} INFO - Setting next_dagrun for example_branch_datetime_operator_3 to 2025-10-02 00:00:00+00:00, run_after=2025-10-03 00:00:00+00:00
[2025-10-03T00:09:47.369+0000] {processor.py:183} INFO - Processing /home/airflow/.local/lib/python3.12/site-packages/airflow/example_dags/example_branch_datetime_operator.py took 0.208 seconds
[2025-10-03T00:10:17.729+0000] {processor.py:161} INFO - Started process (PID=15476) to work on /home/airflow/.local/lib/python3.12/site-packages/airflow/example_dags/example_branch_datetime_operator.py
[2025-10-03T00:10:17.732+0000] {processor.py:830} INFO - Processing file /home/airflow/.local/lib/python3.12/site-packages/airflow/example_dags/example_branch_datetime_operator.py for tasks to queue
[2025-10-03T00:10:17.735+0000] {logging_mixin.py:188} INFO - [2025-10-03T00:10:17.734+0000] {dagbag.py:545} INFO - Filling up the DagBag from /home/airflow/.local/lib/python3.12/site-packages/airflow/example_dags/example_branch_datetime_operator.py
[2025-10-03T00:10:17.759+0000] {processor.py:840} INFO - DAG(s) 'example_branch_datetime_operator_2', 'example_branch_datetime_operator_3', 'example_branch_datetime_operator' retrieved from /home/airflow/.local/lib/python3.12/site-packages/airflow/example_dags/example_branch_datetime_operator.py
[2025-10-03T00:10:17.822+0000] {logging_mixin.py:188} INFO - [2025-10-03T00:10:17.821+0000] {dag.py:3096} INFO - Sync 3 DAGs
[2025-10-03T00:10:17.874+0000] {logging_mixin.py:188} INFO - [2025-10-03T00:10:17.874+0000] {dag.py:3954} INFO - Setting next_dagrun for example_branch_datetime_operator to 2025-10-02 00:00:00+00:00, run_after=2025-10-03 00:00:00+00:00
[2025-10-03T00:10:17.885+0000] {logging_mixin.py:188} INFO - [2025-10-03T00:10:17.884+0000] {dag.py:3954} INFO - Setting next_dagrun for example_branch_datetime_operator_2 to 2025-10-02 00:00:00+00:00, run_after=2025-10-03 00:00:00+00:00
[2025-10-03T00:10:17.891+0000] {logging_mixin.py:188} INFO - [2025-10-03T00:10:17.890+0000] {dag.py:3954} INFO - Setting next_dagrun for example_branch_datetime_operator_3 to 2025-10-02 00:00:00+00:00, run_after=2025-10-03 00:00:00+00:00
[2025-10-03T00:10:17.925+0000] {processor.py:183} INFO - Processing /home/airflow/.local/lib/python3.12/site-packages/airflow/example_dags/example_branch_datetime_operator.py took 0.210 seconds
[2025-10-03T00:10:48.227+0000] {processor.py:161} INFO - Started process (PID=15529) to work on /home/airflow/.local/lib/python3.12/site-packages/airflow/example_dags/example_branch_datetime_operator.py
[2025-10-03T00:10:48.229+0000] {processor.py:830} INFO - Processing file /home/airflow/.local/lib/python3.12/site-packages/airflow/example_dags/example_branch_datetime_operator.py for tasks to queue
[2025-10-03T00:10:48.232+0000] {logging_mixin.py:188} INFO - [2025-10-03T00:10:48.231+0000] {dagbag.py:545} INFO - Filling up the DagBag from /home/airflow/.local/lib/python3.12/site-packages/airflow/example_dags/example_branch_datetime_operator.py
[2025-10-03T00:10:48.261+0000] {processor.py:840} INFO - DAG(s) 'example_branch_datetime_operator_3', 'example_branch_datetime_operator', 'example_branch_datetime_operator_2' retrieved from /home/airflow/.local/lib/python3.12/site-packages/airflow/example_dags/example_branch_datetime_operator.py
[2025-10-03T00:10:48.330+0000] {logging_mixin.py:188} INFO - [2025-10-03T00:10:48.330+0000] {dag.py:3096} INFO - Sync 3 DAGs
[2025-10-03T00:10:48.391+0000] {logging_mixin.py:188} INFO - [2025-10-03T00:10:48.391+0000] {dag.py:3954} INFO - Setting next_dagrun for example_branch_datetime_operator to 2025-10-02 00:00:00+00:00, run_after=2025-10-03 00:00:00+00:00
[2025-10-03T00:10:48.403+0000] {logging_mixin.py:188} INFO - [2025-10-03T00:10:48.403+0000] {dag.py:3954} INFO - Setting next_dagrun for example_branch_datetime_operator_2 to 2025-10-02 00:00:00+00:00, run_after=2025-10-03 00:00:00+00:00
[2025-10-03T00:10:48.416+0000] {logging_mixin.py:188} INFO - [2025-10-03T00:10:48.415+0000] {dag.py:3954} INFO - Setting next_dagrun for example_branch_datetime_operator_3 to 2025-10-02 00:00:00+00:00, run_after=2025-10-03 00:00:00+00:00
[2025-10-03T00:10:48.456+0000] {processor.py:183} INFO - Processing /home/airflow/.local/lib/python3.12/site-packages/airflow/example_dags/example_branch_datetime_operator.py took 0.252 seconds
[2025-10-03T00:11:19.105+0000] {processor.py:161} INFO - Started process (PID=15582) to work on /home/airflow/.local/lib/python3.12/site-packages/airflow/example_dags/example_branch_datetime_operator.py
[2025-10-03T00:11:19.108+0000] {processor.py:830} INFO - Processing file /home/airflow/.local/lib/python3.12/site-packages/airflow/example_dags/example_branch_datetime_operator.py for tasks to queue
[2025-10-03T00:11:19.113+0000] {logging_mixin.py:188} INFO - [2025-10-03T00:11:19.111+0000] {dagbag.py:545} INFO - Filling up the DagBag from /home/airflow/.local/lib/python3.12/site-packages/airflow/example_dags/example_branch_datetime_operator.py
[2025-10-03T00:11:19.204+0000] {processor.py:840} INFO - DAG(s) 'example_branch_datetime_operator', 'example_branch_datetime_operator_3', 'example_branch_datetime_operator_2' retrieved from /home/airflow/.local/lib/python3.12/site-packages/airflow/example_dags/example_branch_datetime_operator.py
[2025-10-03T00:11:19.393+0000] {logging_mixin.py:188} INFO - [2025-10-03T00:11:19.392+0000] {dag.py:3096} INFO - Sync 3 DAGs
[2025-10-03T00:11:19.540+0000] {logging_mixin.py:188} INFO - [2025-10-03T00:11:19.539+0000] {dag.py:3954} INFO - Setting next_dagrun for example_branch_datetime_operator to 2025-10-02 00:00:00+00:00, run_after=2025-10-03 00:00:00+00:00
[2025-10-03T00:11:19.583+0000] {logging_mixin.py:188} INFO - [2025-10-03T00:11:19.582+0000] {dag.py:3954} INFO - Setting next_dagrun for example_branch_datetime_operator_2 to 2025-10-02 00:00:00+00:00, run_after=2025-10-03 00:00:00+00:00
[2025-10-03T00:11:19.597+0000] {logging_mixin.py:188} INFO - [2025-10-03T00:11:19.593+0000] {dag.py:3954} INFO - Setting next_dagrun for example_branch_datetime_operator_3 to 2025-10-02 00:00:00+00:00, run_after=2025-10-03 00:00:00+00:00
[2025-10-03T00:11:19.694+0000] {processor.py:183} INFO - Processing /home/airflow/.local/lib/python3.12/site-packages/airflow/example_dags/example_branch_datetime_operator.py took 0.631 seconds
[2025-10-03T00:11:50.288+0000] {processor.py:161} INFO - Started process (PID=15635) to work on /home/airflow/.local/lib/python3.12/site-packages/airflow/example_dags/example_branch_datetime_operator.py
[2025-10-03T00:11:50.290+0000] {processor.py:830} INFO - Processing file /home/airflow/.local/lib/python3.12/site-packages/airflow/example_dags/example_branch_datetime_operator.py for tasks to queue
[2025-10-03T00:11:50.292+0000] {logging_mixin.py:188} INFO - [2025-10-03T00:11:50.291+0000] {dagbag.py:545} INFO - Filling up the DagBag from /home/airflow/.local/lib/python3.12/site-packages/airflow/example_dags/example_branch_datetime_operator.py
[2025-10-03T00:11:50.316+0000] {processor.py:840} INFO - DAG(s) 'example_branch_datetime_operator', 'example_branch_datetime_operator_3', 'example_branch_datetime_operator_2' retrieved from /home/airflow/.local/lib/python3.12/site-packages/airflow/example_dags/example_branch_datetime_operator.py
[2025-10-03T00:11:50.394+0000] {logging_mixin.py:188} INFO - [2025-10-03T00:11:50.393+0000] {dag.py:3096} INFO - Sync 3 DAGs
[2025-10-03T00:11:50.448+0000] {logging_mixin.py:188} INFO - [2025-10-03T00:11:50.447+0000] {dag.py:3954} INFO - Setting next_dagrun for example_branch_datetime_operator to 2025-10-02 00:00:00+00:00, run_after=2025-10-03 00:00:00+00:00
[2025-10-03T00:11:50.459+0000] {logging_mixin.py:188} INFO - [2025-10-03T00:11:50.459+0000] {dag.py:3954} INFO - Setting next_dagrun for example_branch_datetime_operator_2 to 2025-10-02 00:00:00+00:00, run_after=2025-10-03 00:00:00+00:00
[2025-10-03T00:11:50.464+0000] {logging_mixin.py:188} INFO - [2025-10-03T00:11:50.464+0000] {dag.py:3954} INFO - Setting next_dagrun for example_branch_datetime_operator_3 to 2025-10-02 00:00:00+00:00, run_after=2025-10-03 00:00:00+00:00
[2025-10-03T00:11:50.504+0000] {processor.py:183} INFO - Processing /home/airflow/.local/lib/python3.12/site-packages/airflow/example_dags/example_branch_datetime_operator.py took 0.237 seconds
[2025-10-03T00:12:20.867+0000] {processor.py:161} INFO - Started process (PID=15688) to work on /home/airflow/.local/lib/python3.12/site-packages/airflow/example_dags/example_branch_datetime_operator.py
[2025-10-03T00:12:20.870+0000] {processor.py:830} INFO - Processing file /home/airflow/.local/lib/python3.12/site-packages/airflow/example_dags/example_branch_datetime_operator.py for tasks to queue
[2025-10-03T00:12:20.872+0000] {logging_mixin.py:188} INFO - [2025-10-03T00:12:20.871+0000] {dagbag.py:545} INFO - Filling up the DagBag from /home/airflow/.local/lib/python3.12/site-packages/airflow/example_dags/example_branch_datetime_operator.py
[2025-10-03T00:12:20.900+0000] {processor.py:840} INFO - DAG(s) 'example_branch_datetime_operator', 'example_branch_datetime_operator_3', 'example_branch_datetime_operator_2' retrieved from /home/airflow/.local/lib/python3.12/site-packages/airflow/example_dags/example_branch_datetime_operator.py
[2025-10-03T00:12:20.967+0000] {logging_mixin.py:188} INFO - [2025-10-03T00:12:20.966+0000] {dag.py:3096} INFO - Sync 3 DAGs
[2025-10-03T00:12:21.031+0000] {logging_mixin.py:188} INFO - [2025-10-03T00:12:21.030+0000] {dag.py:3954} INFO - Setting next_dagrun for example_branch_datetime_operator to 2025-10-02 00:00:00+00:00, run_after=2025-10-03 00:00:00+00:00
[2025-10-03T00:12:21.046+0000] {logging_mixin.py:188} INFO - [2025-10-03T00:12:21.045+0000] {dag.py:3954} INFO - Setting next_dagrun for example_branch_datetime_operator_2 to 2025-10-02 00:00:00+00:00, run_after=2025-10-03 00:00:00+00:00
[2025-10-03T00:12:21.052+0000] {logging_mixin.py:188} INFO - [2025-10-03T00:12:21.052+0000] {dag.py:3954} INFO - Setting next_dagrun for example_branch_datetime_operator_3 to 2025-10-02 00:00:00+00:00, run_after=2025-10-03 00:00:00+00:00
[2025-10-03T00:12:21.088+0000] {processor.py:183} INFO - Processing /home/airflow/.local/lib/python3.12/site-packages/airflow/example_dags/example_branch_datetime_operator.py took 0.236 seconds
[2025-10-03T00:12:52.129+0000] {processor.py:161} INFO - Started process (PID=15741) to work on /home/airflow/.local/lib/python3.12/site-packages/airflow/example_dags/example_branch_datetime_operator.py
[2025-10-03T00:12:52.133+0000] {processor.py:830} INFO - Processing file /home/airflow/.local/lib/python3.12/site-packages/airflow/example_dags/example_branch_datetime_operator.py for tasks to queue
[2025-10-03T00:12:52.135+0000] {logging_mixin.py:188} INFO - [2025-10-03T00:12:52.134+0000] {dagbag.py:545} INFO - Filling up the DagBag from /home/airflow/.local/lib/python3.12/site-packages/airflow/example_dags/example_branch_datetime_operator.py
[2025-10-03T00:12:52.161+0000] {processor.py:840} INFO - DAG(s) 'example_branch_datetime_operator_2', 'example_branch_datetime_operator_3', 'example_branch_datetime_operator' retrieved from /home/airflow/.local/lib/python3.12/site-packages/airflow/example_dags/example_branch_datetime_operator.py
[2025-10-03T00:12:52.236+0000] {logging_mixin.py:188} INFO - [2025-10-03T00:12:52.236+0000] {dag.py:3096} INFO - Sync 3 DAGs
[2025-10-03T00:12:52.290+0000] {logging_mixin.py:188} INFO - [2025-10-03T00:12:52.289+0000] {dag.py:3954} INFO - Setting next_dagrun for example_branch_datetime_operator to 2025-10-02 00:00:00+00:00, run_after=2025-10-03 00:00:00+00:00
[2025-10-03T00:12:52.305+0000] {logging_mixin.py:188} INFO - [2025-10-03T00:12:52.304+0000] {dag.py:3954} INFO - Setting next_dagrun for example_branch_datetime_operator_2 to 2025-10-02 00:00:00+00:00, run_after=2025-10-03 00:00:00+00:00
[2025-10-03T00:12:52.314+0000] {logging_mixin.py:188} INFO - [2025-10-03T00:12:52.313+0000] {dag.py:3954} INFO - Setting next_dagrun for example_branch_datetime_operator_3 to 2025-10-02 00:00:00+00:00, run_after=2025-10-03 00:00:00+00:00
[2025-10-03T00:12:52.360+0000] {processor.py:183} INFO - Processing /home/airflow/.local/lib/python3.12/site-packages/airflow/example_dags/example_branch_datetime_operator.py took 0.247 seconds
[2025-10-03T00:13:22.698+0000] {processor.py:161} INFO - Started process (PID=15794) to work on /home/airflow/.local/lib/python3.12/site-packages/airflow/example_dags/example_branch_datetime_operator.py
[2025-10-03T00:13:22.701+0000] {processor.py:830} INFO - Processing file /home/airflow/.local/lib/python3.12/site-packages/airflow/example_dags/example_branch_datetime_operator.py for tasks to queue
[2025-10-03T00:13:22.703+0000] {logging_mixin.py:188} INFO - [2025-10-03T00:13:22.702+0000] {dagbag.py:545} INFO - Filling up the DagBag from /home/airflow/.local/lib/python3.12/site-packages/airflow/example_dags/example_branch_datetime_operator.py
[2025-10-03T00:13:22.727+0000] {processor.py:840} INFO - DAG(s) 'example_branch_datetime_operator_2', 'example_branch_datetime_operator_3', 'example_branch_datetime_operator' retrieved from /home/airflow/.local/lib/python3.12/site-packages/airflow/example_dags/example_branch_datetime_operator.py
[2025-10-03T00:13:22.793+0000] {logging_mixin.py:188} INFO - [2025-10-03T00:13:22.792+0000] {dag.py:3096} INFO - Sync 3 DAGs
[2025-10-03T00:13:22.855+0000] {logging_mixin.py:188} INFO - [2025-10-03T00:13:22.855+0000] {dag.py:3954} INFO - Setting next_dagrun for example_branch_datetime_operator to 2025-10-02 00:00:00+00:00, run_after=2025-10-03 00:00:00+00:00
[2025-10-03T00:13:22.866+0000] {logging_mixin.py:188} INFO - [2025-10-03T00:13:22.866+0000] {dag.py:3954} INFO - Setting next_dagrun for example_branch_datetime_operator_2 to 2025-10-02 00:00:00+00:00, run_after=2025-10-03 00:00:00+00:00
[2025-10-03T00:13:22.872+0000] {logging_mixin.py:188} INFO - [2025-10-03T00:13:22.871+0000] {dag.py:3954} INFO - Setting next_dagrun for example_branch_datetime_operator_3 to 2025-10-02 00:00:00+00:00, run_after=2025-10-03 00:00:00+00:00
[2025-10-03T00:13:22.915+0000] {processor.py:183} INFO - Processing /home/airflow/.local/lib/python3.12/site-packages/airflow/example_dags/example_branch_datetime_operator.py took 0.232 seconds
[2025-10-03T00:13:53.883+0000] {processor.py:161} INFO - Started process (PID=15847) to work on /home/airflow/.local/lib/python3.12/site-packages/airflow/example_dags/example_branch_datetime_operator.py
[2025-10-03T00:13:53.886+0000] {processor.py:830} INFO - Processing file /home/airflow/.local/lib/python3.12/site-packages/airflow/example_dags/example_branch_datetime_operator.py for tasks to queue
[2025-10-03T00:13:53.888+0000] {logging_mixin.py:188} INFO - [2025-10-03T00:13:53.887+0000] {dagbag.py:545} INFO - Filling up the DagBag from /home/airflow/.local/lib/python3.12/site-packages/airflow/example_dags/example_branch_datetime_operator.py
[2025-10-03T00:13:53.923+0000] {processor.py:840} INFO - DAG(s) 'example_branch_datetime_operator_3', 'example_branch_datetime_operator_2', 'example_branch_datetime_operator' retrieved from /home/airflow/.local/lib/python3.12/site-packages/airflow/example_dags/example_branch_datetime_operator.py
[2025-10-03T00:13:54.031+0000] {logging_mixin.py:188} INFO - [2025-10-03T00:13:54.031+0000] {dag.py:3096} INFO - Sync 3 DAGs
[2025-10-03T00:13:54.111+0000] {logging_mixin.py:188} INFO - [2025-10-03T00:13:54.111+0000] {dag.py:3954} INFO - Setting next_dagrun for example_branch_datetime_operator to 2025-10-02 00:00:00+00:00, run_after=2025-10-03 00:00:00+00:00
[2025-10-03T00:13:54.126+0000] {logging_mixin.py:188} INFO - [2025-10-03T00:13:54.125+0000] {dag.py:3954} INFO - Setting next_dagrun for example_branch_datetime_operator_2 to 2025-10-02 00:00:00+00:00, run_after=2025-10-03 00:00:00+00:00
[2025-10-03T00:13:54.131+0000] {logging_mixin.py:188} INFO - [2025-10-03T00:13:54.131+0000] {dag.py:3954} INFO - Setting next_dagrun for example_branch_datetime_operator_3 to 2025-10-02 00:00:00+00:00, run_after=2025-10-03 00:00:00+00:00
[2025-10-03T00:13:54.176+0000] {processor.py:183} INFO - Processing /home/airflow/.local/lib/python3.12/site-packages/airflow/example_dags/example_branch_datetime_operator.py took 0.314 seconds
[2025-10-03T00:14:24.968+0000] {processor.py:161} INFO - Started process (PID=15900) to work on /home/airflow/.local/lib/python3.12/site-packages/airflow/example_dags/example_branch_datetime_operator.py
[2025-10-03T00:14:24.970+0000] {processor.py:830} INFO - Processing file /home/airflow/.local/lib/python3.12/site-packages/airflow/example_dags/example_branch_datetime_operator.py for tasks to queue
[2025-10-03T00:14:24.972+0000] {logging_mixin.py:188} INFO - [2025-10-03T00:14:24.971+0000] {dagbag.py:545} INFO - Filling up the DagBag from /home/airflow/.local/lib/python3.12/site-packages/airflow/example_dags/example_branch_datetime_operator.py
[2025-10-03T00:14:25.013+0000] {processor.py:840} INFO - DAG(s) 'example_branch_datetime_operator_3', 'example_branch_datetime_operator_2', 'example_branch_datetime_operator' retrieved from /home/airflow/.local/lib/python3.12/site-packages/airflow/example_dags/example_branch_datetime_operator.py
[2025-10-03T00:14:25.106+0000] {logging_mixin.py:188} INFO - [2025-10-03T00:14:25.105+0000] {dag.py:3096} INFO - Sync 3 DAGs
[2025-10-03T00:14:25.164+0000] {logging_mixin.py:188} INFO - [2025-10-03T00:14:25.163+0000] {dag.py:3954} INFO - Setting next_dagrun for example_branch_datetime_operator to 2025-10-02 00:00:00+00:00, run_after=2025-10-03 00:00:00+00:00
[2025-10-03T00:14:25.174+0000] {logging_mixin.py:188} INFO - [2025-10-03T00:14:25.174+0000] {dag.py:3954} INFO - Setting next_dagrun for example_branch_datetime_operator_2 to 2025-10-02 00:00:00+00:00, run_after=2025-10-03 00:00:00+00:00
[2025-10-03T00:14:25.180+0000] {logging_mixin.py:188} INFO - [2025-10-03T00:14:25.180+0000] {dag.py:3954} INFO - Setting next_dagrun for example_branch_datetime_operator_3 to 2025-10-02 00:00:00+00:00, run_after=2025-10-03 00:00:00+00:00
[2025-10-03T00:14:25.220+0000] {processor.py:183} INFO - Processing /home/airflow/.local/lib/python3.12/site-packages/airflow/example_dags/example_branch_datetime_operator.py took 0.271 seconds
[2025-10-03T00:14:55.554+0000] {processor.py:161} INFO - Started process (PID=15953) to work on /home/airflow/.local/lib/python3.12/site-packages/airflow/example_dags/example_branch_datetime_operator.py
[2025-10-03T00:14:55.558+0000] {processor.py:830} INFO - Processing file /home/airflow/.local/lib/python3.12/site-packages/airflow/example_dags/example_branch_datetime_operator.py for tasks to queue
[2025-10-03T00:14:55.560+0000] {logging_mixin.py:188} INFO - [2025-10-03T00:14:55.560+0000] {dagbag.py:545} INFO - Filling up the DagBag from /home/airflow/.local/lib/python3.12/site-packages/airflow/example_dags/example_branch_datetime_operator.py
[2025-10-03T00:14:55.584+0000] {processor.py:840} INFO - DAG(s) 'example_branch_datetime_operator', 'example_branch_datetime_operator_2', 'example_branch_datetime_operator_3' retrieved from /home/airflow/.local/lib/python3.12/site-packages/airflow/example_dags/example_branch_datetime_operator.py
[2025-10-03T00:14:55.648+0000] {logging_mixin.py:188} INFO - [2025-10-03T00:14:55.648+0000] {dag.py:3096} INFO - Sync 3 DAGs
[2025-10-03T00:14:55.703+0000] {logging_mixin.py:188} INFO - [2025-10-03T00:14:55.702+0000] {dag.py:3954} INFO - Setting next_dagrun for example_branch_datetime_operator to 2025-10-02 00:00:00+00:00, run_after=2025-10-03 00:00:00+00:00
[2025-10-03T00:14:55.715+0000] {logging_mixin.py:188} INFO - [2025-10-03T00:14:55.715+0000] {dag.py:3954} INFO - Setting next_dagrun for example_branch_datetime_operator_2 to 2025-10-02 00:00:00+00:00, run_after=2025-10-03 00:00:00+00:00
[2025-10-03T00:14:55.722+0000] {logging_mixin.py:188} INFO - [2025-10-03T00:14:55.721+0000] {dag.py:3954} INFO - Setting next_dagrun for example_branch_datetime_operator_3 to 2025-10-02 00:00:00+00:00, run_after=2025-10-03 00:00:00+00:00
[2025-10-03T00:14:55.758+0000] {processor.py:183} INFO - Processing /home/airflow/.local/lib/python3.12/site-packages/airflow/example_dags/example_branch_datetime_operator.py took 0.220 seconds
[2025-10-03T00:15:26.281+0000] {processor.py:161} INFO - Started process (PID=16006) to work on /home/airflow/.local/lib/python3.12/site-packages/airflow/example_dags/example_branch_datetime_operator.py
[2025-10-03T00:15:26.283+0000] {processor.py:830} INFO - Processing file /home/airflow/.local/lib/python3.12/site-packages/airflow/example_dags/example_branch_datetime_operator.py for tasks to queue
[2025-10-03T00:15:26.286+0000] {logging_mixin.py:188} INFO - [2025-10-03T00:15:26.285+0000] {dagbag.py:545} INFO - Filling up the DagBag from /home/airflow/.local/lib/python3.12/site-packages/airflow/example_dags/example_branch_datetime_operator.py
[2025-10-03T00:15:26.323+0000] {processor.py:840} INFO - DAG(s) 'example_branch_datetime_operator', 'example_branch_datetime_operator_2', 'example_branch_datetime_operator_3' retrieved from /home/airflow/.local/lib/python3.12/site-packages/airflow/example_dags/example_branch_datetime_operator.py
[2025-10-03T00:15:26.410+0000] {logging_mixin.py:188} INFO - [2025-10-03T00:15:26.409+0000] {dag.py:3096} INFO - Sync 3 DAGs
[2025-10-03T00:15:26.495+0000] {logging_mixin.py:188} INFO - [2025-10-03T00:15:26.494+0000] {dag.py:3954} INFO - Setting next_dagrun for example_branch_datetime_operator to 2025-10-02 00:00:00+00:00, run_after=2025-10-03 00:00:00+00:00
[2025-10-03T00:15:26.512+0000] {logging_mixin.py:188} INFO - [2025-10-03T00:15:26.512+0000] {dag.py:3954} INFO - Setting next_dagrun for example_branch_datetime_operator_2 to 2025-10-02 00:00:00+00:00, run_after=2025-10-03 00:00:00+00:00
[2025-10-03T00:15:26.523+0000] {logging_mixin.py:188} INFO - [2025-10-03T00:15:26.522+0000] {dag.py:3954} INFO - Setting next_dagrun for example_branch_datetime_operator_3 to 2025-10-02 00:00:00+00:00, run_after=2025-10-03 00:00:00+00:00
[2025-10-03T00:15:26.574+0000] {processor.py:183} INFO - Processing /home/airflow/.local/lib/python3.12/site-packages/airflow/example_dags/example_branch_datetime_operator.py took 0.314 seconds
[2025-10-03T00:15:56.893+0000] {processor.py:161} INFO - Started process (PID=16059) to work on /home/airflow/.local/lib/python3.12/site-packages/airflow/example_dags/example_branch_datetime_operator.py
[2025-10-03T00:15:56.898+0000] {processor.py:830} INFO - Processing file /home/airflow/.local/lib/python3.12/site-packages/airflow/example_dags/example_branch_datetime_operator.py for tasks to queue
[2025-10-03T00:15:56.905+0000] {logging_mixin.py:188} INFO - [2025-10-03T00:15:56.903+0000] {dagbag.py:545} INFO - Filling up the DagBag from /home/airflow/.local/lib/python3.12/site-packages/airflow/example_dags/example_branch_datetime_operator.py
[2025-10-03T00:15:56.980+0000] {processor.py:840} INFO - DAG(s) 'example_branch_datetime_operator_3', 'example_branch_datetime_operator_2', 'example_branch_datetime_operator' retrieved from /home/airflow/.local/lib/python3.12/site-packages/airflow/example_dags/example_branch_datetime_operator.py
[2025-10-03T00:15:57.111+0000] {logging_mixin.py:188} INFO - [2025-10-03T00:15:57.111+0000] {dag.py:3096} INFO - Sync 3 DAGs
[2025-10-03T00:15:57.178+0000] {logging_mixin.py:188} INFO - [2025-10-03T00:15:57.178+0000] {dag.py:3954} INFO - Setting next_dagrun for example_branch_datetime_operator to 2025-10-02 00:00:00+00:00, run_after=2025-10-03 00:00:00+00:00
[2025-10-03T00:15:57.189+0000] {logging_mixin.py:188} INFO - [2025-10-03T00:15:57.189+0000] {dag.py:3954} INFO - Setting next_dagrun for example_branch_datetime_operator_2 to 2025-10-02 00:00:00+00:00, run_after=2025-10-03 00:00:00+00:00
[2025-10-03T00:15:57.195+0000] {logging_mixin.py:188} INFO - [2025-10-03T00:15:57.195+0000] {dag.py:3954} INFO - Setting next_dagrun for example_branch_datetime_operator_3 to 2025-10-02 00:00:00+00:00, run_after=2025-10-03 00:00:00+00:00
[2025-10-03T00:15:57.239+0000] {processor.py:183} INFO - Processing /home/airflow/.local/lib/python3.12/site-packages/airflow/example_dags/example_branch_datetime_operator.py took 0.379 seconds
[2025-10-03T00:16:27.786+0000] {processor.py:161} INFO - Started process (PID=16112) to work on /home/airflow/.local/lib/python3.12/site-packages/airflow/example_dags/example_branch_datetime_operator.py
[2025-10-03T00:16:27.789+0000] {processor.py:830} INFO - Processing file /home/airflow/.local/lib/python3.12/site-packages/airflow/example_dags/example_branch_datetime_operator.py for tasks to queue
[2025-10-03T00:16:27.833+0000] {logging_mixin.py:188} INFO - [2025-10-03T00:16:27.832+0000] {dagbag.py:545} INFO - Filling up the DagBag from /home/airflow/.local/lib/python3.12/site-packages/airflow/example_dags/example_branch_datetime_operator.py
[2025-10-03T00:16:27.888+0000] {processor.py:840} INFO - DAG(s) 'example_branch_datetime_operator', 'example_branch_datetime_operator_3', 'example_branch_datetime_operator_2' retrieved from /home/airflow/.local/lib/python3.12/site-packages/airflow/example_dags/example_branch_datetime_operator.py
[2025-10-03T00:16:27.953+0000] {logging_mixin.py:188} INFO - [2025-10-03T00:16:27.953+0000] {dag.py:3096} INFO - Sync 3 DAGs
[2025-10-03T00:16:28.003+0000] {logging_mixin.py:188} INFO - [2025-10-03T00:16:28.003+0000] {dag.py:3954} INFO - Setting next_dagrun for example_branch_datetime_operator to 2025-10-02 00:00:00+00:00, run_after=2025-10-03 00:00:00+00:00
[2025-10-03T00:16:28.014+0000] {logging_mixin.py:188} INFO - [2025-10-03T00:16:28.013+0000] {dag.py:3954} INFO - Setting next_dagrun for example_branch_datetime_operator_2 to 2025-10-02 00:00:00+00:00, run_after=2025-10-03 00:00:00+00:00
[2025-10-03T00:16:28.020+0000] {logging_mixin.py:188} INFO - [2025-10-03T00:16:28.019+0000] {dag.py:3954} INFO - Setting next_dagrun for example_branch_datetime_operator_3 to 2025-10-02 00:00:00+00:00, run_after=2025-10-03 00:00:00+00:00
[2025-10-03T00:16:28.066+0000] {processor.py:183} INFO - Processing /home/airflow/.local/lib/python3.12/site-packages/airflow/example_dags/example_branch_datetime_operator.py took 0.301 seconds
[2025-10-03T00:16:58.447+0000] {processor.py:161} INFO - Started process (PID=16165) to work on /home/airflow/.local/lib/python3.12/site-packages/airflow/example_dags/example_branch_datetime_operator.py
[2025-10-03T00:16:58.449+0000] {processor.py:830} INFO - Processing file /home/airflow/.local/lib/python3.12/site-packages/airflow/example_dags/example_branch_datetime_operator.py for tasks to queue
[2025-10-03T00:16:58.452+0000] {logging_mixin.py:188} INFO - [2025-10-03T00:16:58.451+0000] {dagbag.py:545} INFO - Filling up the DagBag from /home/airflow/.local/lib/python3.12/site-packages/airflow/example_dags/example_branch_datetime_operator.py
[2025-10-03T00:16:58.476+0000] {processor.py:840} INFO - DAG(s) 'example_branch_datetime_operator_3', 'example_branch_datetime_operator_2', 'example_branch_datetime_operator' retrieved from /home/airflow/.local/lib/python3.12/site-packages/airflow/example_dags/example_branch_datetime_operator.py
[2025-10-03T00:16:58.541+0000] {logging_mixin.py:188} INFO - [2025-10-03T00:16:58.541+0000] {dag.py:3096} INFO - Sync 3 DAGs
[2025-10-03T00:16:58.596+0000] {logging_mixin.py:188} INFO - [2025-10-03T00:16:58.595+0000] {dag.py:3954} INFO - Setting next_dagrun for example_branch_datetime_operator to 2025-10-02 00:00:00+00:00, run_after=2025-10-03 00:00:00+00:00
[2025-10-03T00:16:58.607+0000] {logging_mixin.py:188} INFO - [2025-10-03T00:16:58.607+0000] {dag.py:3954} INFO - Setting next_dagrun for example_branch_datetime_operator_2 to 2025-10-02 00:00:00+00:00, run_after=2025-10-03 00:00:00+00:00
[2025-10-03T00:16:58.613+0000] {logging_mixin.py:188} INFO - [2025-10-03T00:16:58.612+0000] {dag.py:3954} INFO - Setting next_dagrun for example_branch_datetime_operator_3 to 2025-10-02 00:00:00+00:00, run_after=2025-10-03 00:00:00+00:00
[2025-10-03T00:16:58.655+0000] {processor.py:183} INFO - Processing /home/airflow/.local/lib/python3.12/site-packages/airflow/example_dags/example_branch_datetime_operator.py took 0.225 seconds
[2025-10-03T00:17:28.880+0000] {processor.py:161} INFO - Started process (PID=16218) to work on /home/airflow/.local/lib/python3.12/site-packages/airflow/example_dags/example_branch_datetime_operator.py
[2025-10-03T00:17:28.882+0000] {processor.py:830} INFO - Processing file /home/airflow/.local/lib/python3.12/site-packages/airflow/example_dags/example_branch_datetime_operator.py for tasks to queue
[2025-10-03T00:17:28.885+0000] {logging_mixin.py:188} INFO - [2025-10-03T00:17:28.884+0000] {dagbag.py:545} INFO - Filling up the DagBag from /home/airflow/.local/lib/python3.12/site-packages/airflow/example_dags/example_branch_datetime_operator.py
[2025-10-03T00:17:28.908+0000] {processor.py:840} INFO - DAG(s) 'example_branch_datetime_operator', 'example_branch_datetime_operator_3', 'example_branch_datetime_operator_2' retrieved from /home/airflow/.local/lib/python3.12/site-packages/airflow/example_dags/example_branch_datetime_operator.py
[2025-10-03T00:17:28.978+0000] {logging_mixin.py:188} INFO - [2025-10-03T00:17:28.978+0000] {dag.py:3096} INFO - Sync 3 DAGs
[2025-10-03T00:17:29.033+0000] {logging_mixin.py:188} INFO - [2025-10-03T00:17:29.033+0000] {dag.py:3954} INFO - Setting next_dagrun for example_branch_datetime_operator to 2025-10-02 00:00:00+00:00, run_after=2025-10-03 00:00:00+00:00
[2025-10-03T00:17:29.045+0000] {logging_mixin.py:188} INFO - [2025-10-03T00:17:29.044+0000] {dag.py:3954} INFO - Setting next_dagrun for example_branch_datetime_operator_2 to 2025-10-02 00:00:00+00:00, run_after=2025-10-03 00:00:00+00:00
[2025-10-03T00:17:29.050+0000] {logging_mixin.py:188} INFO - [2025-10-03T00:17:29.050+0000] {dag.py:3954} INFO - Setting next_dagrun for example_branch_datetime_operator_3 to 2025-10-02 00:00:00+00:00, run_after=2025-10-03 00:00:00+00:00
[2025-10-03T00:17:29.093+0000] {processor.py:183} INFO - Processing /home/airflow/.local/lib/python3.12/site-packages/airflow/example_dags/example_branch_datetime_operator.py took 0.228 seconds
[2025-10-03T00:17:59.299+0000] {processor.py:161} INFO - Started process (PID=16271) to work on /home/airflow/.local/lib/python3.12/site-packages/airflow/example_dags/example_branch_datetime_operator.py
[2025-10-03T00:17:59.301+0000] {processor.py:830} INFO - Processing file /home/airflow/.local/lib/python3.12/site-packages/airflow/example_dags/example_branch_datetime_operator.py for tasks to queue
[2025-10-03T00:17:59.304+0000] {logging_mixin.py:188} INFO - [2025-10-03T00:17:59.303+0000] {dagbag.py:545} INFO - Filling up the DagBag from /home/airflow/.local/lib/python3.12/site-packages/airflow/example_dags/example_branch_datetime_operator.py
[2025-10-03T00:17:59.326+0000] {processor.py:840} INFO - DAG(s) 'example_branch_datetime_operator_2', 'example_branch_datetime_operator_3', 'example_branch_datetime_operator' retrieved from /home/airflow/.local/lib/python3.12/site-packages/airflow/example_dags/example_branch_datetime_operator.py
[2025-10-03T00:17:59.395+0000] {logging_mixin.py:188} INFO - [2025-10-03T00:17:59.394+0000] {dag.py:3096} INFO - Sync 3 DAGs
[2025-10-03T00:17:59.454+0000] {logging_mixin.py:188} INFO - [2025-10-03T00:17:59.453+0000] {dag.py:3954} INFO - Setting next_dagrun for example_branch_datetime_operator to 2025-10-02 00:00:00+00:00, run_after=2025-10-03 00:00:00+00:00
[2025-10-03T00:17:59.465+0000] {logging_mixin.py:188} INFO - [2025-10-03T00:17:59.464+0000] {dag.py:3954} INFO - Setting next_dagrun for example_branch_datetime_operator_2 to 2025-10-02 00:00:00+00:00, run_after=2025-10-03 00:00:00+00:00
[2025-10-03T00:17:59.475+0000] {logging_mixin.py:188} INFO - [2025-10-03T00:17:59.474+0000] {dag.py:3954} INFO - Setting next_dagrun for example_branch_datetime_operator_3 to 2025-10-02 00:00:00+00:00, run_after=2025-10-03 00:00:00+00:00
[2025-10-03T00:17:59.512+0000] {processor.py:183} INFO - Processing /home/airflow/.local/lib/python3.12/site-packages/airflow/example_dags/example_branch_datetime_operator.py took 0.229 seconds
