[2025-10-03T00:00:06.090+0000] {processor.py:161} INFO - Started process (PID=14425) to work on /home/airflow/.local/lib/python3.12/site-packages/airflow/example_dags/example_latest_only.py
[2025-10-03T00:00:06.093+0000] {processor.py:830} INFO - Processing file /home/airflow/.local/lib/python3.12/site-packages/airflow/example_dags/example_latest_only.py for tasks to queue
[2025-10-03T00:00:06.095+0000] {logging_mixin.py:188} INFO - [2025-10-03T00:00:06.094+0000] {dagbag.py:545} INFO - Filling up the DagBag from /home/airflow/.local/lib/python3.12/site-packages/airflow/example_dags/example_latest_only.py
[2025-10-03T00:00:06.110+0000] {processor.py:840} INFO - DAG(s) 'latest_only' retrieved from /home/airflow/.local/lib/python3.12/site-packages/airflow/example_dags/example_latest_only.py
[2025-10-03T00:00:06.155+0000] {logging_mixin.py:188} INFO - [2025-10-03T00:00:06.155+0000] {dag.py:3096} INFO - Sync 1 DAGs
[2025-10-03T00:00:06.219+0000] {logging_mixin.py:188} INFO - [2025-10-03T00:00:06.218+0000] {dag.py:3954} INFO - Setting next_dagrun for latest_only to 2025-10-02 20:00:00+00:00, run_after=2025-10-03 00:00:00+00:00
[2025-10-03T00:00:06.258+0000] {processor.py:183} INFO - Processing /home/airflow/.local/lib/python3.12/site-packages/airflow/example_dags/example_latest_only.py took 0.182 seconds
[2025-10-03T00:00:36.508+0000] {processor.py:161} INFO - Started process (PID=14477) to work on /home/airflow/.local/lib/python3.12/site-packages/airflow/example_dags/example_latest_only.py
[2025-10-03T00:00:36.511+0000] {processor.py:830} INFO - Processing file /home/airflow/.local/lib/python3.12/site-packages/airflow/example_dags/example_latest_only.py for tasks to queue
[2025-10-03T00:00:36.513+0000] {logging_mixin.py:188} INFO - [2025-10-03T00:00:36.512+0000] {dagbag.py:545} INFO - Filling up the DagBag from /home/airflow/.local/lib/python3.12/site-packages/airflow/example_dags/example_latest_only.py
[2025-10-03T00:00:36.526+0000] {processor.py:840} INFO - DAG(s) 'latest_only' retrieved from /home/airflow/.local/lib/python3.12/site-packages/airflow/example_dags/example_latest_only.py
[2025-10-03T00:00:36.571+0000] {logging_mixin.py:188} INFO - [2025-10-03T00:00:36.570+0000] {dag.py:3096} INFO - Sync 1 DAGs
[2025-10-03T00:00:36.620+0000] {logging_mixin.py:188} INFO - [2025-10-03T00:00:36.620+0000] {dag.py:3954} INFO - Setting next_dagrun for latest_only to 2025-10-02 20:00:00+00:00, run_after=2025-10-03 00:00:00+00:00
[2025-10-03T00:00:36.661+0000] {processor.py:183} INFO - Processing /home/airflow/.local/lib/python3.12/site-packages/airflow/example_dags/example_latest_only.py took 0.174 seconds
[2025-10-03T00:01:06.752+0000] {processor.py:161} INFO - Started process (PID=14530) to work on /home/airflow/.local/lib/python3.12/site-packages/airflow/example_dags/example_latest_only.py
[2025-10-03T00:01:06.755+0000] {processor.py:830} INFO - Processing file /home/airflow/.local/lib/python3.12/site-packages/airflow/example_dags/example_latest_only.py for tasks to queue
[2025-10-03T00:01:06.757+0000] {logging_mixin.py:188} INFO - [2025-10-03T00:01:06.756+0000] {dagbag.py:545} INFO - Filling up the DagBag from /home/airflow/.local/lib/python3.12/site-packages/airflow/example_dags/example_latest_only.py
[2025-10-03T00:01:06.770+0000] {processor.py:840} INFO - DAG(s) 'latest_only' retrieved from /home/airflow/.local/lib/python3.12/site-packages/airflow/example_dags/example_latest_only.py
[2025-10-03T00:01:06.823+0000] {logging_mixin.py:188} INFO - [2025-10-03T00:01:06.823+0000] {dag.py:3096} INFO - Sync 1 DAGs
[2025-10-03T00:01:06.879+0000] {logging_mixin.py:188} INFO - [2025-10-03T00:01:06.878+0000] {dag.py:3954} INFO - Setting next_dagrun for latest_only to 2025-10-02 20:00:00+00:00, run_after=2025-10-03 00:00:00+00:00
[2025-10-03T00:01:06.928+0000] {processor.py:183} INFO - Processing /home/airflow/.local/lib/python3.12/site-packages/airflow/example_dags/example_latest_only.py took 0.191 seconds
[2025-10-03T00:01:37.210+0000] {processor.py:161} INFO - Started process (PID=14583) to work on /home/airflow/.local/lib/python3.12/site-packages/airflow/example_dags/example_latest_only.py
[2025-10-03T00:01:37.212+0000] {processor.py:830} INFO - Processing file /home/airflow/.local/lib/python3.12/site-packages/airflow/example_dags/example_latest_only.py for tasks to queue
[2025-10-03T00:01:37.214+0000] {logging_mixin.py:188} INFO - [2025-10-03T00:01:37.214+0000] {dagbag.py:545} INFO - Filling up the DagBag from /home/airflow/.local/lib/python3.12/site-packages/airflow/example_dags/example_latest_only.py
[2025-10-03T00:01:37.228+0000] {processor.py:840} INFO - DAG(s) 'latest_only' retrieved from /home/airflow/.local/lib/python3.12/site-packages/airflow/example_dags/example_latest_only.py
[2025-10-03T00:01:37.275+0000] {logging_mixin.py:188} INFO - [2025-10-03T00:01:37.274+0000] {dag.py:3096} INFO - Sync 1 DAGs
[2025-10-03T00:01:37.341+0000] {logging_mixin.py:188} INFO - [2025-10-03T00:01:37.340+0000] {dag.py:3954} INFO - Setting next_dagrun for latest_only to 2025-10-02 20:00:00+00:00, run_after=2025-10-03 00:00:00+00:00
[2025-10-03T00:01:37.399+0000] {processor.py:183} INFO - Processing /home/airflow/.local/lib/python3.12/site-packages/airflow/example_dags/example_latest_only.py took 0.206 seconds
[2025-10-03T00:02:07.788+0000] {processor.py:161} INFO - Started process (PID=14636) to work on /home/airflow/.local/lib/python3.12/site-packages/airflow/example_dags/example_latest_only.py
[2025-10-03T00:02:07.791+0000] {processor.py:830} INFO - Processing file /home/airflow/.local/lib/python3.12/site-packages/airflow/example_dags/example_latest_only.py for tasks to queue
[2025-10-03T00:02:07.794+0000] {logging_mixin.py:188} INFO - [2025-10-03T00:02:07.793+0000] {dagbag.py:545} INFO - Filling up the DagBag from /home/airflow/.local/lib/python3.12/site-packages/airflow/example_dags/example_latest_only.py
[2025-10-03T00:02:07.811+0000] {processor.py:840} INFO - DAG(s) 'latest_only' retrieved from /home/airflow/.local/lib/python3.12/site-packages/airflow/example_dags/example_latest_only.py
[2025-10-03T00:02:07.866+0000] {logging_mixin.py:188} INFO - [2025-10-03T00:02:07.866+0000] {dag.py:3096} INFO - Sync 1 DAGs
[2025-10-03T00:02:07.929+0000] {logging_mixin.py:188} INFO - [2025-10-03T00:02:07.928+0000] {dag.py:3954} INFO - Setting next_dagrun for latest_only to 2025-10-02 20:00:00+00:00, run_after=2025-10-03 00:00:00+00:00
[2025-10-03T00:02:07.977+0000] {processor.py:183} INFO - Processing /home/airflow/.local/lib/python3.12/site-packages/airflow/example_dags/example_latest_only.py took 0.210 seconds
[2025-10-03T00:02:38.793+0000] {processor.py:161} INFO - Started process (PID=14689) to work on /home/airflow/.local/lib/python3.12/site-packages/airflow/example_dags/example_latest_only.py
[2025-10-03T00:02:38.796+0000] {processor.py:830} INFO - Processing file /home/airflow/.local/lib/python3.12/site-packages/airflow/example_dags/example_latest_only.py for tasks to queue
[2025-10-03T00:02:38.798+0000] {logging_mixin.py:188} INFO - [2025-10-03T00:02:38.797+0000] {dagbag.py:545} INFO - Filling up the DagBag from /home/airflow/.local/lib/python3.12/site-packages/airflow/example_dags/example_latest_only.py
[2025-10-03T00:02:38.810+0000] {processor.py:840} INFO - DAG(s) 'latest_only' retrieved from /home/airflow/.local/lib/python3.12/site-packages/airflow/example_dags/example_latest_only.py
[2025-10-03T00:02:38.854+0000] {logging_mixin.py:188} INFO - [2025-10-03T00:02:38.854+0000] {dag.py:3096} INFO - Sync 1 DAGs
[2025-10-03T00:02:38.900+0000] {logging_mixin.py:188} INFO - [2025-10-03T00:02:38.900+0000] {dag.py:3954} INFO - Setting next_dagrun for latest_only to 2025-10-02 20:00:00+00:00, run_after=2025-10-03 00:00:00+00:00
[2025-10-03T00:02:38.949+0000] {processor.py:183} INFO - Processing /home/airflow/.local/lib/python3.12/site-packages/airflow/example_dags/example_latest_only.py took 0.169 seconds
[2025-10-03T00:03:09.623+0000] {processor.py:161} INFO - Started process (PID=14742) to work on /home/airflow/.local/lib/python3.12/site-packages/airflow/example_dags/example_latest_only.py
[2025-10-03T00:03:09.626+0000] {processor.py:830} INFO - Processing file /home/airflow/.local/lib/python3.12/site-packages/airflow/example_dags/example_latest_only.py for tasks to queue
[2025-10-03T00:03:09.628+0000] {logging_mixin.py:188} INFO - [2025-10-03T00:03:09.628+0000] {dagbag.py:545} INFO - Filling up the DagBag from /home/airflow/.local/lib/python3.12/site-packages/airflow/example_dags/example_latest_only.py
[2025-10-03T00:03:09.642+0000] {processor.py:840} INFO - DAG(s) 'latest_only' retrieved from /home/airflow/.local/lib/python3.12/site-packages/airflow/example_dags/example_latest_only.py
[2025-10-03T00:03:09.691+0000] {logging_mixin.py:188} INFO - [2025-10-03T00:03:09.691+0000] {dag.py:3096} INFO - Sync 1 DAGs
[2025-10-03T00:03:09.743+0000] {logging_mixin.py:188} INFO - [2025-10-03T00:03:09.742+0000] {dag.py:3954} INFO - Setting next_dagrun for latest_only to 2025-10-02 20:00:00+00:00, run_after=2025-10-03 00:00:00+00:00
[2025-10-03T00:03:09.786+0000] {processor.py:183} INFO - Processing /home/airflow/.local/lib/python3.12/site-packages/airflow/example_dags/example_latest_only.py took 0.181 seconds
[2025-10-03T00:03:39.979+0000] {processor.py:161} INFO - Started process (PID=14795) to work on /home/airflow/.local/lib/python3.12/site-packages/airflow/example_dags/example_latest_only.py
[2025-10-03T00:03:39.982+0000] {processor.py:830} INFO - Processing file /home/airflow/.local/lib/python3.12/site-packages/airflow/example_dags/example_latest_only.py for tasks to queue
[2025-10-03T00:03:39.984+0000] {logging_mixin.py:188} INFO - [2025-10-03T00:03:39.983+0000] {dagbag.py:545} INFO - Filling up the DagBag from /home/airflow/.local/lib/python3.12/site-packages/airflow/example_dags/example_latest_only.py
[2025-10-03T00:03:39.999+0000] {processor.py:840} INFO - DAG(s) 'latest_only' retrieved from /home/airflow/.local/lib/python3.12/site-packages/airflow/example_dags/example_latest_only.py
[2025-10-03T00:03:40.046+0000] {logging_mixin.py:188} INFO - [2025-10-03T00:03:40.045+0000] {dag.py:3096} INFO - Sync 1 DAGs
[2025-10-03T00:03:40.094+0000] {logging_mixin.py:188} INFO - [2025-10-03T00:03:40.093+0000] {dag.py:3954} INFO - Setting next_dagrun for latest_only to 2025-10-02 20:00:00+00:00, run_after=2025-10-03 00:00:00+00:00
[2025-10-03T00:03:40.133+0000] {processor.py:183} INFO - Processing /home/airflow/.local/lib/python3.12/site-packages/airflow/example_dags/example_latest_only.py took 0.182 seconds
[2025-10-03T00:04:11.033+0000] {processor.py:161} INFO - Started process (PID=14848) to work on /home/airflow/.local/lib/python3.12/site-packages/airflow/example_dags/example_latest_only.py
[2025-10-03T00:04:11.035+0000] {processor.py:830} INFO - Processing file /home/airflow/.local/lib/python3.12/site-packages/airflow/example_dags/example_latest_only.py for tasks to queue
[2025-10-03T00:04:11.037+0000] {logging_mixin.py:188} INFO - [2025-10-03T00:04:11.036+0000] {dagbag.py:545} INFO - Filling up the DagBag from /home/airflow/.local/lib/python3.12/site-packages/airflow/example_dags/example_latest_only.py
[2025-10-03T00:04:11.050+0000] {processor.py:840} INFO - DAG(s) 'latest_only' retrieved from /home/airflow/.local/lib/python3.12/site-packages/airflow/example_dags/example_latest_only.py
[2025-10-03T00:04:11.109+0000] {logging_mixin.py:188} INFO - [2025-10-03T00:04:11.109+0000] {dag.py:3096} INFO - Sync 1 DAGs
[2025-10-03T00:04:11.181+0000] {logging_mixin.py:188} INFO - [2025-10-03T00:04:11.181+0000] {dag.py:3954} INFO - Setting next_dagrun for latest_only to 2025-10-02 20:00:00+00:00, run_after=2025-10-03 00:00:00+00:00
[2025-10-03T00:04:11.244+0000] {processor.py:183} INFO - Processing /home/airflow/.local/lib/python3.12/site-packages/airflow/example_dags/example_latest_only.py took 0.230 seconds
[2025-10-03T00:04:41.459+0000] {processor.py:161} INFO - Started process (PID=14901) to work on /home/airflow/.local/lib/python3.12/site-packages/airflow/example_dags/example_latest_only.py
[2025-10-03T00:04:41.461+0000] {processor.py:830} INFO - Processing file /home/airflow/.local/lib/python3.12/site-packages/airflow/example_dags/example_latest_only.py for tasks to queue
[2025-10-03T00:04:41.464+0000] {logging_mixin.py:188} INFO - [2025-10-03T00:04:41.463+0000] {dagbag.py:545} INFO - Filling up the DagBag from /home/airflow/.local/lib/python3.12/site-packages/airflow/example_dags/example_latest_only.py
[2025-10-03T00:04:41.477+0000] {processor.py:840} INFO - DAG(s) 'latest_only' retrieved from /home/airflow/.local/lib/python3.12/site-packages/airflow/example_dags/example_latest_only.py
[2025-10-03T00:04:41.526+0000] {logging_mixin.py:188} INFO - [2025-10-03T00:04:41.526+0000] {dag.py:3096} INFO - Sync 1 DAGs
[2025-10-03T00:04:41.574+0000] {logging_mixin.py:188} INFO - [2025-10-03T00:04:41.574+0000] {dag.py:3954} INFO - Setting next_dagrun for latest_only to 2025-10-02 20:00:00+00:00, run_after=2025-10-03 00:00:00+00:00
[2025-10-03T00:04:41.612+0000] {processor.py:183} INFO - Processing /home/airflow/.local/lib/python3.12/site-packages/airflow/example_dags/example_latest_only.py took 0.167 seconds
[2025-10-03T00:05:11.913+0000] {processor.py:161} INFO - Started process (PID=14954) to work on /home/airflow/.local/lib/python3.12/site-packages/airflow/example_dags/example_latest_only.py
[2025-10-03T00:05:11.915+0000] {processor.py:830} INFO - Processing file /home/airflow/.local/lib/python3.12/site-packages/airflow/example_dags/example_latest_only.py for tasks to queue
[2025-10-03T00:05:11.918+0000] {logging_mixin.py:188} INFO - [2025-10-03T00:05:11.917+0000] {dagbag.py:545} INFO - Filling up the DagBag from /home/airflow/.local/lib/python3.12/site-packages/airflow/example_dags/example_latest_only.py
[2025-10-03T00:05:11.931+0000] {processor.py:840} INFO - DAG(s) 'latest_only' retrieved from /home/airflow/.local/lib/python3.12/site-packages/airflow/example_dags/example_latest_only.py
[2025-10-03T00:05:11.976+0000] {logging_mixin.py:188} INFO - [2025-10-03T00:05:11.975+0000] {dag.py:3096} INFO - Sync 1 DAGs
[2025-10-03T00:05:12.023+0000] {logging_mixin.py:188} INFO - [2025-10-03T00:05:12.023+0000] {dag.py:3954} INFO - Setting next_dagrun for latest_only to 2025-10-02 20:00:00+00:00, run_after=2025-10-03 00:00:00+00:00
[2025-10-03T00:05:12.063+0000] {processor.py:183} INFO - Processing /home/airflow/.local/lib/python3.12/site-packages/airflow/example_dags/example_latest_only.py took 0.164 seconds
[2025-10-03T00:05:42.973+0000] {processor.py:161} INFO - Started process (PID=15007) to work on /home/airflow/.local/lib/python3.12/site-packages/airflow/example_dags/example_latest_only.py
[2025-10-03T00:05:42.975+0000] {processor.py:830} INFO - Processing file /home/airflow/.local/lib/python3.12/site-packages/airflow/example_dags/example_latest_only.py for tasks to queue
[2025-10-03T00:05:42.978+0000] {logging_mixin.py:188} INFO - [2025-10-03T00:05:42.977+0000] {dagbag.py:545} INFO - Filling up the DagBag from /home/airflow/.local/lib/python3.12/site-packages/airflow/example_dags/example_latest_only.py
[2025-10-03T00:05:42.995+0000] {processor.py:840} INFO - DAG(s) 'latest_only' retrieved from /home/airflow/.local/lib/python3.12/site-packages/airflow/example_dags/example_latest_only.py
[2025-10-03T00:05:43.050+0000] {logging_mixin.py:188} INFO - [2025-10-03T00:05:43.050+0000] {dag.py:3096} INFO - Sync 1 DAGs
[2025-10-03T00:05:43.106+0000] {logging_mixin.py:188} INFO - [2025-10-03T00:05:43.106+0000] {dag.py:3954} INFO - Setting next_dagrun for latest_only to 2025-10-02 20:00:00+00:00, run_after=2025-10-03 00:00:00+00:00
[2025-10-03T00:05:43.164+0000] {processor.py:183} INFO - Processing /home/airflow/.local/lib/python3.12/site-packages/airflow/example_dags/example_latest_only.py took 0.206 seconds
[2025-10-03T00:06:14.382+0000] {processor.py:161} INFO - Started process (PID=15060) to work on /home/airflow/.local/lib/python3.12/site-packages/airflow/example_dags/example_latest_only.py
[2025-10-03T00:06:14.387+0000] {processor.py:830} INFO - Processing file /home/airflow/.local/lib/python3.12/site-packages/airflow/example_dags/example_latest_only.py for tasks to queue
[2025-10-03T00:06:14.405+0000] {logging_mixin.py:188} INFO - [2025-10-03T00:06:14.403+0000] {dagbag.py:545} INFO - Filling up the DagBag from /home/airflow/.local/lib/python3.12/site-packages/airflow/example_dags/example_latest_only.py
[2025-10-03T00:06:14.436+0000] {processor.py:840} INFO - DAG(s) 'latest_only' retrieved from /home/airflow/.local/lib/python3.12/site-packages/airflow/example_dags/example_latest_only.py
[2025-10-03T00:06:14.603+0000] {logging_mixin.py:188} INFO - [2025-10-03T00:06:14.595+0000] {dag.py:3096} INFO - Sync 1 DAGs
[2025-10-03T00:06:14.792+0000] {logging_mixin.py:188} INFO - [2025-10-03T00:06:14.791+0000] {dag.py:3954} INFO - Setting next_dagrun for latest_only to 2025-10-02 20:00:00+00:00, run_after=2025-10-03 00:00:00+00:00
[2025-10-03T00:06:14.893+0000] {processor.py:183} INFO - Processing /home/airflow/.local/lib/python3.12/site-packages/airflow/example_dags/example_latest_only.py took 0.552 seconds
[2025-10-03T00:06:45.082+0000] {processor.py:161} INFO - Started process (PID=15113) to work on /home/airflow/.local/lib/python3.12/site-packages/airflow/example_dags/example_latest_only.py
[2025-10-03T00:06:45.085+0000] {processor.py:830} INFO - Processing file /home/airflow/.local/lib/python3.12/site-packages/airflow/example_dags/example_latest_only.py for tasks to queue
[2025-10-03T00:06:45.088+0000] {logging_mixin.py:188} INFO - [2025-10-03T00:06:45.087+0000] {dagbag.py:545} INFO - Filling up the DagBag from /home/airflow/.local/lib/python3.12/site-packages/airflow/example_dags/example_latest_only.py
[2025-10-03T00:06:45.106+0000] {processor.py:840} INFO - DAG(s) 'latest_only' retrieved from /home/airflow/.local/lib/python3.12/site-packages/airflow/example_dags/example_latest_only.py
[2025-10-03T00:06:45.178+0000] {logging_mixin.py:188} INFO - [2025-10-03T00:06:45.177+0000] {dag.py:3096} INFO - Sync 1 DAGs
[2025-10-03T00:06:45.253+0000] {logging_mixin.py:188} INFO - [2025-10-03T00:06:45.252+0000] {dag.py:3954} INFO - Setting next_dagrun for latest_only to 2025-10-02 20:00:00+00:00, run_after=2025-10-03 00:00:00+00:00
[2025-10-03T00:06:45.310+0000] {processor.py:183} INFO - Processing /home/airflow/.local/lib/python3.12/site-packages/airflow/example_dags/example_latest_only.py took 0.248 seconds
[2025-10-03T00:07:16.031+0000] {processor.py:161} INFO - Started process (PID=15166) to work on /home/airflow/.local/lib/python3.12/site-packages/airflow/example_dags/example_latest_only.py
[2025-10-03T00:07:16.033+0000] {processor.py:830} INFO - Processing file /home/airflow/.local/lib/python3.12/site-packages/airflow/example_dags/example_latest_only.py for tasks to queue
[2025-10-03T00:07:16.036+0000] {logging_mixin.py:188} INFO - [2025-10-03T00:07:16.035+0000] {dagbag.py:545} INFO - Filling up the DagBag from /home/airflow/.local/lib/python3.12/site-packages/airflow/example_dags/example_latest_only.py
[2025-10-03T00:07:16.050+0000] {processor.py:840} INFO - DAG(s) 'latest_only' retrieved from /home/airflow/.local/lib/python3.12/site-packages/airflow/example_dags/example_latest_only.py
[2025-10-03T00:07:16.096+0000] {logging_mixin.py:188} INFO - [2025-10-03T00:07:16.096+0000] {dag.py:3096} INFO - Sync 1 DAGs
[2025-10-03T00:07:16.146+0000] {logging_mixin.py:188} INFO - [2025-10-03T00:07:16.145+0000] {dag.py:3954} INFO - Setting next_dagrun for latest_only to 2025-10-02 20:00:00+00:00, run_after=2025-10-03 00:00:00+00:00
[2025-10-03T00:07:16.191+0000] {processor.py:183} INFO - Processing /home/airflow/.local/lib/python3.12/site-packages/airflow/example_dags/example_latest_only.py took 0.174 seconds
[2025-10-03T00:07:46.873+0000] {processor.py:161} INFO - Started process (PID=15217) to work on /home/airflow/.local/lib/python3.12/site-packages/airflow/example_dags/example_latest_only.py
[2025-10-03T00:07:46.875+0000] {processor.py:830} INFO - Processing file /home/airflow/.local/lib/python3.12/site-packages/airflow/example_dags/example_latest_only.py for tasks to queue
[2025-10-03T00:07:46.877+0000] {logging_mixin.py:188} INFO - [2025-10-03T00:07:46.877+0000] {dagbag.py:545} INFO - Filling up the DagBag from /home/airflow/.local/lib/python3.12/site-packages/airflow/example_dags/example_latest_only.py
[2025-10-03T00:07:46.891+0000] {processor.py:840} INFO - DAG(s) 'latest_only' retrieved from /home/airflow/.local/lib/python3.12/site-packages/airflow/example_dags/example_latest_only.py
[2025-10-03T00:07:46.946+0000] {logging_mixin.py:188} INFO - [2025-10-03T00:07:46.946+0000] {dag.py:3096} INFO - Sync 1 DAGs
[2025-10-03T00:07:47.004+0000] {logging_mixin.py:188} INFO - [2025-10-03T00:07:47.004+0000] {dag.py:3954} INFO - Setting next_dagrun for latest_only to 2025-10-02 20:00:00+00:00, run_after=2025-10-03 00:00:00+00:00
[2025-10-03T00:07:47.046+0000] {processor.py:183} INFO - Processing /home/airflow/.local/lib/python3.12/site-packages/airflow/example_dags/example_latest_only.py took 0.189 seconds
[2025-10-03T00:08:17.365+0000] {processor.py:161} INFO - Started process (PID=15270) to work on /home/airflow/.local/lib/python3.12/site-packages/airflow/example_dags/example_latest_only.py
[2025-10-03T00:08:17.367+0000] {processor.py:830} INFO - Processing file /home/airflow/.local/lib/python3.12/site-packages/airflow/example_dags/example_latest_only.py for tasks to queue
[2025-10-03T00:08:17.369+0000] {logging_mixin.py:188} INFO - [2025-10-03T00:08:17.368+0000] {dagbag.py:545} INFO - Filling up the DagBag from /home/airflow/.local/lib/python3.12/site-packages/airflow/example_dags/example_latest_only.py
[2025-10-03T00:08:17.383+0000] {processor.py:840} INFO - DAG(s) 'latest_only' retrieved from /home/airflow/.local/lib/python3.12/site-packages/airflow/example_dags/example_latest_only.py
[2025-10-03T00:08:17.429+0000] {logging_mixin.py:188} INFO - [2025-10-03T00:08:17.428+0000] {dag.py:3096} INFO - Sync 1 DAGs
[2025-10-03T00:08:17.480+0000] {logging_mixin.py:188} INFO - [2025-10-03T00:08:17.480+0000] {dag.py:3954} INFO - Setting next_dagrun for latest_only to 2025-10-02 20:00:00+00:00, run_after=2025-10-03 00:00:00+00:00
[2025-10-03T00:08:17.523+0000] {processor.py:183} INFO - Processing /home/airflow/.local/lib/python3.12/site-packages/airflow/example_dags/example_latest_only.py took 0.172 seconds
[2025-10-03T00:08:47.844+0000] {processor.py:161} INFO - Started process (PID=15323) to work on /home/airflow/.local/lib/python3.12/site-packages/airflow/example_dags/example_latest_only.py
[2025-10-03T00:08:47.846+0000] {processor.py:830} INFO - Processing file /home/airflow/.local/lib/python3.12/site-packages/airflow/example_dags/example_latest_only.py for tasks to queue
[2025-10-03T00:08:47.849+0000] {logging_mixin.py:188} INFO - [2025-10-03T00:08:47.848+0000] {dagbag.py:545} INFO - Filling up the DagBag from /home/airflow/.local/lib/python3.12/site-packages/airflow/example_dags/example_latest_only.py
[2025-10-03T00:08:47.866+0000] {processor.py:840} INFO - DAG(s) 'latest_only' retrieved from /home/airflow/.local/lib/python3.12/site-packages/airflow/example_dags/example_latest_only.py
[2025-10-03T00:08:47.912+0000] {logging_mixin.py:188} INFO - [2025-10-03T00:08:47.911+0000] {dag.py:3096} INFO - Sync 1 DAGs
[2025-10-03T00:08:47.967+0000] {logging_mixin.py:188} INFO - [2025-10-03T00:08:47.966+0000] {dag.py:3954} INFO - Setting next_dagrun for latest_only to 2025-10-02 20:00:00+00:00, run_after=2025-10-03 00:00:00+00:00
[2025-10-03T00:08:48.009+0000] {processor.py:183} INFO - Processing /home/airflow/.local/lib/python3.12/site-packages/airflow/example_dags/example_latest_only.py took 0.180 seconds
[2025-10-03T00:09:18.615+0000] {processor.py:161} INFO - Started process (PID=15376) to work on /home/airflow/.local/lib/python3.12/site-packages/airflow/example_dags/example_latest_only.py
[2025-10-03T00:09:18.618+0000] {processor.py:830} INFO - Processing file /home/airflow/.local/lib/python3.12/site-packages/airflow/example_dags/example_latest_only.py for tasks to queue
[2025-10-03T00:09:18.621+0000] {logging_mixin.py:188} INFO - [2025-10-03T00:09:18.620+0000] {dagbag.py:545} INFO - Filling up the DagBag from /home/airflow/.local/lib/python3.12/site-packages/airflow/example_dags/example_latest_only.py
[2025-10-03T00:09:18.635+0000] {processor.py:840} INFO - DAG(s) 'latest_only' retrieved from /home/airflow/.local/lib/python3.12/site-packages/airflow/example_dags/example_latest_only.py
[2025-10-03T00:09:18.684+0000] {logging_mixin.py:188} INFO - [2025-10-03T00:09:18.683+0000] {dag.py:3096} INFO - Sync 1 DAGs
[2025-10-03T00:09:18.759+0000] {logging_mixin.py:188} INFO - [2025-10-03T00:09:18.759+0000] {dag.py:3954} INFO - Setting next_dagrun for latest_only to 2025-10-02 20:00:00+00:00, run_after=2025-10-03 00:00:00+00:00
[2025-10-03T00:09:18.816+0000] {processor.py:183} INFO - Processing /home/airflow/.local/lib/python3.12/site-packages/airflow/example_dags/example_latest_only.py took 0.217 seconds
[2025-10-03T00:09:49.296+0000] {processor.py:161} INFO - Started process (PID=15429) to work on /home/airflow/.local/lib/python3.12/site-packages/airflow/example_dags/example_latest_only.py
[2025-10-03T00:09:49.299+0000] {processor.py:830} INFO - Processing file /home/airflow/.local/lib/python3.12/site-packages/airflow/example_dags/example_latest_only.py for tasks to queue
[2025-10-03T00:09:49.301+0000] {logging_mixin.py:188} INFO - [2025-10-03T00:09:49.301+0000] {dagbag.py:545} INFO - Filling up the DagBag from /home/airflow/.local/lib/python3.12/site-packages/airflow/example_dags/example_latest_only.py
[2025-10-03T00:09:49.315+0000] {processor.py:840} INFO - DAG(s) 'latest_only' retrieved from /home/airflow/.local/lib/python3.12/site-packages/airflow/example_dags/example_latest_only.py
[2025-10-03T00:09:49.363+0000] {logging_mixin.py:188} INFO - [2025-10-03T00:09:49.363+0000] {dag.py:3096} INFO - Sync 1 DAGs
[2025-10-03T00:09:49.415+0000] {logging_mixin.py:188} INFO - [2025-10-03T00:09:49.414+0000] {dag.py:3954} INFO - Setting next_dagrun for latest_only to 2025-10-02 20:00:00+00:00, run_after=2025-10-03 00:00:00+00:00
[2025-10-03T00:09:49.464+0000] {processor.py:183} INFO - Processing /home/airflow/.local/lib/python3.12/site-packages/airflow/example_dags/example_latest_only.py took 0.183 seconds
[2025-10-03T00:10:19.598+0000] {processor.py:161} INFO - Started process (PID=15482) to work on /home/airflow/.local/lib/python3.12/site-packages/airflow/example_dags/example_latest_only.py
[2025-10-03T00:10:19.600+0000] {processor.py:830} INFO - Processing file /home/airflow/.local/lib/python3.12/site-packages/airflow/example_dags/example_latest_only.py for tasks to queue
[2025-10-03T00:10:19.603+0000] {logging_mixin.py:188} INFO - [2025-10-03T00:10:19.602+0000] {dagbag.py:545} INFO - Filling up the DagBag from /home/airflow/.local/lib/python3.12/site-packages/airflow/example_dags/example_latest_only.py
[2025-10-03T00:10:19.617+0000] {processor.py:840} INFO - DAG(s) 'latest_only' retrieved from /home/airflow/.local/lib/python3.12/site-packages/airflow/example_dags/example_latest_only.py
[2025-10-03T00:10:19.666+0000] {logging_mixin.py:188} INFO - [2025-10-03T00:10:19.665+0000] {dag.py:3096} INFO - Sync 1 DAGs
[2025-10-03T00:10:19.720+0000] {logging_mixin.py:188} INFO - [2025-10-03T00:10:19.719+0000] {dag.py:3954} INFO - Setting next_dagrun for latest_only to 2025-10-02 20:00:00+00:00, run_after=2025-10-03 00:00:00+00:00
[2025-10-03T00:10:19.764+0000] {processor.py:183} INFO - Processing /home/airflow/.local/lib/python3.12/site-packages/airflow/example_dags/example_latest_only.py took 0.182 seconds
[2025-10-03T00:10:50.110+0000] {processor.py:161} INFO - Started process (PID=15535) to work on /home/airflow/.local/lib/python3.12/site-packages/airflow/example_dags/example_latest_only.py
[2025-10-03T00:10:50.112+0000] {processor.py:830} INFO - Processing file /home/airflow/.local/lib/python3.12/site-packages/airflow/example_dags/example_latest_only.py for tasks to queue
[2025-10-03T00:10:50.115+0000] {logging_mixin.py:188} INFO - [2025-10-03T00:10:50.114+0000] {dagbag.py:545} INFO - Filling up the DagBag from /home/airflow/.local/lib/python3.12/site-packages/airflow/example_dags/example_latest_only.py
[2025-10-03T00:10:50.128+0000] {processor.py:840} INFO - DAG(s) 'latest_only' retrieved from /home/airflow/.local/lib/python3.12/site-packages/airflow/example_dags/example_latest_only.py
[2025-10-03T00:10:50.174+0000] {logging_mixin.py:188} INFO - [2025-10-03T00:10:50.174+0000] {dag.py:3096} INFO - Sync 1 DAGs
[2025-10-03T00:10:50.234+0000] {logging_mixin.py:188} INFO - [2025-10-03T00:10:50.233+0000] {dag.py:3954} INFO - Setting next_dagrun for latest_only to 2025-10-02 20:00:00+00:00, run_after=2025-10-03 00:00:00+00:00
[2025-10-03T00:10:50.274+0000] {processor.py:183} INFO - Processing /home/airflow/.local/lib/python3.12/site-packages/airflow/example_dags/example_latest_only.py took 0.179 seconds
[2025-10-03T00:11:21.317+0000] {processor.py:161} INFO - Started process (PID=15588) to work on /home/airflow/.local/lib/python3.12/site-packages/airflow/example_dags/example_latest_only.py
[2025-10-03T00:11:21.321+0000] {processor.py:830} INFO - Processing file /home/airflow/.local/lib/python3.12/site-packages/airflow/example_dags/example_latest_only.py for tasks to queue
[2025-10-03T00:11:21.325+0000] {logging_mixin.py:188} INFO - [2025-10-03T00:11:21.323+0000] {dagbag.py:545} INFO - Filling up the DagBag from /home/airflow/.local/lib/python3.12/site-packages/airflow/example_dags/example_latest_only.py
[2025-10-03T00:11:21.343+0000] {processor.py:840} INFO - DAG(s) 'latest_only' retrieved from /home/airflow/.local/lib/python3.12/site-packages/airflow/example_dags/example_latest_only.py
[2025-10-03T00:11:21.410+0000] {logging_mixin.py:188} INFO - [2025-10-03T00:11:21.409+0000] {dag.py:3096} INFO - Sync 1 DAGs
[2025-10-03T00:11:21.502+0000] {logging_mixin.py:188} INFO - [2025-10-03T00:11:21.502+0000] {dag.py:3954} INFO - Setting next_dagrun for latest_only to 2025-10-02 20:00:00+00:00, run_after=2025-10-03 00:00:00+00:00
[2025-10-03T00:11:21.563+0000] {processor.py:183} INFO - Processing /home/airflow/.local/lib/python3.12/site-packages/airflow/example_dags/example_latest_only.py took 0.266 seconds
[2025-10-03T00:11:52.693+0000] {processor.py:161} INFO - Started process (PID=15641) to work on /home/airflow/.local/lib/python3.12/site-packages/airflow/example_dags/example_latest_only.py
[2025-10-03T00:11:52.695+0000] {processor.py:830} INFO - Processing file /home/airflow/.local/lib/python3.12/site-packages/airflow/example_dags/example_latest_only.py for tasks to queue
[2025-10-03T00:11:52.698+0000] {logging_mixin.py:188} INFO - [2025-10-03T00:11:52.697+0000] {dagbag.py:545} INFO - Filling up the DagBag from /home/airflow/.local/lib/python3.12/site-packages/airflow/example_dags/example_latest_only.py
[2025-10-03T00:11:52.712+0000] {processor.py:840} INFO - DAG(s) 'latest_only' retrieved from /home/airflow/.local/lib/python3.12/site-packages/airflow/example_dags/example_latest_only.py
[2025-10-03T00:11:52.763+0000] {logging_mixin.py:188} INFO - [2025-10-03T00:11:52.762+0000] {dag.py:3096} INFO - Sync 1 DAGs
[2025-10-03T00:11:52.822+0000] {logging_mixin.py:188} INFO - [2025-10-03T00:11:52.821+0000] {dag.py:3954} INFO - Setting next_dagrun for latest_only to 2025-10-02 20:00:00+00:00, run_after=2025-10-03 00:00:00+00:00
[2025-10-03T00:11:52.865+0000] {processor.py:183} INFO - Processing /home/airflow/.local/lib/python3.12/site-packages/airflow/example_dags/example_latest_only.py took 0.190 seconds
[2025-10-03T00:12:23.134+0000] {processor.py:161} INFO - Started process (PID=15694) to work on /home/airflow/.local/lib/python3.12/site-packages/airflow/example_dags/example_latest_only.py
[2025-10-03T00:12:23.137+0000] {processor.py:830} INFO - Processing file /home/airflow/.local/lib/python3.12/site-packages/airflow/example_dags/example_latest_only.py for tasks to queue
[2025-10-03T00:12:23.140+0000] {logging_mixin.py:188} INFO - [2025-10-03T00:12:23.139+0000] {dagbag.py:545} INFO - Filling up the DagBag from /home/airflow/.local/lib/python3.12/site-packages/airflow/example_dags/example_latest_only.py
[2025-10-03T00:12:23.155+0000] {processor.py:840} INFO - DAG(s) 'latest_only' retrieved from /home/airflow/.local/lib/python3.12/site-packages/airflow/example_dags/example_latest_only.py
[2025-10-03T00:12:23.219+0000] {logging_mixin.py:188} INFO - [2025-10-03T00:12:23.218+0000] {dag.py:3096} INFO - Sync 1 DAGs
[2025-10-03T00:12:23.272+0000] {logging_mixin.py:188} INFO - [2025-10-03T00:12:23.271+0000] {dag.py:3954} INFO - Setting next_dagrun for latest_only to 2025-10-02 20:00:00+00:00, run_after=2025-10-03 00:00:00+00:00
[2025-10-03T00:12:23.324+0000] {processor.py:183} INFO - Processing /home/airflow/.local/lib/python3.12/site-packages/airflow/example_dags/example_latest_only.py took 0.211 seconds
[2025-10-03T00:12:54.023+0000] {processor.py:161} INFO - Started process (PID=15747) to work on /home/airflow/.local/lib/python3.12/site-packages/airflow/example_dags/example_latest_only.py
[2025-10-03T00:12:54.026+0000] {processor.py:830} INFO - Processing file /home/airflow/.local/lib/python3.12/site-packages/airflow/example_dags/example_latest_only.py for tasks to queue
[2025-10-03T00:12:54.029+0000] {logging_mixin.py:188} INFO - [2025-10-03T00:12:54.028+0000] {dagbag.py:545} INFO - Filling up the DagBag from /home/airflow/.local/lib/python3.12/site-packages/airflow/example_dags/example_latest_only.py
[2025-10-03T00:12:54.042+0000] {processor.py:840} INFO - DAG(s) 'latest_only' retrieved from /home/airflow/.local/lib/python3.12/site-packages/airflow/example_dags/example_latest_only.py
[2025-10-03T00:12:54.096+0000] {logging_mixin.py:188} INFO - [2025-10-03T00:12:54.095+0000] {dag.py:3096} INFO - Sync 1 DAGs
[2025-10-03T00:12:54.149+0000] {logging_mixin.py:188} INFO - [2025-10-03T00:12:54.149+0000] {dag.py:3954} INFO - Setting next_dagrun for latest_only to 2025-10-02 20:00:00+00:00, run_after=2025-10-03 00:00:00+00:00
[2025-10-03T00:12:54.186+0000] {processor.py:183} INFO - Processing /home/airflow/.local/lib/python3.12/site-packages/airflow/example_dags/example_latest_only.py took 0.178 seconds
[2025-10-03T00:13:24.588+0000] {processor.py:161} INFO - Started process (PID=15800) to work on /home/airflow/.local/lib/python3.12/site-packages/airflow/example_dags/example_latest_only.py
[2025-10-03T00:13:24.592+0000] {processor.py:830} INFO - Processing file /home/airflow/.local/lib/python3.12/site-packages/airflow/example_dags/example_latest_only.py for tasks to queue
[2025-10-03T00:13:24.595+0000] {logging_mixin.py:188} INFO - [2025-10-03T00:13:24.594+0000] {dagbag.py:545} INFO - Filling up the DagBag from /home/airflow/.local/lib/python3.12/site-packages/airflow/example_dags/example_latest_only.py
[2025-10-03T00:13:24.616+0000] {processor.py:840} INFO - DAG(s) 'latest_only' retrieved from /home/airflow/.local/lib/python3.12/site-packages/airflow/example_dags/example_latest_only.py
[2025-10-03T00:13:24.666+0000] {logging_mixin.py:188} INFO - [2025-10-03T00:13:24.666+0000] {dag.py:3096} INFO - Sync 1 DAGs
[2025-10-03T00:13:24.717+0000] {logging_mixin.py:188} INFO - [2025-10-03T00:13:24.716+0000] {dag.py:3954} INFO - Setting next_dagrun for latest_only to 2025-10-02 20:00:00+00:00, run_after=2025-10-03 00:00:00+00:00
[2025-10-03T00:13:24.758+0000] {processor.py:183} INFO - Processing /home/airflow/.local/lib/python3.12/site-packages/airflow/example_dags/example_latest_only.py took 0.190 seconds
[2025-10-03T00:13:55.171+0000] {processor.py:161} INFO - Started process (PID=15853) to work on /home/airflow/.local/lib/python3.12/site-packages/airflow/example_dags/example_latest_only.py
[2025-10-03T00:13:55.174+0000] {processor.py:830} INFO - Processing file /home/airflow/.local/lib/python3.12/site-packages/airflow/example_dags/example_latest_only.py for tasks to queue
[2025-10-03T00:13:55.177+0000] {logging_mixin.py:188} INFO - [2025-10-03T00:13:55.176+0000] {dagbag.py:545} INFO - Filling up the DagBag from /home/airflow/.local/lib/python3.12/site-packages/airflow/example_dags/example_latest_only.py
[2025-10-03T00:13:55.194+0000] {processor.py:840} INFO - DAG(s) 'latest_only' retrieved from /home/airflow/.local/lib/python3.12/site-packages/airflow/example_dags/example_latest_only.py
[2025-10-03T00:13:55.252+0000] {logging_mixin.py:188} INFO - [2025-10-03T00:13:55.252+0000] {dag.py:3096} INFO - Sync 1 DAGs
[2025-10-03T00:13:55.314+0000] {logging_mixin.py:188} INFO - [2025-10-03T00:13:55.311+0000] {dag.py:3954} INFO - Setting next_dagrun for latest_only to 2025-10-02 20:00:00+00:00, run_after=2025-10-03 00:00:00+00:00
[2025-10-03T00:13:55.373+0000] {processor.py:183} INFO - Processing /home/airflow/.local/lib/python3.12/site-packages/airflow/example_dags/example_latest_only.py took 0.223 seconds
[2025-10-03T00:14:26.846+0000] {processor.py:161} INFO - Started process (PID=15907) to work on /home/airflow/.local/lib/python3.12/site-packages/airflow/example_dags/example_latest_only.py
[2025-10-03T00:14:26.851+0000] {processor.py:830} INFO - Processing file /home/airflow/.local/lib/python3.12/site-packages/airflow/example_dags/example_latest_only.py for tasks to queue
[2025-10-03T00:14:26.857+0000] {logging_mixin.py:188} INFO - [2025-10-03T00:14:26.855+0000] {dagbag.py:545} INFO - Filling up the DagBag from /home/airflow/.local/lib/python3.12/site-packages/airflow/example_dags/example_latest_only.py
[2025-10-03T00:14:26.872+0000] {processor.py:840} INFO - DAG(s) 'latest_only' retrieved from /home/airflow/.local/lib/python3.12/site-packages/airflow/example_dags/example_latest_only.py
[2025-10-03T00:14:26.923+0000] {logging_mixin.py:188} INFO - [2025-10-03T00:14:26.922+0000] {dag.py:3096} INFO - Sync 1 DAGs
[2025-10-03T00:14:26.981+0000] {logging_mixin.py:188} INFO - [2025-10-03T00:14:26.980+0000] {dag.py:3954} INFO - Setting next_dagrun for latest_only to 2025-10-02 20:00:00+00:00, run_after=2025-10-03 00:00:00+00:00
[2025-10-03T00:14:27.024+0000] {processor.py:183} INFO - Processing /home/airflow/.local/lib/python3.12/site-packages/airflow/example_dags/example_latest_only.py took 0.209 seconds
[2025-10-03T00:14:58.074+0000] {processor.py:161} INFO - Started process (PID=15960) to work on /home/airflow/.local/lib/python3.12/site-packages/airflow/example_dags/example_latest_only.py
[2025-10-03T00:14:58.076+0000] {processor.py:830} INFO - Processing file /home/airflow/.local/lib/python3.12/site-packages/airflow/example_dags/example_latest_only.py for tasks to queue
[2025-10-03T00:14:58.078+0000] {logging_mixin.py:188} INFO - [2025-10-03T00:14:58.078+0000] {dagbag.py:545} INFO - Filling up the DagBag from /home/airflow/.local/lib/python3.12/site-packages/airflow/example_dags/example_latest_only.py
[2025-10-03T00:14:58.095+0000] {processor.py:840} INFO - DAG(s) 'latest_only' retrieved from /home/airflow/.local/lib/python3.12/site-packages/airflow/example_dags/example_latest_only.py
[2025-10-03T00:14:58.150+0000] {logging_mixin.py:188} INFO - [2025-10-03T00:14:58.149+0000] {dag.py:3096} INFO - Sync 1 DAGs
[2025-10-03T00:14:58.209+0000] {logging_mixin.py:188} INFO - [2025-10-03T00:14:58.208+0000] {dag.py:3954} INFO - Setting next_dagrun for latest_only to 2025-10-02 20:00:00+00:00, run_after=2025-10-03 00:00:00+00:00
[2025-10-03T00:14:58.247+0000] {processor.py:183} INFO - Processing /home/airflow/.local/lib/python3.12/site-packages/airflow/example_dags/example_latest_only.py took 0.189 seconds
[2025-10-03T00:15:28.598+0000] {processor.py:161} INFO - Started process (PID=16013) to work on /home/airflow/.local/lib/python3.12/site-packages/airflow/example_dags/example_latest_only.py
[2025-10-03T00:15:28.601+0000] {processor.py:830} INFO - Processing file /home/airflow/.local/lib/python3.12/site-packages/airflow/example_dags/example_latest_only.py for tasks to queue
[2025-10-03T00:15:28.603+0000] {logging_mixin.py:188} INFO - [2025-10-03T00:15:28.602+0000] {dagbag.py:545} INFO - Filling up the DagBag from /home/airflow/.local/lib/python3.12/site-packages/airflow/example_dags/example_latest_only.py
[2025-10-03T00:15:28.615+0000] {processor.py:840} INFO - DAG(s) 'latest_only' retrieved from /home/airflow/.local/lib/python3.12/site-packages/airflow/example_dags/example_latest_only.py
[2025-10-03T00:15:28.667+0000] {logging_mixin.py:188} INFO - [2025-10-03T00:15:28.666+0000] {dag.py:3096} INFO - Sync 1 DAGs
[2025-10-03T00:15:28.745+0000] {logging_mixin.py:188} INFO - [2025-10-03T00:15:28.745+0000] {dag.py:3954} INFO - Setting next_dagrun for latest_only to 2025-10-02 20:00:00+00:00, run_after=2025-10-03 00:00:00+00:00
[2025-10-03T00:15:28.790+0000] {processor.py:183} INFO - Processing /home/airflow/.local/lib/python3.12/site-packages/airflow/example_dags/example_latest_only.py took 0.206 seconds
[2025-10-03T00:15:59.041+0000] {processor.py:161} INFO - Started process (PID=16066) to work on /home/airflow/.local/lib/python3.12/site-packages/airflow/example_dags/example_latest_only.py
[2025-10-03T00:15:59.044+0000] {processor.py:830} INFO - Processing file /home/airflow/.local/lib/python3.12/site-packages/airflow/example_dags/example_latest_only.py for tasks to queue
[2025-10-03T00:15:59.047+0000] {logging_mixin.py:188} INFO - [2025-10-03T00:15:59.046+0000] {dagbag.py:545} INFO - Filling up the DagBag from /home/airflow/.local/lib/python3.12/site-packages/airflow/example_dags/example_latest_only.py
[2025-10-03T00:15:59.064+0000] {processor.py:840} INFO - DAG(s) 'latest_only' retrieved from /home/airflow/.local/lib/python3.12/site-packages/airflow/example_dags/example_latest_only.py
[2025-10-03T00:15:59.128+0000] {logging_mixin.py:188} INFO - [2025-10-03T00:15:59.128+0000] {dag.py:3096} INFO - Sync 1 DAGs
[2025-10-03T00:15:59.181+0000] {logging_mixin.py:188} INFO - [2025-10-03T00:15:59.181+0000] {dag.py:3954} INFO - Setting next_dagrun for latest_only to 2025-10-02 20:00:00+00:00, run_after=2025-10-03 00:00:00+00:00
[2025-10-03T00:15:59.233+0000] {processor.py:183} INFO - Processing /home/airflow/.local/lib/python3.12/site-packages/airflow/example_dags/example_latest_only.py took 0.210 seconds
[2025-10-03T00:16:29.803+0000] {processor.py:161} INFO - Started process (PID=16119) to work on /home/airflow/.local/lib/python3.12/site-packages/airflow/example_dags/example_latest_only.py
[2025-10-03T00:16:29.806+0000] {processor.py:830} INFO - Processing file /home/airflow/.local/lib/python3.12/site-packages/airflow/example_dags/example_latest_only.py for tasks to queue
[2025-10-03T00:16:29.808+0000] {logging_mixin.py:188} INFO - [2025-10-03T00:16:29.807+0000] {dagbag.py:545} INFO - Filling up the DagBag from /home/airflow/.local/lib/python3.12/site-packages/airflow/example_dags/example_latest_only.py
[2025-10-03T00:16:29.823+0000] {processor.py:840} INFO - DAG(s) 'latest_only' retrieved from /home/airflow/.local/lib/python3.12/site-packages/airflow/example_dags/example_latest_only.py
[2025-10-03T00:16:29.876+0000] {logging_mixin.py:188} INFO - [2025-10-03T00:16:29.875+0000] {dag.py:3096} INFO - Sync 1 DAGs
[2025-10-03T00:16:29.926+0000] {logging_mixin.py:188} INFO - [2025-10-03T00:16:29.926+0000] {dag.py:3954} INFO - Setting next_dagrun for latest_only to 2025-10-02 20:00:00+00:00, run_after=2025-10-03 00:00:00+00:00
[2025-10-03T00:16:29.974+0000] {processor.py:183} INFO - Processing /home/airflow/.local/lib/python3.12/site-packages/airflow/example_dags/example_latest_only.py took 0.184 seconds
[2025-10-03T00:17:00.590+0000] {processor.py:161} INFO - Started process (PID=16172) to work on /home/airflow/.local/lib/python3.12/site-packages/airflow/example_dags/example_latest_only.py
[2025-10-03T00:17:00.594+0000] {processor.py:830} INFO - Processing file /home/airflow/.local/lib/python3.12/site-packages/airflow/example_dags/example_latest_only.py for tasks to queue
[2025-10-03T00:17:00.597+0000] {logging_mixin.py:188} INFO - [2025-10-03T00:17:00.596+0000] {dagbag.py:545} INFO - Filling up the DagBag from /home/airflow/.local/lib/python3.12/site-packages/airflow/example_dags/example_latest_only.py
[2025-10-03T00:17:00.613+0000] {processor.py:840} INFO - DAG(s) 'latest_only' retrieved from /home/airflow/.local/lib/python3.12/site-packages/airflow/example_dags/example_latest_only.py
[2025-10-03T00:17:00.663+0000] {logging_mixin.py:188} INFO - [2025-10-03T00:17:00.663+0000] {dag.py:3096} INFO - Sync 1 DAGs
[2025-10-03T00:17:00.727+0000] {logging_mixin.py:188} INFO - [2025-10-03T00:17:00.727+0000] {dag.py:3954} INFO - Setting next_dagrun for latest_only to 2025-10-02 20:00:00+00:00, run_after=2025-10-03 00:00:00+00:00
[2025-10-03T00:17:00.774+0000] {processor.py:183} INFO - Processing /home/airflow/.local/lib/python3.12/site-packages/airflow/example_dags/example_latest_only.py took 0.205 seconds
[2025-10-03T00:17:31.028+0000] {processor.py:161} INFO - Started process (PID=16225) to work on /home/airflow/.local/lib/python3.12/site-packages/airflow/example_dags/example_latest_only.py
[2025-10-03T00:17:31.031+0000] {processor.py:830} INFO - Processing file /home/airflow/.local/lib/python3.12/site-packages/airflow/example_dags/example_latest_only.py for tasks to queue
[2025-10-03T00:17:31.033+0000] {logging_mixin.py:188} INFO - [2025-10-03T00:17:31.032+0000] {dagbag.py:545} INFO - Filling up the DagBag from /home/airflow/.local/lib/python3.12/site-packages/airflow/example_dags/example_latest_only.py
[2025-10-03T00:17:31.047+0000] {processor.py:840} INFO - DAG(s) 'latest_only' retrieved from /home/airflow/.local/lib/python3.12/site-packages/airflow/example_dags/example_latest_only.py
[2025-10-03T00:17:31.097+0000] {logging_mixin.py:188} INFO - [2025-10-03T00:17:31.097+0000] {dag.py:3096} INFO - Sync 1 DAGs
[2025-10-03T00:17:31.156+0000] {logging_mixin.py:188} INFO - [2025-10-03T00:17:31.155+0000] {dag.py:3954} INFO - Setting next_dagrun for latest_only to 2025-10-02 20:00:00+00:00, run_after=2025-10-03 00:00:00+00:00
[2025-10-03T00:17:31.199+0000] {processor.py:183} INFO - Processing /home/airflow/.local/lib/python3.12/site-packages/airflow/example_dags/example_latest_only.py took 0.191 seconds
[2025-10-03T00:18:01.423+0000] {processor.py:161} INFO - Started process (PID=16278) to work on /home/airflow/.local/lib/python3.12/site-packages/airflow/example_dags/example_latest_only.py
[2025-10-03T00:18:01.426+0000] {processor.py:830} INFO - Processing file /home/airflow/.local/lib/python3.12/site-packages/airflow/example_dags/example_latest_only.py for tasks to queue
[2025-10-03T00:18:01.428+0000] {logging_mixin.py:188} INFO - [2025-10-03T00:18:01.427+0000] {dagbag.py:545} INFO - Filling up the DagBag from /home/airflow/.local/lib/python3.12/site-packages/airflow/example_dags/example_latest_only.py
[2025-10-03T00:18:01.442+0000] {processor.py:840} INFO - DAG(s) 'latest_only' retrieved from /home/airflow/.local/lib/python3.12/site-packages/airflow/example_dags/example_latest_only.py
[2025-10-03T00:18:01.489+0000] {logging_mixin.py:188} INFO - [2025-10-03T00:18:01.489+0000] {dag.py:3096} INFO - Sync 1 DAGs
[2025-10-03T00:18:01.556+0000] {logging_mixin.py:188} INFO - [2025-10-03T00:18:01.555+0000] {dag.py:3954} INFO - Setting next_dagrun for latest_only to 2025-10-02 20:00:00+00:00, run_after=2025-10-03 00:00:00+00:00
[2025-10-03T00:18:01.609+0000] {processor.py:183} INFO - Processing /home/airflow/.local/lib/python3.12/site-packages/airflow/example_dags/example_latest_only.py took 0.201 seconds
