[2025-10-03T00:00:11.017+0000] {processor.py:161} INFO - Started process (PID=14434) to work on /home/airflow/.local/lib/python3.12/site-packages/airflow/example_dags/example_time_delta_sensor_async.py
[2025-10-03T00:00:11.019+0000] {processor.py:830} INFO - Processing file /home/airflow/.local/lib/python3.12/site-packages/airflow/example_dags/example_time_delta_sensor_async.py for tasks to queue
[2025-10-03T00:00:11.021+0000] {logging_mixin.py:188} INFO - [2025-10-03T00:00:11.020+0000] {dagbag.py:545} INFO - Filling up the DagBag from /home/airflow/.local/lib/python3.12/site-packages/airflow/example_dags/example_time_delta_sensor_async.py
[2025-10-03T00:00:11.033+0000] {processor.py:840} INFO - DAG(s) 'example_time_delta_sensor_async' retrieved from /home/airflow/.local/lib/python3.12/site-packages/airflow/example_dags/example_time_delta_sensor_async.py
[2025-10-03T00:00:11.079+0000] {logging_mixin.py:188} INFO - [2025-10-03T00:00:11.079+0000] {dag.py:3096} INFO - Sync 1 DAGs
[2025-10-03T00:00:11.107+0000] {logging_mixin.py:188} INFO - [2025-10-03T00:00:11.107+0000] {dag.py:3954} INFO - Setting next_dagrun for example_time_delta_sensor_async to None, run_after=None
[2025-10-03T00:00:11.147+0000] {processor.py:183} INFO - Processing /home/airflow/.local/lib/python3.12/site-packages/airflow/example_dags/example_time_delta_sensor_async.py took 0.144 seconds
[2025-10-03T00:00:41.837+0000] {processor.py:161} INFO - Started process (PID=14487) to work on /home/airflow/.local/lib/python3.12/site-packages/airflow/example_dags/example_time_delta_sensor_async.py
[2025-10-03T00:00:41.840+0000] {processor.py:830} INFO - Processing file /home/airflow/.local/lib/python3.12/site-packages/airflow/example_dags/example_time_delta_sensor_async.py for tasks to queue
[2025-10-03T00:00:41.842+0000] {logging_mixin.py:188} INFO - [2025-10-03T00:00:41.841+0000] {dagbag.py:545} INFO - Filling up the DagBag from /home/airflow/.local/lib/python3.12/site-packages/airflow/example_dags/example_time_delta_sensor_async.py
[2025-10-03T00:00:41.853+0000] {processor.py:840} INFO - DAG(s) 'example_time_delta_sensor_async' retrieved from /home/airflow/.local/lib/python3.12/site-packages/airflow/example_dags/example_time_delta_sensor_async.py
[2025-10-03T00:00:41.898+0000] {logging_mixin.py:188} INFO - [2025-10-03T00:00:41.898+0000] {dag.py:3096} INFO - Sync 1 DAGs
[2025-10-03T00:00:41.927+0000] {logging_mixin.py:188} INFO - [2025-10-03T00:00:41.926+0000] {dag.py:3954} INFO - Setting next_dagrun for example_time_delta_sensor_async to None, run_after=None
[2025-10-03T00:00:42.001+0000] {processor.py:183} INFO - Processing /home/airflow/.local/lib/python3.12/site-packages/airflow/example_dags/example_time_delta_sensor_async.py took 0.190 seconds
[2025-10-03T00:01:12.853+0000] {processor.py:161} INFO - Started process (PID=14540) to work on /home/airflow/.local/lib/python3.12/site-packages/airflow/example_dags/example_time_delta_sensor_async.py
[2025-10-03T00:01:12.856+0000] {processor.py:830} INFO - Processing file /home/airflow/.local/lib/python3.12/site-packages/airflow/example_dags/example_time_delta_sensor_async.py for tasks to queue
[2025-10-03T00:01:12.859+0000] {logging_mixin.py:188} INFO - [2025-10-03T00:01:12.857+0000] {dagbag.py:545} INFO - Filling up the DagBag from /home/airflow/.local/lib/python3.12/site-packages/airflow/example_dags/example_time_delta_sensor_async.py
[2025-10-03T00:01:12.872+0000] {processor.py:840} INFO - DAG(s) 'example_time_delta_sensor_async' retrieved from /home/airflow/.local/lib/python3.12/site-packages/airflow/example_dags/example_time_delta_sensor_async.py
[2025-10-03T00:01:12.927+0000] {logging_mixin.py:188} INFO - [2025-10-03T00:01:12.926+0000] {dag.py:3096} INFO - Sync 1 DAGs
[2025-10-03T00:01:12.955+0000] {logging_mixin.py:188} INFO - [2025-10-03T00:01:12.954+0000] {dag.py:3954} INFO - Setting next_dagrun for example_time_delta_sensor_async to None, run_after=None
[2025-10-03T00:01:13.005+0000] {processor.py:183} INFO - Processing /home/airflow/.local/lib/python3.12/site-packages/airflow/example_dags/example_time_delta_sensor_async.py took 0.168 seconds
[2025-10-03T00:01:43.161+0000] {processor.py:161} INFO - Started process (PID=14593) to work on /home/airflow/.local/lib/python3.12/site-packages/airflow/example_dags/example_time_delta_sensor_async.py
[2025-10-03T00:01:43.163+0000] {processor.py:830} INFO - Processing file /home/airflow/.local/lib/python3.12/site-packages/airflow/example_dags/example_time_delta_sensor_async.py for tasks to queue
[2025-10-03T00:01:43.166+0000] {logging_mixin.py:188} INFO - [2025-10-03T00:01:43.165+0000] {dagbag.py:545} INFO - Filling up the DagBag from /home/airflow/.local/lib/python3.12/site-packages/airflow/example_dags/example_time_delta_sensor_async.py
[2025-10-03T00:01:43.179+0000] {processor.py:840} INFO - DAG(s) 'example_time_delta_sensor_async' retrieved from /home/airflow/.local/lib/python3.12/site-packages/airflow/example_dags/example_time_delta_sensor_async.py
[2025-10-03T00:01:43.233+0000] {logging_mixin.py:188} INFO - [2025-10-03T00:01:43.233+0000] {dag.py:3096} INFO - Sync 1 DAGs
[2025-10-03T00:01:43.268+0000] {logging_mixin.py:188} INFO - [2025-10-03T00:01:43.268+0000] {dag.py:3954} INFO - Setting next_dagrun for example_time_delta_sensor_async to None, run_after=None
[2025-10-03T00:01:43.330+0000] {processor.py:183} INFO - Processing /home/airflow/.local/lib/python3.12/site-packages/airflow/example_dags/example_time_delta_sensor_async.py took 0.186 seconds
[2025-10-03T00:02:13.898+0000] {processor.py:161} INFO - Started process (PID=14646) to work on /home/airflow/.local/lib/python3.12/site-packages/airflow/example_dags/example_time_delta_sensor_async.py
[2025-10-03T00:02:13.902+0000] {processor.py:830} INFO - Processing file /home/airflow/.local/lib/python3.12/site-packages/airflow/example_dags/example_time_delta_sensor_async.py for tasks to queue
[2025-10-03T00:02:13.904+0000] {logging_mixin.py:188} INFO - [2025-10-03T00:02:13.903+0000] {dagbag.py:545} INFO - Filling up the DagBag from /home/airflow/.local/lib/python3.12/site-packages/airflow/example_dags/example_time_delta_sensor_async.py
[2025-10-03T00:02:13.920+0000] {processor.py:840} INFO - DAG(s) 'example_time_delta_sensor_async' retrieved from /home/airflow/.local/lib/python3.12/site-packages/airflow/example_dags/example_time_delta_sensor_async.py
[2025-10-03T00:02:13.988+0000] {logging_mixin.py:188} INFO - [2025-10-03T00:02:13.987+0000] {dag.py:3096} INFO - Sync 1 DAGs
[2025-10-03T00:02:14.026+0000] {logging_mixin.py:188} INFO - [2025-10-03T00:02:14.025+0000] {dag.py:3954} INFO - Setting next_dagrun for example_time_delta_sensor_async to None, run_after=None
[2025-10-03T00:02:14.092+0000] {processor.py:183} INFO - Processing /home/airflow/.local/lib/python3.12/site-packages/airflow/example_dags/example_time_delta_sensor_async.py took 0.213 seconds
[2025-10-03T00:02:44.476+0000] {processor.py:161} INFO - Started process (PID=14699) to work on /home/airflow/.local/lib/python3.12/site-packages/airflow/example_dags/example_time_delta_sensor_async.py
[2025-10-03T00:02:44.479+0000] {processor.py:830} INFO - Processing file /home/airflow/.local/lib/python3.12/site-packages/airflow/example_dags/example_time_delta_sensor_async.py for tasks to queue
[2025-10-03T00:02:44.481+0000] {logging_mixin.py:188} INFO - [2025-10-03T00:02:44.480+0000] {dagbag.py:545} INFO - Filling up the DagBag from /home/airflow/.local/lib/python3.12/site-packages/airflow/example_dags/example_time_delta_sensor_async.py
[2025-10-03T00:02:44.494+0000] {processor.py:840} INFO - DAG(s) 'example_time_delta_sensor_async' retrieved from /home/airflow/.local/lib/python3.12/site-packages/airflow/example_dags/example_time_delta_sensor_async.py
[2025-10-03T00:02:44.560+0000] {logging_mixin.py:188} INFO - [2025-10-03T00:02:44.559+0000] {dag.py:3096} INFO - Sync 1 DAGs
[2025-10-03T00:02:44.590+0000] {logging_mixin.py:188} INFO - [2025-10-03T00:02:44.589+0000] {dag.py:3954} INFO - Setting next_dagrun for example_time_delta_sensor_async to None, run_after=None
[2025-10-03T00:02:44.656+0000] {processor.py:183} INFO - Processing /home/airflow/.local/lib/python3.12/site-packages/airflow/example_dags/example_time_delta_sensor_async.py took 0.195 seconds
[2025-10-03T00:03:15.229+0000] {processor.py:161} INFO - Started process (PID=14752) to work on /home/airflow/.local/lib/python3.12/site-packages/airflow/example_dags/example_time_delta_sensor_async.py
[2025-10-03T00:03:15.232+0000] {processor.py:830} INFO - Processing file /home/airflow/.local/lib/python3.12/site-packages/airflow/example_dags/example_time_delta_sensor_async.py for tasks to queue
[2025-10-03T00:03:15.234+0000] {logging_mixin.py:188} INFO - [2025-10-03T00:03:15.234+0000] {dagbag.py:545} INFO - Filling up the DagBag from /home/airflow/.local/lib/python3.12/site-packages/airflow/example_dags/example_time_delta_sensor_async.py
[2025-10-03T00:03:15.248+0000] {processor.py:840} INFO - DAG(s) 'example_time_delta_sensor_async' retrieved from /home/airflow/.local/lib/python3.12/site-packages/airflow/example_dags/example_time_delta_sensor_async.py
[2025-10-03T00:03:15.304+0000] {logging_mixin.py:188} INFO - [2025-10-03T00:03:15.303+0000] {dag.py:3096} INFO - Sync 1 DAGs
[2025-10-03T00:03:15.334+0000] {logging_mixin.py:188} INFO - [2025-10-03T00:03:15.334+0000] {dag.py:3954} INFO - Setting next_dagrun for example_time_delta_sensor_async to None, run_after=None
[2025-10-03T00:03:15.380+0000] {processor.py:183} INFO - Processing /home/airflow/.local/lib/python3.12/site-packages/airflow/example_dags/example_time_delta_sensor_async.py took 0.167 seconds
[2025-10-03T00:03:45.548+0000] {processor.py:161} INFO - Started process (PID=14805) to work on /home/airflow/.local/lib/python3.12/site-packages/airflow/example_dags/example_time_delta_sensor_async.py
[2025-10-03T00:03:45.550+0000] {processor.py:830} INFO - Processing file /home/airflow/.local/lib/python3.12/site-packages/airflow/example_dags/example_time_delta_sensor_async.py for tasks to queue
[2025-10-03T00:03:45.553+0000] {logging_mixin.py:188} INFO - [2025-10-03T00:03:45.552+0000] {dagbag.py:545} INFO - Filling up the DagBag from /home/airflow/.local/lib/python3.12/site-packages/airflow/example_dags/example_time_delta_sensor_async.py
[2025-10-03T00:03:45.570+0000] {processor.py:840} INFO - DAG(s) 'example_time_delta_sensor_async' retrieved from /home/airflow/.local/lib/python3.12/site-packages/airflow/example_dags/example_time_delta_sensor_async.py
[2025-10-03T00:03:45.633+0000] {logging_mixin.py:188} INFO - [2025-10-03T00:03:45.632+0000] {dag.py:3096} INFO - Sync 1 DAGs
[2025-10-03T00:03:45.667+0000] {logging_mixin.py:188} INFO - [2025-10-03T00:03:45.666+0000] {dag.py:3954} INFO - Setting next_dagrun for example_time_delta_sensor_async to None, run_after=None
[2025-10-03T00:03:45.718+0000] {processor.py:183} INFO - Processing /home/airflow/.local/lib/python3.12/site-packages/airflow/example_dags/example_time_delta_sensor_async.py took 0.189 seconds
[2025-10-03T00:04:16.431+0000] {processor.py:161} INFO - Started process (PID=14858) to work on /home/airflow/.local/lib/python3.12/site-packages/airflow/example_dags/example_time_delta_sensor_async.py
[2025-10-03T00:04:16.434+0000] {processor.py:830} INFO - Processing file /home/airflow/.local/lib/python3.12/site-packages/airflow/example_dags/example_time_delta_sensor_async.py for tasks to queue
[2025-10-03T00:04:16.438+0000] {logging_mixin.py:188} INFO - [2025-10-03T00:04:16.436+0000] {dagbag.py:545} INFO - Filling up the DagBag from /home/airflow/.local/lib/python3.12/site-packages/airflow/example_dags/example_time_delta_sensor_async.py
[2025-10-03T00:04:16.457+0000] {processor.py:840} INFO - DAG(s) 'example_time_delta_sensor_async' retrieved from /home/airflow/.local/lib/python3.12/site-packages/airflow/example_dags/example_time_delta_sensor_async.py
[2025-10-03T00:04:16.519+0000] {logging_mixin.py:188} INFO - [2025-10-03T00:04:16.519+0000] {dag.py:3096} INFO - Sync 1 DAGs
[2025-10-03T00:04:16.558+0000] {logging_mixin.py:188} INFO - [2025-10-03T00:04:16.558+0000] {dag.py:3954} INFO - Setting next_dagrun for example_time_delta_sensor_async to None, run_after=None
[2025-10-03T00:04:16.604+0000] {processor.py:183} INFO - Processing /home/airflow/.local/lib/python3.12/site-packages/airflow/example_dags/example_time_delta_sensor_async.py took 0.191 seconds
[2025-10-03T00:04:46.975+0000] {processor.py:161} INFO - Started process (PID=14911) to work on /home/airflow/.local/lib/python3.12/site-packages/airflow/example_dags/example_time_delta_sensor_async.py
[2025-10-03T00:04:46.978+0000] {processor.py:830} INFO - Processing file /home/airflow/.local/lib/python3.12/site-packages/airflow/example_dags/example_time_delta_sensor_async.py for tasks to queue
[2025-10-03T00:04:46.981+0000] {logging_mixin.py:188} INFO - [2025-10-03T00:04:46.980+0000] {dagbag.py:545} INFO - Filling up the DagBag from /home/airflow/.local/lib/python3.12/site-packages/airflow/example_dags/example_time_delta_sensor_async.py
[2025-10-03T00:04:46.991+0000] {processor.py:840} INFO - DAG(s) 'example_time_delta_sensor_async' retrieved from /home/airflow/.local/lib/python3.12/site-packages/airflow/example_dags/example_time_delta_sensor_async.py
[2025-10-03T00:04:47.039+0000] {logging_mixin.py:188} INFO - [2025-10-03T00:04:47.039+0000] {dag.py:3096} INFO - Sync 1 DAGs
[2025-10-03T00:04:47.066+0000] {logging_mixin.py:188} INFO - [2025-10-03T00:04:47.066+0000] {dag.py:3954} INFO - Setting next_dagrun for example_time_delta_sensor_async to None, run_after=None
[2025-10-03T00:04:47.114+0000] {processor.py:183} INFO - Processing /home/airflow/.local/lib/python3.12/site-packages/airflow/example_dags/example_time_delta_sensor_async.py took 0.152 seconds
[2025-10-03T00:05:17.652+0000] {processor.py:161} INFO - Started process (PID=14964) to work on /home/airflow/.local/lib/python3.12/site-packages/airflow/example_dags/example_time_delta_sensor_async.py
[2025-10-03T00:05:17.655+0000] {processor.py:830} INFO - Processing file /home/airflow/.local/lib/python3.12/site-packages/airflow/example_dags/example_time_delta_sensor_async.py for tasks to queue
[2025-10-03T00:05:17.658+0000] {logging_mixin.py:188} INFO - [2025-10-03T00:05:17.657+0000] {dagbag.py:545} INFO - Filling up the DagBag from /home/airflow/.local/lib/python3.12/site-packages/airflow/example_dags/example_time_delta_sensor_async.py
[2025-10-03T00:05:17.672+0000] {processor.py:840} INFO - DAG(s) 'example_time_delta_sensor_async' retrieved from /home/airflow/.local/lib/python3.12/site-packages/airflow/example_dags/example_time_delta_sensor_async.py
[2025-10-03T00:05:17.724+0000] {logging_mixin.py:188} INFO - [2025-10-03T00:05:17.724+0000] {dag.py:3096} INFO - Sync 1 DAGs
[2025-10-03T00:05:17.755+0000] {logging_mixin.py:188} INFO - [2025-10-03T00:05:17.755+0000] {dag.py:3954} INFO - Setting next_dagrun for example_time_delta_sensor_async to None, run_after=None
[2025-10-03T00:05:17.799+0000] {processor.py:183} INFO - Processing /home/airflow/.local/lib/python3.12/site-packages/airflow/example_dags/example_time_delta_sensor_async.py took 0.163 seconds
[2025-10-03T00:05:48.206+0000] {processor.py:161} INFO - Started process (PID=15017) to work on /home/airflow/.local/lib/python3.12/site-packages/airflow/example_dags/example_time_delta_sensor_async.py
[2025-10-03T00:05:48.208+0000] {processor.py:830} INFO - Processing file /home/airflow/.local/lib/python3.12/site-packages/airflow/example_dags/example_time_delta_sensor_async.py for tasks to queue
[2025-10-03T00:05:48.210+0000] {logging_mixin.py:188} INFO - [2025-10-03T00:05:48.210+0000] {dagbag.py:545} INFO - Filling up the DagBag from /home/airflow/.local/lib/python3.12/site-packages/airflow/example_dags/example_time_delta_sensor_async.py
[2025-10-03T00:05:48.222+0000] {processor.py:840} INFO - DAG(s) 'example_time_delta_sensor_async' retrieved from /home/airflow/.local/lib/python3.12/site-packages/airflow/example_dags/example_time_delta_sensor_async.py
[2025-10-03T00:05:48.270+0000] {logging_mixin.py:188} INFO - [2025-10-03T00:05:48.270+0000] {dag.py:3096} INFO - Sync 1 DAGs
[2025-10-03T00:05:48.300+0000] {logging_mixin.py:188} INFO - [2025-10-03T00:05:48.300+0000] {dag.py:3954} INFO - Setting next_dagrun for example_time_delta_sensor_async to None, run_after=None
[2025-10-03T00:05:48.352+0000] {processor.py:183} INFO - Processing /home/airflow/.local/lib/python3.12/site-packages/airflow/example_dags/example_time_delta_sensor_async.py took 0.161 seconds
[2025-10-03T00:06:18.598+0000] {processor.py:161} INFO - Started process (PID=15070) to work on /home/airflow/.local/lib/python3.12/site-packages/airflow/example_dags/example_time_delta_sensor_async.py
[2025-10-03T00:06:18.600+0000] {processor.py:830} INFO - Processing file /home/airflow/.local/lib/python3.12/site-packages/airflow/example_dags/example_time_delta_sensor_async.py for tasks to queue
[2025-10-03T00:06:18.603+0000] {logging_mixin.py:188} INFO - [2025-10-03T00:06:18.602+0000] {dagbag.py:545} INFO - Filling up the DagBag from /home/airflow/.local/lib/python3.12/site-packages/airflow/example_dags/example_time_delta_sensor_async.py
[2025-10-03T00:06:18.617+0000] {processor.py:840} INFO - DAG(s) 'example_time_delta_sensor_async' retrieved from /home/airflow/.local/lib/python3.12/site-packages/airflow/example_dags/example_time_delta_sensor_async.py
[2025-10-03T00:06:18.671+0000] {logging_mixin.py:188} INFO - [2025-10-03T00:06:18.670+0000] {dag.py:3096} INFO - Sync 1 DAGs
[2025-10-03T00:06:18.717+0000] {logging_mixin.py:188} INFO - [2025-10-03T00:06:18.716+0000] {dag.py:3954} INFO - Setting next_dagrun for example_time_delta_sensor_async to None, run_after=None
[2025-10-03T00:06:18.788+0000] {processor.py:183} INFO - Processing /home/airflow/.local/lib/python3.12/site-packages/airflow/example_dags/example_time_delta_sensor_async.py took 0.217 seconds
[2025-10-03T00:06:49.715+0000] {processor.py:161} INFO - Started process (PID=15123) to work on /home/airflow/.local/lib/python3.12/site-packages/airflow/example_dags/example_time_delta_sensor_async.py
[2025-10-03T00:06:49.718+0000] {processor.py:830} INFO - Processing file /home/airflow/.local/lib/python3.12/site-packages/airflow/example_dags/example_time_delta_sensor_async.py for tasks to queue
[2025-10-03T00:06:49.725+0000] {logging_mixin.py:188} INFO - [2025-10-03T00:06:49.723+0000] {dagbag.py:545} INFO - Filling up the DagBag from /home/airflow/.local/lib/python3.12/site-packages/airflow/example_dags/example_time_delta_sensor_async.py
[2025-10-03T00:06:49.741+0000] {processor.py:840} INFO - DAG(s) 'example_time_delta_sensor_async' retrieved from /home/airflow/.local/lib/python3.12/site-packages/airflow/example_dags/example_time_delta_sensor_async.py
[2025-10-03T00:06:49.801+0000] {logging_mixin.py:188} INFO - [2025-10-03T00:06:49.801+0000] {dag.py:3096} INFO - Sync 1 DAGs
[2025-10-03T00:06:49.873+0000] {logging_mixin.py:188} INFO - [2025-10-03T00:06:49.872+0000] {dag.py:3954} INFO - Setting next_dagrun for example_time_delta_sensor_async to None, run_after=None
[2025-10-03T00:06:50.003+0000] {processor.py:183} INFO - Processing /home/airflow/.local/lib/python3.12/site-packages/airflow/example_dags/example_time_delta_sensor_async.py took 0.308 seconds
[2025-10-03T00:07:20.653+0000] {processor.py:161} INFO - Started process (PID=15176) to work on /home/airflow/.local/lib/python3.12/site-packages/airflow/example_dags/example_time_delta_sensor_async.py
[2025-10-03T00:07:20.655+0000] {processor.py:830} INFO - Processing file /home/airflow/.local/lib/python3.12/site-packages/airflow/example_dags/example_time_delta_sensor_async.py for tasks to queue
[2025-10-03T00:07:20.658+0000] {logging_mixin.py:188} INFO - [2025-10-03T00:07:20.657+0000] {dagbag.py:545} INFO - Filling up the DagBag from /home/airflow/.local/lib/python3.12/site-packages/airflow/example_dags/example_time_delta_sensor_async.py
[2025-10-03T00:07:20.674+0000] {processor.py:840} INFO - DAG(s) 'example_time_delta_sensor_async' retrieved from /home/airflow/.local/lib/python3.12/site-packages/airflow/example_dags/example_time_delta_sensor_async.py
[2025-10-03T00:07:20.739+0000] {logging_mixin.py:188} INFO - [2025-10-03T00:07:20.738+0000] {dag.py:3096} INFO - Sync 1 DAGs
[2025-10-03T00:07:20.769+0000] {logging_mixin.py:188} INFO - [2025-10-03T00:07:20.769+0000] {dag.py:3954} INFO - Setting next_dagrun for example_time_delta_sensor_async to None, run_after=None
[2025-10-03T00:07:20.814+0000] {processor.py:183} INFO - Processing /home/airflow/.local/lib/python3.12/site-packages/airflow/example_dags/example_time_delta_sensor_async.py took 0.184 seconds
[2025-10-03T00:07:50.928+0000] {processor.py:161} INFO - Started process (PID=15228) to work on /home/airflow/.local/lib/python3.12/site-packages/airflow/example_dags/example_time_delta_sensor_async.py
[2025-10-03T00:07:50.930+0000] {processor.py:830} INFO - Processing file /home/airflow/.local/lib/python3.12/site-packages/airflow/example_dags/example_time_delta_sensor_async.py for tasks to queue
[2025-10-03T00:07:50.933+0000] {logging_mixin.py:188} INFO - [2025-10-03T00:07:50.932+0000] {dagbag.py:545} INFO - Filling up the DagBag from /home/airflow/.local/lib/python3.12/site-packages/airflow/example_dags/example_time_delta_sensor_async.py
[2025-10-03T00:07:50.944+0000] {processor.py:840} INFO - DAG(s) 'example_time_delta_sensor_async' retrieved from /home/airflow/.local/lib/python3.12/site-packages/airflow/example_dags/example_time_delta_sensor_async.py
[2025-10-03T00:07:50.991+0000] {logging_mixin.py:188} INFO - [2025-10-03T00:07:50.991+0000] {dag.py:3096} INFO - Sync 1 DAGs
[2025-10-03T00:07:51.019+0000] {logging_mixin.py:188} INFO - [2025-10-03T00:07:51.019+0000] {dag.py:3954} INFO - Setting next_dagrun for example_time_delta_sensor_async to None, run_after=None
[2025-10-03T00:07:51.071+0000] {processor.py:183} INFO - Processing /home/airflow/.local/lib/python3.12/site-packages/airflow/example_dags/example_time_delta_sensor_async.py took 0.158 seconds
[2025-10-03T00:08:21.327+0000] {processor.py:161} INFO - Started process (PID=15281) to work on /home/airflow/.local/lib/python3.12/site-packages/airflow/example_dags/example_time_delta_sensor_async.py
[2025-10-03T00:08:21.329+0000] {processor.py:830} INFO - Processing file /home/airflow/.local/lib/python3.12/site-packages/airflow/example_dags/example_time_delta_sensor_async.py for tasks to queue
[2025-10-03T00:08:21.331+0000] {logging_mixin.py:188} INFO - [2025-10-03T00:08:21.331+0000] {dagbag.py:545} INFO - Filling up the DagBag from /home/airflow/.local/lib/python3.12/site-packages/airflow/example_dags/example_time_delta_sensor_async.py
[2025-10-03T00:08:21.342+0000] {processor.py:840} INFO - DAG(s) 'example_time_delta_sensor_async' retrieved from /home/airflow/.local/lib/python3.12/site-packages/airflow/example_dags/example_time_delta_sensor_async.py
[2025-10-03T00:08:21.388+0000] {logging_mixin.py:188} INFO - [2025-10-03T00:08:21.387+0000] {dag.py:3096} INFO - Sync 1 DAGs
[2025-10-03T00:08:21.416+0000] {logging_mixin.py:188} INFO - [2025-10-03T00:08:21.416+0000] {dag.py:3954} INFO - Setting next_dagrun for example_time_delta_sensor_async to None, run_after=None
[2025-10-03T00:08:21.455+0000] {processor.py:183} INFO - Processing /home/airflow/.local/lib/python3.12/site-packages/airflow/example_dags/example_time_delta_sensor_async.py took 0.144 seconds
[2025-10-03T00:08:52.051+0000] {processor.py:161} INFO - Started process (PID=15335) to work on /home/airflow/.local/lib/python3.12/site-packages/airflow/example_dags/example_time_delta_sensor_async.py
[2025-10-03T00:08:52.054+0000] {processor.py:830} INFO - Processing file /home/airflow/.local/lib/python3.12/site-packages/airflow/example_dags/example_time_delta_sensor_async.py for tasks to queue
[2025-10-03T00:08:52.057+0000] {logging_mixin.py:188} INFO - [2025-10-03T00:08:52.056+0000] {dagbag.py:545} INFO - Filling up the DagBag from /home/airflow/.local/lib/python3.12/site-packages/airflow/example_dags/example_time_delta_sensor_async.py
[2025-10-03T00:08:52.087+0000] {processor.py:840} INFO - DAG(s) 'example_time_delta_sensor_async' retrieved from /home/airflow/.local/lib/python3.12/site-packages/airflow/example_dags/example_time_delta_sensor_async.py
[2025-10-03T00:08:52.144+0000] {logging_mixin.py:188} INFO - [2025-10-03T00:08:52.144+0000] {dag.py:3096} INFO - Sync 1 DAGs
[2025-10-03T00:08:52.174+0000] {logging_mixin.py:188} INFO - [2025-10-03T00:08:52.174+0000] {dag.py:3954} INFO - Setting next_dagrun for example_time_delta_sensor_async to None, run_after=None
[2025-10-03T00:08:52.227+0000] {processor.py:183} INFO - Processing /home/airflow/.local/lib/python3.12/site-packages/airflow/example_dags/example_time_delta_sensor_async.py took 0.190 seconds
[2025-10-03T00:09:22.836+0000] {processor.py:161} INFO - Started process (PID=15388) to work on /home/airflow/.local/lib/python3.12/site-packages/airflow/example_dags/example_time_delta_sensor_async.py
[2025-10-03T00:09:22.839+0000] {processor.py:830} INFO - Processing file /home/airflow/.local/lib/python3.12/site-packages/airflow/example_dags/example_time_delta_sensor_async.py for tasks to queue
[2025-10-03T00:09:22.842+0000] {logging_mixin.py:188} INFO - [2025-10-03T00:09:22.841+0000] {dagbag.py:545} INFO - Filling up the DagBag from /home/airflow/.local/lib/python3.12/site-packages/airflow/example_dags/example_time_delta_sensor_async.py
[2025-10-03T00:09:22.856+0000] {processor.py:840} INFO - DAG(s) 'example_time_delta_sensor_async' retrieved from /home/airflow/.local/lib/python3.12/site-packages/airflow/example_dags/example_time_delta_sensor_async.py
[2025-10-03T00:09:22.913+0000] {logging_mixin.py:188} INFO - [2025-10-03T00:09:22.913+0000] {dag.py:3096} INFO - Sync 1 DAGs
[2025-10-03T00:09:22.944+0000] {logging_mixin.py:188} INFO - [2025-10-03T00:09:22.943+0000] {dag.py:3954} INFO - Setting next_dagrun for example_time_delta_sensor_async to None, run_after=None
[2025-10-03T00:09:22.987+0000] {processor.py:183} INFO - Processing /home/airflow/.local/lib/python3.12/site-packages/airflow/example_dags/example_time_delta_sensor_async.py took 0.168 seconds
[2025-10-03T00:09:53.464+0000] {processor.py:161} INFO - Started process (PID=15441) to work on /home/airflow/.local/lib/python3.12/site-packages/airflow/example_dags/example_time_delta_sensor_async.py
[2025-10-03T00:09:53.466+0000] {processor.py:830} INFO - Processing file /home/airflow/.local/lib/python3.12/site-packages/airflow/example_dags/example_time_delta_sensor_async.py for tasks to queue
[2025-10-03T00:09:53.468+0000] {logging_mixin.py:188} INFO - [2025-10-03T00:09:53.468+0000] {dagbag.py:545} INFO - Filling up the DagBag from /home/airflow/.local/lib/python3.12/site-packages/airflow/example_dags/example_time_delta_sensor_async.py
[2025-10-03T00:09:53.481+0000] {processor.py:840} INFO - DAG(s) 'example_time_delta_sensor_async' retrieved from /home/airflow/.local/lib/python3.12/site-packages/airflow/example_dags/example_time_delta_sensor_async.py
[2025-10-03T00:09:53.528+0000] {logging_mixin.py:188} INFO - [2025-10-03T00:09:53.528+0000] {dag.py:3096} INFO - Sync 1 DAGs
[2025-10-03T00:09:53.556+0000] {logging_mixin.py:188} INFO - [2025-10-03T00:09:53.555+0000] {dag.py:3954} INFO - Setting next_dagrun for example_time_delta_sensor_async to None, run_after=None
[2025-10-03T00:09:53.596+0000] {processor.py:183} INFO - Processing /home/airflow/.local/lib/python3.12/site-packages/airflow/example_dags/example_time_delta_sensor_async.py took 0.147 seconds
[2025-10-03T00:10:24.842+0000] {processor.py:161} INFO - Started process (PID=15494) to work on /home/airflow/.local/lib/python3.12/site-packages/airflow/example_dags/example_time_delta_sensor_async.py
[2025-10-03T00:10:24.844+0000] {processor.py:830} INFO - Processing file /home/airflow/.local/lib/python3.12/site-packages/airflow/example_dags/example_time_delta_sensor_async.py for tasks to queue
[2025-10-03T00:10:24.846+0000] {logging_mixin.py:188} INFO - [2025-10-03T00:10:24.846+0000] {dagbag.py:545} INFO - Filling up the DagBag from /home/airflow/.local/lib/python3.12/site-packages/airflow/example_dags/example_time_delta_sensor_async.py
[2025-10-03T00:10:24.857+0000] {processor.py:840} INFO - DAG(s) 'example_time_delta_sensor_async' retrieved from /home/airflow/.local/lib/python3.12/site-packages/airflow/example_dags/example_time_delta_sensor_async.py
[2025-10-03T00:10:24.909+0000] {logging_mixin.py:188} INFO - [2025-10-03T00:10:24.908+0000] {dag.py:3096} INFO - Sync 1 DAGs
[2025-10-03T00:10:24.939+0000] {logging_mixin.py:188} INFO - [2025-10-03T00:10:24.938+0000] {dag.py:3954} INFO - Setting next_dagrun for example_time_delta_sensor_async to None, run_after=None
[2025-10-03T00:10:24.994+0000] {processor.py:183} INFO - Processing /home/airflow/.local/lib/python3.12/site-packages/airflow/example_dags/example_time_delta_sensor_async.py took 0.167 seconds
[2025-10-03T00:10:55.716+0000] {processor.py:161} INFO - Started process (PID=15545) to work on /home/airflow/.local/lib/python3.12/site-packages/airflow/example_dags/example_time_delta_sensor_async.py
[2025-10-03T00:10:55.718+0000] {processor.py:830} INFO - Processing file /home/airflow/.local/lib/python3.12/site-packages/airflow/example_dags/example_time_delta_sensor_async.py for tasks to queue
[2025-10-03T00:10:55.721+0000] {logging_mixin.py:188} INFO - [2025-10-03T00:10:55.720+0000] {dagbag.py:545} INFO - Filling up the DagBag from /home/airflow/.local/lib/python3.12/site-packages/airflow/example_dags/example_time_delta_sensor_async.py
[2025-10-03T00:10:55.733+0000] {processor.py:840} INFO - DAG(s) 'example_time_delta_sensor_async' retrieved from /home/airflow/.local/lib/python3.12/site-packages/airflow/example_dags/example_time_delta_sensor_async.py
[2025-10-03T00:10:55.784+0000] {logging_mixin.py:188} INFO - [2025-10-03T00:10:55.783+0000] {dag.py:3096} INFO - Sync 1 DAGs
[2025-10-03T00:10:55.815+0000] {logging_mixin.py:188} INFO - [2025-10-03T00:10:55.815+0000] {dag.py:3954} INFO - Setting next_dagrun for example_time_delta_sensor_async to None, run_after=None
[2025-10-03T00:10:55.864+0000] {processor.py:183} INFO - Processing /home/airflow/.local/lib/python3.12/site-packages/airflow/example_dags/example_time_delta_sensor_async.py took 0.169 seconds
[2025-10-03T00:11:27.303+0000] {processor.py:161} INFO - Started process (PID=15598) to work on /home/airflow/.local/lib/python3.12/site-packages/airflow/example_dags/example_time_delta_sensor_async.py
[2025-10-03T00:11:27.307+0000] {processor.py:830} INFO - Processing file /home/airflow/.local/lib/python3.12/site-packages/airflow/example_dags/example_time_delta_sensor_async.py for tasks to queue
[2025-10-03T00:11:27.316+0000] {logging_mixin.py:188} INFO - [2025-10-03T00:11:27.313+0000] {dagbag.py:545} INFO - Filling up the DagBag from /home/airflow/.local/lib/python3.12/site-packages/airflow/example_dags/example_time_delta_sensor_async.py
[2025-10-03T00:11:27.348+0000] {processor.py:840} INFO - DAG(s) 'example_time_delta_sensor_async' retrieved from /home/airflow/.local/lib/python3.12/site-packages/airflow/example_dags/example_time_delta_sensor_async.py
[2025-10-03T00:11:27.472+0000] {logging_mixin.py:188} INFO - [2025-10-03T00:11:27.472+0000] {dag.py:3096} INFO - Sync 1 DAGs
[2025-10-03T00:11:27.536+0000] {logging_mixin.py:188} INFO - [2025-10-03T00:11:27.534+0000] {dag.py:3954} INFO - Setting next_dagrun for example_time_delta_sensor_async to None, run_after=None
[2025-10-03T00:11:27.611+0000] {processor.py:183} INFO - Processing /home/airflow/.local/lib/python3.12/site-packages/airflow/example_dags/example_time_delta_sensor_async.py took 0.353 seconds
[2025-10-03T00:11:58.231+0000] {processor.py:161} INFO - Started process (PID=15652) to work on /home/airflow/.local/lib/python3.12/site-packages/airflow/example_dags/example_time_delta_sensor_async.py
[2025-10-03T00:11:58.233+0000] {processor.py:830} INFO - Processing file /home/airflow/.local/lib/python3.12/site-packages/airflow/example_dags/example_time_delta_sensor_async.py for tasks to queue
[2025-10-03T00:11:58.235+0000] {logging_mixin.py:188} INFO - [2025-10-03T00:11:58.234+0000] {dagbag.py:545} INFO - Filling up the DagBag from /home/airflow/.local/lib/python3.12/site-packages/airflow/example_dags/example_time_delta_sensor_async.py
[2025-10-03T00:11:58.246+0000] {processor.py:840} INFO - DAG(s) 'example_time_delta_sensor_async' retrieved from /home/airflow/.local/lib/python3.12/site-packages/airflow/example_dags/example_time_delta_sensor_async.py
[2025-10-03T00:11:58.293+0000] {logging_mixin.py:188} INFO - [2025-10-03T00:11:58.293+0000] {dag.py:3096} INFO - Sync 1 DAGs
[2025-10-03T00:11:58.322+0000] {logging_mixin.py:188} INFO - [2025-10-03T00:11:58.321+0000] {dag.py:3954} INFO - Setting next_dagrun for example_time_delta_sensor_async to None, run_after=None
[2025-10-03T00:11:58.370+0000] {processor.py:183} INFO - Processing /home/airflow/.local/lib/python3.12/site-packages/airflow/example_dags/example_time_delta_sensor_async.py took 0.154 seconds
[2025-10-03T00:12:29.043+0000] {processor.py:161} INFO - Started process (PID=15705) to work on /home/airflow/.local/lib/python3.12/site-packages/airflow/example_dags/example_time_delta_sensor_async.py
[2025-10-03T00:12:29.051+0000] {processor.py:830} INFO - Processing file /home/airflow/.local/lib/python3.12/site-packages/airflow/example_dags/example_time_delta_sensor_async.py for tasks to queue
[2025-10-03T00:12:29.055+0000] {logging_mixin.py:188} INFO - [2025-10-03T00:12:29.054+0000] {dagbag.py:545} INFO - Filling up the DagBag from /home/airflow/.local/lib/python3.12/site-packages/airflow/example_dags/example_time_delta_sensor_async.py
[2025-10-03T00:12:29.075+0000] {processor.py:840} INFO - DAG(s) 'example_time_delta_sensor_async' retrieved from /home/airflow/.local/lib/python3.12/site-packages/airflow/example_dags/example_time_delta_sensor_async.py
[2025-10-03T00:12:29.145+0000] {logging_mixin.py:188} INFO - [2025-10-03T00:12:29.145+0000] {dag.py:3096} INFO - Sync 1 DAGs
[2025-10-03T00:12:29.225+0000] {logging_mixin.py:188} INFO - [2025-10-03T00:12:29.223+0000] {dag.py:3954} INFO - Setting next_dagrun for example_time_delta_sensor_async to None, run_after=None
[2025-10-03T00:12:29.329+0000] {processor.py:183} INFO - Processing /home/airflow/.local/lib/python3.12/site-packages/airflow/example_dags/example_time_delta_sensor_async.py took 0.315 seconds
[2025-10-03T00:12:59.690+0000] {processor.py:161} INFO - Started process (PID=15758) to work on /home/airflow/.local/lib/python3.12/site-packages/airflow/example_dags/example_time_delta_sensor_async.py
[2025-10-03T00:12:59.693+0000] {processor.py:830} INFO - Processing file /home/airflow/.local/lib/python3.12/site-packages/airflow/example_dags/example_time_delta_sensor_async.py for tasks to queue
[2025-10-03T00:12:59.696+0000] {logging_mixin.py:188} INFO - [2025-10-03T00:12:59.695+0000] {dagbag.py:545} INFO - Filling up the DagBag from /home/airflow/.local/lib/python3.12/site-packages/airflow/example_dags/example_time_delta_sensor_async.py
[2025-10-03T00:12:59.708+0000] {processor.py:840} INFO - DAG(s) 'example_time_delta_sensor_async' retrieved from /home/airflow/.local/lib/python3.12/site-packages/airflow/example_dags/example_time_delta_sensor_async.py
[2025-10-03T00:12:59.756+0000] {logging_mixin.py:188} INFO - [2025-10-03T00:12:59.756+0000] {dag.py:3096} INFO - Sync 1 DAGs
[2025-10-03T00:12:59.784+0000] {logging_mixin.py:188} INFO - [2025-10-03T00:12:59.784+0000] {dag.py:3954} INFO - Setting next_dagrun for example_time_delta_sensor_async to None, run_after=None
[2025-10-03T00:12:59.826+0000] {processor.py:183} INFO - Processing /home/airflow/.local/lib/python3.12/site-packages/airflow/example_dags/example_time_delta_sensor_async.py took 0.158 seconds
[2025-10-03T00:13:30.186+0000] {processor.py:161} INFO - Started process (PID=15811) to work on /home/airflow/.local/lib/python3.12/site-packages/airflow/example_dags/example_time_delta_sensor_async.py
[2025-10-03T00:13:30.188+0000] {processor.py:830} INFO - Processing file /home/airflow/.local/lib/python3.12/site-packages/airflow/example_dags/example_time_delta_sensor_async.py for tasks to queue
[2025-10-03T00:13:30.191+0000] {logging_mixin.py:188} INFO - [2025-10-03T00:13:30.189+0000] {dagbag.py:545} INFO - Filling up the DagBag from /home/airflow/.local/lib/python3.12/site-packages/airflow/example_dags/example_time_delta_sensor_async.py
[2025-10-03T00:13:30.203+0000] {processor.py:840} INFO - DAG(s) 'example_time_delta_sensor_async' retrieved from /home/airflow/.local/lib/python3.12/site-packages/airflow/example_dags/example_time_delta_sensor_async.py
[2025-10-03T00:13:30.256+0000] {logging_mixin.py:188} INFO - [2025-10-03T00:13:30.256+0000] {dag.py:3096} INFO - Sync 1 DAGs
[2025-10-03T00:13:30.291+0000] {logging_mixin.py:188} INFO - [2025-10-03T00:13:30.290+0000] {dag.py:3954} INFO - Setting next_dagrun for example_time_delta_sensor_async to None, run_after=None
[2025-10-03T00:13:30.353+0000] {processor.py:183} INFO - Processing /home/airflow/.local/lib/python3.12/site-packages/airflow/example_dags/example_time_delta_sensor_async.py took 0.181 seconds
[2025-10-03T00:14:00.970+0000] {processor.py:161} INFO - Started process (PID=15864) to work on /home/airflow/.local/lib/python3.12/site-packages/airflow/example_dags/example_time_delta_sensor_async.py
[2025-10-03T00:14:00.977+0000] {processor.py:830} INFO - Processing file /home/airflow/.local/lib/python3.12/site-packages/airflow/example_dags/example_time_delta_sensor_async.py for tasks to queue
[2025-10-03T00:14:00.980+0000] {logging_mixin.py:188} INFO - [2025-10-03T00:14:00.979+0000] {dagbag.py:545} INFO - Filling up the DagBag from /home/airflow/.local/lib/python3.12/site-packages/airflow/example_dags/example_time_delta_sensor_async.py
[2025-10-03T00:14:00.995+0000] {processor.py:840} INFO - DAG(s) 'example_time_delta_sensor_async' retrieved from /home/airflow/.local/lib/python3.12/site-packages/airflow/example_dags/example_time_delta_sensor_async.py
[2025-10-03T00:14:01.069+0000] {logging_mixin.py:188} INFO - [2025-10-03T00:14:01.069+0000] {dag.py:3096} INFO - Sync 1 DAGs
[2025-10-03T00:14:01.115+0000] {logging_mixin.py:188} INFO - [2025-10-03T00:14:01.114+0000] {dag.py:3954} INFO - Setting next_dagrun for example_time_delta_sensor_async to None, run_after=None
[2025-10-03T00:14:01.193+0000] {processor.py:183} INFO - Processing /home/airflow/.local/lib/python3.12/site-packages/airflow/example_dags/example_time_delta_sensor_async.py took 0.253 seconds
[2025-10-03T00:14:32.865+0000] {processor.py:161} INFO - Started process (PID=15917) to work on /home/airflow/.local/lib/python3.12/site-packages/airflow/example_dags/example_time_delta_sensor_async.py
[2025-10-03T00:14:32.904+0000] {processor.py:830} INFO - Processing file /home/airflow/.local/lib/python3.12/site-packages/airflow/example_dags/example_time_delta_sensor_async.py for tasks to queue
[2025-10-03T00:14:32.936+0000] {logging_mixin.py:188} INFO - [2025-10-03T00:14:32.934+0000] {dagbag.py:545} INFO - Filling up the DagBag from /home/airflow/.local/lib/python3.12/site-packages/airflow/example_dags/example_time_delta_sensor_async.py
[2025-10-03T00:14:32.965+0000] {processor.py:840} INFO - DAG(s) 'example_time_delta_sensor_async' retrieved from /home/airflow/.local/lib/python3.12/site-packages/airflow/example_dags/example_time_delta_sensor_async.py
[2025-10-03T00:14:33.061+0000] {logging_mixin.py:188} INFO - [2025-10-03T00:14:33.060+0000] {dag.py:3096} INFO - Sync 1 DAGs
[2025-10-03T00:14:33.163+0000] {logging_mixin.py:188} INFO - [2025-10-03T00:14:33.162+0000] {dag.py:3954} INFO - Setting next_dagrun for example_time_delta_sensor_async to None, run_after=None
[2025-10-03T00:14:33.369+0000] {processor.py:183} INFO - Processing /home/airflow/.local/lib/python3.12/site-packages/airflow/example_dags/example_time_delta_sensor_async.py took 0.566 seconds
[2025-10-03T00:15:03.558+0000] {processor.py:161} INFO - Started process (PID=15970) to work on /home/airflow/.local/lib/python3.12/site-packages/airflow/example_dags/example_time_delta_sensor_async.py
[2025-10-03T00:15:03.561+0000] {processor.py:830} INFO - Processing file /home/airflow/.local/lib/python3.12/site-packages/airflow/example_dags/example_time_delta_sensor_async.py for tasks to queue
[2025-10-03T00:15:03.563+0000] {logging_mixin.py:188} INFO - [2025-10-03T00:15:03.562+0000] {dagbag.py:545} INFO - Filling up the DagBag from /home/airflow/.local/lib/python3.12/site-packages/airflow/example_dags/example_time_delta_sensor_async.py
[2025-10-03T00:15:03.574+0000] {processor.py:840} INFO - DAG(s) 'example_time_delta_sensor_async' retrieved from /home/airflow/.local/lib/python3.12/site-packages/airflow/example_dags/example_time_delta_sensor_async.py
[2025-10-03T00:15:03.619+0000] {logging_mixin.py:188} INFO - [2025-10-03T00:15:03.619+0000] {dag.py:3096} INFO - Sync 1 DAGs
[2025-10-03T00:15:03.646+0000] {logging_mixin.py:188} INFO - [2025-10-03T00:15:03.645+0000] {dag.py:3954} INFO - Setting next_dagrun for example_time_delta_sensor_async to None, run_after=None
[2025-10-03T00:15:03.685+0000] {processor.py:183} INFO - Processing /home/airflow/.local/lib/python3.12/site-packages/airflow/example_dags/example_time_delta_sensor_async.py took 0.147 seconds
[2025-10-03T00:15:34.094+0000] {processor.py:161} INFO - Started process (PID=16023) to work on /home/airflow/.local/lib/python3.12/site-packages/airflow/example_dags/example_time_delta_sensor_async.py
[2025-10-03T00:15:34.096+0000] {processor.py:830} INFO - Processing file /home/airflow/.local/lib/python3.12/site-packages/airflow/example_dags/example_time_delta_sensor_async.py for tasks to queue
[2025-10-03T00:15:34.099+0000] {logging_mixin.py:188} INFO - [2025-10-03T00:15:34.098+0000] {dagbag.py:545} INFO - Filling up the DagBag from /home/airflow/.local/lib/python3.12/site-packages/airflow/example_dags/example_time_delta_sensor_async.py
[2025-10-03T00:15:34.110+0000] {processor.py:840} INFO - DAG(s) 'example_time_delta_sensor_async' retrieved from /home/airflow/.local/lib/python3.12/site-packages/airflow/example_dags/example_time_delta_sensor_async.py
[2025-10-03T00:15:34.171+0000] {logging_mixin.py:188} INFO - [2025-10-03T00:15:34.170+0000] {dag.py:3096} INFO - Sync 1 DAGs
[2025-10-03T00:15:34.205+0000] {logging_mixin.py:188} INFO - [2025-10-03T00:15:34.204+0000] {dag.py:3954} INFO - Setting next_dagrun for example_time_delta_sensor_async to None, run_after=None
[2025-10-03T00:15:34.265+0000] {processor.py:183} INFO - Processing /home/airflow/.local/lib/python3.12/site-packages/airflow/example_dags/example_time_delta_sensor_async.py took 0.191 seconds
[2025-10-03T00:16:04.649+0000] {processor.py:161} INFO - Started process (PID=16076) to work on /home/airflow/.local/lib/python3.12/site-packages/airflow/example_dags/example_time_delta_sensor_async.py
[2025-10-03T00:16:04.652+0000] {processor.py:830} INFO - Processing file /home/airflow/.local/lib/python3.12/site-packages/airflow/example_dags/example_time_delta_sensor_async.py for tasks to queue
[2025-10-03T00:16:04.655+0000] {logging_mixin.py:188} INFO - [2025-10-03T00:16:04.653+0000] {dagbag.py:545} INFO - Filling up the DagBag from /home/airflow/.local/lib/python3.12/site-packages/airflow/example_dags/example_time_delta_sensor_async.py
[2025-10-03T00:16:04.669+0000] {processor.py:840} INFO - DAG(s) 'example_time_delta_sensor_async' retrieved from /home/airflow/.local/lib/python3.12/site-packages/airflow/example_dags/example_time_delta_sensor_async.py
[2025-10-03T00:16:04.727+0000] {logging_mixin.py:188} INFO - [2025-10-03T00:16:04.726+0000] {dag.py:3096} INFO - Sync 1 DAGs
[2025-10-03T00:16:04.760+0000] {logging_mixin.py:188} INFO - [2025-10-03T00:16:04.759+0000] {dag.py:3954} INFO - Setting next_dagrun for example_time_delta_sensor_async to None, run_after=None
[2025-10-03T00:16:04.803+0000] {processor.py:183} INFO - Processing /home/airflow/.local/lib/python3.12/site-packages/airflow/example_dags/example_time_delta_sensor_async.py took 0.178 seconds
[2025-10-03T00:16:35.200+0000] {processor.py:161} INFO - Started process (PID=16129) to work on /home/airflow/.local/lib/python3.12/site-packages/airflow/example_dags/example_time_delta_sensor_async.py
[2025-10-03T00:16:35.203+0000] {processor.py:830} INFO - Processing file /home/airflow/.local/lib/python3.12/site-packages/airflow/example_dags/example_time_delta_sensor_async.py for tasks to queue
[2025-10-03T00:16:35.206+0000] {logging_mixin.py:188} INFO - [2025-10-03T00:16:35.205+0000] {dagbag.py:545} INFO - Filling up the DagBag from /home/airflow/.local/lib/python3.12/site-packages/airflow/example_dags/example_time_delta_sensor_async.py
[2025-10-03T00:16:35.220+0000] {processor.py:840} INFO - DAG(s) 'example_time_delta_sensor_async' retrieved from /home/airflow/.local/lib/python3.12/site-packages/airflow/example_dags/example_time_delta_sensor_async.py
[2025-10-03T00:16:35.282+0000] {logging_mixin.py:188} INFO - [2025-10-03T00:16:35.281+0000] {dag.py:3096} INFO - Sync 1 DAGs
[2025-10-03T00:16:35.317+0000] {logging_mixin.py:188} INFO - [2025-10-03T00:16:35.316+0000] {dag.py:3954} INFO - Setting next_dagrun for example_time_delta_sensor_async to None, run_after=None
[2025-10-03T00:16:35.392+0000] {processor.py:183} INFO - Processing /home/airflow/.local/lib/python3.12/site-packages/airflow/example_dags/example_time_delta_sensor_async.py took 0.207 seconds
[2025-10-03T00:17:06.041+0000] {processor.py:161} INFO - Started process (PID=16182) to work on /home/airflow/.local/lib/python3.12/site-packages/airflow/example_dags/example_time_delta_sensor_async.py
[2025-10-03T00:17:06.044+0000] {processor.py:830} INFO - Processing file /home/airflow/.local/lib/python3.12/site-packages/airflow/example_dags/example_time_delta_sensor_async.py for tasks to queue
[2025-10-03T00:17:06.046+0000] {logging_mixin.py:188} INFO - [2025-10-03T00:17:06.045+0000] {dagbag.py:545} INFO - Filling up the DagBag from /home/airflow/.local/lib/python3.12/site-packages/airflow/example_dags/example_time_delta_sensor_async.py
[2025-10-03T00:17:06.058+0000] {processor.py:840} INFO - DAG(s) 'example_time_delta_sensor_async' retrieved from /home/airflow/.local/lib/python3.12/site-packages/airflow/example_dags/example_time_delta_sensor_async.py
[2025-10-03T00:17:06.233+0000] {logging_mixin.py:188} INFO - [2025-10-03T00:17:06.232+0000] {dag.py:3096} INFO - Sync 1 DAGs
[2025-10-03T00:17:06.355+0000] {logging_mixin.py:188} INFO - [2025-10-03T00:17:06.354+0000] {dag.py:3954} INFO - Setting next_dagrun for example_time_delta_sensor_async to None, run_after=None
[2025-10-03T00:17:06.423+0000] {processor.py:183} INFO - Processing /home/airflow/.local/lib/python3.12/site-packages/airflow/example_dags/example_time_delta_sensor_async.py took 0.396 seconds
[2025-10-03T00:17:36.644+0000] {processor.py:161} INFO - Started process (PID=16235) to work on /home/airflow/.local/lib/python3.12/site-packages/airflow/example_dags/example_time_delta_sensor_async.py
[2025-10-03T00:17:36.647+0000] {processor.py:830} INFO - Processing file /home/airflow/.local/lib/python3.12/site-packages/airflow/example_dags/example_time_delta_sensor_async.py for tasks to queue
[2025-10-03T00:17:36.650+0000] {logging_mixin.py:188} INFO - [2025-10-03T00:17:36.649+0000] {dagbag.py:545} INFO - Filling up the DagBag from /home/airflow/.local/lib/python3.12/site-packages/airflow/example_dags/example_time_delta_sensor_async.py
[2025-10-03T00:17:36.665+0000] {processor.py:840} INFO - DAG(s) 'example_time_delta_sensor_async' retrieved from /home/airflow/.local/lib/python3.12/site-packages/airflow/example_dags/example_time_delta_sensor_async.py
[2025-10-03T00:17:36.738+0000] {logging_mixin.py:188} INFO - [2025-10-03T00:17:36.738+0000] {dag.py:3096} INFO - Sync 1 DAGs
[2025-10-03T00:17:36.773+0000] {logging_mixin.py:188} INFO - [2025-10-03T00:17:36.772+0000] {dag.py:3954} INFO - Setting next_dagrun for example_time_delta_sensor_async to None, run_after=None
[2025-10-03T00:17:36.812+0000] {processor.py:183} INFO - Processing /home/airflow/.local/lib/python3.12/site-packages/airflow/example_dags/example_time_delta_sensor_async.py took 0.189 seconds
[2025-10-03T00:18:07.154+0000] {processor.py:161} INFO - Started process (PID=16288) to work on /home/airflow/.local/lib/python3.12/site-packages/airflow/example_dags/example_time_delta_sensor_async.py
[2025-10-03T00:18:07.157+0000] {processor.py:830} INFO - Processing file /home/airflow/.local/lib/python3.12/site-packages/airflow/example_dags/example_time_delta_sensor_async.py for tasks to queue
[2025-10-03T00:18:07.159+0000] {logging_mixin.py:188} INFO - [2025-10-03T00:18:07.158+0000] {dagbag.py:545} INFO - Filling up the DagBag from /home/airflow/.local/lib/python3.12/site-packages/airflow/example_dags/example_time_delta_sensor_async.py
[2025-10-03T00:18:07.170+0000] {processor.py:840} INFO - DAG(s) 'example_time_delta_sensor_async' retrieved from /home/airflow/.local/lib/python3.12/site-packages/airflow/example_dags/example_time_delta_sensor_async.py
[2025-10-03T00:18:07.214+0000] {logging_mixin.py:188} INFO - [2025-10-03T00:18:07.214+0000] {dag.py:3096} INFO - Sync 1 DAGs
[2025-10-03T00:18:07.246+0000] {logging_mixin.py:188} INFO - [2025-10-03T00:18:07.246+0000] {dag.py:3954} INFO - Setting next_dagrun for example_time_delta_sensor_async to None, run_after=None
[2025-10-03T00:18:07.295+0000] {processor.py:183} INFO - Processing /home/airflow/.local/lib/python3.12/site-packages/airflow/example_dags/example_time_delta_sensor_async.py took 0.159 seconds
[2025-10-03T00:18:37.744+0000] {processor.py:161} INFO - Started process (PID=16341) to work on /home/airflow/.local/lib/python3.12/site-packages/airflow/example_dags/example_time_delta_sensor_async.py
[2025-10-03T00:18:37.746+0000] {processor.py:830} INFO - Processing file /home/airflow/.local/lib/python3.12/site-packages/airflow/example_dags/example_time_delta_sensor_async.py for tasks to queue
[2025-10-03T00:18:37.748+0000] {logging_mixin.py:188} INFO - [2025-10-03T00:18:37.747+0000] {dagbag.py:545} INFO - Filling up the DagBag from /home/airflow/.local/lib/python3.12/site-packages/airflow/example_dags/example_time_delta_sensor_async.py
[2025-10-03T00:18:37.759+0000] {processor.py:840} INFO - DAG(s) 'example_time_delta_sensor_async' retrieved from /home/airflow/.local/lib/python3.12/site-packages/airflow/example_dags/example_time_delta_sensor_async.py
[2025-10-03T00:18:37.808+0000] {logging_mixin.py:188} INFO - [2025-10-03T00:18:37.808+0000] {dag.py:3096} INFO - Sync 1 DAGs
[2025-10-03T00:18:37.837+0000] {logging_mixin.py:188} INFO - [2025-10-03T00:18:37.837+0000] {dag.py:3954} INFO - Setting next_dagrun for example_time_delta_sensor_async to None, run_after=None
[2025-10-03T00:18:37.877+0000] {processor.py:183} INFO - Processing /home/airflow/.local/lib/python3.12/site-packages/airflow/example_dags/example_time_delta_sensor_async.py took 0.148 seconds
[2025-10-03T00:19:08.608+0000] {processor.py:161} INFO - Started process (PID=16394) to work on /home/airflow/.local/lib/python3.12/site-packages/airflow/example_dags/example_time_delta_sensor_async.py
[2025-10-03T00:19:08.611+0000] {processor.py:830} INFO - Processing file /home/airflow/.local/lib/python3.12/site-packages/airflow/example_dags/example_time_delta_sensor_async.py for tasks to queue
[2025-10-03T00:19:08.614+0000] {logging_mixin.py:188} INFO - [2025-10-03T00:19:08.613+0000] {dagbag.py:545} INFO - Filling up the DagBag from /home/airflow/.local/lib/python3.12/site-packages/airflow/example_dags/example_time_delta_sensor_async.py
[2025-10-03T00:19:08.625+0000] {processor.py:840} INFO - DAG(s) 'example_time_delta_sensor_async' retrieved from /home/airflow/.local/lib/python3.12/site-packages/airflow/example_dags/example_time_delta_sensor_async.py
[2025-10-03T00:19:08.676+0000] {logging_mixin.py:188} INFO - [2025-10-03T00:19:08.675+0000] {dag.py:3096} INFO - Sync 1 DAGs
[2025-10-03T00:19:08.706+0000] {logging_mixin.py:188} INFO - [2025-10-03T00:19:08.705+0000] {dag.py:3954} INFO - Setting next_dagrun for example_time_delta_sensor_async to None, run_after=None
[2025-10-03T00:19:08.748+0000] {processor.py:183} INFO - Processing /home/airflow/.local/lib/python3.12/site-packages/airflow/example_dags/example_time_delta_sensor_async.py took 0.155 seconds
[2025-10-03T00:19:39.544+0000] {processor.py:161} INFO - Started process (PID=16447) to work on /home/airflow/.local/lib/python3.12/site-packages/airflow/example_dags/example_time_delta_sensor_async.py
[2025-10-03T00:19:39.547+0000] {processor.py:830} INFO - Processing file /home/airflow/.local/lib/python3.12/site-packages/airflow/example_dags/example_time_delta_sensor_async.py for tasks to queue
[2025-10-03T00:19:39.550+0000] {logging_mixin.py:188} INFO - [2025-10-03T00:19:39.549+0000] {dagbag.py:545} INFO - Filling up the DagBag from /home/airflow/.local/lib/python3.12/site-packages/airflow/example_dags/example_time_delta_sensor_async.py
[2025-10-03T00:19:39.561+0000] {processor.py:840} INFO - DAG(s) 'example_time_delta_sensor_async' retrieved from /home/airflow/.local/lib/python3.12/site-packages/airflow/example_dags/example_time_delta_sensor_async.py
[2025-10-03T00:19:39.615+0000] {logging_mixin.py:188} INFO - [2025-10-03T00:19:39.614+0000] {dag.py:3096} INFO - Sync 1 DAGs
[2025-10-03T00:19:39.643+0000] {logging_mixin.py:188} INFO - [2025-10-03T00:19:39.643+0000] {dag.py:3954} INFO - Setting next_dagrun for example_time_delta_sensor_async to None, run_after=None
[2025-10-03T00:19:39.687+0000] {processor.py:183} INFO - Processing /home/airflow/.local/lib/python3.12/site-packages/airflow/example_dags/example_time_delta_sensor_async.py took 0.159 seconds
[2025-10-03T00:20:10.340+0000] {processor.py:161} INFO - Started process (PID=16500) to work on /home/airflow/.local/lib/python3.12/site-packages/airflow/example_dags/example_time_delta_sensor_async.py
[2025-10-03T00:20:10.343+0000] {processor.py:830} INFO - Processing file /home/airflow/.local/lib/python3.12/site-packages/airflow/example_dags/example_time_delta_sensor_async.py for tasks to queue
[2025-10-03T00:20:10.345+0000] {logging_mixin.py:188} INFO - [2025-10-03T00:20:10.344+0000] {dagbag.py:545} INFO - Filling up the DagBag from /home/airflow/.local/lib/python3.12/site-packages/airflow/example_dags/example_time_delta_sensor_async.py
[2025-10-03T00:20:10.355+0000] {processor.py:840} INFO - DAG(s) 'example_time_delta_sensor_async' retrieved from /home/airflow/.local/lib/python3.12/site-packages/airflow/example_dags/example_time_delta_sensor_async.py
[2025-10-03T00:20:10.416+0000] {logging_mixin.py:188} INFO - [2025-10-03T00:20:10.416+0000] {dag.py:3096} INFO - Sync 1 DAGs
[2025-10-03T00:20:10.458+0000] {logging_mixin.py:188} INFO - [2025-10-03T00:20:10.457+0000] {dag.py:3954} INFO - Setting next_dagrun for example_time_delta_sensor_async to None, run_after=None
[2025-10-03T00:20:10.505+0000] {processor.py:183} INFO - Processing /home/airflow/.local/lib/python3.12/site-packages/airflow/example_dags/example_time_delta_sensor_async.py took 0.180 seconds
[2025-10-03T00:20:40.821+0000] {processor.py:161} INFO - Started process (PID=16553) to work on /home/airflow/.local/lib/python3.12/site-packages/airflow/example_dags/example_time_delta_sensor_async.py
[2025-10-03T00:20:40.823+0000] {processor.py:830} INFO - Processing file /home/airflow/.local/lib/python3.12/site-packages/airflow/example_dags/example_time_delta_sensor_async.py for tasks to queue
[2025-10-03T00:20:40.826+0000] {logging_mixin.py:188} INFO - [2025-10-03T00:20:40.825+0000] {dagbag.py:545} INFO - Filling up the DagBag from /home/airflow/.local/lib/python3.12/site-packages/airflow/example_dags/example_time_delta_sensor_async.py
[2025-10-03T00:20:40.837+0000] {processor.py:840} INFO - DAG(s) 'example_time_delta_sensor_async' retrieved from /home/airflow/.local/lib/python3.12/site-packages/airflow/example_dags/example_time_delta_sensor_async.py
[2025-10-03T00:20:40.892+0000] {logging_mixin.py:188} INFO - [2025-10-03T00:20:40.891+0000] {dag.py:3096} INFO - Sync 1 DAGs
[2025-10-03T00:20:40.927+0000] {logging_mixin.py:188} INFO - [2025-10-03T00:20:40.926+0000] {dag.py:3954} INFO - Setting next_dagrun for example_time_delta_sensor_async to None, run_after=None
[2025-10-03T00:20:40.985+0000] {processor.py:183} INFO - Processing /home/airflow/.local/lib/python3.12/site-packages/airflow/example_dags/example_time_delta_sensor_async.py took 0.183 seconds
