[2025-10-03T00:00:11.709+0000] {processor.py:161} INFO - Started process (PID=14436) to work on /home/airflow/.local/lib/python3.12/site-packages/airflow/example_dags/example_latest_only_with_trigger.py
[2025-10-03T00:00:11.713+0000] {processor.py:830} INFO - Processing file /home/airflow/.local/lib/python3.12/site-packages/airflow/example_dags/example_latest_only_with_trigger.py for tasks to queue
[2025-10-03T00:00:11.716+0000] {logging_mixin.py:188} INFO - [2025-10-03T00:00:11.715+0000] {dagbag.py:545} INFO - Filling up the DagBag from /home/airflow/.local/lib/python3.12/site-packages/airflow/example_dags/example_latest_only_with_trigger.py
[2025-10-03T00:00:11.740+0000] {processor.py:840} INFO - DAG(s) 'latest_only_with_trigger' retrieved from /home/airflow/.local/lib/python3.12/site-packages/airflow/example_dags/example_latest_only_with_trigger.py
[2025-10-03T00:00:11.816+0000] {logging_mixin.py:188} INFO - [2025-10-03T00:00:11.815+0000] {dag.py:3096} INFO - Sync 1 DAGs
[2025-10-03T00:00:11.898+0000] {logging_mixin.py:188} INFO - [2025-10-03T00:00:11.898+0000] {dag.py:3954} INFO - Setting next_dagrun for latest_only_with_trigger to 2025-10-02 20:00:00+00:00, run_after=2025-10-03 00:00:00+00:00
[2025-10-03T00:00:11.950+0000] {processor.py:183} INFO - Processing /home/airflow/.local/lib/python3.12/site-packages/airflow/example_dags/example_latest_only_with_trigger.py took 0.266 seconds
[2025-10-03T00:00:42.100+0000] {processor.py:161} INFO - Started process (PID=14489) to work on /home/airflow/.local/lib/python3.12/site-packages/airflow/example_dags/example_latest_only_with_trigger.py
[2025-10-03T00:00:42.102+0000] {processor.py:830} INFO - Processing file /home/airflow/.local/lib/python3.12/site-packages/airflow/example_dags/example_latest_only_with_trigger.py for tasks to queue
[2025-10-03T00:00:42.105+0000] {logging_mixin.py:188} INFO - [2025-10-03T00:00:42.104+0000] {dagbag.py:545} INFO - Filling up the DagBag from /home/airflow/.local/lib/python3.12/site-packages/airflow/example_dags/example_latest_only_with_trigger.py
[2025-10-03T00:00:42.120+0000] {processor.py:840} INFO - DAG(s) 'latest_only_with_trigger' retrieved from /home/airflow/.local/lib/python3.12/site-packages/airflow/example_dags/example_latest_only_with_trigger.py
[2025-10-03T00:00:42.170+0000] {logging_mixin.py:188} INFO - [2025-10-03T00:00:42.169+0000] {dag.py:3096} INFO - Sync 1 DAGs
[2025-10-03T00:00:42.219+0000] {logging_mixin.py:188} INFO - [2025-10-03T00:00:42.219+0000] {dag.py:3954} INFO - Setting next_dagrun for latest_only_with_trigger to 2025-10-02 20:00:00+00:00, run_after=2025-10-03 00:00:00+00:00
[2025-10-03T00:00:42.261+0000] {processor.py:183} INFO - Processing /home/airflow/.local/lib/python3.12/site-packages/airflow/example_dags/example_latest_only_with_trigger.py took 0.175 seconds
[2025-10-03T00:01:13.107+0000] {processor.py:161} INFO - Started process (PID=14542) to work on /home/airflow/.local/lib/python3.12/site-packages/airflow/example_dags/example_latest_only_with_trigger.py
[2025-10-03T00:01:13.110+0000] {processor.py:830} INFO - Processing file /home/airflow/.local/lib/python3.12/site-packages/airflow/example_dags/example_latest_only_with_trigger.py for tasks to queue
[2025-10-03T00:01:13.113+0000] {logging_mixin.py:188} INFO - [2025-10-03T00:01:13.112+0000] {dagbag.py:545} INFO - Filling up the DagBag from /home/airflow/.local/lib/python3.12/site-packages/airflow/example_dags/example_latest_only_with_trigger.py
[2025-10-03T00:01:13.134+0000] {processor.py:840} INFO - DAG(s) 'latest_only_with_trigger' retrieved from /home/airflow/.local/lib/python3.12/site-packages/airflow/example_dags/example_latest_only_with_trigger.py
[2025-10-03T00:01:13.204+0000] {logging_mixin.py:188} INFO - [2025-10-03T00:01:13.203+0000] {dag.py:3096} INFO - Sync 1 DAGs
[2025-10-03T00:01:13.254+0000] {logging_mixin.py:188} INFO - [2025-10-03T00:01:13.254+0000] {dag.py:3954} INFO - Setting next_dagrun for latest_only_with_trigger to 2025-10-02 20:00:00+00:00, run_after=2025-10-03 00:00:00+00:00
[2025-10-03T00:01:13.299+0000] {processor.py:183} INFO - Processing /home/airflow/.local/lib/python3.12/site-packages/airflow/example_dags/example_latest_only_with_trigger.py took 0.214 seconds
[2025-10-03T00:01:43.424+0000] {processor.py:161} INFO - Started process (PID=14595) to work on /home/airflow/.local/lib/python3.12/site-packages/airflow/example_dags/example_latest_only_with_trigger.py
[2025-10-03T00:01:43.427+0000] {processor.py:830} INFO - Processing file /home/airflow/.local/lib/python3.12/site-packages/airflow/example_dags/example_latest_only_with_trigger.py for tasks to queue
[2025-10-03T00:01:43.429+0000] {logging_mixin.py:188} INFO - [2025-10-03T00:01:43.429+0000] {dagbag.py:545} INFO - Filling up the DagBag from /home/airflow/.local/lib/python3.12/site-packages/airflow/example_dags/example_latest_only_with_trigger.py
[2025-10-03T00:01:43.445+0000] {processor.py:840} INFO - DAG(s) 'latest_only_with_trigger' retrieved from /home/airflow/.local/lib/python3.12/site-packages/airflow/example_dags/example_latest_only_with_trigger.py
[2025-10-03T00:01:43.494+0000] {logging_mixin.py:188} INFO - [2025-10-03T00:01:43.493+0000] {dag.py:3096} INFO - Sync 1 DAGs
[2025-10-03T00:01:43.539+0000] {logging_mixin.py:188} INFO - [2025-10-03T00:01:43.539+0000] {dag.py:3954} INFO - Setting next_dagrun for latest_only_with_trigger to 2025-10-02 20:00:00+00:00, run_after=2025-10-03 00:00:00+00:00
[2025-10-03T00:01:43.590+0000] {processor.py:183} INFO - Processing /home/airflow/.local/lib/python3.12/site-packages/airflow/example_dags/example_latest_only_with_trigger.py took 0.179 seconds
[2025-10-03T00:02:14.239+0000] {processor.py:161} INFO - Started process (PID=14648) to work on /home/airflow/.local/lib/python3.12/site-packages/airflow/example_dags/example_latest_only_with_trigger.py
[2025-10-03T00:02:14.241+0000] {processor.py:830} INFO - Processing file /home/airflow/.local/lib/python3.12/site-packages/airflow/example_dags/example_latest_only_with_trigger.py for tasks to queue
[2025-10-03T00:02:14.244+0000] {logging_mixin.py:188} INFO - [2025-10-03T00:02:14.243+0000] {dagbag.py:545} INFO - Filling up the DagBag from /home/airflow/.local/lib/python3.12/site-packages/airflow/example_dags/example_latest_only_with_trigger.py
[2025-10-03T00:02:14.267+0000] {processor.py:840} INFO - DAG(s) 'latest_only_with_trigger' retrieved from /home/airflow/.local/lib/python3.12/site-packages/airflow/example_dags/example_latest_only_with_trigger.py
[2025-10-03T00:02:14.326+0000] {logging_mixin.py:188} INFO - [2025-10-03T00:02:14.326+0000] {dag.py:3096} INFO - Sync 1 DAGs
[2025-10-03T00:02:14.392+0000] {logging_mixin.py:188} INFO - [2025-10-03T00:02:14.392+0000] {dag.py:3954} INFO - Setting next_dagrun for latest_only_with_trigger to 2025-10-02 20:00:00+00:00, run_after=2025-10-03 00:00:00+00:00
[2025-10-03T00:02:14.439+0000] {processor.py:183} INFO - Processing /home/airflow/.local/lib/python3.12/site-packages/airflow/example_dags/example_latest_only_with_trigger.py took 0.222 seconds
[2025-10-03T00:02:44.771+0000] {processor.py:161} INFO - Started process (PID=14701) to work on /home/airflow/.local/lib/python3.12/site-packages/airflow/example_dags/example_latest_only_with_trigger.py
[2025-10-03T00:02:44.775+0000] {processor.py:830} INFO - Processing file /home/airflow/.local/lib/python3.12/site-packages/airflow/example_dags/example_latest_only_with_trigger.py for tasks to queue
[2025-10-03T00:02:44.777+0000] {logging_mixin.py:188} INFO - [2025-10-03T00:02:44.777+0000] {dagbag.py:545} INFO - Filling up the DagBag from /home/airflow/.local/lib/python3.12/site-packages/airflow/example_dags/example_latest_only_with_trigger.py
[2025-10-03T00:02:44.795+0000] {processor.py:840} INFO - DAG(s) 'latest_only_with_trigger' retrieved from /home/airflow/.local/lib/python3.12/site-packages/airflow/example_dags/example_latest_only_with_trigger.py
[2025-10-03T00:02:44.848+0000] {logging_mixin.py:188} INFO - [2025-10-03T00:02:44.847+0000] {dag.py:3096} INFO - Sync 1 DAGs
[2025-10-03T00:02:44.911+0000] {logging_mixin.py:188} INFO - [2025-10-03T00:02:44.911+0000] {dag.py:3954} INFO - Setting next_dagrun for latest_only_with_trigger to 2025-10-02 20:00:00+00:00, run_after=2025-10-03 00:00:00+00:00
[2025-10-03T00:02:44.962+0000] {processor.py:183} INFO - Processing /home/airflow/.local/lib/python3.12/site-packages/airflow/example_dags/example_latest_only_with_trigger.py took 0.211 seconds
[2025-10-03T00:03:15.527+0000] {processor.py:161} INFO - Started process (PID=14754) to work on /home/airflow/.local/lib/python3.12/site-packages/airflow/example_dags/example_latest_only_with_trigger.py
[2025-10-03T00:03:15.530+0000] {processor.py:830} INFO - Processing file /home/airflow/.local/lib/python3.12/site-packages/airflow/example_dags/example_latest_only_with_trigger.py for tasks to queue
[2025-10-03T00:03:15.533+0000] {logging_mixin.py:188} INFO - [2025-10-03T00:03:15.532+0000] {dagbag.py:545} INFO - Filling up the DagBag from /home/airflow/.local/lib/python3.12/site-packages/airflow/example_dags/example_latest_only_with_trigger.py
[2025-10-03T00:03:15.558+0000] {processor.py:840} INFO - DAG(s) 'latest_only_with_trigger' retrieved from /home/airflow/.local/lib/python3.12/site-packages/airflow/example_dags/example_latest_only_with_trigger.py
[2025-10-03T00:03:15.625+0000] {logging_mixin.py:188} INFO - [2025-10-03T00:03:15.625+0000] {dag.py:3096} INFO - Sync 1 DAGs
[2025-10-03T00:03:15.672+0000] {logging_mixin.py:188} INFO - [2025-10-03T00:03:15.671+0000] {dag.py:3954} INFO - Setting next_dagrun for latest_only_with_trigger to 2025-10-02 20:00:00+00:00, run_after=2025-10-03 00:00:00+00:00
[2025-10-03T00:03:15.720+0000] {processor.py:183} INFO - Processing /home/airflow/.local/lib/python3.12/site-packages/airflow/example_dags/example_latest_only_with_trigger.py took 0.214 seconds
[2025-10-03T00:03:45.830+0000] {processor.py:161} INFO - Started process (PID=14806) to work on /home/airflow/.local/lib/python3.12/site-packages/airflow/example_dags/example_latest_only_with_trigger.py
[2025-10-03T00:03:45.833+0000] {processor.py:830} INFO - Processing file /home/airflow/.local/lib/python3.12/site-packages/airflow/example_dags/example_latest_only_with_trigger.py for tasks to queue
[2025-10-03T00:03:45.837+0000] {logging_mixin.py:188} INFO - [2025-10-03T00:03:45.836+0000] {dagbag.py:545} INFO - Filling up the DagBag from /home/airflow/.local/lib/python3.12/site-packages/airflow/example_dags/example_latest_only_with_trigger.py
[2025-10-03T00:03:45.856+0000] {processor.py:840} INFO - DAG(s) 'latest_only_with_trigger' retrieved from /home/airflow/.local/lib/python3.12/site-packages/airflow/example_dags/example_latest_only_with_trigger.py
[2025-10-03T00:03:45.923+0000] {logging_mixin.py:188} INFO - [2025-10-03T00:03:45.922+0000] {dag.py:3096} INFO - Sync 1 DAGs
[2025-10-03T00:03:45.986+0000] {logging_mixin.py:188} INFO - [2025-10-03T00:03:45.986+0000] {dag.py:3954} INFO - Setting next_dagrun for latest_only_with_trigger to 2025-10-02 20:00:00+00:00, run_after=2025-10-03 00:00:00+00:00
[2025-10-03T00:03:46.050+0000] {processor.py:183} INFO - Processing /home/airflow/.local/lib/python3.12/site-packages/airflow/example_dags/example_latest_only_with_trigger.py took 0.241 seconds
[2025-10-03T00:04:16.712+0000] {processor.py:161} INFO - Started process (PID=14860) to work on /home/airflow/.local/lib/python3.12/site-packages/airflow/example_dags/example_latest_only_with_trigger.py
[2025-10-03T00:04:16.716+0000] {processor.py:830} INFO - Processing file /home/airflow/.local/lib/python3.12/site-packages/airflow/example_dags/example_latest_only_with_trigger.py for tasks to queue
[2025-10-03T00:04:16.720+0000] {logging_mixin.py:188} INFO - [2025-10-03T00:04:16.718+0000] {dagbag.py:545} INFO - Filling up the DagBag from /home/airflow/.local/lib/python3.12/site-packages/airflow/example_dags/example_latest_only_with_trigger.py
[2025-10-03T00:04:16.738+0000] {processor.py:840} INFO - DAG(s) 'latest_only_with_trigger' retrieved from /home/airflow/.local/lib/python3.12/site-packages/airflow/example_dags/example_latest_only_with_trigger.py
[2025-10-03T00:04:16.798+0000] {logging_mixin.py:188} INFO - [2025-10-03T00:04:16.797+0000] {dag.py:3096} INFO - Sync 1 DAGs
[2025-10-03T00:04:16.854+0000] {logging_mixin.py:188} INFO - [2025-10-03T00:04:16.854+0000] {dag.py:3954} INFO - Setting next_dagrun for latest_only_with_trigger to 2025-10-02 20:00:00+00:00, run_after=2025-10-03 00:00:00+00:00
[2025-10-03T00:04:16.905+0000] {processor.py:183} INFO - Processing /home/airflow/.local/lib/python3.12/site-packages/airflow/example_dags/example_latest_only_with_trigger.py took 0.212 seconds
[2025-10-03T00:04:47.220+0000] {processor.py:161} INFO - Started process (PID=14913) to work on /home/airflow/.local/lib/python3.12/site-packages/airflow/example_dags/example_latest_only_with_trigger.py
[2025-10-03T00:04:47.223+0000] {processor.py:830} INFO - Processing file /home/airflow/.local/lib/python3.12/site-packages/airflow/example_dags/example_latest_only_with_trigger.py for tasks to queue
[2025-10-03T00:04:47.225+0000] {logging_mixin.py:188} INFO - [2025-10-03T00:04:47.224+0000] {dagbag.py:545} INFO - Filling up the DagBag from /home/airflow/.local/lib/python3.12/site-packages/airflow/example_dags/example_latest_only_with_trigger.py
[2025-10-03T00:04:47.240+0000] {processor.py:840} INFO - DAG(s) 'latest_only_with_trigger' retrieved from /home/airflow/.local/lib/python3.12/site-packages/airflow/example_dags/example_latest_only_with_trigger.py
[2025-10-03T00:04:47.297+0000] {logging_mixin.py:188} INFO - [2025-10-03T00:04:47.297+0000] {dag.py:3096} INFO - Sync 1 DAGs
[2025-10-03T00:04:47.346+0000] {logging_mixin.py:188} INFO - [2025-10-03T00:04:47.345+0000] {dag.py:3954} INFO - Setting next_dagrun for latest_only_with_trigger to 2025-10-02 20:00:00+00:00, run_after=2025-10-03 00:00:00+00:00
[2025-10-03T00:04:47.388+0000] {processor.py:183} INFO - Processing /home/airflow/.local/lib/python3.12/site-packages/airflow/example_dags/example_latest_only_with_trigger.py took 0.185 seconds
[2025-10-03T00:05:17.893+0000] {processor.py:161} INFO - Started process (PID=14966) to work on /home/airflow/.local/lib/python3.12/site-packages/airflow/example_dags/example_latest_only_with_trigger.py
[2025-10-03T00:05:17.895+0000] {processor.py:830} INFO - Processing file /home/airflow/.local/lib/python3.12/site-packages/airflow/example_dags/example_latest_only_with_trigger.py for tasks to queue
[2025-10-03T00:05:17.897+0000] {logging_mixin.py:188} INFO - [2025-10-03T00:05:17.896+0000] {dagbag.py:545} INFO - Filling up the DagBag from /home/airflow/.local/lib/python3.12/site-packages/airflow/example_dags/example_latest_only_with_trigger.py
[2025-10-03T00:05:17.916+0000] {processor.py:840} INFO - DAG(s) 'latest_only_with_trigger' retrieved from /home/airflow/.local/lib/python3.12/site-packages/airflow/example_dags/example_latest_only_with_trigger.py
[2025-10-03T00:05:17.964+0000] {logging_mixin.py:188} INFO - [2025-10-03T00:05:17.964+0000] {dag.py:3096} INFO - Sync 1 DAGs
[2025-10-03T00:05:18.013+0000] {logging_mixin.py:188} INFO - [2025-10-03T00:05:18.013+0000] {dag.py:3954} INFO - Setting next_dagrun for latest_only_with_trigger to 2025-10-02 20:00:00+00:00, run_after=2025-10-03 00:00:00+00:00
[2025-10-03T00:05:18.068+0000] {processor.py:183} INFO - Processing /home/airflow/.local/lib/python3.12/site-packages/airflow/example_dags/example_latest_only_with_trigger.py took 0.190 seconds
[2025-10-03T00:05:48.451+0000] {processor.py:161} INFO - Started process (PID=15019) to work on /home/airflow/.local/lib/python3.12/site-packages/airflow/example_dags/example_latest_only_with_trigger.py
[2025-10-03T00:05:48.454+0000] {processor.py:830} INFO - Processing file /home/airflow/.local/lib/python3.12/site-packages/airflow/example_dags/example_latest_only_with_trigger.py for tasks to queue
[2025-10-03T00:05:48.456+0000] {logging_mixin.py:188} INFO - [2025-10-03T00:05:48.456+0000] {dagbag.py:545} INFO - Filling up the DagBag from /home/airflow/.local/lib/python3.12/site-packages/airflow/example_dags/example_latest_only_with_trigger.py
[2025-10-03T00:05:48.474+0000] {processor.py:840} INFO - DAG(s) 'latest_only_with_trigger' retrieved from /home/airflow/.local/lib/python3.12/site-packages/airflow/example_dags/example_latest_only_with_trigger.py
[2025-10-03T00:05:48.526+0000] {logging_mixin.py:188} INFO - [2025-10-03T00:05:48.525+0000] {dag.py:3096} INFO - Sync 1 DAGs
[2025-10-03T00:05:48.570+0000] {logging_mixin.py:188} INFO - [2025-10-03T00:05:48.569+0000] {dag.py:3954} INFO - Setting next_dagrun for latest_only_with_trigger to 2025-10-02 20:00:00+00:00, run_after=2025-10-03 00:00:00+00:00
[2025-10-03T00:05:48.609+0000] {processor.py:183} INFO - Processing /home/airflow/.local/lib/python3.12/site-packages/airflow/example_dags/example_latest_only_with_trigger.py took 0.174 seconds
[2025-10-03T00:06:18.979+0000] {processor.py:161} INFO - Started process (PID=15072) to work on /home/airflow/.local/lib/python3.12/site-packages/airflow/example_dags/example_latest_only_with_trigger.py
[2025-10-03T00:06:18.986+0000] {processor.py:830} INFO - Processing file /home/airflow/.local/lib/python3.12/site-packages/airflow/example_dags/example_latest_only_with_trigger.py for tasks to queue
[2025-10-03T00:06:18.994+0000] {logging_mixin.py:188} INFO - [2025-10-03T00:06:18.992+0000] {dagbag.py:545} INFO - Filling up the DagBag from /home/airflow/.local/lib/python3.12/site-packages/airflow/example_dags/example_latest_only_with_trigger.py
[2025-10-03T00:06:19.036+0000] {processor.py:840} INFO - DAG(s) 'latest_only_with_trigger' retrieved from /home/airflow/.local/lib/python3.12/site-packages/airflow/example_dags/example_latest_only_with_trigger.py
[2025-10-03T00:06:19.133+0000] {logging_mixin.py:188} INFO - [2025-10-03T00:06:19.127+0000] {dag.py:3096} INFO - Sync 1 DAGs
[2025-10-03T00:06:19.233+0000] {logging_mixin.py:188} INFO - [2025-10-03T00:06:19.232+0000] {dag.py:3954} INFO - Setting next_dagrun for latest_only_with_trigger to 2025-10-02 20:00:00+00:00, run_after=2025-10-03 00:00:00+00:00
[2025-10-03T00:06:19.291+0000] {processor.py:183} INFO - Processing /home/airflow/.local/lib/python3.12/site-packages/airflow/example_dags/example_latest_only_with_trigger.py took 0.349 seconds
[2025-10-03T00:06:50.475+0000] {processor.py:161} INFO - Started process (PID=15125) to work on /home/airflow/.local/lib/python3.12/site-packages/airflow/example_dags/example_latest_only_with_trigger.py
[2025-10-03T00:06:50.477+0000] {processor.py:830} INFO - Processing file /home/airflow/.local/lib/python3.12/site-packages/airflow/example_dags/example_latest_only_with_trigger.py for tasks to queue
[2025-10-03T00:06:50.480+0000] {logging_mixin.py:188} INFO - [2025-10-03T00:06:50.479+0000] {dagbag.py:545} INFO - Filling up the DagBag from /home/airflow/.local/lib/python3.12/site-packages/airflow/example_dags/example_latest_only_with_trigger.py
[2025-10-03T00:06:50.494+0000] {processor.py:840} INFO - DAG(s) 'latest_only_with_trigger' retrieved from /home/airflow/.local/lib/python3.12/site-packages/airflow/example_dags/example_latest_only_with_trigger.py
[2025-10-03T00:06:50.544+0000] {logging_mixin.py:188} INFO - [2025-10-03T00:06:50.543+0000] {dag.py:3096} INFO - Sync 1 DAGs
[2025-10-03T00:06:50.598+0000] {logging_mixin.py:188} INFO - [2025-10-03T00:06:50.598+0000] {dag.py:3954} INFO - Setting next_dagrun for latest_only_with_trigger to 2025-10-02 20:00:00+00:00, run_after=2025-10-03 00:00:00+00:00
[2025-10-03T00:06:50.650+0000] {processor.py:183} INFO - Processing /home/airflow/.local/lib/python3.12/site-packages/airflow/example_dags/example_latest_only_with_trigger.py took 0.191 seconds
[2025-10-03T00:07:20.923+0000] {processor.py:161} INFO - Started process (PID=15178) to work on /home/airflow/.local/lib/python3.12/site-packages/airflow/example_dags/example_latest_only_with_trigger.py
[2025-10-03T00:07:20.926+0000] {processor.py:830} INFO - Processing file /home/airflow/.local/lib/python3.12/site-packages/airflow/example_dags/example_latest_only_with_trigger.py for tasks to queue
[2025-10-03T00:07:20.928+0000] {logging_mixin.py:188} INFO - [2025-10-03T00:07:20.927+0000] {dagbag.py:545} INFO - Filling up the DagBag from /home/airflow/.local/lib/python3.12/site-packages/airflow/example_dags/example_latest_only_with_trigger.py
[2025-10-03T00:07:20.945+0000] {processor.py:840} INFO - DAG(s) 'latest_only_with_trigger' retrieved from /home/airflow/.local/lib/python3.12/site-packages/airflow/example_dags/example_latest_only_with_trigger.py
[2025-10-03T00:07:21.007+0000] {logging_mixin.py:188} INFO - [2025-10-03T00:07:21.006+0000] {dag.py:3096} INFO - Sync 1 DAGs
[2025-10-03T00:07:21.060+0000] {logging_mixin.py:188} INFO - [2025-10-03T00:07:21.059+0000] {dag.py:3954} INFO - Setting next_dagrun for latest_only_with_trigger to 2025-10-02 20:00:00+00:00, run_after=2025-10-03 00:00:00+00:00
[2025-10-03T00:07:21.186+0000] {processor.py:183} INFO - Processing /home/airflow/.local/lib/python3.12/site-packages/airflow/example_dags/example_latest_only_with_trigger.py took 0.280 seconds
[2025-10-03T00:07:51.434+0000] {processor.py:161} INFO - Started process (PID=15231) to work on /home/airflow/.local/lib/python3.12/site-packages/airflow/example_dags/example_latest_only_with_trigger.py
[2025-10-03T00:07:51.437+0000] {processor.py:830} INFO - Processing file /home/airflow/.local/lib/python3.12/site-packages/airflow/example_dags/example_latest_only_with_trigger.py for tasks to queue
[2025-10-03T00:07:51.439+0000] {logging_mixin.py:188} INFO - [2025-10-03T00:07:51.438+0000] {dagbag.py:545} INFO - Filling up the DagBag from /home/airflow/.local/lib/python3.12/site-packages/airflow/example_dags/example_latest_only_with_trigger.py
[2025-10-03T00:07:51.458+0000] {processor.py:840} INFO - DAG(s) 'latest_only_with_trigger' retrieved from /home/airflow/.local/lib/python3.12/site-packages/airflow/example_dags/example_latest_only_with_trigger.py
[2025-10-03T00:07:51.507+0000] {logging_mixin.py:188} INFO - [2025-10-03T00:07:51.507+0000] {dag.py:3096} INFO - Sync 1 DAGs
[2025-10-03T00:07:51.556+0000] {logging_mixin.py:188} INFO - [2025-10-03T00:07:51.556+0000] {dag.py:3954} INFO - Setting next_dagrun for latest_only_with_trigger to 2025-10-02 20:00:00+00:00, run_after=2025-10-03 00:00:00+00:00
[2025-10-03T00:07:51.598+0000] {processor.py:183} INFO - Processing /home/airflow/.local/lib/python3.12/site-packages/airflow/example_dags/example_latest_only_with_trigger.py took 0.178 seconds
[2025-10-03T00:08:21.827+0000] {processor.py:161} INFO - Started process (PID=15284) to work on /home/airflow/.local/lib/python3.12/site-packages/airflow/example_dags/example_latest_only_with_trigger.py
[2025-10-03T00:08:21.830+0000] {processor.py:830} INFO - Processing file /home/airflow/.local/lib/python3.12/site-packages/airflow/example_dags/example_latest_only_with_trigger.py for tasks to queue
[2025-10-03T00:08:21.832+0000] {logging_mixin.py:188} INFO - [2025-10-03T00:08:21.831+0000] {dagbag.py:545} INFO - Filling up the DagBag from /home/airflow/.local/lib/python3.12/site-packages/airflow/example_dags/example_latest_only_with_trigger.py
[2025-10-03T00:08:21.849+0000] {processor.py:840} INFO - DAG(s) 'latest_only_with_trigger' retrieved from /home/airflow/.local/lib/python3.12/site-packages/airflow/example_dags/example_latest_only_with_trigger.py
[2025-10-03T00:08:21.897+0000] {logging_mixin.py:188} INFO - [2025-10-03T00:08:21.896+0000] {dag.py:3096} INFO - Sync 1 DAGs
[2025-10-03T00:08:21.940+0000] {logging_mixin.py:188} INFO - [2025-10-03T00:08:21.939+0000] {dag.py:3954} INFO - Setting next_dagrun for latest_only_with_trigger to 2025-10-02 20:00:00+00:00, run_after=2025-10-03 00:00:00+00:00
[2025-10-03T00:08:21.986+0000] {processor.py:183} INFO - Processing /home/airflow/.local/lib/python3.12/site-packages/airflow/example_dags/example_latest_only_with_trigger.py took 0.176 seconds
[2025-10-03T00:08:52.601+0000] {processor.py:161} INFO - Started process (PID=15337) to work on /home/airflow/.local/lib/python3.12/site-packages/airflow/example_dags/example_latest_only_with_trigger.py
[2025-10-03T00:08:52.604+0000] {processor.py:830} INFO - Processing file /home/airflow/.local/lib/python3.12/site-packages/airflow/example_dags/example_latest_only_with_trigger.py for tasks to queue
[2025-10-03T00:08:52.606+0000] {logging_mixin.py:188} INFO - [2025-10-03T00:08:52.605+0000] {dagbag.py:545} INFO - Filling up the DagBag from /home/airflow/.local/lib/python3.12/site-packages/airflow/example_dags/example_latest_only_with_trigger.py
[2025-10-03T00:08:52.620+0000] {processor.py:840} INFO - DAG(s) 'latest_only_with_trigger' retrieved from /home/airflow/.local/lib/python3.12/site-packages/airflow/example_dags/example_latest_only_with_trigger.py
[2025-10-03T00:08:52.674+0000] {logging_mixin.py:188} INFO - [2025-10-03T00:08:52.674+0000] {dag.py:3096} INFO - Sync 1 DAGs
[2025-10-03T00:08:52.729+0000] {logging_mixin.py:188} INFO - [2025-10-03T00:08:52.728+0000] {dag.py:3954} INFO - Setting next_dagrun for latest_only_with_trigger to 2025-10-02 20:00:00+00:00, run_after=2025-10-03 00:00:00+00:00
[2025-10-03T00:08:52.768+0000] {processor.py:183} INFO - Processing /home/airflow/.local/lib/python3.12/site-packages/airflow/example_dags/example_latest_only_with_trigger.py took 0.184 seconds
[2025-10-03T00:09:23.109+0000] {processor.py:161} INFO - Started process (PID=15390) to work on /home/airflow/.local/lib/python3.12/site-packages/airflow/example_dags/example_latest_only_with_trigger.py
[2025-10-03T00:09:23.111+0000] {processor.py:830} INFO - Processing file /home/airflow/.local/lib/python3.12/site-packages/airflow/example_dags/example_latest_only_with_trigger.py for tasks to queue
[2025-10-03T00:09:23.114+0000] {logging_mixin.py:188} INFO - [2025-10-03T00:09:23.113+0000] {dagbag.py:545} INFO - Filling up the DagBag from /home/airflow/.local/lib/python3.12/site-packages/airflow/example_dags/example_latest_only_with_trigger.py
[2025-10-03T00:09:23.131+0000] {processor.py:840} INFO - DAG(s) 'latest_only_with_trigger' retrieved from /home/airflow/.local/lib/python3.12/site-packages/airflow/example_dags/example_latest_only_with_trigger.py
[2025-10-03T00:09:23.185+0000] {logging_mixin.py:188} INFO - [2025-10-03T00:09:23.184+0000] {dag.py:3096} INFO - Sync 1 DAGs
[2025-10-03T00:09:23.231+0000] {logging_mixin.py:188} INFO - [2025-10-03T00:09:23.231+0000] {dag.py:3954} INFO - Setting next_dagrun for latest_only_with_trigger to 2025-10-02 20:00:00+00:00, run_after=2025-10-03 00:00:00+00:00
[2025-10-03T00:09:23.269+0000] {processor.py:183} INFO - Processing /home/airflow/.local/lib/python3.12/site-packages/airflow/example_dags/example_latest_only_with_trigger.py took 0.175 seconds
[2025-10-03T00:09:53.671+0000] {processor.py:161} INFO - Started process (PID=15443) to work on /home/airflow/.local/lib/python3.12/site-packages/airflow/example_dags/example_latest_only_with_trigger.py
[2025-10-03T00:09:53.673+0000] {processor.py:830} INFO - Processing file /home/airflow/.local/lib/python3.12/site-packages/airflow/example_dags/example_latest_only_with_trigger.py for tasks to queue
[2025-10-03T00:09:53.675+0000] {logging_mixin.py:188} INFO - [2025-10-03T00:09:53.674+0000] {dagbag.py:545} INFO - Filling up the DagBag from /home/airflow/.local/lib/python3.12/site-packages/airflow/example_dags/example_latest_only_with_trigger.py
[2025-10-03T00:09:53.689+0000] {processor.py:840} INFO - DAG(s) 'latest_only_with_trigger' retrieved from /home/airflow/.local/lib/python3.12/site-packages/airflow/example_dags/example_latest_only_with_trigger.py
[2025-10-03T00:09:53.800+0000] {logging_mixin.py:188} INFO - [2025-10-03T00:09:53.800+0000] {dag.py:3096} INFO - Sync 1 DAGs
[2025-10-03T00:09:53.949+0000] {logging_mixin.py:188} INFO - [2025-10-03T00:09:53.948+0000] {dag.py:3954} INFO - Setting next_dagrun for latest_only_with_trigger to 2025-10-02 20:00:00+00:00, run_after=2025-10-03 00:00:00+00:00
[2025-10-03T00:09:54.057+0000] {processor.py:183} INFO - Processing /home/airflow/.local/lib/python3.12/site-packages/airflow/example_dags/example_latest_only_with_trigger.py took 0.402 seconds
[2025-10-03T00:10:25.081+0000] {processor.py:161} INFO - Started process (PID=15496) to work on /home/airflow/.local/lib/python3.12/site-packages/airflow/example_dags/example_latest_only_with_trigger.py
[2025-10-03T00:10:25.083+0000] {processor.py:830} INFO - Processing file /home/airflow/.local/lib/python3.12/site-packages/airflow/example_dags/example_latest_only_with_trigger.py for tasks to queue
[2025-10-03T00:10:25.086+0000] {logging_mixin.py:188} INFO - [2025-10-03T00:10:25.085+0000] {dagbag.py:545} INFO - Filling up the DagBag from /home/airflow/.local/lib/python3.12/site-packages/airflow/example_dags/example_latest_only_with_trigger.py
[2025-10-03T00:10:25.101+0000] {processor.py:840} INFO - DAG(s) 'latest_only_with_trigger' retrieved from /home/airflow/.local/lib/python3.12/site-packages/airflow/example_dags/example_latest_only_with_trigger.py
[2025-10-03T00:10:25.158+0000] {logging_mixin.py:188} INFO - [2025-10-03T00:10:25.158+0000] {dag.py:3096} INFO - Sync 1 DAGs
[2025-10-03T00:10:25.216+0000] {logging_mixin.py:188} INFO - [2025-10-03T00:10:25.215+0000] {dag.py:3954} INFO - Setting next_dagrun for latest_only_with_trigger to 2025-10-02 20:00:00+00:00, run_after=2025-10-03 00:00:00+00:00
[2025-10-03T00:10:25.264+0000] {processor.py:183} INFO - Processing /home/airflow/.local/lib/python3.12/site-packages/airflow/example_dags/example_latest_only_with_trigger.py took 0.202 seconds
[2025-10-03T00:10:55.943+0000] {processor.py:161} INFO - Started process (PID=15547) to work on /home/airflow/.local/lib/python3.12/site-packages/airflow/example_dags/example_latest_only_with_trigger.py
[2025-10-03T00:10:55.946+0000] {processor.py:830} INFO - Processing file /home/airflow/.local/lib/python3.12/site-packages/airflow/example_dags/example_latest_only_with_trigger.py for tasks to queue
[2025-10-03T00:10:55.949+0000] {logging_mixin.py:188} INFO - [2025-10-03T00:10:55.948+0000] {dagbag.py:545} INFO - Filling up the DagBag from /home/airflow/.local/lib/python3.12/site-packages/airflow/example_dags/example_latest_only_with_trigger.py
[2025-10-03T00:10:55.971+0000] {processor.py:840} INFO - DAG(s) 'latest_only_with_trigger' retrieved from /home/airflow/.local/lib/python3.12/site-packages/airflow/example_dags/example_latest_only_with_trigger.py
[2025-10-03T00:10:56.043+0000] {logging_mixin.py:188} INFO - [2025-10-03T00:10:56.042+0000] {dag.py:3096} INFO - Sync 1 DAGs
[2025-10-03T00:10:56.108+0000] {logging_mixin.py:188} INFO - [2025-10-03T00:10:56.108+0000] {dag.py:3954} INFO - Setting next_dagrun for latest_only_with_trigger to 2025-10-02 20:00:00+00:00, run_after=2025-10-03 00:00:00+00:00
[2025-10-03T00:10:56.166+0000] {processor.py:183} INFO - Processing /home/airflow/.local/lib/python3.12/site-packages/airflow/example_dags/example_latest_only_with_trigger.py took 0.240 seconds
[2025-10-03T00:11:27.709+0000] {processor.py:161} INFO - Started process (PID=15600) to work on /home/airflow/.local/lib/python3.12/site-packages/airflow/example_dags/example_latest_only_with_trigger.py
[2025-10-03T00:11:27.713+0000] {processor.py:830} INFO - Processing file /home/airflow/.local/lib/python3.12/site-packages/airflow/example_dags/example_latest_only_with_trigger.py for tasks to queue
[2025-10-03T00:11:27.716+0000] {logging_mixin.py:188} INFO - [2025-10-03T00:11:27.715+0000] {dagbag.py:545} INFO - Filling up the DagBag from /home/airflow/.local/lib/python3.12/site-packages/airflow/example_dags/example_latest_only_with_trigger.py
[2025-10-03T00:11:27.736+0000] {processor.py:840} INFO - DAG(s) 'latest_only_with_trigger' retrieved from /home/airflow/.local/lib/python3.12/site-packages/airflow/example_dags/example_latest_only_with_trigger.py
[2025-10-03T00:11:27.814+0000] {logging_mixin.py:188} INFO - [2025-10-03T00:11:27.813+0000] {dag.py:3096} INFO - Sync 1 DAGs
[2025-10-03T00:11:27.892+0000] {logging_mixin.py:188} INFO - [2025-10-03T00:11:27.891+0000] {dag.py:3954} INFO - Setting next_dagrun for latest_only_with_trigger to 2025-10-02 20:00:00+00:00, run_after=2025-10-03 00:00:00+00:00
[2025-10-03T00:11:27.953+0000] {processor.py:183} INFO - Processing /home/airflow/.local/lib/python3.12/site-packages/airflow/example_dags/example_latest_only_with_trigger.py took 0.261 seconds
[2025-10-03T00:11:58.466+0000] {processor.py:161} INFO - Started process (PID=15654) to work on /home/airflow/.local/lib/python3.12/site-packages/airflow/example_dags/example_latest_only_with_trigger.py
[2025-10-03T00:11:58.470+0000] {processor.py:830} INFO - Processing file /home/airflow/.local/lib/python3.12/site-packages/airflow/example_dags/example_latest_only_with_trigger.py for tasks to queue
[2025-10-03T00:11:58.475+0000] {logging_mixin.py:188} INFO - [2025-10-03T00:11:58.473+0000] {dagbag.py:545} INFO - Filling up the DagBag from /home/airflow/.local/lib/python3.12/site-packages/airflow/example_dags/example_latest_only_with_trigger.py
[2025-10-03T00:11:58.526+0000] {processor.py:840} INFO - DAG(s) 'latest_only_with_trigger' retrieved from /home/airflow/.local/lib/python3.12/site-packages/airflow/example_dags/example_latest_only_with_trigger.py
[2025-10-03T00:11:58.592+0000] {logging_mixin.py:188} INFO - [2025-10-03T00:11:58.591+0000] {dag.py:3096} INFO - Sync 1 DAGs
[2025-10-03T00:11:58.653+0000] {logging_mixin.py:188} INFO - [2025-10-03T00:11:58.652+0000] {dag.py:3954} INFO - Setting next_dagrun for latest_only_with_trigger to 2025-10-02 20:00:00+00:00, run_after=2025-10-03 00:00:00+00:00
[2025-10-03T00:11:58.719+0000] {processor.py:183} INFO - Processing /home/airflow/.local/lib/python3.12/site-packages/airflow/example_dags/example_latest_only_with_trigger.py took 0.284 seconds
[2025-10-03T00:12:29.479+0000] {processor.py:161} INFO - Started process (PID=15707) to work on /home/airflow/.local/lib/python3.12/site-packages/airflow/example_dags/example_latest_only_with_trigger.py
[2025-10-03T00:12:29.483+0000] {processor.py:830} INFO - Processing file /home/airflow/.local/lib/python3.12/site-packages/airflow/example_dags/example_latest_only_with_trigger.py for tasks to queue
[2025-10-03T00:12:29.491+0000] {logging_mixin.py:188} INFO - [2025-10-03T00:12:29.486+0000] {dagbag.py:545} INFO - Filling up the DagBag from /home/airflow/.local/lib/python3.12/site-packages/airflow/example_dags/example_latest_only_with_trigger.py
[2025-10-03T00:12:29.528+0000] {processor.py:840} INFO - DAG(s) 'latest_only_with_trigger' retrieved from /home/airflow/.local/lib/python3.12/site-packages/airflow/example_dags/example_latest_only_with_trigger.py
[2025-10-03T00:12:29.690+0000] {logging_mixin.py:188} INFO - [2025-10-03T00:12:29.690+0000] {dag.py:3096} INFO - Sync 1 DAGs
[2025-10-03T00:12:29.833+0000] {logging_mixin.py:188} INFO - [2025-10-03T00:12:29.831+0000] {dag.py:3954} INFO - Setting next_dagrun for latest_only_with_trigger to 2025-10-02 20:00:00+00:00, run_after=2025-10-03 00:00:00+00:00
[2025-10-03T00:12:29.971+0000] {processor.py:183} INFO - Processing /home/airflow/.local/lib/python3.12/site-packages/airflow/example_dags/example_latest_only_with_trigger.py took 0.507 seconds
[2025-10-03T00:13:00.210+0000] {processor.py:161} INFO - Started process (PID=15760) to work on /home/airflow/.local/lib/python3.12/site-packages/airflow/example_dags/example_latest_only_with_trigger.py
[2025-10-03T00:13:00.213+0000] {processor.py:830} INFO - Processing file /home/airflow/.local/lib/python3.12/site-packages/airflow/example_dags/example_latest_only_with_trigger.py for tasks to queue
[2025-10-03T00:13:00.217+0000] {logging_mixin.py:188} INFO - [2025-10-03T00:13:00.216+0000] {dagbag.py:545} INFO - Filling up the DagBag from /home/airflow/.local/lib/python3.12/site-packages/airflow/example_dags/example_latest_only_with_trigger.py
[2025-10-03T00:13:00.238+0000] {processor.py:840} INFO - DAG(s) 'latest_only_with_trigger' retrieved from /home/airflow/.local/lib/python3.12/site-packages/airflow/example_dags/example_latest_only_with_trigger.py
[2025-10-03T00:13:00.301+0000] {logging_mixin.py:188} INFO - [2025-10-03T00:13:00.300+0000] {dag.py:3096} INFO - Sync 1 DAGs
[2025-10-03T00:13:00.348+0000] {logging_mixin.py:188} INFO - [2025-10-03T00:13:00.347+0000] {dag.py:3954} INFO - Setting next_dagrun for latest_only_with_trigger to 2025-10-02 20:00:00+00:00, run_after=2025-10-03 00:00:00+00:00
[2025-10-03T00:13:00.386+0000] {processor.py:183} INFO - Processing /home/airflow/.local/lib/python3.12/site-packages/airflow/example_dags/example_latest_only_with_trigger.py took 0.195 seconds
[2025-10-03T00:13:30.741+0000] {processor.py:161} INFO - Started process (PID=15813) to work on /home/airflow/.local/lib/python3.12/site-packages/airflow/example_dags/example_latest_only_with_trigger.py
[2025-10-03T00:13:30.743+0000] {processor.py:830} INFO - Processing file /home/airflow/.local/lib/python3.12/site-packages/airflow/example_dags/example_latest_only_with_trigger.py for tasks to queue
[2025-10-03T00:13:30.746+0000] {logging_mixin.py:188} INFO - [2025-10-03T00:13:30.745+0000] {dagbag.py:545} INFO - Filling up the DagBag from /home/airflow/.local/lib/python3.12/site-packages/airflow/example_dags/example_latest_only_with_trigger.py
[2025-10-03T00:13:30.761+0000] {processor.py:840} INFO - DAG(s) 'latest_only_with_trigger' retrieved from /home/airflow/.local/lib/python3.12/site-packages/airflow/example_dags/example_latest_only_with_trigger.py
[2025-10-03T00:13:30.820+0000] {logging_mixin.py:188} INFO - [2025-10-03T00:13:30.820+0000] {dag.py:3096} INFO - Sync 1 DAGs
[2025-10-03T00:13:30.875+0000] {logging_mixin.py:188} INFO - [2025-10-03T00:13:30.874+0000] {dag.py:3954} INFO - Setting next_dagrun for latest_only_with_trigger to 2025-10-02 20:00:00+00:00, run_after=2025-10-03 00:00:00+00:00
[2025-10-03T00:13:30.930+0000] {processor.py:183} INFO - Processing /home/airflow/.local/lib/python3.12/site-packages/airflow/example_dags/example_latest_only_with_trigger.py took 0.205 seconds
[2025-10-03T00:14:01.296+0000] {processor.py:161} INFO - Started process (PID=15866) to work on /home/airflow/.local/lib/python3.12/site-packages/airflow/example_dags/example_latest_only_with_trigger.py
[2025-10-03T00:14:01.299+0000] {processor.py:830} INFO - Processing file /home/airflow/.local/lib/python3.12/site-packages/airflow/example_dags/example_latest_only_with_trigger.py for tasks to queue
[2025-10-03T00:14:01.303+0000] {logging_mixin.py:188} INFO - [2025-10-03T00:14:01.302+0000] {dagbag.py:545} INFO - Filling up the DagBag from /home/airflow/.local/lib/python3.12/site-packages/airflow/example_dags/example_latest_only_with_trigger.py
[2025-10-03T00:14:01.323+0000] {processor.py:840} INFO - DAG(s) 'latest_only_with_trigger' retrieved from /home/airflow/.local/lib/python3.12/site-packages/airflow/example_dags/example_latest_only_with_trigger.py
[2025-10-03T00:14:01.393+0000] {logging_mixin.py:188} INFO - [2025-10-03T00:14:01.393+0000] {dag.py:3096} INFO - Sync 1 DAGs
[2025-10-03T00:14:01.463+0000] {logging_mixin.py:188} INFO - [2025-10-03T00:14:01.463+0000] {dag.py:3954} INFO - Setting next_dagrun for latest_only_with_trigger to 2025-10-02 20:00:00+00:00, run_after=2025-10-03 00:00:00+00:00
[2025-10-03T00:14:01.509+0000] {processor.py:183} INFO - Processing /home/airflow/.local/lib/python3.12/site-packages/airflow/example_dags/example_latest_only_with_trigger.py took 0.234 seconds
[2025-10-03T00:14:33.931+0000] {processor.py:161} INFO - Started process (PID=15919) to work on /home/airflow/.local/lib/python3.12/site-packages/airflow/example_dags/example_latest_only_with_trigger.py
[2025-10-03T00:14:33.934+0000] {processor.py:830} INFO - Processing file /home/airflow/.local/lib/python3.12/site-packages/airflow/example_dags/example_latest_only_with_trigger.py for tasks to queue
[2025-10-03T00:14:33.936+0000] {logging_mixin.py:188} INFO - [2025-10-03T00:14:33.935+0000] {dagbag.py:545} INFO - Filling up the DagBag from /home/airflow/.local/lib/python3.12/site-packages/airflow/example_dags/example_latest_only_with_trigger.py
[2025-10-03T00:14:33.958+0000] {processor.py:840} INFO - DAG(s) 'latest_only_with_trigger' retrieved from /home/airflow/.local/lib/python3.12/site-packages/airflow/example_dags/example_latest_only_with_trigger.py
[2025-10-03T00:14:34.131+0000] {logging_mixin.py:188} INFO - [2025-10-03T00:14:34.130+0000] {dag.py:3096} INFO - Sync 1 DAGs
[2025-10-03T00:14:34.332+0000] {logging_mixin.py:188} INFO - [2025-10-03T00:14:34.331+0000] {dag.py:3954} INFO - Setting next_dagrun for latest_only_with_trigger to 2025-10-02 20:00:00+00:00, run_after=2025-10-03 00:00:00+00:00
[2025-10-03T00:14:34.432+0000] {processor.py:183} INFO - Processing /home/airflow/.local/lib/python3.12/site-packages/airflow/example_dags/example_latest_only_with_trigger.py took 0.519 seconds
[2025-10-03T00:15:04.585+0000] {processor.py:161} INFO - Started process (PID=15971) to work on /home/airflow/.local/lib/python3.12/site-packages/airflow/example_dags/example_latest_only_with_trigger.py
[2025-10-03T00:15:04.589+0000] {processor.py:830} INFO - Processing file /home/airflow/.local/lib/python3.12/site-packages/airflow/example_dags/example_latest_only_with_trigger.py for tasks to queue
[2025-10-03T00:15:04.591+0000] {logging_mixin.py:188} INFO - [2025-10-03T00:15:04.590+0000] {dagbag.py:545} INFO - Filling up the DagBag from /home/airflow/.local/lib/python3.12/site-packages/airflow/example_dags/example_latest_only_with_trigger.py
[2025-10-03T00:15:04.609+0000] {processor.py:840} INFO - DAG(s) 'latest_only_with_trigger' retrieved from /home/airflow/.local/lib/python3.12/site-packages/airflow/example_dags/example_latest_only_with_trigger.py
[2025-10-03T00:15:04.682+0000] {logging_mixin.py:188} INFO - [2025-10-03T00:15:04.682+0000] {dag.py:3096} INFO - Sync 1 DAGs
[2025-10-03T00:15:04.786+0000] {logging_mixin.py:188} INFO - [2025-10-03T00:15:04.786+0000] {dag.py:3954} INFO - Setting next_dagrun for latest_only_with_trigger to 2025-10-02 20:00:00+00:00, run_after=2025-10-03 00:00:00+00:00
[2025-10-03T00:15:04.853+0000] {processor.py:183} INFO - Processing /home/airflow/.local/lib/python3.12/site-packages/airflow/example_dags/example_latest_only_with_trigger.py took 0.288 seconds
[2025-10-03T00:15:35.143+0000] {processor.py:161} INFO - Started process (PID=16024) to work on /home/airflow/.local/lib/python3.12/site-packages/airflow/example_dags/example_latest_only_with_trigger.py
[2025-10-03T00:15:35.146+0000] {processor.py:830} INFO - Processing file /home/airflow/.local/lib/python3.12/site-packages/airflow/example_dags/example_latest_only_with_trigger.py for tasks to queue
[2025-10-03T00:15:35.149+0000] {logging_mixin.py:188} INFO - [2025-10-03T00:15:35.148+0000] {dagbag.py:545} INFO - Filling up the DagBag from /home/airflow/.local/lib/python3.12/site-packages/airflow/example_dags/example_latest_only_with_trigger.py
[2025-10-03T00:15:35.164+0000] {processor.py:840} INFO - DAG(s) 'latest_only_with_trigger' retrieved from /home/airflow/.local/lib/python3.12/site-packages/airflow/example_dags/example_latest_only_with_trigger.py
[2025-10-03T00:15:35.215+0000] {logging_mixin.py:188} INFO - [2025-10-03T00:15:35.215+0000] {dag.py:3096} INFO - Sync 1 DAGs
[2025-10-03T00:15:35.272+0000] {logging_mixin.py:188} INFO - [2025-10-03T00:15:35.271+0000] {dag.py:3954} INFO - Setting next_dagrun for latest_only_with_trigger to 2025-10-02 20:00:00+00:00, run_after=2025-10-03 00:00:00+00:00
[2025-10-03T00:15:35.319+0000] {processor.py:183} INFO - Processing /home/airflow/.local/lib/python3.12/site-packages/airflow/example_dags/example_latest_only_with_trigger.py took 0.195 seconds
[2025-10-03T00:16:05.720+0000] {processor.py:161} INFO - Started process (PID=16078) to work on /home/airflow/.local/lib/python3.12/site-packages/airflow/example_dags/example_latest_only_with_trigger.py
[2025-10-03T00:16:05.722+0000] {processor.py:830} INFO - Processing file /home/airflow/.local/lib/python3.12/site-packages/airflow/example_dags/example_latest_only_with_trigger.py for tasks to queue
[2025-10-03T00:16:05.725+0000] {logging_mixin.py:188} INFO - [2025-10-03T00:16:05.724+0000] {dagbag.py:545} INFO - Filling up the DagBag from /home/airflow/.local/lib/python3.12/site-packages/airflow/example_dags/example_latest_only_with_trigger.py
[2025-10-03T00:16:05.742+0000] {processor.py:840} INFO - DAG(s) 'latest_only_with_trigger' retrieved from /home/airflow/.local/lib/python3.12/site-packages/airflow/example_dags/example_latest_only_with_trigger.py
[2025-10-03T00:16:05.795+0000] {logging_mixin.py:188} INFO - [2025-10-03T00:16:05.795+0000] {dag.py:3096} INFO - Sync 1 DAGs
[2025-10-03T00:16:05.847+0000] {logging_mixin.py:188} INFO - [2025-10-03T00:16:05.847+0000] {dag.py:3954} INFO - Setting next_dagrun for latest_only_with_trigger to 2025-10-02 20:00:00+00:00, run_after=2025-10-03 00:00:00+00:00
[2025-10-03T00:16:05.890+0000] {processor.py:183} INFO - Processing /home/airflow/.local/lib/python3.12/site-packages/airflow/example_dags/example_latest_only_with_trigger.py took 0.188 seconds
[2025-10-03T00:16:36.373+0000] {processor.py:161} INFO - Started process (PID=16131) to work on /home/airflow/.local/lib/python3.12/site-packages/airflow/example_dags/example_latest_only_with_trigger.py
[2025-10-03T00:16:36.377+0000] {processor.py:830} INFO - Processing file /home/airflow/.local/lib/python3.12/site-packages/airflow/example_dags/example_latest_only_with_trigger.py for tasks to queue
[2025-10-03T00:16:36.383+0000] {logging_mixin.py:188} INFO - [2025-10-03T00:16:36.381+0000] {dagbag.py:545} INFO - Filling up the DagBag from /home/airflow/.local/lib/python3.12/site-packages/airflow/example_dags/example_latest_only_with_trigger.py
[2025-10-03T00:16:36.410+0000] {processor.py:840} INFO - DAG(s) 'latest_only_with_trigger' retrieved from /home/airflow/.local/lib/python3.12/site-packages/airflow/example_dags/example_latest_only_with_trigger.py
[2025-10-03T00:16:36.481+0000] {logging_mixin.py:188} INFO - [2025-10-03T00:16:36.481+0000] {dag.py:3096} INFO - Sync 1 DAGs
[2025-10-03T00:16:36.542+0000] {logging_mixin.py:188} INFO - [2025-10-03T00:16:36.542+0000] {dag.py:3954} INFO - Setting next_dagrun for latest_only_with_trigger to 2025-10-02 20:00:00+00:00, run_after=2025-10-03 00:00:00+00:00
[2025-10-03T00:16:36.584+0000] {processor.py:183} INFO - Processing /home/airflow/.local/lib/python3.12/site-packages/airflow/example_dags/example_latest_only_with_trigger.py took 0.260 seconds
[2025-10-03T00:17:07.105+0000] {processor.py:161} INFO - Started process (PID=16184) to work on /home/airflow/.local/lib/python3.12/site-packages/airflow/example_dags/example_latest_only_with_trigger.py
[2025-10-03T00:17:07.108+0000] {processor.py:830} INFO - Processing file /home/airflow/.local/lib/python3.12/site-packages/airflow/example_dags/example_latest_only_with_trigger.py for tasks to queue
[2025-10-03T00:17:07.110+0000] {logging_mixin.py:188} INFO - [2025-10-03T00:17:07.109+0000] {dagbag.py:545} INFO - Filling up the DagBag from /home/airflow/.local/lib/python3.12/site-packages/airflow/example_dags/example_latest_only_with_trigger.py
[2025-10-03T00:17:07.124+0000] {processor.py:840} INFO - DAG(s) 'latest_only_with_trigger' retrieved from /home/airflow/.local/lib/python3.12/site-packages/airflow/example_dags/example_latest_only_with_trigger.py
[2025-10-03T00:17:07.174+0000] {logging_mixin.py:188} INFO - [2025-10-03T00:17:07.174+0000] {dag.py:3096} INFO - Sync 1 DAGs
[2025-10-03T00:17:07.226+0000] {logging_mixin.py:188} INFO - [2025-10-03T00:17:07.225+0000] {dag.py:3954} INFO - Setting next_dagrun for latest_only_with_trigger to 2025-10-02 20:00:00+00:00, run_after=2025-10-03 00:00:00+00:00
[2025-10-03T00:17:07.276+0000] {processor.py:183} INFO - Processing /home/airflow/.local/lib/python3.12/site-packages/airflow/example_dags/example_latest_only_with_trigger.py took 0.185 seconds
[2025-10-03T00:17:37.765+0000] {processor.py:161} INFO - Started process (PID=16237) to work on /home/airflow/.local/lib/python3.12/site-packages/airflow/example_dags/example_latest_only_with_trigger.py
[2025-10-03T00:17:37.772+0000] {processor.py:830} INFO - Processing file /home/airflow/.local/lib/python3.12/site-packages/airflow/example_dags/example_latest_only_with_trigger.py for tasks to queue
[2025-10-03T00:17:37.779+0000] {logging_mixin.py:188} INFO - [2025-10-03T00:17:37.777+0000] {dagbag.py:545} INFO - Filling up the DagBag from /home/airflow/.local/lib/python3.12/site-packages/airflow/example_dags/example_latest_only_with_trigger.py
[2025-10-03T00:17:37.816+0000] {processor.py:840} INFO - DAG(s) 'latest_only_with_trigger' retrieved from /home/airflow/.local/lib/python3.12/site-packages/airflow/example_dags/example_latest_only_with_trigger.py
[2025-10-03T00:17:37.877+0000] {logging_mixin.py:188} INFO - [2025-10-03T00:17:37.877+0000] {dag.py:3096} INFO - Sync 1 DAGs
[2025-10-03T00:17:37.927+0000] {logging_mixin.py:188} INFO - [2025-10-03T00:17:37.927+0000] {dag.py:3954} INFO - Setting next_dagrun for latest_only_with_trigger to 2025-10-02 20:00:00+00:00, run_after=2025-10-03 00:00:00+00:00
[2025-10-03T00:17:37.969+0000] {processor.py:183} INFO - Processing /home/airflow/.local/lib/python3.12/site-packages/airflow/example_dags/example_latest_only_with_trigger.py took 0.245 seconds
[2025-10-03T00:18:08.203+0000] {processor.py:161} INFO - Started process (PID=16290) to work on /home/airflow/.local/lib/python3.12/site-packages/airflow/example_dags/example_latest_only_with_trigger.py
[2025-10-03T00:18:08.205+0000] {processor.py:830} INFO - Processing file /home/airflow/.local/lib/python3.12/site-packages/airflow/example_dags/example_latest_only_with_trigger.py for tasks to queue
[2025-10-03T00:18:08.208+0000] {logging_mixin.py:188} INFO - [2025-10-03T00:18:08.207+0000] {dagbag.py:545} INFO - Filling up the DagBag from /home/airflow/.local/lib/python3.12/site-packages/airflow/example_dags/example_latest_only_with_trigger.py
[2025-10-03T00:18:08.231+0000] {processor.py:840} INFO - DAG(s) 'latest_only_with_trigger' retrieved from /home/airflow/.local/lib/python3.12/site-packages/airflow/example_dags/example_latest_only_with_trigger.py
[2025-10-03T00:18:08.290+0000] {logging_mixin.py:188} INFO - [2025-10-03T00:18:08.289+0000] {dag.py:3096} INFO - Sync 1 DAGs
[2025-10-03T00:18:08.384+0000] {logging_mixin.py:188} INFO - [2025-10-03T00:18:08.383+0000] {dag.py:3954} INFO - Setting next_dagrun for latest_only_with_trigger to 2025-10-02 20:00:00+00:00, run_after=2025-10-03 00:00:00+00:00
[2025-10-03T00:18:08.482+0000] {processor.py:183} INFO - Processing /home/airflow/.local/lib/python3.12/site-packages/airflow/example_dags/example_latest_only_with_trigger.py took 0.293 seconds
[2025-10-03T00:18:38.785+0000] {processor.py:161} INFO - Started process (PID=16343) to work on /home/airflow/.local/lib/python3.12/site-packages/airflow/example_dags/example_latest_only_with_trigger.py
[2025-10-03T00:18:38.788+0000] {processor.py:830} INFO - Processing file /home/airflow/.local/lib/python3.12/site-packages/airflow/example_dags/example_latest_only_with_trigger.py for tasks to queue
[2025-10-03T00:18:38.791+0000] {logging_mixin.py:188} INFO - [2025-10-03T00:18:38.790+0000] {dagbag.py:545} INFO - Filling up the DagBag from /home/airflow/.local/lib/python3.12/site-packages/airflow/example_dags/example_latest_only_with_trigger.py
[2025-10-03T00:18:38.807+0000] {processor.py:840} INFO - DAG(s) 'latest_only_with_trigger' retrieved from /home/airflow/.local/lib/python3.12/site-packages/airflow/example_dags/example_latest_only_with_trigger.py
[2025-10-03T00:18:38.871+0000] {logging_mixin.py:188} INFO - [2025-10-03T00:18:38.870+0000] {dag.py:3096} INFO - Sync 1 DAGs
[2025-10-03T00:18:38.968+0000] {logging_mixin.py:188} INFO - [2025-10-03T00:18:38.968+0000] {dag.py:3954} INFO - Setting next_dagrun for latest_only_with_trigger to 2025-10-02 20:00:00+00:00, run_after=2025-10-03 00:00:00+00:00
[2025-10-03T00:18:39.030+0000] {processor.py:183} INFO - Processing /home/airflow/.local/lib/python3.12/site-packages/airflow/example_dags/example_latest_only_with_trigger.py took 0.266 seconds
[2025-10-03T00:19:09.645+0000] {processor.py:161} INFO - Started process (PID=16396) to work on /home/airflow/.local/lib/python3.12/site-packages/airflow/example_dags/example_latest_only_with_trigger.py
[2025-10-03T00:19:09.648+0000] {processor.py:830} INFO - Processing file /home/airflow/.local/lib/python3.12/site-packages/airflow/example_dags/example_latest_only_with_trigger.py for tasks to queue
[2025-10-03T00:19:09.651+0000] {logging_mixin.py:188} INFO - [2025-10-03T00:19:09.650+0000] {dagbag.py:545} INFO - Filling up the DagBag from /home/airflow/.local/lib/python3.12/site-packages/airflow/example_dags/example_latest_only_with_trigger.py
[2025-10-03T00:19:09.666+0000] {processor.py:840} INFO - DAG(s) 'latest_only_with_trigger' retrieved from /home/airflow/.local/lib/python3.12/site-packages/airflow/example_dags/example_latest_only_with_trigger.py
[2025-10-03T00:19:09.717+0000] {logging_mixin.py:188} INFO - [2025-10-03T00:19:09.716+0000] {dag.py:3096} INFO - Sync 1 DAGs
[2025-10-03T00:19:09.770+0000] {logging_mixin.py:188} INFO - [2025-10-03T00:19:09.769+0000] {dag.py:3954} INFO - Setting next_dagrun for latest_only_with_trigger to 2025-10-02 20:00:00+00:00, run_after=2025-10-03 00:00:00+00:00
[2025-10-03T00:19:09.820+0000] {processor.py:183} INFO - Processing /home/airflow/.local/lib/python3.12/site-packages/airflow/example_dags/example_latest_only_with_trigger.py took 0.192 seconds
[2025-10-03T00:19:40.601+0000] {processor.py:161} INFO - Started process (PID=16449) to work on /home/airflow/.local/lib/python3.12/site-packages/airflow/example_dags/example_latest_only_with_trigger.py
[2025-10-03T00:19:40.607+0000] {processor.py:830} INFO - Processing file /home/airflow/.local/lib/python3.12/site-packages/airflow/example_dags/example_latest_only_with_trigger.py for tasks to queue
[2025-10-03T00:19:40.612+0000] {logging_mixin.py:188} INFO - [2025-10-03T00:19:40.610+0000] {dagbag.py:545} INFO - Filling up the DagBag from /home/airflow/.local/lib/python3.12/site-packages/airflow/example_dags/example_latest_only_with_trigger.py
[2025-10-03T00:19:40.633+0000] {processor.py:840} INFO - DAG(s) 'latest_only_with_trigger' retrieved from /home/airflow/.local/lib/python3.12/site-packages/airflow/example_dags/example_latest_only_with_trigger.py
[2025-10-03T00:19:40.695+0000] {logging_mixin.py:188} INFO - [2025-10-03T00:19:40.695+0000] {dag.py:3096} INFO - Sync 1 DAGs
[2025-10-03T00:19:40.743+0000] {logging_mixin.py:188} INFO - [2025-10-03T00:19:40.743+0000] {dag.py:3954} INFO - Setting next_dagrun for latest_only_with_trigger to 2025-10-02 20:00:00+00:00, run_after=2025-10-03 00:00:00+00:00
[2025-10-03T00:19:40.785+0000] {processor.py:183} INFO - Processing /home/airflow/.local/lib/python3.12/site-packages/airflow/example_dags/example_latest_only_with_trigger.py took 0.210 seconds
[2025-10-03T00:20:11.409+0000] {processor.py:161} INFO - Started process (PID=16502) to work on /home/airflow/.local/lib/python3.12/site-packages/airflow/example_dags/example_latest_only_with_trigger.py
[2025-10-03T00:20:11.411+0000] {processor.py:830} INFO - Processing file /home/airflow/.local/lib/python3.12/site-packages/airflow/example_dags/example_latest_only_with_trigger.py for tasks to queue
[2025-10-03T00:20:11.413+0000] {logging_mixin.py:188} INFO - [2025-10-03T00:20:11.413+0000] {dagbag.py:545} INFO - Filling up the DagBag from /home/airflow/.local/lib/python3.12/site-packages/airflow/example_dags/example_latest_only_with_trigger.py
[2025-10-03T00:20:11.429+0000] {processor.py:840} INFO - DAG(s) 'latest_only_with_trigger' retrieved from /home/airflow/.local/lib/python3.12/site-packages/airflow/example_dags/example_latest_only_with_trigger.py
[2025-10-03T00:20:11.479+0000] {logging_mixin.py:188} INFO - [2025-10-03T00:20:11.479+0000] {dag.py:3096} INFO - Sync 1 DAGs
[2025-10-03T00:20:11.527+0000] {logging_mixin.py:188} INFO - [2025-10-03T00:20:11.526+0000] {dag.py:3954} INFO - Setting next_dagrun for latest_only_with_trigger to 2025-10-02 20:00:00+00:00, run_after=2025-10-03 00:00:00+00:00
[2025-10-03T00:20:11.569+0000] {processor.py:183} INFO - Processing /home/airflow/.local/lib/python3.12/site-packages/airflow/example_dags/example_latest_only_with_trigger.py took 0.174 seconds
[2025-10-03T00:20:41.944+0000] {processor.py:161} INFO - Started process (PID=16555) to work on /home/airflow/.local/lib/python3.12/site-packages/airflow/example_dags/example_latest_only_with_trigger.py
[2025-10-03T00:20:41.946+0000] {processor.py:830} INFO - Processing file /home/airflow/.local/lib/python3.12/site-packages/airflow/example_dags/example_latest_only_with_trigger.py for tasks to queue
[2025-10-03T00:20:41.949+0000] {logging_mixin.py:188} INFO - [2025-10-03T00:20:41.948+0000] {dagbag.py:545} INFO - Filling up the DagBag from /home/airflow/.local/lib/python3.12/site-packages/airflow/example_dags/example_latest_only_with_trigger.py
[2025-10-03T00:20:41.973+0000] {processor.py:840} INFO - DAG(s) 'latest_only_with_trigger' retrieved from /home/airflow/.local/lib/python3.12/site-packages/airflow/example_dags/example_latest_only_with_trigger.py
[2025-10-03T00:20:42.068+0000] {logging_mixin.py:188} INFO - [2025-10-03T00:20:42.067+0000] {dag.py:3096} INFO - Sync 1 DAGs
[2025-10-03T00:20:42.148+0000] {logging_mixin.py:188} INFO - [2025-10-03T00:20:42.147+0000] {dag.py:3954} INFO - Setting next_dagrun for latest_only_with_trigger to 2025-10-02 20:00:00+00:00, run_after=2025-10-03 00:00:00+00:00
[2025-10-03T00:20:42.208+0000] {processor.py:183} INFO - Processing /home/airflow/.local/lib/python3.12/site-packages/airflow/example_dags/example_latest_only_with_trigger.py took 0.290 seconds
