[2025-10-03T00:00:21.473+0000] {processor.py:161} INFO - Started process (PID=14456) to work on /home/airflow/.local/lib/python3.12/site-packages/airflow/example_dags/example_xcomargs.py
[2025-10-03T00:00:21.477+0000] {processor.py:830} INFO - Processing file /home/airflow/.local/lib/python3.12/site-packages/airflow/example_dags/example_xcomargs.py for tasks to queue
[2025-10-03T00:00:21.483+0000] {logging_mixin.py:188} INFO - [2025-10-03T00:00:21.481+0000] {dagbag.py:545} INFO - Filling up the DagBag from /home/airflow/.local/lib/python3.12/site-packages/airflow/example_dags/example_xcomargs.py
[2025-10-03T00:00:21.512+0000] {processor.py:840} INFO - DAG(s) 'example_xcom_args_with_operators', 'example_xcom_args' retrieved from /home/airflow/.local/lib/python3.12/site-packages/airflow/example_dags/example_xcomargs.py
[2025-10-03T00:00:21.571+0000] {logging_mixin.py:188} INFO - [2025-10-03T00:00:21.570+0000] {dag.py:3096} INFO - Sync 2 DAGs
[2025-10-03T00:00:21.604+0000] {logging_mixin.py:188} INFO - [2025-10-03T00:00:21.603+0000] {dag.py:3954} INFO - Setting next_dagrun for example_xcom_args to None, run_after=None
[2025-10-03T00:00:21.613+0000] {logging_mixin.py:188} INFO - [2025-10-03T00:00:21.613+0000] {dag.py:3954} INFO - Setting next_dagrun for example_xcom_args_with_operators to None, run_after=None
[2025-10-03T00:00:21.658+0000] {processor.py:183} INFO - Processing /home/airflow/.local/lib/python3.12/site-packages/airflow/example_dags/example_xcomargs.py took 0.217 seconds
[2025-10-03T00:00:52.025+0000] {processor.py:161} INFO - Started process (PID=14507) to work on /home/airflow/.local/lib/python3.12/site-packages/airflow/example_dags/example_xcomargs.py
[2025-10-03T00:00:52.027+0000] {processor.py:830} INFO - Processing file /home/airflow/.local/lib/python3.12/site-packages/airflow/example_dags/example_xcomargs.py for tasks to queue
[2025-10-03T00:00:52.029+0000] {logging_mixin.py:188} INFO - [2025-10-03T00:00:52.028+0000] {dagbag.py:545} INFO - Filling up the DagBag from /home/airflow/.local/lib/python3.12/site-packages/airflow/example_dags/example_xcomargs.py
[2025-10-03T00:00:52.050+0000] {processor.py:840} INFO - DAG(s) 'example_xcom_args', 'example_xcom_args_with_operators' retrieved from /home/airflow/.local/lib/python3.12/site-packages/airflow/example_dags/example_xcomargs.py
[2025-10-03T00:00:52.114+0000] {logging_mixin.py:188} INFO - [2025-10-03T00:00:52.113+0000] {dag.py:3096} INFO - Sync 2 DAGs
[2025-10-03T00:00:52.148+0000] {logging_mixin.py:188} INFO - [2025-10-03T00:00:52.147+0000] {dag.py:3954} INFO - Setting next_dagrun for example_xcom_args to None, run_after=None
[2025-10-03T00:00:52.159+0000] {logging_mixin.py:188} INFO - [2025-10-03T00:00:52.158+0000] {dag.py:3954} INFO - Setting next_dagrun for example_xcom_args_with_operators to None, run_after=None
[2025-10-03T00:00:52.200+0000] {processor.py:183} INFO - Processing /home/airflow/.local/lib/python3.12/site-packages/airflow/example_dags/example_xcomargs.py took 0.190 seconds
[2025-10-03T00:01:23.392+0000] {processor.py:161} INFO - Started process (PID=14560) to work on /home/airflow/.local/lib/python3.12/site-packages/airflow/example_dags/example_xcomargs.py
[2025-10-03T00:01:23.395+0000] {processor.py:830} INFO - Processing file /home/airflow/.local/lib/python3.12/site-packages/airflow/example_dags/example_xcomargs.py for tasks to queue
[2025-10-03T00:01:23.398+0000] {logging_mixin.py:188} INFO - [2025-10-03T00:01:23.397+0000] {dagbag.py:545} INFO - Filling up the DagBag from /home/airflow/.local/lib/python3.12/site-packages/airflow/example_dags/example_xcomargs.py
[2025-10-03T00:01:23.427+0000] {processor.py:840} INFO - DAG(s) 'example_xcom_args_with_operators', 'example_xcom_args' retrieved from /home/airflow/.local/lib/python3.12/site-packages/airflow/example_dags/example_xcomargs.py
[2025-10-03T00:01:23.496+0000] {logging_mixin.py:188} INFO - [2025-10-03T00:01:23.495+0000] {dag.py:3096} INFO - Sync 2 DAGs
[2025-10-03T00:01:23.535+0000] {logging_mixin.py:188} INFO - [2025-10-03T00:01:23.534+0000] {dag.py:3954} INFO - Setting next_dagrun for example_xcom_args to None, run_after=None
[2025-10-03T00:01:23.545+0000] {logging_mixin.py:188} INFO - [2025-10-03T00:01:23.544+0000] {dag.py:3954} INFO - Setting next_dagrun for example_xcom_args_with_operators to None, run_after=None
[2025-10-03T00:01:23.590+0000] {processor.py:183} INFO - Processing /home/airflow/.local/lib/python3.12/site-packages/airflow/example_dags/example_xcomargs.py took 0.221 seconds
[2025-10-03T00:01:53.967+0000] {processor.py:161} INFO - Started process (PID=14613) to work on /home/airflow/.local/lib/python3.12/site-packages/airflow/example_dags/example_xcomargs.py
[2025-10-03T00:01:53.969+0000] {processor.py:830} INFO - Processing file /home/airflow/.local/lib/python3.12/site-packages/airflow/example_dags/example_xcomargs.py for tasks to queue
[2025-10-03T00:01:53.971+0000] {logging_mixin.py:188} INFO - [2025-10-03T00:01:53.970+0000] {dagbag.py:545} INFO - Filling up the DagBag from /home/airflow/.local/lib/python3.12/site-packages/airflow/example_dags/example_xcomargs.py
[2025-10-03T00:01:53.993+0000] {processor.py:840} INFO - DAG(s) 'example_xcom_args', 'example_xcom_args_with_operators' retrieved from /home/airflow/.local/lib/python3.12/site-packages/airflow/example_dags/example_xcomargs.py
[2025-10-03T00:01:54.053+0000] {logging_mixin.py:188} INFO - [2025-10-03T00:01:54.053+0000] {dag.py:3096} INFO - Sync 2 DAGs
[2025-10-03T00:01:54.091+0000] {logging_mixin.py:188} INFO - [2025-10-03T00:01:54.090+0000] {dag.py:3954} INFO - Setting next_dagrun for example_xcom_args to None, run_after=None
[2025-10-03T00:01:54.103+0000] {logging_mixin.py:188} INFO - [2025-10-03T00:01:54.102+0000] {dag.py:3954} INFO - Setting next_dagrun for example_xcom_args_with_operators to None, run_after=None
[2025-10-03T00:01:54.155+0000] {processor.py:183} INFO - Processing /home/airflow/.local/lib/python3.12/site-packages/airflow/example_dags/example_xcomargs.py took 0.205 seconds
[2025-10-03T00:02:24.527+0000] {processor.py:161} INFO - Started process (PID=14666) to work on /home/airflow/.local/lib/python3.12/site-packages/airflow/example_dags/example_xcomargs.py
[2025-10-03T00:02:24.531+0000] {processor.py:830} INFO - Processing file /home/airflow/.local/lib/python3.12/site-packages/airflow/example_dags/example_xcomargs.py for tasks to queue
[2025-10-03T00:02:24.537+0000] {logging_mixin.py:188} INFO - [2025-10-03T00:02:24.535+0000] {dagbag.py:545} INFO - Filling up the DagBag from /home/airflow/.local/lib/python3.12/site-packages/airflow/example_dags/example_xcomargs.py
[2025-10-03T00:02:24.568+0000] {processor.py:840} INFO - DAG(s) 'example_xcom_args_with_operators', 'example_xcom_args' retrieved from /home/airflow/.local/lib/python3.12/site-packages/airflow/example_dags/example_xcomargs.py
[2025-10-03T00:02:24.624+0000] {logging_mixin.py:188} INFO - [2025-10-03T00:02:24.624+0000] {dag.py:3096} INFO - Sync 2 DAGs
[2025-10-03T00:02:24.655+0000] {logging_mixin.py:188} INFO - [2025-10-03T00:02:24.655+0000] {dag.py:3954} INFO - Setting next_dagrun for example_xcom_args to None, run_after=None
[2025-10-03T00:02:24.665+0000] {logging_mixin.py:188} INFO - [2025-10-03T00:02:24.664+0000] {dag.py:3954} INFO - Setting next_dagrun for example_xcom_args_with_operators to None, run_after=None
[2025-10-03T00:02:24.710+0000] {processor.py:183} INFO - Processing /home/airflow/.local/lib/python3.12/site-packages/airflow/example_dags/example_xcomargs.py took 0.201 seconds
[2025-10-03T00:02:55.050+0000] {processor.py:161} INFO - Started process (PID=14719) to work on /home/airflow/.local/lib/python3.12/site-packages/airflow/example_dags/example_xcomargs.py
[2025-10-03T00:02:55.052+0000] {processor.py:830} INFO - Processing file /home/airflow/.local/lib/python3.12/site-packages/airflow/example_dags/example_xcomargs.py for tasks to queue
[2025-10-03T00:02:55.055+0000] {logging_mixin.py:188} INFO - [2025-10-03T00:02:55.055+0000] {dagbag.py:545} INFO - Filling up the DagBag from /home/airflow/.local/lib/python3.12/site-packages/airflow/example_dags/example_xcomargs.py
[2025-10-03T00:02:55.077+0000] {processor.py:840} INFO - DAG(s) 'example_xcom_args', 'example_xcom_args_with_operators' retrieved from /home/airflow/.local/lib/python3.12/site-packages/airflow/example_dags/example_xcomargs.py
[2025-10-03T00:02:55.135+0000] {logging_mixin.py:188} INFO - [2025-10-03T00:02:55.134+0000] {dag.py:3096} INFO - Sync 2 DAGs
[2025-10-03T00:02:55.166+0000] {logging_mixin.py:188} INFO - [2025-10-03T00:02:55.166+0000] {dag.py:3954} INFO - Setting next_dagrun for example_xcom_args to None, run_after=None
[2025-10-03T00:02:55.179+0000] {logging_mixin.py:188} INFO - [2025-10-03T00:02:55.178+0000] {dag.py:3954} INFO - Setting next_dagrun for example_xcom_args_with_operators to None, run_after=None
[2025-10-03T00:02:55.220+0000] {processor.py:183} INFO - Processing /home/airflow/.local/lib/python3.12/site-packages/airflow/example_dags/example_xcomargs.py took 0.188 seconds
[2025-10-03T00:03:25.984+0000] {processor.py:161} INFO - Started process (PID=14771) to work on /home/airflow/.local/lib/python3.12/site-packages/airflow/example_dags/example_xcomargs.py
[2025-10-03T00:03:25.987+0000] {processor.py:830} INFO - Processing file /home/airflow/.local/lib/python3.12/site-packages/airflow/example_dags/example_xcomargs.py for tasks to queue
[2025-10-03T00:03:25.989+0000] {logging_mixin.py:188} INFO - [2025-10-03T00:03:25.988+0000] {dagbag.py:545} INFO - Filling up the DagBag from /home/airflow/.local/lib/python3.12/site-packages/airflow/example_dags/example_xcomargs.py
[2025-10-03T00:03:26.010+0000] {processor.py:840} INFO - DAG(s) 'example_xcom_args', 'example_xcom_args_with_operators' retrieved from /home/airflow/.local/lib/python3.12/site-packages/airflow/example_dags/example_xcomargs.py
[2025-10-03T00:03:26.067+0000] {logging_mixin.py:188} INFO - [2025-10-03T00:03:26.067+0000] {dag.py:3096} INFO - Sync 2 DAGs
[2025-10-03T00:03:26.095+0000] {logging_mixin.py:188} INFO - [2025-10-03T00:03:26.095+0000] {dag.py:3954} INFO - Setting next_dagrun for example_xcom_args to None, run_after=None
[2025-10-03T00:03:26.104+0000] {logging_mixin.py:188} INFO - [2025-10-03T00:03:26.103+0000] {dag.py:3954} INFO - Setting next_dagrun for example_xcom_args_with_operators to None, run_after=None
[2025-10-03T00:03:26.140+0000] {processor.py:183} INFO - Processing /home/airflow/.local/lib/python3.12/site-packages/airflow/example_dags/example_xcomargs.py took 0.172 seconds
[2025-10-03T00:03:56.786+0000] {processor.py:161} INFO - Started process (PID=14824) to work on /home/airflow/.local/lib/python3.12/site-packages/airflow/example_dags/example_xcomargs.py
[2025-10-03T00:03:56.789+0000] {processor.py:830} INFO - Processing file /home/airflow/.local/lib/python3.12/site-packages/airflow/example_dags/example_xcomargs.py for tasks to queue
[2025-10-03T00:03:56.793+0000] {logging_mixin.py:188} INFO - [2025-10-03T00:03:56.792+0000] {dagbag.py:545} INFO - Filling up the DagBag from /home/airflow/.local/lib/python3.12/site-packages/airflow/example_dags/example_xcomargs.py
[2025-10-03T00:03:56.824+0000] {processor.py:840} INFO - DAG(s) 'example_xcom_args', 'example_xcom_args_with_operators' retrieved from /home/airflow/.local/lib/python3.12/site-packages/airflow/example_dags/example_xcomargs.py
[2025-10-03T00:03:56.903+0000] {logging_mixin.py:188} INFO - [2025-10-03T00:03:56.902+0000] {dag.py:3096} INFO - Sync 2 DAGs
[2025-10-03T00:03:56.938+0000] {logging_mixin.py:188} INFO - [2025-10-03T00:03:56.938+0000] {dag.py:3954} INFO - Setting next_dagrun for example_xcom_args to None, run_after=None
[2025-10-03T00:03:56.953+0000] {logging_mixin.py:188} INFO - [2025-10-03T00:03:56.952+0000] {dag.py:3954} INFO - Setting next_dagrun for example_xcom_args_with_operators to None, run_after=None
[2025-10-03T00:03:56.988+0000] {processor.py:183} INFO - Processing /home/airflow/.local/lib/python3.12/site-packages/airflow/example_dags/example_xcomargs.py took 0.220 seconds
[2025-10-03T00:04:27.107+0000] {processor.py:161} INFO - Started process (PID=14877) to work on /home/airflow/.local/lib/python3.12/site-packages/airflow/example_dags/example_xcomargs.py
[2025-10-03T00:04:27.109+0000] {processor.py:830} INFO - Processing file /home/airflow/.local/lib/python3.12/site-packages/airflow/example_dags/example_xcomargs.py for tasks to queue
[2025-10-03T00:04:27.112+0000] {logging_mixin.py:188} INFO - [2025-10-03T00:04:27.111+0000] {dagbag.py:545} INFO - Filling up the DagBag from /home/airflow/.local/lib/python3.12/site-packages/airflow/example_dags/example_xcomargs.py
[2025-10-03T00:04:27.131+0000] {processor.py:840} INFO - DAG(s) 'example_xcom_args_with_operators', 'example_xcom_args' retrieved from /home/airflow/.local/lib/python3.12/site-packages/airflow/example_dags/example_xcomargs.py
[2025-10-03T00:04:27.192+0000] {logging_mixin.py:188} INFO - [2025-10-03T00:04:27.191+0000] {dag.py:3096} INFO - Sync 2 DAGs
[2025-10-03T00:04:27.224+0000] {logging_mixin.py:188} INFO - [2025-10-03T00:04:27.223+0000] {dag.py:3954} INFO - Setting next_dagrun for example_xcom_args to None, run_after=None
[2025-10-03T00:04:27.233+0000] {logging_mixin.py:188} INFO - [2025-10-03T00:04:27.233+0000] {dag.py:3954} INFO - Setting next_dagrun for example_xcom_args_with_operators to None, run_after=None
[2025-10-03T00:04:27.269+0000] {processor.py:183} INFO - Processing /home/airflow/.local/lib/python3.12/site-packages/airflow/example_dags/example_xcomargs.py took 0.177 seconds
[2025-10-03T00:04:57.748+0000] {processor.py:161} INFO - Started process (PID=14930) to work on /home/airflow/.local/lib/python3.12/site-packages/airflow/example_dags/example_xcomargs.py
[2025-10-03T00:04:57.750+0000] {processor.py:830} INFO - Processing file /home/airflow/.local/lib/python3.12/site-packages/airflow/example_dags/example_xcomargs.py for tasks to queue
[2025-10-03T00:04:57.752+0000] {logging_mixin.py:188} INFO - [2025-10-03T00:04:57.751+0000] {dagbag.py:545} INFO - Filling up the DagBag from /home/airflow/.local/lib/python3.12/site-packages/airflow/example_dags/example_xcomargs.py
[2025-10-03T00:04:57.772+0000] {processor.py:840} INFO - DAG(s) 'example_xcom_args_with_operators', 'example_xcom_args' retrieved from /home/airflow/.local/lib/python3.12/site-packages/airflow/example_dags/example_xcomargs.py
[2025-10-03T00:04:57.825+0000] {logging_mixin.py:188} INFO - [2025-10-03T00:04:57.825+0000] {dag.py:3096} INFO - Sync 2 DAGs
[2025-10-03T00:04:57.855+0000] {logging_mixin.py:188} INFO - [2025-10-03T00:04:57.854+0000] {dag.py:3954} INFO - Setting next_dagrun for example_xcom_args to None, run_after=None
[2025-10-03T00:04:57.863+0000] {logging_mixin.py:188} INFO - [2025-10-03T00:04:57.862+0000] {dag.py:3954} INFO - Setting next_dagrun for example_xcom_args_with_operators to None, run_after=None
[2025-10-03T00:04:57.900+0000] {processor.py:183} INFO - Processing /home/airflow/.local/lib/python3.12/site-packages/airflow/example_dags/example_xcomargs.py took 0.166 seconds
[2025-10-03T00:05:28.387+0000] {processor.py:161} INFO - Started process (PID=14983) to work on /home/airflow/.local/lib/python3.12/site-packages/airflow/example_dags/example_xcomargs.py
[2025-10-03T00:05:28.389+0000] {processor.py:830} INFO - Processing file /home/airflow/.local/lib/python3.12/site-packages/airflow/example_dags/example_xcomargs.py for tasks to queue
[2025-10-03T00:05:28.391+0000] {logging_mixin.py:188} INFO - [2025-10-03T00:05:28.391+0000] {dagbag.py:545} INFO - Filling up the DagBag from /home/airflow/.local/lib/python3.12/site-packages/airflow/example_dags/example_xcomargs.py
[2025-10-03T00:05:28.411+0000] {processor.py:840} INFO - DAG(s) 'example_xcom_args_with_operators', 'example_xcom_args' retrieved from /home/airflow/.local/lib/python3.12/site-packages/airflow/example_dags/example_xcomargs.py
[2025-10-03T00:05:28.465+0000] {logging_mixin.py:188} INFO - [2025-10-03T00:05:28.465+0000] {dag.py:3096} INFO - Sync 2 DAGs
[2025-10-03T00:05:28.493+0000] {logging_mixin.py:188} INFO - [2025-10-03T00:05:28.493+0000] {dag.py:3954} INFO - Setting next_dagrun for example_xcom_args to None, run_after=None
[2025-10-03T00:05:28.502+0000] {logging_mixin.py:188} INFO - [2025-10-03T00:05:28.502+0000] {dag.py:3954} INFO - Setting next_dagrun for example_xcom_args_with_operators to None, run_after=None
[2025-10-03T00:05:28.539+0000] {processor.py:183} INFO - Processing /home/airflow/.local/lib/python3.12/site-packages/airflow/example_dags/example_xcomargs.py took 0.168 seconds
[2025-10-03T00:05:59.042+0000] {processor.py:161} INFO - Started process (PID=15036) to work on /home/airflow/.local/lib/python3.12/site-packages/airflow/example_dags/example_xcomargs.py
[2025-10-03T00:05:59.046+0000] {processor.py:830} INFO - Processing file /home/airflow/.local/lib/python3.12/site-packages/airflow/example_dags/example_xcomargs.py for tasks to queue
[2025-10-03T00:05:59.049+0000] {logging_mixin.py:188} INFO - [2025-10-03T00:05:59.048+0000] {dagbag.py:545} INFO - Filling up the DagBag from /home/airflow/.local/lib/python3.12/site-packages/airflow/example_dags/example_xcomargs.py
[2025-10-03T00:05:59.082+0000] {processor.py:840} INFO - DAG(s) 'example_xcom_args_with_operators', 'example_xcom_args' retrieved from /home/airflow/.local/lib/python3.12/site-packages/airflow/example_dags/example_xcomargs.py
[2025-10-03T00:05:59.222+0000] {logging_mixin.py:188} INFO - [2025-10-03T00:05:59.221+0000] {dag.py:3096} INFO - Sync 2 DAGs
[2025-10-03T00:05:59.326+0000] {logging_mixin.py:188} INFO - [2025-10-03T00:05:59.325+0000] {dag.py:3954} INFO - Setting next_dagrun for example_xcom_args to None, run_after=None
[2025-10-03T00:05:59.342+0000] {logging_mixin.py:188} INFO - [2025-10-03T00:05:59.341+0000] {dag.py:3954} INFO - Setting next_dagrun for example_xcom_args_with_operators to None, run_after=None
[2025-10-03T00:05:59.440+0000] {processor.py:183} INFO - Processing /home/airflow/.local/lib/python3.12/site-packages/airflow/example_dags/example_xcomargs.py took 0.422 seconds
[2025-10-03T00:06:29.753+0000] {processor.py:161} INFO - Started process (PID=15089) to work on /home/airflow/.local/lib/python3.12/site-packages/airflow/example_dags/example_xcomargs.py
[2025-10-03T00:06:29.755+0000] {processor.py:830} INFO - Processing file /home/airflow/.local/lib/python3.12/site-packages/airflow/example_dags/example_xcomargs.py for tasks to queue
[2025-10-03T00:06:29.757+0000] {logging_mixin.py:188} INFO - [2025-10-03T00:06:29.756+0000] {dagbag.py:545} INFO - Filling up the DagBag from /home/airflow/.local/lib/python3.12/site-packages/airflow/example_dags/example_xcomargs.py
[2025-10-03T00:06:29.779+0000] {processor.py:840} INFO - DAG(s) 'example_xcom_args_with_operators', 'example_xcom_args' retrieved from /home/airflow/.local/lib/python3.12/site-packages/airflow/example_dags/example_xcomargs.py
[2025-10-03T00:06:29.878+0000] {logging_mixin.py:188} INFO - [2025-10-03T00:06:29.877+0000] {dag.py:3096} INFO - Sync 2 DAGs
[2025-10-03T00:06:29.936+0000] {logging_mixin.py:188} INFO - [2025-10-03T00:06:29.935+0000] {dag.py:3954} INFO - Setting next_dagrun for example_xcom_args to None, run_after=None
[2025-10-03T00:06:29.952+0000] {logging_mixin.py:188} INFO - [2025-10-03T00:06:29.951+0000] {dag.py:3954} INFO - Setting next_dagrun for example_xcom_args_with_operators to None, run_after=None
[2025-10-03T00:06:30.002+0000] {processor.py:183} INFO - Processing /home/airflow/.local/lib/python3.12/site-packages/airflow/example_dags/example_xcomargs.py took 0.265 seconds
[2025-10-03T00:07:01.052+0000] {processor.py:161} INFO - Started process (PID=15142) to work on /home/airflow/.local/lib/python3.12/site-packages/airflow/example_dags/example_xcomargs.py
[2025-10-03T00:07:01.055+0000] {processor.py:830} INFO - Processing file /home/airflow/.local/lib/python3.12/site-packages/airflow/example_dags/example_xcomargs.py for tasks to queue
[2025-10-03T00:07:01.057+0000] {logging_mixin.py:188} INFO - [2025-10-03T00:07:01.056+0000] {dagbag.py:545} INFO - Filling up the DagBag from /home/airflow/.local/lib/python3.12/site-packages/airflow/example_dags/example_xcomargs.py
[2025-10-03T00:07:01.079+0000] {processor.py:840} INFO - DAG(s) 'example_xcom_args', 'example_xcom_args_with_operators' retrieved from /home/airflow/.local/lib/python3.12/site-packages/airflow/example_dags/example_xcomargs.py
[2025-10-03T00:07:01.137+0000] {logging_mixin.py:188} INFO - [2025-10-03T00:07:01.137+0000] {dag.py:3096} INFO - Sync 2 DAGs
[2025-10-03T00:07:01.166+0000] {logging_mixin.py:188} INFO - [2025-10-03T00:07:01.165+0000] {dag.py:3954} INFO - Setting next_dagrun for example_xcom_args to None, run_after=None
[2025-10-03T00:07:01.174+0000] {logging_mixin.py:188} INFO - [2025-10-03T00:07:01.173+0000] {dag.py:3954} INFO - Setting next_dagrun for example_xcom_args_with_operators to None, run_after=None
[2025-10-03T00:07:01.215+0000] {processor.py:183} INFO - Processing /home/airflow/.local/lib/python3.12/site-packages/airflow/example_dags/example_xcomargs.py took 0.181 seconds
[2025-10-03T00:07:31.666+0000] {processor.py:161} INFO - Started process (PID=15195) to work on /home/airflow/.local/lib/python3.12/site-packages/airflow/example_dags/example_xcomargs.py
[2025-10-03T00:07:31.668+0000] {processor.py:830} INFO - Processing file /home/airflow/.local/lib/python3.12/site-packages/airflow/example_dags/example_xcomargs.py for tasks to queue
[2025-10-03T00:07:31.672+0000] {logging_mixin.py:188} INFO - [2025-10-03T00:07:31.671+0000] {dagbag.py:545} INFO - Filling up the DagBag from /home/airflow/.local/lib/python3.12/site-packages/airflow/example_dags/example_xcomargs.py
[2025-10-03T00:07:31.702+0000] {processor.py:840} INFO - DAG(s) 'example_xcom_args', 'example_xcom_args_with_operators' retrieved from /home/airflow/.local/lib/python3.12/site-packages/airflow/example_dags/example_xcomargs.py
[2025-10-03T00:07:31.756+0000] {logging_mixin.py:188} INFO - [2025-10-03T00:07:31.755+0000] {dag.py:3096} INFO - Sync 2 DAGs
[2025-10-03T00:07:31.786+0000] {logging_mixin.py:188} INFO - [2025-10-03T00:07:31.785+0000] {dag.py:3954} INFO - Setting next_dagrun for example_xcom_args to None, run_after=None
[2025-10-03T00:07:31.794+0000] {logging_mixin.py:188} INFO - [2025-10-03T00:07:31.794+0000] {dag.py:3954} INFO - Setting next_dagrun for example_xcom_args_with_operators to None, run_after=None
[2025-10-03T00:07:31.831+0000] {processor.py:183} INFO - Processing /home/airflow/.local/lib/python3.12/site-packages/airflow/example_dags/example_xcomargs.py took 0.205 seconds
[2025-10-03T00:08:02.429+0000] {processor.py:161} INFO - Started process (PID=15248) to work on /home/airflow/.local/lib/python3.12/site-packages/airflow/example_dags/example_xcomargs.py
[2025-10-03T00:08:02.431+0000] {processor.py:830} INFO - Processing file /home/airflow/.local/lib/python3.12/site-packages/airflow/example_dags/example_xcomargs.py for tasks to queue
[2025-10-03T00:08:02.434+0000] {logging_mixin.py:188} INFO - [2025-10-03T00:08:02.433+0000] {dagbag.py:545} INFO - Filling up the DagBag from /home/airflow/.local/lib/python3.12/site-packages/airflow/example_dags/example_xcomargs.py
[2025-10-03T00:08:02.454+0000] {processor.py:840} INFO - DAG(s) 'example_xcom_args_with_operators', 'example_xcom_args' retrieved from /home/airflow/.local/lib/python3.12/site-packages/airflow/example_dags/example_xcomargs.py
[2025-10-03T00:08:02.526+0000] {logging_mixin.py:188} INFO - [2025-10-03T00:08:02.525+0000] {dag.py:3096} INFO - Sync 2 DAGs
[2025-10-03T00:08:02.554+0000] {logging_mixin.py:188} INFO - [2025-10-03T00:08:02.554+0000] {dag.py:3954} INFO - Setting next_dagrun for example_xcom_args to None, run_after=None
[2025-10-03T00:08:02.566+0000] {logging_mixin.py:188} INFO - [2025-10-03T00:08:02.566+0000] {dag.py:3954} INFO - Setting next_dagrun for example_xcom_args_with_operators to None, run_after=None
[2025-10-03T00:08:02.618+0000] {processor.py:183} INFO - Processing /home/airflow/.local/lib/python3.12/site-packages/airflow/example_dags/example_xcomargs.py took 0.203 seconds
[2025-10-03T00:08:33.122+0000] {processor.py:161} INFO - Started process (PID=15301) to work on /home/airflow/.local/lib/python3.12/site-packages/airflow/example_dags/example_xcomargs.py
[2025-10-03T00:08:33.124+0000] {processor.py:830} INFO - Processing file /home/airflow/.local/lib/python3.12/site-packages/airflow/example_dags/example_xcomargs.py for tasks to queue
[2025-10-03T00:08:33.126+0000] {logging_mixin.py:188} INFO - [2025-10-03T00:08:33.126+0000] {dagbag.py:545} INFO - Filling up the DagBag from /home/airflow/.local/lib/python3.12/site-packages/airflow/example_dags/example_xcomargs.py
[2025-10-03T00:08:33.146+0000] {processor.py:840} INFO - DAG(s) 'example_xcom_args', 'example_xcom_args_with_operators' retrieved from /home/airflow/.local/lib/python3.12/site-packages/airflow/example_dags/example_xcomargs.py
[2025-10-03T00:08:33.203+0000] {logging_mixin.py:188} INFO - [2025-10-03T00:08:33.202+0000] {dag.py:3096} INFO - Sync 2 DAGs
[2025-10-03T00:08:33.237+0000] {logging_mixin.py:188} INFO - [2025-10-03T00:08:33.237+0000] {dag.py:3954} INFO - Setting next_dagrun for example_xcom_args to None, run_after=None
[2025-10-03T00:08:33.246+0000] {logging_mixin.py:188} INFO - [2025-10-03T00:08:33.245+0000] {dag.py:3954} INFO - Setting next_dagrun for example_xcom_args_with_operators to None, run_after=None
[2025-10-03T00:08:33.289+0000] {processor.py:183} INFO - Processing /home/airflow/.local/lib/python3.12/site-packages/airflow/example_dags/example_xcomargs.py took 0.183 seconds
[2025-10-03T00:09:03.844+0000] {processor.py:161} INFO - Started process (PID=15354) to work on /home/airflow/.local/lib/python3.12/site-packages/airflow/example_dags/example_xcomargs.py
[2025-10-03T00:09:03.849+0000] {processor.py:830} INFO - Processing file /home/airflow/.local/lib/python3.12/site-packages/airflow/example_dags/example_xcomargs.py for tasks to queue
[2025-10-03T00:09:03.861+0000] {logging_mixin.py:188} INFO - [2025-10-03T00:09:03.859+0000] {dagbag.py:545} INFO - Filling up the DagBag from /home/airflow/.local/lib/python3.12/site-packages/airflow/example_dags/example_xcomargs.py
[2025-10-03T00:09:03.911+0000] {processor.py:840} INFO - DAG(s) 'example_xcom_args_with_operators', 'example_xcom_args' retrieved from /home/airflow/.local/lib/python3.12/site-packages/airflow/example_dags/example_xcomargs.py
[2025-10-03T00:09:04.076+0000] {logging_mixin.py:188} INFO - [2025-10-03T00:09:04.074+0000] {dag.py:3096} INFO - Sync 2 DAGs
[2025-10-03T00:09:04.122+0000] {logging_mixin.py:188} INFO - [2025-10-03T00:09:04.121+0000] {dag.py:3954} INFO - Setting next_dagrun for example_xcom_args to None, run_after=None
[2025-10-03T00:09:04.135+0000] {logging_mixin.py:188} INFO - [2025-10-03T00:09:04.134+0000] {dag.py:3954} INFO - Setting next_dagrun for example_xcom_args_with_operators to None, run_after=None
[2025-10-03T00:09:04.198+0000] {processor.py:183} INFO - Processing /home/airflow/.local/lib/python3.12/site-packages/airflow/example_dags/example_xcomargs.py took 0.389 seconds
[2025-10-03T00:09:34.590+0000] {processor.py:161} INFO - Started process (PID=15407) to work on /home/airflow/.local/lib/python3.12/site-packages/airflow/example_dags/example_xcomargs.py
[2025-10-03T00:09:34.596+0000] {processor.py:830} INFO - Processing file /home/airflow/.local/lib/python3.12/site-packages/airflow/example_dags/example_xcomargs.py for tasks to queue
[2025-10-03T00:09:34.601+0000] {logging_mixin.py:188} INFO - [2025-10-03T00:09:34.599+0000] {dagbag.py:545} INFO - Filling up the DagBag from /home/airflow/.local/lib/python3.12/site-packages/airflow/example_dags/example_xcomargs.py
[2025-10-03T00:09:34.653+0000] {processor.py:840} INFO - DAG(s) 'example_xcom_args', 'example_xcom_args_with_operators' retrieved from /home/airflow/.local/lib/python3.12/site-packages/airflow/example_dags/example_xcomargs.py
[2025-10-03T00:09:34.797+0000] {logging_mixin.py:188} INFO - [2025-10-03T00:09:34.796+0000] {dag.py:3096} INFO - Sync 2 DAGs
[2025-10-03T00:09:34.848+0000] {logging_mixin.py:188} INFO - [2025-10-03T00:09:34.848+0000] {dag.py:3954} INFO - Setting next_dagrun for example_xcom_args to None, run_after=None
[2025-10-03T00:09:34.862+0000] {logging_mixin.py:188} INFO - [2025-10-03T00:09:34.861+0000] {dag.py:3954} INFO - Setting next_dagrun for example_xcom_args_with_operators to None, run_after=None
[2025-10-03T00:09:34.923+0000] {processor.py:183} INFO - Processing /home/airflow/.local/lib/python3.12/site-packages/airflow/example_dags/example_xcomargs.py took 0.365 seconds
[2025-10-03T00:10:05.607+0000] {processor.py:161} INFO - Started process (PID=15460) to work on /home/airflow/.local/lib/python3.12/site-packages/airflow/example_dags/example_xcomargs.py
[2025-10-03T00:10:05.610+0000] {processor.py:830} INFO - Processing file /home/airflow/.local/lib/python3.12/site-packages/airflow/example_dags/example_xcomargs.py for tasks to queue
[2025-10-03T00:10:05.613+0000] {logging_mixin.py:188} INFO - [2025-10-03T00:10:05.612+0000] {dagbag.py:545} INFO - Filling up the DagBag from /home/airflow/.local/lib/python3.12/site-packages/airflow/example_dags/example_xcomargs.py
[2025-10-03T00:10:05.636+0000] {processor.py:840} INFO - DAG(s) 'example_xcom_args', 'example_xcom_args_with_operators' retrieved from /home/airflow/.local/lib/python3.12/site-packages/airflow/example_dags/example_xcomargs.py
[2025-10-03T00:10:05.702+0000] {logging_mixin.py:188} INFO - [2025-10-03T00:10:05.702+0000] {dag.py:3096} INFO - Sync 2 DAGs
[2025-10-03T00:10:05.737+0000] {logging_mixin.py:188} INFO - [2025-10-03T00:10:05.736+0000] {dag.py:3954} INFO - Setting next_dagrun for example_xcom_args to None, run_after=None
[2025-10-03T00:10:05.749+0000] {logging_mixin.py:188} INFO - [2025-10-03T00:10:05.748+0000] {dag.py:3954} INFO - Setting next_dagrun for example_xcom_args_with_operators to None, run_after=None
[2025-10-03T00:10:05.803+0000] {processor.py:183} INFO - Processing /home/airflow/.local/lib/python3.12/site-packages/airflow/example_dags/example_xcomargs.py took 0.212 seconds
[2025-10-03T00:10:35.954+0000] {processor.py:161} INFO - Started process (PID=15513) to work on /home/airflow/.local/lib/python3.12/site-packages/airflow/example_dags/example_xcomargs.py
[2025-10-03T00:10:35.957+0000] {processor.py:830} INFO - Processing file /home/airflow/.local/lib/python3.12/site-packages/airflow/example_dags/example_xcomargs.py for tasks to queue
[2025-10-03T00:10:35.959+0000] {logging_mixin.py:188} INFO - [2025-10-03T00:10:35.958+0000] {dagbag.py:545} INFO - Filling up the DagBag from /home/airflow/.local/lib/python3.12/site-packages/airflow/example_dags/example_xcomargs.py
[2025-10-03T00:10:35.993+0000] {processor.py:840} INFO - DAG(s) 'example_xcom_args', 'example_xcom_args_with_operators' retrieved from /home/airflow/.local/lib/python3.12/site-packages/airflow/example_dags/example_xcomargs.py
[2025-10-03T00:10:36.084+0000] {logging_mixin.py:188} INFO - [2025-10-03T00:10:36.083+0000] {dag.py:3096} INFO - Sync 2 DAGs
[2025-10-03T00:10:36.133+0000] {logging_mixin.py:188} INFO - [2025-10-03T00:10:36.132+0000] {dag.py:3954} INFO - Setting next_dagrun for example_xcom_args to None, run_after=None
[2025-10-03T00:10:36.146+0000] {logging_mixin.py:188} INFO - [2025-10-03T00:10:36.145+0000] {dag.py:3954} INFO - Setting next_dagrun for example_xcom_args_with_operators to None, run_after=None
[2025-10-03T00:10:36.192+0000] {processor.py:183} INFO - Processing /home/airflow/.local/lib/python3.12/site-packages/airflow/example_dags/example_xcomargs.py took 0.259 seconds
[2025-10-03T00:11:06.969+0000] {processor.py:161} INFO - Started process (PID=15566) to work on /home/airflow/.local/lib/python3.12/site-packages/airflow/example_dags/example_xcomargs.py
[2025-10-03T00:11:06.974+0000] {processor.py:830} INFO - Processing file /home/airflow/.local/lib/python3.12/site-packages/airflow/example_dags/example_xcomargs.py for tasks to queue
[2025-10-03T00:11:06.977+0000] {logging_mixin.py:188} INFO - [2025-10-03T00:11:06.976+0000] {dagbag.py:545} INFO - Filling up the DagBag from /home/airflow/.local/lib/python3.12/site-packages/airflow/example_dags/example_xcomargs.py
[2025-10-03T00:11:07.014+0000] {processor.py:840} INFO - DAG(s) 'example_xcom_args', 'example_xcom_args_with_operators' retrieved from /home/airflow/.local/lib/python3.12/site-packages/airflow/example_dags/example_xcomargs.py
[2025-10-03T00:11:07.110+0000] {logging_mixin.py:188} INFO - [2025-10-03T00:11:07.109+0000] {dag.py:3096} INFO - Sync 2 DAGs
[2025-10-03T00:11:07.159+0000] {logging_mixin.py:188} INFO - [2025-10-03T00:11:07.158+0000] {dag.py:3954} INFO - Setting next_dagrun for example_xcom_args to None, run_after=None
[2025-10-03T00:11:07.174+0000] {logging_mixin.py:188} INFO - [2025-10-03T00:11:07.173+0000] {dag.py:3954} INFO - Setting next_dagrun for example_xcom_args_with_operators to None, run_after=None
[2025-10-03T00:11:07.228+0000] {processor.py:183} INFO - Processing /home/airflow/.local/lib/python3.12/site-packages/airflow/example_dags/example_xcomargs.py took 0.284 seconds
[2025-10-03T00:11:38.038+0000] {processor.py:161} INFO - Started process (PID=15619) to work on /home/airflow/.local/lib/python3.12/site-packages/airflow/example_dags/example_xcomargs.py
[2025-10-03T00:11:38.041+0000] {processor.py:830} INFO - Processing file /home/airflow/.local/lib/python3.12/site-packages/airflow/example_dags/example_xcomargs.py for tasks to queue
[2025-10-03T00:11:38.043+0000] {logging_mixin.py:188} INFO - [2025-10-03T00:11:38.042+0000] {dagbag.py:545} INFO - Filling up the DagBag from /home/airflow/.local/lib/python3.12/site-packages/airflow/example_dags/example_xcomargs.py
[2025-10-03T00:11:38.065+0000] {processor.py:840} INFO - DAG(s) 'example_xcom_args_with_operators', 'example_xcom_args' retrieved from /home/airflow/.local/lib/python3.12/site-packages/airflow/example_dags/example_xcomargs.py
[2025-10-03T00:11:38.126+0000] {logging_mixin.py:188} INFO - [2025-10-03T00:11:38.126+0000] {dag.py:3096} INFO - Sync 2 DAGs
[2025-10-03T00:11:38.160+0000] {logging_mixin.py:188} INFO - [2025-10-03T00:11:38.160+0000] {dag.py:3954} INFO - Setting next_dagrun for example_xcom_args to None, run_after=None
[2025-10-03T00:11:38.169+0000] {logging_mixin.py:188} INFO - [2025-10-03T00:11:38.169+0000] {dag.py:3954} INFO - Setting next_dagrun for example_xcom_args_with_operators to None, run_after=None
[2025-10-03T00:11:38.210+0000] {processor.py:183} INFO - Processing /home/airflow/.local/lib/python3.12/site-packages/airflow/example_dags/example_xcomargs.py took 0.187 seconds
[2025-10-03T00:12:08.592+0000] {processor.py:161} INFO - Started process (PID=15673) to work on /home/airflow/.local/lib/python3.12/site-packages/airflow/example_dags/example_xcomargs.py
[2025-10-03T00:12:08.594+0000] {processor.py:830} INFO - Processing file /home/airflow/.local/lib/python3.12/site-packages/airflow/example_dags/example_xcomargs.py for tasks to queue
[2025-10-03T00:12:08.597+0000] {logging_mixin.py:188} INFO - [2025-10-03T00:12:08.596+0000] {dagbag.py:545} INFO - Filling up the DagBag from /home/airflow/.local/lib/python3.12/site-packages/airflow/example_dags/example_xcomargs.py
[2025-10-03T00:12:08.626+0000] {processor.py:840} INFO - DAG(s) 'example_xcom_args', 'example_xcom_args_with_operators' retrieved from /home/airflow/.local/lib/python3.12/site-packages/airflow/example_dags/example_xcomargs.py
[2025-10-03T00:12:08.709+0000] {logging_mixin.py:188} INFO - [2025-10-03T00:12:08.708+0000] {dag.py:3096} INFO - Sync 2 DAGs
[2025-10-03T00:12:08.772+0000] {logging_mixin.py:188} INFO - [2025-10-03T00:12:08.771+0000] {dag.py:3954} INFO - Setting next_dagrun for example_xcom_args to None, run_after=None
[2025-10-03T00:12:08.787+0000] {logging_mixin.py:188} INFO - [2025-10-03T00:12:08.787+0000] {dag.py:3954} INFO - Setting next_dagrun for example_xcom_args_with_operators to None, run_after=None
[2025-10-03T00:12:08.860+0000] {processor.py:183} INFO - Processing /home/airflow/.local/lib/python3.12/site-packages/airflow/example_dags/example_xcomargs.py took 0.289 seconds
[2025-10-03T00:12:39.136+0000] {processor.py:161} INFO - Started process (PID=15726) to work on /home/airflow/.local/lib/python3.12/site-packages/airflow/example_dags/example_xcomargs.py
[2025-10-03T00:12:39.139+0000] {processor.py:830} INFO - Processing file /home/airflow/.local/lib/python3.12/site-packages/airflow/example_dags/example_xcomargs.py for tasks to queue
[2025-10-03T00:12:39.142+0000] {logging_mixin.py:188} INFO - [2025-10-03T00:12:39.141+0000] {dagbag.py:545} INFO - Filling up the DagBag from /home/airflow/.local/lib/python3.12/site-packages/airflow/example_dags/example_xcomargs.py
[2025-10-03T00:12:39.168+0000] {processor.py:840} INFO - DAG(s) 'example_xcom_args', 'example_xcom_args_with_operators' retrieved from /home/airflow/.local/lib/python3.12/site-packages/airflow/example_dags/example_xcomargs.py
[2025-10-03T00:12:39.238+0000] {logging_mixin.py:188} INFO - [2025-10-03T00:12:39.237+0000] {dag.py:3096} INFO - Sync 2 DAGs
[2025-10-03T00:12:39.295+0000] {logging_mixin.py:188} INFO - [2025-10-03T00:12:39.294+0000] {dag.py:3954} INFO - Setting next_dagrun for example_xcom_args to None, run_after=None
[2025-10-03T00:12:39.313+0000] {logging_mixin.py:188} INFO - [2025-10-03T00:12:39.312+0000] {dag.py:3954} INFO - Setting next_dagrun for example_xcom_args_with_operators to None, run_after=None
[2025-10-03T00:12:39.382+0000] {processor.py:183} INFO - Processing /home/airflow/.local/lib/python3.12/site-packages/airflow/example_dags/example_xcomargs.py took 0.267 seconds
[2025-10-03T00:13:09.711+0000] {processor.py:161} INFO - Started process (PID=15779) to work on /home/airflow/.local/lib/python3.12/site-packages/airflow/example_dags/example_xcomargs.py
[2025-10-03T00:13:09.714+0000] {processor.py:830} INFO - Processing file /home/airflow/.local/lib/python3.12/site-packages/airflow/example_dags/example_xcomargs.py for tasks to queue
[2025-10-03T00:13:09.724+0000] {logging_mixin.py:188} INFO - [2025-10-03T00:13:09.721+0000] {dagbag.py:545} INFO - Filling up the DagBag from /home/airflow/.local/lib/python3.12/site-packages/airflow/example_dags/example_xcomargs.py
[2025-10-03T00:13:09.754+0000] {processor.py:840} INFO - DAG(s) 'example_xcom_args_with_operators', 'example_xcom_args' retrieved from /home/airflow/.local/lib/python3.12/site-packages/airflow/example_dags/example_xcomargs.py
[2025-10-03T00:13:09.819+0000] {logging_mixin.py:188} INFO - [2025-10-03T00:13:09.818+0000] {dag.py:3096} INFO - Sync 2 DAGs
[2025-10-03T00:13:09.854+0000] {logging_mixin.py:188} INFO - [2025-10-03T00:13:09.853+0000] {dag.py:3954} INFO - Setting next_dagrun for example_xcom_args to None, run_after=None
[2025-10-03T00:13:09.863+0000] {logging_mixin.py:188} INFO - [2025-10-03T00:13:09.862+0000] {dag.py:3954} INFO - Setting next_dagrun for example_xcom_args_with_operators to None, run_after=None
[2025-10-03T00:13:09.907+0000] {processor.py:183} INFO - Processing /home/airflow/.local/lib/python3.12/site-packages/airflow/example_dags/example_xcomargs.py took 0.233 seconds
[2025-10-03T00:13:40.900+0000] {processor.py:161} INFO - Started process (PID=15832) to work on /home/airflow/.local/lib/python3.12/site-packages/airflow/example_dags/example_xcomargs.py
[2025-10-03T00:13:40.902+0000] {processor.py:830} INFO - Processing file /home/airflow/.local/lib/python3.12/site-packages/airflow/example_dags/example_xcomargs.py for tasks to queue
[2025-10-03T00:13:40.905+0000] {logging_mixin.py:188} INFO - [2025-10-03T00:13:40.904+0000] {dagbag.py:545} INFO - Filling up the DagBag from /home/airflow/.local/lib/python3.12/site-packages/airflow/example_dags/example_xcomargs.py
[2025-10-03T00:13:40.933+0000] {processor.py:840} INFO - DAG(s) 'example_xcom_args', 'example_xcom_args_with_operators' retrieved from /home/airflow/.local/lib/python3.12/site-packages/airflow/example_dags/example_xcomargs.py
[2025-10-03T00:13:41.023+0000] {logging_mixin.py:188} INFO - [2025-10-03T00:13:41.022+0000] {dag.py:3096} INFO - Sync 2 DAGs
[2025-10-03T00:13:41.061+0000] {logging_mixin.py:188} INFO - [2025-10-03T00:13:41.061+0000] {dag.py:3954} INFO - Setting next_dagrun for example_xcom_args to None, run_after=None
[2025-10-03T00:13:41.074+0000] {logging_mixin.py:188} INFO - [2025-10-03T00:13:41.073+0000] {dag.py:3954} INFO - Setting next_dagrun for example_xcom_args_with_operators to None, run_after=None
[2025-10-03T00:13:41.124+0000] {processor.py:183} INFO - Processing /home/airflow/.local/lib/python3.12/site-packages/airflow/example_dags/example_xcomargs.py took 0.243 seconds
[2025-10-03T00:14:11.752+0000] {processor.py:161} INFO - Started process (PID=15885) to work on /home/airflow/.local/lib/python3.12/site-packages/airflow/example_dags/example_xcomargs.py
[2025-10-03T00:14:11.755+0000] {processor.py:830} INFO - Processing file /home/airflow/.local/lib/python3.12/site-packages/airflow/example_dags/example_xcomargs.py for tasks to queue
[2025-10-03T00:14:11.758+0000] {logging_mixin.py:188} INFO - [2025-10-03T00:14:11.757+0000] {dagbag.py:545} INFO - Filling up the DagBag from /home/airflow/.local/lib/python3.12/site-packages/airflow/example_dags/example_xcomargs.py
[2025-10-03T00:14:11.784+0000] {processor.py:840} INFO - DAG(s) 'example_xcom_args', 'example_xcom_args_with_operators' retrieved from /home/airflow/.local/lib/python3.12/site-packages/airflow/example_dags/example_xcomargs.py
[2025-10-03T00:14:11.863+0000] {logging_mixin.py:188} INFO - [2025-10-03T00:14:11.862+0000] {dag.py:3096} INFO - Sync 2 DAGs
[2025-10-03T00:14:11.897+0000] {logging_mixin.py:188} INFO - [2025-10-03T00:14:11.896+0000] {dag.py:3954} INFO - Setting next_dagrun for example_xcom_args to None, run_after=None
[2025-10-03T00:14:11.907+0000] {logging_mixin.py:188} INFO - [2025-10-03T00:14:11.907+0000] {dag.py:3954} INFO - Setting next_dagrun for example_xcom_args_with_operators to None, run_after=None
[2025-10-03T00:14:11.950+0000] {processor.py:183} INFO - Processing /home/airflow/.local/lib/python3.12/site-packages/airflow/example_dags/example_xcomargs.py took 0.219 seconds
[2025-10-03T00:14:42.348+0000] {processor.py:161} INFO - Started process (PID=15938) to work on /home/airflow/.local/lib/python3.12/site-packages/airflow/example_dags/example_xcomargs.py
[2025-10-03T00:14:42.352+0000] {processor.py:830} INFO - Processing file /home/airflow/.local/lib/python3.12/site-packages/airflow/example_dags/example_xcomargs.py for tasks to queue
[2025-10-03T00:14:42.355+0000] {logging_mixin.py:188} INFO - [2025-10-03T00:14:42.353+0000] {dagbag.py:545} INFO - Filling up the DagBag from /home/airflow/.local/lib/python3.12/site-packages/airflow/example_dags/example_xcomargs.py
[2025-10-03T00:14:42.385+0000] {processor.py:840} INFO - DAG(s) 'example_xcom_args_with_operators', 'example_xcom_args' retrieved from /home/airflow/.local/lib/python3.12/site-packages/airflow/example_dags/example_xcomargs.py
[2025-10-03T00:14:42.453+0000] {logging_mixin.py:188} INFO - [2025-10-03T00:14:42.452+0000] {dag.py:3096} INFO - Sync 2 DAGs
[2025-10-03T00:14:42.483+0000] {logging_mixin.py:188} INFO - [2025-10-03T00:14:42.482+0000] {dag.py:3954} INFO - Setting next_dagrun for example_xcom_args to None, run_after=None
[2025-10-03T00:14:42.491+0000] {logging_mixin.py:188} INFO - [2025-10-03T00:14:42.491+0000] {dag.py:3954} INFO - Setting next_dagrun for example_xcom_args_with_operators to None, run_after=None
[2025-10-03T00:14:42.526+0000] {processor.py:183} INFO - Processing /home/airflow/.local/lib/python3.12/site-packages/airflow/example_dags/example_xcomargs.py took 0.205 seconds
[2025-10-03T00:15:12.850+0000] {processor.py:161} INFO - Started process (PID=15992) to work on /home/airflow/.local/lib/python3.12/site-packages/airflow/example_dags/example_xcomargs.py
[2025-10-03T00:15:12.854+0000] {processor.py:830} INFO - Processing file /home/airflow/.local/lib/python3.12/site-packages/airflow/example_dags/example_xcomargs.py for tasks to queue
[2025-10-03T00:15:12.856+0000] {logging_mixin.py:188} INFO - [2025-10-03T00:15:12.855+0000] {dagbag.py:545} INFO - Filling up the DagBag from /home/airflow/.local/lib/python3.12/site-packages/airflow/example_dags/example_xcomargs.py
[2025-10-03T00:15:12.880+0000] {processor.py:840} INFO - DAG(s) 'example_xcom_args_with_operators', 'example_xcom_args' retrieved from /home/airflow/.local/lib/python3.12/site-packages/airflow/example_dags/example_xcomargs.py
[2025-10-03T00:15:12.943+0000] {logging_mixin.py:188} INFO - [2025-10-03T00:15:12.942+0000] {dag.py:3096} INFO - Sync 2 DAGs
[2025-10-03T00:15:12.980+0000] {logging_mixin.py:188} INFO - [2025-10-03T00:15:12.980+0000] {dag.py:3954} INFO - Setting next_dagrun for example_xcom_args to None, run_after=None
[2025-10-03T00:15:12.997+0000] {logging_mixin.py:188} INFO - [2025-10-03T00:15:12.996+0000] {dag.py:3954} INFO - Setting next_dagrun for example_xcom_args_with_operators to None, run_after=None
[2025-10-03T00:15:13.041+0000] {processor.py:183} INFO - Processing /home/airflow/.local/lib/python3.12/site-packages/airflow/example_dags/example_xcomargs.py took 0.211 seconds
[2025-10-03T00:15:43.536+0000] {processor.py:161} INFO - Started process (PID=16044) to work on /home/airflow/.local/lib/python3.12/site-packages/airflow/example_dags/example_xcomargs.py
[2025-10-03T00:15:43.539+0000] {processor.py:830} INFO - Processing file /home/airflow/.local/lib/python3.12/site-packages/airflow/example_dags/example_xcomargs.py for tasks to queue
[2025-10-03T00:15:43.542+0000] {logging_mixin.py:188} INFO - [2025-10-03T00:15:43.541+0000] {dagbag.py:545} INFO - Filling up the DagBag from /home/airflow/.local/lib/python3.12/site-packages/airflow/example_dags/example_xcomargs.py
[2025-10-03T00:15:43.564+0000] {processor.py:840} INFO - DAG(s) 'example_xcom_args', 'example_xcom_args_with_operators' retrieved from /home/airflow/.local/lib/python3.12/site-packages/airflow/example_dags/example_xcomargs.py
[2025-10-03T00:15:43.627+0000] {logging_mixin.py:188} INFO - [2025-10-03T00:15:43.626+0000] {dag.py:3096} INFO - Sync 2 DAGs
[2025-10-03T00:15:43.664+0000] {logging_mixin.py:188} INFO - [2025-10-03T00:15:43.663+0000] {dag.py:3954} INFO - Setting next_dagrun for example_xcom_args to None, run_after=None
[2025-10-03T00:15:43.673+0000] {logging_mixin.py:188} INFO - [2025-10-03T00:15:43.673+0000] {dag.py:3954} INFO - Setting next_dagrun for example_xcom_args_with_operators to None, run_after=None
[2025-10-03T00:15:43.712+0000] {processor.py:183} INFO - Processing /home/airflow/.local/lib/python3.12/site-packages/airflow/example_dags/example_xcomargs.py took 0.193 seconds
[2025-10-03T00:16:14.086+0000] {processor.py:161} INFO - Started process (PID=16095) to work on /home/airflow/.local/lib/python3.12/site-packages/airflow/example_dags/example_xcomargs.py
[2025-10-03T00:16:14.089+0000] {processor.py:830} INFO - Processing file /home/airflow/.local/lib/python3.12/site-packages/airflow/example_dags/example_xcomargs.py for tasks to queue
[2025-10-03T00:16:14.091+0000] {logging_mixin.py:188} INFO - [2025-10-03T00:16:14.090+0000] {dagbag.py:545} INFO - Filling up the DagBag from /home/airflow/.local/lib/python3.12/site-packages/airflow/example_dags/example_xcomargs.py
[2025-10-03T00:16:14.111+0000] {processor.py:840} INFO - DAG(s) 'example_xcom_args', 'example_xcom_args_with_operators' retrieved from /home/airflow/.local/lib/python3.12/site-packages/airflow/example_dags/example_xcomargs.py
[2025-10-03T00:16:14.168+0000] {logging_mixin.py:188} INFO - [2025-10-03T00:16:14.168+0000] {dag.py:3096} INFO - Sync 2 DAGs
[2025-10-03T00:16:14.209+0000] {logging_mixin.py:188} INFO - [2025-10-03T00:16:14.208+0000] {dag.py:3954} INFO - Setting next_dagrun for example_xcom_args to None, run_after=None
[2025-10-03T00:16:14.219+0000] {logging_mixin.py:188} INFO - [2025-10-03T00:16:14.219+0000] {dag.py:3954} INFO - Setting next_dagrun for example_xcom_args_with_operators to None, run_after=None
[2025-10-03T00:16:14.261+0000] {processor.py:183} INFO - Processing /home/airflow/.local/lib/python3.12/site-packages/airflow/example_dags/example_xcomargs.py took 0.189 seconds
[2025-10-03T00:16:44.640+0000] {processor.py:161} INFO - Started process (PID=16148) to work on /home/airflow/.local/lib/python3.12/site-packages/airflow/example_dags/example_xcomargs.py
[2025-10-03T00:16:44.643+0000] {processor.py:830} INFO - Processing file /home/airflow/.local/lib/python3.12/site-packages/airflow/example_dags/example_xcomargs.py for tasks to queue
[2025-10-03T00:16:44.646+0000] {logging_mixin.py:188} INFO - [2025-10-03T00:16:44.645+0000] {dagbag.py:545} INFO - Filling up the DagBag from /home/airflow/.local/lib/python3.12/site-packages/airflow/example_dags/example_xcomargs.py
[2025-10-03T00:16:44.668+0000] {processor.py:840} INFO - DAG(s) 'example_xcom_args', 'example_xcom_args_with_operators' retrieved from /home/airflow/.local/lib/python3.12/site-packages/airflow/example_dags/example_xcomargs.py
[2025-10-03T00:16:44.730+0000] {logging_mixin.py:188} INFO - [2025-10-03T00:16:44.730+0000] {dag.py:3096} INFO - Sync 2 DAGs
[2025-10-03T00:16:44.759+0000] {logging_mixin.py:188} INFO - [2025-10-03T00:16:44.758+0000] {dag.py:3954} INFO - Setting next_dagrun for example_xcom_args to None, run_after=None
[2025-10-03T00:16:44.768+0000] {logging_mixin.py:188} INFO - [2025-10-03T00:16:44.767+0000] {dag.py:3954} INFO - Setting next_dagrun for example_xcom_args_with_operators to None, run_after=None
[2025-10-03T00:16:44.807+0000] {processor.py:183} INFO - Processing /home/airflow/.local/lib/python3.12/site-packages/airflow/example_dags/example_xcomargs.py took 0.184 seconds
[2025-10-03T00:17:15.973+0000] {processor.py:161} INFO - Started process (PID=16201) to work on /home/airflow/.local/lib/python3.12/site-packages/airflow/example_dags/example_xcomargs.py
[2025-10-03T00:17:15.977+0000] {processor.py:830} INFO - Processing file /home/airflow/.local/lib/python3.12/site-packages/airflow/example_dags/example_xcomargs.py for tasks to queue
[2025-10-03T00:17:15.980+0000] {logging_mixin.py:188} INFO - [2025-10-03T00:17:15.979+0000] {dagbag.py:545} INFO - Filling up the DagBag from /home/airflow/.local/lib/python3.12/site-packages/airflow/example_dags/example_xcomargs.py
[2025-10-03T00:17:16.015+0000] {processor.py:840} INFO - DAG(s) 'example_xcom_args_with_operators', 'example_xcom_args' retrieved from /home/airflow/.local/lib/python3.12/site-packages/airflow/example_dags/example_xcomargs.py
[2025-10-03T00:17:16.235+0000] {logging_mixin.py:188} INFO - [2025-10-03T00:17:16.234+0000] {dag.py:3096} INFO - Sync 2 DAGs
[2025-10-03T00:17:16.417+0000] {logging_mixin.py:188} INFO - [2025-10-03T00:17:16.416+0000] {dag.py:3954} INFO - Setting next_dagrun for example_xcom_args to None, run_after=None
[2025-10-03T00:17:16.448+0000] {logging_mixin.py:188} INFO - [2025-10-03T00:17:16.448+0000] {dag.py:3954} INFO - Setting next_dagrun for example_xcom_args_with_operators to None, run_after=None
[2025-10-03T00:17:16.560+0000] {processor.py:183} INFO - Processing /home/airflow/.local/lib/python3.12/site-packages/airflow/example_dags/example_xcomargs.py took 0.607 seconds
[2025-10-03T00:17:46.762+0000] {processor.py:161} INFO - Started process (PID=16255) to work on /home/airflow/.local/lib/python3.12/site-packages/airflow/example_dags/example_xcomargs.py
[2025-10-03T00:17:46.765+0000] {processor.py:830} INFO - Processing file /home/airflow/.local/lib/python3.12/site-packages/airflow/example_dags/example_xcomargs.py for tasks to queue
[2025-10-03T00:17:46.768+0000] {logging_mixin.py:188} INFO - [2025-10-03T00:17:46.767+0000] {dagbag.py:545} INFO - Filling up the DagBag from /home/airflow/.local/lib/python3.12/site-packages/airflow/example_dags/example_xcomargs.py
[2025-10-03T00:17:46.809+0000] {processor.py:840} INFO - DAG(s) 'example_xcom_args_with_operators', 'example_xcom_args' retrieved from /home/airflow/.local/lib/python3.12/site-packages/airflow/example_dags/example_xcomargs.py
[2025-10-03T00:17:46.869+0000] {logging_mixin.py:188} INFO - [2025-10-03T00:17:46.868+0000] {dag.py:3096} INFO - Sync 2 DAGs
[2025-10-03T00:17:46.965+0000] {logging_mixin.py:188} INFO - [2025-10-03T00:17:46.964+0000] {dag.py:3954} INFO - Setting next_dagrun for example_xcom_args to None, run_after=None
[2025-10-03T00:17:47.015+0000] {logging_mixin.py:188} INFO - [2025-10-03T00:17:47.014+0000] {dag.py:3954} INFO - Setting next_dagrun for example_xcom_args_with_operators to None, run_after=None
[2025-10-03T00:17:47.143+0000] {processor.py:183} INFO - Processing /home/airflow/.local/lib/python3.12/site-packages/airflow/example_dags/example_xcomargs.py took 0.408 seconds
[2025-10-03T00:18:18.289+0000] {processor.py:161} INFO - Started process (PID=16310) to work on /home/airflow/.local/lib/python3.12/site-packages/airflow/example_dags/example_xcomargs.py
[2025-10-03T00:18:18.294+0000] {processor.py:830} INFO - Processing file /home/airflow/.local/lib/python3.12/site-packages/airflow/example_dags/example_xcomargs.py for tasks to queue
[2025-10-03T00:18:18.301+0000] {logging_mixin.py:188} INFO - [2025-10-03T00:18:18.299+0000] {dagbag.py:545} INFO - Filling up the DagBag from /home/airflow/.local/lib/python3.12/site-packages/airflow/example_dags/example_xcomargs.py
[2025-10-03T00:18:18.341+0000] {processor.py:840} INFO - DAG(s) 'example_xcom_args', 'example_xcom_args_with_operators' retrieved from /home/airflow/.local/lib/python3.12/site-packages/airflow/example_dags/example_xcomargs.py
[2025-10-03T00:18:18.403+0000] {logging_mixin.py:188} INFO - [2025-10-03T00:18:18.402+0000] {dag.py:3096} INFO - Sync 2 DAGs
[2025-10-03T00:18:18.435+0000] {logging_mixin.py:188} INFO - [2025-10-03T00:18:18.435+0000] {dag.py:3954} INFO - Setting next_dagrun for example_xcom_args to None, run_after=None
[2025-10-03T00:18:18.444+0000] {logging_mixin.py:188} INFO - [2025-10-03T00:18:18.443+0000] {dag.py:3954} INFO - Setting next_dagrun for example_xcom_args_with_operators to None, run_after=None
[2025-10-03T00:18:18.486+0000] {processor.py:183} INFO - Processing /home/airflow/.local/lib/python3.12/site-packages/airflow/example_dags/example_xcomargs.py took 0.234 seconds
[2025-10-03T00:18:48.627+0000] {processor.py:161} INFO - Started process (PID=16362) to work on /home/airflow/.local/lib/python3.12/site-packages/airflow/example_dags/example_xcomargs.py
[2025-10-03T00:18:48.630+0000] {processor.py:830} INFO - Processing file /home/airflow/.local/lib/python3.12/site-packages/airflow/example_dags/example_xcomargs.py for tasks to queue
[2025-10-03T00:18:48.632+0000] {logging_mixin.py:188} INFO - [2025-10-03T00:18:48.631+0000] {dagbag.py:545} INFO - Filling up the DagBag from /home/airflow/.local/lib/python3.12/site-packages/airflow/example_dags/example_xcomargs.py
[2025-10-03T00:18:48.656+0000] {processor.py:840} INFO - DAG(s) 'example_xcom_args_with_operators', 'example_xcom_args' retrieved from /home/airflow/.local/lib/python3.12/site-packages/airflow/example_dags/example_xcomargs.py
[2025-10-03T00:18:48.715+0000] {logging_mixin.py:188} INFO - [2025-10-03T00:18:48.715+0000] {dag.py:3096} INFO - Sync 2 DAGs
[2025-10-03T00:18:48.746+0000] {logging_mixin.py:188} INFO - [2025-10-03T00:18:48.746+0000] {dag.py:3954} INFO - Setting next_dagrun for example_xcom_args to None, run_after=None
[2025-10-03T00:18:48.757+0000] {logging_mixin.py:188} INFO - [2025-10-03T00:18:48.757+0000] {dag.py:3954} INFO - Setting next_dagrun for example_xcom_args_with_operators to None, run_after=None
[2025-10-03T00:18:48.795+0000] {processor.py:183} INFO - Processing /home/airflow/.local/lib/python3.12/site-packages/airflow/example_dags/example_xcomargs.py took 0.183 seconds
[2025-10-03T00:19:19.870+0000] {processor.py:161} INFO - Started process (PID=16416) to work on /home/airflow/.local/lib/python3.12/site-packages/airflow/example_dags/example_xcomargs.py
[2025-10-03T00:19:19.872+0000] {processor.py:830} INFO - Processing file /home/airflow/.local/lib/python3.12/site-packages/airflow/example_dags/example_xcomargs.py for tasks to queue
[2025-10-03T00:19:19.874+0000] {logging_mixin.py:188} INFO - [2025-10-03T00:19:19.873+0000] {dagbag.py:545} INFO - Filling up the DagBag from /home/airflow/.local/lib/python3.12/site-packages/airflow/example_dags/example_xcomargs.py
[2025-10-03T00:19:19.894+0000] {processor.py:840} INFO - DAG(s) 'example_xcom_args_with_operators', 'example_xcom_args' retrieved from /home/airflow/.local/lib/python3.12/site-packages/airflow/example_dags/example_xcomargs.py
[2025-10-03T00:19:19.946+0000] {logging_mixin.py:188} INFO - [2025-10-03T00:19:19.946+0000] {dag.py:3096} INFO - Sync 2 DAGs
[2025-10-03T00:19:19.974+0000] {logging_mixin.py:188} INFO - [2025-10-03T00:19:19.974+0000] {dag.py:3954} INFO - Setting next_dagrun for example_xcom_args to None, run_after=None
[2025-10-03T00:19:19.983+0000] {logging_mixin.py:188} INFO - [2025-10-03T00:19:19.982+0000] {dag.py:3954} INFO - Setting next_dagrun for example_xcom_args_with_operators to None, run_after=None
[2025-10-03T00:19:20.019+0000] {processor.py:183} INFO - Processing /home/airflow/.local/lib/python3.12/site-packages/airflow/example_dags/example_xcomargs.py took 0.164 seconds
[2025-10-03T00:19:50.177+0000] {processor.py:161} INFO - Started process (PID=16469) to work on /home/airflow/.local/lib/python3.12/site-packages/airflow/example_dags/example_xcomargs.py
[2025-10-03T00:19:50.180+0000] {processor.py:830} INFO - Processing file /home/airflow/.local/lib/python3.12/site-packages/airflow/example_dags/example_xcomargs.py for tasks to queue
[2025-10-03T00:19:50.183+0000] {logging_mixin.py:188} INFO - [2025-10-03T00:19:50.182+0000] {dagbag.py:545} INFO - Filling up the DagBag from /home/airflow/.local/lib/python3.12/site-packages/airflow/example_dags/example_xcomargs.py
[2025-10-03T00:19:50.208+0000] {processor.py:840} INFO - DAG(s) 'example_xcom_args', 'example_xcom_args_with_operators' retrieved from /home/airflow/.local/lib/python3.12/site-packages/airflow/example_dags/example_xcomargs.py
[2025-10-03T00:19:50.269+0000] {logging_mixin.py:188} INFO - [2025-10-03T00:19:50.269+0000] {dag.py:3096} INFO - Sync 2 DAGs
[2025-10-03T00:19:50.300+0000] {logging_mixin.py:188} INFO - [2025-10-03T00:19:50.299+0000] {dag.py:3954} INFO - Setting next_dagrun for example_xcom_args to None, run_after=None
[2025-10-03T00:19:50.308+0000] {logging_mixin.py:188} INFO - [2025-10-03T00:19:50.308+0000] {dag.py:3954} INFO - Setting next_dagrun for example_xcom_args_with_operators to None, run_after=None
[2025-10-03T00:19:50.347+0000] {processor.py:183} INFO - Processing /home/airflow/.local/lib/python3.12/site-packages/airflow/example_dags/example_xcomargs.py took 0.186 seconds
[2025-10-03T00:20:21.008+0000] {processor.py:161} INFO - Started process (PID=16522) to work on /home/airflow/.local/lib/python3.12/site-packages/airflow/example_dags/example_xcomargs.py
[2025-10-03T00:20:21.010+0000] {processor.py:830} INFO - Processing file /home/airflow/.local/lib/python3.12/site-packages/airflow/example_dags/example_xcomargs.py for tasks to queue
[2025-10-03T00:20:21.012+0000] {logging_mixin.py:188} INFO - [2025-10-03T00:20:21.011+0000] {dagbag.py:545} INFO - Filling up the DagBag from /home/airflow/.local/lib/python3.12/site-packages/airflow/example_dags/example_xcomargs.py
[2025-10-03T00:20:21.032+0000] {processor.py:840} INFO - DAG(s) 'example_xcom_args', 'example_xcom_args_with_operators' retrieved from /home/airflow/.local/lib/python3.12/site-packages/airflow/example_dags/example_xcomargs.py
[2025-10-03T00:20:21.088+0000] {logging_mixin.py:188} INFO - [2025-10-03T00:20:21.088+0000] {dag.py:3096} INFO - Sync 2 DAGs
[2025-10-03T00:20:21.117+0000] {logging_mixin.py:188} INFO - [2025-10-03T00:20:21.117+0000] {dag.py:3954} INFO - Setting next_dagrun for example_xcom_args to None, run_after=None
[2025-10-03T00:20:21.126+0000] {logging_mixin.py:188} INFO - [2025-10-03T00:20:21.125+0000] {dag.py:3954} INFO - Setting next_dagrun for example_xcom_args_with_operators to None, run_after=None
[2025-10-03T00:20:21.162+0000] {processor.py:183} INFO - Processing /home/airflow/.local/lib/python3.12/site-packages/airflow/example_dags/example_xcomargs.py took 0.168 seconds
[2025-10-03T00:20:51.358+0000] {processor.py:161} INFO - Started process (PID=16575) to work on /home/airflow/.local/lib/python3.12/site-packages/airflow/example_dags/example_xcomargs.py
[2025-10-03T00:20:51.362+0000] {processor.py:830} INFO - Processing file /home/airflow/.local/lib/python3.12/site-packages/airflow/example_dags/example_xcomargs.py for tasks to queue
[2025-10-03T00:20:51.366+0000] {logging_mixin.py:188} INFO - [2025-10-03T00:20:51.364+0000] {dagbag.py:545} INFO - Filling up the DagBag from /home/airflow/.local/lib/python3.12/site-packages/airflow/example_dags/example_xcomargs.py
[2025-10-03T00:20:51.395+0000] {processor.py:840} INFO - DAG(s) 'example_xcom_args_with_operators', 'example_xcom_args' retrieved from /home/airflow/.local/lib/python3.12/site-packages/airflow/example_dags/example_xcomargs.py
[2025-10-03T00:20:51.457+0000] {logging_mixin.py:188} INFO - [2025-10-03T00:20:51.456+0000] {dag.py:3096} INFO - Sync 2 DAGs
[2025-10-03T00:20:51.492+0000] {logging_mixin.py:188} INFO - [2025-10-03T00:20:51.491+0000] {dag.py:3954} INFO - Setting next_dagrun for example_xcom_args to None, run_after=None
[2025-10-03T00:20:51.501+0000] {logging_mixin.py:188} INFO - [2025-10-03T00:20:51.501+0000] {dag.py:3954} INFO - Setting next_dagrun for example_xcom_args_with_operators to None, run_after=None
[2025-10-03T00:20:51.558+0000] {processor.py:183} INFO - Processing /home/airflow/.local/lib/python3.12/site-packages/airflow/example_dags/example_xcomargs.py took 0.225 seconds
[2025-10-03T00:21:21.720+0000] {processor.py:161} INFO - Started process (PID=16627) to work on /home/airflow/.local/lib/python3.12/site-packages/airflow/example_dags/example_xcomargs.py
[2025-10-03T00:21:21.722+0000] {processor.py:830} INFO - Processing file /home/airflow/.local/lib/python3.12/site-packages/airflow/example_dags/example_xcomargs.py for tasks to queue
[2025-10-03T00:21:21.725+0000] {logging_mixin.py:188} INFO - [2025-10-03T00:21:21.724+0000] {dagbag.py:545} INFO - Filling up the DagBag from /home/airflow/.local/lib/python3.12/site-packages/airflow/example_dags/example_xcomargs.py
[2025-10-03T00:21:21.744+0000] {processor.py:840} INFO - DAG(s) 'example_xcom_args_with_operators', 'example_xcom_args' retrieved from /home/airflow/.local/lib/python3.12/site-packages/airflow/example_dags/example_xcomargs.py
[2025-10-03T00:21:21.796+0000] {logging_mixin.py:188} INFO - [2025-10-03T00:21:21.796+0000] {dag.py:3096} INFO - Sync 2 DAGs
[2025-10-03T00:21:21.824+0000] {logging_mixin.py:188} INFO - [2025-10-03T00:21:21.824+0000] {dag.py:3954} INFO - Setting next_dagrun for example_xcom_args to None, run_after=None
[2025-10-03T00:21:21.834+0000] {logging_mixin.py:188} INFO - [2025-10-03T00:21:21.833+0000] {dag.py:3954} INFO - Setting next_dagrun for example_xcom_args_with_operators to None, run_after=None
[2025-10-03T00:21:21.879+0000] {processor.py:183} INFO - Processing /home/airflow/.local/lib/python3.12/site-packages/airflow/example_dags/example_xcomargs.py took 0.176 seconds
[2025-10-03T00:21:52.654+0000] {processor.py:161} INFO - Started process (PID=16681) to work on /home/airflow/.local/lib/python3.12/site-packages/airflow/example_dags/example_xcomargs.py
[2025-10-03T00:21:52.658+0000] {processor.py:830} INFO - Processing file /home/airflow/.local/lib/python3.12/site-packages/airflow/example_dags/example_xcomargs.py for tasks to queue
[2025-10-03T00:21:52.661+0000] {logging_mixin.py:188} INFO - [2025-10-03T00:21:52.660+0000] {dagbag.py:545} INFO - Filling up the DagBag from /home/airflow/.local/lib/python3.12/site-packages/airflow/example_dags/example_xcomargs.py
[2025-10-03T00:21:52.698+0000] {processor.py:840} INFO - DAG(s) 'example_xcom_args', 'example_xcom_args_with_operators' retrieved from /home/airflow/.local/lib/python3.12/site-packages/airflow/example_dags/example_xcomargs.py
[2025-10-03T00:21:52.757+0000] {logging_mixin.py:188} INFO - [2025-10-03T00:21:52.757+0000] {dag.py:3096} INFO - Sync 2 DAGs
[2025-10-03T00:21:52.788+0000] {logging_mixin.py:188} INFO - [2025-10-03T00:21:52.787+0000] {dag.py:3954} INFO - Setting next_dagrun for example_xcom_args to None, run_after=None
[2025-10-03T00:21:52.797+0000] {logging_mixin.py:188} INFO - [2025-10-03T00:21:52.796+0000] {dag.py:3954} INFO - Setting next_dagrun for example_xcom_args_with_operators to None, run_after=None
[2025-10-03T00:21:52.842+0000] {processor.py:183} INFO - Processing /home/airflow/.local/lib/python3.12/site-packages/airflow/example_dags/example_xcomargs.py took 0.230 seconds
[2025-10-03T00:22:23.464+0000] {processor.py:161} INFO - Started process (PID=16734) to work on /home/airflow/.local/lib/python3.12/site-packages/airflow/example_dags/example_xcomargs.py
[2025-10-03T00:22:23.467+0000] {processor.py:830} INFO - Processing file /home/airflow/.local/lib/python3.12/site-packages/airflow/example_dags/example_xcomargs.py for tasks to queue
[2025-10-03T00:22:23.470+0000] {logging_mixin.py:188} INFO - [2025-10-03T00:22:23.469+0000] {dagbag.py:545} INFO - Filling up the DagBag from /home/airflow/.local/lib/python3.12/site-packages/airflow/example_dags/example_xcomargs.py
[2025-10-03T00:22:23.508+0000] {processor.py:840} INFO - DAG(s) 'example_xcom_args', 'example_xcom_args_with_operators' retrieved from /home/airflow/.local/lib/python3.12/site-packages/airflow/example_dags/example_xcomargs.py
[2025-10-03T00:22:23.588+0000] {logging_mixin.py:188} INFO - [2025-10-03T00:22:23.587+0000] {dag.py:3096} INFO - Sync 2 DAGs
[2025-10-03T00:22:23.625+0000] {logging_mixin.py:188} INFO - [2025-10-03T00:22:23.624+0000] {dag.py:3954} INFO - Setting next_dagrun for example_xcom_args to None, run_after=None
[2025-10-03T00:22:23.634+0000] {logging_mixin.py:188} INFO - [2025-10-03T00:22:23.634+0000] {dag.py:3954} INFO - Setting next_dagrun for example_xcom_args_with_operators to None, run_after=None
[2025-10-03T00:22:23.675+0000] {processor.py:183} INFO - Processing /home/airflow/.local/lib/python3.12/site-packages/airflow/example_dags/example_xcomargs.py took 0.235 seconds
[2025-10-03T00:22:54.347+0000] {processor.py:161} INFO - Started process (PID=16787) to work on /home/airflow/.local/lib/python3.12/site-packages/airflow/example_dags/example_xcomargs.py
[2025-10-03T00:22:54.349+0000] {processor.py:830} INFO - Processing file /home/airflow/.local/lib/python3.12/site-packages/airflow/example_dags/example_xcomargs.py for tasks to queue
[2025-10-03T00:22:54.353+0000] {logging_mixin.py:188} INFO - [2025-10-03T00:22:54.352+0000] {dagbag.py:545} INFO - Filling up the DagBag from /home/airflow/.local/lib/python3.12/site-packages/airflow/example_dags/example_xcomargs.py
[2025-10-03T00:22:54.376+0000] {processor.py:840} INFO - DAG(s) 'example_xcom_args_with_operators', 'example_xcom_args' retrieved from /home/airflow/.local/lib/python3.12/site-packages/airflow/example_dags/example_xcomargs.py
[2025-10-03T00:22:54.441+0000] {logging_mixin.py:188} INFO - [2025-10-03T00:22:54.441+0000] {dag.py:3096} INFO - Sync 2 DAGs
[2025-10-03T00:22:54.477+0000] {logging_mixin.py:188} INFO - [2025-10-03T00:22:54.476+0000] {dag.py:3954} INFO - Setting next_dagrun for example_xcom_args to None, run_after=None
[2025-10-03T00:22:54.487+0000] {logging_mixin.py:188} INFO - [2025-10-03T00:22:54.487+0000] {dag.py:3954} INFO - Setting next_dagrun for example_xcom_args_with_operators to None, run_after=None
[2025-10-03T00:22:54.526+0000] {processor.py:183} INFO - Processing /home/airflow/.local/lib/python3.12/site-packages/airflow/example_dags/example_xcomargs.py took 0.196 seconds
[2025-10-03T00:23:24.891+0000] {processor.py:161} INFO - Started process (PID=16840) to work on /home/airflow/.local/lib/python3.12/site-packages/airflow/example_dags/example_xcomargs.py
[2025-10-03T00:23:24.893+0000] {processor.py:830} INFO - Processing file /home/airflow/.local/lib/python3.12/site-packages/airflow/example_dags/example_xcomargs.py for tasks to queue
[2025-10-03T00:23:24.896+0000] {logging_mixin.py:188} INFO - [2025-10-03T00:23:24.895+0000] {dagbag.py:545} INFO - Filling up the DagBag from /home/airflow/.local/lib/python3.12/site-packages/airflow/example_dags/example_xcomargs.py
[2025-10-03T00:23:24.915+0000] {processor.py:840} INFO - DAG(s) 'example_xcom_args', 'example_xcom_args_with_operators' retrieved from /home/airflow/.local/lib/python3.12/site-packages/airflow/example_dags/example_xcomargs.py
[2025-10-03T00:23:24.969+0000] {logging_mixin.py:188} INFO - [2025-10-03T00:23:24.968+0000] {dag.py:3096} INFO - Sync 2 DAGs
[2025-10-03T00:23:24.996+0000] {logging_mixin.py:188} INFO - [2025-10-03T00:23:24.995+0000] {dag.py:3954} INFO - Setting next_dagrun for example_xcom_args to None, run_after=None
[2025-10-03T00:23:25.004+0000] {logging_mixin.py:188} INFO - [2025-10-03T00:23:25.004+0000] {dag.py:3954} INFO - Setting next_dagrun for example_xcom_args_with_operators to None, run_after=None
[2025-10-03T00:23:25.048+0000] {processor.py:183} INFO - Processing /home/airflow/.local/lib/python3.12/site-packages/airflow/example_dags/example_xcomargs.py took 0.172 seconds
[2025-10-03T00:23:55.767+0000] {processor.py:161} INFO - Started process (PID=16893) to work on /home/airflow/.local/lib/python3.12/site-packages/airflow/example_dags/example_xcomargs.py
[2025-10-03T00:23:55.771+0000] {processor.py:830} INFO - Processing file /home/airflow/.local/lib/python3.12/site-packages/airflow/example_dags/example_xcomargs.py for tasks to queue
[2025-10-03T00:23:55.774+0000] {logging_mixin.py:188} INFO - [2025-10-03T00:23:55.773+0000] {dagbag.py:545} INFO - Filling up the DagBag from /home/airflow/.local/lib/python3.12/site-packages/airflow/example_dags/example_xcomargs.py
[2025-10-03T00:23:55.800+0000] {processor.py:840} INFO - DAG(s) 'example_xcom_args', 'example_xcom_args_with_operators' retrieved from /home/airflow/.local/lib/python3.12/site-packages/airflow/example_dags/example_xcomargs.py
[2025-10-03T00:23:55.860+0000] {logging_mixin.py:188} INFO - [2025-10-03T00:23:55.860+0000] {dag.py:3096} INFO - Sync 2 DAGs
[2025-10-03T00:23:55.890+0000] {logging_mixin.py:188} INFO - [2025-10-03T00:23:55.890+0000] {dag.py:3954} INFO - Setting next_dagrun for example_xcom_args to None, run_after=None
[2025-10-03T00:23:55.900+0000] {logging_mixin.py:188} INFO - [2025-10-03T00:23:55.899+0000] {dag.py:3954} INFO - Setting next_dagrun for example_xcom_args_with_operators to None, run_after=None
[2025-10-03T00:23:55.944+0000] {processor.py:183} INFO - Processing /home/airflow/.local/lib/python3.12/site-packages/airflow/example_dags/example_xcomargs.py took 0.213 seconds
[2025-10-03T00:24:26.096+0000] {processor.py:161} INFO - Started process (PID=16945) to work on /home/airflow/.local/lib/python3.12/site-packages/airflow/example_dags/example_xcomargs.py
[2025-10-03T00:24:26.099+0000] {processor.py:830} INFO - Processing file /home/airflow/.local/lib/python3.12/site-packages/airflow/example_dags/example_xcomargs.py for tasks to queue
[2025-10-03T00:24:26.101+0000] {logging_mixin.py:188} INFO - [2025-10-03T00:24:26.100+0000] {dagbag.py:545} INFO - Filling up the DagBag from /home/airflow/.local/lib/python3.12/site-packages/airflow/example_dags/example_xcomargs.py
[2025-10-03T00:24:26.124+0000] {processor.py:840} INFO - DAG(s) 'example_xcom_args_with_operators', 'example_xcom_args' retrieved from /home/airflow/.local/lib/python3.12/site-packages/airflow/example_dags/example_xcomargs.py
[2025-10-03T00:24:26.179+0000] {logging_mixin.py:188} INFO - [2025-10-03T00:24:26.178+0000] {dag.py:3096} INFO - Sync 2 DAGs
[2025-10-03T00:24:26.209+0000] {logging_mixin.py:188} INFO - [2025-10-03T00:24:26.209+0000] {dag.py:3954} INFO - Setting next_dagrun for example_xcom_args to None, run_after=None
[2025-10-03T00:24:26.219+0000] {logging_mixin.py:188} INFO - [2025-10-03T00:24:26.219+0000] {dag.py:3954} INFO - Setting next_dagrun for example_xcom_args_with_operators to None, run_after=None
[2025-10-03T00:24:26.267+0000] {processor.py:183} INFO - Processing /home/airflow/.local/lib/python3.12/site-packages/airflow/example_dags/example_xcomargs.py took 0.184 seconds
[2025-10-03T00:24:56.578+0000] {processor.py:161} INFO - Started process (PID=16998) to work on /home/airflow/.local/lib/python3.12/site-packages/airflow/example_dags/example_xcomargs.py
[2025-10-03T00:24:56.594+0000] {processor.py:830} INFO - Processing file /home/airflow/.local/lib/python3.12/site-packages/airflow/example_dags/example_xcomargs.py for tasks to queue
[2025-10-03T00:24:56.600+0000] {logging_mixin.py:188} INFO - [2025-10-03T00:24:56.598+0000] {dagbag.py:545} INFO - Filling up the DagBag from /home/airflow/.local/lib/python3.12/site-packages/airflow/example_dags/example_xcomargs.py
[2025-10-03T00:24:56.681+0000] {processor.py:840} INFO - DAG(s) 'example_xcom_args', 'example_xcom_args_with_operators' retrieved from /home/airflow/.local/lib/python3.12/site-packages/airflow/example_dags/example_xcomargs.py
[2025-10-03T00:24:56.849+0000] {logging_mixin.py:188} INFO - [2025-10-03T00:24:56.848+0000] {dag.py:3096} INFO - Sync 2 DAGs
[2025-10-03T00:24:56.896+0000] {logging_mixin.py:188} INFO - [2025-10-03T00:24:56.896+0000] {dag.py:3954} INFO - Setting next_dagrun for example_xcom_args to None, run_after=None
[2025-10-03T00:24:56.913+0000] {logging_mixin.py:188} INFO - [2025-10-03T00:24:56.913+0000] {dag.py:3954} INFO - Setting next_dagrun for example_xcom_args_with_operators to None, run_after=None
[2025-10-03T00:24:56.966+0000] {processor.py:183} INFO - Processing /home/airflow/.local/lib/python3.12/site-packages/airflow/example_dags/example_xcomargs.py took 0.427 seconds
[2025-10-03T00:25:27.302+0000] {processor.py:161} INFO - Started process (PID=17051) to work on /home/airflow/.local/lib/python3.12/site-packages/airflow/example_dags/example_xcomargs.py
[2025-10-03T00:25:27.307+0000] {processor.py:830} INFO - Processing file /home/airflow/.local/lib/python3.12/site-packages/airflow/example_dags/example_xcomargs.py for tasks to queue
[2025-10-03T00:25:27.312+0000] {logging_mixin.py:188} INFO - [2025-10-03T00:25:27.309+0000] {dagbag.py:545} INFO - Filling up the DagBag from /home/airflow/.local/lib/python3.12/site-packages/airflow/example_dags/example_xcomargs.py
[2025-10-03T00:25:27.342+0000] {processor.py:840} INFO - DAG(s) 'example_xcom_args', 'example_xcom_args_with_operators' retrieved from /home/airflow/.local/lib/python3.12/site-packages/airflow/example_dags/example_xcomargs.py
[2025-10-03T00:25:27.423+0000] {logging_mixin.py:188} INFO - [2025-10-03T00:25:27.423+0000] {dag.py:3096} INFO - Sync 2 DAGs
[2025-10-03T00:25:27.462+0000] {logging_mixin.py:188} INFO - [2025-10-03T00:25:27.462+0000] {dag.py:3954} INFO - Setting next_dagrun for example_xcom_args to None, run_after=None
[2025-10-03T00:25:27.474+0000] {logging_mixin.py:188} INFO - [2025-10-03T00:25:27.474+0000] {dag.py:3954} INFO - Setting next_dagrun for example_xcom_args_with_operators to None, run_after=None
[2025-10-03T00:25:27.517+0000] {processor.py:183} INFO - Processing /home/airflow/.local/lib/python3.12/site-packages/airflow/example_dags/example_xcomargs.py took 0.247 seconds
[2025-10-03T00:25:57.737+0000] {processor.py:161} INFO - Started process (PID=17104) to work on /home/airflow/.local/lib/python3.12/site-packages/airflow/example_dags/example_xcomargs.py
[2025-10-03T00:25:57.739+0000] {processor.py:830} INFO - Processing file /home/airflow/.local/lib/python3.12/site-packages/airflow/example_dags/example_xcomargs.py for tasks to queue
[2025-10-03T00:25:57.741+0000] {logging_mixin.py:188} INFO - [2025-10-03T00:25:57.740+0000] {dagbag.py:545} INFO - Filling up the DagBag from /home/airflow/.local/lib/python3.12/site-packages/airflow/example_dags/example_xcomargs.py
[2025-10-03T00:25:57.766+0000] {processor.py:840} INFO - DAG(s) 'example_xcom_args', 'example_xcom_args_with_operators' retrieved from /home/airflow/.local/lib/python3.12/site-packages/airflow/example_dags/example_xcomargs.py
[2025-10-03T00:25:57.845+0000] {logging_mixin.py:188} INFO - [2025-10-03T00:25:57.844+0000] {dag.py:3096} INFO - Sync 2 DAGs
[2025-10-03T00:25:57.892+0000] {logging_mixin.py:188} INFO - [2025-10-03T00:25:57.891+0000] {dag.py:3954} INFO - Setting next_dagrun for example_xcom_args to None, run_after=None
[2025-10-03T00:25:57.905+0000] {logging_mixin.py:188} INFO - [2025-10-03T00:25:57.904+0000] {dag.py:3954} INFO - Setting next_dagrun for example_xcom_args_with_operators to None, run_after=None
[2025-10-03T00:25:57.948+0000] {processor.py:183} INFO - Processing /home/airflow/.local/lib/python3.12/site-packages/airflow/example_dags/example_xcomargs.py took 0.228 seconds
[2025-10-03T00:26:28.071+0000] {processor.py:161} INFO - Started process (PID=17157) to work on /home/airflow/.local/lib/python3.12/site-packages/airflow/example_dags/example_xcomargs.py
[2025-10-03T00:26:28.074+0000] {processor.py:830} INFO - Processing file /home/airflow/.local/lib/python3.12/site-packages/airflow/example_dags/example_xcomargs.py for tasks to queue
[2025-10-03T00:26:28.078+0000] {logging_mixin.py:188} INFO - [2025-10-03T00:26:28.077+0000] {dagbag.py:545} INFO - Filling up the DagBag from /home/airflow/.local/lib/python3.12/site-packages/airflow/example_dags/example_xcomargs.py
[2025-10-03T00:26:28.098+0000] {processor.py:840} INFO - DAG(s) 'example_xcom_args_with_operators', 'example_xcom_args' retrieved from /home/airflow/.local/lib/python3.12/site-packages/airflow/example_dags/example_xcomargs.py
[2025-10-03T00:26:28.150+0000] {logging_mixin.py:188} INFO - [2025-10-03T00:26:28.150+0000] {dag.py:3096} INFO - Sync 2 DAGs
[2025-10-03T00:26:28.184+0000] {logging_mixin.py:188} INFO - [2025-10-03T00:26:28.184+0000] {dag.py:3954} INFO - Setting next_dagrun for example_xcom_args to None, run_after=None
[2025-10-03T00:26:28.198+0000] {logging_mixin.py:188} INFO - [2025-10-03T00:26:28.198+0000] {dag.py:3954} INFO - Setting next_dagrun for example_xcom_args_with_operators to None, run_after=None
[2025-10-03T00:26:28.238+0000] {processor.py:183} INFO - Processing /home/airflow/.local/lib/python3.12/site-packages/airflow/example_dags/example_xcomargs.py took 0.185 seconds
