[2025-10-03T00:00:08.442+0000] {processor.py:161} INFO - Started process (PID=14429) to work on /home/airflow/.local/lib/python3.12/site-packages/airflow/example_dags/example_sensors.py
[2025-10-03T00:00:08.444+0000] {processor.py:830} INFO - Processing file /home/airflow/.local/lib/python3.12/site-packages/airflow/example_dags/example_sensors.py for tasks to queue
[2025-10-03T00:00:08.447+0000] {logging_mixin.py:188} INFO - [2025-10-03T00:00:08.446+0000] {dagbag.py:545} INFO - Filling up the DagBag from /home/airflow/.local/lib/python3.12/site-packages/airflow/example_dags/example_sensors.py
[2025-10-03T00:00:08.470+0000] {processor.py:840} INFO - DAG(s) 'example_sensors' retrieved from /home/airflow/.local/lib/python3.12/site-packages/airflow/example_dags/example_sensors.py
[2025-10-03T00:00:08.526+0000] {logging_mixin.py:188} INFO - [2025-10-03T00:00:08.526+0000] {dag.py:3096} INFO - Sync 1 DAGs
[2025-10-03T00:00:08.560+0000] {logging_mixin.py:188} INFO - [2025-10-03T00:00:08.559+0000] {dag.py:3954} INFO - Setting next_dagrun for example_sensors to None, run_after=None
[2025-10-03T00:00:08.610+0000] {processor.py:183} INFO - Processing /home/airflow/.local/lib/python3.12/site-packages/airflow/example_dags/example_sensors.py took 0.183 seconds
[2025-10-03T00:00:39.110+0000] {processor.py:161} INFO - Started process (PID=14481) to work on /home/airflow/.local/lib/python3.12/site-packages/airflow/example_dags/example_sensors.py
[2025-10-03T00:00:39.114+0000] {processor.py:830} INFO - Processing file /home/airflow/.local/lib/python3.12/site-packages/airflow/example_dags/example_sensors.py for tasks to queue
[2025-10-03T00:00:39.117+0000] {logging_mixin.py:188} INFO - [2025-10-03T00:00:39.116+0000] {dagbag.py:545} INFO - Filling up the DagBag from /home/airflow/.local/lib/python3.12/site-packages/airflow/example_dags/example_sensors.py
[2025-10-03T00:00:39.148+0000] {processor.py:840} INFO - DAG(s) 'example_sensors' retrieved from /home/airflow/.local/lib/python3.12/site-packages/airflow/example_dags/example_sensors.py
[2025-10-03T00:00:39.221+0000] {logging_mixin.py:188} INFO - [2025-10-03T00:00:39.221+0000] {dag.py:3096} INFO - Sync 1 DAGs
[2025-10-03T00:00:39.248+0000] {logging_mixin.py:188} INFO - [2025-10-03T00:00:39.248+0000] {dag.py:3954} INFO - Setting next_dagrun for example_sensors to None, run_after=None
[2025-10-03T00:00:39.292+0000] {processor.py:183} INFO - Processing /home/airflow/.local/lib/python3.12/site-packages/airflow/example_dags/example_sensors.py took 0.212 seconds
[2025-10-03T00:01:09.717+0000] {processor.py:161} INFO - Started process (PID=14534) to work on /home/airflow/.local/lib/python3.12/site-packages/airflow/example_dags/example_sensors.py
[2025-10-03T00:01:09.721+0000] {processor.py:830} INFO - Processing file /home/airflow/.local/lib/python3.12/site-packages/airflow/example_dags/example_sensors.py for tasks to queue
[2025-10-03T00:01:09.725+0000] {logging_mixin.py:188} INFO - [2025-10-03T00:01:09.724+0000] {dagbag.py:545} INFO - Filling up the DagBag from /home/airflow/.local/lib/python3.12/site-packages/airflow/example_dags/example_sensors.py
[2025-10-03T00:01:09.751+0000] {processor.py:840} INFO - DAG(s) 'example_sensors' retrieved from /home/airflow/.local/lib/python3.12/site-packages/airflow/example_dags/example_sensors.py
[2025-10-03T00:01:09.825+0000] {logging_mixin.py:188} INFO - [2025-10-03T00:01:09.824+0000] {dag.py:3096} INFO - Sync 1 DAGs
[2025-10-03T00:01:09.856+0000] {logging_mixin.py:188} INFO - [2025-10-03T00:01:09.856+0000] {dag.py:3954} INFO - Setting next_dagrun for example_sensors to None, run_after=None
[2025-10-03T00:01:09.908+0000] {processor.py:183} INFO - Processing /home/airflow/.local/lib/python3.12/site-packages/airflow/example_dags/example_sensors.py took 0.210 seconds
[2025-10-03T00:01:40.080+0000] {processor.py:161} INFO - Started process (PID=14587) to work on /home/airflow/.local/lib/python3.12/site-packages/airflow/example_dags/example_sensors.py
[2025-10-03T00:01:40.082+0000] {processor.py:830} INFO - Processing file /home/airflow/.local/lib/python3.12/site-packages/airflow/example_dags/example_sensors.py for tasks to queue
[2025-10-03T00:01:40.086+0000] {logging_mixin.py:188} INFO - [2025-10-03T00:01:40.084+0000] {dagbag.py:545} INFO - Filling up the DagBag from /home/airflow/.local/lib/python3.12/site-packages/airflow/example_dags/example_sensors.py
[2025-10-03T00:01:40.123+0000] {processor.py:840} INFO - DAG(s) 'example_sensors' retrieved from /home/airflow/.local/lib/python3.12/site-packages/airflow/example_dags/example_sensors.py
[2025-10-03T00:01:40.214+0000] {logging_mixin.py:188} INFO - [2025-10-03T00:01:40.214+0000] {dag.py:3096} INFO - Sync 1 DAGs
[2025-10-03T00:01:40.245+0000] {logging_mixin.py:188} INFO - [2025-10-03T00:01:40.244+0000] {dag.py:3954} INFO - Setting next_dagrun for example_sensors to None, run_after=None
[2025-10-03T00:01:40.287+0000] {processor.py:183} INFO - Processing /home/airflow/.local/lib/python3.12/site-packages/airflow/example_dags/example_sensors.py took 0.228 seconds
[2025-10-03T00:02:10.750+0000] {processor.py:161} INFO - Started process (PID=14640) to work on /home/airflow/.local/lib/python3.12/site-packages/airflow/example_dags/example_sensors.py
[2025-10-03T00:02:10.754+0000] {processor.py:830} INFO - Processing file /home/airflow/.local/lib/python3.12/site-packages/airflow/example_dags/example_sensors.py for tasks to queue
[2025-10-03T00:02:10.759+0000] {logging_mixin.py:188} INFO - [2025-10-03T00:02:10.757+0000] {dagbag.py:545} INFO - Filling up the DagBag from /home/airflow/.local/lib/python3.12/site-packages/airflow/example_dags/example_sensors.py
[2025-10-03T00:02:10.810+0000] {processor.py:840} INFO - DAG(s) 'example_sensors' retrieved from /home/airflow/.local/lib/python3.12/site-packages/airflow/example_dags/example_sensors.py
[2025-10-03T00:02:10.875+0000] {logging_mixin.py:188} INFO - [2025-10-03T00:02:10.875+0000] {dag.py:3096} INFO - Sync 1 DAGs
[2025-10-03T00:02:10.905+0000] {logging_mixin.py:188} INFO - [2025-10-03T00:02:10.905+0000] {dag.py:3954} INFO - Setting next_dagrun for example_sensors to None, run_after=None
[2025-10-03T00:02:10.948+0000] {processor.py:183} INFO - Processing /home/airflow/.local/lib/python3.12/site-packages/airflow/example_dags/example_sensors.py took 0.230 seconds
[2025-10-03T00:02:41.642+0000] {processor.py:161} INFO - Started process (PID=14693) to work on /home/airflow/.local/lib/python3.12/site-packages/airflow/example_dags/example_sensors.py
[2025-10-03T00:02:41.645+0000] {processor.py:830} INFO - Processing file /home/airflow/.local/lib/python3.12/site-packages/airflow/example_dags/example_sensors.py for tasks to queue
[2025-10-03T00:02:41.648+0000] {logging_mixin.py:188} INFO - [2025-10-03T00:02:41.647+0000] {dagbag.py:545} INFO - Filling up the DagBag from /home/airflow/.local/lib/python3.12/site-packages/airflow/example_dags/example_sensors.py
[2025-10-03T00:02:41.684+0000] {processor.py:840} INFO - DAG(s) 'example_sensors' retrieved from /home/airflow/.local/lib/python3.12/site-packages/airflow/example_dags/example_sensors.py
[2025-10-03T00:02:41.803+0000] {logging_mixin.py:188} INFO - [2025-10-03T00:02:41.803+0000] {dag.py:3096} INFO - Sync 1 DAGs
[2025-10-03T00:02:41.859+0000] {logging_mixin.py:188} INFO - [2025-10-03T00:02:41.858+0000] {dag.py:3954} INFO - Setting next_dagrun for example_sensors to None, run_after=None
[2025-10-03T00:02:41.960+0000] {processor.py:183} INFO - Processing /home/airflow/.local/lib/python3.12/site-packages/airflow/example_dags/example_sensors.py took 0.340 seconds
[2025-10-03T00:03:12.207+0000] {processor.py:161} INFO - Started process (PID=14746) to work on /home/airflow/.local/lib/python3.12/site-packages/airflow/example_dags/example_sensors.py
[2025-10-03T00:03:12.211+0000] {processor.py:830} INFO - Processing file /home/airflow/.local/lib/python3.12/site-packages/airflow/example_dags/example_sensors.py for tasks to queue
[2025-10-03T00:03:12.215+0000] {logging_mixin.py:188} INFO - [2025-10-03T00:03:12.213+0000] {dagbag.py:545} INFO - Filling up the DagBag from /home/airflow/.local/lib/python3.12/site-packages/airflow/example_dags/example_sensors.py
[2025-10-03T00:03:12.256+0000] {processor.py:840} INFO - DAG(s) 'example_sensors' retrieved from /home/airflow/.local/lib/python3.12/site-packages/airflow/example_dags/example_sensors.py
[2025-10-03T00:03:12.356+0000] {logging_mixin.py:188} INFO - [2025-10-03T00:03:12.355+0000] {dag.py:3096} INFO - Sync 1 DAGs
[2025-10-03T00:03:12.398+0000] {logging_mixin.py:188} INFO - [2025-10-03T00:03:12.398+0000] {dag.py:3954} INFO - Setting next_dagrun for example_sensors to None, run_after=None
[2025-10-03T00:03:12.459+0000] {processor.py:183} INFO - Processing /home/airflow/.local/lib/python3.12/site-packages/airflow/example_dags/example_sensors.py took 0.283 seconds
[2025-10-03T00:03:42.823+0000] {processor.py:161} INFO - Started process (PID=14799) to work on /home/airflow/.local/lib/python3.12/site-packages/airflow/example_dags/example_sensors.py
[2025-10-03T00:03:42.825+0000] {processor.py:830} INFO - Processing file /home/airflow/.local/lib/python3.12/site-packages/airflow/example_dags/example_sensors.py for tasks to queue
[2025-10-03T00:03:42.829+0000] {logging_mixin.py:188} INFO - [2025-10-03T00:03:42.828+0000] {dagbag.py:545} INFO - Filling up the DagBag from /home/airflow/.local/lib/python3.12/site-packages/airflow/example_dags/example_sensors.py
[2025-10-03T00:03:42.858+0000] {processor.py:840} INFO - DAG(s) 'example_sensors' retrieved from /home/airflow/.local/lib/python3.12/site-packages/airflow/example_dags/example_sensors.py
[2025-10-03T00:03:42.936+0000] {logging_mixin.py:188} INFO - [2025-10-03T00:03:42.935+0000] {dag.py:3096} INFO - Sync 1 DAGs
[2025-10-03T00:03:42.965+0000] {logging_mixin.py:188} INFO - [2025-10-03T00:03:42.965+0000] {dag.py:3954} INFO - Setting next_dagrun for example_sensors to None, run_after=None
[2025-10-03T00:03:43.020+0000] {processor.py:183} INFO - Processing /home/airflow/.local/lib/python3.12/site-packages/airflow/example_dags/example_sensors.py took 0.218 seconds
[2025-10-03T00:04:13.416+0000] {processor.py:161} INFO - Started process (PID=14852) to work on /home/airflow/.local/lib/python3.12/site-packages/airflow/example_dags/example_sensors.py
[2025-10-03T00:04:13.420+0000] {processor.py:830} INFO - Processing file /home/airflow/.local/lib/python3.12/site-packages/airflow/example_dags/example_sensors.py for tasks to queue
[2025-10-03T00:04:13.426+0000] {logging_mixin.py:188} INFO - [2025-10-03T00:04:13.425+0000] {dagbag.py:545} INFO - Filling up the DagBag from /home/airflow/.local/lib/python3.12/site-packages/airflow/example_dags/example_sensors.py
[2025-10-03T00:04:13.465+0000] {processor.py:840} INFO - DAG(s) 'example_sensors' retrieved from /home/airflow/.local/lib/python3.12/site-packages/airflow/example_dags/example_sensors.py
[2025-10-03T00:04:13.561+0000] {logging_mixin.py:188} INFO - [2025-10-03T00:04:13.560+0000] {dag.py:3096} INFO - Sync 1 DAGs
[2025-10-03T00:04:13.595+0000] {logging_mixin.py:188} INFO - [2025-10-03T00:04:13.594+0000] {dag.py:3954} INFO - Setting next_dagrun for example_sensors to None, run_after=None
[2025-10-03T00:04:13.670+0000] {processor.py:183} INFO - Processing /home/airflow/.local/lib/python3.12/site-packages/airflow/example_dags/example_sensors.py took 0.281 seconds
[2025-10-03T00:04:44.312+0000] {processor.py:161} INFO - Started process (PID=14905) to work on /home/airflow/.local/lib/python3.12/site-packages/airflow/example_dags/example_sensors.py
[2025-10-03T00:04:44.315+0000] {processor.py:830} INFO - Processing file /home/airflow/.local/lib/python3.12/site-packages/airflow/example_dags/example_sensors.py for tasks to queue
[2025-10-03T00:04:44.317+0000] {logging_mixin.py:188} INFO - [2025-10-03T00:04:44.316+0000] {dagbag.py:545} INFO - Filling up the DagBag from /home/airflow/.local/lib/python3.12/site-packages/airflow/example_dags/example_sensors.py
[2025-10-03T00:04:44.349+0000] {processor.py:840} INFO - DAG(s) 'example_sensors' retrieved from /home/airflow/.local/lib/python3.12/site-packages/airflow/example_dags/example_sensors.py
[2025-10-03T00:04:44.435+0000] {logging_mixin.py:188} INFO - [2025-10-03T00:04:44.435+0000] {dag.py:3096} INFO - Sync 1 DAGs
[2025-10-03T00:04:44.463+0000] {logging_mixin.py:188} INFO - [2025-10-03T00:04:44.462+0000] {dag.py:3954} INFO - Setting next_dagrun for example_sensors to None, run_after=None
[2025-10-03T00:04:44.504+0000] {processor.py:183} INFO - Processing /home/airflow/.local/lib/python3.12/site-packages/airflow/example_dags/example_sensors.py took 0.209 seconds
[2025-10-03T00:05:14.813+0000] {processor.py:161} INFO - Started process (PID=14958) to work on /home/airflow/.local/lib/python3.12/site-packages/airflow/example_dags/example_sensors.py
[2025-10-03T00:05:14.816+0000] {processor.py:830} INFO - Processing file /home/airflow/.local/lib/python3.12/site-packages/airflow/example_dags/example_sensors.py for tasks to queue
[2025-10-03T00:05:14.818+0000] {logging_mixin.py:188} INFO - [2025-10-03T00:05:14.817+0000] {dagbag.py:545} INFO - Filling up the DagBag from /home/airflow/.local/lib/python3.12/site-packages/airflow/example_dags/example_sensors.py
[2025-10-03T00:05:14.842+0000] {processor.py:840} INFO - DAG(s) 'example_sensors' retrieved from /home/airflow/.local/lib/python3.12/site-packages/airflow/example_dags/example_sensors.py
[2025-10-03T00:05:14.951+0000] {logging_mixin.py:188} INFO - [2025-10-03T00:05:14.949+0000] {dag.py:3096} INFO - Sync 1 DAGs
[2025-10-03T00:05:15.058+0000] {logging_mixin.py:188} INFO - [2025-10-03T00:05:15.057+0000] {dag.py:3954} INFO - Setting next_dagrun for example_sensors to None, run_after=None
[2025-10-03T00:05:15.161+0000] {processor.py:183} INFO - Processing /home/airflow/.local/lib/python3.12/site-packages/airflow/example_dags/example_sensors.py took 0.371 seconds
[2025-10-03T00:05:45.602+0000] {processor.py:161} INFO - Started process (PID=15011) to work on /home/airflow/.local/lib/python3.12/site-packages/airflow/example_dags/example_sensors.py
[2025-10-03T00:05:45.605+0000] {processor.py:830} INFO - Processing file /home/airflow/.local/lib/python3.12/site-packages/airflow/example_dags/example_sensors.py for tasks to queue
[2025-10-03T00:05:45.607+0000] {logging_mixin.py:188} INFO - [2025-10-03T00:05:45.606+0000] {dagbag.py:545} INFO - Filling up the DagBag from /home/airflow/.local/lib/python3.12/site-packages/airflow/example_dags/example_sensors.py
[2025-10-03T00:05:45.649+0000] {processor.py:840} INFO - DAG(s) 'example_sensors' retrieved from /home/airflow/.local/lib/python3.12/site-packages/airflow/example_dags/example_sensors.py
[2025-10-03T00:05:45.730+0000] {logging_mixin.py:188} INFO - [2025-10-03T00:05:45.730+0000] {dag.py:3096} INFO - Sync 1 DAGs
[2025-10-03T00:05:45.765+0000] {logging_mixin.py:188} INFO - [2025-10-03T00:05:45.764+0000] {dag.py:3954} INFO - Setting next_dagrun for example_sensors to None, run_after=None
[2025-10-03T00:05:45.803+0000] {processor.py:183} INFO - Processing /home/airflow/.local/lib/python3.12/site-packages/airflow/example_dags/example_sensors.py took 0.223 seconds
[2025-10-03T00:06:16.384+0000] {processor.py:161} INFO - Started process (PID=15064) to work on /home/airflow/.local/lib/python3.12/site-packages/airflow/example_dags/example_sensors.py
[2025-10-03T00:06:16.387+0000] {processor.py:830} INFO - Processing file /home/airflow/.local/lib/python3.12/site-packages/airflow/example_dags/example_sensors.py for tasks to queue
[2025-10-03T00:06:16.390+0000] {logging_mixin.py:188} INFO - [2025-10-03T00:06:16.389+0000] {dagbag.py:545} INFO - Filling up the DagBag from /home/airflow/.local/lib/python3.12/site-packages/airflow/example_dags/example_sensors.py
[2025-10-03T00:06:16.434+0000] {processor.py:840} INFO - DAG(s) 'example_sensors' retrieved from /home/airflow/.local/lib/python3.12/site-packages/airflow/example_dags/example_sensors.py
[2025-10-03T00:06:16.527+0000] {logging_mixin.py:188} INFO - [2025-10-03T00:06:16.526+0000] {dag.py:3096} INFO - Sync 1 DAGs
[2025-10-03T00:06:16.577+0000] {logging_mixin.py:188} INFO - [2025-10-03T00:06:16.576+0000] {dag.py:3954} INFO - Setting next_dagrun for example_sensors to None, run_after=None
[2025-10-03T00:06:16.626+0000] {processor.py:183} INFO - Processing /home/airflow/.local/lib/python3.12/site-packages/airflow/example_dags/example_sensors.py took 0.265 seconds
[2025-10-03T00:06:46.777+0000] {processor.py:161} INFO - Started process (PID=15118) to work on /home/airflow/.local/lib/python3.12/site-packages/airflow/example_dags/example_sensors.py
[2025-10-03T00:06:46.779+0000] {processor.py:830} INFO - Processing file /home/airflow/.local/lib/python3.12/site-packages/airflow/example_dags/example_sensors.py for tasks to queue
[2025-10-03T00:06:46.782+0000] {logging_mixin.py:188} INFO - [2025-10-03T00:06:46.781+0000] {dagbag.py:545} INFO - Filling up the DagBag from /home/airflow/.local/lib/python3.12/site-packages/airflow/example_dags/example_sensors.py
[2025-10-03T00:06:46.816+0000] {processor.py:840} INFO - DAG(s) 'example_sensors' retrieved from /home/airflow/.local/lib/python3.12/site-packages/airflow/example_dags/example_sensors.py
[2025-10-03T00:06:46.919+0000] {logging_mixin.py:188} INFO - [2025-10-03T00:06:46.918+0000] {dag.py:3096} INFO - Sync 1 DAGs
[2025-10-03T00:06:46.957+0000] {logging_mixin.py:188} INFO - [2025-10-03T00:06:46.956+0000] {dag.py:3954} INFO - Setting next_dagrun for example_sensors to None, run_after=None
[2025-10-03T00:06:47.003+0000] {processor.py:183} INFO - Processing /home/airflow/.local/lib/python3.12/site-packages/airflow/example_dags/example_sensors.py took 0.247 seconds
[2025-10-03T00:07:17.932+0000] {processor.py:161} INFO - Started process (PID=15170) to work on /home/airflow/.local/lib/python3.12/site-packages/airflow/example_dags/example_sensors.py
[2025-10-03T00:07:17.945+0000] {processor.py:830} INFO - Processing file /home/airflow/.local/lib/python3.12/site-packages/airflow/example_dags/example_sensors.py for tasks to queue
[2025-10-03T00:07:17.948+0000] {logging_mixin.py:188} INFO - [2025-10-03T00:07:17.947+0000] {dagbag.py:545} INFO - Filling up the DagBag from /home/airflow/.local/lib/python3.12/site-packages/airflow/example_dags/example_sensors.py
[2025-10-03T00:07:17.976+0000] {processor.py:840} INFO - DAG(s) 'example_sensors' retrieved from /home/airflow/.local/lib/python3.12/site-packages/airflow/example_dags/example_sensors.py
[2025-10-03T00:07:18.045+0000] {logging_mixin.py:188} INFO - [2025-10-03T00:07:18.044+0000] {dag.py:3096} INFO - Sync 1 DAGs
[2025-10-03T00:07:18.077+0000] {logging_mixin.py:188} INFO - [2025-10-03T00:07:18.076+0000] {dag.py:3954} INFO - Setting next_dagrun for example_sensors to None, run_after=None
[2025-10-03T00:07:18.121+0000] {processor.py:183} INFO - Processing /home/airflow/.local/lib/python3.12/site-packages/airflow/example_dags/example_sensors.py took 0.219 seconds
[2025-10-03T00:07:49.071+0000] {processor.py:161} INFO - Started process (PID=15223) to work on /home/airflow/.local/lib/python3.12/site-packages/airflow/example_dags/example_sensors.py
[2025-10-03T00:07:49.075+0000] {processor.py:830} INFO - Processing file /home/airflow/.local/lib/python3.12/site-packages/airflow/example_dags/example_sensors.py for tasks to queue
[2025-10-03T00:07:49.078+0000] {logging_mixin.py:188} INFO - [2025-10-03T00:07:49.077+0000] {dagbag.py:545} INFO - Filling up the DagBag from /home/airflow/.local/lib/python3.12/site-packages/airflow/example_dags/example_sensors.py
[2025-10-03T00:07:49.109+0000] {processor.py:840} INFO - DAG(s) 'example_sensors' retrieved from /home/airflow/.local/lib/python3.12/site-packages/airflow/example_dags/example_sensors.py
[2025-10-03T00:07:49.169+0000] {logging_mixin.py:188} INFO - [2025-10-03T00:07:49.169+0000] {dag.py:3096} INFO - Sync 1 DAGs
[2025-10-03T00:07:49.197+0000] {logging_mixin.py:188} INFO - [2025-10-03T00:07:49.197+0000] {dag.py:3954} INFO - Setting next_dagrun for example_sensors to None, run_after=None
[2025-10-03T00:07:49.242+0000] {processor.py:183} INFO - Processing /home/airflow/.local/lib/python3.12/site-packages/airflow/example_dags/example_sensors.py took 0.191 seconds
[2025-10-03T00:08:19.454+0000] {processor.py:161} INFO - Started process (PID=15276) to work on /home/airflow/.local/lib/python3.12/site-packages/airflow/example_dags/example_sensors.py
[2025-10-03T00:08:19.457+0000] {processor.py:830} INFO - Processing file /home/airflow/.local/lib/python3.12/site-packages/airflow/example_dags/example_sensors.py for tasks to queue
[2025-10-03T00:08:19.459+0000] {logging_mixin.py:188} INFO - [2025-10-03T00:08:19.458+0000] {dagbag.py:545} INFO - Filling up the DagBag from /home/airflow/.local/lib/python3.12/site-packages/airflow/example_dags/example_sensors.py
[2025-10-03T00:08:19.481+0000] {processor.py:840} INFO - DAG(s) 'example_sensors' retrieved from /home/airflow/.local/lib/python3.12/site-packages/airflow/example_dags/example_sensors.py
[2025-10-03T00:08:19.544+0000] {logging_mixin.py:188} INFO - [2025-10-03T00:08:19.544+0000] {dag.py:3096} INFO - Sync 1 DAGs
[2025-10-03T00:08:19.572+0000] {logging_mixin.py:188} INFO - [2025-10-03T00:08:19.572+0000] {dag.py:3954} INFO - Setting next_dagrun for example_sensors to None, run_after=None
[2025-10-03T00:08:19.617+0000] {processor.py:183} INFO - Processing /home/airflow/.local/lib/python3.12/site-packages/airflow/example_dags/example_sensors.py took 0.177 seconds
[2025-10-03T00:08:50.214+0000] {processor.py:161} INFO - Started process (PID=15329) to work on /home/airflow/.local/lib/python3.12/site-packages/airflow/example_dags/example_sensors.py
[2025-10-03T00:08:50.217+0000] {processor.py:830} INFO - Processing file /home/airflow/.local/lib/python3.12/site-packages/airflow/example_dags/example_sensors.py for tasks to queue
[2025-10-03T00:08:50.220+0000] {logging_mixin.py:188} INFO - [2025-10-03T00:08:50.218+0000] {dagbag.py:545} INFO - Filling up the DagBag from /home/airflow/.local/lib/python3.12/site-packages/airflow/example_dags/example_sensors.py
[2025-10-03T00:08:50.248+0000] {processor.py:840} INFO - DAG(s) 'example_sensors' retrieved from /home/airflow/.local/lib/python3.12/site-packages/airflow/example_dags/example_sensors.py
[2025-10-03T00:08:50.307+0000] {logging_mixin.py:188} INFO - [2025-10-03T00:08:50.307+0000] {dag.py:3096} INFO - Sync 1 DAGs
[2025-10-03T00:08:50.342+0000] {logging_mixin.py:188} INFO - [2025-10-03T00:08:50.341+0000] {dag.py:3954} INFO - Setting next_dagrun for example_sensors to None, run_after=None
[2025-10-03T00:08:50.385+0000] {processor.py:183} INFO - Processing /home/airflow/.local/lib/python3.12/site-packages/airflow/example_dags/example_sensors.py took 0.185 seconds
[2025-10-03T00:09:20.988+0000] {processor.py:161} INFO - Started process (PID=15382) to work on /home/airflow/.local/lib/python3.12/site-packages/airflow/example_dags/example_sensors.py
[2025-10-03T00:09:20.990+0000] {processor.py:830} INFO - Processing file /home/airflow/.local/lib/python3.12/site-packages/airflow/example_dags/example_sensors.py for tasks to queue
[2025-10-03T00:09:20.993+0000] {logging_mixin.py:188} INFO - [2025-10-03T00:09:20.992+0000] {dagbag.py:545} INFO - Filling up the DagBag from /home/airflow/.local/lib/python3.12/site-packages/airflow/example_dags/example_sensors.py
[2025-10-03T00:09:21.016+0000] {processor.py:840} INFO - DAG(s) 'example_sensors' retrieved from /home/airflow/.local/lib/python3.12/site-packages/airflow/example_dags/example_sensors.py
[2025-10-03T00:09:21.082+0000] {logging_mixin.py:188} INFO - [2025-10-03T00:09:21.081+0000] {dag.py:3096} INFO - Sync 1 DAGs
[2025-10-03T00:09:21.109+0000] {logging_mixin.py:188} INFO - [2025-10-03T00:09:21.109+0000] {dag.py:3954} INFO - Setting next_dagrun for example_sensors to None, run_after=None
[2025-10-03T00:09:21.154+0000] {processor.py:183} INFO - Processing /home/airflow/.local/lib/python3.12/site-packages/airflow/example_dags/example_sensors.py took 0.182 seconds
[2025-10-03T00:09:51.883+0000] {processor.py:161} INFO - Started process (PID=15433) to work on /home/airflow/.local/lib/python3.12/site-packages/airflow/example_dags/example_sensors.py
[2025-10-03T00:09:51.885+0000] {processor.py:830} INFO - Processing file /home/airflow/.local/lib/python3.12/site-packages/airflow/example_dags/example_sensors.py for tasks to queue
[2025-10-03T00:09:51.888+0000] {logging_mixin.py:188} INFO - [2025-10-03T00:09:51.887+0000] {dagbag.py:545} INFO - Filling up the DagBag from /home/airflow/.local/lib/python3.12/site-packages/airflow/example_dags/example_sensors.py
[2025-10-03T00:09:51.915+0000] {processor.py:840} INFO - DAG(s) 'example_sensors' retrieved from /home/airflow/.local/lib/python3.12/site-packages/airflow/example_dags/example_sensors.py
[2025-10-03T00:09:51.972+0000] {logging_mixin.py:188} INFO - [2025-10-03T00:09:51.972+0000] {dag.py:3096} INFO - Sync 1 DAGs
[2025-10-03T00:09:52.001+0000] {logging_mixin.py:188} INFO - [2025-10-03T00:09:52.000+0000] {dag.py:3954} INFO - Setting next_dagrun for example_sensors to None, run_after=None
[2025-10-03T00:09:52.042+0000] {processor.py:183} INFO - Processing /home/airflow/.local/lib/python3.12/site-packages/airflow/example_dags/example_sensors.py took 0.174 seconds
[2025-10-03T00:10:22.184+0000] {processor.py:161} INFO - Started process (PID=15486) to work on /home/airflow/.local/lib/python3.12/site-packages/airflow/example_dags/example_sensors.py
[2025-10-03T00:10:22.187+0000] {processor.py:830} INFO - Processing file /home/airflow/.local/lib/python3.12/site-packages/airflow/example_dags/example_sensors.py for tasks to queue
[2025-10-03T00:10:22.191+0000] {logging_mixin.py:188} INFO - [2025-10-03T00:10:22.190+0000] {dagbag.py:545} INFO - Filling up the DagBag from /home/airflow/.local/lib/python3.12/site-packages/airflow/example_dags/example_sensors.py
[2025-10-03T00:10:22.220+0000] {processor.py:840} INFO - DAG(s) 'example_sensors' retrieved from /home/airflow/.local/lib/python3.12/site-packages/airflow/example_dags/example_sensors.py
[2025-10-03T00:10:22.286+0000] {logging_mixin.py:188} INFO - [2025-10-03T00:10:22.285+0000] {dag.py:3096} INFO - Sync 1 DAGs
[2025-10-03T00:10:22.317+0000] {logging_mixin.py:188} INFO - [2025-10-03T00:10:22.316+0000] {dag.py:3954} INFO - Setting next_dagrun for example_sensors to None, run_after=None
[2025-10-03T00:10:22.361+0000] {processor.py:183} INFO - Processing /home/airflow/.local/lib/python3.12/site-packages/airflow/example_dags/example_sensors.py took 0.192 seconds
[2025-10-03T00:10:52.498+0000] {processor.py:161} INFO - Started process (PID=15539) to work on /home/airflow/.local/lib/python3.12/site-packages/airflow/example_dags/example_sensors.py
[2025-10-03T00:10:52.501+0000] {processor.py:830} INFO - Processing file /home/airflow/.local/lib/python3.12/site-packages/airflow/example_dags/example_sensors.py for tasks to queue
[2025-10-03T00:10:52.503+0000] {logging_mixin.py:188} INFO - [2025-10-03T00:10:52.503+0000] {dagbag.py:545} INFO - Filling up the DagBag from /home/airflow/.local/lib/python3.12/site-packages/airflow/example_dags/example_sensors.py
[2025-10-03T00:10:52.530+0000] {processor.py:840} INFO - DAG(s) 'example_sensors' retrieved from /home/airflow/.local/lib/python3.12/site-packages/airflow/example_dags/example_sensors.py
[2025-10-03T00:10:52.611+0000] {logging_mixin.py:188} INFO - [2025-10-03T00:10:52.610+0000] {dag.py:3096} INFO - Sync 1 DAGs
[2025-10-03T00:10:52.650+0000] {logging_mixin.py:188} INFO - [2025-10-03T00:10:52.650+0000] {dag.py:3954} INFO - Setting next_dagrun for example_sensors to None, run_after=None
[2025-10-03T00:10:52.701+0000] {processor.py:183} INFO - Processing /home/airflow/.local/lib/python3.12/site-packages/airflow/example_dags/example_sensors.py took 0.224 seconds
[2025-10-03T00:11:23.675+0000] {processor.py:161} INFO - Started process (PID=15593) to work on /home/airflow/.local/lib/python3.12/site-packages/airflow/example_dags/example_sensors.py
[2025-10-03T00:11:23.682+0000] {processor.py:830} INFO - Processing file /home/airflow/.local/lib/python3.12/site-packages/airflow/example_dags/example_sensors.py for tasks to queue
[2025-10-03T00:11:23.690+0000] {logging_mixin.py:188} INFO - [2025-10-03T00:11:23.689+0000] {dagbag.py:545} INFO - Filling up the DagBag from /home/airflow/.local/lib/python3.12/site-packages/airflow/example_dags/example_sensors.py
[2025-10-03T00:11:23.748+0000] {processor.py:840} INFO - DAG(s) 'example_sensors' retrieved from /home/airflow/.local/lib/python3.12/site-packages/airflow/example_dags/example_sensors.py
[2025-10-03T00:11:23.928+0000] {logging_mixin.py:188} INFO - [2025-10-03T00:11:23.926+0000] {dag.py:3096} INFO - Sync 1 DAGs
[2025-10-03T00:11:24.020+0000] {logging_mixin.py:188} INFO - [2025-10-03T00:11:24.019+0000] {dag.py:3954} INFO - Setting next_dagrun for example_sensors to None, run_after=None
[2025-10-03T00:11:24.166+0000] {processor.py:183} INFO - Processing /home/airflow/.local/lib/python3.12/site-packages/airflow/example_dags/example_sensors.py took 0.536 seconds
[2025-10-03T00:11:54.923+0000] {processor.py:161} INFO - Started process (PID=15647) to work on /home/airflow/.local/lib/python3.12/site-packages/airflow/example_dags/example_sensors.py
[2025-10-03T00:11:54.930+0000] {processor.py:830} INFO - Processing file /home/airflow/.local/lib/python3.12/site-packages/airflow/example_dags/example_sensors.py for tasks to queue
[2025-10-03T00:11:54.973+0000] {logging_mixin.py:188} INFO - [2025-10-03T00:11:54.971+0000] {dagbag.py:545} INFO - Filling up the DagBag from /home/airflow/.local/lib/python3.12/site-packages/airflow/example_dags/example_sensors.py
[2025-10-03T00:11:55.069+0000] {processor.py:840} INFO - DAG(s) 'example_sensors' retrieved from /home/airflow/.local/lib/python3.12/site-packages/airflow/example_dags/example_sensors.py
[2025-10-03T00:11:55.343+0000] {logging_mixin.py:188} INFO - [2025-10-03T00:11:55.342+0000] {dag.py:3096} INFO - Sync 1 DAGs
[2025-10-03T00:11:55.460+0000] {logging_mixin.py:188} INFO - [2025-10-03T00:11:55.456+0000] {dag.py:3954} INFO - Setting next_dagrun for example_sensors to None, run_after=None
[2025-10-03T00:11:55.562+0000] {processor.py:183} INFO - Processing /home/airflow/.local/lib/python3.12/site-packages/airflow/example_dags/example_sensors.py took 0.682 seconds
[2025-10-03T00:12:25.915+0000] {processor.py:161} INFO - Started process (PID=15700) to work on /home/airflow/.local/lib/python3.12/site-packages/airflow/example_dags/example_sensors.py
[2025-10-03T00:12:25.918+0000] {processor.py:830} INFO - Processing file /home/airflow/.local/lib/python3.12/site-packages/airflow/example_dags/example_sensors.py for tasks to queue
[2025-10-03T00:12:25.920+0000] {logging_mixin.py:188} INFO - [2025-10-03T00:12:25.919+0000] {dagbag.py:545} INFO - Filling up the DagBag from /home/airflow/.local/lib/python3.12/site-packages/airflow/example_dags/example_sensors.py
[2025-10-03T00:12:25.947+0000] {processor.py:840} INFO - DAG(s) 'example_sensors' retrieved from /home/airflow/.local/lib/python3.12/site-packages/airflow/example_dags/example_sensors.py
[2025-10-03T00:12:26.015+0000] {logging_mixin.py:188} INFO - [2025-10-03T00:12:26.014+0000] {dag.py:3096} INFO - Sync 1 DAGs
[2025-10-03T00:12:26.051+0000] {logging_mixin.py:188} INFO - [2025-10-03T00:12:26.051+0000] {dag.py:3954} INFO - Setting next_dagrun for example_sensors to None, run_after=None
[2025-10-03T00:12:26.100+0000] {processor.py:183} INFO - Processing /home/airflow/.local/lib/python3.12/site-packages/airflow/example_dags/example_sensors.py took 0.204 seconds
[2025-10-03T00:12:57.039+0000] {processor.py:161} INFO - Started process (PID=15753) to work on /home/airflow/.local/lib/python3.12/site-packages/airflow/example_dags/example_sensors.py
[2025-10-03T00:12:57.058+0000] {processor.py:830} INFO - Processing file /home/airflow/.local/lib/python3.12/site-packages/airflow/example_dags/example_sensors.py for tasks to queue
[2025-10-03T00:12:57.069+0000] {logging_mixin.py:188} INFO - [2025-10-03T00:12:57.068+0000] {dagbag.py:545} INFO - Filling up the DagBag from /home/airflow/.local/lib/python3.12/site-packages/airflow/example_dags/example_sensors.py
[2025-10-03T00:12:57.143+0000] {processor.py:840} INFO - DAG(s) 'example_sensors' retrieved from /home/airflow/.local/lib/python3.12/site-packages/airflow/example_dags/example_sensors.py
[2025-10-03T00:12:57.223+0000] {logging_mixin.py:188} INFO - [2025-10-03T00:12:57.223+0000] {dag.py:3096} INFO - Sync 1 DAGs
[2025-10-03T00:12:57.249+0000] {logging_mixin.py:188} INFO - [2025-10-03T00:12:57.249+0000] {dag.py:3954} INFO - Setting next_dagrun for example_sensors to None, run_after=None
[2025-10-03T00:12:57.289+0000] {processor.py:183} INFO - Processing /home/airflow/.local/lib/python3.12/site-packages/airflow/example_dags/example_sensors.py took 0.295 seconds
[2025-10-03T00:13:27.443+0000] {processor.py:161} INFO - Started process (PID=15806) to work on /home/airflow/.local/lib/python3.12/site-packages/airflow/example_dags/example_sensors.py
[2025-10-03T00:13:27.445+0000] {processor.py:830} INFO - Processing file /home/airflow/.local/lib/python3.12/site-packages/airflow/example_dags/example_sensors.py for tasks to queue
[2025-10-03T00:13:27.447+0000] {logging_mixin.py:188} INFO - [2025-10-03T00:13:27.446+0000] {dagbag.py:545} INFO - Filling up the DagBag from /home/airflow/.local/lib/python3.12/site-packages/airflow/example_dags/example_sensors.py
[2025-10-03T00:13:27.478+0000] {processor.py:840} INFO - DAG(s) 'example_sensors' retrieved from /home/airflow/.local/lib/python3.12/site-packages/airflow/example_dags/example_sensors.py
[2025-10-03T00:13:27.545+0000] {logging_mixin.py:188} INFO - [2025-10-03T00:13:27.544+0000] {dag.py:3096} INFO - Sync 1 DAGs
[2025-10-03T00:13:27.604+0000] {logging_mixin.py:188} INFO - [2025-10-03T00:13:27.603+0000] {dag.py:3954} INFO - Setting next_dagrun for example_sensors to None, run_after=None
[2025-10-03T00:13:27.679+0000] {processor.py:183} INFO - Processing /home/airflow/.local/lib/python3.12/site-packages/airflow/example_dags/example_sensors.py took 0.253 seconds
[2025-10-03T00:13:58.249+0000] {processor.py:161} INFO - Started process (PID=15859) to work on /home/airflow/.local/lib/python3.12/site-packages/airflow/example_dags/example_sensors.py
[2025-10-03T00:13:58.252+0000] {processor.py:830} INFO - Processing file /home/airflow/.local/lib/python3.12/site-packages/airflow/example_dags/example_sensors.py for tasks to queue
[2025-10-03T00:13:58.254+0000] {logging_mixin.py:188} INFO - [2025-10-03T00:13:58.254+0000] {dagbag.py:545} INFO - Filling up the DagBag from /home/airflow/.local/lib/python3.12/site-packages/airflow/example_dags/example_sensors.py
[2025-10-03T00:13:58.279+0000] {processor.py:840} INFO - DAG(s) 'example_sensors' retrieved from /home/airflow/.local/lib/python3.12/site-packages/airflow/example_dags/example_sensors.py
[2025-10-03T00:13:58.357+0000] {logging_mixin.py:188} INFO - [2025-10-03T00:13:58.356+0000] {dag.py:3096} INFO - Sync 1 DAGs
[2025-10-03T00:13:58.394+0000] {logging_mixin.py:188} INFO - [2025-10-03T00:13:58.393+0000] {dag.py:3954} INFO - Setting next_dagrun for example_sensors to None, run_after=None
[2025-10-03T00:13:58.439+0000] {processor.py:183} INFO - Processing /home/airflow/.local/lib/python3.12/site-packages/airflow/example_dags/example_sensors.py took 0.206 seconds
[2025-10-03T00:14:28.714+0000] {processor.py:161} INFO - Started process (PID=15912) to work on /home/airflow/.local/lib/python3.12/site-packages/airflow/example_dags/example_sensors.py
[2025-10-03T00:14:28.719+0000] {processor.py:830} INFO - Processing file /home/airflow/.local/lib/python3.12/site-packages/airflow/example_dags/example_sensors.py for tasks to queue
[2025-10-03T00:14:28.722+0000] {logging_mixin.py:188} INFO - [2025-10-03T00:14:28.721+0000] {dagbag.py:545} INFO - Filling up the DagBag from /home/airflow/.local/lib/python3.12/site-packages/airflow/example_dags/example_sensors.py
[2025-10-03T00:14:28.812+0000] {processor.py:840} INFO - DAG(s) 'example_sensors' retrieved from /home/airflow/.local/lib/python3.12/site-packages/airflow/example_dags/example_sensors.py
[2025-10-03T00:14:29.015+0000] {logging_mixin.py:188} INFO - [2025-10-03T00:14:29.014+0000] {dag.py:3096} INFO - Sync 1 DAGs
[2025-10-03T00:14:29.109+0000] {logging_mixin.py:188} INFO - [2025-10-03T00:14:29.109+0000] {dag.py:3954} INFO - Setting next_dagrun for example_sensors to None, run_after=None
[2025-10-03T00:14:29.235+0000] {processor.py:183} INFO - Processing /home/airflow/.local/lib/python3.12/site-packages/airflow/example_dags/example_sensors.py took 0.563 seconds
[2025-10-03T00:14:59.901+0000] {processor.py:161} INFO - Started process (PID=15965) to work on /home/airflow/.local/lib/python3.12/site-packages/airflow/example_dags/example_sensors.py
[2025-10-03T00:14:59.903+0000] {processor.py:830} INFO - Processing file /home/airflow/.local/lib/python3.12/site-packages/airflow/example_dags/example_sensors.py for tasks to queue
[2025-10-03T00:14:59.905+0000] {logging_mixin.py:188} INFO - [2025-10-03T00:14:59.905+0000] {dagbag.py:545} INFO - Filling up the DagBag from /home/airflow/.local/lib/python3.12/site-packages/airflow/example_dags/example_sensors.py
[2025-10-03T00:14:59.928+0000] {processor.py:840} INFO - DAG(s) 'example_sensors' retrieved from /home/airflow/.local/lib/python3.12/site-packages/airflow/example_dags/example_sensors.py
[2025-10-03T00:15:00.008+0000] {logging_mixin.py:188} INFO - [2025-10-03T00:15:00.007+0000] {dag.py:3096} INFO - Sync 1 DAGs
[2025-10-03T00:15:00.046+0000] {logging_mixin.py:188} INFO - [2025-10-03T00:15:00.045+0000] {dag.py:3954} INFO - Setting next_dagrun for example_sensors to None, run_after=None
[2025-10-03T00:15:00.089+0000] {processor.py:183} INFO - Processing /home/airflow/.local/lib/python3.12/site-packages/airflow/example_dags/example_sensors.py took 0.203 seconds
[2025-10-03T00:15:30.483+0000] {processor.py:161} INFO - Started process (PID=16018) to work on /home/airflow/.local/lib/python3.12/site-packages/airflow/example_dags/example_sensors.py
[2025-10-03T00:15:30.485+0000] {processor.py:830} INFO - Processing file /home/airflow/.local/lib/python3.12/site-packages/airflow/example_dags/example_sensors.py for tasks to queue
[2025-10-03T00:15:30.488+0000] {logging_mixin.py:188} INFO - [2025-10-03T00:15:30.487+0000] {dagbag.py:545} INFO - Filling up the DagBag from /home/airflow/.local/lib/python3.12/site-packages/airflow/example_dags/example_sensors.py
[2025-10-03T00:15:30.510+0000] {processor.py:840} INFO - DAG(s) 'example_sensors' retrieved from /home/airflow/.local/lib/python3.12/site-packages/airflow/example_dags/example_sensors.py
[2025-10-03T00:15:30.567+0000] {logging_mixin.py:188} INFO - [2025-10-03T00:15:30.567+0000] {dag.py:3096} INFO - Sync 1 DAGs
[2025-10-03T00:15:30.593+0000] {logging_mixin.py:188} INFO - [2025-10-03T00:15:30.593+0000] {dag.py:3954} INFO - Setting next_dagrun for example_sensors to None, run_after=None
[2025-10-03T00:15:30.640+0000] {processor.py:183} INFO - Processing /home/airflow/.local/lib/python3.12/site-packages/airflow/example_dags/example_sensors.py took 0.171 seconds
[2025-10-03T00:16:00.892+0000] {processor.py:161} INFO - Started process (PID=16071) to work on /home/airflow/.local/lib/python3.12/site-packages/airflow/example_dags/example_sensors.py
[2025-10-03T00:16:00.895+0000] {processor.py:830} INFO - Processing file /home/airflow/.local/lib/python3.12/site-packages/airflow/example_dags/example_sensors.py for tasks to queue
[2025-10-03T00:16:00.898+0000] {logging_mixin.py:188} INFO - [2025-10-03T00:16:00.897+0000] {dagbag.py:545} INFO - Filling up the DagBag from /home/airflow/.local/lib/python3.12/site-packages/airflow/example_dags/example_sensors.py
[2025-10-03T00:16:00.921+0000] {processor.py:840} INFO - DAG(s) 'example_sensors' retrieved from /home/airflow/.local/lib/python3.12/site-packages/airflow/example_dags/example_sensors.py
[2025-10-03T00:16:00.983+0000] {logging_mixin.py:188} INFO - [2025-10-03T00:16:00.982+0000] {dag.py:3096} INFO - Sync 1 DAGs
[2025-10-03T00:16:01.013+0000] {logging_mixin.py:188} INFO - [2025-10-03T00:16:01.013+0000] {dag.py:3954} INFO - Setting next_dagrun for example_sensors to None, run_after=None
[2025-10-03T00:16:01.059+0000] {processor.py:183} INFO - Processing /home/airflow/.local/lib/python3.12/site-packages/airflow/example_dags/example_sensors.py took 0.186 seconds
[2025-10-03T00:16:31.576+0000] {processor.py:161} INFO - Started process (PID=16124) to work on /home/airflow/.local/lib/python3.12/site-packages/airflow/example_dags/example_sensors.py
[2025-10-03T00:16:31.579+0000] {processor.py:830} INFO - Processing file /home/airflow/.local/lib/python3.12/site-packages/airflow/example_dags/example_sensors.py for tasks to queue
[2025-10-03T00:16:31.581+0000] {logging_mixin.py:188} INFO - [2025-10-03T00:16:31.580+0000] {dagbag.py:545} INFO - Filling up the DagBag from /home/airflow/.local/lib/python3.12/site-packages/airflow/example_dags/example_sensors.py
[2025-10-03T00:16:31.606+0000] {processor.py:840} INFO - DAG(s) 'example_sensors' retrieved from /home/airflow/.local/lib/python3.12/site-packages/airflow/example_dags/example_sensors.py
[2025-10-03T00:16:31.672+0000] {logging_mixin.py:188} INFO - [2025-10-03T00:16:31.672+0000] {dag.py:3096} INFO - Sync 1 DAGs
[2025-10-03T00:16:31.698+0000] {logging_mixin.py:188} INFO - [2025-10-03T00:16:31.698+0000] {dag.py:3954} INFO - Setting next_dagrun for example_sensors to None, run_after=None
[2025-10-03T00:16:31.748+0000] {processor.py:183} INFO - Processing /home/airflow/.local/lib/python3.12/site-packages/airflow/example_dags/example_sensors.py took 0.186 seconds
[2025-10-03T00:17:02.384+0000] {processor.py:161} INFO - Started process (PID=16177) to work on /home/airflow/.local/lib/python3.12/site-packages/airflow/example_dags/example_sensors.py
[2025-10-03T00:17:02.387+0000] {processor.py:830} INFO - Processing file /home/airflow/.local/lib/python3.12/site-packages/airflow/example_dags/example_sensors.py for tasks to queue
[2025-10-03T00:17:02.389+0000] {logging_mixin.py:188} INFO - [2025-10-03T00:17:02.389+0000] {dagbag.py:545} INFO - Filling up the DagBag from /home/airflow/.local/lib/python3.12/site-packages/airflow/example_dags/example_sensors.py
[2025-10-03T00:17:02.412+0000] {processor.py:840} INFO - DAG(s) 'example_sensors' retrieved from /home/airflow/.local/lib/python3.12/site-packages/airflow/example_dags/example_sensors.py
[2025-10-03T00:17:02.472+0000] {logging_mixin.py:188} INFO - [2025-10-03T00:17:02.471+0000] {dag.py:3096} INFO - Sync 1 DAGs
[2025-10-03T00:17:02.505+0000] {logging_mixin.py:188} INFO - [2025-10-03T00:17:02.504+0000] {dag.py:3954} INFO - Setting next_dagrun for example_sensors to None, run_after=None
[2025-10-03T00:17:02.546+0000] {processor.py:183} INFO - Processing /home/airflow/.local/lib/python3.12/site-packages/airflow/example_dags/example_sensors.py took 0.177 seconds
[2025-10-03T00:17:32.794+0000] {processor.py:161} INFO - Started process (PID=16230) to work on /home/airflow/.local/lib/python3.12/site-packages/airflow/example_dags/example_sensors.py
[2025-10-03T00:17:32.797+0000] {processor.py:830} INFO - Processing file /home/airflow/.local/lib/python3.12/site-packages/airflow/example_dags/example_sensors.py for tasks to queue
[2025-10-03T00:17:32.799+0000] {logging_mixin.py:188} INFO - [2025-10-03T00:17:32.798+0000] {dagbag.py:545} INFO - Filling up the DagBag from /home/airflow/.local/lib/python3.12/site-packages/airflow/example_dags/example_sensors.py
[2025-10-03T00:17:32.820+0000] {processor.py:840} INFO - DAG(s) 'example_sensors' retrieved from /home/airflow/.local/lib/python3.12/site-packages/airflow/example_dags/example_sensors.py
[2025-10-03T00:17:32.875+0000] {logging_mixin.py:188} INFO - [2025-10-03T00:17:32.875+0000] {dag.py:3096} INFO - Sync 1 DAGs
[2025-10-03T00:17:32.902+0000] {logging_mixin.py:188} INFO - [2025-10-03T00:17:32.901+0000] {dag.py:3954} INFO - Setting next_dagrun for example_sensors to None, run_after=None
[2025-10-03T00:17:32.942+0000] {processor.py:183} INFO - Processing /home/airflow/.local/lib/python3.12/site-packages/airflow/example_dags/example_sensors.py took 0.161 seconds
[2025-10-03T00:18:03.270+0000] {processor.py:161} INFO - Started process (PID=16283) to work on /home/airflow/.local/lib/python3.12/site-packages/airflow/example_dags/example_sensors.py
[2025-10-03T00:18:03.273+0000] {processor.py:830} INFO - Processing file /home/airflow/.local/lib/python3.12/site-packages/airflow/example_dags/example_sensors.py for tasks to queue
[2025-10-03T00:18:03.275+0000] {logging_mixin.py:188} INFO - [2025-10-03T00:18:03.274+0000] {dagbag.py:545} INFO - Filling up the DagBag from /home/airflow/.local/lib/python3.12/site-packages/airflow/example_dags/example_sensors.py
[2025-10-03T00:18:03.305+0000] {processor.py:840} INFO - DAG(s) 'example_sensors' retrieved from /home/airflow/.local/lib/python3.12/site-packages/airflow/example_dags/example_sensors.py
[2025-10-03T00:18:03.375+0000] {logging_mixin.py:188} INFO - [2025-10-03T00:18:03.374+0000] {dag.py:3096} INFO - Sync 1 DAGs
[2025-10-03T00:18:03.403+0000] {logging_mixin.py:188} INFO - [2025-10-03T00:18:03.403+0000] {dag.py:3954} INFO - Setting next_dagrun for example_sensors to None, run_after=None
[2025-10-03T00:18:03.453+0000] {processor.py:183} INFO - Processing /home/airflow/.local/lib/python3.12/site-packages/airflow/example_dags/example_sensors.py took 0.205 seconds
[2025-10-03T00:18:33.872+0000] {processor.py:161} INFO - Started process (PID=16336) to work on /home/airflow/.local/lib/python3.12/site-packages/airflow/example_dags/example_sensors.py
[2025-10-03T00:18:33.874+0000] {processor.py:830} INFO - Processing file /home/airflow/.local/lib/python3.12/site-packages/airflow/example_dags/example_sensors.py for tasks to queue
[2025-10-03T00:18:33.876+0000] {logging_mixin.py:188} INFO - [2025-10-03T00:18:33.875+0000] {dagbag.py:545} INFO - Filling up the DagBag from /home/airflow/.local/lib/python3.12/site-packages/airflow/example_dags/example_sensors.py
[2025-10-03T00:18:33.904+0000] {processor.py:840} INFO - DAG(s) 'example_sensors' retrieved from /home/airflow/.local/lib/python3.12/site-packages/airflow/example_dags/example_sensors.py
[2025-10-03T00:18:33.971+0000] {logging_mixin.py:188} INFO - [2025-10-03T00:18:33.970+0000] {dag.py:3096} INFO - Sync 1 DAGs
[2025-10-03T00:18:34.006+0000] {logging_mixin.py:188} INFO - [2025-10-03T00:18:34.005+0000] {dag.py:3954} INFO - Setting next_dagrun for example_sensors to None, run_after=None
[2025-10-03T00:18:34.073+0000] {processor.py:183} INFO - Processing /home/airflow/.local/lib/python3.12/site-packages/airflow/example_dags/example_sensors.py took 0.219 seconds
[2025-10-03T00:19:04.935+0000] {processor.py:161} INFO - Started process (PID=16389) to work on /home/airflow/.local/lib/python3.12/site-packages/airflow/example_dags/example_sensors.py
[2025-10-03T00:19:04.938+0000] {processor.py:830} INFO - Processing file /home/airflow/.local/lib/python3.12/site-packages/airflow/example_dags/example_sensors.py for tasks to queue
[2025-10-03T00:19:04.940+0000] {logging_mixin.py:188} INFO - [2025-10-03T00:19:04.939+0000] {dagbag.py:545} INFO - Filling up the DagBag from /home/airflow/.local/lib/python3.12/site-packages/airflow/example_dags/example_sensors.py
[2025-10-03T00:19:04.966+0000] {processor.py:840} INFO - DAG(s) 'example_sensors' retrieved from /home/airflow/.local/lib/python3.12/site-packages/airflow/example_dags/example_sensors.py
[2025-10-03T00:19:05.043+0000] {logging_mixin.py:188} INFO - [2025-10-03T00:19:05.042+0000] {dag.py:3096} INFO - Sync 1 DAGs
[2025-10-03T00:19:05.076+0000] {logging_mixin.py:188} INFO - [2025-10-03T00:19:05.075+0000] {dag.py:3954} INFO - Setting next_dagrun for example_sensors to None, run_after=None
[2025-10-03T00:19:05.128+0000] {processor.py:183} INFO - Processing /home/airflow/.local/lib/python3.12/site-packages/airflow/example_dags/example_sensors.py took 0.209 seconds
[2025-10-03T00:19:35.780+0000] {processor.py:161} INFO - Started process (PID=16442) to work on /home/airflow/.local/lib/python3.12/site-packages/airflow/example_dags/example_sensors.py
[2025-10-03T00:19:35.783+0000] {processor.py:830} INFO - Processing file /home/airflow/.local/lib/python3.12/site-packages/airflow/example_dags/example_sensors.py for tasks to queue
[2025-10-03T00:19:35.787+0000] {logging_mixin.py:188} INFO - [2025-10-03T00:19:35.786+0000] {dagbag.py:545} INFO - Filling up the DagBag from /home/airflow/.local/lib/python3.12/site-packages/airflow/example_dags/example_sensors.py
[2025-10-03T00:19:35.812+0000] {processor.py:840} INFO - DAG(s) 'example_sensors' retrieved from /home/airflow/.local/lib/python3.12/site-packages/airflow/example_dags/example_sensors.py
[2025-10-03T00:19:35.985+0000] {logging_mixin.py:188} INFO - [2025-10-03T00:19:35.985+0000] {dag.py:3096} INFO - Sync 1 DAGs
[2025-10-03T00:19:36.020+0000] {logging_mixin.py:188} INFO - [2025-10-03T00:19:36.019+0000] {dag.py:3954} INFO - Setting next_dagrun for example_sensors to None, run_after=None
[2025-10-03T00:19:36.071+0000] {processor.py:183} INFO - Processing /home/airflow/.local/lib/python3.12/site-packages/airflow/example_dags/example_sensors.py took 0.312 seconds
[2025-10-03T00:20:06.698+0000] {processor.py:161} INFO - Started process (PID=16495) to work on /home/airflow/.local/lib/python3.12/site-packages/airflow/example_dags/example_sensors.py
[2025-10-03T00:20:06.703+0000] {processor.py:830} INFO - Processing file /home/airflow/.local/lib/python3.12/site-packages/airflow/example_dags/example_sensors.py for tasks to queue
[2025-10-03T00:20:06.707+0000] {logging_mixin.py:188} INFO - [2025-10-03T00:20:06.706+0000] {dagbag.py:545} INFO - Filling up the DagBag from /home/airflow/.local/lib/python3.12/site-packages/airflow/example_dags/example_sensors.py
[2025-10-03T00:20:06.748+0000] {processor.py:840} INFO - DAG(s) 'example_sensors' retrieved from /home/airflow/.local/lib/python3.12/site-packages/airflow/example_dags/example_sensors.py
[2025-10-03T00:20:06.857+0000] {logging_mixin.py:188} INFO - [2025-10-03T00:20:06.856+0000] {dag.py:3096} INFO - Sync 1 DAGs
[2025-10-03T00:20:06.898+0000] {logging_mixin.py:188} INFO - [2025-10-03T00:20:06.897+0000] {dag.py:3954} INFO - Setting next_dagrun for example_sensors to None, run_after=None
[2025-10-03T00:20:06.961+0000] {processor.py:183} INFO - Processing /home/airflow/.local/lib/python3.12/site-packages/airflow/example_dags/example_sensors.py took 0.287 seconds
[2025-10-03T00:20:37.242+0000] {processor.py:161} INFO - Started process (PID=16548) to work on /home/airflow/.local/lib/python3.12/site-packages/airflow/example_dags/example_sensors.py
[2025-10-03T00:20:37.245+0000] {processor.py:830} INFO - Processing file /home/airflow/.local/lib/python3.12/site-packages/airflow/example_dags/example_sensors.py for tasks to queue
[2025-10-03T00:20:37.248+0000] {logging_mixin.py:188} INFO - [2025-10-03T00:20:37.247+0000] {dagbag.py:545} INFO - Filling up the DagBag from /home/airflow/.local/lib/python3.12/site-packages/airflow/example_dags/example_sensors.py
[2025-10-03T00:20:37.280+0000] {processor.py:840} INFO - DAG(s) 'example_sensors' retrieved from /home/airflow/.local/lib/python3.12/site-packages/airflow/example_dags/example_sensors.py
[2025-10-03T00:20:37.339+0000] {logging_mixin.py:188} INFO - [2025-10-03T00:20:37.339+0000] {dag.py:3096} INFO - Sync 1 DAGs
[2025-10-03T00:20:37.367+0000] {logging_mixin.py:188} INFO - [2025-10-03T00:20:37.367+0000] {dag.py:3954} INFO - Setting next_dagrun for example_sensors to None, run_after=None
[2025-10-03T00:20:37.417+0000] {processor.py:183} INFO - Processing /home/airflow/.local/lib/python3.12/site-packages/airflow/example_dags/example_sensors.py took 0.196 seconds
[2025-10-03T00:21:07.689+0000] {processor.py:161} INFO - Started process (PID=16601) to work on /home/airflow/.local/lib/python3.12/site-packages/airflow/example_dags/example_sensors.py
[2025-10-03T00:21:07.691+0000] {processor.py:830} INFO - Processing file /home/airflow/.local/lib/python3.12/site-packages/airflow/example_dags/example_sensors.py for tasks to queue
[2025-10-03T00:21:07.693+0000] {logging_mixin.py:188} INFO - [2025-10-03T00:21:07.692+0000] {dagbag.py:545} INFO - Filling up the DagBag from /home/airflow/.local/lib/python3.12/site-packages/airflow/example_dags/example_sensors.py
[2025-10-03T00:21:07.723+0000] {processor.py:840} INFO - DAG(s) 'example_sensors' retrieved from /home/airflow/.local/lib/python3.12/site-packages/airflow/example_dags/example_sensors.py
[2025-10-03T00:21:07.793+0000] {logging_mixin.py:188} INFO - [2025-10-03T00:21:07.793+0000] {dag.py:3096} INFO - Sync 1 DAGs
[2025-10-03T00:21:07.828+0000] {logging_mixin.py:188} INFO - [2025-10-03T00:21:07.828+0000] {dag.py:3954} INFO - Setting next_dagrun for example_sensors to None, run_after=None
[2025-10-03T00:21:07.879+0000] {processor.py:183} INFO - Processing /home/airflow/.local/lib/python3.12/site-packages/airflow/example_dags/example_sensors.py took 0.207 seconds
[2025-10-03T00:21:38.109+0000] {processor.py:161} INFO - Started process (PID=16651) to work on /home/airflow/.local/lib/python3.12/site-packages/airflow/example_dags/example_sensors.py
[2025-10-03T00:21:38.114+0000] {processor.py:830} INFO - Processing file /home/airflow/.local/lib/python3.12/site-packages/airflow/example_dags/example_sensors.py for tasks to queue
[2025-10-03T00:21:38.119+0000] {logging_mixin.py:188} INFO - [2025-10-03T00:21:38.117+0000] {dagbag.py:545} INFO - Filling up the DagBag from /home/airflow/.local/lib/python3.12/site-packages/airflow/example_dags/example_sensors.py
[2025-10-03T00:21:38.153+0000] {processor.py:840} INFO - DAG(s) 'example_sensors' retrieved from /home/airflow/.local/lib/python3.12/site-packages/airflow/example_dags/example_sensors.py
[2025-10-03T00:21:38.213+0000] {logging_mixin.py:188} INFO - [2025-10-03T00:21:38.212+0000] {dag.py:3096} INFO - Sync 1 DAGs
[2025-10-03T00:21:38.241+0000] {logging_mixin.py:188} INFO - [2025-10-03T00:21:38.241+0000] {dag.py:3954} INFO - Setting next_dagrun for example_sensors to None, run_after=None
[2025-10-03T00:21:38.297+0000] {processor.py:183} INFO - Processing /home/airflow/.local/lib/python3.12/site-packages/airflow/example_dags/example_sensors.py took 0.225 seconds
[2025-10-03T00:22:09.040+0000] {processor.py:161} INFO - Started process (PID=16704) to work on /home/airflow/.local/lib/python3.12/site-packages/airflow/example_dags/example_sensors.py
[2025-10-03T00:22:09.043+0000] {processor.py:830} INFO - Processing file /home/airflow/.local/lib/python3.12/site-packages/airflow/example_dags/example_sensors.py for tasks to queue
[2025-10-03T00:22:09.046+0000] {logging_mixin.py:188} INFO - [2025-10-03T00:22:09.045+0000] {dagbag.py:545} INFO - Filling up the DagBag from /home/airflow/.local/lib/python3.12/site-packages/airflow/example_dags/example_sensors.py
[2025-10-03T00:22:09.085+0000] {processor.py:840} INFO - DAG(s) 'example_sensors' retrieved from /home/airflow/.local/lib/python3.12/site-packages/airflow/example_dags/example_sensors.py
[2025-10-03T00:22:09.157+0000] {logging_mixin.py:188} INFO - [2025-10-03T00:22:09.156+0000] {dag.py:3096} INFO - Sync 1 DAGs
[2025-10-03T00:22:09.193+0000] {logging_mixin.py:188} INFO - [2025-10-03T00:22:09.192+0000] {dag.py:3954} INFO - Setting next_dagrun for example_sensors to None, run_after=None
[2025-10-03T00:22:09.242+0000] {processor.py:183} INFO - Processing /home/airflow/.local/lib/python3.12/site-packages/airflow/example_dags/example_sensors.py took 0.229 seconds
[2025-10-03T00:22:39.408+0000] {processor.py:161} INFO - Started process (PID=16757) to work on /home/airflow/.local/lib/python3.12/site-packages/airflow/example_dags/example_sensors.py
[2025-10-03T00:22:39.411+0000] {processor.py:830} INFO - Processing file /home/airflow/.local/lib/python3.12/site-packages/airflow/example_dags/example_sensors.py for tasks to queue
[2025-10-03T00:22:39.413+0000] {logging_mixin.py:188} INFO - [2025-10-03T00:22:39.412+0000] {dagbag.py:545} INFO - Filling up the DagBag from /home/airflow/.local/lib/python3.12/site-packages/airflow/example_dags/example_sensors.py
[2025-10-03T00:22:39.435+0000] {processor.py:840} INFO - DAG(s) 'example_sensors' retrieved from /home/airflow/.local/lib/python3.12/site-packages/airflow/example_dags/example_sensors.py
[2025-10-03T00:22:39.490+0000] {logging_mixin.py:188} INFO - [2025-10-03T00:22:39.490+0000] {dag.py:3096} INFO - Sync 1 DAGs
[2025-10-03T00:22:39.517+0000] {logging_mixin.py:188} INFO - [2025-10-03T00:22:39.516+0000] {dag.py:3954} INFO - Setting next_dagrun for example_sensors to None, run_after=None
[2025-10-03T00:22:39.564+0000] {processor.py:183} INFO - Processing /home/airflow/.local/lib/python3.12/site-packages/airflow/example_dags/example_sensors.py took 0.171 seconds
[2025-10-03T00:23:09.741+0000] {processor.py:161} INFO - Started process (PID=16810) to work on /home/airflow/.local/lib/python3.12/site-packages/airflow/example_dags/example_sensors.py
[2025-10-03T00:23:09.744+0000] {processor.py:830} INFO - Processing file /home/airflow/.local/lib/python3.12/site-packages/airflow/example_dags/example_sensors.py for tasks to queue
[2025-10-03T00:23:09.746+0000] {logging_mixin.py:188} INFO - [2025-10-03T00:23:09.745+0000] {dagbag.py:545} INFO - Filling up the DagBag from /home/airflow/.local/lib/python3.12/site-packages/airflow/example_dags/example_sensors.py
[2025-10-03T00:23:09.769+0000] {processor.py:840} INFO - DAG(s) 'example_sensors' retrieved from /home/airflow/.local/lib/python3.12/site-packages/airflow/example_dags/example_sensors.py
[2025-10-03T00:23:09.831+0000] {logging_mixin.py:188} INFO - [2025-10-03T00:23:09.831+0000] {dag.py:3096} INFO - Sync 1 DAGs
[2025-10-03T00:23:09.860+0000] {logging_mixin.py:188} INFO - [2025-10-03T00:23:09.860+0000] {dag.py:3954} INFO - Setting next_dagrun for example_sensors to None, run_after=None
[2025-10-03T00:23:09.904+0000] {processor.py:183} INFO - Processing /home/airflow/.local/lib/python3.12/site-packages/airflow/example_dags/example_sensors.py took 0.178 seconds
[2025-10-03T00:23:40.483+0000] {processor.py:161} INFO - Started process (PID=16863) to work on /home/airflow/.local/lib/python3.12/site-packages/airflow/example_dags/example_sensors.py
[2025-10-03T00:23:40.485+0000] {processor.py:830} INFO - Processing file /home/airflow/.local/lib/python3.12/site-packages/airflow/example_dags/example_sensors.py for tasks to queue
[2025-10-03T00:23:40.487+0000] {logging_mixin.py:188} INFO - [2025-10-03T00:23:40.486+0000] {dagbag.py:545} INFO - Filling up the DagBag from /home/airflow/.local/lib/python3.12/site-packages/airflow/example_dags/example_sensors.py
[2025-10-03T00:23:40.511+0000] {processor.py:840} INFO - DAG(s) 'example_sensors' retrieved from /home/airflow/.local/lib/python3.12/site-packages/airflow/example_dags/example_sensors.py
[2025-10-03T00:23:40.568+0000] {logging_mixin.py:188} INFO - [2025-10-03T00:23:40.568+0000] {dag.py:3096} INFO - Sync 1 DAGs
[2025-10-03T00:23:40.595+0000] {logging_mixin.py:188} INFO - [2025-10-03T00:23:40.594+0000] {dag.py:3954} INFO - Setting next_dagrun for example_sensors to None, run_after=None
[2025-10-03T00:23:40.646+0000] {processor.py:183} INFO - Processing /home/airflow/.local/lib/python3.12/site-packages/airflow/example_dags/example_sensors.py took 0.179 seconds
[2025-10-03T00:24:11.406+0000] {processor.py:161} INFO - Started process (PID=16913) to work on /home/airflow/.local/lib/python3.12/site-packages/airflow/example_dags/example_sensors.py
[2025-10-03T00:24:11.408+0000] {processor.py:830} INFO - Processing file /home/airflow/.local/lib/python3.12/site-packages/airflow/example_dags/example_sensors.py for tasks to queue
[2025-10-03T00:24:11.411+0000] {logging_mixin.py:188} INFO - [2025-10-03T00:24:11.410+0000] {dagbag.py:545} INFO - Filling up the DagBag from /home/airflow/.local/lib/python3.12/site-packages/airflow/example_dags/example_sensors.py
[2025-10-03T00:24:11.438+0000] {processor.py:840} INFO - DAG(s) 'example_sensors' retrieved from /home/airflow/.local/lib/python3.12/site-packages/airflow/example_dags/example_sensors.py
[2025-10-03T00:24:11.504+0000] {logging_mixin.py:188} INFO - [2025-10-03T00:24:11.503+0000] {dag.py:3096} INFO - Sync 1 DAGs
[2025-10-03T00:24:11.536+0000] {logging_mixin.py:188} INFO - [2025-10-03T00:24:11.536+0000] {dag.py:3954} INFO - Setting next_dagrun for example_sensors to None, run_after=None
[2025-10-03T00:24:11.580+0000] {processor.py:183} INFO - Processing /home/airflow/.local/lib/python3.12/site-packages/airflow/example_dags/example_sensors.py took 0.191 seconds
[2025-10-03T00:24:41.820+0000] {processor.py:161} INFO - Started process (PID=16965) to work on /home/airflow/.local/lib/python3.12/site-packages/airflow/example_dags/example_sensors.py
[2025-10-03T00:24:41.822+0000] {processor.py:830} INFO - Processing file /home/airflow/.local/lib/python3.12/site-packages/airflow/example_dags/example_sensors.py for tasks to queue
[2025-10-03T00:24:41.824+0000] {logging_mixin.py:188} INFO - [2025-10-03T00:24:41.823+0000] {dagbag.py:545} INFO - Filling up the DagBag from /home/airflow/.local/lib/python3.12/site-packages/airflow/example_dags/example_sensors.py
[2025-10-03T00:24:41.847+0000] {processor.py:840} INFO - DAG(s) 'example_sensors' retrieved from /home/airflow/.local/lib/python3.12/site-packages/airflow/example_dags/example_sensors.py
[2025-10-03T00:24:41.914+0000] {logging_mixin.py:188} INFO - [2025-10-03T00:24:41.913+0000] {dag.py:3096} INFO - Sync 1 DAGs
[2025-10-03T00:24:41.954+0000] {logging_mixin.py:188} INFO - [2025-10-03T00:24:41.953+0000] {dag.py:3954} INFO - Setting next_dagrun for example_sensors to None, run_after=None
[2025-10-03T00:24:42.003+0000] {processor.py:183} INFO - Processing /home/airflow/.local/lib/python3.12/site-packages/airflow/example_dags/example_sensors.py took 0.201 seconds
[2025-10-03T00:25:12.581+0000] {processor.py:161} INFO - Started process (PID=17016) to work on /home/airflow/.local/lib/python3.12/site-packages/airflow/example_dags/example_sensors.py
[2025-10-03T00:25:12.584+0000] {processor.py:830} INFO - Processing file /home/airflow/.local/lib/python3.12/site-packages/airflow/example_dags/example_sensors.py for tasks to queue
[2025-10-03T00:25:12.587+0000] {logging_mixin.py:188} INFO - [2025-10-03T00:25:12.586+0000] {dagbag.py:545} INFO - Filling up the DagBag from /home/airflow/.local/lib/python3.12/site-packages/airflow/example_dags/example_sensors.py
[2025-10-03T00:25:12.622+0000] {processor.py:840} INFO - DAG(s) 'example_sensors' retrieved from /home/airflow/.local/lib/python3.12/site-packages/airflow/example_dags/example_sensors.py
[2025-10-03T00:25:12.701+0000] {logging_mixin.py:188} INFO - [2025-10-03T00:25:12.701+0000] {dag.py:3096} INFO - Sync 1 DAGs
[2025-10-03T00:25:12.738+0000] {logging_mixin.py:188} INFO - [2025-10-03T00:25:12.737+0000] {dag.py:3954} INFO - Setting next_dagrun for example_sensors to None, run_after=None
[2025-10-03T00:25:12.787+0000] {processor.py:183} INFO - Processing /home/airflow/.local/lib/python3.12/site-packages/airflow/example_dags/example_sensors.py took 0.224 seconds
[2025-10-03T00:25:43.042+0000] {processor.py:161} INFO - Started process (PID=17067) to work on /home/airflow/.local/lib/python3.12/site-packages/airflow/example_dags/example_sensors.py
[2025-10-03T00:25:43.044+0000] {processor.py:830} INFO - Processing file /home/airflow/.local/lib/python3.12/site-packages/airflow/example_dags/example_sensors.py for tasks to queue
[2025-10-03T00:25:43.046+0000] {logging_mixin.py:188} INFO - [2025-10-03T00:25:43.046+0000] {dagbag.py:545} INFO - Filling up the DagBag from /home/airflow/.local/lib/python3.12/site-packages/airflow/example_dags/example_sensors.py
[2025-10-03T00:25:43.068+0000] {processor.py:840} INFO - DAG(s) 'example_sensors' retrieved from /home/airflow/.local/lib/python3.12/site-packages/airflow/example_dags/example_sensors.py
[2025-10-03T00:25:43.125+0000] {logging_mixin.py:188} INFO - [2025-10-03T00:25:43.125+0000] {dag.py:3096} INFO - Sync 1 DAGs
[2025-10-03T00:25:43.154+0000] {logging_mixin.py:188} INFO - [2025-10-03T00:25:43.153+0000] {dag.py:3954} INFO - Setting next_dagrun for example_sensors to None, run_after=None
[2025-10-03T00:25:43.200+0000] {processor.py:183} INFO - Processing /home/airflow/.local/lib/python3.12/site-packages/airflow/example_dags/example_sensors.py took 0.179 seconds
[2025-10-03T00:26:14.007+0000] {processor.py:161} INFO - Started process (PID=17120) to work on /home/airflow/.local/lib/python3.12/site-packages/airflow/example_dags/example_sensors.py
[2025-10-03T00:26:14.010+0000] {processor.py:830} INFO - Processing file /home/airflow/.local/lib/python3.12/site-packages/airflow/example_dags/example_sensors.py for tasks to queue
[2025-10-03T00:26:14.013+0000] {logging_mixin.py:188} INFO - [2025-10-03T00:26:14.012+0000] {dagbag.py:545} INFO - Filling up the DagBag from /home/airflow/.local/lib/python3.12/site-packages/airflow/example_dags/example_sensors.py
[2025-10-03T00:26:14.039+0000] {processor.py:840} INFO - DAG(s) 'example_sensors' retrieved from /home/airflow/.local/lib/python3.12/site-packages/airflow/example_dags/example_sensors.py
[2025-10-03T00:26:14.094+0000] {logging_mixin.py:188} INFO - [2025-10-03T00:26:14.093+0000] {dag.py:3096} INFO - Sync 1 DAGs
[2025-10-03T00:26:14.120+0000] {logging_mixin.py:188} INFO - [2025-10-03T00:26:14.120+0000] {dag.py:3954} INFO - Setting next_dagrun for example_sensors to None, run_after=None
[2025-10-03T00:26:14.165+0000] {processor.py:183} INFO - Processing /home/airflow/.local/lib/python3.12/site-packages/airflow/example_dags/example_sensors.py took 0.176 seconds
[2025-10-03T00:26:44.745+0000] {processor.py:161} INFO - Started process (PID=17173) to work on /home/airflow/.local/lib/python3.12/site-packages/airflow/example_dags/example_sensors.py
[2025-10-03T00:26:44.748+0000] {processor.py:830} INFO - Processing file /home/airflow/.local/lib/python3.12/site-packages/airflow/example_dags/example_sensors.py for tasks to queue
[2025-10-03T00:26:44.750+0000] {logging_mixin.py:188} INFO - [2025-10-03T00:26:44.749+0000] {dagbag.py:545} INFO - Filling up the DagBag from /home/airflow/.local/lib/python3.12/site-packages/airflow/example_dags/example_sensors.py
[2025-10-03T00:26:44.771+0000] {processor.py:840} INFO - DAG(s) 'example_sensors' retrieved from /home/airflow/.local/lib/python3.12/site-packages/airflow/example_dags/example_sensors.py
[2025-10-03T00:26:44.836+0000] {logging_mixin.py:188} INFO - [2025-10-03T00:26:44.836+0000] {dag.py:3096} INFO - Sync 1 DAGs
[2025-10-03T00:26:44.869+0000] {logging_mixin.py:188} INFO - [2025-10-03T00:26:44.869+0000] {dag.py:3954} INFO - Setting next_dagrun for example_sensors to None, run_after=None
[2025-10-03T00:26:44.910+0000] {processor.py:183} INFO - Processing /home/airflow/.local/lib/python3.12/site-packages/airflow/example_dags/example_sensors.py took 0.179 seconds
[2025-10-03T00:27:15.275+0000] {processor.py:161} INFO - Started process (PID=17226) to work on /home/airflow/.local/lib/python3.12/site-packages/airflow/example_dags/example_sensors.py
[2025-10-03T00:27:15.278+0000] {processor.py:830} INFO - Processing file /home/airflow/.local/lib/python3.12/site-packages/airflow/example_dags/example_sensors.py for tasks to queue
[2025-10-03T00:27:15.280+0000] {logging_mixin.py:188} INFO - [2025-10-03T00:27:15.279+0000] {dagbag.py:545} INFO - Filling up the DagBag from /home/airflow/.local/lib/python3.12/site-packages/airflow/example_dags/example_sensors.py
[2025-10-03T00:27:15.303+0000] {processor.py:840} INFO - DAG(s) 'example_sensors' retrieved from /home/airflow/.local/lib/python3.12/site-packages/airflow/example_dags/example_sensors.py
[2025-10-03T00:27:15.376+0000] {logging_mixin.py:188} INFO - [2025-10-03T00:27:15.376+0000] {dag.py:3096} INFO - Sync 1 DAGs
[2025-10-03T00:27:15.415+0000] {logging_mixin.py:188} INFO - [2025-10-03T00:27:15.415+0000] {dag.py:3954} INFO - Setting next_dagrun for example_sensors to None, run_after=None
[2025-10-03T00:27:15.465+0000] {processor.py:183} INFO - Processing /home/airflow/.local/lib/python3.12/site-packages/airflow/example_dags/example_sensors.py took 0.207 seconds
[2025-10-03T00:27:45.915+0000] {processor.py:161} INFO - Started process (PID=17279) to work on /home/airflow/.local/lib/python3.12/site-packages/airflow/example_dags/example_sensors.py
[2025-10-03T00:27:45.917+0000] {processor.py:830} INFO - Processing file /home/airflow/.local/lib/python3.12/site-packages/airflow/example_dags/example_sensors.py for tasks to queue
[2025-10-03T00:27:45.920+0000] {logging_mixin.py:188} INFO - [2025-10-03T00:27:45.919+0000] {dagbag.py:545} INFO - Filling up the DagBag from /home/airflow/.local/lib/python3.12/site-packages/airflow/example_dags/example_sensors.py
[2025-10-03T00:27:45.961+0000] {processor.py:840} INFO - DAG(s) 'example_sensors' retrieved from /home/airflow/.local/lib/python3.12/site-packages/airflow/example_dags/example_sensors.py
[2025-10-03T00:27:46.068+0000] {logging_mixin.py:188} INFO - [2025-10-03T00:27:46.067+0000] {dag.py:3096} INFO - Sync 1 DAGs
[2025-10-03T00:27:46.123+0000] {logging_mixin.py:188} INFO - [2025-10-03T00:27:46.122+0000] {dag.py:3954} INFO - Setting next_dagrun for example_sensors to None, run_after=None
[2025-10-03T00:27:46.214+0000] {processor.py:183} INFO - Processing /home/airflow/.local/lib/python3.12/site-packages/airflow/example_dags/example_sensors.py took 0.316 seconds
[2025-10-03T00:28:16.803+0000] {processor.py:161} INFO - Started process (PID=17332) to work on /home/airflow/.local/lib/python3.12/site-packages/airflow/example_dags/example_sensors.py
[2025-10-03T00:28:16.817+0000] {processor.py:830} INFO - Processing file /home/airflow/.local/lib/python3.12/site-packages/airflow/example_dags/example_sensors.py for tasks to queue
[2025-10-03T00:28:16.830+0000] {logging_mixin.py:188} INFO - [2025-10-03T00:28:16.829+0000] {dagbag.py:545} INFO - Filling up the DagBag from /home/airflow/.local/lib/python3.12/site-packages/airflow/example_dags/example_sensors.py
[2025-10-03T00:28:16.955+0000] {processor.py:840} INFO - DAG(s) 'example_sensors' retrieved from /home/airflow/.local/lib/python3.12/site-packages/airflow/example_dags/example_sensors.py
[2025-10-03T00:28:17.046+0000] {logging_mixin.py:188} INFO - [2025-10-03T00:28:17.045+0000] {dag.py:3096} INFO - Sync 1 DAGs
[2025-10-03T00:28:17.093+0000] {logging_mixin.py:188} INFO - [2025-10-03T00:28:17.093+0000] {dag.py:3954} INFO - Setting next_dagrun for example_sensors to None, run_after=None
[2025-10-03T00:28:17.157+0000] {processor.py:183} INFO - Processing /home/airflow/.local/lib/python3.12/site-packages/airflow/example_dags/example_sensors.py took 0.406 seconds
[2025-10-03T00:28:47.663+0000] {processor.py:161} INFO - Started process (PID=17385) to work on /home/airflow/.local/lib/python3.12/site-packages/airflow/example_dags/example_sensors.py
[2025-10-03T00:28:47.666+0000] {processor.py:830} INFO - Processing file /home/airflow/.local/lib/python3.12/site-packages/airflow/example_dags/example_sensors.py for tasks to queue
[2025-10-03T00:28:47.668+0000] {logging_mixin.py:188} INFO - [2025-10-03T00:28:47.668+0000] {dagbag.py:545} INFO - Filling up the DagBag from /home/airflow/.local/lib/python3.12/site-packages/airflow/example_dags/example_sensors.py
[2025-10-03T00:28:47.697+0000] {processor.py:840} INFO - DAG(s) 'example_sensors' retrieved from /home/airflow/.local/lib/python3.12/site-packages/airflow/example_dags/example_sensors.py
[2025-10-03T00:28:47.767+0000] {logging_mixin.py:188} INFO - [2025-10-03T00:28:47.766+0000] {dag.py:3096} INFO - Sync 1 DAGs
[2025-10-03T00:28:47.804+0000] {logging_mixin.py:188} INFO - [2025-10-03T00:28:47.804+0000] {dag.py:3954} INFO - Setting next_dagrun for example_sensors to None, run_after=None
[2025-10-03T00:28:47.855+0000] {processor.py:183} INFO - Processing /home/airflow/.local/lib/python3.12/site-packages/airflow/example_dags/example_sensors.py took 0.208 seconds
[2025-10-03T00:29:18.347+0000] {processor.py:161} INFO - Started process (PID=17438) to work on /home/airflow/.local/lib/python3.12/site-packages/airflow/example_dags/example_sensors.py
[2025-10-03T00:29:18.350+0000] {processor.py:830} INFO - Processing file /home/airflow/.local/lib/python3.12/site-packages/airflow/example_dags/example_sensors.py for tasks to queue
[2025-10-03T00:29:18.353+0000] {logging_mixin.py:188} INFO - [2025-10-03T00:29:18.352+0000] {dagbag.py:545} INFO - Filling up the DagBag from /home/airflow/.local/lib/python3.12/site-packages/airflow/example_dags/example_sensors.py
[2025-10-03T00:29:18.389+0000] {processor.py:840} INFO - DAG(s) 'example_sensors' retrieved from /home/airflow/.local/lib/python3.12/site-packages/airflow/example_dags/example_sensors.py
[2025-10-03T00:29:18.522+0000] {logging_mixin.py:188} INFO - [2025-10-03T00:29:18.521+0000] {dag.py:3096} INFO - Sync 1 DAGs
[2025-10-03T00:29:18.570+0000] {logging_mixin.py:188} INFO - [2025-10-03T00:29:18.570+0000] {dag.py:3954} INFO - Setting next_dagrun for example_sensors to None, run_after=None
[2025-10-03T00:29:18.634+0000] {processor.py:183} INFO - Processing /home/airflow/.local/lib/python3.12/site-packages/airflow/example_dags/example_sensors.py took 0.315 seconds
[2025-10-03T00:29:49.389+0000] {processor.py:161} INFO - Started process (PID=17491) to work on /home/airflow/.local/lib/python3.12/site-packages/airflow/example_dags/example_sensors.py
[2025-10-03T00:29:49.392+0000] {processor.py:830} INFO - Processing file /home/airflow/.local/lib/python3.12/site-packages/airflow/example_dags/example_sensors.py for tasks to queue
[2025-10-03T00:29:49.395+0000] {logging_mixin.py:188} INFO - [2025-10-03T00:29:49.394+0000] {dagbag.py:545} INFO - Filling up the DagBag from /home/airflow/.local/lib/python3.12/site-packages/airflow/example_dags/example_sensors.py
[2025-10-03T00:29:49.439+0000] {processor.py:840} INFO - DAG(s) 'example_sensors' retrieved from /home/airflow/.local/lib/python3.12/site-packages/airflow/example_dags/example_sensors.py
[2025-10-03T00:29:49.500+0000] {logging_mixin.py:188} INFO - [2025-10-03T00:29:49.500+0000] {dag.py:3096} INFO - Sync 1 DAGs
[2025-10-03T00:29:49.534+0000] {logging_mixin.py:188} INFO - [2025-10-03T00:29:49.533+0000] {dag.py:3954} INFO - Setting next_dagrun for example_sensors to None, run_after=None
[2025-10-03T00:29:49.582+0000] {processor.py:183} INFO - Processing /home/airflow/.local/lib/python3.12/site-packages/airflow/example_dags/example_sensors.py took 0.207 seconds
[2025-10-03T00:30:19.978+0000] {processor.py:161} INFO - Started process (PID=17544) to work on /home/airflow/.local/lib/python3.12/site-packages/airflow/example_dags/example_sensors.py
[2025-10-03T00:30:19.980+0000] {processor.py:830} INFO - Processing file /home/airflow/.local/lib/python3.12/site-packages/airflow/example_dags/example_sensors.py for tasks to queue
[2025-10-03T00:30:19.983+0000] {logging_mixin.py:188} INFO - [2025-10-03T00:30:19.982+0000] {dagbag.py:545} INFO - Filling up the DagBag from /home/airflow/.local/lib/python3.12/site-packages/airflow/example_dags/example_sensors.py
[2025-10-03T00:30:20.004+0000] {processor.py:840} INFO - DAG(s) 'example_sensors' retrieved from /home/airflow/.local/lib/python3.12/site-packages/airflow/example_dags/example_sensors.py
[2025-10-03T00:30:20.071+0000] {logging_mixin.py:188} INFO - [2025-10-03T00:30:20.071+0000] {dag.py:3096} INFO - Sync 1 DAGs
[2025-10-03T00:30:20.103+0000] {logging_mixin.py:188} INFO - [2025-10-03T00:30:20.103+0000] {dag.py:3954} INFO - Setting next_dagrun for example_sensors to None, run_after=None
[2025-10-03T00:30:20.153+0000] {processor.py:183} INFO - Processing /home/airflow/.local/lib/python3.12/site-packages/airflow/example_dags/example_sensors.py took 0.190 seconds
[2025-10-03T00:30:50.302+0000] {processor.py:161} INFO - Started process (PID=17597) to work on /home/airflow/.local/lib/python3.12/site-packages/airflow/example_dags/example_sensors.py
[2025-10-03T00:30:50.306+0000] {processor.py:830} INFO - Processing file /home/airflow/.local/lib/python3.12/site-packages/airflow/example_dags/example_sensors.py for tasks to queue
[2025-10-03T00:30:50.308+0000] {logging_mixin.py:188} INFO - [2025-10-03T00:30:50.308+0000] {dagbag.py:545} INFO - Filling up the DagBag from /home/airflow/.local/lib/python3.12/site-packages/airflow/example_dags/example_sensors.py
[2025-10-03T00:30:50.339+0000] {processor.py:840} INFO - DAG(s) 'example_sensors' retrieved from /home/airflow/.local/lib/python3.12/site-packages/airflow/example_dags/example_sensors.py
[2025-10-03T00:30:50.399+0000] {logging_mixin.py:188} INFO - [2025-10-03T00:30:50.398+0000] {dag.py:3096} INFO - Sync 1 DAGs
[2025-10-03T00:30:50.427+0000] {logging_mixin.py:188} INFO - [2025-10-03T00:30:50.427+0000] {dag.py:3954} INFO - Setting next_dagrun for example_sensors to None, run_after=None
[2025-10-03T00:30:50.469+0000] {processor.py:183} INFO - Processing /home/airflow/.local/lib/python3.12/site-packages/airflow/example_dags/example_sensors.py took 0.181 seconds
[2025-10-03T00:31:20.838+0000] {processor.py:161} INFO - Started process (PID=17650) to work on /home/airflow/.local/lib/python3.12/site-packages/airflow/example_dags/example_sensors.py
[2025-10-03T00:31:20.841+0000] {processor.py:830} INFO - Processing file /home/airflow/.local/lib/python3.12/site-packages/airflow/example_dags/example_sensors.py for tasks to queue
[2025-10-03T00:31:20.843+0000] {logging_mixin.py:188} INFO - [2025-10-03T00:31:20.842+0000] {dagbag.py:545} INFO - Filling up the DagBag from /home/airflow/.local/lib/python3.12/site-packages/airflow/example_dags/example_sensors.py
[2025-10-03T00:31:20.864+0000] {processor.py:840} INFO - DAG(s) 'example_sensors' retrieved from /home/airflow/.local/lib/python3.12/site-packages/airflow/example_dags/example_sensors.py
[2025-10-03T00:31:20.920+0000] {logging_mixin.py:188} INFO - [2025-10-03T00:31:20.919+0000] {dag.py:3096} INFO - Sync 1 DAGs
[2025-10-03T00:31:20.948+0000] {logging_mixin.py:188} INFO - [2025-10-03T00:31:20.948+0000] {dag.py:3954} INFO - Setting next_dagrun for example_sensors to None, run_after=None
[2025-10-03T00:31:20.994+0000] {processor.py:183} INFO - Processing /home/airflow/.local/lib/python3.12/site-packages/airflow/example_dags/example_sensors.py took 0.172 seconds
[2025-10-03T00:31:51.275+0000] {processor.py:161} INFO - Started process (PID=17703) to work on /home/airflow/.local/lib/python3.12/site-packages/airflow/example_dags/example_sensors.py
[2025-10-03T00:31:51.277+0000] {processor.py:830} INFO - Processing file /home/airflow/.local/lib/python3.12/site-packages/airflow/example_dags/example_sensors.py for tasks to queue
[2025-10-03T00:31:51.280+0000] {logging_mixin.py:188} INFO - [2025-10-03T00:31:51.279+0000] {dagbag.py:545} INFO - Filling up the DagBag from /home/airflow/.local/lib/python3.12/site-packages/airflow/example_dags/example_sensors.py
[2025-10-03T00:31:51.302+0000] {processor.py:840} INFO - DAG(s) 'example_sensors' retrieved from /home/airflow/.local/lib/python3.12/site-packages/airflow/example_dags/example_sensors.py
[2025-10-03T00:31:51.377+0000] {logging_mixin.py:188} INFO - [2025-10-03T00:31:51.376+0000] {dag.py:3096} INFO - Sync 1 DAGs
[2025-10-03T00:31:51.408+0000] {logging_mixin.py:188} INFO - [2025-10-03T00:31:51.407+0000] {dag.py:3954} INFO - Setting next_dagrun for example_sensors to None, run_after=None
[2025-10-03T00:31:51.448+0000] {processor.py:183} INFO - Processing /home/airflow/.local/lib/python3.12/site-packages/airflow/example_dags/example_sensors.py took 0.187 seconds
[2025-10-03T00:32:21.675+0000] {processor.py:161} INFO - Started process (PID=17756) to work on /home/airflow/.local/lib/python3.12/site-packages/airflow/example_dags/example_sensors.py
[2025-10-03T00:32:21.678+0000] {processor.py:830} INFO - Processing file /home/airflow/.local/lib/python3.12/site-packages/airflow/example_dags/example_sensors.py for tasks to queue
[2025-10-03T00:32:21.680+0000] {logging_mixin.py:188} INFO - [2025-10-03T00:32:21.679+0000] {dagbag.py:545} INFO - Filling up the DagBag from /home/airflow/.local/lib/python3.12/site-packages/airflow/example_dags/example_sensors.py
[2025-10-03T00:32:21.713+0000] {processor.py:840} INFO - DAG(s) 'example_sensors' retrieved from /home/airflow/.local/lib/python3.12/site-packages/airflow/example_dags/example_sensors.py
[2025-10-03T00:32:21.771+0000] {logging_mixin.py:188} INFO - [2025-10-03T00:32:21.770+0000] {dag.py:3096} INFO - Sync 1 DAGs
[2025-10-03T00:32:21.797+0000] {logging_mixin.py:188} INFO - [2025-10-03T00:32:21.797+0000] {dag.py:3954} INFO - Setting next_dagrun for example_sensors to None, run_after=None
[2025-10-03T00:32:21.845+0000] {processor.py:183} INFO - Processing /home/airflow/.local/lib/python3.12/site-packages/airflow/example_dags/example_sensors.py took 0.187 seconds
[2025-10-03T00:32:52.024+0000] {processor.py:161} INFO - Started process (PID=17809) to work on /home/airflow/.local/lib/python3.12/site-packages/airflow/example_dags/example_sensors.py
[2025-10-03T00:32:52.027+0000] {processor.py:830} INFO - Processing file /home/airflow/.local/lib/python3.12/site-packages/airflow/example_dags/example_sensors.py for tasks to queue
[2025-10-03T00:32:52.030+0000] {logging_mixin.py:188} INFO - [2025-10-03T00:32:52.029+0000] {dagbag.py:545} INFO - Filling up the DagBag from /home/airflow/.local/lib/python3.12/site-packages/airflow/example_dags/example_sensors.py
[2025-10-03T00:32:52.071+0000] {processor.py:840} INFO - DAG(s) 'example_sensors' retrieved from /home/airflow/.local/lib/python3.12/site-packages/airflow/example_dags/example_sensors.py
[2025-10-03T00:32:52.143+0000] {logging_mixin.py:188} INFO - [2025-10-03T00:32:52.142+0000] {dag.py:3096} INFO - Sync 1 DAGs
[2025-10-03T00:32:52.171+0000] {logging_mixin.py:188} INFO - [2025-10-03T00:32:52.170+0000] {dag.py:3954} INFO - Setting next_dagrun for example_sensors to None, run_after=None
[2025-10-03T00:32:52.216+0000] {processor.py:183} INFO - Processing /home/airflow/.local/lib/python3.12/site-packages/airflow/example_dags/example_sensors.py took 0.210 seconds
[2025-10-03T00:33:22.878+0000] {processor.py:161} INFO - Started process (PID=17862) to work on /home/airflow/.local/lib/python3.12/site-packages/airflow/example_dags/example_sensors.py
[2025-10-03T00:33:22.881+0000] {processor.py:830} INFO - Processing file /home/airflow/.local/lib/python3.12/site-packages/airflow/example_dags/example_sensors.py for tasks to queue
[2025-10-03T00:33:22.883+0000] {logging_mixin.py:188} INFO - [2025-10-03T00:33:22.882+0000] {dagbag.py:545} INFO - Filling up the DagBag from /home/airflow/.local/lib/python3.12/site-packages/airflow/example_dags/example_sensors.py
[2025-10-03T00:33:22.910+0000] {processor.py:840} INFO - DAG(s) 'example_sensors' retrieved from /home/airflow/.local/lib/python3.12/site-packages/airflow/example_dags/example_sensors.py
[2025-10-03T00:33:22.975+0000] {logging_mixin.py:188} INFO - [2025-10-03T00:33:22.974+0000] {dag.py:3096} INFO - Sync 1 DAGs
[2025-10-03T00:33:23.006+0000] {logging_mixin.py:188} INFO - [2025-10-03T00:33:23.006+0000] {dag.py:3954} INFO - Setting next_dagrun for example_sensors to None, run_after=None
[2025-10-03T00:33:23.061+0000] {processor.py:183} INFO - Processing /home/airflow/.local/lib/python3.12/site-packages/airflow/example_dags/example_sensors.py took 0.199 seconds
[2025-10-03T00:33:53.484+0000] {processor.py:161} INFO - Started process (PID=17915) to work on /home/airflow/.local/lib/python3.12/site-packages/airflow/example_dags/example_sensors.py
[2025-10-03T00:33:53.487+0000] {processor.py:830} INFO - Processing file /home/airflow/.local/lib/python3.12/site-packages/airflow/example_dags/example_sensors.py for tasks to queue
[2025-10-03T00:33:53.490+0000] {logging_mixin.py:188} INFO - [2025-10-03T00:33:53.489+0000] {dagbag.py:545} INFO - Filling up the DagBag from /home/airflow/.local/lib/python3.12/site-packages/airflow/example_dags/example_sensors.py
[2025-10-03T00:33:53.531+0000] {processor.py:840} INFO - DAG(s) 'example_sensors' retrieved from /home/airflow/.local/lib/python3.12/site-packages/airflow/example_dags/example_sensors.py
[2025-10-03T00:33:53.625+0000] {logging_mixin.py:188} INFO - [2025-10-03T00:33:53.625+0000] {dag.py:3096} INFO - Sync 1 DAGs
[2025-10-03T00:33:53.655+0000] {logging_mixin.py:188} INFO - [2025-10-03T00:33:53.654+0000] {dag.py:3954} INFO - Setting next_dagrun for example_sensors to None, run_after=None
[2025-10-03T00:33:53.696+0000] {processor.py:183} INFO - Processing /home/airflow/.local/lib/python3.12/site-packages/airflow/example_dags/example_sensors.py took 0.228 seconds
[2025-10-03T00:34:24.388+0000] {processor.py:161} INFO - Started process (PID=17968) to work on /home/airflow/.local/lib/python3.12/site-packages/airflow/example_dags/example_sensors.py
[2025-10-03T00:34:24.391+0000] {processor.py:830} INFO - Processing file /home/airflow/.local/lib/python3.12/site-packages/airflow/example_dags/example_sensors.py for tasks to queue
[2025-10-03T00:34:24.394+0000] {logging_mixin.py:188} INFO - [2025-10-03T00:34:24.393+0000] {dagbag.py:545} INFO - Filling up the DagBag from /home/airflow/.local/lib/python3.12/site-packages/airflow/example_dags/example_sensors.py
[2025-10-03T00:34:24.433+0000] {processor.py:840} INFO - DAG(s) 'example_sensors' retrieved from /home/airflow/.local/lib/python3.12/site-packages/airflow/example_dags/example_sensors.py
[2025-10-03T00:34:24.504+0000] {logging_mixin.py:188} INFO - [2025-10-03T00:34:24.503+0000] {dag.py:3096} INFO - Sync 1 DAGs
[2025-10-03T00:34:24.537+0000] {logging_mixin.py:188} INFO - [2025-10-03T00:34:24.536+0000] {dag.py:3954} INFO - Setting next_dagrun for example_sensors to None, run_after=None
[2025-10-03T00:34:24.586+0000] {processor.py:183} INFO - Processing /home/airflow/.local/lib/python3.12/site-packages/airflow/example_dags/example_sensors.py took 0.222 seconds
[2025-10-03T00:34:55.248+0000] {processor.py:161} INFO - Started process (PID=18021) to work on /home/airflow/.local/lib/python3.12/site-packages/airflow/example_dags/example_sensors.py
[2025-10-03T00:34:55.250+0000] {processor.py:830} INFO - Processing file /home/airflow/.local/lib/python3.12/site-packages/airflow/example_dags/example_sensors.py for tasks to queue
[2025-10-03T00:34:55.253+0000] {logging_mixin.py:188} INFO - [2025-10-03T00:34:55.252+0000] {dagbag.py:545} INFO - Filling up the DagBag from /home/airflow/.local/lib/python3.12/site-packages/airflow/example_dags/example_sensors.py
[2025-10-03T00:34:55.277+0000] {processor.py:840} INFO - DAG(s) 'example_sensors' retrieved from /home/airflow/.local/lib/python3.12/site-packages/airflow/example_dags/example_sensors.py
[2025-10-03T00:34:55.336+0000] {logging_mixin.py:188} INFO - [2025-10-03T00:34:55.335+0000] {dag.py:3096} INFO - Sync 1 DAGs
[2025-10-03T00:34:55.364+0000] {logging_mixin.py:188} INFO - [2025-10-03T00:34:55.364+0000] {dag.py:3954} INFO - Setting next_dagrun for example_sensors to None, run_after=None
[2025-10-03T00:34:55.671+0000] {processor.py:183} INFO - Processing /home/airflow/.local/lib/python3.12/site-packages/airflow/example_dags/example_sensors.py took 0.442 seconds
[2025-10-03T00:35:26.136+0000] {processor.py:161} INFO - Started process (PID=18074) to work on /home/airflow/.local/lib/python3.12/site-packages/airflow/example_dags/example_sensors.py
[2025-10-03T00:35:26.139+0000] {processor.py:830} INFO - Processing file /home/airflow/.local/lib/python3.12/site-packages/airflow/example_dags/example_sensors.py for tasks to queue
[2025-10-03T00:35:26.144+0000] {logging_mixin.py:188} INFO - [2025-10-03T00:35:26.142+0000] {dagbag.py:545} INFO - Filling up the DagBag from /home/airflow/.local/lib/python3.12/site-packages/airflow/example_dags/example_sensors.py
[2025-10-03T00:35:26.180+0000] {processor.py:840} INFO - DAG(s) 'example_sensors' retrieved from /home/airflow/.local/lib/python3.12/site-packages/airflow/example_dags/example_sensors.py
[2025-10-03T00:35:26.304+0000] {logging_mixin.py:188} INFO - [2025-10-03T00:35:26.303+0000] {dag.py:3096} INFO - Sync 1 DAGs
[2025-10-03T00:35:26.365+0000] {logging_mixin.py:188} INFO - [2025-10-03T00:35:26.363+0000] {dag.py:3954} INFO - Setting next_dagrun for example_sensors to None, run_after=None
[2025-10-03T00:35:26.426+0000] {processor.py:183} INFO - Processing /home/airflow/.local/lib/python3.12/site-packages/airflow/example_dags/example_sensors.py took 0.315 seconds
[2025-10-03T00:35:57.211+0000] {processor.py:161} INFO - Started process (PID=18127) to work on /home/airflow/.local/lib/python3.12/site-packages/airflow/example_dags/example_sensors.py
[2025-10-03T00:35:57.218+0000] {processor.py:830} INFO - Processing file /home/airflow/.local/lib/python3.12/site-packages/airflow/example_dags/example_sensors.py for tasks to queue
[2025-10-03T00:35:57.222+0000] {logging_mixin.py:188} INFO - [2025-10-03T00:35:57.220+0000] {dagbag.py:545} INFO - Filling up the DagBag from /home/airflow/.local/lib/python3.12/site-packages/airflow/example_dags/example_sensors.py
[2025-10-03T00:35:57.248+0000] {processor.py:840} INFO - DAG(s) 'example_sensors' retrieved from /home/airflow/.local/lib/python3.12/site-packages/airflow/example_dags/example_sensors.py
[2025-10-03T00:35:57.320+0000] {logging_mixin.py:188} INFO - [2025-10-03T00:35:57.319+0000] {dag.py:3096} INFO - Sync 1 DAGs
[2025-10-03T00:35:57.350+0000] {logging_mixin.py:188} INFO - [2025-10-03T00:35:57.349+0000] {dag.py:3954} INFO - Setting next_dagrun for example_sensors to None, run_after=None
[2025-10-03T00:35:57.406+0000] {processor.py:183} INFO - Processing /home/airflow/.local/lib/python3.12/site-packages/airflow/example_dags/example_sensors.py took 0.228 seconds
[2025-10-03T00:36:27.908+0000] {processor.py:161} INFO - Started process (PID=18180) to work on /home/airflow/.local/lib/python3.12/site-packages/airflow/example_dags/example_sensors.py
[2025-10-03T00:36:27.911+0000] {processor.py:830} INFO - Processing file /home/airflow/.local/lib/python3.12/site-packages/airflow/example_dags/example_sensors.py for tasks to queue
[2025-10-03T00:36:27.915+0000] {logging_mixin.py:188} INFO - [2025-10-03T00:36:27.913+0000] {dagbag.py:545} INFO - Filling up the DagBag from /home/airflow/.local/lib/python3.12/site-packages/airflow/example_dags/example_sensors.py
[2025-10-03T00:36:27.957+0000] {processor.py:840} INFO - DAG(s) 'example_sensors' retrieved from /home/airflow/.local/lib/python3.12/site-packages/airflow/example_dags/example_sensors.py
[2025-10-03T00:36:28.329+0000] {logging_mixin.py:188} INFO - [2025-10-03T00:36:28.328+0000] {dag.py:3096} INFO - Sync 1 DAGs
[2025-10-03T00:36:28.358+0000] {logging_mixin.py:188} INFO - [2025-10-03T00:36:28.358+0000] {dag.py:3954} INFO - Setting next_dagrun for example_sensors to None, run_after=None
[2025-10-03T00:36:28.400+0000] {processor.py:183} INFO - Processing /home/airflow/.local/lib/python3.12/site-packages/airflow/example_dags/example_sensors.py took 0.555 seconds
[2025-10-03T00:36:59.241+0000] {processor.py:161} INFO - Started process (PID=18233) to work on /home/airflow/.local/lib/python3.12/site-packages/airflow/example_dags/example_sensors.py
[2025-10-03T00:36:59.244+0000] {processor.py:830} INFO - Processing file /home/airflow/.local/lib/python3.12/site-packages/airflow/example_dags/example_sensors.py for tasks to queue
[2025-10-03T00:36:59.248+0000] {logging_mixin.py:188} INFO - [2025-10-03T00:36:59.246+0000] {dagbag.py:545} INFO - Filling up the DagBag from /home/airflow/.local/lib/python3.12/site-packages/airflow/example_dags/example_sensors.py
[2025-10-03T00:36:59.292+0000] {processor.py:840} INFO - DAG(s) 'example_sensors' retrieved from /home/airflow/.local/lib/python3.12/site-packages/airflow/example_dags/example_sensors.py
[2025-10-03T00:36:59.372+0000] {logging_mixin.py:188} INFO - [2025-10-03T00:36:59.372+0000] {dag.py:3096} INFO - Sync 1 DAGs
[2025-10-03T00:36:59.405+0000] {logging_mixin.py:188} INFO - [2025-10-03T00:36:59.404+0000] {dag.py:3954} INFO - Setting next_dagrun for example_sensors to None, run_after=None
[2025-10-03T00:36:59.448+0000] {processor.py:183} INFO - Processing /home/airflow/.local/lib/python3.12/site-packages/airflow/example_dags/example_sensors.py took 0.237 seconds
