[2025-10-03T00:00:18.458+0000] {processor.py:161} INFO - Started process (PID=14447) to work on /home/airflow/.local/lib/python3.12/site-packages/airflow/example_dags/example_dag_decorator.py
[2025-10-03T00:00:18.460+0000] {processor.py:830} INFO - Processing file /home/airflow/.local/lib/python3.12/site-packages/airflow/example_dags/example_dag_decorator.py for tasks to queue
[2025-10-03T00:00:18.463+0000] {logging_mixin.py:188} INFO - [2025-10-03T00:00:18.462+0000] {dagbag.py:545} INFO - Filling up the DagBag from /home/airflow/.local/lib/python3.12/site-packages/airflow/example_dags/example_dag_decorator.py
[2025-10-03T00:00:18.730+0000] {processor.py:840} INFO - DAG(s) 'example_dag_decorator' retrieved from /home/airflow/.local/lib/python3.12/site-packages/airflow/example_dags/example_dag_decorator.py
[2025-10-03T00:00:18.963+0000] {logging_mixin.py:188} INFO - [2025-10-03T00:00:18.963+0000] {dag.py:3096} INFO - Sync 1 DAGs
[2025-10-03T00:00:18.994+0000] {logging_mixin.py:188} INFO - [2025-10-03T00:00:18.993+0000] {dag.py:3954} INFO - Setting next_dagrun for example_dag_decorator to None, run_after=None
[2025-10-03T00:00:19.036+0000] {processor.py:183} INFO - Processing /home/airflow/.local/lib/python3.12/site-packages/airflow/example_dags/example_dag_decorator.py took 0.599 seconds
[2025-10-03T00:00:50.442+0000] {processor.py:161} INFO - Started process (PID=14502) to work on /home/airflow/.local/lib/python3.12/site-packages/airflow/example_dags/example_dag_decorator.py
[2025-10-03T00:00:50.445+0000] {processor.py:830} INFO - Processing file /home/airflow/.local/lib/python3.12/site-packages/airflow/example_dags/example_dag_decorator.py for tasks to queue
[2025-10-03T00:00:50.447+0000] {logging_mixin.py:188} INFO - [2025-10-03T00:00:50.446+0000] {dagbag.py:545} INFO - Filling up the DagBag from /home/airflow/.local/lib/python3.12/site-packages/airflow/example_dags/example_dag_decorator.py
[2025-10-03T00:00:50.713+0000] {processor.py:840} INFO - DAG(s) 'example_dag_decorator' retrieved from /home/airflow/.local/lib/python3.12/site-packages/airflow/example_dags/example_dag_decorator.py
[2025-10-03T00:00:50.957+0000] {logging_mixin.py:188} INFO - [2025-10-03T00:00:50.956+0000] {dag.py:3096} INFO - Sync 1 DAGs
[2025-10-03T00:00:50.983+0000] {logging_mixin.py:188} INFO - [2025-10-03T00:00:50.983+0000] {dag.py:3954} INFO - Setting next_dagrun for example_dag_decorator to None, run_after=None
[2025-10-03T00:00:51.045+0000] {processor.py:183} INFO - Processing /home/airflow/.local/lib/python3.12/site-packages/airflow/example_dags/example_dag_decorator.py took 0.622 seconds
[2025-10-03T00:01:21.551+0000] {processor.py:161} INFO - Started process (PID=14555) to work on /home/airflow/.local/lib/python3.12/site-packages/airflow/example_dags/example_dag_decorator.py
[2025-10-03T00:01:21.560+0000] {processor.py:830} INFO - Processing file /home/airflow/.local/lib/python3.12/site-packages/airflow/example_dags/example_dag_decorator.py for tasks to queue
[2025-10-03T00:01:21.566+0000] {logging_mixin.py:188} INFO - [2025-10-03T00:01:21.565+0000] {dagbag.py:545} INFO - Filling up the DagBag from /home/airflow/.local/lib/python3.12/site-packages/airflow/example_dags/example_dag_decorator.py
[2025-10-03T00:01:22.042+0000] {processor.py:840} INFO - DAG(s) 'example_dag_decorator' retrieved from /home/airflow/.local/lib/python3.12/site-packages/airflow/example_dags/example_dag_decorator.py
[2025-10-03T00:01:22.332+0000] {logging_mixin.py:188} INFO - [2025-10-03T00:01:22.331+0000] {dag.py:3096} INFO - Sync 1 DAGs
[2025-10-03T00:01:22.365+0000] {logging_mixin.py:188} INFO - [2025-10-03T00:01:22.364+0000] {dag.py:3954} INFO - Setting next_dagrun for example_dag_decorator to None, run_after=None
[2025-10-03T00:01:22.486+0000] {processor.py:183} INFO - Processing /home/airflow/.local/lib/python3.12/site-packages/airflow/example_dags/example_dag_decorator.py took 0.971 seconds
[2025-10-03T00:01:53.211+0000] {processor.py:161} INFO - Started process (PID=14609) to work on /home/airflow/.local/lib/python3.12/site-packages/airflow/example_dags/example_dag_decorator.py
[2025-10-03T00:01:53.214+0000] {processor.py:830} INFO - Processing file /home/airflow/.local/lib/python3.12/site-packages/airflow/example_dags/example_dag_decorator.py for tasks to queue
[2025-10-03T00:01:53.216+0000] {logging_mixin.py:188} INFO - [2025-10-03T00:01:53.215+0000] {dagbag.py:545} INFO - Filling up the DagBag from /home/airflow/.local/lib/python3.12/site-packages/airflow/example_dags/example_dag_decorator.py
[2025-10-03T00:01:53.518+0000] {processor.py:840} INFO - DAG(s) 'example_dag_decorator' retrieved from /home/airflow/.local/lib/python3.12/site-packages/airflow/example_dags/example_dag_decorator.py
[2025-10-03T00:01:53.570+0000] {logging_mixin.py:188} INFO - [2025-10-03T00:01:53.570+0000] {dag.py:3096} INFO - Sync 1 DAGs
[2025-10-03T00:01:53.598+0000] {logging_mixin.py:188} INFO - [2025-10-03T00:01:53.597+0000] {dag.py:3954} INFO - Setting next_dagrun for example_dag_decorator to None, run_after=None
[2025-10-03T00:01:53.639+0000] {processor.py:183} INFO - Processing /home/airflow/.local/lib/python3.12/site-packages/airflow/example_dags/example_dag_decorator.py took 0.445 seconds
[2025-10-03T00:02:23.783+0000] {processor.py:161} INFO - Started process (PID=14662) to work on /home/airflow/.local/lib/python3.12/site-packages/airflow/example_dags/example_dag_decorator.py
[2025-10-03T00:02:23.786+0000] {processor.py:830} INFO - Processing file /home/airflow/.local/lib/python3.12/site-packages/airflow/example_dags/example_dag_decorator.py for tasks to queue
[2025-10-03T00:02:23.789+0000] {logging_mixin.py:188} INFO - [2025-10-03T00:02:23.788+0000] {dagbag.py:545} INFO - Filling up the DagBag from /home/airflow/.local/lib/python3.12/site-packages/airflow/example_dags/example_dag_decorator.py
[2025-10-03T00:02:24.097+0000] {processor.py:840} INFO - DAG(s) 'example_dag_decorator' retrieved from /home/airflow/.local/lib/python3.12/site-packages/airflow/example_dags/example_dag_decorator.py
[2025-10-03T00:02:24.359+0000] {logging_mixin.py:188} INFO - [2025-10-03T00:02:24.359+0000] {dag.py:3096} INFO - Sync 1 DAGs
[2025-10-03T00:02:24.381+0000] {logging_mixin.py:188} INFO - [2025-10-03T00:02:24.381+0000] {dag.py:3954} INFO - Setting next_dagrun for example_dag_decorator to None, run_after=None
[2025-10-03T00:02:24.423+0000] {processor.py:183} INFO - Processing /home/airflow/.local/lib/python3.12/site-packages/airflow/example_dags/example_dag_decorator.py took 0.653 seconds
[2025-10-03T00:02:54.811+0000] {processor.py:161} INFO - Started process (PID=14717) to work on /home/airflow/.local/lib/python3.12/site-packages/airflow/example_dags/example_dag_decorator.py
[2025-10-03T00:02:54.814+0000] {processor.py:830} INFO - Processing file /home/airflow/.local/lib/python3.12/site-packages/airflow/example_dags/example_dag_decorator.py for tasks to queue
[2025-10-03T00:02:54.816+0000] {logging_mixin.py:188} INFO - [2025-10-03T00:02:54.815+0000] {dagbag.py:545} INFO - Filling up the DagBag from /home/airflow/.local/lib/python3.12/site-packages/airflow/example_dags/example_dag_decorator.py
[2025-10-03T00:02:55.116+0000] {processor.py:840} INFO - DAG(s) 'example_dag_decorator' retrieved from /home/airflow/.local/lib/python3.12/site-packages/airflow/example_dags/example_dag_decorator.py
[2025-10-03T00:02:55.372+0000] {logging_mixin.py:188} INFO - [2025-10-03T00:02:55.372+0000] {dag.py:3096} INFO - Sync 1 DAGs
[2025-10-03T00:02:55.396+0000] {logging_mixin.py:188} INFO - [2025-10-03T00:02:55.395+0000] {dag.py:3954} INFO - Setting next_dagrun for example_dag_decorator to None, run_after=None
[2025-10-03T00:02:55.454+0000] {processor.py:183} INFO - Processing /home/airflow/.local/lib/python3.12/site-packages/airflow/example_dags/example_dag_decorator.py took 0.659 seconds
[2025-10-03T00:03:26.223+0000] {processor.py:161} INFO - Started process (PID=14772) to work on /home/airflow/.local/lib/python3.12/site-packages/airflow/example_dags/example_dag_decorator.py
[2025-10-03T00:03:26.226+0000] {processor.py:830} INFO - Processing file /home/airflow/.local/lib/python3.12/site-packages/airflow/example_dags/example_dag_decorator.py for tasks to queue
[2025-10-03T00:03:26.228+0000] {logging_mixin.py:188} INFO - [2025-10-03T00:03:26.227+0000] {dagbag.py:545} INFO - Filling up the DagBag from /home/airflow/.local/lib/python3.12/site-packages/airflow/example_dags/example_dag_decorator.py
[2025-10-03T00:03:26.483+0000] {processor.py:840} INFO - DAG(s) 'example_dag_decorator' retrieved from /home/airflow/.local/lib/python3.12/site-packages/airflow/example_dags/example_dag_decorator.py
[2025-10-03T00:03:26.805+0000] {logging_mixin.py:188} INFO - [2025-10-03T00:03:26.804+0000] {dag.py:3096} INFO - Sync 1 DAGs
[2025-10-03T00:03:26.830+0000] {logging_mixin.py:188} INFO - [2025-10-03T00:03:26.830+0000] {dag.py:3954} INFO - Setting next_dagrun for example_dag_decorator to None, run_after=None
[2025-10-03T00:03:26.891+0000] {processor.py:183} INFO - Processing /home/airflow/.local/lib/python3.12/site-packages/airflow/example_dags/example_dag_decorator.py took 0.683 seconds
[2025-10-03T00:03:57.084+0000] {processor.py:161} INFO - Started process (PID=14825) to work on /home/airflow/.local/lib/python3.12/site-packages/airflow/example_dags/example_dag_decorator.py
[2025-10-03T00:03:57.086+0000] {processor.py:830} INFO - Processing file /home/airflow/.local/lib/python3.12/site-packages/airflow/example_dags/example_dag_decorator.py for tasks to queue
[2025-10-03T00:03:57.089+0000] {logging_mixin.py:188} INFO - [2025-10-03T00:03:57.088+0000] {dagbag.py:545} INFO - Filling up the DagBag from /home/airflow/.local/lib/python3.12/site-packages/airflow/example_dags/example_dag_decorator.py
[2025-10-03T00:03:57.351+0000] {processor.py:840} INFO - DAG(s) 'example_dag_decorator' retrieved from /home/airflow/.local/lib/python3.12/site-packages/airflow/example_dags/example_dag_decorator.py
[2025-10-03T00:03:57.584+0000] {logging_mixin.py:188} INFO - [2025-10-03T00:03:57.584+0000] {dag.py:3096} INFO - Sync 1 DAGs
[2025-10-03T00:03:57.606+0000] {logging_mixin.py:188} INFO - [2025-10-03T00:03:57.605+0000] {dag.py:3954} INFO - Setting next_dagrun for example_dag_decorator to None, run_after=None
[2025-10-03T00:03:57.689+0000] {processor.py:183} INFO - Processing /home/airflow/.local/lib/python3.12/site-packages/airflow/example_dags/example_dag_decorator.py took 0.620 seconds
[2025-10-03T00:04:28.380+0000] {processor.py:161} INFO - Started process (PID=14878) to work on /home/airflow/.local/lib/python3.12/site-packages/airflow/example_dags/example_dag_decorator.py
[2025-10-03T00:04:28.383+0000] {processor.py:830} INFO - Processing file /home/airflow/.local/lib/python3.12/site-packages/airflow/example_dags/example_dag_decorator.py for tasks to queue
[2025-10-03T00:04:28.386+0000] {logging_mixin.py:188} INFO - [2025-10-03T00:04:28.385+0000] {dagbag.py:545} INFO - Filling up the DagBag from /home/airflow/.local/lib/python3.12/site-packages/airflow/example_dags/example_dag_decorator.py
[2025-10-03T00:04:28.978+0000] {processor.py:840} INFO - DAG(s) 'example_dag_decorator' retrieved from /home/airflow/.local/lib/python3.12/site-packages/airflow/example_dags/example_dag_decorator.py
[2025-10-03T00:04:29.496+0000] {logging_mixin.py:188} INFO - [2025-10-03T00:04:29.495+0000] {dag.py:3096} INFO - Sync 1 DAGs
[2025-10-03T00:04:29.540+0000] {logging_mixin.py:188} INFO - [2025-10-03T00:04:29.539+0000] {dag.py:3954} INFO - Setting next_dagrun for example_dag_decorator to None, run_after=None
[2025-10-03T00:04:29.652+0000] {processor.py:183} INFO - Processing /home/airflow/.local/lib/python3.12/site-packages/airflow/example_dags/example_dag_decorator.py took 1.297 seconds
[2025-10-03T00:05:00.023+0000] {processor.py:161} INFO - Started process (PID=14936) to work on /home/airflow/.local/lib/python3.12/site-packages/airflow/example_dags/example_dag_decorator.py
[2025-10-03T00:05:00.026+0000] {processor.py:830} INFO - Processing file /home/airflow/.local/lib/python3.12/site-packages/airflow/example_dags/example_dag_decorator.py for tasks to queue
[2025-10-03T00:05:00.029+0000] {logging_mixin.py:188} INFO - [2025-10-03T00:05:00.028+0000] {dagbag.py:545} INFO - Filling up the DagBag from /home/airflow/.local/lib/python3.12/site-packages/airflow/example_dags/example_dag_decorator.py
[2025-10-03T00:05:00.288+0000] {processor.py:840} INFO - DAG(s) 'example_dag_decorator' retrieved from /home/airflow/.local/lib/python3.12/site-packages/airflow/example_dags/example_dag_decorator.py
[2025-10-03T00:05:00.565+0000] {logging_mixin.py:188} INFO - [2025-10-03T00:05:00.565+0000] {dag.py:3096} INFO - Sync 1 DAGs
[2025-10-03T00:05:00.588+0000] {logging_mixin.py:188} INFO - [2025-10-03T00:05:00.587+0000] {dag.py:3954} INFO - Setting next_dagrun for example_dag_decorator to None, run_after=None
[2025-10-03T00:05:00.628+0000] {processor.py:183} INFO - Processing /home/airflow/.local/lib/python3.12/site-packages/airflow/example_dags/example_dag_decorator.py took 0.621 seconds
[2025-10-03T00:05:31.094+0000] {processor.py:161} INFO - Started process (PID=14990) to work on /home/airflow/.local/lib/python3.12/site-packages/airflow/example_dags/example_dag_decorator.py
[2025-10-03T00:05:31.096+0000] {processor.py:830} INFO - Processing file /home/airflow/.local/lib/python3.12/site-packages/airflow/example_dags/example_dag_decorator.py for tasks to queue
[2025-10-03T00:05:31.098+0000] {logging_mixin.py:188} INFO - [2025-10-03T00:05:31.098+0000] {dagbag.py:545} INFO - Filling up the DagBag from /home/airflow/.local/lib/python3.12/site-packages/airflow/example_dags/example_dag_decorator.py
[2025-10-03T00:05:31.349+0000] {processor.py:840} INFO - DAG(s) 'example_dag_decorator' retrieved from /home/airflow/.local/lib/python3.12/site-packages/airflow/example_dags/example_dag_decorator.py
[2025-10-03T00:05:31.591+0000] {logging_mixin.py:188} INFO - [2025-10-03T00:05:31.590+0000] {dag.py:3096} INFO - Sync 1 DAGs
[2025-10-03T00:05:31.619+0000] {logging_mixin.py:188} INFO - [2025-10-03T00:05:31.619+0000] {dag.py:3954} INFO - Setting next_dagrun for example_dag_decorator to None, run_after=None
[2025-10-03T00:05:31.676+0000] {processor.py:183} INFO - Processing /home/airflow/.local/lib/python3.12/site-packages/airflow/example_dags/example_dag_decorator.py took 0.596 seconds
[2025-10-03T00:06:02.019+0000] {processor.py:161} INFO - Started process (PID=15043) to work on /home/airflow/.local/lib/python3.12/site-packages/airflow/example_dags/example_dag_decorator.py
[2025-10-03T00:06:02.022+0000] {processor.py:830} INFO - Processing file /home/airflow/.local/lib/python3.12/site-packages/airflow/example_dags/example_dag_decorator.py for tasks to queue
[2025-10-03T00:06:02.024+0000] {logging_mixin.py:188} INFO - [2025-10-03T00:06:02.023+0000] {dagbag.py:545} INFO - Filling up the DagBag from /home/airflow/.local/lib/python3.12/site-packages/airflow/example_dags/example_dag_decorator.py
[2025-10-03T00:06:02.338+0000] {processor.py:840} INFO - DAG(s) 'example_dag_decorator' retrieved from /home/airflow/.local/lib/python3.12/site-packages/airflow/example_dags/example_dag_decorator.py
[2025-10-03T00:06:02.637+0000] {logging_mixin.py:188} INFO - [2025-10-03T00:06:02.634+0000] {dag.py:3096} INFO - Sync 1 DAGs
[2025-10-03T00:06:02.667+0000] {logging_mixin.py:188} INFO - [2025-10-03T00:06:02.667+0000] {dag.py:3954} INFO - Setting next_dagrun for example_dag_decorator to None, run_after=None
[2025-10-03T00:06:02.723+0000] {processor.py:183} INFO - Processing /home/airflow/.local/lib/python3.12/site-packages/airflow/example_dags/example_dag_decorator.py took 0.723 seconds
[2025-10-03T00:06:32.848+0000] {processor.py:161} INFO - Started process (PID=15096) to work on /home/airflow/.local/lib/python3.12/site-packages/airflow/example_dags/example_dag_decorator.py
[2025-10-03T00:06:32.854+0000] {processor.py:830} INFO - Processing file /home/airflow/.local/lib/python3.12/site-packages/airflow/example_dags/example_dag_decorator.py for tasks to queue
[2025-10-03T00:06:32.858+0000] {logging_mixin.py:188} INFO - [2025-10-03T00:06:32.857+0000] {dagbag.py:545} INFO - Filling up the DagBag from /home/airflow/.local/lib/python3.12/site-packages/airflow/example_dags/example_dag_decorator.py
[2025-10-03T00:06:33.244+0000] {processor.py:840} INFO - DAG(s) 'example_dag_decorator' retrieved from /home/airflow/.local/lib/python3.12/site-packages/airflow/example_dags/example_dag_decorator.py
[2025-10-03T00:06:33.674+0000] {logging_mixin.py:188} INFO - [2025-10-03T00:06:33.673+0000] {dag.py:3096} INFO - Sync 1 DAGs
[2025-10-03T00:06:33.816+0000] {logging_mixin.py:188} INFO - [2025-10-03T00:06:33.812+0000] {dag.py:3954} INFO - Setting next_dagrun for example_dag_decorator to None, run_after=None
[2025-10-03T00:06:34.007+0000] {processor.py:183} INFO - Processing /home/airflow/.local/lib/python3.12/site-packages/airflow/example_dags/example_dag_decorator.py took 1.185 seconds
[2025-10-03T00:07:04.323+0000] {processor.py:161} INFO - Started process (PID=15149) to work on /home/airflow/.local/lib/python3.12/site-packages/airflow/example_dags/example_dag_decorator.py
[2025-10-03T00:07:04.327+0000] {processor.py:830} INFO - Processing file /home/airflow/.local/lib/python3.12/site-packages/airflow/example_dags/example_dag_decorator.py for tasks to queue
[2025-10-03T00:07:04.329+0000] {logging_mixin.py:188} INFO - [2025-10-03T00:07:04.328+0000] {dagbag.py:545} INFO - Filling up the DagBag from /home/airflow/.local/lib/python3.12/site-packages/airflow/example_dags/example_dag_decorator.py
[2025-10-03T00:07:04.617+0000] {processor.py:840} INFO - DAG(s) 'example_dag_decorator' retrieved from /home/airflow/.local/lib/python3.12/site-packages/airflow/example_dags/example_dag_decorator.py
[2025-10-03T00:07:04.673+0000] {logging_mixin.py:188} INFO - [2025-10-03T00:07:04.673+0000] {dag.py:3096} INFO - Sync 1 DAGs
[2025-10-03T00:07:04.710+0000] {logging_mixin.py:188} INFO - [2025-10-03T00:07:04.709+0000] {dag.py:3954} INFO - Setting next_dagrun for example_dag_decorator to None, run_after=None
[2025-10-03T00:07:04.759+0000] {processor.py:183} INFO - Processing /home/airflow/.local/lib/python3.12/site-packages/airflow/example_dags/example_dag_decorator.py took 0.455 seconds
[2025-10-03T00:07:34.939+0000] {processor.py:161} INFO - Started process (PID=15202) to work on /home/airflow/.local/lib/python3.12/site-packages/airflow/example_dags/example_dag_decorator.py
[2025-10-03T00:07:34.941+0000] {processor.py:830} INFO - Processing file /home/airflow/.local/lib/python3.12/site-packages/airflow/example_dags/example_dag_decorator.py for tasks to queue
[2025-10-03T00:07:34.944+0000] {logging_mixin.py:188} INFO - [2025-10-03T00:07:34.943+0000] {dagbag.py:545} INFO - Filling up the DagBag from /home/airflow/.local/lib/python3.12/site-packages/airflow/example_dags/example_dag_decorator.py
[2025-10-03T00:07:35.190+0000] {processor.py:840} INFO - DAG(s) 'example_dag_decorator' retrieved from /home/airflow/.local/lib/python3.12/site-packages/airflow/example_dags/example_dag_decorator.py
[2025-10-03T00:07:35.568+0000] {logging_mixin.py:188} INFO - [2025-10-03T00:07:35.567+0000] {dag.py:3096} INFO - Sync 1 DAGs
[2025-10-03T00:07:35.591+0000] {logging_mixin.py:188} INFO - [2025-10-03T00:07:35.591+0000] {dag.py:3954} INFO - Setting next_dagrun for example_dag_decorator to None, run_after=None
[2025-10-03T00:07:35.633+0000] {processor.py:183} INFO - Processing /home/airflow/.local/lib/python3.12/site-packages/airflow/example_dags/example_dag_decorator.py took 0.711 seconds
[2025-10-03T00:08:06.507+0000] {processor.py:161} INFO - Started process (PID=15256) to work on /home/airflow/.local/lib/python3.12/site-packages/airflow/example_dags/example_dag_decorator.py
[2025-10-03T00:08:06.510+0000] {processor.py:830} INFO - Processing file /home/airflow/.local/lib/python3.12/site-packages/airflow/example_dags/example_dag_decorator.py for tasks to queue
[2025-10-03T00:08:06.512+0000] {logging_mixin.py:188} INFO - [2025-10-03T00:08:06.511+0000] {dagbag.py:545} INFO - Filling up the DagBag from /home/airflow/.local/lib/python3.12/site-packages/airflow/example_dags/example_dag_decorator.py
[2025-10-03T00:08:06.759+0000] {processor.py:840} INFO - DAG(s) 'example_dag_decorator' retrieved from /home/airflow/.local/lib/python3.12/site-packages/airflow/example_dags/example_dag_decorator.py
[2025-10-03T00:08:06.997+0000] {logging_mixin.py:188} INFO - [2025-10-03T00:08:06.997+0000] {dag.py:3096} INFO - Sync 1 DAGs
[2025-10-03T00:08:07.020+0000] {logging_mixin.py:188} INFO - [2025-10-03T00:08:07.020+0000] {dag.py:3954} INFO - Setting next_dagrun for example_dag_decorator to None, run_after=None
[2025-10-03T00:08:07.061+0000] {processor.py:183} INFO - Processing /home/airflow/.local/lib/python3.12/site-packages/airflow/example_dags/example_dag_decorator.py took 0.570 seconds
[2025-10-03T00:08:37.208+0000] {processor.py:161} INFO - Started process (PID=15309) to work on /home/airflow/.local/lib/python3.12/site-packages/airflow/example_dags/example_dag_decorator.py
[2025-10-03T00:08:37.211+0000] {processor.py:830} INFO - Processing file /home/airflow/.local/lib/python3.12/site-packages/airflow/example_dags/example_dag_decorator.py for tasks to queue
[2025-10-03T00:08:37.214+0000] {logging_mixin.py:188} INFO - [2025-10-03T00:08:37.213+0000] {dagbag.py:545} INFO - Filling up the DagBag from /home/airflow/.local/lib/python3.12/site-packages/airflow/example_dags/example_dag_decorator.py
[2025-10-03T00:08:37.452+0000] {processor.py:840} INFO - DAG(s) 'example_dag_decorator' retrieved from /home/airflow/.local/lib/python3.12/site-packages/airflow/example_dags/example_dag_decorator.py
[2025-10-03T00:08:37.680+0000] {logging_mixin.py:188} INFO - [2025-10-03T00:08:37.679+0000] {dag.py:3096} INFO - Sync 1 DAGs
[2025-10-03T00:08:37.701+0000] {logging_mixin.py:188} INFO - [2025-10-03T00:08:37.701+0000] {dag.py:3954} INFO - Setting next_dagrun for example_dag_decorator to None, run_after=None
[2025-10-03T00:08:37.741+0000] {processor.py:183} INFO - Processing /home/airflow/.local/lib/python3.12/site-packages/airflow/example_dags/example_dag_decorator.py took 0.553 seconds
[2025-10-03T00:09:07.912+0000] {processor.py:161} INFO - Started process (PID=15362) to work on /home/airflow/.local/lib/python3.12/site-packages/airflow/example_dags/example_dag_decorator.py
[2025-10-03T00:09:07.914+0000] {processor.py:830} INFO - Processing file /home/airflow/.local/lib/python3.12/site-packages/airflow/example_dags/example_dag_decorator.py for tasks to queue
[2025-10-03T00:09:07.916+0000] {logging_mixin.py:188} INFO - [2025-10-03T00:09:07.915+0000] {dagbag.py:545} INFO - Filling up the DagBag from /home/airflow/.local/lib/python3.12/site-packages/airflow/example_dags/example_dag_decorator.py
[2025-10-03T00:09:08.178+0000] {processor.py:840} INFO - DAG(s) 'example_dag_decorator' retrieved from /home/airflow/.local/lib/python3.12/site-packages/airflow/example_dags/example_dag_decorator.py
[2025-10-03T00:09:08.444+0000] {logging_mixin.py:188} INFO - [2025-10-03T00:09:08.444+0000] {dag.py:3096} INFO - Sync 1 DAGs
[2025-10-03T00:09:08.467+0000] {logging_mixin.py:188} INFO - [2025-10-03T00:09:08.467+0000] {dag.py:3954} INFO - Setting next_dagrun for example_dag_decorator to None, run_after=None
[2025-10-03T00:09:08.521+0000] {processor.py:183} INFO - Processing /home/airflow/.local/lib/python3.12/site-packages/airflow/example_dags/example_dag_decorator.py took 0.624 seconds
[2025-10-03T00:09:38.654+0000] {processor.py:161} INFO - Started process (PID=15415) to work on /home/airflow/.local/lib/python3.12/site-packages/airflow/example_dags/example_dag_decorator.py
[2025-10-03T00:09:38.656+0000] {processor.py:830} INFO - Processing file /home/airflow/.local/lib/python3.12/site-packages/airflow/example_dags/example_dag_decorator.py for tasks to queue
[2025-10-03T00:09:38.659+0000] {logging_mixin.py:188} INFO - [2025-10-03T00:09:38.658+0000] {dagbag.py:545} INFO - Filling up the DagBag from /home/airflow/.local/lib/python3.12/site-packages/airflow/example_dags/example_dag_decorator.py
[2025-10-03T00:09:38.919+0000] {processor.py:840} INFO - DAG(s) 'example_dag_decorator' retrieved from /home/airflow/.local/lib/python3.12/site-packages/airflow/example_dags/example_dag_decorator.py
[2025-10-03T00:09:38.983+0000] {logging_mixin.py:188} INFO - [2025-10-03T00:09:38.983+0000] {dag.py:3096} INFO - Sync 1 DAGs
[2025-10-03T00:09:39.017+0000] {logging_mixin.py:188} INFO - [2025-10-03T00:09:39.017+0000] {dag.py:3954} INFO - Setting next_dagrun for example_dag_decorator to None, run_after=None
[2025-10-03T00:09:39.068+0000] {processor.py:183} INFO - Processing /home/airflow/.local/lib/python3.12/site-packages/airflow/example_dags/example_dag_decorator.py took 0.429 seconds
[2025-10-03T00:10:09.353+0000] {processor.py:161} INFO - Started process (PID=15468) to work on /home/airflow/.local/lib/python3.12/site-packages/airflow/example_dags/example_dag_decorator.py
[2025-10-03T00:10:09.355+0000] {processor.py:830} INFO - Processing file /home/airflow/.local/lib/python3.12/site-packages/airflow/example_dags/example_dag_decorator.py for tasks to queue
[2025-10-03T00:10:09.358+0000] {logging_mixin.py:188} INFO - [2025-10-03T00:10:09.357+0000] {dagbag.py:545} INFO - Filling up the DagBag from /home/airflow/.local/lib/python3.12/site-packages/airflow/example_dags/example_dag_decorator.py
[2025-10-03T00:10:09.639+0000] {processor.py:840} INFO - DAG(s) 'example_dag_decorator' retrieved from /home/airflow/.local/lib/python3.12/site-packages/airflow/example_dags/example_dag_decorator.py
[2025-10-03T00:10:09.936+0000] {logging_mixin.py:188} INFO - [2025-10-03T00:10:09.935+0000] {dag.py:3096} INFO - Sync 1 DAGs
[2025-10-03T00:10:09.972+0000] {logging_mixin.py:188} INFO - [2025-10-03T00:10:09.972+0000] {dag.py:3954} INFO - Setting next_dagrun for example_dag_decorator to None, run_after=None
[2025-10-03T00:10:10.034+0000] {processor.py:183} INFO - Processing /home/airflow/.local/lib/python3.12/site-packages/airflow/example_dags/example_dag_decorator.py took 0.697 seconds
[2025-10-03T00:10:40.181+0000] {processor.py:161} INFO - Started process (PID=15522) to work on /home/airflow/.local/lib/python3.12/site-packages/airflow/example_dags/example_dag_decorator.py
[2025-10-03T00:10:40.183+0000] {processor.py:830} INFO - Processing file /home/airflow/.local/lib/python3.12/site-packages/airflow/example_dags/example_dag_decorator.py for tasks to queue
[2025-10-03T00:10:40.186+0000] {logging_mixin.py:188} INFO - [2025-10-03T00:10:40.185+0000] {dagbag.py:545} INFO - Filling up the DagBag from /home/airflow/.local/lib/python3.12/site-packages/airflow/example_dags/example_dag_decorator.py
[2025-10-03T00:10:40.458+0000] {processor.py:840} INFO - DAG(s) 'example_dag_decorator' retrieved from /home/airflow/.local/lib/python3.12/site-packages/airflow/example_dags/example_dag_decorator.py
[2025-10-03T00:10:40.531+0000] {logging_mixin.py:188} INFO - [2025-10-03T00:10:40.530+0000] {dag.py:3096} INFO - Sync 1 DAGs
[2025-10-03T00:10:40.566+0000] {logging_mixin.py:188} INFO - [2025-10-03T00:10:40.565+0000] {dag.py:3954} INFO - Setting next_dagrun for example_dag_decorator to None, run_after=None
[2025-10-03T00:10:40.614+0000] {processor.py:183} INFO - Processing /home/airflow/.local/lib/python3.12/site-packages/airflow/example_dags/example_dag_decorator.py took 0.449 seconds
[2025-10-03T00:11:11.411+0000] {processor.py:161} INFO - Started process (PID=15575) to work on /home/airflow/.local/lib/python3.12/site-packages/airflow/example_dags/example_dag_decorator.py
[2025-10-03T00:11:11.414+0000] {processor.py:830} INFO - Processing file /home/airflow/.local/lib/python3.12/site-packages/airflow/example_dags/example_dag_decorator.py for tasks to queue
[2025-10-03T00:11:11.424+0000] {logging_mixin.py:188} INFO - [2025-10-03T00:11:11.423+0000] {dagbag.py:545} INFO - Filling up the DagBag from /home/airflow/.local/lib/python3.12/site-packages/airflow/example_dags/example_dag_decorator.py
[2025-10-03T00:11:11.725+0000] {processor.py:840} INFO - DAG(s) 'example_dag_decorator' retrieved from /home/airflow/.local/lib/python3.12/site-packages/airflow/example_dags/example_dag_decorator.py
[2025-10-03T00:11:11.842+0000] {logging_mixin.py:188} INFO - [2025-10-03T00:11:11.841+0000] {dag.py:3096} INFO - Sync 1 DAGs
[2025-10-03T00:11:11.891+0000] {logging_mixin.py:188} INFO - [2025-10-03T00:11:11.890+0000] {dag.py:3954} INFO - Setting next_dagrun for example_dag_decorator to None, run_after=None
[2025-10-03T00:11:11.964+0000] {processor.py:183} INFO - Processing /home/airflow/.local/lib/python3.12/site-packages/airflow/example_dags/example_dag_decorator.py took 0.577 seconds
[2025-10-03T00:11:42.338+0000] {processor.py:161} INFO - Started process (PID=15628) to work on /home/airflow/.local/lib/python3.12/site-packages/airflow/example_dags/example_dag_decorator.py
[2025-10-03T00:11:42.341+0000] {processor.py:830} INFO - Processing file /home/airflow/.local/lib/python3.12/site-packages/airflow/example_dags/example_dag_decorator.py for tasks to queue
[2025-10-03T00:11:42.343+0000] {logging_mixin.py:188} INFO - [2025-10-03T00:11:42.343+0000] {dagbag.py:545} INFO - Filling up the DagBag from /home/airflow/.local/lib/python3.12/site-packages/airflow/example_dags/example_dag_decorator.py
[2025-10-03T00:11:42.616+0000] {processor.py:840} INFO - DAG(s) 'example_dag_decorator' retrieved from /home/airflow/.local/lib/python3.12/site-packages/airflow/example_dags/example_dag_decorator.py
[2025-10-03T00:11:42.686+0000] {logging_mixin.py:188} INFO - [2025-10-03T00:11:42.685+0000] {dag.py:3096} INFO - Sync 1 DAGs
[2025-10-03T00:11:42.716+0000] {logging_mixin.py:188} INFO - [2025-10-03T00:11:42.715+0000] {dag.py:3954} INFO - Setting next_dagrun for example_dag_decorator to None, run_after=None
[2025-10-03T00:11:42.756+0000] {processor.py:183} INFO - Processing /home/airflow/.local/lib/python3.12/site-packages/airflow/example_dags/example_dag_decorator.py took 0.433 seconds
[2025-10-03T00:12:13.172+0000] {processor.py:161} INFO - Started process (PID=15682) to work on /home/airflow/.local/lib/python3.12/site-packages/airflow/example_dags/example_dag_decorator.py
[2025-10-03T00:12:13.174+0000] {processor.py:830} INFO - Processing file /home/airflow/.local/lib/python3.12/site-packages/airflow/example_dags/example_dag_decorator.py for tasks to queue
[2025-10-03T00:12:13.177+0000] {logging_mixin.py:188} INFO - [2025-10-03T00:12:13.176+0000] {dagbag.py:545} INFO - Filling up the DagBag from /home/airflow/.local/lib/python3.12/site-packages/airflow/example_dags/example_dag_decorator.py
[2025-10-03T00:12:13.470+0000] {processor.py:840} INFO - DAG(s) 'example_dag_decorator' retrieved from /home/airflow/.local/lib/python3.12/site-packages/airflow/example_dags/example_dag_decorator.py
[2025-10-03T00:12:13.537+0000] {logging_mixin.py:188} INFO - [2025-10-03T00:12:13.536+0000] {dag.py:3096} INFO - Sync 1 DAGs
[2025-10-03T00:12:13.581+0000] {logging_mixin.py:188} INFO - [2025-10-03T00:12:13.580+0000] {dag.py:3954} INFO - Setting next_dagrun for example_dag_decorator to None, run_after=None
[2025-10-03T00:12:13.634+0000] {processor.py:183} INFO - Processing /home/airflow/.local/lib/python3.12/site-packages/airflow/example_dags/example_dag_decorator.py took 0.483 seconds
[2025-10-03T00:12:44.200+0000] {processor.py:161} INFO - Started process (PID=15735) to work on /home/airflow/.local/lib/python3.12/site-packages/airflow/example_dags/example_dag_decorator.py
[2025-10-03T00:12:44.203+0000] {processor.py:830} INFO - Processing file /home/airflow/.local/lib/python3.12/site-packages/airflow/example_dags/example_dag_decorator.py for tasks to queue
[2025-10-03T00:12:44.208+0000] {logging_mixin.py:188} INFO - [2025-10-03T00:12:44.207+0000] {dagbag.py:545} INFO - Filling up the DagBag from /home/airflow/.local/lib/python3.12/site-packages/airflow/example_dags/example_dag_decorator.py
[2025-10-03T00:12:44.653+0000] {processor.py:840} INFO - DAG(s) 'example_dag_decorator' retrieved from /home/airflow/.local/lib/python3.12/site-packages/airflow/example_dags/example_dag_decorator.py
[2025-10-03T00:12:44.803+0000] {logging_mixin.py:188} INFO - [2025-10-03T00:12:44.803+0000] {dag.py:3096} INFO - Sync 1 DAGs
[2025-10-03T00:12:44.874+0000] {logging_mixin.py:188} INFO - [2025-10-03T00:12:44.873+0000] {dag.py:3954} INFO - Setting next_dagrun for example_dag_decorator to None, run_after=None
[2025-10-03T00:12:44.962+0000] {processor.py:183} INFO - Processing /home/airflow/.local/lib/python3.12/site-packages/airflow/example_dags/example_dag_decorator.py took 0.781 seconds
[2025-10-03T00:13:15.316+0000] {processor.py:161} INFO - Started process (PID=15788) to work on /home/airflow/.local/lib/python3.12/site-packages/airflow/example_dags/example_dag_decorator.py
[2025-10-03T00:13:15.318+0000] {processor.py:830} INFO - Processing file /home/airflow/.local/lib/python3.12/site-packages/airflow/example_dags/example_dag_decorator.py for tasks to queue
[2025-10-03T00:13:15.321+0000] {logging_mixin.py:188} INFO - [2025-10-03T00:13:15.320+0000] {dagbag.py:545} INFO - Filling up the DagBag from /home/airflow/.local/lib/python3.12/site-packages/airflow/example_dags/example_dag_decorator.py
[2025-10-03T00:13:15.640+0000] {processor.py:840} INFO - DAG(s) 'example_dag_decorator' retrieved from /home/airflow/.local/lib/python3.12/site-packages/airflow/example_dags/example_dag_decorator.py
[2025-10-03T00:13:16.376+0000] {logging_mixin.py:188} INFO - [2025-10-03T00:13:16.376+0000] {dag.py:3096} INFO - Sync 1 DAGs
[2025-10-03T00:13:16.463+0000] {logging_mixin.py:188} INFO - [2025-10-03T00:13:16.462+0000] {dag.py:3954} INFO - Setting next_dagrun for example_dag_decorator to None, run_after=None
[2025-10-03T00:13:16.604+0000] {processor.py:183} INFO - Processing /home/airflow/.local/lib/python3.12/site-packages/airflow/example_dags/example_dag_decorator.py took 1.305 seconds
[2025-10-03T00:13:47.169+0000] {processor.py:161} INFO - Started process (PID=15843) to work on /home/airflow/.local/lib/python3.12/site-packages/airflow/example_dags/example_dag_decorator.py
[2025-10-03T00:13:47.171+0000] {processor.py:830} INFO - Processing file /home/airflow/.local/lib/python3.12/site-packages/airflow/example_dags/example_dag_decorator.py for tasks to queue
[2025-10-03T00:13:47.174+0000] {logging_mixin.py:188} INFO - [2025-10-03T00:13:47.173+0000] {dagbag.py:545} INFO - Filling up the DagBag from /home/airflow/.local/lib/python3.12/site-packages/airflow/example_dags/example_dag_decorator.py
[2025-10-03T00:13:47.479+0000] {processor.py:840} INFO - DAG(s) 'example_dag_decorator' retrieved from /home/airflow/.local/lib/python3.12/site-packages/airflow/example_dags/example_dag_decorator.py
[2025-10-03T00:13:47.928+0000] {logging_mixin.py:188} INFO - [2025-10-03T00:13:47.928+0000] {dag.py:3096} INFO - Sync 1 DAGs
[2025-10-03T00:13:47.983+0000] {logging_mixin.py:188} INFO - [2025-10-03T00:13:47.982+0000] {dag.py:3954} INFO - Setting next_dagrun for example_dag_decorator to None, run_after=None
[2025-10-03T00:13:48.046+0000] {processor.py:183} INFO - Processing /home/airflow/.local/lib/python3.12/site-packages/airflow/example_dags/example_dag_decorator.py took 0.892 seconds
[2025-10-03T00:14:18.332+0000] {processor.py:161} INFO - Started process (PID=15898) to work on /home/airflow/.local/lib/python3.12/site-packages/airflow/example_dags/example_dag_decorator.py
[2025-10-03T00:14:18.334+0000] {processor.py:830} INFO - Processing file /home/airflow/.local/lib/python3.12/site-packages/airflow/example_dags/example_dag_decorator.py for tasks to queue
[2025-10-03T00:14:18.337+0000] {logging_mixin.py:188} INFO - [2025-10-03T00:14:18.336+0000] {dagbag.py:545} INFO - Filling up the DagBag from /home/airflow/.local/lib/python3.12/site-packages/airflow/example_dags/example_dag_decorator.py
[2025-10-03T00:14:18.786+0000] {processor.py:840} INFO - DAG(s) 'example_dag_decorator' retrieved from /home/airflow/.local/lib/python3.12/site-packages/airflow/example_dags/example_dag_decorator.py
[2025-10-03T00:14:19.047+0000] {logging_mixin.py:188} INFO - [2025-10-03T00:14:19.047+0000] {dag.py:3096} INFO - Sync 1 DAGs
[2025-10-03T00:14:19.073+0000] {logging_mixin.py:188} INFO - [2025-10-03T00:14:19.073+0000] {dag.py:3954} INFO - Setting next_dagrun for example_dag_decorator to None, run_after=None
[2025-10-03T00:14:19.118+0000] {processor.py:183} INFO - Processing /home/airflow/.local/lib/python3.12/site-packages/airflow/example_dags/example_dag_decorator.py took 0.801 seconds
[2025-10-03T00:14:49.439+0000] {processor.py:161} INFO - Started process (PID=15951) to work on /home/airflow/.local/lib/python3.12/site-packages/airflow/example_dags/example_dag_decorator.py
[2025-10-03T00:14:49.443+0000] {processor.py:830} INFO - Processing file /home/airflow/.local/lib/python3.12/site-packages/airflow/example_dags/example_dag_decorator.py for tasks to queue
[2025-10-03T00:14:49.446+0000] {logging_mixin.py:188} INFO - [2025-10-03T00:14:49.445+0000] {dagbag.py:545} INFO - Filling up the DagBag from /home/airflow/.local/lib/python3.12/site-packages/airflow/example_dags/example_dag_decorator.py
[2025-10-03T00:14:49.707+0000] {processor.py:840} INFO - DAG(s) 'example_dag_decorator' retrieved from /home/airflow/.local/lib/python3.12/site-packages/airflow/example_dags/example_dag_decorator.py
[2025-10-03T00:14:49.949+0000] {logging_mixin.py:188} INFO - [2025-10-03T00:14:49.948+0000] {dag.py:3096} INFO - Sync 1 DAGs
[2025-10-03T00:14:49.977+0000] {logging_mixin.py:188} INFO - [2025-10-03T00:14:49.977+0000] {dag.py:3954} INFO - Setting next_dagrun for example_dag_decorator to None, run_after=None
[2025-10-03T00:14:50.025+0000] {processor.py:183} INFO - Processing /home/airflow/.local/lib/python3.12/site-packages/airflow/example_dags/example_dag_decorator.py took 0.606 seconds
[2025-10-03T00:15:20.701+0000] {processor.py:161} INFO - Started process (PID=16004) to work on /home/airflow/.local/lib/python3.12/site-packages/airflow/example_dags/example_dag_decorator.py
[2025-10-03T00:15:20.704+0000] {processor.py:830} INFO - Processing file /home/airflow/.local/lib/python3.12/site-packages/airflow/example_dags/example_dag_decorator.py for tasks to queue
[2025-10-03T00:15:20.706+0000] {logging_mixin.py:188} INFO - [2025-10-03T00:15:20.705+0000] {dagbag.py:545} INFO - Filling up the DagBag from /home/airflow/.local/lib/python3.12/site-packages/airflow/example_dags/example_dag_decorator.py
[2025-10-03T00:15:21.059+0000] {processor.py:840} INFO - DAG(s) 'example_dag_decorator' retrieved from /home/airflow/.local/lib/python3.12/site-packages/airflow/example_dags/example_dag_decorator.py
[2025-10-03T00:15:21.341+0000] {logging_mixin.py:188} INFO - [2025-10-03T00:15:21.341+0000] {dag.py:3096} INFO - Sync 1 DAGs
[2025-10-03T00:15:21.377+0000] {logging_mixin.py:188} INFO - [2025-10-03T00:15:21.376+0000] {dag.py:3954} INFO - Setting next_dagrun for example_dag_decorator to None, run_after=None
[2025-10-03T00:15:21.415+0000] {processor.py:183} INFO - Processing /home/airflow/.local/lib/python3.12/site-packages/airflow/example_dags/example_dag_decorator.py took 0.731 seconds
[2025-10-03T00:15:51.877+0000] {processor.py:161} INFO - Started process (PID=16057) to work on /home/airflow/.local/lib/python3.12/site-packages/airflow/example_dags/example_dag_decorator.py
[2025-10-03T00:15:51.879+0000] {processor.py:830} INFO - Processing file /home/airflow/.local/lib/python3.12/site-packages/airflow/example_dags/example_dag_decorator.py for tasks to queue
[2025-10-03T00:15:51.884+0000] {logging_mixin.py:188} INFO - [2025-10-03T00:15:51.883+0000] {dagbag.py:545} INFO - Filling up the DagBag from /home/airflow/.local/lib/python3.12/site-packages/airflow/example_dags/example_dag_decorator.py
[2025-10-03T00:15:52.218+0000] {processor.py:840} INFO - DAG(s) 'example_dag_decorator' retrieved from /home/airflow/.local/lib/python3.12/site-packages/airflow/example_dags/example_dag_decorator.py
[2025-10-03T00:15:52.515+0000] {logging_mixin.py:188} INFO - [2025-10-03T00:15:52.513+0000] {dag.py:3096} INFO - Sync 1 DAGs
[2025-10-03T00:15:52.541+0000] {logging_mixin.py:188} INFO - [2025-10-03T00:15:52.541+0000] {dag.py:3954} INFO - Setting next_dagrun for example_dag_decorator to None, run_after=None
[2025-10-03T00:15:52.607+0000] {processor.py:183} INFO - Processing /home/airflow/.local/lib/python3.12/site-packages/airflow/example_dags/example_dag_decorator.py took 0.752 seconds
[2025-10-03T00:16:23.414+0000] {processor.py:161} INFO - Started process (PID=16111) to work on /home/airflow/.local/lib/python3.12/site-packages/airflow/example_dags/example_dag_decorator.py
[2025-10-03T00:16:23.417+0000] {processor.py:830} INFO - Processing file /home/airflow/.local/lib/python3.12/site-packages/airflow/example_dags/example_dag_decorator.py for tasks to queue
[2025-10-03T00:16:23.419+0000] {logging_mixin.py:188} INFO - [2025-10-03T00:16:23.418+0000] {dagbag.py:545} INFO - Filling up the DagBag from /home/airflow/.local/lib/python3.12/site-packages/airflow/example_dags/example_dag_decorator.py
[2025-10-03T00:16:23.697+0000] {processor.py:840} INFO - DAG(s) 'example_dag_decorator' retrieved from /home/airflow/.local/lib/python3.12/site-packages/airflow/example_dags/example_dag_decorator.py
[2025-10-03T00:16:23.945+0000] {logging_mixin.py:188} INFO - [2025-10-03T00:16:23.944+0000] {dag.py:3096} INFO - Sync 1 DAGs
[2025-10-03T00:16:23.974+0000] {logging_mixin.py:188} INFO - [2025-10-03T00:16:23.974+0000] {dag.py:3954} INFO - Setting next_dagrun for example_dag_decorator to None, run_after=None
[2025-10-03T00:16:24.030+0000] {processor.py:183} INFO - Processing /home/airflow/.local/lib/python3.12/site-packages/airflow/example_dags/example_dag_decorator.py took 0.630 seconds
[2025-10-03T00:16:54.362+0000] {processor.py:161} INFO - Started process (PID=16164) to work on /home/airflow/.local/lib/python3.12/site-packages/airflow/example_dags/example_dag_decorator.py
[2025-10-03T00:16:54.366+0000] {processor.py:830} INFO - Processing file /home/airflow/.local/lib/python3.12/site-packages/airflow/example_dags/example_dag_decorator.py for tasks to queue
[2025-10-03T00:16:54.368+0000] {logging_mixin.py:188} INFO - [2025-10-03T00:16:54.367+0000] {dagbag.py:545} INFO - Filling up the DagBag from /home/airflow/.local/lib/python3.12/site-packages/airflow/example_dags/example_dag_decorator.py
[2025-10-03T00:16:54.619+0000] {processor.py:840} INFO - DAG(s) 'example_dag_decorator' retrieved from /home/airflow/.local/lib/python3.12/site-packages/airflow/example_dags/example_dag_decorator.py
[2025-10-03T00:16:54.838+0000] {logging_mixin.py:188} INFO - [2025-10-03T00:16:54.837+0000] {dag.py:3096} INFO - Sync 1 DAGs
[2025-10-03T00:16:54.864+0000] {logging_mixin.py:188} INFO - [2025-10-03T00:16:54.864+0000] {dag.py:3954} INFO - Setting next_dagrun for example_dag_decorator to None, run_after=None
[2025-10-03T00:16:54.934+0000] {processor.py:183} INFO - Processing /home/airflow/.local/lib/python3.12/site-packages/airflow/example_dags/example_dag_decorator.py took 0.589 seconds
[2025-10-03T00:17:25.583+0000] {processor.py:161} INFO - Started process (PID=16217) to work on /home/airflow/.local/lib/python3.12/site-packages/airflow/example_dags/example_dag_decorator.py
[2025-10-03T00:17:25.585+0000] {processor.py:830} INFO - Processing file /home/airflow/.local/lib/python3.12/site-packages/airflow/example_dags/example_dag_decorator.py for tasks to queue
[2025-10-03T00:17:25.588+0000] {logging_mixin.py:188} INFO - [2025-10-03T00:17:25.587+0000] {dagbag.py:545} INFO - Filling up the DagBag from /home/airflow/.local/lib/python3.12/site-packages/airflow/example_dags/example_dag_decorator.py
[2025-10-03T00:17:25.846+0000] {processor.py:840} INFO - DAG(s) 'example_dag_decorator' retrieved from /home/airflow/.local/lib/python3.12/site-packages/airflow/example_dags/example_dag_decorator.py
[2025-10-03T00:17:26.061+0000] {logging_mixin.py:188} INFO - [2025-10-03T00:17:26.061+0000] {dag.py:3096} INFO - Sync 1 DAGs
[2025-10-03T00:17:26.116+0000] {logging_mixin.py:188} INFO - [2025-10-03T00:17:26.115+0000] {dag.py:3954} INFO - Setting next_dagrun for example_dag_decorator to None, run_after=None
[2025-10-03T00:17:26.277+0000] {processor.py:183} INFO - Processing /home/airflow/.local/lib/python3.12/site-packages/airflow/example_dags/example_dag_decorator.py took 0.712 seconds
[2025-10-03T00:17:56.995+0000] {processor.py:161} INFO - Started process (PID=16270) to work on /home/airflow/.local/lib/python3.12/site-packages/airflow/example_dags/example_dag_decorator.py
[2025-10-03T00:17:56.997+0000] {processor.py:830} INFO - Processing file /home/airflow/.local/lib/python3.12/site-packages/airflow/example_dags/example_dag_decorator.py for tasks to queue
[2025-10-03T00:17:56.999+0000] {logging_mixin.py:188} INFO - [2025-10-03T00:17:56.998+0000] {dagbag.py:545} INFO - Filling up the DagBag from /home/airflow/.local/lib/python3.12/site-packages/airflow/example_dags/example_dag_decorator.py
[2025-10-03T00:17:57.253+0000] {processor.py:840} INFO - DAG(s) 'example_dag_decorator' retrieved from /home/airflow/.local/lib/python3.12/site-packages/airflow/example_dags/example_dag_decorator.py
[2025-10-03T00:17:57.488+0000] {logging_mixin.py:188} INFO - [2025-10-03T00:17:57.487+0000] {dag.py:3096} INFO - Sync 1 DAGs
[2025-10-03T00:17:57.512+0000] {logging_mixin.py:188} INFO - [2025-10-03T00:17:57.512+0000] {dag.py:3954} INFO - Setting next_dagrun for example_dag_decorator to None, run_after=None
[2025-10-03T00:17:57.564+0000] {processor.py:183} INFO - Processing /home/airflow/.local/lib/python3.12/site-packages/airflow/example_dags/example_dag_decorator.py took 0.585 seconds
[2025-10-03T00:18:27.714+0000] {processor.py:161} INFO - Started process (PID=16323) to work on /home/airflow/.local/lib/python3.12/site-packages/airflow/example_dags/example_dag_decorator.py
[2025-10-03T00:18:27.717+0000] {processor.py:830} INFO - Processing file /home/airflow/.local/lib/python3.12/site-packages/airflow/example_dags/example_dag_decorator.py for tasks to queue
[2025-10-03T00:18:27.720+0000] {logging_mixin.py:188} INFO - [2025-10-03T00:18:27.719+0000] {dagbag.py:545} INFO - Filling up the DagBag from /home/airflow/.local/lib/python3.12/site-packages/airflow/example_dags/example_dag_decorator.py
[2025-10-03T00:18:27.965+0000] {processor.py:840} INFO - DAG(s) 'example_dag_decorator' retrieved from /home/airflow/.local/lib/python3.12/site-packages/airflow/example_dags/example_dag_decorator.py
[2025-10-03T00:18:28.213+0000] {logging_mixin.py:188} INFO - [2025-10-03T00:18:28.213+0000] {dag.py:3096} INFO - Sync 1 DAGs
[2025-10-03T00:18:28.236+0000] {logging_mixin.py:188} INFO - [2025-10-03T00:18:28.236+0000] {dag.py:3954} INFO - Setting next_dagrun for example_dag_decorator to None, run_after=None
[2025-10-03T00:18:28.290+0000] {processor.py:183} INFO - Processing /home/airflow/.local/lib/python3.12/site-packages/airflow/example_dags/example_dag_decorator.py took 0.594 seconds
[2025-10-03T00:18:58.561+0000] {processor.py:161} INFO - Started process (PID=16376) to work on /home/airflow/.local/lib/python3.12/site-packages/airflow/example_dags/example_dag_decorator.py
[2025-10-03T00:18:58.563+0000] {processor.py:830} INFO - Processing file /home/airflow/.local/lib/python3.12/site-packages/airflow/example_dags/example_dag_decorator.py for tasks to queue
[2025-10-03T00:18:58.566+0000] {logging_mixin.py:188} INFO - [2025-10-03T00:18:58.565+0000] {dagbag.py:545} INFO - Filling up the DagBag from /home/airflow/.local/lib/python3.12/site-packages/airflow/example_dags/example_dag_decorator.py
[2025-10-03T00:18:58.870+0000] {processor.py:840} INFO - DAG(s) 'example_dag_decorator' retrieved from /home/airflow/.local/lib/python3.12/site-packages/airflow/example_dags/example_dag_decorator.py
[2025-10-03T00:18:59.149+0000] {logging_mixin.py:188} INFO - [2025-10-03T00:18:59.149+0000] {dag.py:3096} INFO - Sync 1 DAGs
[2025-10-03T00:18:59.173+0000] {logging_mixin.py:188} INFO - [2025-10-03T00:18:59.173+0000] {dag.py:3954} INFO - Setting next_dagrun for example_dag_decorator to None, run_after=None
[2025-10-03T00:18:59.220+0000] {processor.py:183} INFO - Processing /home/airflow/.local/lib/python3.12/site-packages/airflow/example_dags/example_dag_decorator.py took 0.675 seconds
[2025-10-03T00:19:29.917+0000] {processor.py:161} INFO - Started process (PID=16429) to work on /home/airflow/.local/lib/python3.12/site-packages/airflow/example_dags/example_dag_decorator.py
[2025-10-03T00:19:29.921+0000] {processor.py:830} INFO - Processing file /home/airflow/.local/lib/python3.12/site-packages/airflow/example_dags/example_dag_decorator.py for tasks to queue
[2025-10-03T00:19:29.924+0000] {logging_mixin.py:188} INFO - [2025-10-03T00:19:29.923+0000] {dagbag.py:545} INFO - Filling up the DagBag from /home/airflow/.local/lib/python3.12/site-packages/airflow/example_dags/example_dag_decorator.py
[2025-10-03T00:19:30.235+0000] {processor.py:840} INFO - DAG(s) 'example_dag_decorator' retrieved from /home/airflow/.local/lib/python3.12/site-packages/airflow/example_dags/example_dag_decorator.py
[2025-10-03T00:19:30.496+0000] {logging_mixin.py:188} INFO - [2025-10-03T00:19:30.495+0000] {dag.py:3096} INFO - Sync 1 DAGs
[2025-10-03T00:19:30.528+0000] {logging_mixin.py:188} INFO - [2025-10-03T00:19:30.527+0000] {dag.py:3954} INFO - Setting next_dagrun for example_dag_decorator to None, run_after=None
[2025-10-03T00:19:30.583+0000] {processor.py:183} INFO - Processing /home/airflow/.local/lib/python3.12/site-packages/airflow/example_dags/example_dag_decorator.py took 0.698 seconds
[2025-10-03T00:20:00.795+0000] {processor.py:161} INFO - Started process (PID=16482) to work on /home/airflow/.local/lib/python3.12/site-packages/airflow/example_dags/example_dag_decorator.py
[2025-10-03T00:20:00.798+0000] {processor.py:830} INFO - Processing file /home/airflow/.local/lib/python3.12/site-packages/airflow/example_dags/example_dag_decorator.py for tasks to queue
[2025-10-03T00:20:00.800+0000] {logging_mixin.py:188} INFO - [2025-10-03T00:20:00.800+0000] {dagbag.py:545} INFO - Filling up the DagBag from /home/airflow/.local/lib/python3.12/site-packages/airflow/example_dags/example_dag_decorator.py
[2025-10-03T00:20:01.136+0000] {processor.py:840} INFO - DAG(s) 'example_dag_decorator' retrieved from /home/airflow/.local/lib/python3.12/site-packages/airflow/example_dags/example_dag_decorator.py
[2025-10-03T00:20:01.410+0000] {logging_mixin.py:188} INFO - [2025-10-03T00:20:01.410+0000] {dag.py:3096} INFO - Sync 1 DAGs
[2025-10-03T00:20:01.433+0000] {logging_mixin.py:188} INFO - [2025-10-03T00:20:01.432+0000] {dag.py:3954} INFO - Setting next_dagrun for example_dag_decorator to None, run_after=None
[2025-10-03T00:20:01.483+0000] {processor.py:183} INFO - Processing /home/airflow/.local/lib/python3.12/site-packages/airflow/example_dags/example_dag_decorator.py took 0.708 seconds
[2025-10-03T00:20:32.012+0000] {processor.py:161} INFO - Started process (PID=16535) to work on /home/airflow/.local/lib/python3.12/site-packages/airflow/example_dags/example_dag_decorator.py
[2025-10-03T00:20:32.014+0000] {processor.py:830} INFO - Processing file /home/airflow/.local/lib/python3.12/site-packages/airflow/example_dags/example_dag_decorator.py for tasks to queue
[2025-10-03T00:20:32.017+0000] {logging_mixin.py:188} INFO - [2025-10-03T00:20:32.016+0000] {dagbag.py:545} INFO - Filling up the DagBag from /home/airflow/.local/lib/python3.12/site-packages/airflow/example_dags/example_dag_decorator.py
[2025-10-03T00:20:32.253+0000] {processor.py:840} INFO - DAG(s) 'example_dag_decorator' retrieved from /home/airflow/.local/lib/python3.12/site-packages/airflow/example_dags/example_dag_decorator.py
[2025-10-03T00:20:32.505+0000] {logging_mixin.py:188} INFO - [2025-10-03T00:20:32.504+0000] {dag.py:3096} INFO - Sync 1 DAGs
[2025-10-03T00:20:32.530+0000] {logging_mixin.py:188} INFO - [2025-10-03T00:20:32.529+0000] {dag.py:3954} INFO - Setting next_dagrun for example_dag_decorator to None, run_after=None
[2025-10-03T00:20:32.582+0000] {processor.py:183} INFO - Processing /home/airflow/.local/lib/python3.12/site-packages/airflow/example_dags/example_dag_decorator.py took 0.587 seconds
[2025-10-03T00:21:02.793+0000] {processor.py:161} INFO - Started process (PID=16588) to work on /home/airflow/.local/lib/python3.12/site-packages/airflow/example_dags/example_dag_decorator.py
[2025-10-03T00:21:02.795+0000] {processor.py:830} INFO - Processing file /home/airflow/.local/lib/python3.12/site-packages/airflow/example_dags/example_dag_decorator.py for tasks to queue
[2025-10-03T00:21:02.798+0000] {logging_mixin.py:188} INFO - [2025-10-03T00:21:02.797+0000] {dagbag.py:545} INFO - Filling up the DagBag from /home/airflow/.local/lib/python3.12/site-packages/airflow/example_dags/example_dag_decorator.py
[2025-10-03T00:21:03.042+0000] {processor.py:840} INFO - DAG(s) 'example_dag_decorator' retrieved from /home/airflow/.local/lib/python3.12/site-packages/airflow/example_dags/example_dag_decorator.py
[2025-10-03T00:21:03.269+0000] {logging_mixin.py:188} INFO - [2025-10-03T00:21:03.269+0000] {dag.py:3096} INFO - Sync 1 DAGs
[2025-10-03T00:21:03.291+0000] {logging_mixin.py:188} INFO - [2025-10-03T00:21:03.291+0000] {dag.py:3954} INFO - Setting next_dagrun for example_dag_decorator to None, run_after=None
[2025-10-03T00:21:03.347+0000] {processor.py:183} INFO - Processing /home/airflow/.local/lib/python3.12/site-packages/airflow/example_dags/example_dag_decorator.py took 0.569 seconds
[2025-10-03T00:21:33.471+0000] {processor.py:161} INFO - Started process (PID=16641) to work on /home/airflow/.local/lib/python3.12/site-packages/airflow/example_dags/example_dag_decorator.py
[2025-10-03T00:21:33.474+0000] {processor.py:830} INFO - Processing file /home/airflow/.local/lib/python3.12/site-packages/airflow/example_dags/example_dag_decorator.py for tasks to queue
[2025-10-03T00:21:33.476+0000] {logging_mixin.py:188} INFO - [2025-10-03T00:21:33.476+0000] {dagbag.py:545} INFO - Filling up the DagBag from /home/airflow/.local/lib/python3.12/site-packages/airflow/example_dags/example_dag_decorator.py
[2025-10-03T00:21:33.784+0000] {processor.py:840} INFO - DAG(s) 'example_dag_decorator' retrieved from /home/airflow/.local/lib/python3.12/site-packages/airflow/example_dags/example_dag_decorator.py
[2025-10-03T00:21:34.040+0000] {logging_mixin.py:188} INFO - [2025-10-03T00:21:34.039+0000] {dag.py:3096} INFO - Sync 1 DAGs
[2025-10-03T00:21:34.066+0000] {logging_mixin.py:188} INFO - [2025-10-03T00:21:34.066+0000] {dag.py:3954} INFO - Setting next_dagrun for example_dag_decorator to None, run_after=None
[2025-10-03T00:21:34.124+0000] {processor.py:183} INFO - Processing /home/airflow/.local/lib/python3.12/site-packages/airflow/example_dags/example_dag_decorator.py took 0.671 seconds
[2025-10-03T00:22:04.537+0000] {processor.py:161} INFO - Started process (PID=16694) to work on /home/airflow/.local/lib/python3.12/site-packages/airflow/example_dags/example_dag_decorator.py
[2025-10-03T00:22:04.539+0000] {processor.py:830} INFO - Processing file /home/airflow/.local/lib/python3.12/site-packages/airflow/example_dags/example_dag_decorator.py for tasks to queue
[2025-10-03T00:22:04.543+0000] {logging_mixin.py:188} INFO - [2025-10-03T00:22:04.541+0000] {dagbag.py:545} INFO - Filling up the DagBag from /home/airflow/.local/lib/python3.12/site-packages/airflow/example_dags/example_dag_decorator.py
[2025-10-03T00:22:04.900+0000] {processor.py:840} INFO - DAG(s) 'example_dag_decorator' retrieved from /home/airflow/.local/lib/python3.12/site-packages/airflow/example_dags/example_dag_decorator.py
[2025-10-03T00:22:04.997+0000] {logging_mixin.py:188} INFO - [2025-10-03T00:22:04.997+0000] {dag.py:3096} INFO - Sync 1 DAGs
[2025-10-03T00:22:05.048+0000] {logging_mixin.py:188} INFO - [2025-10-03T00:22:05.048+0000] {dag.py:3954} INFO - Setting next_dagrun for example_dag_decorator to None, run_after=None
[2025-10-03T00:22:05.112+0000] {processor.py:183} INFO - Processing /home/airflow/.local/lib/python3.12/site-packages/airflow/example_dags/example_dag_decorator.py took 0.592 seconds
[2025-10-03T00:22:35.250+0000] {processor.py:161} INFO - Started process (PID=16747) to work on /home/airflow/.local/lib/python3.12/site-packages/airflow/example_dags/example_dag_decorator.py
[2025-10-03T00:22:35.252+0000] {processor.py:830} INFO - Processing file /home/airflow/.local/lib/python3.12/site-packages/airflow/example_dags/example_dag_decorator.py for tasks to queue
[2025-10-03T00:22:35.255+0000] {logging_mixin.py:188} INFO - [2025-10-03T00:22:35.254+0000] {dagbag.py:545} INFO - Filling up the DagBag from /home/airflow/.local/lib/python3.12/site-packages/airflow/example_dags/example_dag_decorator.py
[2025-10-03T00:22:35.621+0000] {processor.py:840} INFO - DAG(s) 'example_dag_decorator' retrieved from /home/airflow/.local/lib/python3.12/site-packages/airflow/example_dags/example_dag_decorator.py
[2025-10-03T00:22:35.867+0000] {logging_mixin.py:188} INFO - [2025-10-03T00:22:35.866+0000] {dag.py:3096} INFO - Sync 1 DAGs
[2025-10-03T00:22:35.890+0000] {logging_mixin.py:188} INFO - [2025-10-03T00:22:35.889+0000] {dag.py:3954} INFO - Setting next_dagrun for example_dag_decorator to None, run_after=None
[2025-10-03T00:22:35.940+0000] {processor.py:183} INFO - Processing /home/airflow/.local/lib/python3.12/site-packages/airflow/example_dags/example_dag_decorator.py took 0.703 seconds
[2025-10-03T00:23:06.657+0000] {processor.py:161} INFO - Started process (PID=16802) to work on /home/airflow/.local/lib/python3.12/site-packages/airflow/example_dags/example_dag_decorator.py
[2025-10-03T00:23:06.662+0000] {processor.py:830} INFO - Processing file /home/airflow/.local/lib/python3.12/site-packages/airflow/example_dags/example_dag_decorator.py for tasks to queue
[2025-10-03T00:23:06.666+0000] {logging_mixin.py:188} INFO - [2025-10-03T00:23:06.665+0000] {dagbag.py:545} INFO - Filling up the DagBag from /home/airflow/.local/lib/python3.12/site-packages/airflow/example_dags/example_dag_decorator.py
[2025-10-03T00:23:07.046+0000] {processor.py:840} INFO - DAG(s) 'example_dag_decorator' retrieved from /home/airflow/.local/lib/python3.12/site-packages/airflow/example_dags/example_dag_decorator.py
[2025-10-03T00:23:07.406+0000] {logging_mixin.py:188} INFO - [2025-10-03T00:23:07.406+0000] {dag.py:3096} INFO - Sync 1 DAGs
[2025-10-03T00:23:07.428+0000] {logging_mixin.py:188} INFO - [2025-10-03T00:23:07.428+0000] {dag.py:3954} INFO - Setting next_dagrun for example_dag_decorator to None, run_after=None
[2025-10-03T00:23:07.467+0000] {processor.py:183} INFO - Processing /home/airflow/.local/lib/python3.12/site-packages/airflow/example_dags/example_dag_decorator.py took 0.842 seconds
[2025-10-03T00:23:38.052+0000] {processor.py:161} INFO - Started process (PID=16854) to work on /home/airflow/.local/lib/python3.12/site-packages/airflow/example_dags/example_dag_decorator.py
[2025-10-03T00:23:38.055+0000] {processor.py:830} INFO - Processing file /home/airflow/.local/lib/python3.12/site-packages/airflow/example_dags/example_dag_decorator.py for tasks to queue
[2025-10-03T00:23:38.057+0000] {logging_mixin.py:188} INFO - [2025-10-03T00:23:38.056+0000] {dagbag.py:545} INFO - Filling up the DagBag from /home/airflow/.local/lib/python3.12/site-packages/airflow/example_dags/example_dag_decorator.py
[2025-10-03T00:23:38.308+0000] {processor.py:840} INFO - DAG(s) 'example_dag_decorator' retrieved from /home/airflow/.local/lib/python3.12/site-packages/airflow/example_dags/example_dag_decorator.py
[2025-10-03T00:23:38.537+0000] {logging_mixin.py:188} INFO - [2025-10-03T00:23:38.536+0000] {dag.py:3096} INFO - Sync 1 DAGs
[2025-10-03T00:23:38.564+0000] {logging_mixin.py:188} INFO - [2025-10-03T00:23:38.564+0000] {dag.py:3954} INFO - Setting next_dagrun for example_dag_decorator to None, run_after=None
[2025-10-03T00:23:38.611+0000] {processor.py:183} INFO - Processing /home/airflow/.local/lib/python3.12/site-packages/airflow/example_dags/example_dag_decorator.py took 0.575 seconds
[2025-10-03T00:24:08.924+0000] {processor.py:161} INFO - Started process (PID=16907) to work on /home/airflow/.local/lib/python3.12/site-packages/airflow/example_dags/example_dag_decorator.py
[2025-10-03T00:24:08.928+0000] {processor.py:830} INFO - Processing file /home/airflow/.local/lib/python3.12/site-packages/airflow/example_dags/example_dag_decorator.py for tasks to queue
[2025-10-03T00:24:08.931+0000] {logging_mixin.py:188} INFO - [2025-10-03T00:24:08.930+0000] {dagbag.py:545} INFO - Filling up the DagBag from /home/airflow/.local/lib/python3.12/site-packages/airflow/example_dags/example_dag_decorator.py
[2025-10-03T00:24:09.502+0000] {processor.py:840} INFO - DAG(s) 'example_dag_decorator' retrieved from /home/airflow/.local/lib/python3.12/site-packages/airflow/example_dags/example_dag_decorator.py
[2025-10-03T00:24:09.988+0000] {logging_mixin.py:188} INFO - [2025-10-03T00:24:09.988+0000] {dag.py:3096} INFO - Sync 1 DAGs
[2025-10-03T00:24:10.020+0000] {logging_mixin.py:188} INFO - [2025-10-03T00:24:10.019+0000] {dag.py:3954} INFO - Setting next_dagrun for example_dag_decorator to None, run_after=None
[2025-10-03T00:24:10.080+0000] {processor.py:183} INFO - Processing /home/airflow/.local/lib/python3.12/site-packages/airflow/example_dags/example_dag_decorator.py took 1.178 seconds
[2025-10-03T00:24:40.679+0000] {processor.py:161} INFO - Started process (PID=16961) to work on /home/airflow/.local/lib/python3.12/site-packages/airflow/example_dags/example_dag_decorator.py
[2025-10-03T00:24:40.681+0000] {processor.py:830} INFO - Processing file /home/airflow/.local/lib/python3.12/site-packages/airflow/example_dags/example_dag_decorator.py for tasks to queue
[2025-10-03T00:24:40.685+0000] {logging_mixin.py:188} INFO - [2025-10-03T00:24:40.684+0000] {dagbag.py:545} INFO - Filling up the DagBag from /home/airflow/.local/lib/python3.12/site-packages/airflow/example_dags/example_dag_decorator.py
[2025-10-03T00:24:41.013+0000] {processor.py:840} INFO - DAG(s) 'example_dag_decorator' retrieved from /home/airflow/.local/lib/python3.12/site-packages/airflow/example_dags/example_dag_decorator.py
[2025-10-03T00:24:41.325+0000] {logging_mixin.py:188} INFO - [2025-10-03T00:24:41.324+0000] {dag.py:3096} INFO - Sync 1 DAGs
[2025-10-03T00:24:41.353+0000] {logging_mixin.py:188} INFO - [2025-10-03T00:24:41.353+0000] {dag.py:3954} INFO - Setting next_dagrun for example_dag_decorator to None, run_after=None
[2025-10-03T00:24:41.392+0000] {processor.py:183} INFO - Processing /home/airflow/.local/lib/python3.12/site-packages/airflow/example_dags/example_dag_decorator.py took 0.732 seconds
[2025-10-03T00:25:12.084+0000] {processor.py:161} INFO - Started process (PID=17015) to work on /home/airflow/.local/lib/python3.12/site-packages/airflow/example_dags/example_dag_decorator.py
[2025-10-03T00:25:12.087+0000] {processor.py:830} INFO - Processing file /home/airflow/.local/lib/python3.12/site-packages/airflow/example_dags/example_dag_decorator.py for tasks to queue
[2025-10-03T00:25:12.097+0000] {logging_mixin.py:188} INFO - [2025-10-03T00:25:12.095+0000] {dagbag.py:545} INFO - Filling up the DagBag from /home/airflow/.local/lib/python3.12/site-packages/airflow/example_dags/example_dag_decorator.py
[2025-10-03T00:25:12.633+0000] {processor.py:840} INFO - DAG(s) 'example_dag_decorator' retrieved from /home/airflow/.local/lib/python3.12/site-packages/airflow/example_dags/example_dag_decorator.py
[2025-10-03T00:25:12.938+0000] {logging_mixin.py:188} INFO - [2025-10-03T00:25:12.937+0000] {dag.py:3096} INFO - Sync 1 DAGs
[2025-10-03T00:25:12.977+0000] {logging_mixin.py:188} INFO - [2025-10-03T00:25:12.974+0000] {dag.py:3954} INFO - Setting next_dagrun for example_dag_decorator to None, run_after=None
[2025-10-03T00:25:13.031+0000] {processor.py:183} INFO - Processing /home/airflow/.local/lib/python3.12/site-packages/airflow/example_dags/example_dag_decorator.py took 0.987 seconds
[2025-10-03T00:25:43.562+0000] {processor.py:161} INFO - Started process (PID=17070) to work on /home/airflow/.local/lib/python3.12/site-packages/airflow/example_dags/example_dag_decorator.py
[2025-10-03T00:25:43.565+0000] {processor.py:830} INFO - Processing file /home/airflow/.local/lib/python3.12/site-packages/airflow/example_dags/example_dag_decorator.py for tasks to queue
[2025-10-03T00:25:43.568+0000] {logging_mixin.py:188} INFO - [2025-10-03T00:25:43.567+0000] {dagbag.py:545} INFO - Filling up the DagBag from /home/airflow/.local/lib/python3.12/site-packages/airflow/example_dags/example_dag_decorator.py
[2025-10-03T00:25:43.812+0000] {processor.py:840} INFO - DAG(s) 'example_dag_decorator' retrieved from /home/airflow/.local/lib/python3.12/site-packages/airflow/example_dags/example_dag_decorator.py
[2025-10-03T00:25:44.037+0000] {logging_mixin.py:188} INFO - [2025-10-03T00:25:44.036+0000] {dag.py:3096} INFO - Sync 1 DAGs
[2025-10-03T00:25:44.292+0000] {logging_mixin.py:188} INFO - [2025-10-03T00:25:44.291+0000] {dag.py:3954} INFO - Setting next_dagrun for example_dag_decorator to None, run_after=None
[2025-10-03T00:25:44.338+0000] {processor.py:183} INFO - Processing /home/airflow/.local/lib/python3.12/site-packages/airflow/example_dags/example_dag_decorator.py took 0.793 seconds
[2025-10-03T00:26:14.533+0000] {processor.py:161} INFO - Started process (PID=17123) to work on /home/airflow/.local/lib/python3.12/site-packages/airflow/example_dags/example_dag_decorator.py
[2025-10-03T00:26:14.537+0000] {processor.py:830} INFO - Processing file /home/airflow/.local/lib/python3.12/site-packages/airflow/example_dags/example_dag_decorator.py for tasks to queue
[2025-10-03T00:26:14.540+0000] {logging_mixin.py:188} INFO - [2025-10-03T00:26:14.539+0000] {dagbag.py:545} INFO - Filling up the DagBag from /home/airflow/.local/lib/python3.12/site-packages/airflow/example_dags/example_dag_decorator.py
[2025-10-03T00:26:14.813+0000] {processor.py:840} INFO - DAG(s) 'example_dag_decorator' retrieved from /home/airflow/.local/lib/python3.12/site-packages/airflow/example_dags/example_dag_decorator.py
[2025-10-03T00:26:15.072+0000] {logging_mixin.py:188} INFO - [2025-10-03T00:26:15.072+0000] {dag.py:3096} INFO - Sync 1 DAGs
[2025-10-03T00:26:15.096+0000] {logging_mixin.py:188} INFO - [2025-10-03T00:26:15.095+0000] {dag.py:3954} INFO - Setting next_dagrun for example_dag_decorator to None, run_after=None
[2025-10-03T00:26:15.389+0000] {processor.py:183} INFO - Processing /home/airflow/.local/lib/python3.12/site-packages/airflow/example_dags/example_dag_decorator.py took 0.870 seconds
[2025-10-03T00:26:47.213+0000] {processor.py:161} INFO - Started process (PID=17179) to work on /home/airflow/.local/lib/python3.12/site-packages/airflow/example_dags/example_dag_decorator.py
[2025-10-03T00:26:47.217+0000] {processor.py:830} INFO - Processing file /home/airflow/.local/lib/python3.12/site-packages/airflow/example_dags/example_dag_decorator.py for tasks to queue
[2025-10-03T00:26:47.220+0000] {logging_mixin.py:188} INFO - [2025-10-03T00:26:47.219+0000] {dagbag.py:545} INFO - Filling up the DagBag from /home/airflow/.local/lib/python3.12/site-packages/airflow/example_dags/example_dag_decorator.py
[2025-10-03T00:26:47.512+0000] {processor.py:840} INFO - DAG(s) 'example_dag_decorator' retrieved from /home/airflow/.local/lib/python3.12/site-packages/airflow/example_dags/example_dag_decorator.py
[2025-10-03T00:26:47.750+0000] {logging_mixin.py:188} INFO - [2025-10-03T00:26:47.749+0000] {dag.py:3096} INFO - Sync 1 DAGs
[2025-10-03T00:26:47.772+0000] {logging_mixin.py:188} INFO - [2025-10-03T00:26:47.772+0000] {dag.py:3954} INFO - Setting next_dagrun for example_dag_decorator to None, run_after=None
[2025-10-03T00:26:47.815+0000] {processor.py:183} INFO - Processing /home/airflow/.local/lib/python3.12/site-packages/airflow/example_dags/example_dag_decorator.py took 0.627 seconds
