[2025-10-03T00:00:04.485+0000] {processor.py:161} INFO - Started process (PID=14421) to work on /home/airflow/.local/lib/python3.12/site-packages/airflow/example_dags/example_short_circuit_operator.py
[2025-10-03T00:00:04.487+0000] {processor.py:830} INFO - Processing file /home/airflow/.local/lib/python3.12/site-packages/airflow/example_dags/example_short_circuit_operator.py for tasks to queue
[2025-10-03T00:00:04.489+0000] {logging_mixin.py:188} INFO - [2025-10-03T00:00:04.488+0000] {dagbag.py:545} INFO - Filling up the DagBag from /home/airflow/.local/lib/python3.12/site-packages/airflow/example_dags/example_short_circuit_operator.py
[2025-10-03T00:00:04.512+0000] {processor.py:840} INFO - DAG(s) 'example_short_circuit_operator' retrieved from /home/airflow/.local/lib/python3.12/site-packages/airflow/example_dags/example_short_circuit_operator.py
[2025-10-03T00:00:04.579+0000] {logging_mixin.py:188} INFO - [2025-10-03T00:00:04.578+0000] {dag.py:3096} INFO - Sync 1 DAGs
[2025-10-03T00:00:04.643+0000] {logging_mixin.py:188} INFO - [2025-10-03T00:00:04.642+0000] {dag.py:3954} INFO - Setting next_dagrun for example_short_circuit_operator to 2025-10-02 00:00:00+00:00, run_after=2025-10-03 00:00:00+00:00
[2025-10-03T00:00:04.702+0000] {processor.py:183} INFO - Processing /home/airflow/.local/lib/python3.12/site-packages/airflow/example_dags/example_short_circuit_operator.py took 0.234 seconds
[2025-10-03T00:00:34.862+0000] {processor.py:161} INFO - Started process (PID=14474) to work on /home/airflow/.local/lib/python3.12/site-packages/airflow/example_dags/example_short_circuit_operator.py
[2025-10-03T00:00:34.864+0000] {processor.py:830} INFO - Processing file /home/airflow/.local/lib/python3.12/site-packages/airflow/example_dags/example_short_circuit_operator.py for tasks to queue
[2025-10-03T00:00:34.867+0000] {logging_mixin.py:188} INFO - [2025-10-03T00:00:34.866+0000] {dagbag.py:545} INFO - Filling up the DagBag from /home/airflow/.local/lib/python3.12/site-packages/airflow/example_dags/example_short_circuit_operator.py
[2025-10-03T00:00:34.889+0000] {processor.py:840} INFO - DAG(s) 'example_short_circuit_operator' retrieved from /home/airflow/.local/lib/python3.12/site-packages/airflow/example_dags/example_short_circuit_operator.py
[2025-10-03T00:00:34.954+0000] {logging_mixin.py:188} INFO - [2025-10-03T00:00:34.954+0000] {dag.py:3096} INFO - Sync 1 DAGs
[2025-10-03T00:00:35.008+0000] {logging_mixin.py:188} INFO - [2025-10-03T00:00:35.007+0000] {dag.py:3954} INFO - Setting next_dagrun for example_short_circuit_operator to 2025-10-02 00:00:00+00:00, run_after=2025-10-03 00:00:00+00:00
[2025-10-03T00:00:35.056+0000] {processor.py:183} INFO - Processing /home/airflow/.local/lib/python3.12/site-packages/airflow/example_dags/example_short_circuit_operator.py took 0.212 seconds
[2025-10-03T00:01:06.211+0000] {processor.py:161} INFO - Started process (PID=14528) to work on /home/airflow/.local/lib/python3.12/site-packages/airflow/example_dags/example_short_circuit_operator.py
[2025-10-03T00:01:06.214+0000] {processor.py:830} INFO - Processing file /home/airflow/.local/lib/python3.12/site-packages/airflow/example_dags/example_short_circuit_operator.py for tasks to queue
[2025-10-03T00:01:06.217+0000] {logging_mixin.py:188} INFO - [2025-10-03T00:01:06.216+0000] {dagbag.py:545} INFO - Filling up the DagBag from /home/airflow/.local/lib/python3.12/site-packages/airflow/example_dags/example_short_circuit_operator.py
[2025-10-03T00:01:06.242+0000] {processor.py:840} INFO - DAG(s) 'example_short_circuit_operator' retrieved from /home/airflow/.local/lib/python3.12/site-packages/airflow/example_dags/example_short_circuit_operator.py
[2025-10-03T00:01:06.305+0000] {logging_mixin.py:188} INFO - [2025-10-03T00:01:06.304+0000] {dag.py:3096} INFO - Sync 1 DAGs
[2025-10-03T00:01:06.355+0000] {logging_mixin.py:188} INFO - [2025-10-03T00:01:06.354+0000] {dag.py:3954} INFO - Setting next_dagrun for example_short_circuit_operator to 2025-10-02 00:00:00+00:00, run_after=2025-10-03 00:00:00+00:00
[2025-10-03T00:01:06.406+0000] {processor.py:183} INFO - Processing /home/airflow/.local/lib/python3.12/site-packages/airflow/example_dags/example_short_circuit_operator.py took 0.213 seconds
[2025-10-03T00:01:36.929+0000] {processor.py:161} INFO - Started process (PID=14581) to work on /home/airflow/.local/lib/python3.12/site-packages/airflow/example_dags/example_short_circuit_operator.py
[2025-10-03T00:01:36.932+0000] {processor.py:830} INFO - Processing file /home/airflow/.local/lib/python3.12/site-packages/airflow/example_dags/example_short_circuit_operator.py for tasks to queue
[2025-10-03T00:01:36.935+0000] {logging_mixin.py:188} INFO - [2025-10-03T00:01:36.934+0000] {dagbag.py:545} INFO - Filling up the DagBag from /home/airflow/.local/lib/python3.12/site-packages/airflow/example_dags/example_short_circuit_operator.py
[2025-10-03T00:01:36.962+0000] {processor.py:840} INFO - DAG(s) 'example_short_circuit_operator' retrieved from /home/airflow/.local/lib/python3.12/site-packages/airflow/example_dags/example_short_circuit_operator.py
[2025-10-03T00:01:37.027+0000] {logging_mixin.py:188} INFO - [2025-10-03T00:01:37.026+0000] {dag.py:3096} INFO - Sync 1 DAGs
[2025-10-03T00:01:37.086+0000] {logging_mixin.py:188} INFO - [2025-10-03T00:01:37.086+0000] {dag.py:3954} INFO - Setting next_dagrun for example_short_circuit_operator to 2025-10-02 00:00:00+00:00, run_after=2025-10-03 00:00:00+00:00
[2025-10-03T00:01:37.132+0000] {processor.py:183} INFO - Processing /home/airflow/.local/lib/python3.12/site-packages/airflow/example_dags/example_short_circuit_operator.py took 0.220 seconds
[2025-10-03T00:02:07.499+0000] {processor.py:161} INFO - Started process (PID=14634) to work on /home/airflow/.local/lib/python3.12/site-packages/airflow/example_dags/example_short_circuit_operator.py
[2025-10-03T00:02:07.501+0000] {processor.py:830} INFO - Processing file /home/airflow/.local/lib/python3.12/site-packages/airflow/example_dags/example_short_circuit_operator.py for tasks to queue
[2025-10-03T00:02:07.504+0000] {logging_mixin.py:188} INFO - [2025-10-03T00:02:07.503+0000] {dagbag.py:545} INFO - Filling up the DagBag from /home/airflow/.local/lib/python3.12/site-packages/airflow/example_dags/example_short_circuit_operator.py
[2025-10-03T00:02:07.530+0000] {processor.py:840} INFO - DAG(s) 'example_short_circuit_operator' retrieved from /home/airflow/.local/lib/python3.12/site-packages/airflow/example_dags/example_short_circuit_operator.py
[2025-10-03T00:02:07.619+0000] {logging_mixin.py:188} INFO - [2025-10-03T00:02:07.619+0000] {dag.py:3096} INFO - Sync 1 DAGs
[2025-10-03T00:02:07.692+0000] {logging_mixin.py:188} INFO - [2025-10-03T00:02:07.691+0000] {dag.py:3954} INFO - Setting next_dagrun for example_short_circuit_operator to 2025-10-02 00:00:00+00:00, run_after=2025-10-03 00:00:00+00:00
[2025-10-03T00:02:07.740+0000] {processor.py:183} INFO - Processing /home/airflow/.local/lib/python3.12/site-packages/airflow/example_dags/example_short_circuit_operator.py took 0.260 seconds
[2025-10-03T00:02:38.544+0000] {processor.py:161} INFO - Started process (PID=14687) to work on /home/airflow/.local/lib/python3.12/site-packages/airflow/example_dags/example_short_circuit_operator.py
[2025-10-03T00:02:38.546+0000] {processor.py:830} INFO - Processing file /home/airflow/.local/lib/python3.12/site-packages/airflow/example_dags/example_short_circuit_operator.py for tasks to queue
[2025-10-03T00:02:38.549+0000] {logging_mixin.py:188} INFO - [2025-10-03T00:02:38.548+0000] {dagbag.py:545} INFO - Filling up the DagBag from /home/airflow/.local/lib/python3.12/site-packages/airflow/example_dags/example_short_circuit_operator.py
[2025-10-03T00:02:38.567+0000] {processor.py:840} INFO - DAG(s) 'example_short_circuit_operator' retrieved from /home/airflow/.local/lib/python3.12/site-packages/airflow/example_dags/example_short_circuit_operator.py
[2025-10-03T00:02:38.624+0000] {logging_mixin.py:188} INFO - [2025-10-03T00:02:38.623+0000] {dag.py:3096} INFO - Sync 1 DAGs
[2025-10-03T00:02:38.677+0000] {logging_mixin.py:188} INFO - [2025-10-03T00:02:38.676+0000] {dag.py:3954} INFO - Setting next_dagrun for example_short_circuit_operator to 2025-10-02 00:00:00+00:00, run_after=2025-10-03 00:00:00+00:00
[2025-10-03T00:02:38.718+0000] {processor.py:183} INFO - Processing /home/airflow/.local/lib/python3.12/site-packages/airflow/example_dags/example_short_circuit_operator.py took 0.187 seconds
[2025-10-03T00:03:08.998+0000] {processor.py:161} INFO - Started process (PID=14740) to work on /home/airflow/.local/lib/python3.12/site-packages/airflow/example_dags/example_short_circuit_operator.py
[2025-10-03T00:03:09.001+0000] {processor.py:830} INFO - Processing file /home/airflow/.local/lib/python3.12/site-packages/airflow/example_dags/example_short_circuit_operator.py for tasks to queue
[2025-10-03T00:03:09.003+0000] {logging_mixin.py:188} INFO - [2025-10-03T00:03:09.002+0000] {dagbag.py:545} INFO - Filling up the DagBag from /home/airflow/.local/lib/python3.12/site-packages/airflow/example_dags/example_short_circuit_operator.py
[2025-10-03T00:03:09.024+0000] {processor.py:840} INFO - DAG(s) 'example_short_circuit_operator' retrieved from /home/airflow/.local/lib/python3.12/site-packages/airflow/example_dags/example_short_circuit_operator.py
[2025-10-03T00:03:09.086+0000] {logging_mixin.py:188} INFO - [2025-10-03T00:03:09.085+0000] {dag.py:3096} INFO - Sync 1 DAGs
[2025-10-03T00:03:09.171+0000] {logging_mixin.py:188} INFO - [2025-10-03T00:03:09.171+0000] {dag.py:3954} INFO - Setting next_dagrun for example_short_circuit_operator to 2025-10-02 00:00:00+00:00, run_after=2025-10-03 00:00:00+00:00
[2025-10-03T00:03:09.249+0000] {processor.py:183} INFO - Processing /home/airflow/.local/lib/python3.12/site-packages/airflow/example_dags/example_short_circuit_operator.py took 0.267 seconds
[2025-10-03T00:03:39.418+0000] {processor.py:161} INFO - Started process (PID=14793) to work on /home/airflow/.local/lib/python3.12/site-packages/airflow/example_dags/example_short_circuit_operator.py
[2025-10-03T00:03:39.420+0000] {processor.py:830} INFO - Processing file /home/airflow/.local/lib/python3.12/site-packages/airflow/example_dags/example_short_circuit_operator.py for tasks to queue
[2025-10-03T00:03:39.423+0000] {logging_mixin.py:188} INFO - [2025-10-03T00:03:39.422+0000] {dagbag.py:545} INFO - Filling up the DagBag from /home/airflow/.local/lib/python3.12/site-packages/airflow/example_dags/example_short_circuit_operator.py
[2025-10-03T00:03:39.443+0000] {processor.py:840} INFO - DAG(s) 'example_short_circuit_operator' retrieved from /home/airflow/.local/lib/python3.12/site-packages/airflow/example_dags/example_short_circuit_operator.py
[2025-10-03T00:03:39.498+0000] {logging_mixin.py:188} INFO - [2025-10-03T00:03:39.497+0000] {dag.py:3096} INFO - Sync 1 DAGs
[2025-10-03T00:03:39.550+0000] {logging_mixin.py:188} INFO - [2025-10-03T00:03:39.550+0000] {dag.py:3954} INFO - Setting next_dagrun for example_short_circuit_operator to 2025-10-02 00:00:00+00:00, run_after=2025-10-03 00:00:00+00:00
[2025-10-03T00:03:39.593+0000] {processor.py:183} INFO - Processing /home/airflow/.local/lib/python3.12/site-packages/airflow/example_dags/example_short_circuit_operator.py took 0.190 seconds
[2025-10-03T00:04:10.496+0000] {processor.py:161} INFO - Started process (PID=14846) to work on /home/airflow/.local/lib/python3.12/site-packages/airflow/example_dags/example_short_circuit_operator.py
[2025-10-03T00:04:10.498+0000] {processor.py:830} INFO - Processing file /home/airflow/.local/lib/python3.12/site-packages/airflow/example_dags/example_short_circuit_operator.py for tasks to queue
[2025-10-03T00:04:10.501+0000] {logging_mixin.py:188} INFO - [2025-10-03T00:04:10.500+0000] {dagbag.py:545} INFO - Filling up the DagBag from /home/airflow/.local/lib/python3.12/site-packages/airflow/example_dags/example_short_circuit_operator.py
[2025-10-03T00:04:10.519+0000] {processor.py:840} INFO - DAG(s) 'example_short_circuit_operator' retrieved from /home/airflow/.local/lib/python3.12/site-packages/airflow/example_dags/example_short_circuit_operator.py
[2025-10-03T00:04:10.591+0000] {logging_mixin.py:188} INFO - [2025-10-03T00:04:10.590+0000] {dag.py:3096} INFO - Sync 1 DAGs
[2025-10-03T00:04:10.643+0000] {logging_mixin.py:188} INFO - [2025-10-03T00:04:10.642+0000] {dag.py:3954} INFO - Setting next_dagrun for example_short_circuit_operator to 2025-10-02 00:00:00+00:00, run_after=2025-10-03 00:00:00+00:00
[2025-10-03T00:04:10.691+0000] {processor.py:183} INFO - Processing /home/airflow/.local/lib/python3.12/site-packages/airflow/example_dags/example_short_circuit_operator.py took 0.213 seconds
[2025-10-03T00:04:41.189+0000] {processor.py:161} INFO - Started process (PID=14899) to work on /home/airflow/.local/lib/python3.12/site-packages/airflow/example_dags/example_short_circuit_operator.py
[2025-10-03T00:04:41.192+0000] {processor.py:830} INFO - Processing file /home/airflow/.local/lib/python3.12/site-packages/airflow/example_dags/example_short_circuit_operator.py for tasks to queue
[2025-10-03T00:04:41.195+0000] {logging_mixin.py:188} INFO - [2025-10-03T00:04:41.194+0000] {dagbag.py:545} INFO - Filling up the DagBag from /home/airflow/.local/lib/python3.12/site-packages/airflow/example_dags/example_short_circuit_operator.py
[2025-10-03T00:04:41.223+0000] {processor.py:840} INFO - DAG(s) 'example_short_circuit_operator' retrieved from /home/airflow/.local/lib/python3.12/site-packages/airflow/example_dags/example_short_circuit_operator.py
[2025-10-03T00:04:41.274+0000] {logging_mixin.py:188} INFO - [2025-10-03T00:04:41.273+0000] {dag.py:3096} INFO - Sync 1 DAGs
[2025-10-03T00:04:41.319+0000] {logging_mixin.py:188} INFO - [2025-10-03T00:04:41.319+0000] {dag.py:3954} INFO - Setting next_dagrun for example_short_circuit_operator to 2025-10-02 00:00:00+00:00, run_after=2025-10-03 00:00:00+00:00
[2025-10-03T00:04:41.363+0000] {processor.py:183} INFO - Processing /home/airflow/.local/lib/python3.12/site-packages/airflow/example_dags/example_short_circuit_operator.py took 0.193 seconds
[2025-10-03T00:05:11.644+0000] {processor.py:161} INFO - Started process (PID=14952) to work on /home/airflow/.local/lib/python3.12/site-packages/airflow/example_dags/example_short_circuit_operator.py
[2025-10-03T00:05:11.647+0000] {processor.py:830} INFO - Processing file /home/airflow/.local/lib/python3.12/site-packages/airflow/example_dags/example_short_circuit_operator.py for tasks to queue
[2025-10-03T00:05:11.649+0000] {logging_mixin.py:188} INFO - [2025-10-03T00:05:11.648+0000] {dagbag.py:545} INFO - Filling up the DagBag from /home/airflow/.local/lib/python3.12/site-packages/airflow/example_dags/example_short_circuit_operator.py
[2025-10-03T00:05:11.668+0000] {processor.py:840} INFO - DAG(s) 'example_short_circuit_operator' retrieved from /home/airflow/.local/lib/python3.12/site-packages/airflow/example_dags/example_short_circuit_operator.py
[2025-10-03T00:05:11.726+0000] {logging_mixin.py:188} INFO - [2025-10-03T00:05:11.726+0000] {dag.py:3096} INFO - Sync 1 DAGs
[2025-10-03T00:05:11.778+0000] {logging_mixin.py:188} INFO - [2025-10-03T00:05:11.778+0000] {dag.py:3954} INFO - Setting next_dagrun for example_short_circuit_operator to 2025-10-02 00:00:00+00:00, run_after=2025-10-03 00:00:00+00:00
[2025-10-03T00:05:11.822+0000] {processor.py:183} INFO - Processing /home/airflow/.local/lib/python3.12/site-packages/airflow/example_dags/example_short_circuit_operator.py took 0.199 seconds
[2025-10-03T00:05:42.726+0000] {processor.py:161} INFO - Started process (PID=15005) to work on /home/airflow/.local/lib/python3.12/site-packages/airflow/example_dags/example_short_circuit_operator.py
[2025-10-03T00:05:42.729+0000] {processor.py:830} INFO - Processing file /home/airflow/.local/lib/python3.12/site-packages/airflow/example_dags/example_short_circuit_operator.py for tasks to queue
[2025-10-03T00:05:42.731+0000] {logging_mixin.py:188} INFO - [2025-10-03T00:05:42.730+0000] {dagbag.py:545} INFO - Filling up the DagBag from /home/airflow/.local/lib/python3.12/site-packages/airflow/example_dags/example_short_circuit_operator.py
[2025-10-03T00:05:42.749+0000] {processor.py:840} INFO - DAG(s) 'example_short_circuit_operator' retrieved from /home/airflow/.local/lib/python3.12/site-packages/airflow/example_dags/example_short_circuit_operator.py
[2025-10-03T00:05:42.802+0000] {logging_mixin.py:188} INFO - [2025-10-03T00:05:42.801+0000] {dag.py:3096} INFO - Sync 1 DAGs
[2025-10-03T00:05:42.849+0000] {logging_mixin.py:188} INFO - [2025-10-03T00:05:42.848+0000] {dag.py:3954} INFO - Setting next_dagrun for example_short_circuit_operator to 2025-10-02 00:00:00+00:00, run_after=2025-10-03 00:00:00+00:00
[2025-10-03T00:05:42.890+0000] {processor.py:183} INFO - Processing /home/airflow/.local/lib/python3.12/site-packages/airflow/example_dags/example_short_circuit_operator.py took 0.177 seconds
[2025-10-03T00:06:13.639+0000] {processor.py:161} INFO - Started process (PID=15058) to work on /home/airflow/.local/lib/python3.12/site-packages/airflow/example_dags/example_short_circuit_operator.py
[2025-10-03T00:06:13.651+0000] {processor.py:830} INFO - Processing file /home/airflow/.local/lib/python3.12/site-packages/airflow/example_dags/example_short_circuit_operator.py for tasks to queue
[2025-10-03T00:06:13.662+0000] {logging_mixin.py:188} INFO - [2025-10-03T00:06:13.660+0000] {dagbag.py:545} INFO - Filling up the DagBag from /home/airflow/.local/lib/python3.12/site-packages/airflow/example_dags/example_short_circuit_operator.py
[2025-10-03T00:06:13.768+0000] {processor.py:840} INFO - DAG(s) 'example_short_circuit_operator' retrieved from /home/airflow/.local/lib/python3.12/site-packages/airflow/example_dags/example_short_circuit_operator.py
[2025-10-03T00:06:14.004+0000] {logging_mixin.py:188} INFO - [2025-10-03T00:06:14.003+0000] {dag.py:3096} INFO - Sync 1 DAGs
[2025-10-03T00:06:14.183+0000] {logging_mixin.py:188} INFO - [2025-10-03T00:06:14.181+0000] {dag.py:3954} INFO - Setting next_dagrun for example_short_circuit_operator to 2025-10-02 00:00:00+00:00, run_after=2025-10-03 00:00:00+00:00
[2025-10-03T00:06:14.294+0000] {processor.py:183} INFO - Processing /home/airflow/.local/lib/python3.12/site-packages/airflow/example_dags/example_short_circuit_operator.py took 0.737 seconds
[2025-10-03T00:06:44.546+0000] {processor.py:161} INFO - Started process (PID=15111) to work on /home/airflow/.local/lib/python3.12/site-packages/airflow/example_dags/example_short_circuit_operator.py
[2025-10-03T00:06:44.553+0000] {processor.py:830} INFO - Processing file /home/airflow/.local/lib/python3.12/site-packages/airflow/example_dags/example_short_circuit_operator.py for tasks to queue
[2025-10-03T00:06:44.564+0000] {logging_mixin.py:188} INFO - [2025-10-03T00:06:44.558+0000] {dagbag.py:545} INFO - Filling up the DagBag from /home/airflow/.local/lib/python3.12/site-packages/airflow/example_dags/example_short_circuit_operator.py
[2025-10-03T00:06:44.672+0000] {processor.py:840} INFO - DAG(s) 'example_short_circuit_operator' retrieved from /home/airflow/.local/lib/python3.12/site-packages/airflow/example_dags/example_short_circuit_operator.py
[2025-10-03T00:06:44.801+0000] {logging_mixin.py:188} INFO - [2025-10-03T00:06:44.800+0000] {dag.py:3096} INFO - Sync 1 DAGs
[2025-10-03T00:06:44.943+0000] {logging_mixin.py:188} INFO - [2025-10-03T00:06:44.943+0000] {dag.py:3954} INFO - Setting next_dagrun for example_short_circuit_operator to 2025-10-02 00:00:00+00:00, run_after=2025-10-03 00:00:00+00:00
[2025-10-03T00:06:44.996+0000] {processor.py:183} INFO - Processing /home/airflow/.local/lib/python3.12/site-packages/airflow/example_dags/example_short_circuit_operator.py took 0.490 seconds
[2025-10-03T00:07:15.778+0000] {processor.py:161} INFO - Started process (PID=15164) to work on /home/airflow/.local/lib/python3.12/site-packages/airflow/example_dags/example_short_circuit_operator.py
[2025-10-03T00:07:15.781+0000] {processor.py:830} INFO - Processing file /home/airflow/.local/lib/python3.12/site-packages/airflow/example_dags/example_short_circuit_operator.py for tasks to queue
[2025-10-03T00:07:15.783+0000] {logging_mixin.py:188} INFO - [2025-10-03T00:07:15.782+0000] {dagbag.py:545} INFO - Filling up the DagBag from /home/airflow/.local/lib/python3.12/site-packages/airflow/example_dags/example_short_circuit_operator.py
[2025-10-03T00:07:15.806+0000] {processor.py:840} INFO - DAG(s) 'example_short_circuit_operator' retrieved from /home/airflow/.local/lib/python3.12/site-packages/airflow/example_dags/example_short_circuit_operator.py
[2025-10-03T00:07:15.863+0000] {logging_mixin.py:188} INFO - [2025-10-03T00:07:15.862+0000] {dag.py:3096} INFO - Sync 1 DAGs
[2025-10-03T00:07:15.916+0000] {logging_mixin.py:188} INFO - [2025-10-03T00:07:15.916+0000] {dag.py:3954} INFO - Setting next_dagrun for example_short_circuit_operator to 2025-10-02 00:00:00+00:00, run_after=2025-10-03 00:00:00+00:00
[2025-10-03T00:07:15.957+0000] {processor.py:183} INFO - Processing /home/airflow/.local/lib/python3.12/site-packages/airflow/example_dags/example_short_circuit_operator.py took 0.195 seconds
[2025-10-03T00:07:46.654+0000] {processor.py:161} INFO - Started process (PID=15215) to work on /home/airflow/.local/lib/python3.12/site-packages/airflow/example_dags/example_short_circuit_operator.py
[2025-10-03T00:07:46.658+0000] {processor.py:830} INFO - Processing file /home/airflow/.local/lib/python3.12/site-packages/airflow/example_dags/example_short_circuit_operator.py for tasks to queue
[2025-10-03T00:07:46.669+0000] {logging_mixin.py:188} INFO - [2025-10-03T00:07:46.666+0000] {dagbag.py:545} INFO - Filling up the DagBag from /home/airflow/.local/lib/python3.12/site-packages/airflow/example_dags/example_short_circuit_operator.py
[2025-10-03T00:07:46.694+0000] {processor.py:840} INFO - DAG(s) 'example_short_circuit_operator' retrieved from /home/airflow/.local/lib/python3.12/site-packages/airflow/example_dags/example_short_circuit_operator.py
[2025-10-03T00:07:46.752+0000] {logging_mixin.py:188} INFO - [2025-10-03T00:07:46.751+0000] {dag.py:3096} INFO - Sync 1 DAGs
[2025-10-03T00:07:46.801+0000] {logging_mixin.py:188} INFO - [2025-10-03T00:07:46.801+0000] {dag.py:3954} INFO - Setting next_dagrun for example_short_circuit_operator to 2025-10-02 00:00:00+00:00, run_after=2025-10-03 00:00:00+00:00
[2025-10-03T00:07:46.845+0000] {processor.py:183} INFO - Processing /home/airflow/.local/lib/python3.12/site-packages/airflow/example_dags/example_short_circuit_operator.py took 0.279 seconds
[2025-10-03T00:08:17.111+0000] {processor.py:161} INFO - Started process (PID=15268) to work on /home/airflow/.local/lib/python3.12/site-packages/airflow/example_dags/example_short_circuit_operator.py
[2025-10-03T00:08:17.114+0000] {processor.py:830} INFO - Processing file /home/airflow/.local/lib/python3.12/site-packages/airflow/example_dags/example_short_circuit_operator.py for tasks to queue
[2025-10-03T00:08:17.117+0000] {logging_mixin.py:188} INFO - [2025-10-03T00:08:17.116+0000] {dagbag.py:545} INFO - Filling up the DagBag from /home/airflow/.local/lib/python3.12/site-packages/airflow/example_dags/example_short_circuit_operator.py
[2025-10-03T00:08:17.136+0000] {processor.py:840} INFO - DAG(s) 'example_short_circuit_operator' retrieved from /home/airflow/.local/lib/python3.12/site-packages/airflow/example_dags/example_short_circuit_operator.py
[2025-10-03T00:08:17.191+0000] {logging_mixin.py:188} INFO - [2025-10-03T00:08:17.190+0000] {dag.py:3096} INFO - Sync 1 DAGs
[2025-10-03T00:08:17.242+0000] {logging_mixin.py:188} INFO - [2025-10-03T00:08:17.242+0000] {dag.py:3954} INFO - Setting next_dagrun for example_short_circuit_operator to 2025-10-02 00:00:00+00:00, run_after=2025-10-03 00:00:00+00:00
[2025-10-03T00:08:17.283+0000] {processor.py:183} INFO - Processing /home/airflow/.local/lib/python3.12/site-packages/airflow/example_dags/example_short_circuit_operator.py took 0.186 seconds
[2025-10-03T00:08:47.600+0000] {processor.py:161} INFO - Started process (PID=15321) to work on /home/airflow/.local/lib/python3.12/site-packages/airflow/example_dags/example_short_circuit_operator.py
[2025-10-03T00:08:47.605+0000] {processor.py:830} INFO - Processing file /home/airflow/.local/lib/python3.12/site-packages/airflow/example_dags/example_short_circuit_operator.py for tasks to queue
[2025-10-03T00:08:47.608+0000] {logging_mixin.py:188} INFO - [2025-10-03T00:08:47.607+0000] {dagbag.py:545} INFO - Filling up the DagBag from /home/airflow/.local/lib/python3.12/site-packages/airflow/example_dags/example_short_circuit_operator.py
[2025-10-03T00:08:47.648+0000] {processor.py:840} INFO - DAG(s) 'example_short_circuit_operator' retrieved from /home/airflow/.local/lib/python3.12/site-packages/airflow/example_dags/example_short_circuit_operator.py
[2025-10-03T00:08:47.709+0000] {logging_mixin.py:188} INFO - [2025-10-03T00:08:47.708+0000] {dag.py:3096} INFO - Sync 1 DAGs
[2025-10-03T00:08:47.757+0000] {logging_mixin.py:188} INFO - [2025-10-03T00:08:47.757+0000] {dag.py:3954} INFO - Setting next_dagrun for example_short_circuit_operator to 2025-10-02 00:00:00+00:00, run_after=2025-10-03 00:00:00+00:00
[2025-10-03T00:08:47.799+0000] {processor.py:183} INFO - Processing /home/airflow/.local/lib/python3.12/site-packages/airflow/example_dags/example_short_circuit_operator.py took 0.226 seconds
[2025-10-03T00:09:18.343+0000] {processor.py:161} INFO - Started process (PID=15374) to work on /home/airflow/.local/lib/python3.12/site-packages/airflow/example_dags/example_short_circuit_operator.py
[2025-10-03T00:09:18.345+0000] {processor.py:830} INFO - Processing file /home/airflow/.local/lib/python3.12/site-packages/airflow/example_dags/example_short_circuit_operator.py for tasks to queue
[2025-10-03T00:09:18.349+0000] {logging_mixin.py:188} INFO - [2025-10-03T00:09:18.348+0000] {dagbag.py:545} INFO - Filling up the DagBag from /home/airflow/.local/lib/python3.12/site-packages/airflow/example_dags/example_short_circuit_operator.py
[2025-10-03T00:09:18.370+0000] {processor.py:840} INFO - DAG(s) 'example_short_circuit_operator' retrieved from /home/airflow/.local/lib/python3.12/site-packages/airflow/example_dags/example_short_circuit_operator.py
[2025-10-03T00:09:18.430+0000] {logging_mixin.py:188} INFO - [2025-10-03T00:09:18.429+0000] {dag.py:3096} INFO - Sync 1 DAGs
[2025-10-03T00:09:18.482+0000] {logging_mixin.py:188} INFO - [2025-10-03T00:09:18.481+0000] {dag.py:3954} INFO - Setting next_dagrun for example_short_circuit_operator to 2025-10-02 00:00:00+00:00, run_after=2025-10-03 00:00:00+00:00
[2025-10-03T00:09:18.525+0000] {processor.py:183} INFO - Processing /home/airflow/.local/lib/python3.12/site-packages/airflow/example_dags/example_short_circuit_operator.py took 0.202 seconds
[2025-10-03T00:09:49.044+0000] {processor.py:161} INFO - Started process (PID=15427) to work on /home/airflow/.local/lib/python3.12/site-packages/airflow/example_dags/example_short_circuit_operator.py
[2025-10-03T00:09:49.046+0000] {processor.py:830} INFO - Processing file /home/airflow/.local/lib/python3.12/site-packages/airflow/example_dags/example_short_circuit_operator.py for tasks to queue
[2025-10-03T00:09:49.049+0000] {logging_mixin.py:188} INFO - [2025-10-03T00:09:49.048+0000] {dagbag.py:545} INFO - Filling up the DagBag from /home/airflow/.local/lib/python3.12/site-packages/airflow/example_dags/example_short_circuit_operator.py
[2025-10-03T00:09:49.067+0000] {processor.py:840} INFO - DAG(s) 'example_short_circuit_operator' retrieved from /home/airflow/.local/lib/python3.12/site-packages/airflow/example_dags/example_short_circuit_operator.py
[2025-10-03T00:09:49.119+0000] {logging_mixin.py:188} INFO - [2025-10-03T00:09:49.119+0000] {dag.py:3096} INFO - Sync 1 DAGs
[2025-10-03T00:09:49.167+0000] {logging_mixin.py:188} INFO - [2025-10-03T00:09:49.166+0000] {dag.py:3954} INFO - Setting next_dagrun for example_short_circuit_operator to 2025-10-02 00:00:00+00:00, run_after=2025-10-03 00:00:00+00:00
[2025-10-03T00:09:49.206+0000] {processor.py:183} INFO - Processing /home/airflow/.local/lib/python3.12/site-packages/airflow/example_dags/example_short_circuit_operator.py took 0.177 seconds
[2025-10-03T00:10:19.309+0000] {processor.py:161} INFO - Started process (PID=15480) to work on /home/airflow/.local/lib/python3.12/site-packages/airflow/example_dags/example_short_circuit_operator.py
[2025-10-03T00:10:19.312+0000] {processor.py:830} INFO - Processing file /home/airflow/.local/lib/python3.12/site-packages/airflow/example_dags/example_short_circuit_operator.py for tasks to queue
[2025-10-03T00:10:19.315+0000] {logging_mixin.py:188} INFO - [2025-10-03T00:10:19.314+0000] {dagbag.py:545} INFO - Filling up the DagBag from /home/airflow/.local/lib/python3.12/site-packages/airflow/example_dags/example_short_circuit_operator.py
[2025-10-03T00:10:19.335+0000] {processor.py:840} INFO - DAG(s) 'example_short_circuit_operator' retrieved from /home/airflow/.local/lib/python3.12/site-packages/airflow/example_dags/example_short_circuit_operator.py
[2025-10-03T00:10:19.394+0000] {logging_mixin.py:188} INFO - [2025-10-03T00:10:19.394+0000] {dag.py:3096} INFO - Sync 1 DAGs
[2025-10-03T00:10:19.447+0000] {logging_mixin.py:188} INFO - [2025-10-03T00:10:19.447+0000] {dag.py:3954} INFO - Setting next_dagrun for example_short_circuit_operator to 2025-10-02 00:00:00+00:00, run_after=2025-10-03 00:00:00+00:00
[2025-10-03T00:10:19.497+0000] {processor.py:183} INFO - Processing /home/airflow/.local/lib/python3.12/site-packages/airflow/example_dags/example_short_circuit_operator.py took 0.204 seconds
[2025-10-03T00:10:49.852+0000] {processor.py:161} INFO - Started process (PID=15533) to work on /home/airflow/.local/lib/python3.12/site-packages/airflow/example_dags/example_short_circuit_operator.py
[2025-10-03T00:10:49.854+0000] {processor.py:830} INFO - Processing file /home/airflow/.local/lib/python3.12/site-packages/airflow/example_dags/example_short_circuit_operator.py for tasks to queue
[2025-10-03T00:10:49.856+0000] {logging_mixin.py:188} INFO - [2025-10-03T00:10:49.855+0000] {dagbag.py:545} INFO - Filling up the DagBag from /home/airflow/.local/lib/python3.12/site-packages/airflow/example_dags/example_short_circuit_operator.py
[2025-10-03T00:10:49.877+0000] {processor.py:840} INFO - DAG(s) 'example_short_circuit_operator' retrieved from /home/airflow/.local/lib/python3.12/site-packages/airflow/example_dags/example_short_circuit_operator.py
[2025-10-03T00:10:49.931+0000] {logging_mixin.py:188} INFO - [2025-10-03T00:10:49.930+0000] {dag.py:3096} INFO - Sync 1 DAGs
[2025-10-03T00:10:49.987+0000] {logging_mixin.py:188} INFO - [2025-10-03T00:10:49.987+0000] {dag.py:3954} INFO - Setting next_dagrun for example_short_circuit_operator to 2025-10-02 00:00:00+00:00, run_after=2025-10-03 00:00:00+00:00
[2025-10-03T00:10:50.045+0000] {processor.py:183} INFO - Processing /home/airflow/.local/lib/python3.12/site-packages/airflow/example_dags/example_short_circuit_operator.py took 0.207 seconds
[2025-10-03T00:11:20.983+0000] {processor.py:161} INFO - Started process (PID=15586) to work on /home/airflow/.local/lib/python3.12/site-packages/airflow/example_dags/example_short_circuit_operator.py
[2025-10-03T00:11:20.986+0000] {processor.py:830} INFO - Processing file /home/airflow/.local/lib/python3.12/site-packages/airflow/example_dags/example_short_circuit_operator.py for tasks to queue
[2025-10-03T00:11:20.989+0000] {logging_mixin.py:188} INFO - [2025-10-03T00:11:20.988+0000] {dagbag.py:545} INFO - Filling up the DagBag from /home/airflow/.local/lib/python3.12/site-packages/airflow/example_dags/example_short_circuit_operator.py
[2025-10-03T00:11:21.020+0000] {processor.py:840} INFO - DAG(s) 'example_short_circuit_operator' retrieved from /home/airflow/.local/lib/python3.12/site-packages/airflow/example_dags/example_short_circuit_operator.py
[2025-10-03T00:11:21.082+0000] {logging_mixin.py:188} INFO - [2025-10-03T00:11:21.082+0000] {dag.py:3096} INFO - Sync 1 DAGs
[2025-10-03T00:11:21.151+0000] {logging_mixin.py:188} INFO - [2025-10-03T00:11:21.151+0000] {dag.py:3954} INFO - Setting next_dagrun for example_short_circuit_operator to 2025-10-02 00:00:00+00:00, run_after=2025-10-03 00:00:00+00:00
[2025-10-03T00:11:21.208+0000] {processor.py:183} INFO - Processing /home/airflow/.local/lib/python3.12/site-packages/airflow/example_dags/example_short_circuit_operator.py took 0.242 seconds
[2025-10-03T00:11:51.660+0000] {processor.py:161} INFO - Started process (PID=15639) to work on /home/airflow/.local/lib/python3.12/site-packages/airflow/example_dags/example_short_circuit_operator.py
[2025-10-03T00:11:51.664+0000] {processor.py:830} INFO - Processing file /home/airflow/.local/lib/python3.12/site-packages/airflow/example_dags/example_short_circuit_operator.py for tasks to queue
[2025-10-03T00:11:51.667+0000] {logging_mixin.py:188} INFO - [2025-10-03T00:11:51.666+0000] {dagbag.py:545} INFO - Filling up the DagBag from /home/airflow/.local/lib/python3.12/site-packages/airflow/example_dags/example_short_circuit_operator.py
[2025-10-03T00:11:51.695+0000] {processor.py:840} INFO - DAG(s) 'example_short_circuit_operator' retrieved from /home/airflow/.local/lib/python3.12/site-packages/airflow/example_dags/example_short_circuit_operator.py
[2025-10-03T00:11:51.786+0000] {logging_mixin.py:188} INFO - [2025-10-03T00:11:51.785+0000] {dag.py:3096} INFO - Sync 1 DAGs
[2025-10-03T00:11:51.887+0000] {logging_mixin.py:188} INFO - [2025-10-03T00:11:51.886+0000] {dag.py:3954} INFO - Setting next_dagrun for example_short_circuit_operator to 2025-10-02 00:00:00+00:00, run_after=2025-10-03 00:00:00+00:00
[2025-10-03T00:11:51.977+0000] {processor.py:183} INFO - Processing /home/airflow/.local/lib/python3.12/site-packages/airflow/example_dags/example_short_circuit_operator.py took 0.338 seconds
[2025-10-03T00:12:22.509+0000] {processor.py:161} INFO - Started process (PID=15692) to work on /home/airflow/.local/lib/python3.12/site-packages/airflow/example_dags/example_short_circuit_operator.py
[2025-10-03T00:12:22.513+0000] {processor.py:830} INFO - Processing file /home/airflow/.local/lib/python3.12/site-packages/airflow/example_dags/example_short_circuit_operator.py for tasks to queue
[2025-10-03T00:12:22.517+0000] {logging_mixin.py:188} INFO - [2025-10-03T00:12:22.516+0000] {dagbag.py:545} INFO - Filling up the DagBag from /home/airflow/.local/lib/python3.12/site-packages/airflow/example_dags/example_short_circuit_operator.py
[2025-10-03T00:12:22.538+0000] {processor.py:840} INFO - DAG(s) 'example_short_circuit_operator' retrieved from /home/airflow/.local/lib/python3.12/site-packages/airflow/example_dags/example_short_circuit_operator.py
[2025-10-03T00:12:22.635+0000] {logging_mixin.py:188} INFO - [2025-10-03T00:12:22.633+0000] {dag.py:3096} INFO - Sync 1 DAGs
[2025-10-03T00:12:22.727+0000] {logging_mixin.py:188} INFO - [2025-10-03T00:12:22.726+0000] {dag.py:3954} INFO - Setting next_dagrun for example_short_circuit_operator to 2025-10-02 00:00:00+00:00, run_after=2025-10-03 00:00:00+00:00
[2025-10-03T00:12:22.793+0000] {processor.py:183} INFO - Processing /home/airflow/.local/lib/python3.12/site-packages/airflow/example_dags/example_short_circuit_operator.py took 0.299 seconds
[2025-10-03T00:12:53.479+0000] {processor.py:161} INFO - Started process (PID=15745) to work on /home/airflow/.local/lib/python3.12/site-packages/airflow/example_dags/example_short_circuit_operator.py
[2025-10-03T00:12:53.482+0000] {processor.py:830} INFO - Processing file /home/airflow/.local/lib/python3.12/site-packages/airflow/example_dags/example_short_circuit_operator.py for tasks to queue
[2025-10-03T00:12:53.485+0000] {logging_mixin.py:188} INFO - [2025-10-03T00:12:53.484+0000] {dagbag.py:545} INFO - Filling up the DagBag from /home/airflow/.local/lib/python3.12/site-packages/airflow/example_dags/example_short_circuit_operator.py
[2025-10-03T00:12:53.515+0000] {processor.py:840} INFO - DAG(s) 'example_short_circuit_operator' retrieved from /home/airflow/.local/lib/python3.12/site-packages/airflow/example_dags/example_short_circuit_operator.py
[2025-10-03T00:12:53.591+0000] {logging_mixin.py:188} INFO - [2025-10-03T00:12:53.590+0000] {dag.py:3096} INFO - Sync 1 DAGs
[2025-10-03T00:12:53.643+0000] {logging_mixin.py:188} INFO - [2025-10-03T00:12:53.642+0000] {dag.py:3954} INFO - Setting next_dagrun for example_short_circuit_operator to 2025-10-02 00:00:00+00:00, run_after=2025-10-03 00:00:00+00:00
[2025-10-03T00:12:53.689+0000] {processor.py:183} INFO - Processing /home/airflow/.local/lib/python3.12/site-packages/airflow/example_dags/example_short_circuit_operator.py took 0.225 seconds
[2025-10-03T00:13:24.040+0000] {processor.py:161} INFO - Started process (PID=15798) to work on /home/airflow/.local/lib/python3.12/site-packages/airflow/example_dags/example_short_circuit_operator.py
[2025-10-03T00:13:24.043+0000] {processor.py:830} INFO - Processing file /home/airflow/.local/lib/python3.12/site-packages/airflow/example_dags/example_short_circuit_operator.py for tasks to queue
[2025-10-03T00:13:24.045+0000] {logging_mixin.py:188} INFO - [2025-10-03T00:13:24.044+0000] {dagbag.py:545} INFO - Filling up the DagBag from /home/airflow/.local/lib/python3.12/site-packages/airflow/example_dags/example_short_circuit_operator.py
[2025-10-03T00:13:24.064+0000] {processor.py:840} INFO - DAG(s) 'example_short_circuit_operator' retrieved from /home/airflow/.local/lib/python3.12/site-packages/airflow/example_dags/example_short_circuit_operator.py
[2025-10-03T00:13:24.117+0000] {logging_mixin.py:188} INFO - [2025-10-03T00:13:24.115+0000] {dag.py:3096} INFO - Sync 1 DAGs
[2025-10-03T00:13:24.177+0000] {logging_mixin.py:188} INFO - [2025-10-03T00:13:24.177+0000] {dag.py:3954} INFO - Setting next_dagrun for example_short_circuit_operator to 2025-10-02 00:00:00+00:00, run_after=2025-10-03 00:00:00+00:00
[2025-10-03T00:13:24.231+0000] {processor.py:183} INFO - Processing /home/airflow/.local/lib/python3.12/site-packages/airflow/example_dags/example_short_circuit_operator.py took 0.205 seconds
[2025-10-03T00:13:54.587+0000] {processor.py:161} INFO - Started process (PID=15851) to work on /home/airflow/.local/lib/python3.12/site-packages/airflow/example_dags/example_short_circuit_operator.py
[2025-10-03T00:13:54.589+0000] {processor.py:830} INFO - Processing file /home/airflow/.local/lib/python3.12/site-packages/airflow/example_dags/example_short_circuit_operator.py for tasks to queue
[2025-10-03T00:13:54.591+0000] {logging_mixin.py:188} INFO - [2025-10-03T00:13:54.591+0000] {dagbag.py:545} INFO - Filling up the DagBag from /home/airflow/.local/lib/python3.12/site-packages/airflow/example_dags/example_short_circuit_operator.py
[2025-10-03T00:13:54.612+0000] {processor.py:840} INFO - DAG(s) 'example_short_circuit_operator' retrieved from /home/airflow/.local/lib/python3.12/site-packages/airflow/example_dags/example_short_circuit_operator.py
[2025-10-03T00:13:54.673+0000] {logging_mixin.py:188} INFO - [2025-10-03T00:13:54.670+0000] {dag.py:3096} INFO - Sync 1 DAGs
[2025-10-03T00:13:54.730+0000] {logging_mixin.py:188} INFO - [2025-10-03T00:13:54.730+0000] {dag.py:3954} INFO - Setting next_dagrun for example_short_circuit_operator to 2025-10-02 00:00:00+00:00, run_after=2025-10-03 00:00:00+00:00
[2025-10-03T00:13:54.781+0000] {processor.py:183} INFO - Processing /home/airflow/.local/lib/python3.12/site-packages/airflow/example_dags/example_short_circuit_operator.py took 0.209 seconds
[2025-10-03T00:14:25.719+0000] {processor.py:161} INFO - Started process (PID=15904) to work on /home/airflow/.local/lib/python3.12/site-packages/airflow/example_dags/example_short_circuit_operator.py
[2025-10-03T00:14:25.721+0000] {processor.py:830} INFO - Processing file /home/airflow/.local/lib/python3.12/site-packages/airflow/example_dags/example_short_circuit_operator.py for tasks to queue
[2025-10-03T00:14:25.724+0000] {logging_mixin.py:188} INFO - [2025-10-03T00:14:25.723+0000] {dagbag.py:545} INFO - Filling up the DagBag from /home/airflow/.local/lib/python3.12/site-packages/airflow/example_dags/example_short_circuit_operator.py
[2025-10-03T00:14:25.743+0000] {processor.py:840} INFO - DAG(s) 'example_short_circuit_operator' retrieved from /home/airflow/.local/lib/python3.12/site-packages/airflow/example_dags/example_short_circuit_operator.py
[2025-10-03T00:14:25.811+0000] {logging_mixin.py:188} INFO - [2025-10-03T00:14:25.810+0000] {dag.py:3096} INFO - Sync 1 DAGs
[2025-10-03T00:14:25.880+0000] {logging_mixin.py:188} INFO - [2025-10-03T00:14:25.879+0000] {dag.py:3954} INFO - Setting next_dagrun for example_short_circuit_operator to 2025-10-02 00:00:00+00:00, run_after=2025-10-03 00:00:00+00:00
[2025-10-03T00:14:25.974+0000] {processor.py:183} INFO - Processing /home/airflow/.local/lib/python3.12/site-packages/airflow/example_dags/example_short_circuit_operator.py took 0.274 seconds
[2025-10-03T00:14:56.375+0000] {processor.py:161} INFO - Started process (PID=15957) to work on /home/airflow/.local/lib/python3.12/site-packages/airflow/example_dags/example_short_circuit_operator.py
[2025-10-03T00:14:56.377+0000] {processor.py:830} INFO - Processing file /home/airflow/.local/lib/python3.12/site-packages/airflow/example_dags/example_short_circuit_operator.py for tasks to queue
[2025-10-03T00:14:56.380+0000] {logging_mixin.py:188} INFO - [2025-10-03T00:14:56.379+0000] {dagbag.py:545} INFO - Filling up the DagBag from /home/airflow/.local/lib/python3.12/site-packages/airflow/example_dags/example_short_circuit_operator.py
[2025-10-03T00:14:56.401+0000] {processor.py:840} INFO - DAG(s) 'example_short_circuit_operator' retrieved from /home/airflow/.local/lib/python3.12/site-packages/airflow/example_dags/example_short_circuit_operator.py
[2025-10-03T00:14:56.490+0000] {logging_mixin.py:188} INFO - [2025-10-03T00:14:56.488+0000] {dag.py:3096} INFO - Sync 1 DAGs
[2025-10-03T00:14:56.582+0000] {logging_mixin.py:188} INFO - [2025-10-03T00:14:56.581+0000] {dag.py:3954} INFO - Setting next_dagrun for example_short_circuit_operator to 2025-10-02 00:00:00+00:00, run_after=2025-10-03 00:00:00+00:00
[2025-10-03T00:14:56.664+0000] {processor.py:183} INFO - Processing /home/airflow/.local/lib/python3.12/site-packages/airflow/example_dags/example_short_circuit_operator.py took 0.308 seconds
[2025-10-03T00:15:26.954+0000] {processor.py:161} INFO - Started process (PID=16010) to work on /home/airflow/.local/lib/python3.12/site-packages/airflow/example_dags/example_short_circuit_operator.py
[2025-10-03T00:15:26.956+0000] {processor.py:830} INFO - Processing file /home/airflow/.local/lib/python3.12/site-packages/airflow/example_dags/example_short_circuit_operator.py for tasks to queue
[2025-10-03T00:15:26.959+0000] {logging_mixin.py:188} INFO - [2025-10-03T00:15:26.958+0000] {dagbag.py:545} INFO - Filling up the DagBag from /home/airflow/.local/lib/python3.12/site-packages/airflow/example_dags/example_short_circuit_operator.py
[2025-10-03T00:15:26.978+0000] {processor.py:840} INFO - DAG(s) 'example_short_circuit_operator' retrieved from /home/airflow/.local/lib/python3.12/site-packages/airflow/example_dags/example_short_circuit_operator.py
[2025-10-03T00:15:27.031+0000] {logging_mixin.py:188} INFO - [2025-10-03T00:15:27.031+0000] {dag.py:3096} INFO - Sync 1 DAGs
[2025-10-03T00:15:27.077+0000] {logging_mixin.py:188} INFO - [2025-10-03T00:15:27.076+0000] {dag.py:3954} INFO - Setting next_dagrun for example_short_circuit_operator to 2025-10-02 00:00:00+00:00, run_after=2025-10-03 00:00:00+00:00
[2025-10-03T00:15:27.115+0000] {processor.py:183} INFO - Processing /home/airflow/.local/lib/python3.12/site-packages/airflow/example_dags/example_short_circuit_operator.py took 0.175 seconds
[2025-10-03T00:15:57.647+0000] {processor.py:161} INFO - Started process (PID=16063) to work on /home/airflow/.local/lib/python3.12/site-packages/airflow/example_dags/example_short_circuit_operator.py
[2025-10-03T00:15:57.650+0000] {processor.py:830} INFO - Processing file /home/airflow/.local/lib/python3.12/site-packages/airflow/example_dags/example_short_circuit_operator.py for tasks to queue
[2025-10-03T00:15:57.654+0000] {logging_mixin.py:188} INFO - [2025-10-03T00:15:57.653+0000] {dagbag.py:545} INFO - Filling up the DagBag from /home/airflow/.local/lib/python3.12/site-packages/airflow/example_dags/example_short_circuit_operator.py
[2025-10-03T00:15:57.696+0000] {processor.py:840} INFO - DAG(s) 'example_short_circuit_operator' retrieved from /home/airflow/.local/lib/python3.12/site-packages/airflow/example_dags/example_short_circuit_operator.py
[2025-10-03T00:15:57.755+0000] {logging_mixin.py:188} INFO - [2025-10-03T00:15:57.755+0000] {dag.py:3096} INFO - Sync 1 DAGs
[2025-10-03T00:15:57.806+0000] {logging_mixin.py:188} INFO - [2025-10-03T00:15:57.806+0000] {dag.py:3954} INFO - Setting next_dagrun for example_short_circuit_operator to 2025-10-02 00:00:00+00:00, run_after=2025-10-03 00:00:00+00:00
[2025-10-03T00:15:57.846+0000] {processor.py:183} INFO - Processing /home/airflow/.local/lib/python3.12/site-packages/airflow/example_dags/example_short_circuit_operator.py took 0.219 seconds
[2025-10-03T00:16:28.465+0000] {processor.py:161} INFO - Started process (PID=16116) to work on /home/airflow/.local/lib/python3.12/site-packages/airflow/example_dags/example_short_circuit_operator.py
[2025-10-03T00:16:28.468+0000] {processor.py:830} INFO - Processing file /home/airflow/.local/lib/python3.12/site-packages/airflow/example_dags/example_short_circuit_operator.py for tasks to queue
[2025-10-03T00:16:28.470+0000] {logging_mixin.py:188} INFO - [2025-10-03T00:16:28.469+0000] {dagbag.py:545} INFO - Filling up the DagBag from /home/airflow/.local/lib/python3.12/site-packages/airflow/example_dags/example_short_circuit_operator.py
[2025-10-03T00:16:28.491+0000] {processor.py:840} INFO - DAG(s) 'example_short_circuit_operator' retrieved from /home/airflow/.local/lib/python3.12/site-packages/airflow/example_dags/example_short_circuit_operator.py
[2025-10-03T00:16:28.546+0000] {logging_mixin.py:188} INFO - [2025-10-03T00:16:28.545+0000] {dag.py:3096} INFO - Sync 1 DAGs
[2025-10-03T00:16:28.601+0000] {logging_mixin.py:188} INFO - [2025-10-03T00:16:28.601+0000] {dag.py:3954} INFO - Setting next_dagrun for example_short_circuit_operator to 2025-10-02 00:00:00+00:00, run_after=2025-10-03 00:00:00+00:00
[2025-10-03T00:16:28.659+0000] {processor.py:183} INFO - Processing /home/airflow/.local/lib/python3.12/site-packages/airflow/example_dags/example_short_circuit_operator.py took 0.211 seconds
[2025-10-03T00:16:59.038+0000] {processor.py:161} INFO - Started process (PID=16169) to work on /home/airflow/.local/lib/python3.12/site-packages/airflow/example_dags/example_short_circuit_operator.py
[2025-10-03T00:16:59.041+0000] {processor.py:830} INFO - Processing file /home/airflow/.local/lib/python3.12/site-packages/airflow/example_dags/example_short_circuit_operator.py for tasks to queue
[2025-10-03T00:16:59.044+0000] {logging_mixin.py:188} INFO - [2025-10-03T00:16:59.043+0000] {dagbag.py:545} INFO - Filling up the DagBag from /home/airflow/.local/lib/python3.12/site-packages/airflow/example_dags/example_short_circuit_operator.py
[2025-10-03T00:16:59.064+0000] {processor.py:840} INFO - DAG(s) 'example_short_circuit_operator' retrieved from /home/airflow/.local/lib/python3.12/site-packages/airflow/example_dags/example_short_circuit_operator.py
[2025-10-03T00:16:59.121+0000] {logging_mixin.py:188} INFO - [2025-10-03T00:16:59.121+0000] {dag.py:3096} INFO - Sync 1 DAGs
[2025-10-03T00:16:59.171+0000] {logging_mixin.py:188} INFO - [2025-10-03T00:16:59.171+0000] {dag.py:3954} INFO - Setting next_dagrun for example_short_circuit_operator to 2025-10-02 00:00:00+00:00, run_after=2025-10-03 00:00:00+00:00
[2025-10-03T00:16:59.213+0000] {processor.py:183} INFO - Processing /home/airflow/.local/lib/python3.12/site-packages/airflow/example_dags/example_short_circuit_operator.py took 0.190 seconds
[2025-10-03T00:17:29.452+0000] {processor.py:161} INFO - Started process (PID=16222) to work on /home/airflow/.local/lib/python3.12/site-packages/airflow/example_dags/example_short_circuit_operator.py
[2025-10-03T00:17:29.454+0000] {processor.py:830} INFO - Processing file /home/airflow/.local/lib/python3.12/site-packages/airflow/example_dags/example_short_circuit_operator.py for tasks to queue
[2025-10-03T00:17:29.457+0000] {logging_mixin.py:188} INFO - [2025-10-03T00:17:29.456+0000] {dagbag.py:545} INFO - Filling up the DagBag from /home/airflow/.local/lib/python3.12/site-packages/airflow/example_dags/example_short_circuit_operator.py
[2025-10-03T00:17:29.477+0000] {processor.py:840} INFO - DAG(s) 'example_short_circuit_operator' retrieved from /home/airflow/.local/lib/python3.12/site-packages/airflow/example_dags/example_short_circuit_operator.py
[2025-10-03T00:17:29.527+0000] {logging_mixin.py:188} INFO - [2025-10-03T00:17:29.527+0000] {dag.py:3096} INFO - Sync 1 DAGs
[2025-10-03T00:17:29.574+0000] {logging_mixin.py:188} INFO - [2025-10-03T00:17:29.574+0000] {dag.py:3954} INFO - Setting next_dagrun for example_short_circuit_operator to 2025-10-02 00:00:00+00:00, run_after=2025-10-03 00:00:00+00:00
[2025-10-03T00:17:29.613+0000] {processor.py:183} INFO - Processing /home/airflow/.local/lib/python3.12/site-packages/airflow/example_dags/example_short_circuit_operator.py took 0.176 seconds
[2025-10-03T00:17:59.866+0000] {processor.py:161} INFO - Started process (PID=16275) to work on /home/airflow/.local/lib/python3.12/site-packages/airflow/example_dags/example_short_circuit_operator.py
[2025-10-03T00:17:59.869+0000] {processor.py:830} INFO - Processing file /home/airflow/.local/lib/python3.12/site-packages/airflow/example_dags/example_short_circuit_operator.py for tasks to queue
[2025-10-03T00:17:59.871+0000] {logging_mixin.py:188} INFO - [2025-10-03T00:17:59.871+0000] {dagbag.py:545} INFO - Filling up the DagBag from /home/airflow/.local/lib/python3.12/site-packages/airflow/example_dags/example_short_circuit_operator.py
[2025-10-03T00:17:59.890+0000] {processor.py:840} INFO - DAG(s) 'example_short_circuit_operator' retrieved from /home/airflow/.local/lib/python3.12/site-packages/airflow/example_dags/example_short_circuit_operator.py
[2025-10-03T00:17:59.941+0000] {logging_mixin.py:188} INFO - [2025-10-03T00:17:59.941+0000] {dag.py:3096} INFO - Sync 1 DAGs
[2025-10-03T00:17:59.993+0000] {logging_mixin.py:188} INFO - [2025-10-03T00:17:59.993+0000] {dag.py:3954} INFO - Setting next_dagrun for example_short_circuit_operator to 2025-10-02 00:00:00+00:00, run_after=2025-10-03 00:00:00+00:00
[2025-10-03T00:18:00.036+0000] {processor.py:183} INFO - Processing /home/airflow/.local/lib/python3.12/site-packages/airflow/example_dags/example_short_circuit_operator.py took 0.183 seconds
