[2025-10-03T00:00:27.240+0000] {processor.py:161} INFO - Started process (PID=14465) to work on /home/airflow/.local/lib/python3.12/site-packages/airflow/example_dags/example_params_ui_tutorial.py
[2025-10-03T00:00:27.243+0000] {processor.py:830} INFO - Processing file /home/airflow/.local/lib/python3.12/site-packages/airflow/example_dags/example_params_ui_tutorial.py for tasks to queue
[2025-10-03T00:00:27.245+0000] {logging_mixin.py:188} INFO - [2025-10-03T00:00:27.244+0000] {dagbag.py:545} INFO - Filling up the DagBag from /home/airflow/.local/lib/python3.12/site-packages/airflow/example_dags/example_params_ui_tutorial.py
[2025-10-03T00:00:27.274+0000] {processor.py:840} INFO - DAG(s) 'example_params_ui_tutorial' retrieved from /home/airflow/.local/lib/python3.12/site-packages/airflow/example_dags/example_params_ui_tutorial.py
[2025-10-03T00:00:27.643+0000] {logging_mixin.py:188} INFO - [2025-10-03T00:00:27.642+0000] {dag.py:3096} INFO - Sync 1 DAGs
[2025-10-03T00:00:27.672+0000] {logging_mixin.py:188} INFO - [2025-10-03T00:00:27.671+0000] {dag.py:3954} INFO - Setting next_dagrun for example_params_ui_tutorial to None, run_after=None
[2025-10-03T00:00:27.731+0000] {processor.py:183} INFO - Processing /home/airflow/.local/lib/python3.12/site-packages/airflow/example_dags/example_params_ui_tutorial.py took 0.506 seconds
[2025-10-03T00:00:58.102+0000] {processor.py:161} INFO - Started process (PID=14518) to work on /home/airflow/.local/lib/python3.12/site-packages/airflow/example_dags/example_params_ui_tutorial.py
[2025-10-03T00:00:58.113+0000] {processor.py:830} INFO - Processing file /home/airflow/.local/lib/python3.12/site-packages/airflow/example_dags/example_params_ui_tutorial.py for tasks to queue
[2025-10-03T00:00:58.136+0000] {logging_mixin.py:188} INFO - [2025-10-03T00:00:58.134+0000] {dagbag.py:545} INFO - Filling up the DagBag from /home/airflow/.local/lib/python3.12/site-packages/airflow/example_dags/example_params_ui_tutorial.py
[2025-10-03T00:00:58.175+0000] {processor.py:840} INFO - DAG(s) 'example_params_ui_tutorial' retrieved from /home/airflow/.local/lib/python3.12/site-packages/airflow/example_dags/example_params_ui_tutorial.py
[2025-10-03T00:00:58.322+0000] {logging_mixin.py:188} INFO - [2025-10-03T00:00:58.322+0000] {dag.py:3096} INFO - Sync 1 DAGs
[2025-10-03T00:00:58.363+0000] {logging_mixin.py:188} INFO - [2025-10-03T00:00:58.362+0000] {dag.py:3954} INFO - Setting next_dagrun for example_params_ui_tutorial to None, run_after=None
[2025-10-03T00:00:58.406+0000] {processor.py:183} INFO - Processing /home/airflow/.local/lib/python3.12/site-packages/airflow/example_dags/example_params_ui_tutorial.py took 0.329 seconds
[2025-10-03T00:01:28.558+0000] {processor.py:161} INFO - Started process (PID=14569) to work on /home/airflow/.local/lib/python3.12/site-packages/airflow/example_dags/example_params_ui_tutorial.py
[2025-10-03T00:01:28.561+0000] {processor.py:830} INFO - Processing file /home/airflow/.local/lib/python3.12/site-packages/airflow/example_dags/example_params_ui_tutorial.py for tasks to queue
[2025-10-03T00:01:28.563+0000] {logging_mixin.py:188} INFO - [2025-10-03T00:01:28.563+0000] {dagbag.py:545} INFO - Filling up the DagBag from /home/airflow/.local/lib/python3.12/site-packages/airflow/example_dags/example_params_ui_tutorial.py
[2025-10-03T00:01:28.594+0000] {processor.py:840} INFO - DAG(s) 'example_params_ui_tutorial' retrieved from /home/airflow/.local/lib/python3.12/site-packages/airflow/example_dags/example_params_ui_tutorial.py
[2025-10-03T00:01:28.715+0000] {logging_mixin.py:188} INFO - [2025-10-03T00:01:28.714+0000] {dag.py:3096} INFO - Sync 1 DAGs
[2025-10-03T00:01:28.746+0000] {logging_mixin.py:188} INFO - [2025-10-03T00:01:28.746+0000] {dag.py:3954} INFO - Setting next_dagrun for example_params_ui_tutorial to None, run_after=None
[2025-10-03T00:01:28.807+0000] {processor.py:183} INFO - Processing /home/airflow/.local/lib/python3.12/site-packages/airflow/example_dags/example_params_ui_tutorial.py took 0.267 seconds
[2025-10-03T00:01:59.077+0000] {processor.py:161} INFO - Started process (PID=14622) to work on /home/airflow/.local/lib/python3.12/site-packages/airflow/example_dags/example_params_ui_tutorial.py
[2025-10-03T00:01:59.080+0000] {processor.py:830} INFO - Processing file /home/airflow/.local/lib/python3.12/site-packages/airflow/example_dags/example_params_ui_tutorial.py for tasks to queue
[2025-10-03T00:01:59.083+0000] {logging_mixin.py:188} INFO - [2025-10-03T00:01:59.082+0000] {dagbag.py:545} INFO - Filling up the DagBag from /home/airflow/.local/lib/python3.12/site-packages/airflow/example_dags/example_params_ui_tutorial.py
[2025-10-03T00:01:59.120+0000] {processor.py:840} INFO - DAG(s) 'example_params_ui_tutorial' retrieved from /home/airflow/.local/lib/python3.12/site-packages/airflow/example_dags/example_params_ui_tutorial.py
[2025-10-03T00:01:59.273+0000] {logging_mixin.py:188} INFO - [2025-10-03T00:01:59.273+0000] {dag.py:3096} INFO - Sync 1 DAGs
[2025-10-03T00:01:59.310+0000] {logging_mixin.py:188} INFO - [2025-10-03T00:01:59.309+0000] {dag.py:3954} INFO - Setting next_dagrun for example_params_ui_tutorial to None, run_after=None
[2025-10-03T00:01:59.380+0000] {processor.py:183} INFO - Processing /home/airflow/.local/lib/python3.12/site-packages/airflow/example_dags/example_params_ui_tutorial.py took 0.320 seconds
[2025-10-03T00:02:29.696+0000] {processor.py:161} INFO - Started process (PID=14675) to work on /home/airflow/.local/lib/python3.12/site-packages/airflow/example_dags/example_params_ui_tutorial.py
[2025-10-03T00:02:29.699+0000] {processor.py:830} INFO - Processing file /home/airflow/.local/lib/python3.12/site-packages/airflow/example_dags/example_params_ui_tutorial.py for tasks to queue
[2025-10-03T00:02:29.701+0000] {logging_mixin.py:188} INFO - [2025-10-03T00:02:29.701+0000] {dagbag.py:545} INFO - Filling up the DagBag from /home/airflow/.local/lib/python3.12/site-packages/airflow/example_dags/example_params_ui_tutorial.py
[2025-10-03T00:02:29.726+0000] {processor.py:840} INFO - DAG(s) 'example_params_ui_tutorial' retrieved from /home/airflow/.local/lib/python3.12/site-packages/airflow/example_dags/example_params_ui_tutorial.py
[2025-10-03T00:02:29.847+0000] {logging_mixin.py:188} INFO - [2025-10-03T00:02:29.846+0000] {dag.py:3096} INFO - Sync 1 DAGs
[2025-10-03T00:02:29.874+0000] {logging_mixin.py:188} INFO - [2025-10-03T00:02:29.874+0000] {dag.py:3954} INFO - Setting next_dagrun for example_params_ui_tutorial to None, run_after=None
[2025-10-03T00:02:29.915+0000] {processor.py:183} INFO - Processing /home/airflow/.local/lib/python3.12/site-packages/airflow/example_dags/example_params_ui_tutorial.py took 0.234 seconds
[2025-10-03T00:03:00.306+0000] {processor.py:161} INFO - Started process (PID=14728) to work on /home/airflow/.local/lib/python3.12/site-packages/airflow/example_dags/example_params_ui_tutorial.py
[2025-10-03T00:03:00.309+0000] {processor.py:830} INFO - Processing file /home/airflow/.local/lib/python3.12/site-packages/airflow/example_dags/example_params_ui_tutorial.py for tasks to queue
[2025-10-03T00:03:00.313+0000] {logging_mixin.py:188} INFO - [2025-10-03T00:03:00.311+0000] {dagbag.py:545} INFO - Filling up the DagBag from /home/airflow/.local/lib/python3.12/site-packages/airflow/example_dags/example_params_ui_tutorial.py
[2025-10-03T00:03:00.350+0000] {processor.py:840} INFO - DAG(s) 'example_params_ui_tutorial' retrieved from /home/airflow/.local/lib/python3.12/site-packages/airflow/example_dags/example_params_ui_tutorial.py
[2025-10-03T00:03:00.598+0000] {logging_mixin.py:188} INFO - [2025-10-03T00:03:00.598+0000] {dag.py:3096} INFO - Sync 1 DAGs
[2025-10-03T00:03:00.639+0000] {logging_mixin.py:188} INFO - [2025-10-03T00:03:00.639+0000] {dag.py:3954} INFO - Setting next_dagrun for example_params_ui_tutorial to None, run_after=None
[2025-10-03T00:03:00.701+0000] {processor.py:183} INFO - Processing /home/airflow/.local/lib/python3.12/site-packages/airflow/example_dags/example_params_ui_tutorial.py took 0.429 seconds
[2025-10-03T00:03:31.030+0000] {processor.py:161} INFO - Started process (PID=14781) to work on /home/airflow/.local/lib/python3.12/site-packages/airflow/example_dags/example_params_ui_tutorial.py
[2025-10-03T00:03:31.032+0000] {processor.py:830} INFO - Processing file /home/airflow/.local/lib/python3.12/site-packages/airflow/example_dags/example_params_ui_tutorial.py for tasks to queue
[2025-10-03T00:03:31.035+0000] {logging_mixin.py:188} INFO - [2025-10-03T00:03:31.034+0000] {dagbag.py:545} INFO - Filling up the DagBag from /home/airflow/.local/lib/python3.12/site-packages/airflow/example_dags/example_params_ui_tutorial.py
[2025-10-03T00:03:31.067+0000] {processor.py:840} INFO - DAG(s) 'example_params_ui_tutorial' retrieved from /home/airflow/.local/lib/python3.12/site-packages/airflow/example_dags/example_params_ui_tutorial.py
[2025-10-03T00:03:31.196+0000] {logging_mixin.py:188} INFO - [2025-10-03T00:03:31.195+0000] {dag.py:3096} INFO - Sync 1 DAGs
[2025-10-03T00:03:31.229+0000] {logging_mixin.py:188} INFO - [2025-10-03T00:03:31.229+0000] {dag.py:3954} INFO - Setting next_dagrun for example_params_ui_tutorial to None, run_after=None
[2025-10-03T00:03:31.273+0000] {processor.py:183} INFO - Processing /home/airflow/.local/lib/python3.12/site-packages/airflow/example_dags/example_params_ui_tutorial.py took 0.259 seconds
[2025-10-03T00:04:01.665+0000] {processor.py:161} INFO - Started process (PID=14834) to work on /home/airflow/.local/lib/python3.12/site-packages/airflow/example_dags/example_params_ui_tutorial.py
[2025-10-03T00:04:01.669+0000] {processor.py:830} INFO - Processing file /home/airflow/.local/lib/python3.12/site-packages/airflow/example_dags/example_params_ui_tutorial.py for tasks to queue
[2025-10-03T00:04:01.672+0000] {logging_mixin.py:188} INFO - [2025-10-03T00:04:01.671+0000] {dagbag.py:545} INFO - Filling up the DagBag from /home/airflow/.local/lib/python3.12/site-packages/airflow/example_dags/example_params_ui_tutorial.py
[2025-10-03T00:04:01.705+0000] {processor.py:840} INFO - DAG(s) 'example_params_ui_tutorial' retrieved from /home/airflow/.local/lib/python3.12/site-packages/airflow/example_dags/example_params_ui_tutorial.py
[2025-10-03T00:04:01.923+0000] {logging_mixin.py:188} INFO - [2025-10-03T00:04:01.923+0000] {dag.py:3096} INFO - Sync 1 DAGs
[2025-10-03T00:04:01.978+0000] {logging_mixin.py:188} INFO - [2025-10-03T00:04:01.978+0000] {dag.py:3954} INFO - Setting next_dagrun for example_params_ui_tutorial to None, run_after=None
[2025-10-03T00:04:02.061+0000] {processor.py:183} INFO - Processing /home/airflow/.local/lib/python3.12/site-packages/airflow/example_dags/example_params_ui_tutorial.py took 0.427 seconds
[2025-10-03T00:04:32.704+0000] {processor.py:161} INFO - Started process (PID=14887) to work on /home/airflow/.local/lib/python3.12/site-packages/airflow/example_dags/example_params_ui_tutorial.py
[2025-10-03T00:04:32.738+0000] {processor.py:830} INFO - Processing file /home/airflow/.local/lib/python3.12/site-packages/airflow/example_dags/example_params_ui_tutorial.py for tasks to queue
[2025-10-03T00:04:32.790+0000] {logging_mixin.py:188} INFO - [2025-10-03T00:04:32.789+0000] {dagbag.py:545} INFO - Filling up the DagBag from /home/airflow/.local/lib/python3.12/site-packages/airflow/example_dags/example_params_ui_tutorial.py
[2025-10-03T00:04:32.921+0000] {processor.py:840} INFO - DAG(s) 'example_params_ui_tutorial' retrieved from /home/airflow/.local/lib/python3.12/site-packages/airflow/example_dags/example_params_ui_tutorial.py
[2025-10-03T00:04:33.540+0000] {logging_mixin.py:188} INFO - [2025-10-03T00:04:33.540+0000] {dag.py:3096} INFO - Sync 1 DAGs
[2025-10-03T00:04:33.702+0000] {logging_mixin.py:188} INFO - [2025-10-03T00:04:33.702+0000] {dag.py:3954} INFO - Setting next_dagrun for example_params_ui_tutorial to None, run_after=None
[2025-10-03T00:04:34.794+0000] {processor.py:183} INFO - Processing /home/airflow/.local/lib/python3.12/site-packages/airflow/example_dags/example_params_ui_tutorial.py took 2.132 seconds
[2025-10-03T00:05:05.035+0000] {processor.py:161} INFO - Started process (PID=14940) to work on /home/airflow/.local/lib/python3.12/site-packages/airflow/example_dags/example_params_ui_tutorial.py
[2025-10-03T00:05:05.038+0000] {processor.py:830} INFO - Processing file /home/airflow/.local/lib/python3.12/site-packages/airflow/example_dags/example_params_ui_tutorial.py for tasks to queue
[2025-10-03T00:05:05.040+0000] {logging_mixin.py:188} INFO - [2025-10-03T00:05:05.039+0000] {dagbag.py:545} INFO - Filling up the DagBag from /home/airflow/.local/lib/python3.12/site-packages/airflow/example_dags/example_params_ui_tutorial.py
[2025-10-03T00:05:05.066+0000] {processor.py:840} INFO - DAG(s) 'example_params_ui_tutorial' retrieved from /home/airflow/.local/lib/python3.12/site-packages/airflow/example_dags/example_params_ui_tutorial.py
[2025-10-03T00:05:05.237+0000] {logging_mixin.py:188} INFO - [2025-10-03T00:05:05.236+0000] {dag.py:3096} INFO - Sync 1 DAGs
[2025-10-03T00:05:05.266+0000] {logging_mixin.py:188} INFO - [2025-10-03T00:05:05.266+0000] {dag.py:3954} INFO - Setting next_dagrun for example_params_ui_tutorial to None, run_after=None
[2025-10-03T00:05:05.312+0000] {processor.py:183} INFO - Processing /home/airflow/.local/lib/python3.12/site-packages/airflow/example_dags/example_params_ui_tutorial.py took 0.290 seconds
[2025-10-03T00:05:35.819+0000] {processor.py:161} INFO - Started process (PID=14993) to work on /home/airflow/.local/lib/python3.12/site-packages/airflow/example_dags/example_params_ui_tutorial.py
[2025-10-03T00:05:35.821+0000] {processor.py:830} INFO - Processing file /home/airflow/.local/lib/python3.12/site-packages/airflow/example_dags/example_params_ui_tutorial.py for tasks to queue
[2025-10-03T00:05:35.823+0000] {logging_mixin.py:188} INFO - [2025-10-03T00:05:35.823+0000] {dagbag.py:545} INFO - Filling up the DagBag from /home/airflow/.local/lib/python3.12/site-packages/airflow/example_dags/example_params_ui_tutorial.py
[2025-10-03T00:05:35.851+0000] {processor.py:840} INFO - DAG(s) 'example_params_ui_tutorial' retrieved from /home/airflow/.local/lib/python3.12/site-packages/airflow/example_dags/example_params_ui_tutorial.py
[2025-10-03T00:05:35.978+0000] {logging_mixin.py:188} INFO - [2025-10-03T00:05:35.977+0000] {dag.py:3096} INFO - Sync 1 DAGs
[2025-10-03T00:05:36.010+0000] {logging_mixin.py:188} INFO - [2025-10-03T00:05:36.010+0000] {dag.py:3954} INFO - Setting next_dagrun for example_params_ui_tutorial to None, run_after=None
[2025-10-03T00:05:36.077+0000] {processor.py:183} INFO - Processing /home/airflow/.local/lib/python3.12/site-packages/airflow/example_dags/example_params_ui_tutorial.py took 0.295 seconds
[2025-10-03T00:06:06.259+0000] {processor.py:161} INFO - Started process (PID=15046) to work on /home/airflow/.local/lib/python3.12/site-packages/airflow/example_dags/example_params_ui_tutorial.py
[2025-10-03T00:06:06.262+0000] {processor.py:830} INFO - Processing file /home/airflow/.local/lib/python3.12/site-packages/airflow/example_dags/example_params_ui_tutorial.py for tasks to queue
[2025-10-03T00:06:06.265+0000] {logging_mixin.py:188} INFO - [2025-10-03T00:06:06.264+0000] {dagbag.py:545} INFO - Filling up the DagBag from /home/airflow/.local/lib/python3.12/site-packages/airflow/example_dags/example_params_ui_tutorial.py
[2025-10-03T00:06:06.314+0000] {processor.py:840} INFO - DAG(s) 'example_params_ui_tutorial' retrieved from /home/airflow/.local/lib/python3.12/site-packages/airflow/example_dags/example_params_ui_tutorial.py
[2025-10-03T00:06:06.573+0000] {logging_mixin.py:188} INFO - [2025-10-03T00:06:06.573+0000] {dag.py:3096} INFO - Sync 1 DAGs
[2025-10-03T00:06:06.629+0000] {logging_mixin.py:188} INFO - [2025-10-03T00:06:06.628+0000] {dag.py:3954} INFO - Setting next_dagrun for example_params_ui_tutorial to None, run_after=None
[2025-10-03T00:06:06.707+0000] {processor.py:183} INFO - Processing /home/airflow/.local/lib/python3.12/site-packages/airflow/example_dags/example_params_ui_tutorial.py took 0.472 seconds
[2025-10-03T00:06:37.263+0000] {processor.py:161} INFO - Started process (PID=15099) to work on /home/airflow/.local/lib/python3.12/site-packages/airflow/example_dags/example_params_ui_tutorial.py
[2025-10-03T00:06:37.267+0000] {processor.py:830} INFO - Processing file /home/airflow/.local/lib/python3.12/site-packages/airflow/example_dags/example_params_ui_tutorial.py for tasks to queue
[2025-10-03T00:06:37.271+0000] {logging_mixin.py:188} INFO - [2025-10-03T00:06:37.270+0000] {dagbag.py:545} INFO - Filling up the DagBag from /home/airflow/.local/lib/python3.12/site-packages/airflow/example_dags/example_params_ui_tutorial.py
[2025-10-03T00:06:37.317+0000] {processor.py:840} INFO - DAG(s) 'example_params_ui_tutorial' retrieved from /home/airflow/.local/lib/python3.12/site-packages/airflow/example_dags/example_params_ui_tutorial.py
[2025-10-03T00:06:37.506+0000] {logging_mixin.py:188} INFO - [2025-10-03T00:06:37.505+0000] {dag.py:3096} INFO - Sync 1 DAGs
[2025-10-03T00:06:37.555+0000] {logging_mixin.py:188} INFO - [2025-10-03T00:06:37.555+0000] {dag.py:3954} INFO - Setting next_dagrun for example_params_ui_tutorial to None, run_after=None
[2025-10-03T00:06:37.645+0000] {processor.py:183} INFO - Processing /home/airflow/.local/lib/python3.12/site-packages/airflow/example_dags/example_params_ui_tutorial.py took 0.404 seconds
[2025-10-03T00:07:08.196+0000] {processor.py:161} INFO - Started process (PID=15152) to work on /home/airflow/.local/lib/python3.12/site-packages/airflow/example_dags/example_params_ui_tutorial.py
[2025-10-03T00:07:08.199+0000] {processor.py:830} INFO - Processing file /home/airflow/.local/lib/python3.12/site-packages/airflow/example_dags/example_params_ui_tutorial.py for tasks to queue
[2025-10-03T00:07:08.202+0000] {logging_mixin.py:188} INFO - [2025-10-03T00:07:08.201+0000] {dagbag.py:545} INFO - Filling up the DagBag from /home/airflow/.local/lib/python3.12/site-packages/airflow/example_dags/example_params_ui_tutorial.py
[2025-10-03T00:07:08.232+0000] {processor.py:840} INFO - DAG(s) 'example_params_ui_tutorial' retrieved from /home/airflow/.local/lib/python3.12/site-packages/airflow/example_dags/example_params_ui_tutorial.py
[2025-10-03T00:07:08.375+0000] {logging_mixin.py:188} INFO - [2025-10-03T00:07:08.374+0000] {dag.py:3096} INFO - Sync 1 DAGs
[2025-10-03T00:07:08.410+0000] {logging_mixin.py:188} INFO - [2025-10-03T00:07:08.410+0000] {dag.py:3954} INFO - Setting next_dagrun for example_params_ui_tutorial to None, run_after=None
[2025-10-03T00:07:08.453+0000] {processor.py:183} INFO - Processing /home/airflow/.local/lib/python3.12/site-packages/airflow/example_dags/example_params_ui_tutorial.py took 0.271 seconds
[2025-10-03T00:07:38.813+0000] {processor.py:161} INFO - Started process (PID=15205) to work on /home/airflow/.local/lib/python3.12/site-packages/airflow/example_dags/example_params_ui_tutorial.py
[2025-10-03T00:07:38.816+0000] {processor.py:830} INFO - Processing file /home/airflow/.local/lib/python3.12/site-packages/airflow/example_dags/example_params_ui_tutorial.py for tasks to queue
[2025-10-03T00:07:38.818+0000] {logging_mixin.py:188} INFO - [2025-10-03T00:07:38.817+0000] {dagbag.py:545} INFO - Filling up the DagBag from /home/airflow/.local/lib/python3.12/site-packages/airflow/example_dags/example_params_ui_tutorial.py
[2025-10-03T00:07:38.844+0000] {processor.py:840} INFO - DAG(s) 'example_params_ui_tutorial' retrieved from /home/airflow/.local/lib/python3.12/site-packages/airflow/example_dags/example_params_ui_tutorial.py
[2025-10-03T00:07:38.966+0000] {logging_mixin.py:188} INFO - [2025-10-03T00:07:38.965+0000] {dag.py:3096} INFO - Sync 1 DAGs
[2025-10-03T00:07:38.997+0000] {logging_mixin.py:188} INFO - [2025-10-03T00:07:38.997+0000] {dag.py:3954} INFO - Setting next_dagrun for example_params_ui_tutorial to None, run_after=None
[2025-10-03T00:07:39.042+0000] {processor.py:183} INFO - Processing /home/airflow/.local/lib/python3.12/site-packages/airflow/example_dags/example_params_ui_tutorial.py took 0.243 seconds
[2025-10-03T00:08:09.210+0000] {processor.py:161} INFO - Started process (PID=15258) to work on /home/airflow/.local/lib/python3.12/site-packages/airflow/example_dags/example_params_ui_tutorial.py
[2025-10-03T00:08:09.213+0000] {processor.py:830} INFO - Processing file /home/airflow/.local/lib/python3.12/site-packages/airflow/example_dags/example_params_ui_tutorial.py for tasks to queue
[2025-10-03T00:08:09.217+0000] {logging_mixin.py:188} INFO - [2025-10-03T00:08:09.215+0000] {dagbag.py:545} INFO - Filling up the DagBag from /home/airflow/.local/lib/python3.12/site-packages/airflow/example_dags/example_params_ui_tutorial.py
[2025-10-03T00:08:09.260+0000] {processor.py:840} INFO - DAG(s) 'example_params_ui_tutorial' retrieved from /home/airflow/.local/lib/python3.12/site-packages/airflow/example_dags/example_params_ui_tutorial.py
[2025-10-03T00:08:09.434+0000] {logging_mixin.py:188} INFO - [2025-10-03T00:08:09.433+0000] {dag.py:3096} INFO - Sync 1 DAGs
[2025-10-03T00:08:09.464+0000] {logging_mixin.py:188} INFO - [2025-10-03T00:08:09.464+0000] {dag.py:3954} INFO - Setting next_dagrun for example_params_ui_tutorial to None, run_after=None
[2025-10-03T00:08:09.516+0000] {processor.py:183} INFO - Processing /home/airflow/.local/lib/python3.12/site-packages/airflow/example_dags/example_params_ui_tutorial.py took 0.329 seconds
[2025-10-03T00:08:39.904+0000] {processor.py:161} INFO - Started process (PID=15311) to work on /home/airflow/.local/lib/python3.12/site-packages/airflow/example_dags/example_params_ui_tutorial.py
[2025-10-03T00:08:39.906+0000] {processor.py:830} INFO - Processing file /home/airflow/.local/lib/python3.12/site-packages/airflow/example_dags/example_params_ui_tutorial.py for tasks to queue
[2025-10-03T00:08:39.909+0000] {logging_mixin.py:188} INFO - [2025-10-03T00:08:39.908+0000] {dagbag.py:545} INFO - Filling up the DagBag from /home/airflow/.local/lib/python3.12/site-packages/airflow/example_dags/example_params_ui_tutorial.py
[2025-10-03T00:08:39.936+0000] {processor.py:840} INFO - DAG(s) 'example_params_ui_tutorial' retrieved from /home/airflow/.local/lib/python3.12/site-packages/airflow/example_dags/example_params_ui_tutorial.py
[2025-10-03T00:08:40.061+0000] {logging_mixin.py:188} INFO - [2025-10-03T00:08:40.060+0000] {dag.py:3096} INFO - Sync 1 DAGs
[2025-10-03T00:08:40.093+0000] {logging_mixin.py:188} INFO - [2025-10-03T00:08:40.092+0000] {dag.py:3954} INFO - Setting next_dagrun for example_params_ui_tutorial to None, run_after=None
[2025-10-03T00:08:40.134+0000] {processor.py:183} INFO - Processing /home/airflow/.local/lib/python3.12/site-packages/airflow/example_dags/example_params_ui_tutorial.py took 0.247 seconds
[2025-10-03T00:09:10.678+0000] {processor.py:161} INFO - Started process (PID=15364) to work on /home/airflow/.local/lib/python3.12/site-packages/airflow/example_dags/example_params_ui_tutorial.py
[2025-10-03T00:09:10.680+0000] {processor.py:830} INFO - Processing file /home/airflow/.local/lib/python3.12/site-packages/airflow/example_dags/example_params_ui_tutorial.py for tasks to queue
[2025-10-03T00:09:10.683+0000] {logging_mixin.py:188} INFO - [2025-10-03T00:09:10.682+0000] {dagbag.py:545} INFO - Filling up the DagBag from /home/airflow/.local/lib/python3.12/site-packages/airflow/example_dags/example_params_ui_tutorial.py
[2025-10-03T00:09:10.709+0000] {processor.py:840} INFO - DAG(s) 'example_params_ui_tutorial' retrieved from /home/airflow/.local/lib/python3.12/site-packages/airflow/example_dags/example_params_ui_tutorial.py
[2025-10-03T00:09:10.854+0000] {logging_mixin.py:188} INFO - [2025-10-03T00:09:10.854+0000] {dag.py:3096} INFO - Sync 1 DAGs
[2025-10-03T00:09:10.889+0000] {logging_mixin.py:188} INFO - [2025-10-03T00:09:10.889+0000] {dag.py:3954} INFO - Setting next_dagrun for example_params_ui_tutorial to None, run_after=None
[2025-10-03T00:09:10.928+0000] {processor.py:183} INFO - Processing /home/airflow/.local/lib/python3.12/site-packages/airflow/example_dags/example_params_ui_tutorial.py took 0.265 seconds
[2025-10-03T00:09:41.225+0000] {processor.py:161} INFO - Started process (PID=15417) to work on /home/airflow/.local/lib/python3.12/site-packages/airflow/example_dags/example_params_ui_tutorial.py
[2025-10-03T00:09:41.228+0000] {processor.py:830} INFO - Processing file /home/airflow/.local/lib/python3.12/site-packages/airflow/example_dags/example_params_ui_tutorial.py for tasks to queue
[2025-10-03T00:09:41.230+0000] {logging_mixin.py:188} INFO - [2025-10-03T00:09:41.229+0000] {dagbag.py:545} INFO - Filling up the DagBag from /home/airflow/.local/lib/python3.12/site-packages/airflow/example_dags/example_params_ui_tutorial.py
[2025-10-03T00:09:41.258+0000] {processor.py:840} INFO - DAG(s) 'example_params_ui_tutorial' retrieved from /home/airflow/.local/lib/python3.12/site-packages/airflow/example_dags/example_params_ui_tutorial.py
[2025-10-03T00:09:41.378+0000] {logging_mixin.py:188} INFO - [2025-10-03T00:09:41.378+0000] {dag.py:3096} INFO - Sync 1 DAGs
[2025-10-03T00:09:41.406+0000] {logging_mixin.py:188} INFO - [2025-10-03T00:09:41.406+0000] {dag.py:3954} INFO - Setting next_dagrun for example_params_ui_tutorial to None, run_after=None
[2025-10-03T00:09:41.448+0000] {processor.py:183} INFO - Processing /home/airflow/.local/lib/python3.12/site-packages/airflow/example_dags/example_params_ui_tutorial.py took 0.237 seconds
[2025-10-03T00:10:11.775+0000] {processor.py:161} INFO - Started process (PID=15470) to work on /home/airflow/.local/lib/python3.12/site-packages/airflow/example_dags/example_params_ui_tutorial.py
[2025-10-03T00:10:11.777+0000] {processor.py:830} INFO - Processing file /home/airflow/.local/lib/python3.12/site-packages/airflow/example_dags/example_params_ui_tutorial.py for tasks to queue
[2025-10-03T00:10:11.781+0000] {logging_mixin.py:188} INFO - [2025-10-03T00:10:11.780+0000] {dagbag.py:545} INFO - Filling up the DagBag from /home/airflow/.local/lib/python3.12/site-packages/airflow/example_dags/example_params_ui_tutorial.py
[2025-10-03T00:10:11.805+0000] {processor.py:840} INFO - DAG(s) 'example_params_ui_tutorial' retrieved from /home/airflow/.local/lib/python3.12/site-packages/airflow/example_dags/example_params_ui_tutorial.py
[2025-10-03T00:10:11.918+0000] {logging_mixin.py:188} INFO - [2025-10-03T00:10:11.918+0000] {dag.py:3096} INFO - Sync 1 DAGs
[2025-10-03T00:10:11.946+0000] {logging_mixin.py:188} INFO - [2025-10-03T00:10:11.945+0000] {dag.py:3954} INFO - Setting next_dagrun for example_params_ui_tutorial to None, run_after=None
[2025-10-03T00:10:11.985+0000] {processor.py:183} INFO - Processing /home/airflow/.local/lib/python3.12/site-packages/airflow/example_dags/example_params_ui_tutorial.py took 0.227 seconds
[2025-10-03T00:10:42.227+0000] {processor.py:161} INFO - Started process (PID=15523) to work on /home/airflow/.local/lib/python3.12/site-packages/airflow/example_dags/example_params_ui_tutorial.py
[2025-10-03T00:10:42.229+0000] {processor.py:830} INFO - Processing file /home/airflow/.local/lib/python3.12/site-packages/airflow/example_dags/example_params_ui_tutorial.py for tasks to queue
[2025-10-03T00:10:42.232+0000] {logging_mixin.py:188} INFO - [2025-10-03T00:10:42.231+0000] {dagbag.py:545} INFO - Filling up the DagBag from /home/airflow/.local/lib/python3.12/site-packages/airflow/example_dags/example_params_ui_tutorial.py
[2025-10-03T00:10:42.261+0000] {processor.py:840} INFO - DAG(s) 'example_params_ui_tutorial' retrieved from /home/airflow/.local/lib/python3.12/site-packages/airflow/example_dags/example_params_ui_tutorial.py
[2025-10-03T00:10:42.404+0000] {logging_mixin.py:188} INFO - [2025-10-03T00:10:42.403+0000] {dag.py:3096} INFO - Sync 1 DAGs
[2025-10-03T00:10:42.435+0000] {logging_mixin.py:188} INFO - [2025-10-03T00:10:42.435+0000] {dag.py:3954} INFO - Setting next_dagrun for example_params_ui_tutorial to None, run_after=None
[2025-10-03T00:10:42.485+0000] {processor.py:183} INFO - Processing /home/airflow/.local/lib/python3.12/site-packages/airflow/example_dags/example_params_ui_tutorial.py took 0.277 seconds
[2025-10-03T00:11:12.755+0000] {processor.py:161} INFO - Started process (PID=15576) to work on /home/airflow/.local/lib/python3.12/site-packages/airflow/example_dags/example_params_ui_tutorial.py
[2025-10-03T00:11:12.760+0000] {processor.py:830} INFO - Processing file /home/airflow/.local/lib/python3.12/site-packages/airflow/example_dags/example_params_ui_tutorial.py for tasks to queue
[2025-10-03T00:11:12.763+0000] {logging_mixin.py:188} INFO - [2025-10-03T00:11:12.762+0000] {dagbag.py:545} INFO - Filling up the DagBag from /home/airflow/.local/lib/python3.12/site-packages/airflow/example_dags/example_params_ui_tutorial.py
[2025-10-03T00:11:12.803+0000] {processor.py:840} INFO - DAG(s) 'example_params_ui_tutorial' retrieved from /home/airflow/.local/lib/python3.12/site-packages/airflow/example_dags/example_params_ui_tutorial.py
[2025-10-03T00:11:13.032+0000] {logging_mixin.py:188} INFO - [2025-10-03T00:11:13.032+0000] {dag.py:3096} INFO - Sync 1 DAGs
[2025-10-03T00:11:13.094+0000] {logging_mixin.py:188} INFO - [2025-10-03T00:11:13.093+0000] {dag.py:3954} INFO - Setting next_dagrun for example_params_ui_tutorial to None, run_after=None
[2025-10-03T00:11:13.170+0000] {processor.py:183} INFO - Processing /home/airflow/.local/lib/python3.12/site-packages/airflow/example_dags/example_params_ui_tutorial.py took 0.433 seconds
[2025-10-03T00:11:43.361+0000] {processor.py:161} INFO - Started process (PID=15629) to work on /home/airflow/.local/lib/python3.12/site-packages/airflow/example_dags/example_params_ui_tutorial.py
[2025-10-03T00:11:43.364+0000] {processor.py:830} INFO - Processing file /home/airflow/.local/lib/python3.12/site-packages/airflow/example_dags/example_params_ui_tutorial.py for tasks to queue
[2025-10-03T00:11:43.367+0000] {logging_mixin.py:188} INFO - [2025-10-03T00:11:43.365+0000] {dagbag.py:545} INFO - Filling up the DagBag from /home/airflow/.local/lib/python3.12/site-packages/airflow/example_dags/example_params_ui_tutorial.py
[2025-10-03T00:11:43.394+0000] {processor.py:840} INFO - DAG(s) 'example_params_ui_tutorial' retrieved from /home/airflow/.local/lib/python3.12/site-packages/airflow/example_dags/example_params_ui_tutorial.py
[2025-10-03T00:11:43.530+0000] {logging_mixin.py:188} INFO - [2025-10-03T00:11:43.529+0000] {dag.py:3096} INFO - Sync 1 DAGs
[2025-10-03T00:11:43.564+0000] {logging_mixin.py:188} INFO - [2025-10-03T00:11:43.563+0000] {dag.py:3954} INFO - Setting next_dagrun for example_params_ui_tutorial to None, run_after=None
[2025-10-03T00:11:43.610+0000] {processor.py:183} INFO - Processing /home/airflow/.local/lib/python3.12/site-packages/airflow/example_dags/example_params_ui_tutorial.py took 0.263 seconds
[2025-10-03T00:12:13.736+0000] {processor.py:161} INFO - Started process (PID=15683) to work on /home/airflow/.local/lib/python3.12/site-packages/airflow/example_dags/example_params_ui_tutorial.py
[2025-10-03T00:12:13.738+0000] {processor.py:830} INFO - Processing file /home/airflow/.local/lib/python3.12/site-packages/airflow/example_dags/example_params_ui_tutorial.py for tasks to queue
[2025-10-03T00:12:13.740+0000] {logging_mixin.py:188} INFO - [2025-10-03T00:12:13.739+0000] {dagbag.py:545} INFO - Filling up the DagBag from /home/airflow/.local/lib/python3.12/site-packages/airflow/example_dags/example_params_ui_tutorial.py
[2025-10-03T00:12:13.776+0000] {processor.py:840} INFO - DAG(s) 'example_params_ui_tutorial' retrieved from /home/airflow/.local/lib/python3.12/site-packages/airflow/example_dags/example_params_ui_tutorial.py
[2025-10-03T00:12:14.071+0000] {logging_mixin.py:188} INFO - [2025-10-03T00:12:14.070+0000] {dag.py:3096} INFO - Sync 1 DAGs
[2025-10-03T00:12:14.145+0000] {logging_mixin.py:188} INFO - [2025-10-03T00:12:14.144+0000] {dag.py:3954} INFO - Setting next_dagrun for example_params_ui_tutorial to None, run_after=None
[2025-10-03T00:12:14.264+0000] {processor.py:183} INFO - Processing /home/airflow/.local/lib/python3.12/site-packages/airflow/example_dags/example_params_ui_tutorial.py took 0.543 seconds
[2025-10-03T00:12:44.825+0000] {processor.py:161} INFO - Started process (PID=15736) to work on /home/airflow/.local/lib/python3.12/site-packages/airflow/example_dags/example_params_ui_tutorial.py
[2025-10-03T00:12:44.829+0000] {processor.py:830} INFO - Processing file /home/airflow/.local/lib/python3.12/site-packages/airflow/example_dags/example_params_ui_tutorial.py for tasks to queue
[2025-10-03T00:12:44.832+0000] {logging_mixin.py:188} INFO - [2025-10-03T00:12:44.831+0000] {dagbag.py:545} INFO - Filling up the DagBag from /home/airflow/.local/lib/python3.12/site-packages/airflow/example_dags/example_params_ui_tutorial.py
[2025-10-03T00:12:44.892+0000] {processor.py:840} INFO - DAG(s) 'example_params_ui_tutorial' retrieved from /home/airflow/.local/lib/python3.12/site-packages/airflow/example_dags/example_params_ui_tutorial.py
[2025-10-03T00:12:45.144+0000] {logging_mixin.py:188} INFO - [2025-10-03T00:12:45.144+0000] {dag.py:3096} INFO - Sync 1 DAGs
[2025-10-03T00:12:45.211+0000] {logging_mixin.py:188} INFO - [2025-10-03T00:12:45.210+0000] {dag.py:3954} INFO - Setting next_dagrun for example_params_ui_tutorial to None, run_after=None
[2025-10-03T00:12:45.313+0000] {processor.py:183} INFO - Processing /home/airflow/.local/lib/python3.12/site-packages/airflow/example_dags/example_params_ui_tutorial.py took 0.531 seconds
[2025-10-03T00:13:15.585+0000] {processor.py:161} INFO - Started process (PID=15789) to work on /home/airflow/.local/lib/python3.12/site-packages/airflow/example_dags/example_params_ui_tutorial.py
[2025-10-03T00:13:15.588+0000] {processor.py:830} INFO - Processing file /home/airflow/.local/lib/python3.12/site-packages/airflow/example_dags/example_params_ui_tutorial.py for tasks to queue
[2025-10-03T00:13:15.591+0000] {logging_mixin.py:188} INFO - [2025-10-03T00:13:15.590+0000] {dagbag.py:545} INFO - Filling up the DagBag from /home/airflow/.local/lib/python3.12/site-packages/airflow/example_dags/example_params_ui_tutorial.py
[2025-10-03T00:13:15.634+0000] {processor.py:840} INFO - DAG(s) 'example_params_ui_tutorial' retrieved from /home/airflow/.local/lib/python3.12/site-packages/airflow/example_dags/example_params_ui_tutorial.py
[2025-10-03T00:13:15.789+0000] {logging_mixin.py:188} INFO - [2025-10-03T00:13:15.789+0000] {dag.py:3096} INFO - Sync 1 DAGs
[2025-10-03T00:13:15.828+0000] {logging_mixin.py:188} INFO - [2025-10-03T00:13:15.827+0000] {dag.py:3954} INFO - Setting next_dagrun for example_params_ui_tutorial to None, run_after=None
[2025-10-03T00:13:15.876+0000] {processor.py:183} INFO - Processing /home/airflow/.local/lib/python3.12/site-packages/airflow/example_dags/example_params_ui_tutorial.py took 0.309 seconds
[2025-10-03T00:13:46.326+0000] {processor.py:161} INFO - Started process (PID=15841) to work on /home/airflow/.local/lib/python3.12/site-packages/airflow/example_dags/example_params_ui_tutorial.py
[2025-10-03T00:13:46.329+0000] {processor.py:830} INFO - Processing file /home/airflow/.local/lib/python3.12/site-packages/airflow/example_dags/example_params_ui_tutorial.py for tasks to queue
[2025-10-03T00:13:46.333+0000] {logging_mixin.py:188} INFO - [2025-10-03T00:13:46.332+0000] {dagbag.py:545} INFO - Filling up the DagBag from /home/airflow/.local/lib/python3.12/site-packages/airflow/example_dags/example_params_ui_tutorial.py
[2025-10-03T00:13:46.418+0000] {processor.py:840} INFO - DAG(s) 'example_params_ui_tutorial' retrieved from /home/airflow/.local/lib/python3.12/site-packages/airflow/example_dags/example_params_ui_tutorial.py
[2025-10-03T00:13:46.863+0000] {logging_mixin.py:188} INFO - [2025-10-03T00:13:46.860+0000] {dag.py:3096} INFO - Sync 1 DAGs
[2025-10-03T00:13:46.933+0000] {logging_mixin.py:188} INFO - [2025-10-03T00:13:46.932+0000] {dag.py:3954} INFO - Setting next_dagrun for example_params_ui_tutorial to None, run_after=None
[2025-10-03T00:13:47.031+0000] {processor.py:183} INFO - Processing /home/airflow/.local/lib/python3.12/site-packages/airflow/example_dags/example_params_ui_tutorial.py took 0.743 seconds
[2025-10-03T00:14:17.313+0000] {processor.py:161} INFO - Started process (PID=15894) to work on /home/airflow/.local/lib/python3.12/site-packages/airflow/example_dags/example_params_ui_tutorial.py
[2025-10-03T00:14:17.316+0000] {processor.py:830} INFO - Processing file /home/airflow/.local/lib/python3.12/site-packages/airflow/example_dags/example_params_ui_tutorial.py for tasks to queue
[2025-10-03T00:14:17.319+0000] {logging_mixin.py:188} INFO - [2025-10-03T00:14:17.318+0000] {dagbag.py:545} INFO - Filling up the DagBag from /home/airflow/.local/lib/python3.12/site-packages/airflow/example_dags/example_params_ui_tutorial.py
[2025-10-03T00:14:17.351+0000] {processor.py:840} INFO - DAG(s) 'example_params_ui_tutorial' retrieved from /home/airflow/.local/lib/python3.12/site-packages/airflow/example_dags/example_params_ui_tutorial.py
[2025-10-03T00:14:17.497+0000] {logging_mixin.py:188} INFO - [2025-10-03T00:14:17.497+0000] {dag.py:3096} INFO - Sync 1 DAGs
[2025-10-03T00:14:17.536+0000] {logging_mixin.py:188} INFO - [2025-10-03T00:14:17.535+0000] {dag.py:3954} INFO - Setting next_dagrun for example_params_ui_tutorial to None, run_after=None
[2025-10-03T00:14:17.599+0000] {processor.py:183} INFO - Processing /home/airflow/.local/lib/python3.12/site-packages/airflow/example_dags/example_params_ui_tutorial.py took 0.304 seconds
[2025-10-03T00:14:48.443+0000] {processor.py:161} INFO - Started process (PID=15947) to work on /home/airflow/.local/lib/python3.12/site-packages/airflow/example_dags/example_params_ui_tutorial.py
[2025-10-03T00:14:48.447+0000] {processor.py:830} INFO - Processing file /home/airflow/.local/lib/python3.12/site-packages/airflow/example_dags/example_params_ui_tutorial.py for tasks to queue
[2025-10-03T00:14:48.450+0000] {logging_mixin.py:188} INFO - [2025-10-03T00:14:48.449+0000] {dagbag.py:545} INFO - Filling up the DagBag from /home/airflow/.local/lib/python3.12/site-packages/airflow/example_dags/example_params_ui_tutorial.py
[2025-10-03T00:14:48.490+0000] {processor.py:840} INFO - DAG(s) 'example_params_ui_tutorial' retrieved from /home/airflow/.local/lib/python3.12/site-packages/airflow/example_dags/example_params_ui_tutorial.py
[2025-10-03T00:14:48.639+0000] {logging_mixin.py:188} INFO - [2025-10-03T00:14:48.639+0000] {dag.py:3096} INFO - Sync 1 DAGs
[2025-10-03T00:14:48.671+0000] {logging_mixin.py:188} INFO - [2025-10-03T00:14:48.670+0000] {dag.py:3954} INFO - Setting next_dagrun for example_params_ui_tutorial to None, run_after=None
[2025-10-03T00:14:48.750+0000] {processor.py:183} INFO - Processing /home/airflow/.local/lib/python3.12/site-packages/airflow/example_dags/example_params_ui_tutorial.py took 0.332 seconds
[2025-10-03T00:15:19.049+0000] {processor.py:161} INFO - Started process (PID=16000) to work on /home/airflow/.local/lib/python3.12/site-packages/airflow/example_dags/example_params_ui_tutorial.py
[2025-10-03T00:15:19.052+0000] {processor.py:830} INFO - Processing file /home/airflow/.local/lib/python3.12/site-packages/airflow/example_dags/example_params_ui_tutorial.py for tasks to queue
[2025-10-03T00:15:19.055+0000] {logging_mixin.py:188} INFO - [2025-10-03T00:15:19.054+0000] {dagbag.py:545} INFO - Filling up the DagBag from /home/airflow/.local/lib/python3.12/site-packages/airflow/example_dags/example_params_ui_tutorial.py
[2025-10-03T00:15:19.084+0000] {processor.py:840} INFO - DAG(s) 'example_params_ui_tutorial' retrieved from /home/airflow/.local/lib/python3.12/site-packages/airflow/example_dags/example_params_ui_tutorial.py
[2025-10-03T00:15:19.214+0000] {logging_mixin.py:188} INFO - [2025-10-03T00:15:19.213+0000] {dag.py:3096} INFO - Sync 1 DAGs
[2025-10-03T00:15:19.244+0000] {logging_mixin.py:188} INFO - [2025-10-03T00:15:19.244+0000] {dag.py:3954} INFO - Setting next_dagrun for example_params_ui_tutorial to None, run_after=None
[2025-10-03T00:15:19.313+0000] {processor.py:183} INFO - Processing /home/airflow/.local/lib/python3.12/site-packages/airflow/example_dags/example_params_ui_tutorial.py took 0.279 seconds
[2025-10-03T00:15:50.184+0000] {processor.py:161} INFO - Started process (PID=16053) to work on /home/airflow/.local/lib/python3.12/site-packages/airflow/example_dags/example_params_ui_tutorial.py
[2025-10-03T00:15:50.187+0000] {processor.py:830} INFO - Processing file /home/airflow/.local/lib/python3.12/site-packages/airflow/example_dags/example_params_ui_tutorial.py for tasks to queue
[2025-10-03T00:15:50.189+0000] {logging_mixin.py:188} INFO - [2025-10-03T00:15:50.188+0000] {dagbag.py:545} INFO - Filling up the DagBag from /home/airflow/.local/lib/python3.12/site-packages/airflow/example_dags/example_params_ui_tutorial.py
[2025-10-03T00:15:50.216+0000] {processor.py:840} INFO - DAG(s) 'example_params_ui_tutorial' retrieved from /home/airflow/.local/lib/python3.12/site-packages/airflow/example_dags/example_params_ui_tutorial.py
[2025-10-03T00:15:50.359+0000] {logging_mixin.py:188} INFO - [2025-10-03T00:15:50.358+0000] {dag.py:3096} INFO - Sync 1 DAGs
[2025-10-03T00:15:50.388+0000] {logging_mixin.py:188} INFO - [2025-10-03T00:15:50.387+0000] {dag.py:3954} INFO - Setting next_dagrun for example_params_ui_tutorial to None, run_after=None
[2025-10-03T00:15:50.429+0000] {processor.py:183} INFO - Processing /home/airflow/.local/lib/python3.12/site-packages/airflow/example_dags/example_params_ui_tutorial.py took 0.259 seconds
[2025-10-03T00:16:20.755+0000] {processor.py:161} INFO - Started process (PID=16106) to work on /home/airflow/.local/lib/python3.12/site-packages/airflow/example_dags/example_params_ui_tutorial.py
[2025-10-03T00:16:20.757+0000] {processor.py:830} INFO - Processing file /home/airflow/.local/lib/python3.12/site-packages/airflow/example_dags/example_params_ui_tutorial.py for tasks to queue
[2025-10-03T00:16:20.760+0000] {logging_mixin.py:188} INFO - [2025-10-03T00:16:20.759+0000] {dagbag.py:545} INFO - Filling up the DagBag from /home/airflow/.local/lib/python3.12/site-packages/airflow/example_dags/example_params_ui_tutorial.py
[2025-10-03T00:16:20.785+0000] {processor.py:840} INFO - DAG(s) 'example_params_ui_tutorial' retrieved from /home/airflow/.local/lib/python3.12/site-packages/airflow/example_dags/example_params_ui_tutorial.py
[2025-10-03T00:16:20.959+0000] {logging_mixin.py:188} INFO - [2025-10-03T00:16:20.958+0000] {dag.py:3096} INFO - Sync 1 DAGs
[2025-10-03T00:16:20.988+0000] {logging_mixin.py:188} INFO - [2025-10-03T00:16:20.988+0000] {dag.py:3954} INFO - Setting next_dagrun for example_params_ui_tutorial to None, run_after=None
[2025-10-03T00:16:21.035+0000] {processor.py:183} INFO - Processing /home/airflow/.local/lib/python3.12/site-packages/airflow/example_dags/example_params_ui_tutorial.py took 0.300 seconds
[2025-10-03T00:16:51.428+0000] {processor.py:161} INFO - Started process (PID=16159) to work on /home/airflow/.local/lib/python3.12/site-packages/airflow/example_dags/example_params_ui_tutorial.py
[2025-10-03T00:16:51.431+0000] {processor.py:830} INFO - Processing file /home/airflow/.local/lib/python3.12/site-packages/airflow/example_dags/example_params_ui_tutorial.py for tasks to queue
[2025-10-03T00:16:51.433+0000] {logging_mixin.py:188} INFO - [2025-10-03T00:16:51.432+0000] {dagbag.py:545} INFO - Filling up the DagBag from /home/airflow/.local/lib/python3.12/site-packages/airflow/example_dags/example_params_ui_tutorial.py
[2025-10-03T00:16:51.464+0000] {processor.py:840} INFO - DAG(s) 'example_params_ui_tutorial' retrieved from /home/airflow/.local/lib/python3.12/site-packages/airflow/example_dags/example_params_ui_tutorial.py
[2025-10-03T00:16:51.594+0000] {logging_mixin.py:188} INFO - [2025-10-03T00:16:51.593+0000] {dag.py:3096} INFO - Sync 1 DAGs
[2025-10-03T00:16:51.620+0000] {logging_mixin.py:188} INFO - [2025-10-03T00:16:51.619+0000] {dag.py:3954} INFO - Setting next_dagrun for example_params_ui_tutorial to None, run_after=None
[2025-10-03T00:16:51.658+0000] {processor.py:183} INFO - Processing /home/airflow/.local/lib/python3.12/site-packages/airflow/example_dags/example_params_ui_tutorial.py took 0.245 seconds
[2025-10-03T00:17:22.601+0000] {processor.py:161} INFO - Started process (PID=16212) to work on /home/airflow/.local/lib/python3.12/site-packages/airflow/example_dags/example_params_ui_tutorial.py
[2025-10-03T00:17:22.603+0000] {processor.py:830} INFO - Processing file /home/airflow/.local/lib/python3.12/site-packages/airflow/example_dags/example_params_ui_tutorial.py for tasks to queue
[2025-10-03T00:17:22.606+0000] {logging_mixin.py:188} INFO - [2025-10-03T00:17:22.605+0000] {dagbag.py:545} INFO - Filling up the DagBag from /home/airflow/.local/lib/python3.12/site-packages/airflow/example_dags/example_params_ui_tutorial.py
[2025-10-03T00:17:22.632+0000] {processor.py:840} INFO - DAG(s) 'example_params_ui_tutorial' retrieved from /home/airflow/.local/lib/python3.12/site-packages/airflow/example_dags/example_params_ui_tutorial.py
[2025-10-03T00:17:22.747+0000] {logging_mixin.py:188} INFO - [2025-10-03T00:17:22.747+0000] {dag.py:3096} INFO - Sync 1 DAGs
[2025-10-03T00:17:22.775+0000] {logging_mixin.py:188} INFO - [2025-10-03T00:17:22.775+0000] {dag.py:3954} INFO - Setting next_dagrun for example_params_ui_tutorial to None, run_after=None
[2025-10-03T00:17:22.818+0000] {processor.py:183} INFO - Processing /home/airflow/.local/lib/python3.12/site-packages/airflow/example_dags/example_params_ui_tutorial.py took 0.232 seconds
[2025-10-03T00:17:53.203+0000] {processor.py:161} INFO - Started process (PID=16265) to work on /home/airflow/.local/lib/python3.12/site-packages/airflow/example_dags/example_params_ui_tutorial.py
[2025-10-03T00:17:53.210+0000] {processor.py:830} INFO - Processing file /home/airflow/.local/lib/python3.12/site-packages/airflow/example_dags/example_params_ui_tutorial.py for tasks to queue
[2025-10-03T00:17:53.215+0000] {logging_mixin.py:188} INFO - [2025-10-03T00:17:53.213+0000] {dagbag.py:545} INFO - Filling up the DagBag from /home/airflow/.local/lib/python3.12/site-packages/airflow/example_dags/example_params_ui_tutorial.py
[2025-10-03T00:17:53.293+0000] {processor.py:840} INFO - DAG(s) 'example_params_ui_tutorial' retrieved from /home/airflow/.local/lib/python3.12/site-packages/airflow/example_dags/example_params_ui_tutorial.py
[2025-10-03T00:17:53.430+0000] {logging_mixin.py:188} INFO - [2025-10-03T00:17:53.429+0000] {dag.py:3096} INFO - Sync 1 DAGs
[2025-10-03T00:17:53.458+0000] {logging_mixin.py:188} INFO - [2025-10-03T00:17:53.457+0000] {dag.py:3954} INFO - Setting next_dagrun for example_params_ui_tutorial to None, run_after=None
[2025-10-03T00:17:53.500+0000] {processor.py:183} INFO - Processing /home/airflow/.local/lib/python3.12/site-packages/airflow/example_dags/example_params_ui_tutorial.py took 0.336 seconds
[2025-10-03T00:18:23.793+0000] {processor.py:161} INFO - Started process (PID=16318) to work on /home/airflow/.local/lib/python3.12/site-packages/airflow/example_dags/example_params_ui_tutorial.py
[2025-10-03T00:18:23.797+0000] {processor.py:830} INFO - Processing file /home/airflow/.local/lib/python3.12/site-packages/airflow/example_dags/example_params_ui_tutorial.py for tasks to queue
[2025-10-03T00:18:23.802+0000] {logging_mixin.py:188} INFO - [2025-10-03T00:18:23.799+0000] {dagbag.py:545} INFO - Filling up the DagBag from /home/airflow/.local/lib/python3.12/site-packages/airflow/example_dags/example_params_ui_tutorial.py
[2025-10-03T00:18:23.847+0000] {processor.py:840} INFO - DAG(s) 'example_params_ui_tutorial' retrieved from /home/airflow/.local/lib/python3.12/site-packages/airflow/example_dags/example_params_ui_tutorial.py
[2025-10-03T00:18:24.007+0000] {logging_mixin.py:188} INFO - [2025-10-03T00:18:24.006+0000] {dag.py:3096} INFO - Sync 1 DAGs
[2025-10-03T00:18:24.038+0000] {logging_mixin.py:188} INFO - [2025-10-03T00:18:24.037+0000] {dag.py:3954} INFO - Setting next_dagrun for example_params_ui_tutorial to None, run_after=None
[2025-10-03T00:18:24.173+0000] {processor.py:183} INFO - Processing /home/airflow/.local/lib/python3.12/site-packages/airflow/example_dags/example_params_ui_tutorial.py took 0.410 seconds
[2025-10-03T00:18:54.870+0000] {processor.py:161} INFO - Started process (PID=16371) to work on /home/airflow/.local/lib/python3.12/site-packages/airflow/example_dags/example_params_ui_tutorial.py
[2025-10-03T00:18:54.872+0000] {processor.py:830} INFO - Processing file /home/airflow/.local/lib/python3.12/site-packages/airflow/example_dags/example_params_ui_tutorial.py for tasks to queue
[2025-10-03T00:18:54.874+0000] {logging_mixin.py:188} INFO - [2025-10-03T00:18:54.873+0000] {dagbag.py:545} INFO - Filling up the DagBag from /home/airflow/.local/lib/python3.12/site-packages/airflow/example_dags/example_params_ui_tutorial.py
[2025-10-03T00:18:54.907+0000] {processor.py:840} INFO - DAG(s) 'example_params_ui_tutorial' retrieved from /home/airflow/.local/lib/python3.12/site-packages/airflow/example_dags/example_params_ui_tutorial.py
[2025-10-03T00:18:55.034+0000] {logging_mixin.py:188} INFO - [2025-10-03T00:18:55.033+0000] {dag.py:3096} INFO - Sync 1 DAGs
[2025-10-03T00:18:55.070+0000] {logging_mixin.py:188} INFO - [2025-10-03T00:18:55.069+0000] {dag.py:3954} INFO - Setting next_dagrun for example_params_ui_tutorial to None, run_after=None
[2025-10-03T00:18:55.108+0000] {processor.py:183} INFO - Processing /home/airflow/.local/lib/python3.12/site-packages/airflow/example_dags/example_params_ui_tutorial.py took 0.273 seconds
[2025-10-03T00:19:25.681+0000] {processor.py:161} INFO - Started process (PID=16424) to work on /home/airflow/.local/lib/python3.12/site-packages/airflow/example_dags/example_params_ui_tutorial.py
[2025-10-03T00:19:25.684+0000] {processor.py:830} INFO - Processing file /home/airflow/.local/lib/python3.12/site-packages/airflow/example_dags/example_params_ui_tutorial.py for tasks to queue
[2025-10-03T00:19:25.686+0000] {logging_mixin.py:188} INFO - [2025-10-03T00:19:25.685+0000] {dagbag.py:545} INFO - Filling up the DagBag from /home/airflow/.local/lib/python3.12/site-packages/airflow/example_dags/example_params_ui_tutorial.py
[2025-10-03T00:19:25.714+0000] {processor.py:840} INFO - DAG(s) 'example_params_ui_tutorial' retrieved from /home/airflow/.local/lib/python3.12/site-packages/airflow/example_dags/example_params_ui_tutorial.py
[2025-10-03T00:19:25.944+0000] {logging_mixin.py:188} INFO - [2025-10-03T00:19:25.943+0000] {dag.py:3096} INFO - Sync 1 DAGs
[2025-10-03T00:19:25.985+0000] {logging_mixin.py:188} INFO - [2025-10-03T00:19:25.985+0000] {dag.py:3954} INFO - Setting next_dagrun for example_params_ui_tutorial to None, run_after=None
[2025-10-03T00:19:26.024+0000] {processor.py:183} INFO - Processing /home/airflow/.local/lib/python3.12/site-packages/airflow/example_dags/example_params_ui_tutorial.py took 0.358 seconds
[2025-10-03T00:19:56.178+0000] {processor.py:161} INFO - Started process (PID=16475) to work on /home/airflow/.local/lib/python3.12/site-packages/airflow/example_dags/example_params_ui_tutorial.py
[2025-10-03T00:19:56.180+0000] {processor.py:830} INFO - Processing file /home/airflow/.local/lib/python3.12/site-packages/airflow/example_dags/example_params_ui_tutorial.py for tasks to queue
[2025-10-03T00:19:56.183+0000] {logging_mixin.py:188} INFO - [2025-10-03T00:19:56.182+0000] {dagbag.py:545} INFO - Filling up the DagBag from /home/airflow/.local/lib/python3.12/site-packages/airflow/example_dags/example_params_ui_tutorial.py
[2025-10-03T00:19:56.243+0000] {processor.py:840} INFO - DAG(s) 'example_params_ui_tutorial' retrieved from /home/airflow/.local/lib/python3.12/site-packages/airflow/example_dags/example_params_ui_tutorial.py
[2025-10-03T00:19:56.553+0000] {logging_mixin.py:188} INFO - [2025-10-03T00:19:56.553+0000] {dag.py:3096} INFO - Sync 1 DAGs
[2025-10-03T00:19:56.584+0000] {logging_mixin.py:188} INFO - [2025-10-03T00:19:56.584+0000] {dag.py:3954} INFO - Setting next_dagrun for example_params_ui_tutorial to None, run_after=None
[2025-10-03T00:19:56.639+0000] {processor.py:183} INFO - Processing /home/airflow/.local/lib/python3.12/site-packages/airflow/example_dags/example_params_ui_tutorial.py took 0.475 seconds
[2025-10-03T00:20:26.785+0000] {processor.py:161} INFO - Started process (PID=16528) to work on /home/airflow/.local/lib/python3.12/site-packages/airflow/example_dags/example_params_ui_tutorial.py
[2025-10-03T00:20:26.789+0000] {processor.py:830} INFO - Processing file /home/airflow/.local/lib/python3.12/site-packages/airflow/example_dags/example_params_ui_tutorial.py for tasks to queue
[2025-10-03T00:20:26.793+0000] {logging_mixin.py:188} INFO - [2025-10-03T00:20:26.792+0000] {dagbag.py:545} INFO - Filling up the DagBag from /home/airflow/.local/lib/python3.12/site-packages/airflow/example_dags/example_params_ui_tutorial.py
[2025-10-03T00:20:26.831+0000] {processor.py:840} INFO - DAG(s) 'example_params_ui_tutorial' retrieved from /home/airflow/.local/lib/python3.12/site-packages/airflow/example_dags/example_params_ui_tutorial.py
[2025-10-03T00:20:26.975+0000] {logging_mixin.py:188} INFO - [2025-10-03T00:20:26.975+0000] {dag.py:3096} INFO - Sync 1 DAGs
[2025-10-03T00:20:27.001+0000] {logging_mixin.py:188} INFO - [2025-10-03T00:20:27.001+0000] {dag.py:3954} INFO - Setting next_dagrun for example_params_ui_tutorial to None, run_after=None
[2025-10-03T00:20:27.052+0000] {processor.py:183} INFO - Processing /home/airflow/.local/lib/python3.12/site-packages/airflow/example_dags/example_params_ui_tutorial.py took 0.295 seconds
[2025-10-03T00:20:57.354+0000] {processor.py:161} INFO - Started process (PID=16581) to work on /home/airflow/.local/lib/python3.12/site-packages/airflow/example_dags/example_params_ui_tutorial.py
[2025-10-03T00:20:57.357+0000] {processor.py:830} INFO - Processing file /home/airflow/.local/lib/python3.12/site-packages/airflow/example_dags/example_params_ui_tutorial.py for tasks to queue
[2025-10-03T00:20:57.359+0000] {logging_mixin.py:188} INFO - [2025-10-03T00:20:57.358+0000] {dagbag.py:545} INFO - Filling up the DagBag from /home/airflow/.local/lib/python3.12/site-packages/airflow/example_dags/example_params_ui_tutorial.py
[2025-10-03T00:20:57.388+0000] {processor.py:840} INFO - DAG(s) 'example_params_ui_tutorial' retrieved from /home/airflow/.local/lib/python3.12/site-packages/airflow/example_dags/example_params_ui_tutorial.py
[2025-10-03T00:20:57.508+0000] {logging_mixin.py:188} INFO - [2025-10-03T00:20:57.507+0000] {dag.py:3096} INFO - Sync 1 DAGs
[2025-10-03T00:20:57.536+0000] {logging_mixin.py:188} INFO - [2025-10-03T00:20:57.536+0000] {dag.py:3954} INFO - Setting next_dagrun for example_params_ui_tutorial to None, run_after=None
[2025-10-03T00:20:57.584+0000] {processor.py:183} INFO - Processing /home/airflow/.local/lib/python3.12/site-packages/airflow/example_dags/example_params_ui_tutorial.py took 0.260 seconds
