[2025-10-03T00:00:21.095+0000] {processor.py:161} INFO - Started process (PID=14453) to work on /home/airflow/.local/lib/python3.12/site-packages/airflow/example_dags/example_display_name.py
[2025-10-03T00:00:21.097+0000] {processor.py:830} INFO - Processing file /home/airflow/.local/lib/python3.12/site-packages/airflow/example_dags/example_display_name.py for tasks to queue
[2025-10-03T00:00:21.100+0000] {logging_mixin.py:188} INFO - [2025-10-03T00:00:21.099+0000] {dagbag.py:545} INFO - Filling up the DagBag from /home/airflow/.local/lib/python3.12/site-packages/airflow/example_dags/example_display_name.py
[2025-10-03T00:00:21.114+0000] {processor.py:840} INFO - DAG(s) 'example_display_name' retrieved from /home/airflow/.local/lib/python3.12/site-packages/airflow/example_dags/example_display_name.py
[2025-10-03T00:00:21.161+0000] {logging_mixin.py:188} INFO - [2025-10-03T00:00:21.160+0000] {dag.py:3096} INFO - Sync 1 DAGs
[2025-10-03T00:00:21.191+0000] {logging_mixin.py:188} INFO - [2025-10-03T00:00:21.190+0000] {dag.py:3954} INFO - Setting next_dagrun for example_display_name to None, run_after=None
[2025-10-03T00:00:21.290+0000] {processor.py:183} INFO - Processing /home/airflow/.local/lib/python3.12/site-packages/airflow/example_dags/example_display_name.py took 0.210 seconds
[2025-10-03T00:00:52.021+0000] {processor.py:161} INFO - Started process (PID=14506) to work on /home/airflow/.local/lib/python3.12/site-packages/airflow/example_dags/example_display_name.py
[2025-10-03T00:00:52.023+0000] {processor.py:830} INFO - Processing file /home/airflow/.local/lib/python3.12/site-packages/airflow/example_dags/example_display_name.py for tasks to queue
[2025-10-03T00:00:52.025+0000] {logging_mixin.py:188} INFO - [2025-10-03T00:00:52.024+0000] {dagbag.py:545} INFO - Filling up the DagBag from /home/airflow/.local/lib/python3.12/site-packages/airflow/example_dags/example_display_name.py
[2025-10-03T00:00:52.039+0000] {processor.py:840} INFO - DAG(s) 'example_display_name' retrieved from /home/airflow/.local/lib/python3.12/site-packages/airflow/example_dags/example_display_name.py
[2025-10-03T00:00:52.089+0000] {logging_mixin.py:188} INFO - [2025-10-03T00:00:52.089+0000] {dag.py:3096} INFO - Sync 1 DAGs
[2025-10-03T00:00:52.125+0000] {logging_mixin.py:188} INFO - [2025-10-03T00:00:52.125+0000] {dag.py:3954} INFO - Setting next_dagrun for example_display_name to None, run_after=None
[2025-10-03T00:00:52.171+0000] {processor.py:183} INFO - Processing /home/airflow/.local/lib/python3.12/site-packages/airflow/example_dags/example_display_name.py took 0.166 seconds
[2025-10-03T00:01:23.083+0000] {processor.py:161} INFO - Started process (PID=14559) to work on /home/airflow/.local/lib/python3.12/site-packages/airflow/example_dags/example_display_name.py
[2025-10-03T00:01:23.086+0000] {processor.py:830} INFO - Processing file /home/airflow/.local/lib/python3.12/site-packages/airflow/example_dags/example_display_name.py for tasks to queue
[2025-10-03T00:01:23.092+0000] {logging_mixin.py:188} INFO - [2025-10-03T00:01:23.091+0000] {dagbag.py:545} INFO - Filling up the DagBag from /home/airflow/.local/lib/python3.12/site-packages/airflow/example_dags/example_display_name.py
[2025-10-03T00:01:23.123+0000] {processor.py:840} INFO - DAG(s) 'example_display_name' retrieved from /home/airflow/.local/lib/python3.12/site-packages/airflow/example_dags/example_display_name.py
[2025-10-03T00:01:23.196+0000] {logging_mixin.py:188} INFO - [2025-10-03T00:01:23.196+0000] {dag.py:3096} INFO - Sync 1 DAGs
[2025-10-03T00:01:23.235+0000] {logging_mixin.py:188} INFO - [2025-10-03T00:01:23.234+0000] {dag.py:3954} INFO - Setting next_dagrun for example_display_name to None, run_after=None
[2025-10-03T00:01:23.282+0000] {processor.py:183} INFO - Processing /home/airflow/.local/lib/python3.12/site-packages/airflow/example_dags/example_display_name.py took 0.221 seconds
[2025-10-03T00:01:53.728+0000] {processor.py:161} INFO - Started process (PID=14612) to work on /home/airflow/.local/lib/python3.12/site-packages/airflow/example_dags/example_display_name.py
[2025-10-03T00:01:53.730+0000] {processor.py:830} INFO - Processing file /home/airflow/.local/lib/python3.12/site-packages/airflow/example_dags/example_display_name.py for tasks to queue
[2025-10-03T00:01:53.733+0000] {logging_mixin.py:188} INFO - [2025-10-03T00:01:53.732+0000] {dagbag.py:545} INFO - Filling up the DagBag from /home/airflow/.local/lib/python3.12/site-packages/airflow/example_dags/example_display_name.py
[2025-10-03T00:01:53.747+0000] {processor.py:840} INFO - DAG(s) 'example_display_name' retrieved from /home/airflow/.local/lib/python3.12/site-packages/airflow/example_dags/example_display_name.py
[2025-10-03T00:01:53.802+0000] {logging_mixin.py:188} INFO - [2025-10-03T00:01:53.800+0000] {dag.py:3096} INFO - Sync 1 DAGs
[2025-10-03T00:01:53.874+0000] {logging_mixin.py:188} INFO - [2025-10-03T00:01:53.874+0000] {dag.py:3954} INFO - Setting next_dagrun for example_display_name to None, run_after=None
[2025-10-03T00:01:53.929+0000] {processor.py:183} INFO - Processing /home/airflow/.local/lib/python3.12/site-packages/airflow/example_dags/example_display_name.py took 0.220 seconds
[2025-10-03T00:02:24.281+0000] {processor.py:161} INFO - Started process (PID=14665) to work on /home/airflow/.local/lib/python3.12/site-packages/airflow/example_dags/example_display_name.py
[2025-10-03T00:02:24.283+0000] {processor.py:830} INFO - Processing file /home/airflow/.local/lib/python3.12/site-packages/airflow/example_dags/example_display_name.py for tasks to queue
[2025-10-03T00:02:24.286+0000] {logging_mixin.py:188} INFO - [2025-10-03T00:02:24.285+0000] {dagbag.py:545} INFO - Filling up the DagBag from /home/airflow/.local/lib/python3.12/site-packages/airflow/example_dags/example_display_name.py
[2025-10-03T00:02:24.299+0000] {processor.py:840} INFO - DAG(s) 'example_display_name' retrieved from /home/airflow/.local/lib/python3.12/site-packages/airflow/example_dags/example_display_name.py
[2025-10-03T00:02:24.346+0000] {logging_mixin.py:188} INFO - [2025-10-03T00:02:24.345+0000] {dag.py:3096} INFO - Sync 1 DAGs
[2025-10-03T00:02:24.373+0000] {logging_mixin.py:188} INFO - [2025-10-03T00:02:24.372+0000] {dag.py:3954} INFO - Setting next_dagrun for example_display_name to None, run_after=None
[2025-10-03T00:02:24.423+0000] {processor.py:183} INFO - Processing /home/airflow/.local/lib/python3.12/site-packages/airflow/example_dags/example_display_name.py took 0.156 seconds
[2025-10-03T00:02:54.811+0000] {processor.py:161} INFO - Started process (PID=14718) to work on /home/airflow/.local/lib/python3.12/site-packages/airflow/example_dags/example_display_name.py
[2025-10-03T00:02:54.814+0000] {processor.py:830} INFO - Processing file /home/airflow/.local/lib/python3.12/site-packages/airflow/example_dags/example_display_name.py for tasks to queue
[2025-10-03T00:02:54.816+0000] {logging_mixin.py:188} INFO - [2025-10-03T00:02:54.815+0000] {dagbag.py:545} INFO - Filling up the DagBag from /home/airflow/.local/lib/python3.12/site-packages/airflow/example_dags/example_display_name.py
[2025-10-03T00:02:54.829+0000] {processor.py:840} INFO - DAG(s) 'example_display_name' retrieved from /home/airflow/.local/lib/python3.12/site-packages/airflow/example_dags/example_display_name.py
[2025-10-03T00:02:54.884+0000] {logging_mixin.py:188} INFO - [2025-10-03T00:02:54.883+0000] {dag.py:3096} INFO - Sync 1 DAGs
[2025-10-03T00:02:54.914+0000] {logging_mixin.py:188} INFO - [2025-10-03T00:02:54.914+0000] {dag.py:3954} INFO - Setting next_dagrun for example_display_name to None, run_after=None
[2025-10-03T00:02:54.961+0000] {processor.py:183} INFO - Processing /home/airflow/.local/lib/python3.12/site-packages/airflow/example_dags/example_display_name.py took 0.165 seconds
[2025-10-03T00:03:25.984+0000] {processor.py:161} INFO - Started process (PID=14770) to work on /home/airflow/.local/lib/python3.12/site-packages/airflow/example_dags/example_display_name.py
[2025-10-03T00:03:25.986+0000] {processor.py:830} INFO - Processing file /home/airflow/.local/lib/python3.12/site-packages/airflow/example_dags/example_display_name.py for tasks to queue
[2025-10-03T00:03:25.988+0000] {logging_mixin.py:188} INFO - [2025-10-03T00:03:25.988+0000] {dagbag.py:545} INFO - Filling up the DagBag from /home/airflow/.local/lib/python3.12/site-packages/airflow/example_dags/example_display_name.py
[2025-10-03T00:03:26.002+0000] {processor.py:840} INFO - DAG(s) 'example_display_name' retrieved from /home/airflow/.local/lib/python3.12/site-packages/airflow/example_dags/example_display_name.py
[2025-10-03T00:03:26.052+0000] {logging_mixin.py:188} INFO - [2025-10-03T00:03:26.052+0000] {dag.py:3096} INFO - Sync 1 DAGs
[2025-10-03T00:03:26.080+0000] {logging_mixin.py:188} INFO - [2025-10-03T00:03:26.080+0000] {dag.py:3954} INFO - Setting next_dagrun for example_display_name to None, run_after=None
[2025-10-03T00:03:26.119+0000] {processor.py:183} INFO - Processing /home/airflow/.local/lib/python3.12/site-packages/airflow/example_dags/example_display_name.py took 0.150 seconds
[2025-10-03T00:03:56.537+0000] {processor.py:161} INFO - Started process (PID=14823) to work on /home/airflow/.local/lib/python3.12/site-packages/airflow/example_dags/example_display_name.py
[2025-10-03T00:03:56.540+0000] {processor.py:830} INFO - Processing file /home/airflow/.local/lib/python3.12/site-packages/airflow/example_dags/example_display_name.py for tasks to queue
[2025-10-03T00:03:56.542+0000] {logging_mixin.py:188} INFO - [2025-10-03T00:03:56.541+0000] {dagbag.py:545} INFO - Filling up the DagBag from /home/airflow/.local/lib/python3.12/site-packages/airflow/example_dags/example_display_name.py
[2025-10-03T00:03:56.556+0000] {processor.py:840} INFO - DAG(s) 'example_display_name' retrieved from /home/airflow/.local/lib/python3.12/site-packages/airflow/example_dags/example_display_name.py
[2025-10-03T00:03:56.605+0000] {logging_mixin.py:188} INFO - [2025-10-03T00:03:56.604+0000] {dag.py:3096} INFO - Sync 1 DAGs
[2025-10-03T00:03:56.632+0000] {logging_mixin.py:188} INFO - [2025-10-03T00:03:56.632+0000] {dag.py:3954} INFO - Setting next_dagrun for example_display_name to None, run_after=None
[2025-10-03T00:03:56.682+0000] {processor.py:183} INFO - Processing /home/airflow/.local/lib/python3.12/site-packages/airflow/example_dags/example_display_name.py took 0.160 seconds
[2025-10-03T00:04:27.103+0000] {processor.py:161} INFO - Started process (PID=14876) to work on /home/airflow/.local/lib/python3.12/site-packages/airflow/example_dags/example_display_name.py
[2025-10-03T00:04:27.106+0000] {processor.py:830} INFO - Processing file /home/airflow/.local/lib/python3.12/site-packages/airflow/example_dags/example_display_name.py for tasks to queue
[2025-10-03T00:04:27.109+0000] {logging_mixin.py:188} INFO - [2025-10-03T00:04:27.108+0000] {dagbag.py:545} INFO - Filling up the DagBag from /home/airflow/.local/lib/python3.12/site-packages/airflow/example_dags/example_display_name.py
[2025-10-03T00:04:27.124+0000] {processor.py:840} INFO - DAG(s) 'example_display_name' retrieved from /home/airflow/.local/lib/python3.12/site-packages/airflow/example_dags/example_display_name.py
[2025-10-03T00:04:27.175+0000] {logging_mixin.py:188} INFO - [2025-10-03T00:04:27.175+0000] {dag.py:3096} INFO - Sync 1 DAGs
[2025-10-03T00:04:27.206+0000] {logging_mixin.py:188} INFO - [2025-10-03T00:04:27.206+0000] {dag.py:3954} INFO - Setting next_dagrun for example_display_name to None, run_after=None
[2025-10-03T00:04:27.248+0000] {processor.py:183} INFO - Processing /home/airflow/.local/lib/python3.12/site-packages/airflow/example_dags/example_display_name.py took 0.159 seconds
[2025-10-03T00:04:57.741+0000] {processor.py:161} INFO - Started process (PID=14929) to work on /home/airflow/.local/lib/python3.12/site-packages/airflow/example_dags/example_display_name.py
[2025-10-03T00:04:57.743+0000] {processor.py:830} INFO - Processing file /home/airflow/.local/lib/python3.12/site-packages/airflow/example_dags/example_display_name.py for tasks to queue
[2025-10-03T00:04:57.745+0000] {logging_mixin.py:188} INFO - [2025-10-03T00:04:57.744+0000] {dagbag.py:545} INFO - Filling up the DagBag from /home/airflow/.local/lib/python3.12/site-packages/airflow/example_dags/example_display_name.py
[2025-10-03T00:04:57.758+0000] {processor.py:840} INFO - DAG(s) 'example_display_name' retrieved from /home/airflow/.local/lib/python3.12/site-packages/airflow/example_dags/example_display_name.py
[2025-10-03T00:04:57.804+0000] {logging_mixin.py:188} INFO - [2025-10-03T00:04:57.803+0000] {dag.py:3096} INFO - Sync 1 DAGs
[2025-10-03T00:04:57.831+0000] {logging_mixin.py:188} INFO - [2025-10-03T00:04:57.830+0000] {dag.py:3954} INFO - Setting next_dagrun for example_display_name to None, run_after=None
[2025-10-03T00:04:57.871+0000] {processor.py:183} INFO - Processing /home/airflow/.local/lib/python3.12/site-packages/airflow/example_dags/example_display_name.py took 0.145 seconds
[2025-10-03T00:05:28.386+0000] {processor.py:161} INFO - Started process (PID=14982) to work on /home/airflow/.local/lib/python3.12/site-packages/airflow/example_dags/example_display_name.py
[2025-10-03T00:05:28.388+0000] {processor.py:830} INFO - Processing file /home/airflow/.local/lib/python3.12/site-packages/airflow/example_dags/example_display_name.py for tasks to queue
[2025-10-03T00:05:28.391+0000] {logging_mixin.py:188} INFO - [2025-10-03T00:05:28.390+0000] {dagbag.py:545} INFO - Filling up the DagBag from /home/airflow/.local/lib/python3.12/site-packages/airflow/example_dags/example_display_name.py
[2025-10-03T00:05:28.405+0000] {processor.py:840} INFO - DAG(s) 'example_display_name' retrieved from /home/airflow/.local/lib/python3.12/site-packages/airflow/example_dags/example_display_name.py
[2025-10-03T00:05:28.452+0000] {logging_mixin.py:188} INFO - [2025-10-03T00:05:28.451+0000] {dag.py:3096} INFO - Sync 1 DAGs
[2025-10-03T00:05:28.479+0000] {logging_mixin.py:188} INFO - [2025-10-03T00:05:28.479+0000] {dag.py:3954} INFO - Setting next_dagrun for example_display_name to None, run_after=None
[2025-10-03T00:05:28.530+0000] {processor.py:183} INFO - Processing /home/airflow/.local/lib/python3.12/site-packages/airflow/example_dags/example_display_name.py took 0.159 seconds
[2025-10-03T00:05:59.038+0000] {processor.py:161} INFO - Started process (PID=15035) to work on /home/airflow/.local/lib/python3.12/site-packages/airflow/example_dags/example_display_name.py
[2025-10-03T00:05:59.041+0000] {processor.py:830} INFO - Processing file /home/airflow/.local/lib/python3.12/site-packages/airflow/example_dags/example_display_name.py for tasks to queue
[2025-10-03T00:05:59.045+0000] {logging_mixin.py:188} INFO - [2025-10-03T00:05:59.044+0000] {dagbag.py:545} INFO - Filling up the DagBag from /home/airflow/.local/lib/python3.12/site-packages/airflow/example_dags/example_display_name.py
[2025-10-03T00:05:59.064+0000] {processor.py:840} INFO - DAG(s) 'example_display_name' retrieved from /home/airflow/.local/lib/python3.12/site-packages/airflow/example_dags/example_display_name.py
[2025-10-03T00:05:59.148+0000] {logging_mixin.py:188} INFO - [2025-10-03T00:05:59.147+0000] {dag.py:3096} INFO - Sync 1 DAGs
[2025-10-03T00:05:59.266+0000] {logging_mixin.py:188} INFO - [2025-10-03T00:05:59.265+0000] {dag.py:3954} INFO - Setting next_dagrun for example_display_name to None, run_after=None
[2025-10-03T00:05:59.359+0000] {processor.py:183} INFO - Processing /home/airflow/.local/lib/python3.12/site-packages/airflow/example_dags/example_display_name.py took 0.346 seconds
[2025-10-03T00:06:29.501+0000] {processor.py:161} INFO - Started process (PID=15088) to work on /home/airflow/.local/lib/python3.12/site-packages/airflow/example_dags/example_display_name.py
[2025-10-03T00:06:29.504+0000] {processor.py:830} INFO - Processing file /home/airflow/.local/lib/python3.12/site-packages/airflow/example_dags/example_display_name.py for tasks to queue
[2025-10-03T00:06:29.507+0000] {logging_mixin.py:188} INFO - [2025-10-03T00:06:29.506+0000] {dagbag.py:545} INFO - Filling up the DagBag from /home/airflow/.local/lib/python3.12/site-packages/airflow/example_dags/example_display_name.py
[2025-10-03T00:06:29.526+0000] {processor.py:840} INFO - DAG(s) 'example_display_name' retrieved from /home/airflow/.local/lib/python3.12/site-packages/airflow/example_dags/example_display_name.py
[2025-10-03T00:06:29.583+0000] {logging_mixin.py:188} INFO - [2025-10-03T00:06:29.582+0000] {dag.py:3096} INFO - Sync 1 DAGs
[2025-10-03T00:06:29.618+0000] {logging_mixin.py:188} INFO - [2025-10-03T00:06:29.618+0000] {dag.py:3954} INFO - Setting next_dagrun for example_display_name to None, run_after=None
[2025-10-03T00:06:29.672+0000] {processor.py:183} INFO - Processing /home/airflow/.local/lib/python3.12/site-packages/airflow/example_dags/example_display_name.py took 0.194 seconds
[2025-10-03T00:06:59.826+0000] {processor.py:161} INFO - Started process (PID=15141) to work on /home/airflow/.local/lib/python3.12/site-packages/airflow/example_dags/example_display_name.py
[2025-10-03T00:06:59.828+0000] {processor.py:830} INFO - Processing file /home/airflow/.local/lib/python3.12/site-packages/airflow/example_dags/example_display_name.py for tasks to queue
[2025-10-03T00:06:59.830+0000] {logging_mixin.py:188} INFO - [2025-10-03T00:06:59.829+0000] {dagbag.py:545} INFO - Filling up the DagBag from /home/airflow/.local/lib/python3.12/site-packages/airflow/example_dags/example_display_name.py
[2025-10-03T00:06:59.843+0000] {processor.py:840} INFO - DAG(s) 'example_display_name' retrieved from /home/airflow/.local/lib/python3.12/site-packages/airflow/example_dags/example_display_name.py
[2025-10-03T00:06:59.888+0000] {logging_mixin.py:188} INFO - [2025-10-03T00:06:59.888+0000] {dag.py:3096} INFO - Sync 1 DAGs
[2025-10-03T00:06:59.920+0000] {logging_mixin.py:188} INFO - [2025-10-03T00:06:59.919+0000] {dag.py:3954} INFO - Setting next_dagrun for example_display_name to None, run_after=None
[2025-10-03T00:06:59.958+0000] {processor.py:183} INFO - Processing /home/airflow/.local/lib/python3.12/site-packages/airflow/example_dags/example_display_name.py took 0.148 seconds
[2025-10-03T00:07:30.307+0000] {processor.py:161} INFO - Started process (PID=15194) to work on /home/airflow/.local/lib/python3.12/site-packages/airflow/example_dags/example_display_name.py
[2025-10-03T00:07:30.309+0000] {processor.py:830} INFO - Processing file /home/airflow/.local/lib/python3.12/site-packages/airflow/example_dags/example_display_name.py for tasks to queue
[2025-10-03T00:07:30.312+0000] {logging_mixin.py:188} INFO - [2025-10-03T00:07:30.311+0000] {dagbag.py:545} INFO - Filling up the DagBag from /home/airflow/.local/lib/python3.12/site-packages/airflow/example_dags/example_display_name.py
[2025-10-03T00:07:30.326+0000] {processor.py:840} INFO - DAG(s) 'example_display_name' retrieved from /home/airflow/.local/lib/python3.12/site-packages/airflow/example_dags/example_display_name.py
[2025-10-03T00:07:30.372+0000] {logging_mixin.py:188} INFO - [2025-10-03T00:07:30.371+0000] {dag.py:3096} INFO - Sync 1 DAGs
[2025-10-03T00:07:30.405+0000] {logging_mixin.py:188} INFO - [2025-10-03T00:07:30.404+0000] {dag.py:3954} INFO - Setting next_dagrun for example_display_name to None, run_after=None
[2025-10-03T00:07:30.452+0000] {processor.py:183} INFO - Processing /home/airflow/.local/lib/python3.12/site-packages/airflow/example_dags/example_display_name.py took 0.159 seconds
[2025-10-03T00:08:01.191+0000] {processor.py:161} INFO - Started process (PID=15247) to work on /home/airflow/.local/lib/python3.12/site-packages/airflow/example_dags/example_display_name.py
[2025-10-03T00:08:01.194+0000] {processor.py:830} INFO - Processing file /home/airflow/.local/lib/python3.12/site-packages/airflow/example_dags/example_display_name.py for tasks to queue
[2025-10-03T00:08:01.198+0000] {logging_mixin.py:188} INFO - [2025-10-03T00:08:01.197+0000] {dagbag.py:545} INFO - Filling up the DagBag from /home/airflow/.local/lib/python3.12/site-packages/airflow/example_dags/example_display_name.py
[2025-10-03T00:08:01.215+0000] {processor.py:840} INFO - DAG(s) 'example_display_name' retrieved from /home/airflow/.local/lib/python3.12/site-packages/airflow/example_dags/example_display_name.py
[2025-10-03T00:08:01.264+0000] {logging_mixin.py:188} INFO - [2025-10-03T00:08:01.263+0000] {dag.py:3096} INFO - Sync 1 DAGs
[2025-10-03T00:08:01.302+0000] {logging_mixin.py:188} INFO - [2025-10-03T00:08:01.301+0000] {dag.py:3954} INFO - Setting next_dagrun for example_display_name to None, run_after=None
[2025-10-03T00:08:01.343+0000] {processor.py:183} INFO - Processing /home/airflow/.local/lib/python3.12/site-packages/airflow/example_dags/example_display_name.py took 0.172 seconds
[2025-10-03T00:08:32.075+0000] {processor.py:161} INFO - Started process (PID=15300) to work on /home/airflow/.local/lib/python3.12/site-packages/airflow/example_dags/example_display_name.py
[2025-10-03T00:08:32.077+0000] {processor.py:830} INFO - Processing file /home/airflow/.local/lib/python3.12/site-packages/airflow/example_dags/example_display_name.py for tasks to queue
[2025-10-03T00:08:32.080+0000] {logging_mixin.py:188} INFO - [2025-10-03T00:08:32.079+0000] {dagbag.py:545} INFO - Filling up the DagBag from /home/airflow/.local/lib/python3.12/site-packages/airflow/example_dags/example_display_name.py
[2025-10-03T00:08:32.093+0000] {processor.py:840} INFO - DAG(s) 'example_display_name' retrieved from /home/airflow/.local/lib/python3.12/site-packages/airflow/example_dags/example_display_name.py
[2025-10-03T00:08:32.143+0000] {logging_mixin.py:188} INFO - [2025-10-03T00:08:32.142+0000] {dag.py:3096} INFO - Sync 1 DAGs
[2025-10-03T00:08:32.179+0000] {logging_mixin.py:188} INFO - [2025-10-03T00:08:32.179+0000] {dag.py:3954} INFO - Setting next_dagrun for example_display_name to None, run_after=None
[2025-10-03T00:08:32.237+0000] {processor.py:183} INFO - Processing /home/airflow/.local/lib/python3.12/site-packages/airflow/example_dags/example_display_name.py took 0.179 seconds
[2025-10-03T00:09:02.687+0000] {processor.py:161} INFO - Started process (PID=15353) to work on /home/airflow/.local/lib/python3.12/site-packages/airflow/example_dags/example_display_name.py
[2025-10-03T00:09:02.690+0000] {processor.py:830} INFO - Processing file /home/airflow/.local/lib/python3.12/site-packages/airflow/example_dags/example_display_name.py for tasks to queue
[2025-10-03T00:09:02.692+0000] {logging_mixin.py:188} INFO - [2025-10-03T00:09:02.691+0000] {dagbag.py:545} INFO - Filling up the DagBag from /home/airflow/.local/lib/python3.12/site-packages/airflow/example_dags/example_display_name.py
[2025-10-03T00:09:02.705+0000] {processor.py:840} INFO - DAG(s) 'example_display_name' retrieved from /home/airflow/.local/lib/python3.12/site-packages/airflow/example_dags/example_display_name.py
[2025-10-03T00:09:02.750+0000] {logging_mixin.py:188} INFO - [2025-10-03T00:09:02.750+0000] {dag.py:3096} INFO - Sync 1 DAGs
[2025-10-03T00:09:02.784+0000] {logging_mixin.py:188} INFO - [2025-10-03T00:09:02.783+0000] {dag.py:3954} INFO - Setting next_dagrun for example_display_name to None, run_after=None
[2025-10-03T00:09:02.823+0000] {processor.py:183} INFO - Processing /home/airflow/.local/lib/python3.12/site-packages/airflow/example_dags/example_display_name.py took 0.150 seconds
[2025-10-03T00:09:33.488+0000] {processor.py:161} INFO - Started process (PID=15406) to work on /home/airflow/.local/lib/python3.12/site-packages/airflow/example_dags/example_display_name.py
[2025-10-03T00:09:33.491+0000] {processor.py:830} INFO - Processing file /home/airflow/.local/lib/python3.12/site-packages/airflow/example_dags/example_display_name.py for tasks to queue
[2025-10-03T00:09:33.494+0000] {logging_mixin.py:188} INFO - [2025-10-03T00:09:33.493+0000] {dagbag.py:545} INFO - Filling up the DagBag from /home/airflow/.local/lib/python3.12/site-packages/airflow/example_dags/example_display_name.py
[2025-10-03T00:09:33.513+0000] {processor.py:840} INFO - DAG(s) 'example_display_name' retrieved from /home/airflow/.local/lib/python3.12/site-packages/airflow/example_dags/example_display_name.py
[2025-10-03T00:09:33.565+0000] {logging_mixin.py:188} INFO - [2025-10-03T00:09:33.564+0000] {dag.py:3096} INFO - Sync 1 DAGs
[2025-10-03T00:09:33.593+0000] {logging_mixin.py:188} INFO - [2025-10-03T00:09:33.592+0000] {dag.py:3954} INFO - Setting next_dagrun for example_display_name to None, run_after=None
[2025-10-03T00:09:33.634+0000] {processor.py:183} INFO - Processing /home/airflow/.local/lib/python3.12/site-packages/airflow/example_dags/example_display_name.py took 0.164 seconds
[2025-10-03T00:10:04.570+0000] {processor.py:161} INFO - Started process (PID=15459) to work on /home/airflow/.local/lib/python3.12/site-packages/airflow/example_dags/example_display_name.py
[2025-10-03T00:10:04.573+0000] {processor.py:830} INFO - Processing file /home/airflow/.local/lib/python3.12/site-packages/airflow/example_dags/example_display_name.py for tasks to queue
[2025-10-03T00:10:04.575+0000] {logging_mixin.py:188} INFO - [2025-10-03T00:10:04.574+0000] {dagbag.py:545} INFO - Filling up the DagBag from /home/airflow/.local/lib/python3.12/site-packages/airflow/example_dags/example_display_name.py
[2025-10-03T00:10:04.593+0000] {processor.py:840} INFO - DAG(s) 'example_display_name' retrieved from /home/airflow/.local/lib/python3.12/site-packages/airflow/example_dags/example_display_name.py
[2025-10-03T00:10:04.644+0000] {logging_mixin.py:188} INFO - [2025-10-03T00:10:04.644+0000] {dag.py:3096} INFO - Sync 1 DAGs
[2025-10-03T00:10:04.672+0000] {logging_mixin.py:188} INFO - [2025-10-03T00:10:04.672+0000] {dag.py:3954} INFO - Setting next_dagrun for example_display_name to None, run_after=None
[2025-10-03T00:10:04.716+0000] {processor.py:183} INFO - Processing /home/airflow/.local/lib/python3.12/site-packages/airflow/example_dags/example_display_name.py took 0.160 seconds
[2025-10-03T00:10:34.921+0000] {processor.py:161} INFO - Started process (PID=15512) to work on /home/airflow/.local/lib/python3.12/site-packages/airflow/example_dags/example_display_name.py
[2025-10-03T00:10:34.924+0000] {processor.py:830} INFO - Processing file /home/airflow/.local/lib/python3.12/site-packages/airflow/example_dags/example_display_name.py for tasks to queue
[2025-10-03T00:10:34.927+0000] {logging_mixin.py:188} INFO - [2025-10-03T00:10:34.925+0000] {dagbag.py:545} INFO - Filling up the DagBag from /home/airflow/.local/lib/python3.12/site-packages/airflow/example_dags/example_display_name.py
[2025-10-03T00:10:34.943+0000] {processor.py:840} INFO - DAG(s) 'example_display_name' retrieved from /home/airflow/.local/lib/python3.12/site-packages/airflow/example_dags/example_display_name.py
[2025-10-03T00:10:34.994+0000] {logging_mixin.py:188} INFO - [2025-10-03T00:10:34.993+0000] {dag.py:3096} INFO - Sync 1 DAGs
[2025-10-03T00:10:35.024+0000] {logging_mixin.py:188} INFO - [2025-10-03T00:10:35.024+0000] {dag.py:3954} INFO - Setting next_dagrun for example_display_name to None, run_after=None
[2025-10-03T00:10:35.069+0000] {processor.py:183} INFO - Processing /home/airflow/.local/lib/python3.12/site-packages/airflow/example_dags/example_display_name.py took 0.167 seconds
[2025-10-03T00:11:06.860+0000] {processor.py:161} INFO - Started process (PID=15565) to work on /home/airflow/.local/lib/python3.12/site-packages/airflow/example_dags/example_display_name.py
[2025-10-03T00:11:06.863+0000] {processor.py:830} INFO - Processing file /home/airflow/.local/lib/python3.12/site-packages/airflow/example_dags/example_display_name.py for tasks to queue
[2025-10-03T00:11:06.868+0000] {logging_mixin.py:188} INFO - [2025-10-03T00:11:06.866+0000] {dagbag.py:545} INFO - Filling up the DagBag from /home/airflow/.local/lib/python3.12/site-packages/airflow/example_dags/example_display_name.py
[2025-10-03T00:11:06.894+0000] {processor.py:840} INFO - DAG(s) 'example_display_name' retrieved from /home/airflow/.local/lib/python3.12/site-packages/airflow/example_dags/example_display_name.py
[2025-10-03T00:11:06.975+0000] {logging_mixin.py:188} INFO - [2025-10-03T00:11:06.975+0000] {dag.py:3096} INFO - Sync 1 DAGs
[2025-10-03T00:11:07.032+0000] {logging_mixin.py:188} INFO - [2025-10-03T00:11:07.031+0000] {dag.py:3954} INFO - Setting next_dagrun for example_display_name to None, run_after=None
[2025-10-03T00:11:07.104+0000] {processor.py:183} INFO - Processing /home/airflow/.local/lib/python3.12/site-packages/airflow/example_dags/example_display_name.py took 0.268 seconds
[2025-10-03T00:11:37.772+0000] {processor.py:161} INFO - Started process (PID=15618) to work on /home/airflow/.local/lib/python3.12/site-packages/airflow/example_dags/example_display_name.py
[2025-10-03T00:11:37.775+0000] {processor.py:830} INFO - Processing file /home/airflow/.local/lib/python3.12/site-packages/airflow/example_dags/example_display_name.py for tasks to queue
[2025-10-03T00:11:37.779+0000] {logging_mixin.py:188} INFO - [2025-10-03T00:11:37.777+0000] {dagbag.py:545} INFO - Filling up the DagBag from /home/airflow/.local/lib/python3.12/site-packages/airflow/example_dags/example_display_name.py
[2025-10-03T00:11:37.797+0000] {processor.py:840} INFO - DAG(s) 'example_display_name' retrieved from /home/airflow/.local/lib/python3.12/site-packages/airflow/example_dags/example_display_name.py
[2025-10-03T00:11:37.865+0000] {logging_mixin.py:188} INFO - [2025-10-03T00:11:37.864+0000] {dag.py:3096} INFO - Sync 1 DAGs
[2025-10-03T00:11:37.897+0000] {logging_mixin.py:188} INFO - [2025-10-03T00:11:37.896+0000] {dag.py:3954} INFO - Setting next_dagrun for example_display_name to None, run_after=None
[2025-10-03T00:11:37.946+0000] {processor.py:183} INFO - Processing /home/airflow/.local/lib/python3.12/site-packages/airflow/example_dags/example_display_name.py took 0.194 seconds
[2025-10-03T00:12:08.413+0000] {processor.py:161} INFO - Started process (PID=15672) to work on /home/airflow/.local/lib/python3.12/site-packages/airflow/example_dags/example_display_name.py
[2025-10-03T00:12:08.417+0000] {processor.py:830} INFO - Processing file /home/airflow/.local/lib/python3.12/site-packages/airflow/example_dags/example_display_name.py for tasks to queue
[2025-10-03T00:12:08.420+0000] {logging_mixin.py:188} INFO - [2025-10-03T00:12:08.419+0000] {dagbag.py:545} INFO - Filling up the DagBag from /home/airflow/.local/lib/python3.12/site-packages/airflow/example_dags/example_display_name.py
[2025-10-03T00:12:08.438+0000] {processor.py:840} INFO - DAG(s) 'example_display_name' retrieved from /home/airflow/.local/lib/python3.12/site-packages/airflow/example_dags/example_display_name.py
[2025-10-03T00:12:08.515+0000] {logging_mixin.py:188} INFO - [2025-10-03T00:12:08.514+0000] {dag.py:3096} INFO - Sync 1 DAGs
[2025-10-03T00:12:08.552+0000] {logging_mixin.py:188} INFO - [2025-10-03T00:12:08.552+0000] {dag.py:3954} INFO - Setting next_dagrun for example_display_name to None, run_after=None
[2025-10-03T00:12:08.607+0000] {processor.py:183} INFO - Processing /home/airflow/.local/lib/python3.12/site-packages/airflow/example_dags/example_display_name.py took 0.215 seconds
[2025-10-03T00:12:38.807+0000] {processor.py:161} INFO - Started process (PID=15725) to work on /home/airflow/.local/lib/python3.12/site-packages/airflow/example_dags/example_display_name.py
[2025-10-03T00:12:38.814+0000] {processor.py:830} INFO - Processing file /home/airflow/.local/lib/python3.12/site-packages/airflow/example_dags/example_display_name.py for tasks to queue
[2025-10-03T00:12:38.822+0000] {logging_mixin.py:188} INFO - [2025-10-03T00:12:38.821+0000] {dagbag.py:545} INFO - Filling up the DagBag from /home/airflow/.local/lib/python3.12/site-packages/airflow/example_dags/example_display_name.py
[2025-10-03T00:12:38.839+0000] {processor.py:840} INFO - DAG(s) 'example_display_name' retrieved from /home/airflow/.local/lib/python3.12/site-packages/airflow/example_dags/example_display_name.py
[2025-10-03T00:12:38.895+0000] {logging_mixin.py:188} INFO - [2025-10-03T00:12:38.895+0000] {dag.py:3096} INFO - Sync 1 DAGs
[2025-10-03T00:12:38.941+0000] {logging_mixin.py:188} INFO - [2025-10-03T00:12:38.940+0000] {dag.py:3954} INFO - Setting next_dagrun for example_display_name to None, run_after=None
[2025-10-03T00:12:39.017+0000] {processor.py:183} INFO - Processing /home/airflow/.local/lib/python3.12/site-packages/airflow/example_dags/example_display_name.py took 0.232 seconds
[2025-10-03T00:13:09.268+0000] {processor.py:161} INFO - Started process (PID=15778) to work on /home/airflow/.local/lib/python3.12/site-packages/airflow/example_dags/example_display_name.py
[2025-10-03T00:13:09.271+0000] {processor.py:830} INFO - Processing file /home/airflow/.local/lib/python3.12/site-packages/airflow/example_dags/example_display_name.py for tasks to queue
[2025-10-03T00:13:09.275+0000] {logging_mixin.py:188} INFO - [2025-10-03T00:13:09.274+0000] {dagbag.py:545} INFO - Filling up the DagBag from /home/airflow/.local/lib/python3.12/site-packages/airflow/example_dags/example_display_name.py
[2025-10-03T00:13:09.298+0000] {processor.py:840} INFO - DAG(s) 'example_display_name' retrieved from /home/airflow/.local/lib/python3.12/site-packages/airflow/example_dags/example_display_name.py
[2025-10-03T00:13:09.374+0000] {logging_mixin.py:188} INFO - [2025-10-03T00:13:09.374+0000] {dag.py:3096} INFO - Sync 1 DAGs
[2025-10-03T00:13:09.416+0000] {logging_mixin.py:188} INFO - [2025-10-03T00:13:09.415+0000] {dag.py:3954} INFO - Setting next_dagrun for example_display_name to None, run_after=None
[2025-10-03T00:13:09.510+0000] {processor.py:183} INFO - Processing /home/airflow/.local/lib/python3.12/site-packages/airflow/example_dags/example_display_name.py took 0.265 seconds
[2025-10-03T00:13:40.598+0000] {processor.py:161} INFO - Started process (PID=15831) to work on /home/airflow/.local/lib/python3.12/site-packages/airflow/example_dags/example_display_name.py
[2025-10-03T00:13:40.603+0000] {processor.py:830} INFO - Processing file /home/airflow/.local/lib/python3.12/site-packages/airflow/example_dags/example_display_name.py for tasks to queue
[2025-10-03T00:13:40.606+0000] {logging_mixin.py:188} INFO - [2025-10-03T00:13:40.604+0000] {dagbag.py:545} INFO - Filling up the DagBag from /home/airflow/.local/lib/python3.12/site-packages/airflow/example_dags/example_display_name.py
[2025-10-03T00:13:40.625+0000] {processor.py:840} INFO - DAG(s) 'example_display_name' retrieved from /home/airflow/.local/lib/python3.12/site-packages/airflow/example_dags/example_display_name.py
[2025-10-03T00:13:40.684+0000] {logging_mixin.py:188} INFO - [2025-10-03T00:13:40.683+0000] {dag.py:3096} INFO - Sync 1 DAGs
[2025-10-03T00:13:40.725+0000] {logging_mixin.py:188} INFO - [2025-10-03T00:13:40.725+0000] {dag.py:3954} INFO - Setting next_dagrun for example_display_name to None, run_after=None
[2025-10-03T00:13:40.779+0000] {processor.py:183} INFO - Processing /home/airflow/.local/lib/python3.12/site-packages/airflow/example_dags/example_display_name.py took 0.201 seconds
[2025-10-03T00:14:11.484+0000] {processor.py:161} INFO - Started process (PID=15884) to work on /home/airflow/.local/lib/python3.12/site-packages/airflow/example_dags/example_display_name.py
[2025-10-03T00:14:11.489+0000] {processor.py:830} INFO - Processing file /home/airflow/.local/lib/python3.12/site-packages/airflow/example_dags/example_display_name.py for tasks to queue
[2025-10-03T00:14:11.492+0000] {logging_mixin.py:188} INFO - [2025-10-03T00:14:11.491+0000] {dagbag.py:545} INFO - Filling up the DagBag from /home/airflow/.local/lib/python3.12/site-packages/airflow/example_dags/example_display_name.py
[2025-10-03T00:14:11.514+0000] {processor.py:840} INFO - DAG(s) 'example_display_name' retrieved from /home/airflow/.local/lib/python3.12/site-packages/airflow/example_dags/example_display_name.py
[2025-10-03T00:14:11.579+0000] {logging_mixin.py:188} INFO - [2025-10-03T00:14:11.578+0000] {dag.py:3096} INFO - Sync 1 DAGs
[2025-10-03T00:14:11.612+0000] {logging_mixin.py:188} INFO - [2025-10-03T00:14:11.612+0000] {dag.py:3954} INFO - Setting next_dagrun for example_display_name to None, run_after=None
[2025-10-03T00:14:11.661+0000] {processor.py:183} INFO - Processing /home/airflow/.local/lib/python3.12/site-packages/airflow/example_dags/example_display_name.py took 0.199 seconds
[2025-10-03T00:14:41.755+0000] {processor.py:161} INFO - Started process (PID=15936) to work on /home/airflow/.local/lib/python3.12/site-packages/airflow/example_dags/example_display_name.py
[2025-10-03T00:14:41.758+0000] {processor.py:830} INFO - Processing file /home/airflow/.local/lib/python3.12/site-packages/airflow/example_dags/example_display_name.py for tasks to queue
[2025-10-03T00:14:41.760+0000] {logging_mixin.py:188} INFO - [2025-10-03T00:14:41.759+0000] {dagbag.py:545} INFO - Filling up the DagBag from /home/airflow/.local/lib/python3.12/site-packages/airflow/example_dags/example_display_name.py
[2025-10-03T00:14:41.778+0000] {processor.py:840} INFO - DAG(s) 'example_display_name' retrieved from /home/airflow/.local/lib/python3.12/site-packages/airflow/example_dags/example_display_name.py
[2025-10-03T00:14:41.830+0000] {logging_mixin.py:188} INFO - [2025-10-03T00:14:41.830+0000] {dag.py:3096} INFO - Sync 1 DAGs
[2025-10-03T00:14:41.861+0000] {logging_mixin.py:188} INFO - [2025-10-03T00:14:41.860+0000] {dag.py:3954} INFO - Setting next_dagrun for example_display_name to None, run_after=None
[2025-10-03T00:14:41.916+0000] {processor.py:183} INFO - Processing /home/airflow/.local/lib/python3.12/site-packages/airflow/example_dags/example_display_name.py took 0.183 seconds
[2025-10-03T00:15:12.163+0000] {processor.py:161} INFO - Started process (PID=15989) to work on /home/airflow/.local/lib/python3.12/site-packages/airflow/example_dags/example_display_name.py
[2025-10-03T00:15:12.170+0000] {processor.py:830} INFO - Processing file /home/airflow/.local/lib/python3.12/site-packages/airflow/example_dags/example_display_name.py for tasks to queue
[2025-10-03T00:15:12.175+0000] {logging_mixin.py:188} INFO - [2025-10-03T00:15:12.173+0000] {dagbag.py:545} INFO - Filling up the DagBag from /home/airflow/.local/lib/python3.12/site-packages/airflow/example_dags/example_display_name.py
[2025-10-03T00:15:12.199+0000] {processor.py:840} INFO - DAG(s) 'example_display_name' retrieved from /home/airflow/.local/lib/python3.12/site-packages/airflow/example_dags/example_display_name.py
[2025-10-03T00:15:12.296+0000] {logging_mixin.py:188} INFO - [2025-10-03T00:15:12.295+0000] {dag.py:3096} INFO - Sync 1 DAGs
[2025-10-03T00:15:12.339+0000] {logging_mixin.py:188} INFO - [2025-10-03T00:15:12.338+0000] {dag.py:3954} INFO - Setting next_dagrun for example_display_name to None, run_after=None
[2025-10-03T00:15:12.406+0000] {processor.py:183} INFO - Processing /home/airflow/.local/lib/python3.12/site-packages/airflow/example_dags/example_display_name.py took 0.276 seconds
[2025-10-03T00:15:42.794+0000] {processor.py:161} INFO - Started process (PID=16040) to work on /home/airflow/.local/lib/python3.12/site-packages/airflow/example_dags/example_display_name.py
[2025-10-03T00:15:42.797+0000] {processor.py:830} INFO - Processing file /home/airflow/.local/lib/python3.12/site-packages/airflow/example_dags/example_display_name.py for tasks to queue
[2025-10-03T00:15:42.804+0000] {logging_mixin.py:188} INFO - [2025-10-03T00:15:42.803+0000] {dagbag.py:545} INFO - Filling up the DagBag from /home/airflow/.local/lib/python3.12/site-packages/airflow/example_dags/example_display_name.py
[2025-10-03T00:15:42.827+0000] {processor.py:840} INFO - DAG(s) 'example_display_name' retrieved from /home/airflow/.local/lib/python3.12/site-packages/airflow/example_dags/example_display_name.py
[2025-10-03T00:15:42.899+0000] {logging_mixin.py:188} INFO - [2025-10-03T00:15:42.898+0000] {dag.py:3096} INFO - Sync 1 DAGs
[2025-10-03T00:15:42.952+0000] {logging_mixin.py:188} INFO - [2025-10-03T00:15:42.951+0000] {dag.py:3954} INFO - Setting next_dagrun for example_display_name to None, run_after=None
[2025-10-03T00:15:43.028+0000] {processor.py:183} INFO - Processing /home/airflow/.local/lib/python3.12/site-packages/airflow/example_dags/example_display_name.py took 0.252 seconds
[2025-10-03T00:16:13.851+0000] {processor.py:161} INFO - Started process (PID=16094) to work on /home/airflow/.local/lib/python3.12/site-packages/airflow/example_dags/example_display_name.py
[2025-10-03T00:16:13.853+0000] {processor.py:830} INFO - Processing file /home/airflow/.local/lib/python3.12/site-packages/airflow/example_dags/example_display_name.py for tasks to queue
[2025-10-03T00:16:13.855+0000] {logging_mixin.py:188} INFO - [2025-10-03T00:16:13.855+0000] {dagbag.py:545} INFO - Filling up the DagBag from /home/airflow/.local/lib/python3.12/site-packages/airflow/example_dags/example_display_name.py
[2025-10-03T00:16:13.869+0000] {processor.py:840} INFO - DAG(s) 'example_display_name' retrieved from /home/airflow/.local/lib/python3.12/site-packages/airflow/example_dags/example_display_name.py
[2025-10-03T00:16:13.914+0000] {logging_mixin.py:188} INFO - [2025-10-03T00:16:13.914+0000] {dag.py:3096} INFO - Sync 1 DAGs
[2025-10-03T00:16:13.944+0000] {logging_mixin.py:188} INFO - [2025-10-03T00:16:13.944+0000] {dag.py:3954} INFO - Setting next_dagrun for example_display_name to None, run_after=None
[2025-10-03T00:16:13.989+0000] {processor.py:183} INFO - Processing /home/airflow/.local/lib/python3.12/site-packages/airflow/example_dags/example_display_name.py took 0.153 seconds
[2025-10-03T00:16:44.389+0000] {processor.py:161} INFO - Started process (PID=16147) to work on /home/airflow/.local/lib/python3.12/site-packages/airflow/example_dags/example_display_name.py
[2025-10-03T00:16:44.392+0000] {processor.py:830} INFO - Processing file /home/airflow/.local/lib/python3.12/site-packages/airflow/example_dags/example_display_name.py for tasks to queue
[2025-10-03T00:16:44.394+0000] {logging_mixin.py:188} INFO - [2025-10-03T00:16:44.393+0000] {dagbag.py:545} INFO - Filling up the DagBag from /home/airflow/.local/lib/python3.12/site-packages/airflow/example_dags/example_display_name.py
[2025-10-03T00:16:44.411+0000] {processor.py:840} INFO - DAG(s) 'example_display_name' retrieved from /home/airflow/.local/lib/python3.12/site-packages/airflow/example_dags/example_display_name.py
[2025-10-03T00:16:44.461+0000] {logging_mixin.py:188} INFO - [2025-10-03T00:16:44.460+0000] {dag.py:3096} INFO - Sync 1 DAGs
[2025-10-03T00:16:44.492+0000] {logging_mixin.py:188} INFO - [2025-10-03T00:16:44.491+0000] {dag.py:3954} INFO - Setting next_dagrun for example_display_name to None, run_after=None
[2025-10-03T00:16:44.545+0000] {processor.py:183} INFO - Processing /home/airflow/.local/lib/python3.12/site-packages/airflow/example_dags/example_display_name.py took 0.173 seconds
[2025-10-03T00:17:15.668+0000] {processor.py:161} INFO - Started process (PID=16200) to work on /home/airflow/.local/lib/python3.12/site-packages/airflow/example_dags/example_display_name.py
[2025-10-03T00:17:15.671+0000] {processor.py:830} INFO - Processing file /home/airflow/.local/lib/python3.12/site-packages/airflow/example_dags/example_display_name.py for tasks to queue
[2025-10-03T00:17:15.674+0000] {logging_mixin.py:188} INFO - [2025-10-03T00:17:15.673+0000] {dagbag.py:545} INFO - Filling up the DagBag from /home/airflow/.local/lib/python3.12/site-packages/airflow/example_dags/example_display_name.py
[2025-10-03T00:17:15.690+0000] {processor.py:840} INFO - DAG(s) 'example_display_name' retrieved from /home/airflow/.local/lib/python3.12/site-packages/airflow/example_dags/example_display_name.py
[2025-10-03T00:17:15.743+0000] {logging_mixin.py:188} INFO - [2025-10-03T00:17:15.743+0000] {dag.py:3096} INFO - Sync 1 DAGs
[2025-10-03T00:17:15.776+0000] {logging_mixin.py:188} INFO - [2025-10-03T00:17:15.775+0000] {dag.py:3954} INFO - Setting next_dagrun for example_display_name to None, run_after=None
[2025-10-03T00:17:15.838+0000] {processor.py:183} INFO - Processing /home/airflow/.local/lib/python3.12/site-packages/airflow/example_dags/example_display_name.py took 0.195 seconds
[2025-10-03T00:17:46.527+0000] {processor.py:161} INFO - Started process (PID=16253) to work on /home/airflow/.local/lib/python3.12/site-packages/airflow/example_dags/example_display_name.py
[2025-10-03T00:17:46.530+0000] {processor.py:830} INFO - Processing file /home/airflow/.local/lib/python3.12/site-packages/airflow/example_dags/example_display_name.py for tasks to queue
[2025-10-03T00:17:46.534+0000] {logging_mixin.py:188} INFO - [2025-10-03T00:17:46.532+0000] {dagbag.py:545} INFO - Filling up the DagBag from /home/airflow/.local/lib/python3.12/site-packages/airflow/example_dags/example_display_name.py
[2025-10-03T00:17:46.553+0000] {processor.py:840} INFO - DAG(s) 'example_display_name' retrieved from /home/airflow/.local/lib/python3.12/site-packages/airflow/example_dags/example_display_name.py
[2025-10-03T00:17:46.625+0000] {logging_mixin.py:188} INFO - [2025-10-03T00:17:46.625+0000] {dag.py:3096} INFO - Sync 1 DAGs
[2025-10-03T00:17:46.680+0000] {logging_mixin.py:188} INFO - [2025-10-03T00:17:46.678+0000] {dag.py:3954} INFO - Setting next_dagrun for example_display_name to None, run_after=None
[2025-10-03T00:17:46.748+0000] {processor.py:183} INFO - Processing /home/airflow/.local/lib/python3.12/site-packages/airflow/example_dags/example_display_name.py took 0.239 seconds
[2025-10-03T00:18:16.909+0000] {processor.py:161} INFO - Started process (PID=16306) to work on /home/airflow/.local/lib/python3.12/site-packages/airflow/example_dags/example_display_name.py
[2025-10-03T00:18:16.911+0000] {processor.py:830} INFO - Processing file /home/airflow/.local/lib/python3.12/site-packages/airflow/example_dags/example_display_name.py for tasks to queue
[2025-10-03T00:18:16.914+0000] {logging_mixin.py:188} INFO - [2025-10-03T00:18:16.913+0000] {dagbag.py:545} INFO - Filling up the DagBag from /home/airflow/.local/lib/python3.12/site-packages/airflow/example_dags/example_display_name.py
[2025-10-03T00:18:16.928+0000] {processor.py:840} INFO - DAG(s) 'example_display_name' retrieved from /home/airflow/.local/lib/python3.12/site-packages/airflow/example_dags/example_display_name.py
[2025-10-03T00:18:16.975+0000] {logging_mixin.py:188} INFO - [2025-10-03T00:18:16.975+0000] {dag.py:3096} INFO - Sync 1 DAGs
[2025-10-03T00:18:17.013+0000] {logging_mixin.py:188} INFO - [2025-10-03T00:18:17.013+0000] {dag.py:3954} INFO - Setting next_dagrun for example_display_name to None, run_after=None
[2025-10-03T00:18:17.065+0000] {processor.py:183} INFO - Processing /home/airflow/.local/lib/python3.12/site-packages/airflow/example_dags/example_display_name.py took 0.171 seconds
[2025-10-03T00:18:47.295+0000] {processor.py:161} INFO - Started process (PID=16359) to work on /home/airflow/.local/lib/python3.12/site-packages/airflow/example_dags/example_display_name.py
[2025-10-03T00:18:47.297+0000] {processor.py:830} INFO - Processing file /home/airflow/.local/lib/python3.12/site-packages/airflow/example_dags/example_display_name.py for tasks to queue
[2025-10-03T00:18:47.300+0000] {logging_mixin.py:188} INFO - [2025-10-03T00:18:47.299+0000] {dagbag.py:545} INFO - Filling up the DagBag from /home/airflow/.local/lib/python3.12/site-packages/airflow/example_dags/example_display_name.py
[2025-10-03T00:18:47.319+0000] {processor.py:840} INFO - DAG(s) 'example_display_name' retrieved from /home/airflow/.local/lib/python3.12/site-packages/airflow/example_dags/example_display_name.py
[2025-10-03T00:18:47.371+0000] {logging_mixin.py:188} INFO - [2025-10-03T00:18:47.371+0000] {dag.py:3096} INFO - Sync 1 DAGs
[2025-10-03T00:18:47.409+0000] {logging_mixin.py:188} INFO - [2025-10-03T00:18:47.408+0000] {dag.py:3954} INFO - Setting next_dagrun for example_display_name to None, run_after=None
[2025-10-03T00:18:47.457+0000] {processor.py:183} INFO - Processing /home/airflow/.local/lib/python3.12/site-packages/airflow/example_dags/example_display_name.py took 0.179 seconds
[2025-10-03T00:19:18.532+0000] {processor.py:161} INFO - Started process (PID=16412) to work on /home/airflow/.local/lib/python3.12/site-packages/airflow/example_dags/example_display_name.py
[2025-10-03T00:19:18.534+0000] {processor.py:830} INFO - Processing file /home/airflow/.local/lib/python3.12/site-packages/airflow/example_dags/example_display_name.py for tasks to queue
[2025-10-03T00:19:18.537+0000] {logging_mixin.py:188} INFO - [2025-10-03T00:19:18.536+0000] {dagbag.py:545} INFO - Filling up the DagBag from /home/airflow/.local/lib/python3.12/site-packages/airflow/example_dags/example_display_name.py
[2025-10-03T00:19:18.552+0000] {processor.py:840} INFO - DAG(s) 'example_display_name' retrieved from /home/airflow/.local/lib/python3.12/site-packages/airflow/example_dags/example_display_name.py
[2025-10-03T00:19:18.599+0000] {logging_mixin.py:188} INFO - [2025-10-03T00:19:18.599+0000] {dag.py:3096} INFO - Sync 1 DAGs
[2025-10-03T00:19:18.634+0000] {logging_mixin.py:188} INFO - [2025-10-03T00:19:18.633+0000] {dag.py:3954} INFO - Setting next_dagrun for example_display_name to None, run_after=None
[2025-10-03T00:19:18.681+0000] {processor.py:183} INFO - Processing /home/airflow/.local/lib/python3.12/site-packages/airflow/example_dags/example_display_name.py took 0.164 seconds
[2025-10-03T00:19:49.009+0000] {processor.py:161} INFO - Started process (PID=16466) to work on /home/airflow/.local/lib/python3.12/site-packages/airflow/example_dags/example_display_name.py
[2025-10-03T00:19:49.012+0000] {processor.py:830} INFO - Processing file /home/airflow/.local/lib/python3.12/site-packages/airflow/example_dags/example_display_name.py for tasks to queue
[2025-10-03T00:19:49.015+0000] {logging_mixin.py:188} INFO - [2025-10-03T00:19:49.014+0000] {dagbag.py:545} INFO - Filling up the DagBag from /home/airflow/.local/lib/python3.12/site-packages/airflow/example_dags/example_display_name.py
[2025-10-03T00:19:49.028+0000] {processor.py:840} INFO - DAG(s) 'example_display_name' retrieved from /home/airflow/.local/lib/python3.12/site-packages/airflow/example_dags/example_display_name.py
[2025-10-03T00:19:49.079+0000] {logging_mixin.py:188} INFO - [2025-10-03T00:19:49.079+0000] {dag.py:3096} INFO - Sync 1 DAGs
[2025-10-03T00:19:49.112+0000] {logging_mixin.py:188} INFO - [2025-10-03T00:19:49.111+0000] {dag.py:3954} INFO - Setting next_dagrun for example_display_name to None, run_after=None
[2025-10-03T00:19:49.162+0000] {processor.py:183} INFO - Processing /home/airflow/.local/lib/python3.12/site-packages/airflow/example_dags/example_display_name.py took 0.174 seconds
[2025-10-03T00:20:19.687+0000] {processor.py:161} INFO - Started process (PID=16518) to work on /home/airflow/.local/lib/python3.12/site-packages/airflow/example_dags/example_display_name.py
[2025-10-03T00:20:19.690+0000] {processor.py:830} INFO - Processing file /home/airflow/.local/lib/python3.12/site-packages/airflow/example_dags/example_display_name.py for tasks to queue
[2025-10-03T00:20:19.692+0000] {logging_mixin.py:188} INFO - [2025-10-03T00:20:19.691+0000] {dagbag.py:545} INFO - Filling up the DagBag from /home/airflow/.local/lib/python3.12/site-packages/airflow/example_dags/example_display_name.py
[2025-10-03T00:20:19.709+0000] {processor.py:840} INFO - DAG(s) 'example_display_name' retrieved from /home/airflow/.local/lib/python3.12/site-packages/airflow/example_dags/example_display_name.py
[2025-10-03T00:20:19.765+0000] {logging_mixin.py:188} INFO - [2025-10-03T00:20:19.764+0000] {dag.py:3096} INFO - Sync 1 DAGs
[2025-10-03T00:20:19.800+0000] {logging_mixin.py:188} INFO - [2025-10-03T00:20:19.800+0000] {dag.py:3954} INFO - Setting next_dagrun for example_display_name to None, run_after=None
[2025-10-03T00:20:19.866+0000] {processor.py:183} INFO - Processing /home/airflow/.local/lib/python3.12/site-packages/airflow/example_dags/example_display_name.py took 0.194 seconds
[2025-10-03T00:20:49.992+0000] {processor.py:161} INFO - Started process (PID=16571) to work on /home/airflow/.local/lib/python3.12/site-packages/airflow/example_dags/example_display_name.py
[2025-10-03T00:20:49.996+0000] {processor.py:830} INFO - Processing file /home/airflow/.local/lib/python3.12/site-packages/airflow/example_dags/example_display_name.py for tasks to queue
[2025-10-03T00:20:49.998+0000] {logging_mixin.py:188} INFO - [2025-10-03T00:20:49.998+0000] {dagbag.py:545} INFO - Filling up the DagBag from /home/airflow/.local/lib/python3.12/site-packages/airflow/example_dags/example_display_name.py
[2025-10-03T00:20:50.018+0000] {processor.py:840} INFO - DAG(s) 'example_display_name' retrieved from /home/airflow/.local/lib/python3.12/site-packages/airflow/example_dags/example_display_name.py
[2025-10-03T00:20:50.079+0000] {logging_mixin.py:188} INFO - [2025-10-03T00:20:50.078+0000] {dag.py:3096} INFO - Sync 1 DAGs
[2025-10-03T00:20:50.115+0000] {logging_mixin.py:188} INFO - [2025-10-03T00:20:50.115+0000] {dag.py:3954} INFO - Setting next_dagrun for example_display_name to None, run_after=None
[2025-10-03T00:20:50.173+0000] {processor.py:183} INFO - Processing /home/airflow/.local/lib/python3.12/site-packages/airflow/example_dags/example_display_name.py took 0.199 seconds
