[2025-10-03T00:00:18.160+0000] {processor.py:161} INFO - Started process (PID=14445) to work on /home/airflow/.local/lib/python3.12/site-packages/airflow/example_dags/example_kubernetes_executor.py
[2025-10-03T00:00:18.164+0000] {processor.py:830} INFO - Processing file /home/airflow/.local/lib/python3.12/site-packages/airflow/example_dags/example_kubernetes_executor.py for tasks to queue
[2025-10-03T00:00:18.167+0000] {logging_mixin.py:188} INFO - [2025-10-03T00:00:18.166+0000] {dagbag.py:545} INFO - Filling up the DagBag from /home/airflow/.local/lib/python3.12/site-packages/airflow/example_dags/example_kubernetes_executor.py
[2025-10-03T00:00:18.211+0000] {processor.py:840} INFO - DAG(s) 'example_kubernetes_executor' retrieved from /home/airflow/.local/lib/python3.12/site-packages/airflow/example_dags/example_kubernetes_executor.py
[2025-10-03T00:00:18.306+0000] {logging_mixin.py:188} INFO - [2025-10-03T00:00:18.306+0000] {dag.py:3096} INFO - Sync 1 DAGs
[2025-10-03T00:00:18.333+0000] {logging_mixin.py:188} INFO - [2025-10-03T00:00:18.333+0000] {dag.py:3954} INFO - Setting next_dagrun for example_kubernetes_executor to None, run_after=None
[2025-10-03T00:00:18.375+0000] {processor.py:183} INFO - Processing /home/airflow/.local/lib/python3.12/site-packages/airflow/example_dags/example_kubernetes_executor.py took 0.236 seconds
[2025-10-03T00:00:48.776+0000] {processor.py:161} INFO - Started process (PID=14498) to work on /home/airflow/.local/lib/python3.12/site-packages/airflow/example_dags/example_kubernetes_executor.py
[2025-10-03T00:00:48.779+0000] {processor.py:830} INFO - Processing file /home/airflow/.local/lib/python3.12/site-packages/airflow/example_dags/example_kubernetes_executor.py for tasks to queue
[2025-10-03T00:00:48.781+0000] {logging_mixin.py:188} INFO - [2025-10-03T00:00:48.780+0000] {dagbag.py:545} INFO - Filling up the DagBag from /home/airflow/.local/lib/python3.12/site-packages/airflow/example_dags/example_kubernetes_executor.py
[2025-10-03T00:00:48.809+0000] {processor.py:840} INFO - DAG(s) 'example_kubernetes_executor' retrieved from /home/airflow/.local/lib/python3.12/site-packages/airflow/example_dags/example_kubernetes_executor.py
[2025-10-03T00:00:48.912+0000] {logging_mixin.py:188} INFO - [2025-10-03T00:00:48.912+0000] {dag.py:3096} INFO - Sync 1 DAGs
[2025-10-03T00:00:48.952+0000] {logging_mixin.py:188} INFO - [2025-10-03T00:00:48.951+0000] {dag.py:3954} INFO - Setting next_dagrun for example_kubernetes_executor to None, run_after=None
[2025-10-03T00:00:49.004+0000] {processor.py:183} INFO - Processing /home/airflow/.local/lib/python3.12/site-packages/airflow/example_dags/example_kubernetes_executor.py took 0.241 seconds
[2025-10-03T00:01:19.773+0000] {processor.py:161} INFO - Started process (PID=14551) to work on /home/airflow/.local/lib/python3.12/site-packages/airflow/example_dags/example_kubernetes_executor.py
[2025-10-03T00:01:19.776+0000] {processor.py:830} INFO - Processing file /home/airflow/.local/lib/python3.12/site-packages/airflow/example_dags/example_kubernetes_executor.py for tasks to queue
[2025-10-03T00:01:19.781+0000] {logging_mixin.py:188} INFO - [2025-10-03T00:01:19.779+0000] {dagbag.py:545} INFO - Filling up the DagBag from /home/airflow/.local/lib/python3.12/site-packages/airflow/example_dags/example_kubernetes_executor.py
[2025-10-03T00:01:19.822+0000] {processor.py:840} INFO - DAG(s) 'example_kubernetes_executor' retrieved from /home/airflow/.local/lib/python3.12/site-packages/airflow/example_dags/example_kubernetes_executor.py
[2025-10-03T00:01:19.924+0000] {logging_mixin.py:188} INFO - [2025-10-03T00:01:19.924+0000] {dag.py:3096} INFO - Sync 1 DAGs
[2025-10-03T00:01:19.954+0000] {logging_mixin.py:188} INFO - [2025-10-03T00:01:19.953+0000] {dag.py:3954} INFO - Setting next_dagrun for example_kubernetes_executor to None, run_after=None
[2025-10-03T00:01:20.002+0000] {processor.py:183} INFO - Processing /home/airflow/.local/lib/python3.12/site-packages/airflow/example_dags/example_kubernetes_executor.py took 0.246 seconds
[2025-10-03T00:01:50.178+0000] {processor.py:161} INFO - Started process (PID=14604) to work on /home/airflow/.local/lib/python3.12/site-packages/airflow/example_dags/example_kubernetes_executor.py
[2025-10-03T00:01:50.183+0000] {processor.py:830} INFO - Processing file /home/airflow/.local/lib/python3.12/site-packages/airflow/example_dags/example_kubernetes_executor.py for tasks to queue
[2025-10-03T00:01:50.188+0000] {logging_mixin.py:188} INFO - [2025-10-03T00:01:50.186+0000] {dagbag.py:545} INFO - Filling up the DagBag from /home/airflow/.local/lib/python3.12/site-packages/airflow/example_dags/example_kubernetes_executor.py
[2025-10-03T00:01:50.233+0000] {processor.py:840} INFO - DAG(s) 'example_kubernetes_executor' retrieved from /home/airflow/.local/lib/python3.12/site-packages/airflow/example_dags/example_kubernetes_executor.py
[2025-10-03T00:01:50.377+0000] {logging_mixin.py:188} INFO - [2025-10-03T00:01:50.376+0000] {dag.py:3096} INFO - Sync 1 DAGs
[2025-10-03T00:01:50.410+0000] {logging_mixin.py:188} INFO - [2025-10-03T00:01:50.409+0000] {dag.py:3954} INFO - Setting next_dagrun for example_kubernetes_executor to None, run_after=None
[2025-10-03T00:01:50.451+0000] {processor.py:183} INFO - Processing /home/airflow/.local/lib/python3.12/site-packages/airflow/example_dags/example_kubernetes_executor.py took 0.306 seconds
[2025-10-03T00:02:20.883+0000] {processor.py:161} INFO - Started process (PID=14658) to work on /home/airflow/.local/lib/python3.12/site-packages/airflow/example_dags/example_kubernetes_executor.py
[2025-10-03T00:02:20.885+0000] {processor.py:830} INFO - Processing file /home/airflow/.local/lib/python3.12/site-packages/airflow/example_dags/example_kubernetes_executor.py for tasks to queue
[2025-10-03T00:02:20.888+0000] {logging_mixin.py:188} INFO - [2025-10-03T00:02:20.887+0000] {dagbag.py:545} INFO - Filling up the DagBag from /home/airflow/.local/lib/python3.12/site-packages/airflow/example_dags/example_kubernetes_executor.py
[2025-10-03T00:02:20.922+0000] {processor.py:840} INFO - DAG(s) 'example_kubernetes_executor' retrieved from /home/airflow/.local/lib/python3.12/site-packages/airflow/example_dags/example_kubernetes_executor.py
[2025-10-03T00:02:21.022+0000] {logging_mixin.py:188} INFO - [2025-10-03T00:02:21.022+0000] {dag.py:3096} INFO - Sync 1 DAGs
[2025-10-03T00:02:21.058+0000] {logging_mixin.py:188} INFO - [2025-10-03T00:02:21.058+0000] {dag.py:3954} INFO - Setting next_dagrun for example_kubernetes_executor to None, run_after=None
[2025-10-03T00:02:21.116+0000] {processor.py:183} INFO - Processing /home/airflow/.local/lib/python3.12/site-packages/airflow/example_dags/example_kubernetes_executor.py took 0.249 seconds
[2025-10-03T00:02:51.851+0000] {processor.py:161} INFO - Started process (PID=14711) to work on /home/airflow/.local/lib/python3.12/site-packages/airflow/example_dags/example_kubernetes_executor.py
[2025-10-03T00:02:51.855+0000] {processor.py:830} INFO - Processing file /home/airflow/.local/lib/python3.12/site-packages/airflow/example_dags/example_kubernetes_executor.py for tasks to queue
[2025-10-03T00:02:51.857+0000] {logging_mixin.py:188} INFO - [2025-10-03T00:02:51.856+0000] {dagbag.py:545} INFO - Filling up the DagBag from /home/airflow/.local/lib/python3.12/site-packages/airflow/example_dags/example_kubernetes_executor.py
[2025-10-03T00:02:51.888+0000] {processor.py:840} INFO - DAG(s) 'example_kubernetes_executor' retrieved from /home/airflow/.local/lib/python3.12/site-packages/airflow/example_dags/example_kubernetes_executor.py
[2025-10-03T00:02:52.008+0000] {logging_mixin.py:188} INFO - [2025-10-03T00:02:52.008+0000] {dag.py:3096} INFO - Sync 1 DAGs
[2025-10-03T00:02:52.061+0000] {logging_mixin.py:188} INFO - [2025-10-03T00:02:52.060+0000] {dag.py:3954} INFO - Setting next_dagrun for example_kubernetes_executor to None, run_after=None
[2025-10-03T00:02:52.140+0000] {processor.py:183} INFO - Processing /home/airflow/.local/lib/python3.12/site-packages/airflow/example_dags/example_kubernetes_executor.py took 0.318 seconds
[2025-10-03T00:03:22.938+0000] {processor.py:161} INFO - Started process (PID=14764) to work on /home/airflow/.local/lib/python3.12/site-packages/airflow/example_dags/example_kubernetes_executor.py
[2025-10-03T00:03:22.942+0000] {processor.py:830} INFO - Processing file /home/airflow/.local/lib/python3.12/site-packages/airflow/example_dags/example_kubernetes_executor.py for tasks to queue
[2025-10-03T00:03:22.944+0000] {logging_mixin.py:188} INFO - [2025-10-03T00:03:22.943+0000] {dagbag.py:545} INFO - Filling up the DagBag from /home/airflow/.local/lib/python3.12/site-packages/airflow/example_dags/example_kubernetes_executor.py
[2025-10-03T00:03:22.978+0000] {processor.py:840} INFO - DAG(s) 'example_kubernetes_executor' retrieved from /home/airflow/.local/lib/python3.12/site-packages/airflow/example_dags/example_kubernetes_executor.py
[2025-10-03T00:03:23.076+0000] {logging_mixin.py:188} INFO - [2025-10-03T00:03:23.075+0000] {dag.py:3096} INFO - Sync 1 DAGs
[2025-10-03T00:03:23.111+0000] {logging_mixin.py:188} INFO - [2025-10-03T00:03:23.110+0000] {dag.py:3954} INFO - Setting next_dagrun for example_kubernetes_executor to None, run_after=None
[2025-10-03T00:03:23.154+0000] {processor.py:183} INFO - Processing /home/airflow/.local/lib/python3.12/site-packages/airflow/example_dags/example_kubernetes_executor.py took 0.239 seconds
[2025-10-03T00:03:53.520+0000] {processor.py:161} INFO - Started process (PID=14817) to work on /home/airflow/.local/lib/python3.12/site-packages/airflow/example_dags/example_kubernetes_executor.py
[2025-10-03T00:03:53.526+0000] {processor.py:830} INFO - Processing file /home/airflow/.local/lib/python3.12/site-packages/airflow/example_dags/example_kubernetes_executor.py for tasks to queue
[2025-10-03T00:03:53.531+0000] {logging_mixin.py:188} INFO - [2025-10-03T00:03:53.529+0000] {dagbag.py:545} INFO - Filling up the DagBag from /home/airflow/.local/lib/python3.12/site-packages/airflow/example_dags/example_kubernetes_executor.py
[2025-10-03T00:03:53.595+0000] {processor.py:840} INFO - DAG(s) 'example_kubernetes_executor' retrieved from /home/airflow/.local/lib/python3.12/site-packages/airflow/example_dags/example_kubernetes_executor.py
[2025-10-03T00:03:53.707+0000] {logging_mixin.py:188} INFO - [2025-10-03T00:03:53.707+0000] {dag.py:3096} INFO - Sync 1 DAGs
[2025-10-03T00:03:53.740+0000] {logging_mixin.py:188} INFO - [2025-10-03T00:03:53.740+0000] {dag.py:3954} INFO - Setting next_dagrun for example_kubernetes_executor to None, run_after=None
[2025-10-03T00:03:53.797+0000] {processor.py:183} INFO - Processing /home/airflow/.local/lib/python3.12/site-packages/airflow/example_dags/example_kubernetes_executor.py took 0.315 seconds
[2025-10-03T00:04:24.534+0000] {processor.py:161} INFO - Started process (PID=14870) to work on /home/airflow/.local/lib/python3.12/site-packages/airflow/example_dags/example_kubernetes_executor.py
[2025-10-03T00:04:24.537+0000] {processor.py:830} INFO - Processing file /home/airflow/.local/lib/python3.12/site-packages/airflow/example_dags/example_kubernetes_executor.py for tasks to queue
[2025-10-03T00:04:24.540+0000] {logging_mixin.py:188} INFO - [2025-10-03T00:04:24.539+0000] {dagbag.py:545} INFO - Filling up the DagBag from /home/airflow/.local/lib/python3.12/site-packages/airflow/example_dags/example_kubernetes_executor.py
[2025-10-03T00:04:24.575+0000] {processor.py:840} INFO - DAG(s) 'example_kubernetes_executor' retrieved from /home/airflow/.local/lib/python3.12/site-packages/airflow/example_dags/example_kubernetes_executor.py
[2025-10-03T00:04:24.675+0000] {logging_mixin.py:188} INFO - [2025-10-03T00:04:24.674+0000] {dag.py:3096} INFO - Sync 1 DAGs
[2025-10-03T00:04:24.708+0000] {logging_mixin.py:188} INFO - [2025-10-03T00:04:24.707+0000] {dag.py:3954} INFO - Setting next_dagrun for example_kubernetes_executor to None, run_after=None
[2025-10-03T00:04:24.769+0000] {processor.py:183} INFO - Processing /home/airflow/.local/lib/python3.12/site-packages/airflow/example_dags/example_kubernetes_executor.py took 0.267 seconds
[2025-10-03T00:04:55.239+0000] {processor.py:161} INFO - Started process (PID=14923) to work on /home/airflow/.local/lib/python3.12/site-packages/airflow/example_dags/example_kubernetes_executor.py
[2025-10-03T00:04:55.244+0000] {processor.py:830} INFO - Processing file /home/airflow/.local/lib/python3.12/site-packages/airflow/example_dags/example_kubernetes_executor.py for tasks to queue
[2025-10-03T00:04:55.249+0000] {logging_mixin.py:188} INFO - [2025-10-03T00:04:55.247+0000] {dagbag.py:545} INFO - Filling up the DagBag from /home/airflow/.local/lib/python3.12/site-packages/airflow/example_dags/example_kubernetes_executor.py
[2025-10-03T00:04:55.291+0000] {processor.py:840} INFO - DAG(s) 'example_kubernetes_executor' retrieved from /home/airflow/.local/lib/python3.12/site-packages/airflow/example_dags/example_kubernetes_executor.py
[2025-10-03T00:04:55.397+0000] {logging_mixin.py:188} INFO - [2025-10-03T00:04:55.396+0000] {dag.py:3096} INFO - Sync 1 DAGs
[2025-10-03T00:04:55.426+0000] {logging_mixin.py:188} INFO - [2025-10-03T00:04:55.425+0000] {dag.py:3954} INFO - Setting next_dagrun for example_kubernetes_executor to None, run_after=None
[2025-10-03T00:04:55.466+0000] {processor.py:183} INFO - Processing /home/airflow/.local/lib/python3.12/site-packages/airflow/example_dags/example_kubernetes_executor.py took 0.258 seconds
[2025-10-03T00:05:25.861+0000] {processor.py:161} INFO - Started process (PID=14976) to work on /home/airflow/.local/lib/python3.12/site-packages/airflow/example_dags/example_kubernetes_executor.py
[2025-10-03T00:05:25.865+0000] {processor.py:830} INFO - Processing file /home/airflow/.local/lib/python3.12/site-packages/airflow/example_dags/example_kubernetes_executor.py for tasks to queue
[2025-10-03T00:05:25.868+0000] {logging_mixin.py:188} INFO - [2025-10-03T00:05:25.867+0000] {dagbag.py:545} INFO - Filling up the DagBag from /home/airflow/.local/lib/python3.12/site-packages/airflow/example_dags/example_kubernetes_executor.py
[2025-10-03T00:05:25.900+0000] {processor.py:840} INFO - DAG(s) 'example_kubernetes_executor' retrieved from /home/airflow/.local/lib/python3.12/site-packages/airflow/example_dags/example_kubernetes_executor.py
[2025-10-03T00:05:25.992+0000] {logging_mixin.py:188} INFO - [2025-10-03T00:05:25.991+0000] {dag.py:3096} INFO - Sync 1 DAGs
[2025-10-03T00:05:26.023+0000] {logging_mixin.py:188} INFO - [2025-10-03T00:05:26.022+0000] {dag.py:3954} INFO - Setting next_dagrun for example_kubernetes_executor to None, run_after=None
[2025-10-03T00:05:26.066+0000] {processor.py:183} INFO - Processing /home/airflow/.local/lib/python3.12/site-packages/airflow/example_dags/example_kubernetes_executor.py took 0.231 seconds
[2025-10-03T00:05:56.901+0000] {processor.py:161} INFO - Started process (PID=15029) to work on /home/airflow/.local/lib/python3.12/site-packages/airflow/example_dags/example_kubernetes_executor.py
[2025-10-03T00:05:56.904+0000] {processor.py:830} INFO - Processing file /home/airflow/.local/lib/python3.12/site-packages/airflow/example_dags/example_kubernetes_executor.py for tasks to queue
[2025-10-03T00:05:56.906+0000] {logging_mixin.py:188} INFO - [2025-10-03T00:05:56.905+0000] {dagbag.py:545} INFO - Filling up the DagBag from /home/airflow/.local/lib/python3.12/site-packages/airflow/example_dags/example_kubernetes_executor.py
[2025-10-03T00:05:56.935+0000] {processor.py:840} INFO - DAG(s) 'example_kubernetes_executor' retrieved from /home/airflow/.local/lib/python3.12/site-packages/airflow/example_dags/example_kubernetes_executor.py
[2025-10-03T00:05:57.023+0000] {logging_mixin.py:188} INFO - [2025-10-03T00:05:57.023+0000] {dag.py:3096} INFO - Sync 1 DAGs
[2025-10-03T00:05:57.056+0000] {logging_mixin.py:188} INFO - [2025-10-03T00:05:57.056+0000] {dag.py:3954} INFO - Setting next_dagrun for example_kubernetes_executor to None, run_after=None
[2025-10-03T00:05:57.103+0000] {processor.py:183} INFO - Processing /home/airflow/.local/lib/python3.12/site-packages/airflow/example_dags/example_kubernetes_executor.py took 0.219 seconds
[2025-10-03T00:06:27.734+0000] {processor.py:161} INFO - Started process (PID=15082) to work on /home/airflow/.local/lib/python3.12/site-packages/airflow/example_dags/example_kubernetes_executor.py
[2025-10-03T00:06:27.736+0000] {processor.py:830} INFO - Processing file /home/airflow/.local/lib/python3.12/site-packages/airflow/example_dags/example_kubernetes_executor.py for tasks to queue
[2025-10-03T00:06:27.738+0000] {logging_mixin.py:188} INFO - [2025-10-03T00:06:27.737+0000] {dagbag.py:545} INFO - Filling up the DagBag from /home/airflow/.local/lib/python3.12/site-packages/airflow/example_dags/example_kubernetes_executor.py
[2025-10-03T00:06:27.771+0000] {processor.py:840} INFO - DAG(s) 'example_kubernetes_executor' retrieved from /home/airflow/.local/lib/python3.12/site-packages/airflow/example_dags/example_kubernetes_executor.py
[2025-10-03T00:06:27.883+0000] {logging_mixin.py:188} INFO - [2025-10-03T00:06:27.882+0000] {dag.py:3096} INFO - Sync 1 DAGs
[2025-10-03T00:06:27.918+0000] {logging_mixin.py:188} INFO - [2025-10-03T00:06:27.917+0000] {dag.py:3954} INFO - Setting next_dagrun for example_kubernetes_executor to None, run_after=None
[2025-10-03T00:06:27.971+0000] {processor.py:183} INFO - Processing /home/airflow/.local/lib/python3.12/site-packages/airflow/example_dags/example_kubernetes_executor.py took 0.253 seconds
[2025-10-03T00:06:58.215+0000] {processor.py:161} INFO - Started process (PID=15135) to work on /home/airflow/.local/lib/python3.12/site-packages/airflow/example_dags/example_kubernetes_executor.py
[2025-10-03T00:06:58.218+0000] {processor.py:830} INFO - Processing file /home/airflow/.local/lib/python3.12/site-packages/airflow/example_dags/example_kubernetes_executor.py for tasks to queue
[2025-10-03T00:06:58.221+0000] {logging_mixin.py:188} INFO - [2025-10-03T00:06:58.220+0000] {dagbag.py:545} INFO - Filling up the DagBag from /home/airflow/.local/lib/python3.12/site-packages/airflow/example_dags/example_kubernetes_executor.py
[2025-10-03T00:06:58.256+0000] {processor.py:840} INFO - DAG(s) 'example_kubernetes_executor' retrieved from /home/airflow/.local/lib/python3.12/site-packages/airflow/example_dags/example_kubernetes_executor.py
[2025-10-03T00:06:58.366+0000] {logging_mixin.py:188} INFO - [2025-10-03T00:06:58.365+0000] {dag.py:3096} INFO - Sync 1 DAGs
[2025-10-03T00:06:58.400+0000] {logging_mixin.py:188} INFO - [2025-10-03T00:06:58.399+0000] {dag.py:3954} INFO - Setting next_dagrun for example_kubernetes_executor to None, run_after=None
[2025-10-03T00:06:58.445+0000] {processor.py:183} INFO - Processing /home/airflow/.local/lib/python3.12/site-packages/airflow/example_dags/example_kubernetes_executor.py took 0.250 seconds
[2025-10-03T00:07:28.730+0000] {processor.py:161} INFO - Started process (PID=15188) to work on /home/airflow/.local/lib/python3.12/site-packages/airflow/example_dags/example_kubernetes_executor.py
[2025-10-03T00:07:28.733+0000] {processor.py:830} INFO - Processing file /home/airflow/.local/lib/python3.12/site-packages/airflow/example_dags/example_kubernetes_executor.py for tasks to queue
[2025-10-03T00:07:28.736+0000] {logging_mixin.py:188} INFO - [2025-10-03T00:07:28.735+0000] {dagbag.py:545} INFO - Filling up the DagBag from /home/airflow/.local/lib/python3.12/site-packages/airflow/example_dags/example_kubernetes_executor.py
[2025-10-03T00:07:28.769+0000] {processor.py:840} INFO - DAG(s) 'example_kubernetes_executor' retrieved from /home/airflow/.local/lib/python3.12/site-packages/airflow/example_dags/example_kubernetes_executor.py
[2025-10-03T00:07:28.866+0000] {logging_mixin.py:188} INFO - [2025-10-03T00:07:28.866+0000] {dag.py:3096} INFO - Sync 1 DAGs
[2025-10-03T00:07:28.897+0000] {logging_mixin.py:188} INFO - [2025-10-03T00:07:28.896+0000] {dag.py:3954} INFO - Setting next_dagrun for example_kubernetes_executor to None, run_after=None
[2025-10-03T00:07:28.943+0000] {processor.py:183} INFO - Processing /home/airflow/.local/lib/python3.12/site-packages/airflow/example_dags/example_kubernetes_executor.py took 0.228 seconds
[2025-10-03T00:07:59.572+0000] {processor.py:161} INFO - Started process (PID=15241) to work on /home/airflow/.local/lib/python3.12/site-packages/airflow/example_dags/example_kubernetes_executor.py
[2025-10-03T00:07:59.574+0000] {processor.py:830} INFO - Processing file /home/airflow/.local/lib/python3.12/site-packages/airflow/example_dags/example_kubernetes_executor.py for tasks to queue
[2025-10-03T00:07:59.577+0000] {logging_mixin.py:188} INFO - [2025-10-03T00:07:59.576+0000] {dagbag.py:545} INFO - Filling up the DagBag from /home/airflow/.local/lib/python3.12/site-packages/airflow/example_dags/example_kubernetes_executor.py
[2025-10-03T00:07:59.609+0000] {processor.py:840} INFO - DAG(s) 'example_kubernetes_executor' retrieved from /home/airflow/.local/lib/python3.12/site-packages/airflow/example_dags/example_kubernetes_executor.py
[2025-10-03T00:07:59.706+0000] {logging_mixin.py:188} INFO - [2025-10-03T00:07:59.705+0000] {dag.py:3096} INFO - Sync 1 DAGs
[2025-10-03T00:07:59.738+0000] {logging_mixin.py:188} INFO - [2025-10-03T00:07:59.737+0000] {dag.py:3954} INFO - Setting next_dagrun for example_kubernetes_executor to None, run_after=None
[2025-10-03T00:07:59.784+0000] {processor.py:183} INFO - Processing /home/airflow/.local/lib/python3.12/site-packages/airflow/example_dags/example_kubernetes_executor.py took 0.228 seconds
[2025-10-03T00:08:30.264+0000] {processor.py:161} INFO - Started process (PID=15294) to work on /home/airflow/.local/lib/python3.12/site-packages/airflow/example_dags/example_kubernetes_executor.py
[2025-10-03T00:08:30.266+0000] {processor.py:830} INFO - Processing file /home/airflow/.local/lib/python3.12/site-packages/airflow/example_dags/example_kubernetes_executor.py for tasks to queue
[2025-10-03T00:08:30.268+0000] {logging_mixin.py:188} INFO - [2025-10-03T00:08:30.268+0000] {dagbag.py:545} INFO - Filling up the DagBag from /home/airflow/.local/lib/python3.12/site-packages/airflow/example_dags/example_kubernetes_executor.py
[2025-10-03T00:08:30.297+0000] {processor.py:840} INFO - DAG(s) 'example_kubernetes_executor' retrieved from /home/airflow/.local/lib/python3.12/site-packages/airflow/example_dags/example_kubernetes_executor.py
[2025-10-03T00:08:30.398+0000] {logging_mixin.py:188} INFO - [2025-10-03T00:08:30.397+0000] {dag.py:3096} INFO - Sync 1 DAGs
[2025-10-03T00:08:30.426+0000] {logging_mixin.py:188} INFO - [2025-10-03T00:08:30.425+0000] {dag.py:3954} INFO - Setting next_dagrun for example_kubernetes_executor to None, run_after=None
[2025-10-03T00:08:30.471+0000] {processor.py:183} INFO - Processing /home/airflow/.local/lib/python3.12/site-packages/airflow/example_dags/example_kubernetes_executor.py took 0.225 seconds
[2025-10-03T00:09:00.784+0000] {processor.py:161} INFO - Started process (PID=15347) to work on /home/airflow/.local/lib/python3.12/site-packages/airflow/example_dags/example_kubernetes_executor.py
[2025-10-03T00:09:00.787+0000] {processor.py:830} INFO - Processing file /home/airflow/.local/lib/python3.12/site-packages/airflow/example_dags/example_kubernetes_executor.py for tasks to queue
[2025-10-03T00:09:00.789+0000] {logging_mixin.py:188} INFO - [2025-10-03T00:09:00.788+0000] {dagbag.py:545} INFO - Filling up the DagBag from /home/airflow/.local/lib/python3.12/site-packages/airflow/example_dags/example_kubernetes_executor.py
[2025-10-03T00:09:00.823+0000] {processor.py:840} INFO - DAG(s) 'example_kubernetes_executor' retrieved from /home/airflow/.local/lib/python3.12/site-packages/airflow/example_dags/example_kubernetes_executor.py
[2025-10-03T00:09:00.921+0000] {logging_mixin.py:188} INFO - [2025-10-03T00:09:00.921+0000] {dag.py:3096} INFO - Sync 1 DAGs
[2025-10-03T00:09:00.949+0000] {logging_mixin.py:188} INFO - [2025-10-03T00:09:00.948+0000] {dag.py:3954} INFO - Setting next_dagrun for example_kubernetes_executor to None, run_after=None
[2025-10-03T00:09:00.992+0000] {processor.py:183} INFO - Processing /home/airflow/.local/lib/python3.12/site-packages/airflow/example_dags/example_kubernetes_executor.py took 0.223 seconds
[2025-10-03T00:09:31.669+0000] {processor.py:161} INFO - Started process (PID=15400) to work on /home/airflow/.local/lib/python3.12/site-packages/airflow/example_dags/example_kubernetes_executor.py
[2025-10-03T00:09:31.672+0000] {processor.py:830} INFO - Processing file /home/airflow/.local/lib/python3.12/site-packages/airflow/example_dags/example_kubernetes_executor.py for tasks to queue
[2025-10-03T00:09:31.675+0000] {logging_mixin.py:188} INFO - [2025-10-03T00:09:31.674+0000] {dagbag.py:545} INFO - Filling up the DagBag from /home/airflow/.local/lib/python3.12/site-packages/airflow/example_dags/example_kubernetes_executor.py
[2025-10-03T00:09:31.703+0000] {processor.py:840} INFO - DAG(s) 'example_kubernetes_executor' retrieved from /home/airflow/.local/lib/python3.12/site-packages/airflow/example_dags/example_kubernetes_executor.py
[2025-10-03T00:09:31.799+0000] {logging_mixin.py:188} INFO - [2025-10-03T00:09:31.798+0000] {dag.py:3096} INFO - Sync 1 DAGs
[2025-10-03T00:09:31.828+0000] {logging_mixin.py:188} INFO - [2025-10-03T00:09:31.828+0000] {dag.py:3954} INFO - Setting next_dagrun for example_kubernetes_executor to None, run_after=None
[2025-10-03T00:09:31.871+0000] {processor.py:183} INFO - Processing /home/airflow/.local/lib/python3.12/site-packages/airflow/example_dags/example_kubernetes_executor.py took 0.216 seconds
[2025-10-03T00:10:02.407+0000] {processor.py:161} INFO - Started process (PID=15453) to work on /home/airflow/.local/lib/python3.12/site-packages/airflow/example_dags/example_kubernetes_executor.py
[2025-10-03T00:10:02.409+0000] {processor.py:830} INFO - Processing file /home/airflow/.local/lib/python3.12/site-packages/airflow/example_dags/example_kubernetes_executor.py for tasks to queue
[2025-10-03T00:10:02.412+0000] {logging_mixin.py:188} INFO - [2025-10-03T00:10:02.411+0000] {dagbag.py:545} INFO - Filling up the DagBag from /home/airflow/.local/lib/python3.12/site-packages/airflow/example_dags/example_kubernetes_executor.py
[2025-10-03T00:10:02.440+0000] {processor.py:840} INFO - DAG(s) 'example_kubernetes_executor' retrieved from /home/airflow/.local/lib/python3.12/site-packages/airflow/example_dags/example_kubernetes_executor.py
[2025-10-03T00:10:02.541+0000] {logging_mixin.py:188} INFO - [2025-10-03T00:10:02.540+0000] {dag.py:3096} INFO - Sync 1 DAGs
[2025-10-03T00:10:02.566+0000] {logging_mixin.py:188} INFO - [2025-10-03T00:10:02.566+0000] {dag.py:3954} INFO - Setting next_dagrun for example_kubernetes_executor to None, run_after=None
[2025-10-03T00:10:02.618+0000] {processor.py:183} INFO - Processing /home/airflow/.local/lib/python3.12/site-packages/airflow/example_dags/example_kubernetes_executor.py took 0.227 seconds
[2025-10-03T00:10:32.786+0000] {processor.py:161} INFO - Started process (PID=15506) to work on /home/airflow/.local/lib/python3.12/site-packages/airflow/example_dags/example_kubernetes_executor.py
[2025-10-03T00:10:32.789+0000] {processor.py:830} INFO - Processing file /home/airflow/.local/lib/python3.12/site-packages/airflow/example_dags/example_kubernetes_executor.py for tasks to queue
[2025-10-03T00:10:32.791+0000] {logging_mixin.py:188} INFO - [2025-10-03T00:10:32.790+0000] {dagbag.py:545} INFO - Filling up the DagBag from /home/airflow/.local/lib/python3.12/site-packages/airflow/example_dags/example_kubernetes_executor.py
[2025-10-03T00:10:32.826+0000] {processor.py:840} INFO - DAG(s) 'example_kubernetes_executor' retrieved from /home/airflow/.local/lib/python3.12/site-packages/airflow/example_dags/example_kubernetes_executor.py
[2025-10-03T00:10:32.929+0000] {logging_mixin.py:188} INFO - [2025-10-03T00:10:32.929+0000] {dag.py:3096} INFO - Sync 1 DAGs
[2025-10-03T00:10:32.966+0000] {logging_mixin.py:188} INFO - [2025-10-03T00:10:32.965+0000] {dag.py:3954} INFO - Setting next_dagrun for example_kubernetes_executor to None, run_after=None
[2025-10-03T00:10:33.024+0000] {processor.py:183} INFO - Processing /home/airflow/.local/lib/python3.12/site-packages/airflow/example_dags/example_kubernetes_executor.py took 0.254 seconds
[2025-10-03T00:11:03.362+0000] {processor.py:161} INFO - Started process (PID=15559) to work on /home/airflow/.local/lib/python3.12/site-packages/airflow/example_dags/example_kubernetes_executor.py
[2025-10-03T00:11:03.367+0000] {processor.py:830} INFO - Processing file /home/airflow/.local/lib/python3.12/site-packages/airflow/example_dags/example_kubernetes_executor.py for tasks to queue
[2025-10-03T00:11:03.371+0000] {logging_mixin.py:188} INFO - [2025-10-03T00:11:03.369+0000] {dagbag.py:545} INFO - Filling up the DagBag from /home/airflow/.local/lib/python3.12/site-packages/airflow/example_dags/example_kubernetes_executor.py
[2025-10-03T00:11:03.494+0000] {processor.py:840} INFO - DAG(s) 'example_kubernetes_executor' retrieved from /home/airflow/.local/lib/python3.12/site-packages/airflow/example_dags/example_kubernetes_executor.py
[2025-10-03T00:11:03.915+0000] {logging_mixin.py:188} INFO - [2025-10-03T00:11:03.914+0000] {dag.py:3096} INFO - Sync 1 DAGs
[2025-10-03T00:11:04.022+0000] {logging_mixin.py:188} INFO - [2025-10-03T00:11:04.021+0000] {dag.py:3954} INFO - Setting next_dagrun for example_kubernetes_executor to None, run_after=None
[2025-10-03T00:11:04.179+0000] {processor.py:183} INFO - Processing /home/airflow/.local/lib/python3.12/site-packages/airflow/example_dags/example_kubernetes_executor.py took 0.848 seconds
[2025-10-03T00:11:34.464+0000] {processor.py:161} INFO - Started process (PID=15612) to work on /home/airflow/.local/lib/python3.12/site-packages/airflow/example_dags/example_kubernetes_executor.py
[2025-10-03T00:11:34.472+0000] {processor.py:830} INFO - Processing file /home/airflow/.local/lib/python3.12/site-packages/airflow/example_dags/example_kubernetes_executor.py for tasks to queue
[2025-10-03T00:11:34.476+0000] {logging_mixin.py:188} INFO - [2025-10-03T00:11:34.475+0000] {dagbag.py:545} INFO - Filling up the DagBag from /home/airflow/.local/lib/python3.12/site-packages/airflow/example_dags/example_kubernetes_executor.py
[2025-10-03T00:11:34.542+0000] {processor.py:840} INFO - DAG(s) 'example_kubernetes_executor' retrieved from /home/airflow/.local/lib/python3.12/site-packages/airflow/example_dags/example_kubernetes_executor.py
[2025-10-03T00:11:34.702+0000] {logging_mixin.py:188} INFO - [2025-10-03T00:11:34.702+0000] {dag.py:3096} INFO - Sync 1 DAGs
[2025-10-03T00:11:34.735+0000] {logging_mixin.py:188} INFO - [2025-10-03T00:11:34.735+0000] {dag.py:3954} INFO - Setting next_dagrun for example_kubernetes_executor to None, run_after=None
[2025-10-03T00:11:34.780+0000] {processor.py:183} INFO - Processing /home/airflow/.local/lib/python3.12/site-packages/airflow/example_dags/example_kubernetes_executor.py took 0.343 seconds
[2025-10-03T00:12:05.985+0000] {processor.py:161} INFO - Started process (PID=15666) to work on /home/airflow/.local/lib/python3.12/site-packages/airflow/example_dags/example_kubernetes_executor.py
[2025-10-03T00:12:05.999+0000] {processor.py:830} INFO - Processing file /home/airflow/.local/lib/python3.12/site-packages/airflow/example_dags/example_kubernetes_executor.py for tasks to queue
[2025-10-03T00:12:06.006+0000] {logging_mixin.py:188} INFO - [2025-10-03T00:12:06.005+0000] {dagbag.py:545} INFO - Filling up the DagBag from /home/airflow/.local/lib/python3.12/site-packages/airflow/example_dags/example_kubernetes_executor.py
[2025-10-03T00:12:06.092+0000] {processor.py:840} INFO - DAG(s) 'example_kubernetes_executor' retrieved from /home/airflow/.local/lib/python3.12/site-packages/airflow/example_dags/example_kubernetes_executor.py
[2025-10-03T00:12:06.563+0000] {logging_mixin.py:188} INFO - [2025-10-03T00:12:06.562+0000] {dag.py:3096} INFO - Sync 1 DAGs
[2025-10-03T00:12:06.716+0000] {logging_mixin.py:188} INFO - [2025-10-03T00:12:06.704+0000] {dag.py:3954} INFO - Setting next_dagrun for example_kubernetes_executor to None, run_after=None
[2025-10-03T00:12:06.916+0000] {processor.py:183} INFO - Processing /home/airflow/.local/lib/python3.12/site-packages/airflow/example_dags/example_kubernetes_executor.py took 0.975 seconds
[2025-10-03T00:12:37.112+0000] {processor.py:161} INFO - Started process (PID=15718) to work on /home/airflow/.local/lib/python3.12/site-packages/airflow/example_dags/example_kubernetes_executor.py
[2025-10-03T00:12:37.119+0000] {processor.py:830} INFO - Processing file /home/airflow/.local/lib/python3.12/site-packages/airflow/example_dags/example_kubernetes_executor.py for tasks to queue
[2025-10-03T00:12:37.126+0000] {logging_mixin.py:188} INFO - [2025-10-03T00:12:37.125+0000] {dagbag.py:545} INFO - Filling up the DagBag from /home/airflow/.local/lib/python3.12/site-packages/airflow/example_dags/example_kubernetes_executor.py
[2025-10-03T00:12:37.173+0000] {processor.py:840} INFO - DAG(s) 'example_kubernetes_executor' retrieved from /home/airflow/.local/lib/python3.12/site-packages/airflow/example_dags/example_kubernetes_executor.py
[2025-10-03T00:12:37.363+0000] {logging_mixin.py:188} INFO - [2025-10-03T00:12:37.362+0000] {dag.py:3096} INFO - Sync 1 DAGs
[2025-10-03T00:12:37.427+0000] {logging_mixin.py:188} INFO - [2025-10-03T00:12:37.427+0000] {dag.py:3954} INFO - Setting next_dagrun for example_kubernetes_executor to None, run_after=None
[2025-10-03T00:12:37.480+0000] {processor.py:183} INFO - Processing /home/airflow/.local/lib/python3.12/site-packages/airflow/example_dags/example_kubernetes_executor.py took 0.400 seconds
[2025-10-03T00:13:07.666+0000] {processor.py:161} INFO - Started process (PID=15771) to work on /home/airflow/.local/lib/python3.12/site-packages/airflow/example_dags/example_kubernetes_executor.py
[2025-10-03T00:13:07.669+0000] {processor.py:830} INFO - Processing file /home/airflow/.local/lib/python3.12/site-packages/airflow/example_dags/example_kubernetes_executor.py for tasks to queue
[2025-10-03T00:13:07.671+0000] {logging_mixin.py:188} INFO - [2025-10-03T00:13:07.670+0000] {dagbag.py:545} INFO - Filling up the DagBag from /home/airflow/.local/lib/python3.12/site-packages/airflow/example_dags/example_kubernetes_executor.py
[2025-10-03T00:13:07.710+0000] {processor.py:840} INFO - DAG(s) 'example_kubernetes_executor' retrieved from /home/airflow/.local/lib/python3.12/site-packages/airflow/example_dags/example_kubernetes_executor.py
[2025-10-03T00:13:07.809+0000] {logging_mixin.py:188} INFO - [2025-10-03T00:13:07.807+0000] {dag.py:3096} INFO - Sync 1 DAGs
[2025-10-03T00:13:07.838+0000] {logging_mixin.py:188} INFO - [2025-10-03T00:13:07.838+0000] {dag.py:3954} INFO - Setting next_dagrun for example_kubernetes_executor to None, run_after=None
[2025-10-03T00:13:07.881+0000] {processor.py:183} INFO - Processing /home/airflow/.local/lib/python3.12/site-packages/airflow/example_dags/example_kubernetes_executor.py took 0.232 seconds
[2025-10-03T00:13:38.417+0000] {processor.py:161} INFO - Started process (PID=15824) to work on /home/airflow/.local/lib/python3.12/site-packages/airflow/example_dags/example_kubernetes_executor.py
[2025-10-03T00:13:38.420+0000] {processor.py:830} INFO - Processing file /home/airflow/.local/lib/python3.12/site-packages/airflow/example_dags/example_kubernetes_executor.py for tasks to queue
[2025-10-03T00:13:38.424+0000] {logging_mixin.py:188} INFO - [2025-10-03T00:13:38.422+0000] {dagbag.py:545} INFO - Filling up the DagBag from /home/airflow/.local/lib/python3.12/site-packages/airflow/example_dags/example_kubernetes_executor.py
[2025-10-03T00:13:38.489+0000] {processor.py:840} INFO - DAG(s) 'example_kubernetes_executor' retrieved from /home/airflow/.local/lib/python3.12/site-packages/airflow/example_dags/example_kubernetes_executor.py
[2025-10-03T00:13:38.616+0000] {logging_mixin.py:188} INFO - [2025-10-03T00:13:38.615+0000] {dag.py:3096} INFO - Sync 1 DAGs
[2025-10-03T00:13:38.642+0000] {logging_mixin.py:188} INFO - [2025-10-03T00:13:38.642+0000] {dag.py:3954} INFO - Setting next_dagrun for example_kubernetes_executor to None, run_after=None
[2025-10-03T00:13:38.680+0000] {processor.py:183} INFO - Processing /home/airflow/.local/lib/python3.12/site-packages/airflow/example_dags/example_kubernetes_executor.py took 0.282 seconds
[2025-10-03T00:14:09.368+0000] {processor.py:161} INFO - Started process (PID=15878) to work on /home/airflow/.local/lib/python3.12/site-packages/airflow/example_dags/example_kubernetes_executor.py
[2025-10-03T00:14:09.374+0000] {processor.py:830} INFO - Processing file /home/airflow/.local/lib/python3.12/site-packages/airflow/example_dags/example_kubernetes_executor.py for tasks to queue
[2025-10-03T00:14:09.378+0000] {logging_mixin.py:188} INFO - [2025-10-03T00:14:09.376+0000] {dagbag.py:545} INFO - Filling up the DagBag from /home/airflow/.local/lib/python3.12/site-packages/airflow/example_dags/example_kubernetes_executor.py
[2025-10-03T00:14:09.449+0000] {processor.py:840} INFO - DAG(s) 'example_kubernetes_executor' retrieved from /home/airflow/.local/lib/python3.12/site-packages/airflow/example_dags/example_kubernetes_executor.py
[2025-10-03T00:14:09.603+0000] {logging_mixin.py:188} INFO - [2025-10-03T00:14:09.603+0000] {dag.py:3096} INFO - Sync 1 DAGs
[2025-10-03T00:14:09.655+0000] {logging_mixin.py:188} INFO - [2025-10-03T00:14:09.655+0000] {dag.py:3954} INFO - Setting next_dagrun for example_kubernetes_executor to None, run_after=None
[2025-10-03T00:14:09.706+0000] {processor.py:183} INFO - Processing /home/airflow/.local/lib/python3.12/site-packages/airflow/example_dags/example_kubernetes_executor.py took 0.363 seconds
[2025-10-03T00:14:40.030+0000] {processor.py:161} INFO - Started process (PID=15929) to work on /home/airflow/.local/lib/python3.12/site-packages/airflow/example_dags/example_kubernetes_executor.py
[2025-10-03T00:14:40.032+0000] {processor.py:830} INFO - Processing file /home/airflow/.local/lib/python3.12/site-packages/airflow/example_dags/example_kubernetes_executor.py for tasks to queue
[2025-10-03T00:14:40.035+0000] {logging_mixin.py:188} INFO - [2025-10-03T00:14:40.034+0000] {dagbag.py:545} INFO - Filling up the DagBag from /home/airflow/.local/lib/python3.12/site-packages/airflow/example_dags/example_kubernetes_executor.py
[2025-10-03T00:14:40.070+0000] {processor.py:840} INFO - DAG(s) 'example_kubernetes_executor' retrieved from /home/airflow/.local/lib/python3.12/site-packages/airflow/example_dags/example_kubernetes_executor.py
[2025-10-03T00:14:40.162+0000] {logging_mixin.py:188} INFO - [2025-10-03T00:14:40.162+0000] {dag.py:3096} INFO - Sync 1 DAGs
[2025-10-03T00:14:40.189+0000] {logging_mixin.py:188} INFO - [2025-10-03T00:14:40.189+0000] {dag.py:3954} INFO - Setting next_dagrun for example_kubernetes_executor to None, run_after=None
[2025-10-03T00:14:40.231+0000] {processor.py:183} INFO - Processing /home/airflow/.local/lib/python3.12/site-packages/airflow/example_dags/example_kubernetes_executor.py took 0.215 seconds
[2025-10-03T00:15:10.574+0000] {processor.py:161} INFO - Started process (PID=15982) to work on /home/airflow/.local/lib/python3.12/site-packages/airflow/example_dags/example_kubernetes_executor.py
[2025-10-03T00:15:10.577+0000] {processor.py:830} INFO - Processing file /home/airflow/.local/lib/python3.12/site-packages/airflow/example_dags/example_kubernetes_executor.py for tasks to queue
[2025-10-03T00:15:10.579+0000] {logging_mixin.py:188} INFO - [2025-10-03T00:15:10.578+0000] {dagbag.py:545} INFO - Filling up the DagBag from /home/airflow/.local/lib/python3.12/site-packages/airflow/example_dags/example_kubernetes_executor.py
[2025-10-03T00:15:10.612+0000] {processor.py:840} INFO - DAG(s) 'example_kubernetes_executor' retrieved from /home/airflow/.local/lib/python3.12/site-packages/airflow/example_dags/example_kubernetes_executor.py
[2025-10-03T00:15:10.722+0000] {logging_mixin.py:188} INFO - [2025-10-03T00:15:10.722+0000] {dag.py:3096} INFO - Sync 1 DAGs
[2025-10-03T00:15:10.764+0000] {logging_mixin.py:188} INFO - [2025-10-03T00:15:10.763+0000] {dag.py:3954} INFO - Setting next_dagrun for example_kubernetes_executor to None, run_after=None
[2025-10-03T00:15:10.826+0000] {processor.py:183} INFO - Processing /home/airflow/.local/lib/python3.12/site-packages/airflow/example_dags/example_kubernetes_executor.py took 0.272 seconds
[2025-10-03T00:15:41.082+0000] {processor.py:161} INFO - Started process (PID=16034) to work on /home/airflow/.local/lib/python3.12/site-packages/airflow/example_dags/example_kubernetes_executor.py
[2025-10-03T00:15:41.084+0000] {processor.py:830} INFO - Processing file /home/airflow/.local/lib/python3.12/site-packages/airflow/example_dags/example_kubernetes_executor.py for tasks to queue
[2025-10-03T00:15:41.086+0000] {logging_mixin.py:188} INFO - [2025-10-03T00:15:41.086+0000] {dagbag.py:545} INFO - Filling up the DagBag from /home/airflow/.local/lib/python3.12/site-packages/airflow/example_dags/example_kubernetes_executor.py
[2025-10-03T00:15:41.119+0000] {processor.py:840} INFO - DAG(s) 'example_kubernetes_executor' retrieved from /home/airflow/.local/lib/python3.12/site-packages/airflow/example_dags/example_kubernetes_executor.py
[2025-10-03T00:15:41.216+0000] {logging_mixin.py:188} INFO - [2025-10-03T00:15:41.215+0000] {dag.py:3096} INFO - Sync 1 DAGs
[2025-10-03T00:15:41.243+0000] {logging_mixin.py:188} INFO - [2025-10-03T00:15:41.243+0000] {dag.py:3954} INFO - Setting next_dagrun for example_kubernetes_executor to None, run_after=None
[2025-10-03T00:15:41.284+0000] {processor.py:183} INFO - Processing /home/airflow/.local/lib/python3.12/site-packages/airflow/example_dags/example_kubernetes_executor.py took 0.218 seconds
[2025-10-03T00:16:11.899+0000] {processor.py:161} INFO - Started process (PID=16088) to work on /home/airflow/.local/lib/python3.12/site-packages/airflow/example_dags/example_kubernetes_executor.py
[2025-10-03T00:16:11.902+0000] {processor.py:830} INFO - Processing file /home/airflow/.local/lib/python3.12/site-packages/airflow/example_dags/example_kubernetes_executor.py for tasks to queue
[2025-10-03T00:16:11.904+0000] {logging_mixin.py:188} INFO - [2025-10-03T00:16:11.904+0000] {dagbag.py:545} INFO - Filling up the DagBag from /home/airflow/.local/lib/python3.12/site-packages/airflow/example_dags/example_kubernetes_executor.py
[2025-10-03T00:16:11.943+0000] {processor.py:840} INFO - DAG(s) 'example_kubernetes_executor' retrieved from /home/airflow/.local/lib/python3.12/site-packages/airflow/example_dags/example_kubernetes_executor.py
[2025-10-03T00:16:12.028+0000] {logging_mixin.py:188} INFO - [2025-10-03T00:16:12.027+0000] {dag.py:3096} INFO - Sync 1 DAGs
[2025-10-03T00:16:12.058+0000] {logging_mixin.py:188} INFO - [2025-10-03T00:16:12.057+0000] {dag.py:3954} INFO - Setting next_dagrun for example_kubernetes_executor to None, run_after=None
[2025-10-03T00:16:12.100+0000] {processor.py:183} INFO - Processing /home/airflow/.local/lib/python3.12/site-packages/airflow/example_dags/example_kubernetes_executor.py took 0.216 seconds
[2025-10-03T00:16:42.418+0000] {processor.py:161} INFO - Started process (PID=16140) to work on /home/airflow/.local/lib/python3.12/site-packages/airflow/example_dags/example_kubernetes_executor.py
[2025-10-03T00:16:42.424+0000] {processor.py:830} INFO - Processing file /home/airflow/.local/lib/python3.12/site-packages/airflow/example_dags/example_kubernetes_executor.py for tasks to queue
[2025-10-03T00:16:42.431+0000] {logging_mixin.py:188} INFO - [2025-10-03T00:16:42.429+0000] {dagbag.py:545} INFO - Filling up the DagBag from /home/airflow/.local/lib/python3.12/site-packages/airflow/example_dags/example_kubernetes_executor.py
[2025-10-03T00:16:42.508+0000] {processor.py:840} INFO - DAG(s) 'example_kubernetes_executor' retrieved from /home/airflow/.local/lib/python3.12/site-packages/airflow/example_dags/example_kubernetes_executor.py
[2025-10-03T00:16:42.643+0000] {logging_mixin.py:188} INFO - [2025-10-03T00:16:42.642+0000] {dag.py:3096} INFO - Sync 1 DAGs
[2025-10-03T00:16:42.671+0000] {logging_mixin.py:188} INFO - [2025-10-03T00:16:42.671+0000] {dag.py:3954} INFO - Setting next_dagrun for example_kubernetes_executor to None, run_after=None
[2025-10-03T00:16:42.715+0000] {processor.py:183} INFO - Processing /home/airflow/.local/lib/python3.12/site-packages/airflow/example_dags/example_kubernetes_executor.py took 0.337 seconds
[2025-10-03T00:17:13.030+0000] {processor.py:161} INFO - Started process (PID=16193) to work on /home/airflow/.local/lib/python3.12/site-packages/airflow/example_dags/example_kubernetes_executor.py
[2025-10-03T00:17:13.033+0000] {processor.py:830} INFO - Processing file /home/airflow/.local/lib/python3.12/site-packages/airflow/example_dags/example_kubernetes_executor.py for tasks to queue
[2025-10-03T00:17:13.036+0000] {logging_mixin.py:188} INFO - [2025-10-03T00:17:13.035+0000] {dagbag.py:545} INFO - Filling up the DagBag from /home/airflow/.local/lib/python3.12/site-packages/airflow/example_dags/example_kubernetes_executor.py
[2025-10-03T00:17:13.075+0000] {processor.py:840} INFO - DAG(s) 'example_kubernetes_executor' retrieved from /home/airflow/.local/lib/python3.12/site-packages/airflow/example_dags/example_kubernetes_executor.py
[2025-10-03T00:17:13.180+0000] {logging_mixin.py:188} INFO - [2025-10-03T00:17:13.179+0000] {dag.py:3096} INFO - Sync 1 DAGs
[2025-10-03T00:17:13.223+0000] {logging_mixin.py:188} INFO - [2025-10-03T00:17:13.222+0000] {dag.py:3954} INFO - Setting next_dagrun for example_kubernetes_executor to None, run_after=None
[2025-10-03T00:17:13.266+0000] {processor.py:183} INFO - Processing /home/airflow/.local/lib/python3.12/site-packages/airflow/example_dags/example_kubernetes_executor.py took 0.251 seconds
[2025-10-03T00:17:44.174+0000] {processor.py:161} INFO - Started process (PID=16247) to work on /home/airflow/.local/lib/python3.12/site-packages/airflow/example_dags/example_kubernetes_executor.py
[2025-10-03T00:17:44.176+0000] {processor.py:830} INFO - Processing file /home/airflow/.local/lib/python3.12/site-packages/airflow/example_dags/example_kubernetes_executor.py for tasks to queue
[2025-10-03T00:17:44.180+0000] {logging_mixin.py:188} INFO - [2025-10-03T00:17:44.178+0000] {dagbag.py:545} INFO - Filling up the DagBag from /home/airflow/.local/lib/python3.12/site-packages/airflow/example_dags/example_kubernetes_executor.py
[2025-10-03T00:17:44.219+0000] {processor.py:840} INFO - DAG(s) 'example_kubernetes_executor' retrieved from /home/airflow/.local/lib/python3.12/site-packages/airflow/example_dags/example_kubernetes_executor.py
[2025-10-03T00:17:44.329+0000] {logging_mixin.py:188} INFO - [2025-10-03T00:17:44.328+0000] {dag.py:3096} INFO - Sync 1 DAGs
[2025-10-03T00:17:44.373+0000] {logging_mixin.py:188} INFO - [2025-10-03T00:17:44.372+0000] {dag.py:3954} INFO - Setting next_dagrun for example_kubernetes_executor to None, run_after=None
[2025-10-03T00:17:44.440+0000] {processor.py:183} INFO - Processing /home/airflow/.local/lib/python3.12/site-packages/airflow/example_dags/example_kubernetes_executor.py took 0.287 seconds
[2025-10-03T00:18:14.755+0000] {processor.py:161} INFO - Started process (PID=16299) to work on /home/airflow/.local/lib/python3.12/site-packages/airflow/example_dags/example_kubernetes_executor.py
[2025-10-03T00:18:14.758+0000] {processor.py:830} INFO - Processing file /home/airflow/.local/lib/python3.12/site-packages/airflow/example_dags/example_kubernetes_executor.py for tasks to queue
[2025-10-03T00:18:14.760+0000] {logging_mixin.py:188} INFO - [2025-10-03T00:18:14.759+0000] {dagbag.py:545} INFO - Filling up the DagBag from /home/airflow/.local/lib/python3.12/site-packages/airflow/example_dags/example_kubernetes_executor.py
[2025-10-03T00:18:14.788+0000] {processor.py:840} INFO - DAG(s) 'example_kubernetes_executor' retrieved from /home/airflow/.local/lib/python3.12/site-packages/airflow/example_dags/example_kubernetes_executor.py
[2025-10-03T00:18:14.876+0000] {logging_mixin.py:188} INFO - [2025-10-03T00:18:14.876+0000] {dag.py:3096} INFO - Sync 1 DAGs
[2025-10-03T00:18:14.906+0000] {logging_mixin.py:188} INFO - [2025-10-03T00:18:14.906+0000] {dag.py:3954} INFO - Setting next_dagrun for example_kubernetes_executor to None, run_after=None
[2025-10-03T00:18:14.946+0000] {processor.py:183} INFO - Processing /home/airflow/.local/lib/python3.12/site-packages/airflow/example_dags/example_kubernetes_executor.py took 0.205 seconds
[2025-10-03T00:18:45.300+0000] {processor.py:161} INFO - Started process (PID=16353) to work on /home/airflow/.local/lib/python3.12/site-packages/airflow/example_dags/example_kubernetes_executor.py
[2025-10-03T00:18:45.303+0000] {processor.py:830} INFO - Processing file /home/airflow/.local/lib/python3.12/site-packages/airflow/example_dags/example_kubernetes_executor.py for tasks to queue
[2025-10-03T00:18:45.306+0000] {logging_mixin.py:188} INFO - [2025-10-03T00:18:45.305+0000] {dagbag.py:545} INFO - Filling up the DagBag from /home/airflow/.local/lib/python3.12/site-packages/airflow/example_dags/example_kubernetes_executor.py
[2025-10-03T00:18:45.344+0000] {processor.py:840} INFO - DAG(s) 'example_kubernetes_executor' retrieved from /home/airflow/.local/lib/python3.12/site-packages/airflow/example_dags/example_kubernetes_executor.py
[2025-10-03T00:18:45.469+0000] {logging_mixin.py:188} INFO - [2025-10-03T00:18:45.468+0000] {dag.py:3096} INFO - Sync 1 DAGs
[2025-10-03T00:18:45.504+0000] {logging_mixin.py:188} INFO - [2025-10-03T00:18:45.503+0000] {dag.py:3954} INFO - Setting next_dagrun for example_kubernetes_executor to None, run_after=None
[2025-10-03T00:18:45.558+0000] {processor.py:183} INFO - Processing /home/airflow/.local/lib/python3.12/site-packages/airflow/example_dags/example_kubernetes_executor.py took 0.281 seconds
[2025-10-03T00:19:16.065+0000] {processor.py:161} INFO - Started process (PID=16406) to work on /home/airflow/.local/lib/python3.12/site-packages/airflow/example_dags/example_kubernetes_executor.py
[2025-10-03T00:19:16.067+0000] {processor.py:830} INFO - Processing file /home/airflow/.local/lib/python3.12/site-packages/airflow/example_dags/example_kubernetes_executor.py for tasks to queue
[2025-10-03T00:19:16.070+0000] {logging_mixin.py:188} INFO - [2025-10-03T00:19:16.069+0000] {dagbag.py:545} INFO - Filling up the DagBag from /home/airflow/.local/lib/python3.12/site-packages/airflow/example_dags/example_kubernetes_executor.py
[2025-10-03T00:19:16.098+0000] {processor.py:840} INFO - DAG(s) 'example_kubernetes_executor' retrieved from /home/airflow/.local/lib/python3.12/site-packages/airflow/example_dags/example_kubernetes_executor.py
[2025-10-03T00:19:16.301+0000] {logging_mixin.py:188} INFO - [2025-10-03T00:19:16.300+0000] {dag.py:3096} INFO - Sync 1 DAGs
[2025-10-03T00:19:16.384+0000] {logging_mixin.py:188} INFO - [2025-10-03T00:19:16.384+0000] {dag.py:3954} INFO - Setting next_dagrun for example_kubernetes_executor to None, run_after=None
[2025-10-03T00:19:16.488+0000] {processor.py:183} INFO - Processing /home/airflow/.local/lib/python3.12/site-packages/airflow/example_dags/example_kubernetes_executor.py took 0.438 seconds
[2025-10-03T00:19:46.910+0000] {processor.py:161} INFO - Started process (PID=16459) to work on /home/airflow/.local/lib/python3.12/site-packages/airflow/example_dags/example_kubernetes_executor.py
[2025-10-03T00:19:46.912+0000] {processor.py:830} INFO - Processing file /home/airflow/.local/lib/python3.12/site-packages/airflow/example_dags/example_kubernetes_executor.py for tasks to queue
[2025-10-03T00:19:46.914+0000] {logging_mixin.py:188} INFO - [2025-10-03T00:19:46.913+0000] {dagbag.py:545} INFO - Filling up the DagBag from /home/airflow/.local/lib/python3.12/site-packages/airflow/example_dags/example_kubernetes_executor.py
[2025-10-03T00:19:46.942+0000] {processor.py:840} INFO - DAG(s) 'example_kubernetes_executor' retrieved from /home/airflow/.local/lib/python3.12/site-packages/airflow/example_dags/example_kubernetes_executor.py
[2025-10-03T00:19:47.034+0000] {logging_mixin.py:188} INFO - [2025-10-03T00:19:47.033+0000] {dag.py:3096} INFO - Sync 1 DAGs
[2025-10-03T00:19:47.060+0000] {logging_mixin.py:188} INFO - [2025-10-03T00:19:47.060+0000] {dag.py:3954} INFO - Setting next_dagrun for example_kubernetes_executor to None, run_after=None
[2025-10-03T00:19:47.101+0000] {processor.py:183} INFO - Processing /home/airflow/.local/lib/python3.12/site-packages/airflow/example_dags/example_kubernetes_executor.py took 0.205 seconds
[2025-10-03T00:20:17.731+0000] {processor.py:161} INFO - Started process (PID=16512) to work on /home/airflow/.local/lib/python3.12/site-packages/airflow/example_dags/example_kubernetes_executor.py
[2025-10-03T00:20:17.734+0000] {processor.py:830} INFO - Processing file /home/airflow/.local/lib/python3.12/site-packages/airflow/example_dags/example_kubernetes_executor.py for tasks to queue
[2025-10-03T00:20:17.736+0000] {logging_mixin.py:188} INFO - [2025-10-03T00:20:17.735+0000] {dagbag.py:545} INFO - Filling up the DagBag from /home/airflow/.local/lib/python3.12/site-packages/airflow/example_dags/example_kubernetes_executor.py
[2025-10-03T00:20:17.766+0000] {processor.py:840} INFO - DAG(s) 'example_kubernetes_executor' retrieved from /home/airflow/.local/lib/python3.12/site-packages/airflow/example_dags/example_kubernetes_executor.py
[2025-10-03T00:20:17.898+0000] {logging_mixin.py:188} INFO - [2025-10-03T00:20:17.897+0000] {dag.py:3096} INFO - Sync 1 DAGs
[2025-10-03T00:20:17.925+0000] {logging_mixin.py:188} INFO - [2025-10-03T00:20:17.924+0000] {dag.py:3954} INFO - Setting next_dagrun for example_kubernetes_executor to None, run_after=None
[2025-10-03T00:20:17.969+0000] {processor.py:183} INFO - Processing /home/airflow/.local/lib/python3.12/site-packages/airflow/example_dags/example_kubernetes_executor.py took 0.253 seconds
[2025-10-03T00:20:48.461+0000] {processor.py:161} INFO - Started process (PID=16565) to work on /home/airflow/.local/lib/python3.12/site-packages/airflow/example_dags/example_kubernetes_executor.py
[2025-10-03T00:20:48.463+0000] {processor.py:830} INFO - Processing file /home/airflow/.local/lib/python3.12/site-packages/airflow/example_dags/example_kubernetes_executor.py for tasks to queue
[2025-10-03T00:20:48.465+0000] {logging_mixin.py:188} INFO - [2025-10-03T00:20:48.464+0000] {dagbag.py:545} INFO - Filling up the DagBag from /home/airflow/.local/lib/python3.12/site-packages/airflow/example_dags/example_kubernetes_executor.py
[2025-10-03T00:20:48.498+0000] {processor.py:840} INFO - DAG(s) 'example_kubernetes_executor' retrieved from /home/airflow/.local/lib/python3.12/site-packages/airflow/example_dags/example_kubernetes_executor.py
[2025-10-03T00:20:48.626+0000] {logging_mixin.py:188} INFO - [2025-10-03T00:20:48.626+0000] {dag.py:3096} INFO - Sync 1 DAGs
[2025-10-03T00:20:48.676+0000] {logging_mixin.py:188} INFO - [2025-10-03T00:20:48.676+0000] {dag.py:3954} INFO - Setting next_dagrun for example_kubernetes_executor to None, run_after=None
[2025-10-03T00:20:48.749+0000] {processor.py:183} INFO - Processing /home/airflow/.local/lib/python3.12/site-packages/airflow/example_dags/example_kubernetes_executor.py took 0.309 seconds
[2025-10-03T00:21:19.372+0000] {processor.py:161} INFO - Started process (PID=16618) to work on /home/airflow/.local/lib/python3.12/site-packages/airflow/example_dags/example_kubernetes_executor.py
[2025-10-03T00:21:19.374+0000] {processor.py:830} INFO - Processing file /home/airflow/.local/lib/python3.12/site-packages/airflow/example_dags/example_kubernetes_executor.py for tasks to queue
[2025-10-03T00:21:19.376+0000] {logging_mixin.py:188} INFO - [2025-10-03T00:21:19.376+0000] {dagbag.py:545} INFO - Filling up the DagBag from /home/airflow/.local/lib/python3.12/site-packages/airflow/example_dags/example_kubernetes_executor.py
[2025-10-03T00:21:19.405+0000] {processor.py:840} INFO - DAG(s) 'example_kubernetes_executor' retrieved from /home/airflow/.local/lib/python3.12/site-packages/airflow/example_dags/example_kubernetes_executor.py
[2025-10-03T00:21:19.519+0000] {logging_mixin.py:188} INFO - [2025-10-03T00:21:19.518+0000] {dag.py:3096} INFO - Sync 1 DAGs
[2025-10-03T00:21:19.550+0000] {logging_mixin.py:188} INFO - [2025-10-03T00:21:19.549+0000] {dag.py:3954} INFO - Setting next_dagrun for example_kubernetes_executor to None, run_after=None
[2025-10-03T00:21:19.596+0000] {processor.py:183} INFO - Processing /home/airflow/.local/lib/python3.12/site-packages/airflow/example_dags/example_kubernetes_executor.py took 0.239 seconds
[2025-10-03T00:21:49.864+0000] {processor.py:161} INFO - Started process (PID=16671) to work on /home/airflow/.local/lib/python3.12/site-packages/airflow/example_dags/example_kubernetes_executor.py
[2025-10-03T00:21:49.866+0000] {processor.py:830} INFO - Processing file /home/airflow/.local/lib/python3.12/site-packages/airflow/example_dags/example_kubernetes_executor.py for tasks to queue
[2025-10-03T00:21:49.868+0000] {logging_mixin.py:188} INFO - [2025-10-03T00:21:49.868+0000] {dagbag.py:545} INFO - Filling up the DagBag from /home/airflow/.local/lib/python3.12/site-packages/airflow/example_dags/example_kubernetes_executor.py
[2025-10-03T00:21:49.899+0000] {processor.py:840} INFO - DAG(s) 'example_kubernetes_executor' retrieved from /home/airflow/.local/lib/python3.12/site-packages/airflow/example_dags/example_kubernetes_executor.py
[2025-10-03T00:21:50.156+0000] {logging_mixin.py:188} INFO - [2025-10-03T00:21:50.155+0000] {dag.py:3096} INFO - Sync 1 DAGs
[2025-10-03T00:21:50.210+0000] {logging_mixin.py:188} INFO - [2025-10-03T00:21:50.208+0000] {dag.py:3954} INFO - Setting next_dagrun for example_kubernetes_executor to None, run_after=None
[2025-10-03T00:21:50.308+0000] {processor.py:183} INFO - Processing /home/airflow/.local/lib/python3.12/site-packages/airflow/example_dags/example_kubernetes_executor.py took 0.459 seconds
[2025-10-03T00:22:21.156+0000] {processor.py:161} INFO - Started process (PID=16724) to work on /home/airflow/.local/lib/python3.12/site-packages/airflow/example_dags/example_kubernetes_executor.py
[2025-10-03T00:22:21.159+0000] {processor.py:830} INFO - Processing file /home/airflow/.local/lib/python3.12/site-packages/airflow/example_dags/example_kubernetes_executor.py for tasks to queue
[2025-10-03T00:22:21.161+0000] {logging_mixin.py:188} INFO - [2025-10-03T00:22:21.160+0000] {dagbag.py:545} INFO - Filling up the DagBag from /home/airflow/.local/lib/python3.12/site-packages/airflow/example_dags/example_kubernetes_executor.py
[2025-10-03T00:22:21.189+0000] {processor.py:840} INFO - DAG(s) 'example_kubernetes_executor' retrieved from /home/airflow/.local/lib/python3.12/site-packages/airflow/example_dags/example_kubernetes_executor.py
[2025-10-03T00:22:21.289+0000] {logging_mixin.py:188} INFO - [2025-10-03T00:22:21.288+0000] {dag.py:3096} INFO - Sync 1 DAGs
[2025-10-03T00:22:21.315+0000] {logging_mixin.py:188} INFO - [2025-10-03T00:22:21.315+0000] {dag.py:3954} INFO - Setting next_dagrun for example_kubernetes_executor to None, run_after=None
[2025-10-03T00:22:21.360+0000] {processor.py:183} INFO - Processing /home/airflow/.local/lib/python3.12/site-packages/airflow/example_dags/example_kubernetes_executor.py took 0.221 seconds
[2025-10-03T00:22:52.054+0000] {processor.py:161} INFO - Started process (PID=16777) to work on /home/airflow/.local/lib/python3.12/site-packages/airflow/example_dags/example_kubernetes_executor.py
[2025-10-03T00:22:52.057+0000] {processor.py:830} INFO - Processing file /home/airflow/.local/lib/python3.12/site-packages/airflow/example_dags/example_kubernetes_executor.py for tasks to queue
[2025-10-03T00:22:52.060+0000] {logging_mixin.py:188} INFO - [2025-10-03T00:22:52.059+0000] {dagbag.py:545} INFO - Filling up the DagBag from /home/airflow/.local/lib/python3.12/site-packages/airflow/example_dags/example_kubernetes_executor.py
[2025-10-03T00:22:52.102+0000] {processor.py:840} INFO - DAG(s) 'example_kubernetes_executor' retrieved from /home/airflow/.local/lib/python3.12/site-packages/airflow/example_dags/example_kubernetes_executor.py
[2025-10-03T00:22:52.257+0000] {logging_mixin.py:188} INFO - [2025-10-03T00:22:52.256+0000] {dag.py:3096} INFO - Sync 1 DAGs
[2025-10-03T00:22:52.291+0000] {logging_mixin.py:188} INFO - [2025-10-03T00:22:52.290+0000] {dag.py:3954} INFO - Setting next_dagrun for example_kubernetes_executor to None, run_after=None
[2025-10-03T00:22:52.336+0000] {processor.py:183} INFO - Processing /home/airflow/.local/lib/python3.12/site-packages/airflow/example_dags/example_kubernetes_executor.py took 0.310 seconds
[2025-10-03T00:23:22.484+0000] {processor.py:161} INFO - Started process (PID=16829) to work on /home/airflow/.local/lib/python3.12/site-packages/airflow/example_dags/example_kubernetes_executor.py
[2025-10-03T00:23:22.487+0000] {processor.py:830} INFO - Processing file /home/airflow/.local/lib/python3.12/site-packages/airflow/example_dags/example_kubernetes_executor.py for tasks to queue
[2025-10-03T00:23:22.490+0000] {logging_mixin.py:188} INFO - [2025-10-03T00:23:22.489+0000] {dagbag.py:545} INFO - Filling up the DagBag from /home/airflow/.local/lib/python3.12/site-packages/airflow/example_dags/example_kubernetes_executor.py
[2025-10-03T00:23:22.519+0000] {processor.py:840} INFO - DAG(s) 'example_kubernetes_executor' retrieved from /home/airflow/.local/lib/python3.12/site-packages/airflow/example_dags/example_kubernetes_executor.py
[2025-10-03T00:23:22.632+0000] {logging_mixin.py:188} INFO - [2025-10-03T00:23:22.632+0000] {dag.py:3096} INFO - Sync 1 DAGs
[2025-10-03T00:23:22.661+0000] {logging_mixin.py:188} INFO - [2025-10-03T00:23:22.660+0000] {dag.py:3954} INFO - Setting next_dagrun for example_kubernetes_executor to None, run_after=None
[2025-10-03T00:23:22.713+0000] {processor.py:183} INFO - Processing /home/airflow/.local/lib/python3.12/site-packages/airflow/example_dags/example_kubernetes_executor.py took 0.246 seconds
[2025-10-03T00:23:53.000+0000] {processor.py:161} INFO - Started process (PID=16882) to work on /home/airflow/.local/lib/python3.12/site-packages/airflow/example_dags/example_kubernetes_executor.py
[2025-10-03T00:23:53.003+0000] {processor.py:830} INFO - Processing file /home/airflow/.local/lib/python3.12/site-packages/airflow/example_dags/example_kubernetes_executor.py for tasks to queue
[2025-10-03T00:23:53.006+0000] {logging_mixin.py:188} INFO - [2025-10-03T00:23:53.005+0000] {dagbag.py:545} INFO - Filling up the DagBag from /home/airflow/.local/lib/python3.12/site-packages/airflow/example_dags/example_kubernetes_executor.py
[2025-10-03T00:23:53.052+0000] {processor.py:840} INFO - DAG(s) 'example_kubernetes_executor' retrieved from /home/airflow/.local/lib/python3.12/site-packages/airflow/example_dags/example_kubernetes_executor.py
[2025-10-03T00:23:53.155+0000] {logging_mixin.py:188} INFO - [2025-10-03T00:23:53.154+0000] {dag.py:3096} INFO - Sync 1 DAGs
[2025-10-03T00:23:53.184+0000] {logging_mixin.py:188} INFO - [2025-10-03T00:23:53.183+0000] {dag.py:3954} INFO - Setting next_dagrun for example_kubernetes_executor to None, run_after=None
[2025-10-03T00:23:53.226+0000] {processor.py:183} INFO - Processing /home/airflow/.local/lib/python3.12/site-packages/airflow/example_dags/example_kubernetes_executor.py took 0.246 seconds
[2025-10-03T00:24:23.395+0000] {processor.py:161} INFO - Started process (PID=16935) to work on /home/airflow/.local/lib/python3.12/site-packages/airflow/example_dags/example_kubernetes_executor.py
[2025-10-03T00:24:23.398+0000] {processor.py:830} INFO - Processing file /home/airflow/.local/lib/python3.12/site-packages/airflow/example_dags/example_kubernetes_executor.py for tasks to queue
[2025-10-03T00:24:23.400+0000] {logging_mixin.py:188} INFO - [2025-10-03T00:24:23.400+0000] {dagbag.py:545} INFO - Filling up the DagBag from /home/airflow/.local/lib/python3.12/site-packages/airflow/example_dags/example_kubernetes_executor.py
[2025-10-03T00:24:23.433+0000] {processor.py:840} INFO - DAG(s) 'example_kubernetes_executor' retrieved from /home/airflow/.local/lib/python3.12/site-packages/airflow/example_dags/example_kubernetes_executor.py
[2025-10-03T00:24:23.547+0000] {logging_mixin.py:188} INFO - [2025-10-03T00:24:23.546+0000] {dag.py:3096} INFO - Sync 1 DAGs
[2025-10-03T00:24:23.579+0000] {logging_mixin.py:188} INFO - [2025-10-03T00:24:23.579+0000] {dag.py:3954} INFO - Setting next_dagrun for example_kubernetes_executor to None, run_after=None
[2025-10-03T00:24:23.620+0000] {processor.py:183} INFO - Processing /home/airflow/.local/lib/python3.12/site-packages/airflow/example_dags/example_kubernetes_executor.py took 0.241 seconds
[2025-10-03T00:24:54.063+0000] {processor.py:161} INFO - Started process (PID=16988) to work on /home/airflow/.local/lib/python3.12/site-packages/airflow/example_dags/example_kubernetes_executor.py
[2025-10-03T00:24:54.070+0000] {processor.py:830} INFO - Processing file /home/airflow/.local/lib/python3.12/site-packages/airflow/example_dags/example_kubernetes_executor.py for tasks to queue
[2025-10-03T00:24:54.074+0000] {logging_mixin.py:188} INFO - [2025-10-03T00:24:54.073+0000] {dagbag.py:545} INFO - Filling up the DagBag from /home/airflow/.local/lib/python3.12/site-packages/airflow/example_dags/example_kubernetes_executor.py
[2025-10-03T00:24:54.112+0000] {processor.py:840} INFO - DAG(s) 'example_kubernetes_executor' retrieved from /home/airflow/.local/lib/python3.12/site-packages/airflow/example_dags/example_kubernetes_executor.py
[2025-10-03T00:24:54.219+0000] {logging_mixin.py:188} INFO - [2025-10-03T00:24:54.218+0000] {dag.py:3096} INFO - Sync 1 DAGs
[2025-10-03T00:24:54.250+0000] {logging_mixin.py:188} INFO - [2025-10-03T00:24:54.250+0000] {dag.py:3954} INFO - Setting next_dagrun for example_kubernetes_executor to None, run_after=None
[2025-10-03T00:24:54.305+0000] {processor.py:183} INFO - Processing /home/airflow/.local/lib/python3.12/site-packages/airflow/example_dags/example_kubernetes_executor.py took 0.270 seconds
[2025-10-03T00:25:24.494+0000] {processor.py:161} INFO - Started process (PID=17041) to work on /home/airflow/.local/lib/python3.12/site-packages/airflow/example_dags/example_kubernetes_executor.py
[2025-10-03T00:25:24.496+0000] {processor.py:830} INFO - Processing file /home/airflow/.local/lib/python3.12/site-packages/airflow/example_dags/example_kubernetes_executor.py for tasks to queue
[2025-10-03T00:25:24.499+0000] {logging_mixin.py:188} INFO - [2025-10-03T00:25:24.498+0000] {dagbag.py:545} INFO - Filling up the DagBag from /home/airflow/.local/lib/python3.12/site-packages/airflow/example_dags/example_kubernetes_executor.py
[2025-10-03T00:25:24.538+0000] {processor.py:840} INFO - DAG(s) 'example_kubernetes_executor' retrieved from /home/airflow/.local/lib/python3.12/site-packages/airflow/example_dags/example_kubernetes_executor.py
[2025-10-03T00:25:24.657+0000] {logging_mixin.py:188} INFO - [2025-10-03T00:25:24.656+0000] {dag.py:3096} INFO - Sync 1 DAGs
[2025-10-03T00:25:24.692+0000] {logging_mixin.py:188} INFO - [2025-10-03T00:25:24.692+0000] {dag.py:3954} INFO - Setting next_dagrun for example_kubernetes_executor to None, run_after=None
[2025-10-03T00:25:24.732+0000] {processor.py:183} INFO - Processing /home/airflow/.local/lib/python3.12/site-packages/airflow/example_dags/example_kubernetes_executor.py took 0.252 seconds
[2025-10-03T00:25:55.258+0000] {processor.py:161} INFO - Started process (PID=17094) to work on /home/airflow/.local/lib/python3.12/site-packages/airflow/example_dags/example_kubernetes_executor.py
[2025-10-03T00:25:55.261+0000] {processor.py:830} INFO - Processing file /home/airflow/.local/lib/python3.12/site-packages/airflow/example_dags/example_kubernetes_executor.py for tasks to queue
[2025-10-03T00:25:55.263+0000] {logging_mixin.py:188} INFO - [2025-10-03T00:25:55.262+0000] {dagbag.py:545} INFO - Filling up the DagBag from /home/airflow/.local/lib/python3.12/site-packages/airflow/example_dags/example_kubernetes_executor.py
[2025-10-03T00:25:55.317+0000] {processor.py:840} INFO - DAG(s) 'example_kubernetes_executor' retrieved from /home/airflow/.local/lib/python3.12/site-packages/airflow/example_dags/example_kubernetes_executor.py
[2025-10-03T00:25:55.432+0000] {logging_mixin.py:188} INFO - [2025-10-03T00:25:55.431+0000] {dag.py:3096} INFO - Sync 1 DAGs
[2025-10-03T00:25:55.462+0000] {logging_mixin.py:188} INFO - [2025-10-03T00:25:55.461+0000] {dag.py:3954} INFO - Setting next_dagrun for example_kubernetes_executor to None, run_after=None
[2025-10-03T00:25:55.507+0000] {processor.py:183} INFO - Processing /home/airflow/.local/lib/python3.12/site-packages/airflow/example_dags/example_kubernetes_executor.py took 0.267 seconds
[2025-10-03T00:26:26.062+0000] {processor.py:161} INFO - Started process (PID=17147) to work on /home/airflow/.local/lib/python3.12/site-packages/airflow/example_dags/example_kubernetes_executor.py
[2025-10-03T00:26:26.064+0000] {processor.py:830} INFO - Processing file /home/airflow/.local/lib/python3.12/site-packages/airflow/example_dags/example_kubernetes_executor.py for tasks to queue
[2025-10-03T00:26:26.066+0000] {logging_mixin.py:188} INFO - [2025-10-03T00:26:26.065+0000] {dagbag.py:545} INFO - Filling up the DagBag from /home/airflow/.local/lib/python3.12/site-packages/airflow/example_dags/example_kubernetes_executor.py
[2025-10-03T00:26:26.101+0000] {processor.py:840} INFO - DAG(s) 'example_kubernetes_executor' retrieved from /home/airflow/.local/lib/python3.12/site-packages/airflow/example_dags/example_kubernetes_executor.py
[2025-10-03T00:26:26.200+0000] {logging_mixin.py:188} INFO - [2025-10-03T00:26:26.200+0000] {dag.py:3096} INFO - Sync 1 DAGs
[2025-10-03T00:26:26.227+0000] {logging_mixin.py:188} INFO - [2025-10-03T00:26:26.227+0000] {dag.py:3954} INFO - Setting next_dagrun for example_kubernetes_executor to None, run_after=None
[2025-10-03T00:26:26.267+0000] {processor.py:183} INFO - Processing /home/airflow/.local/lib/python3.12/site-packages/airflow/example_dags/example_kubernetes_executor.py took 0.222 seconds
