[2025-10-03T00:00:09.684+0000] {processor.py:161} INFO - Started process (PID=14431) to work on /home/airflow/.local/lib/python3.12/site-packages/airflow/example_dags/example_complex.py
[2025-10-03T00:00:09.686+0000] {processor.py:830} INFO - Processing file /home/airflow/.local/lib/python3.12/site-packages/airflow/example_dags/example_complex.py for tasks to queue
[2025-10-03T00:00:09.688+0000] {logging_mixin.py:188} INFO - [2025-10-03T00:00:09.688+0000] {dagbag.py:545} INFO - Filling up the DagBag from /home/airflow/.local/lib/python3.12/site-packages/airflow/example_dags/example_complex.py
[2025-10-03T00:00:09.713+0000] {processor.py:840} INFO - DAG(s) 'example_complex' retrieved from /home/airflow/.local/lib/python3.12/site-packages/airflow/example_dags/example_complex.py
[2025-10-03T00:00:09.788+0000] {logging_mixin.py:188} INFO - [2025-10-03T00:00:09.788+0000] {dag.py:3096} INFO - Sync 1 DAGs
[2025-10-03T00:00:09.819+0000] {logging_mixin.py:188} INFO - [2025-10-03T00:00:09.818+0000] {dag.py:3954} INFO - Setting next_dagrun for example_complex to None, run_after=None
[2025-10-03T00:00:09.869+0000] {processor.py:183} INFO - Processing /home/airflow/.local/lib/python3.12/site-packages/airflow/example_dags/example_complex.py took 0.201 seconds
[2025-10-03T00:00:40.156+0000] {processor.py:161} INFO - Started process (PID=14484) to work on /home/airflow/.local/lib/python3.12/site-packages/airflow/example_dags/example_complex.py
[2025-10-03T00:00:40.158+0000] {processor.py:830} INFO - Processing file /home/airflow/.local/lib/python3.12/site-packages/airflow/example_dags/example_complex.py for tasks to queue
[2025-10-03T00:00:40.160+0000] {logging_mixin.py:188} INFO - [2025-10-03T00:00:40.160+0000] {dagbag.py:545} INFO - Filling up the DagBag from /home/airflow/.local/lib/python3.12/site-packages/airflow/example_dags/example_complex.py
[2025-10-03T00:00:40.192+0000] {processor.py:840} INFO - DAG(s) 'example_complex' retrieved from /home/airflow/.local/lib/python3.12/site-packages/airflow/example_dags/example_complex.py
[2025-10-03T00:00:40.265+0000] {logging_mixin.py:188} INFO - [2025-10-03T00:00:40.264+0000] {dag.py:3096} INFO - Sync 1 DAGs
[2025-10-03T00:00:40.292+0000] {logging_mixin.py:188} INFO - [2025-10-03T00:00:40.292+0000] {dag.py:3954} INFO - Setting next_dagrun for example_complex to None, run_after=None
[2025-10-03T00:00:40.333+0000] {processor.py:183} INFO - Processing /home/airflow/.local/lib/python3.12/site-packages/airflow/example_dags/example_complex.py took 0.191 seconds
[2025-10-03T00:01:11.016+0000] {processor.py:161} INFO - Started process (PID=14537) to work on /home/airflow/.local/lib/python3.12/site-packages/airflow/example_dags/example_complex.py
[2025-10-03T00:01:11.018+0000] {processor.py:830} INFO - Processing file /home/airflow/.local/lib/python3.12/site-packages/airflow/example_dags/example_complex.py for tasks to queue
[2025-10-03T00:01:11.022+0000] {logging_mixin.py:188} INFO - [2025-10-03T00:01:11.021+0000] {dagbag.py:545} INFO - Filling up the DagBag from /home/airflow/.local/lib/python3.12/site-packages/airflow/example_dags/example_complex.py
[2025-10-03T00:01:11.070+0000] {processor.py:840} INFO - DAG(s) 'example_complex' retrieved from /home/airflow/.local/lib/python3.12/site-packages/airflow/example_dags/example_complex.py
[2025-10-03T00:01:11.210+0000] {logging_mixin.py:188} INFO - [2025-10-03T00:01:11.209+0000] {dag.py:3096} INFO - Sync 1 DAGs
[2025-10-03T00:01:11.274+0000] {logging_mixin.py:188} INFO - [2025-10-03T00:01:11.273+0000] {dag.py:3954} INFO - Setting next_dagrun for example_complex to None, run_after=None
[2025-10-03T00:01:11.457+0000] {processor.py:183} INFO - Processing /home/airflow/.local/lib/python3.12/site-packages/airflow/example_dags/example_complex.py took 0.465 seconds
[2025-10-03T00:01:41.900+0000] {processor.py:161} INFO - Started process (PID=14590) to work on /home/airflow/.local/lib/python3.12/site-packages/airflow/example_dags/example_complex.py
[2025-10-03T00:01:41.903+0000] {processor.py:830} INFO - Processing file /home/airflow/.local/lib/python3.12/site-packages/airflow/example_dags/example_complex.py for tasks to queue
[2025-10-03T00:01:41.905+0000] {logging_mixin.py:188} INFO - [2025-10-03T00:01:41.904+0000] {dagbag.py:545} INFO - Filling up the DagBag from /home/airflow/.local/lib/python3.12/site-packages/airflow/example_dags/example_complex.py
[2025-10-03T00:01:41.928+0000] {processor.py:840} INFO - DAG(s) 'example_complex' retrieved from /home/airflow/.local/lib/python3.12/site-packages/airflow/example_dags/example_complex.py
[2025-10-03T00:01:42.000+0000] {logging_mixin.py:188} INFO - [2025-10-03T00:01:41.999+0000] {dag.py:3096} INFO - Sync 1 DAGs
[2025-10-03T00:01:42.037+0000] {logging_mixin.py:188} INFO - [2025-10-03T00:01:42.036+0000] {dag.py:3954} INFO - Setting next_dagrun for example_complex to None, run_after=None
[2025-10-03T00:01:42.098+0000] {processor.py:183} INFO - Processing /home/airflow/.local/lib/python3.12/site-packages/airflow/example_dags/example_complex.py took 0.214 seconds
[2025-10-03T00:02:12.513+0000] {processor.py:161} INFO - Started process (PID=14643) to work on /home/airflow/.local/lib/python3.12/site-packages/airflow/example_dags/example_complex.py
[2025-10-03T00:02:12.515+0000] {processor.py:830} INFO - Processing file /home/airflow/.local/lib/python3.12/site-packages/airflow/example_dags/example_complex.py for tasks to queue
[2025-10-03T00:02:12.519+0000] {logging_mixin.py:188} INFO - [2025-10-03T00:02:12.518+0000] {dagbag.py:545} INFO - Filling up the DagBag from /home/airflow/.local/lib/python3.12/site-packages/airflow/example_dags/example_complex.py
[2025-10-03T00:02:12.555+0000] {processor.py:840} INFO - DAG(s) 'example_complex' retrieved from /home/airflow/.local/lib/python3.12/site-packages/airflow/example_dags/example_complex.py
[2025-10-03T00:02:12.725+0000] {logging_mixin.py:188} INFO - [2025-10-03T00:02:12.724+0000] {dag.py:3096} INFO - Sync 1 DAGs
[2025-10-03T00:02:12.764+0000] {logging_mixin.py:188} INFO - [2025-10-03T00:02:12.763+0000] {dag.py:3954} INFO - Setting next_dagrun for example_complex to None, run_after=None
[2025-10-03T00:02:12.828+0000] {processor.py:183} INFO - Processing /home/airflow/.local/lib/python3.12/site-packages/airflow/example_dags/example_complex.py took 0.334 seconds
[2025-10-03T00:02:43.051+0000] {processor.py:161} INFO - Started process (PID=14696) to work on /home/airflow/.local/lib/python3.12/site-packages/airflow/example_dags/example_complex.py
[2025-10-03T00:02:43.053+0000] {processor.py:830} INFO - Processing file /home/airflow/.local/lib/python3.12/site-packages/airflow/example_dags/example_complex.py for tasks to queue
[2025-10-03T00:02:43.057+0000] {logging_mixin.py:188} INFO - [2025-10-03T00:02:43.055+0000] {dagbag.py:545} INFO - Filling up the DagBag from /home/airflow/.local/lib/python3.12/site-packages/airflow/example_dags/example_complex.py
[2025-10-03T00:02:43.085+0000] {processor.py:840} INFO - DAG(s) 'example_complex' retrieved from /home/airflow/.local/lib/python3.12/site-packages/airflow/example_dags/example_complex.py
[2025-10-03T00:02:43.178+0000] {logging_mixin.py:188} INFO - [2025-10-03T00:02:43.178+0000] {dag.py:3096} INFO - Sync 1 DAGs
[2025-10-03T00:02:43.219+0000] {logging_mixin.py:188} INFO - [2025-10-03T00:02:43.218+0000] {dag.py:3954} INFO - Setting next_dagrun for example_complex to None, run_after=None
[2025-10-03T00:02:43.264+0000] {processor.py:183} INFO - Processing /home/airflow/.local/lib/python3.12/site-packages/airflow/example_dags/example_complex.py took 0.238 seconds
[2025-10-03T00:03:13.563+0000] {processor.py:161} INFO - Started process (PID=14749) to work on /home/airflow/.local/lib/python3.12/site-packages/airflow/example_dags/example_complex.py
[2025-10-03T00:03:13.565+0000] {processor.py:830} INFO - Processing file /home/airflow/.local/lib/python3.12/site-packages/airflow/example_dags/example_complex.py for tasks to queue
[2025-10-03T00:03:13.568+0000] {logging_mixin.py:188} INFO - [2025-10-03T00:03:13.567+0000] {dagbag.py:545} INFO - Filling up the DagBag from /home/airflow/.local/lib/python3.12/site-packages/airflow/example_dags/example_complex.py
[2025-10-03T00:03:13.598+0000] {processor.py:840} INFO - DAG(s) 'example_complex' retrieved from /home/airflow/.local/lib/python3.12/site-packages/airflow/example_dags/example_complex.py
[2025-10-03T00:03:13.676+0000] {logging_mixin.py:188} INFO - [2025-10-03T00:03:13.676+0000] {dag.py:3096} INFO - Sync 1 DAGs
[2025-10-03T00:03:13.717+0000] {logging_mixin.py:188} INFO - [2025-10-03T00:03:13.716+0000] {dag.py:3954} INFO - Setting next_dagrun for example_complex to None, run_after=None
[2025-10-03T00:03:13.763+0000] {processor.py:183} INFO - Processing /home/airflow/.local/lib/python3.12/site-packages/airflow/example_dags/example_complex.py took 0.220 seconds
[2025-10-03T00:03:44.183+0000] {processor.py:161} INFO - Started process (PID=14802) to work on /home/airflow/.local/lib/python3.12/site-packages/airflow/example_dags/example_complex.py
[2025-10-03T00:03:44.185+0000] {processor.py:830} INFO - Processing file /home/airflow/.local/lib/python3.12/site-packages/airflow/example_dags/example_complex.py for tasks to queue
[2025-10-03T00:03:44.188+0000] {logging_mixin.py:188} INFO - [2025-10-03T00:03:44.187+0000] {dagbag.py:545} INFO - Filling up the DagBag from /home/airflow/.local/lib/python3.12/site-packages/airflow/example_dags/example_complex.py
[2025-10-03T00:03:44.212+0000] {processor.py:840} INFO - DAG(s) 'example_complex' retrieved from /home/airflow/.local/lib/python3.12/site-packages/airflow/example_dags/example_complex.py
[2025-10-03T00:03:44.286+0000] {logging_mixin.py:188} INFO - [2025-10-03T00:03:44.285+0000] {dag.py:3096} INFO - Sync 1 DAGs
[2025-10-03T00:03:44.315+0000] {logging_mixin.py:188} INFO - [2025-10-03T00:03:44.315+0000] {dag.py:3954} INFO - Setting next_dagrun for example_complex to None, run_after=None
[2025-10-03T00:03:44.370+0000] {processor.py:183} INFO - Processing /home/airflow/.local/lib/python3.12/site-packages/airflow/example_dags/example_complex.py took 0.202 seconds
[2025-10-03T00:04:14.745+0000] {processor.py:161} INFO - Started process (PID=14855) to work on /home/airflow/.local/lib/python3.12/site-packages/airflow/example_dags/example_complex.py
[2025-10-03T00:04:14.747+0000] {processor.py:830} INFO - Processing file /home/airflow/.local/lib/python3.12/site-packages/airflow/example_dags/example_complex.py for tasks to queue
[2025-10-03T00:04:14.749+0000] {logging_mixin.py:188} INFO - [2025-10-03T00:04:14.748+0000] {dagbag.py:545} INFO - Filling up the DagBag from /home/airflow/.local/lib/python3.12/site-packages/airflow/example_dags/example_complex.py
[2025-10-03T00:04:14.772+0000] {processor.py:840} INFO - DAG(s) 'example_complex' retrieved from /home/airflow/.local/lib/python3.12/site-packages/airflow/example_dags/example_complex.py
[2025-10-03T00:04:14.855+0000] {logging_mixin.py:188} INFO - [2025-10-03T00:04:14.854+0000] {dag.py:3096} INFO - Sync 1 DAGs
[2025-10-03T00:04:14.886+0000] {logging_mixin.py:188} INFO - [2025-10-03T00:04:14.885+0000] {dag.py:3954} INFO - Setting next_dagrun for example_complex to None, run_after=None
[2025-10-03T00:04:14.930+0000] {processor.py:183} INFO - Processing /home/airflow/.local/lib/python3.12/site-packages/airflow/example_dags/example_complex.py took 0.199 seconds
[2025-10-03T00:04:45.614+0000] {processor.py:161} INFO - Started process (PID=14908) to work on /home/airflow/.local/lib/python3.12/site-packages/airflow/example_dags/example_complex.py
[2025-10-03T00:04:45.617+0000] {processor.py:830} INFO - Processing file /home/airflow/.local/lib/python3.12/site-packages/airflow/example_dags/example_complex.py for tasks to queue
[2025-10-03T00:04:45.619+0000] {logging_mixin.py:188} INFO - [2025-10-03T00:04:45.619+0000] {dagbag.py:545} INFO - Filling up the DagBag from /home/airflow/.local/lib/python3.12/site-packages/airflow/example_dags/example_complex.py
[2025-10-03T00:04:45.642+0000] {processor.py:840} INFO - DAG(s) 'example_complex' retrieved from /home/airflow/.local/lib/python3.12/site-packages/airflow/example_dags/example_complex.py
[2025-10-03T00:04:45.712+0000] {logging_mixin.py:188} INFO - [2025-10-03T00:04:45.712+0000] {dag.py:3096} INFO - Sync 1 DAGs
[2025-10-03T00:04:45.741+0000] {logging_mixin.py:188} INFO - [2025-10-03T00:04:45.741+0000] {dag.py:3954} INFO - Setting next_dagrun for example_complex to None, run_after=None
[2025-10-03T00:04:45.781+0000] {processor.py:183} INFO - Processing /home/airflow/.local/lib/python3.12/site-packages/airflow/example_dags/example_complex.py took 0.181 seconds
[2025-10-03T00:05:16.301+0000] {processor.py:161} INFO - Started process (PID=14961) to work on /home/airflow/.local/lib/python3.12/site-packages/airflow/example_dags/example_complex.py
[2025-10-03T00:05:16.304+0000] {processor.py:830} INFO - Processing file /home/airflow/.local/lib/python3.12/site-packages/airflow/example_dags/example_complex.py for tasks to queue
[2025-10-03T00:05:16.307+0000] {logging_mixin.py:188} INFO - [2025-10-03T00:05:16.306+0000] {dagbag.py:545} INFO - Filling up the DagBag from /home/airflow/.local/lib/python3.12/site-packages/airflow/example_dags/example_complex.py
[2025-10-03T00:05:16.337+0000] {processor.py:840} INFO - DAG(s) 'example_complex' retrieved from /home/airflow/.local/lib/python3.12/site-packages/airflow/example_dags/example_complex.py
[2025-10-03T00:05:16.414+0000] {logging_mixin.py:188} INFO - [2025-10-03T00:05:16.413+0000] {dag.py:3096} INFO - Sync 1 DAGs
[2025-10-03T00:05:16.445+0000] {logging_mixin.py:188} INFO - [2025-10-03T00:05:16.445+0000] {dag.py:3954} INFO - Setting next_dagrun for example_complex to None, run_after=None
[2025-10-03T00:05:16.485+0000] {processor.py:183} INFO - Processing /home/airflow/.local/lib/python3.12/site-packages/airflow/example_dags/example_complex.py took 0.207 seconds
[2025-10-03T00:05:46.647+0000] {processor.py:161} INFO - Started process (PID=15014) to work on /home/airflow/.local/lib/python3.12/site-packages/airflow/example_dags/example_complex.py
[2025-10-03T00:05:46.650+0000] {processor.py:830} INFO - Processing file /home/airflow/.local/lib/python3.12/site-packages/airflow/example_dags/example_complex.py for tasks to queue
[2025-10-03T00:05:46.652+0000] {logging_mixin.py:188} INFO - [2025-10-03T00:05:46.651+0000] {dagbag.py:545} INFO - Filling up the DagBag from /home/airflow/.local/lib/python3.12/site-packages/airflow/example_dags/example_complex.py
[2025-10-03T00:05:46.675+0000] {processor.py:840} INFO - DAG(s) 'example_complex' retrieved from /home/airflow/.local/lib/python3.12/site-packages/airflow/example_dags/example_complex.py
[2025-10-03T00:05:46.748+0000] {logging_mixin.py:188} INFO - [2025-10-03T00:05:46.747+0000] {dag.py:3096} INFO - Sync 1 DAGs
[2025-10-03T00:05:46.779+0000] {logging_mixin.py:188} INFO - [2025-10-03T00:05:46.778+0000] {dag.py:3954} INFO - Setting next_dagrun for example_complex to None, run_after=None
[2025-10-03T00:05:46.828+0000] {processor.py:183} INFO - Processing /home/airflow/.local/lib/python3.12/site-packages/airflow/example_dags/example_complex.py took 0.195 seconds
[2025-10-03T00:06:17.841+0000] {processor.py:161} INFO - Started process (PID=15067) to work on /home/airflow/.local/lib/python3.12/site-packages/airflow/example_dags/example_complex.py
[2025-10-03T00:06:17.844+0000] {processor.py:830} INFO - Processing file /home/airflow/.local/lib/python3.12/site-packages/airflow/example_dags/example_complex.py for tasks to queue
[2025-10-03T00:06:17.849+0000] {logging_mixin.py:188} INFO - [2025-10-03T00:06:17.847+0000] {dagbag.py:545} INFO - Filling up the DagBag from /home/airflow/.local/lib/python3.12/site-packages/airflow/example_dags/example_complex.py
[2025-10-03T00:06:17.938+0000] {processor.py:840} INFO - DAG(s) 'example_complex' retrieved from /home/airflow/.local/lib/python3.12/site-packages/airflow/example_dags/example_complex.py
[2025-10-03T00:06:18.118+0000] {logging_mixin.py:188} INFO - [2025-10-03T00:06:18.117+0000] {dag.py:3096} INFO - Sync 1 DAGs
[2025-10-03T00:06:18.166+0000] {logging_mixin.py:188} INFO - [2025-10-03T00:06:18.165+0000] {dag.py:3954} INFO - Setting next_dagrun for example_complex to None, run_after=None
[2025-10-03T00:06:18.224+0000] {processor.py:183} INFO - Processing /home/airflow/.local/lib/python3.12/site-packages/airflow/example_dags/example_complex.py took 0.424 seconds
[2025-10-03T00:06:49.379+0000] {processor.py:161} INFO - Started process (PID=15121) to work on /home/airflow/.local/lib/python3.12/site-packages/airflow/example_dags/example_complex.py
[2025-10-03T00:06:49.382+0000] {processor.py:830} INFO - Processing file /home/airflow/.local/lib/python3.12/site-packages/airflow/example_dags/example_complex.py for tasks to queue
[2025-10-03T00:06:49.384+0000] {logging_mixin.py:188} INFO - [2025-10-03T00:06:49.383+0000] {dagbag.py:545} INFO - Filling up the DagBag from /home/airflow/.local/lib/python3.12/site-packages/airflow/example_dags/example_complex.py
[2025-10-03T00:06:49.420+0000] {processor.py:840} INFO - DAG(s) 'example_complex' retrieved from /home/airflow/.local/lib/python3.12/site-packages/airflow/example_dags/example_complex.py
[2025-10-03T00:06:49.513+0000] {logging_mixin.py:188} INFO - [2025-10-03T00:06:49.512+0000] {dag.py:3096} INFO - Sync 1 DAGs
[2025-10-03T00:06:49.545+0000] {logging_mixin.py:188} INFO - [2025-10-03T00:06:49.544+0000] {dag.py:3954} INFO - Setting next_dagrun for example_complex to None, run_after=None
[2025-10-03T00:06:49.597+0000] {processor.py:183} INFO - Processing /home/airflow/.local/lib/python3.12/site-packages/airflow/example_dags/example_complex.py took 0.235 seconds
[2025-10-03T00:07:20.346+0000] {processor.py:161} INFO - Started process (PID=15174) to work on /home/airflow/.local/lib/python3.12/site-packages/airflow/example_dags/example_complex.py
[2025-10-03T00:07:20.348+0000] {processor.py:830} INFO - Processing file /home/airflow/.local/lib/python3.12/site-packages/airflow/example_dags/example_complex.py for tasks to queue
[2025-10-03T00:07:20.351+0000] {logging_mixin.py:188} INFO - [2025-10-03T00:07:20.350+0000] {dagbag.py:545} INFO - Filling up the DagBag from /home/airflow/.local/lib/python3.12/site-packages/airflow/example_dags/example_complex.py
[2025-10-03T00:07:20.375+0000] {processor.py:840} INFO - DAG(s) 'example_complex' retrieved from /home/airflow/.local/lib/python3.12/site-packages/airflow/example_dags/example_complex.py
[2025-10-03T00:07:20.466+0000] {logging_mixin.py:188} INFO - [2025-10-03T00:07:20.466+0000] {dag.py:3096} INFO - Sync 1 DAGs
[2025-10-03T00:07:20.498+0000] {logging_mixin.py:188} INFO - [2025-10-03T00:07:20.497+0000] {dag.py:3954} INFO - Setting next_dagrun for example_complex to None, run_after=None
[2025-10-03T00:07:20.544+0000] {processor.py:183} INFO - Processing /home/airflow/.local/lib/python3.12/site-packages/airflow/example_dags/example_complex.py took 0.213 seconds
[2025-10-03T00:07:50.659+0000] {processor.py:161} INFO - Started process (PID=15227) to work on /home/airflow/.local/lib/python3.12/site-packages/airflow/example_dags/example_complex.py
[2025-10-03T00:07:50.661+0000] {processor.py:830} INFO - Processing file /home/airflow/.local/lib/python3.12/site-packages/airflow/example_dags/example_complex.py for tasks to queue
[2025-10-03T00:07:50.663+0000] {logging_mixin.py:188} INFO - [2025-10-03T00:07:50.663+0000] {dagbag.py:545} INFO - Filling up the DagBag from /home/airflow/.local/lib/python3.12/site-packages/airflow/example_dags/example_complex.py
[2025-10-03T00:07:50.694+0000] {processor.py:840} INFO - DAG(s) 'example_complex' retrieved from /home/airflow/.local/lib/python3.12/site-packages/airflow/example_dags/example_complex.py
[2025-10-03T00:07:50.770+0000] {logging_mixin.py:188} INFO - [2025-10-03T00:07:50.769+0000] {dag.py:3096} INFO - Sync 1 DAGs
[2025-10-03T00:07:50.800+0000] {logging_mixin.py:188} INFO - [2025-10-03T00:07:50.799+0000] {dag.py:3954} INFO - Setting next_dagrun for example_complex to None, run_after=None
[2025-10-03T00:07:50.842+0000] {processor.py:183} INFO - Processing /home/airflow/.local/lib/python3.12/site-packages/airflow/example_dags/example_complex.py took 0.199 seconds
[2025-10-03T00:08:21.044+0000] {processor.py:161} INFO - Started process (PID=15280) to work on /home/airflow/.local/lib/python3.12/site-packages/airflow/example_dags/example_complex.py
[2025-10-03T00:08:21.047+0000] {processor.py:830} INFO - Processing file /home/airflow/.local/lib/python3.12/site-packages/airflow/example_dags/example_complex.py for tasks to queue
[2025-10-03T00:08:21.049+0000] {logging_mixin.py:188} INFO - [2025-10-03T00:08:21.049+0000] {dagbag.py:545} INFO - Filling up the DagBag from /home/airflow/.local/lib/python3.12/site-packages/airflow/example_dags/example_complex.py
[2025-10-03T00:08:21.074+0000] {processor.py:840} INFO - DAG(s) 'example_complex' retrieved from /home/airflow/.local/lib/python3.12/site-packages/airflow/example_dags/example_complex.py
[2025-10-03T00:08:21.149+0000] {logging_mixin.py:188} INFO - [2025-10-03T00:08:21.149+0000] {dag.py:3096} INFO - Sync 1 DAGs
[2025-10-03T00:08:21.189+0000] {logging_mixin.py:188} INFO - [2025-10-03T00:08:21.188+0000] {dag.py:3954} INFO - Setting next_dagrun for example_complex to None, run_after=None
[2025-10-03T00:08:21.243+0000] {processor.py:183} INFO - Processing /home/airflow/.local/lib/python3.12/site-packages/airflow/example_dags/example_complex.py took 0.219 seconds
[2025-10-03T00:08:51.771+0000] {processor.py:161} INFO - Started process (PID=15333) to work on /home/airflow/.local/lib/python3.12/site-packages/airflow/example_dags/example_complex.py
[2025-10-03T00:08:51.774+0000] {processor.py:830} INFO - Processing file /home/airflow/.local/lib/python3.12/site-packages/airflow/example_dags/example_complex.py for tasks to queue
[2025-10-03T00:08:51.776+0000] {logging_mixin.py:188} INFO - [2025-10-03T00:08:51.775+0000] {dagbag.py:545} INFO - Filling up the DagBag from /home/airflow/.local/lib/python3.12/site-packages/airflow/example_dags/example_complex.py
[2025-10-03T00:08:51.804+0000] {processor.py:840} INFO - DAG(s) 'example_complex' retrieved from /home/airflow/.local/lib/python3.12/site-packages/airflow/example_dags/example_complex.py
[2025-10-03T00:08:51.875+0000] {logging_mixin.py:188} INFO - [2025-10-03T00:08:51.875+0000] {dag.py:3096} INFO - Sync 1 DAGs
[2025-10-03T00:08:51.905+0000] {logging_mixin.py:188} INFO - [2025-10-03T00:08:51.904+0000] {dag.py:3954} INFO - Setting next_dagrun for example_complex to None, run_after=None
[2025-10-03T00:08:51.961+0000] {processor.py:183} INFO - Processing /home/airflow/.local/lib/python3.12/site-packages/airflow/example_dags/example_complex.py took 0.215 seconds
[2025-10-03T00:09:22.553+0000] {processor.py:161} INFO - Started process (PID=15386) to work on /home/airflow/.local/lib/python3.12/site-packages/airflow/example_dags/example_complex.py
[2025-10-03T00:09:22.556+0000] {processor.py:830} INFO - Processing file /home/airflow/.local/lib/python3.12/site-packages/airflow/example_dags/example_complex.py for tasks to queue
[2025-10-03T00:09:22.558+0000] {logging_mixin.py:188} INFO - [2025-10-03T00:09:22.557+0000] {dagbag.py:545} INFO - Filling up the DagBag from /home/airflow/.local/lib/python3.12/site-packages/airflow/example_dags/example_complex.py
[2025-10-03T00:09:22.583+0000] {processor.py:840} INFO - DAG(s) 'example_complex' retrieved from /home/airflow/.local/lib/python3.12/site-packages/airflow/example_dags/example_complex.py
[2025-10-03T00:09:22.667+0000] {logging_mixin.py:188} INFO - [2025-10-03T00:09:22.666+0000] {dag.py:3096} INFO - Sync 1 DAGs
[2025-10-03T00:09:22.697+0000] {logging_mixin.py:188} INFO - [2025-10-03T00:09:22.697+0000] {dag.py:3954} INFO - Setting next_dagrun for example_complex to None, run_after=None
[2025-10-03T00:09:22.741+0000] {processor.py:183} INFO - Processing /home/airflow/.local/lib/python3.12/site-packages/airflow/example_dags/example_complex.py took 0.203 seconds
[2025-10-03T00:09:53.208+0000] {processor.py:161} INFO - Started process (PID=15439) to work on /home/airflow/.local/lib/python3.12/site-packages/airflow/example_dags/example_complex.py
[2025-10-03T00:09:53.210+0000] {processor.py:830} INFO - Processing file /home/airflow/.local/lib/python3.12/site-packages/airflow/example_dags/example_complex.py for tasks to queue
[2025-10-03T00:09:53.212+0000] {logging_mixin.py:188} INFO - [2025-10-03T00:09:53.212+0000] {dagbag.py:545} INFO - Filling up the DagBag from /home/airflow/.local/lib/python3.12/site-packages/airflow/example_dags/example_complex.py
[2025-10-03T00:09:53.237+0000] {processor.py:840} INFO - DAG(s) 'example_complex' retrieved from /home/airflow/.local/lib/python3.12/site-packages/airflow/example_dags/example_complex.py
[2025-10-03T00:09:53.314+0000] {logging_mixin.py:188} INFO - [2025-10-03T00:09:53.314+0000] {dag.py:3096} INFO - Sync 1 DAGs
[2025-10-03T00:09:53.346+0000] {logging_mixin.py:188} INFO - [2025-10-03T00:09:53.346+0000] {dag.py:3954} INFO - Setting next_dagrun for example_complex to None, run_after=None
[2025-10-03T00:09:53.391+0000] {processor.py:183} INFO - Processing /home/airflow/.local/lib/python3.12/site-packages/airflow/example_dags/example_complex.py took 0.199 seconds
[2025-10-03T00:10:24.497+0000] {processor.py:161} INFO - Started process (PID=15492) to work on /home/airflow/.local/lib/python3.12/site-packages/airflow/example_dags/example_complex.py
[2025-10-03T00:10:24.499+0000] {processor.py:830} INFO - Processing file /home/airflow/.local/lib/python3.12/site-packages/airflow/example_dags/example_complex.py for tasks to queue
[2025-10-03T00:10:24.502+0000] {logging_mixin.py:188} INFO - [2025-10-03T00:10:24.501+0000] {dagbag.py:545} INFO - Filling up the DagBag from /home/airflow/.local/lib/python3.12/site-packages/airflow/example_dags/example_complex.py
[2025-10-03T00:10:24.525+0000] {processor.py:840} INFO - DAG(s) 'example_complex' retrieved from /home/airflow/.local/lib/python3.12/site-packages/airflow/example_dags/example_complex.py
[2025-10-03T00:10:24.602+0000] {logging_mixin.py:188} INFO - [2025-10-03T00:10:24.601+0000] {dag.py:3096} INFO - Sync 1 DAGs
[2025-10-03T00:10:24.635+0000] {logging_mixin.py:188} INFO - [2025-10-03T00:10:24.634+0000] {dag.py:3954} INFO - Setting next_dagrun for example_complex to None, run_after=None
[2025-10-03T00:10:24.683+0000] {processor.py:183} INFO - Processing /home/airflow/.local/lib/python3.12/site-packages/airflow/example_dags/example_complex.py took 0.205 seconds
[2025-10-03T00:10:55.402+0000] {processor.py:161} INFO - Started process (PID=15543) to work on /home/airflow/.local/lib/python3.12/site-packages/airflow/example_dags/example_complex.py
[2025-10-03T00:10:55.405+0000] {processor.py:830} INFO - Processing file /home/airflow/.local/lib/python3.12/site-packages/airflow/example_dags/example_complex.py for tasks to queue
[2025-10-03T00:10:55.408+0000] {logging_mixin.py:188} INFO - [2025-10-03T00:10:55.407+0000] {dagbag.py:545} INFO - Filling up the DagBag from /home/airflow/.local/lib/python3.12/site-packages/airflow/example_dags/example_complex.py
[2025-10-03T00:10:55.439+0000] {processor.py:840} INFO - DAG(s) 'example_complex' retrieved from /home/airflow/.local/lib/python3.12/site-packages/airflow/example_dags/example_complex.py
[2025-10-03T00:10:55.532+0000] {logging_mixin.py:188} INFO - [2025-10-03T00:10:55.531+0000] {dag.py:3096} INFO - Sync 1 DAGs
[2025-10-03T00:10:55.574+0000] {logging_mixin.py:188} INFO - [2025-10-03T00:10:55.574+0000] {dag.py:3954} INFO - Setting next_dagrun for example_complex to None, run_after=None
[2025-10-03T00:10:55.628+0000] {processor.py:183} INFO - Processing /home/airflow/.local/lib/python3.12/site-packages/airflow/example_dags/example_complex.py took 0.241 seconds
[2025-10-03T00:11:26.617+0000] {processor.py:161} INFO - Started process (PID=15596) to work on /home/airflow/.local/lib/python3.12/site-packages/airflow/example_dags/example_complex.py
[2025-10-03T00:11:26.620+0000] {processor.py:830} INFO - Processing file /home/airflow/.local/lib/python3.12/site-packages/airflow/example_dags/example_complex.py for tasks to queue
[2025-10-03T00:11:26.623+0000] {logging_mixin.py:188} INFO - [2025-10-03T00:11:26.622+0000] {dagbag.py:545} INFO - Filling up the DagBag from /home/airflow/.local/lib/python3.12/site-packages/airflow/example_dags/example_complex.py
[2025-10-03T00:11:26.681+0000] {processor.py:840} INFO - DAG(s) 'example_complex' retrieved from /home/airflow/.local/lib/python3.12/site-packages/airflow/example_dags/example_complex.py
[2025-10-03T00:11:26.980+0000] {logging_mixin.py:188} INFO - [2025-10-03T00:11:26.979+0000] {dag.py:3096} INFO - Sync 1 DAGs
[2025-10-03T00:11:27.069+0000] {logging_mixin.py:188} INFO - [2025-10-03T00:11:27.068+0000] {dag.py:3954} INFO - Setting next_dagrun for example_complex to None, run_after=None
[2025-10-03T00:11:27.236+0000] {processor.py:183} INFO - Processing /home/airflow/.local/lib/python3.12/site-packages/airflow/example_dags/example_complex.py took 0.654 seconds
[2025-10-03T00:11:57.951+0000] {processor.py:161} INFO - Started process (PID=15650) to work on /home/airflow/.local/lib/python3.12/site-packages/airflow/example_dags/example_complex.py
[2025-10-03T00:11:57.957+0000] {processor.py:830} INFO - Processing file /home/airflow/.local/lib/python3.12/site-packages/airflow/example_dags/example_complex.py for tasks to queue
[2025-10-03T00:11:57.960+0000] {logging_mixin.py:188} INFO - [2025-10-03T00:11:57.959+0000] {dagbag.py:545} INFO - Filling up the DagBag from /home/airflow/.local/lib/python3.12/site-packages/airflow/example_dags/example_complex.py
[2025-10-03T00:11:58.004+0000] {processor.py:840} INFO - DAG(s) 'example_complex' retrieved from /home/airflow/.local/lib/python3.12/site-packages/airflow/example_dags/example_complex.py
[2025-10-03T00:11:58.091+0000] {logging_mixin.py:188} INFO - [2025-10-03T00:11:58.090+0000] {dag.py:3096} INFO - Sync 1 DAGs
[2025-10-03T00:11:58.121+0000] {logging_mixin.py:188} INFO - [2025-10-03T00:11:58.120+0000] {dag.py:3954} INFO - Setting next_dagrun for example_complex to None, run_after=None
[2025-10-03T00:11:58.166+0000] {processor.py:183} INFO - Processing /home/airflow/.local/lib/python3.12/site-packages/airflow/example_dags/example_complex.py took 0.241 seconds
[2025-10-03T00:12:28.341+0000] {processor.py:161} INFO - Started process (PID=15703) to work on /home/airflow/.local/lib/python3.12/site-packages/airflow/example_dags/example_complex.py
[2025-10-03T00:12:28.349+0000] {processor.py:830} INFO - Processing file /home/airflow/.local/lib/python3.12/site-packages/airflow/example_dags/example_complex.py for tasks to queue
[2025-10-03T00:12:28.353+0000] {logging_mixin.py:188} INFO - [2025-10-03T00:12:28.352+0000] {dagbag.py:545} INFO - Filling up the DagBag from /home/airflow/.local/lib/python3.12/site-packages/airflow/example_dags/example_complex.py
[2025-10-03T00:12:28.434+0000] {processor.py:840} INFO - DAG(s) 'example_complex' retrieved from /home/airflow/.local/lib/python3.12/site-packages/airflow/example_dags/example_complex.py
[2025-10-03T00:12:28.641+0000] {logging_mixin.py:188} INFO - [2025-10-03T00:12:28.639+0000] {dag.py:3096} INFO - Sync 1 DAGs
[2025-10-03T00:12:28.742+0000] {logging_mixin.py:188} INFO - [2025-10-03T00:12:28.741+0000] {dag.py:3954} INFO - Setting next_dagrun for example_complex to None, run_after=None
[2025-10-03T00:12:28.851+0000] {processor.py:183} INFO - Processing /home/airflow/.local/lib/python3.12/site-packages/airflow/example_dags/example_complex.py took 0.544 seconds
[2025-10-03T00:12:59.437+0000] {processor.py:161} INFO - Started process (PID=15756) to work on /home/airflow/.local/lib/python3.12/site-packages/airflow/example_dags/example_complex.py
[2025-10-03T00:12:59.440+0000] {processor.py:830} INFO - Processing file /home/airflow/.local/lib/python3.12/site-packages/airflow/example_dags/example_complex.py for tasks to queue
[2025-10-03T00:12:59.442+0000] {logging_mixin.py:188} INFO - [2025-10-03T00:12:59.442+0000] {dagbag.py:545} INFO - Filling up the DagBag from /home/airflow/.local/lib/python3.12/site-packages/airflow/example_dags/example_complex.py
[2025-10-03T00:12:59.465+0000] {processor.py:840} INFO - DAG(s) 'example_complex' retrieved from /home/airflow/.local/lib/python3.12/site-packages/airflow/example_dags/example_complex.py
[2025-10-03T00:12:59.537+0000] {logging_mixin.py:188} INFO - [2025-10-03T00:12:59.536+0000] {dag.py:3096} INFO - Sync 1 DAGs
[2025-10-03T00:12:59.563+0000] {logging_mixin.py:188} INFO - [2025-10-03T00:12:59.563+0000] {dag.py:3954} INFO - Setting next_dagrun for example_complex to None, run_after=None
[2025-10-03T00:12:59.605+0000] {processor.py:183} INFO - Processing /home/airflow/.local/lib/python3.12/site-packages/airflow/example_dags/example_complex.py took 0.182 seconds
[2025-10-03T00:13:29.939+0000] {processor.py:161} INFO - Started process (PID=15809) to work on /home/airflow/.local/lib/python3.12/site-packages/airflow/example_dags/example_complex.py
[2025-10-03T00:13:29.943+0000] {processor.py:830} INFO - Processing file /home/airflow/.local/lib/python3.12/site-packages/airflow/example_dags/example_complex.py for tasks to queue
[2025-10-03T00:13:29.945+0000] {logging_mixin.py:188} INFO - [2025-10-03T00:13:29.944+0000] {dagbag.py:545} INFO - Filling up the DagBag from /home/airflow/.local/lib/python3.12/site-packages/airflow/example_dags/example_complex.py
[2025-10-03T00:13:29.969+0000] {processor.py:840} INFO - DAG(s) 'example_complex' retrieved from /home/airflow/.local/lib/python3.12/site-packages/airflow/example_dags/example_complex.py
[2025-10-03T00:13:30.042+0000] {logging_mixin.py:188} INFO - [2025-10-03T00:13:30.041+0000] {dag.py:3096} INFO - Sync 1 DAGs
[2025-10-03T00:13:30.070+0000] {logging_mixin.py:188} INFO - [2025-10-03T00:13:30.069+0000] {dag.py:3954} INFO - Setting next_dagrun for example_complex to None, run_after=None
[2025-10-03T00:13:30.109+0000] {processor.py:183} INFO - Processing /home/airflow/.local/lib/python3.12/site-packages/airflow/example_dags/example_complex.py took 0.193 seconds
[2025-10-03T00:14:00.625+0000] {processor.py:161} INFO - Started process (PID=15862) to work on /home/airflow/.local/lib/python3.12/site-packages/airflow/example_dags/example_complex.py
[2025-10-03T00:14:00.628+0000] {processor.py:830} INFO - Processing file /home/airflow/.local/lib/python3.12/site-packages/airflow/example_dags/example_complex.py for tasks to queue
[2025-10-03T00:14:00.630+0000] {logging_mixin.py:188} INFO - [2025-10-03T00:14:00.629+0000] {dagbag.py:545} INFO - Filling up the DagBag from /home/airflow/.local/lib/python3.12/site-packages/airflow/example_dags/example_complex.py
[2025-10-03T00:14:00.656+0000] {processor.py:840} INFO - DAG(s) 'example_complex' retrieved from /home/airflow/.local/lib/python3.12/site-packages/airflow/example_dags/example_complex.py
[2025-10-03T00:14:00.753+0000] {logging_mixin.py:188} INFO - [2025-10-03T00:14:00.752+0000] {dag.py:3096} INFO - Sync 1 DAGs
[2025-10-03T00:14:00.792+0000] {logging_mixin.py:188} INFO - [2025-10-03T00:14:00.791+0000] {dag.py:3954} INFO - Setting next_dagrun for example_complex to None, run_after=None
[2025-10-03T00:14:00.863+0000] {processor.py:183} INFO - Processing /home/airflow/.local/lib/python3.12/site-packages/airflow/example_dags/example_complex.py took 0.258 seconds
[2025-10-03T00:14:31.653+0000] {processor.py:161} INFO - Started process (PID=15915) to work on /home/airflow/.local/lib/python3.12/site-packages/airflow/example_dags/example_complex.py
[2025-10-03T00:14:31.661+0000] {processor.py:830} INFO - Processing file /home/airflow/.local/lib/python3.12/site-packages/airflow/example_dags/example_complex.py for tasks to queue
[2025-10-03T00:14:31.675+0000] {logging_mixin.py:188} INFO - [2025-10-03T00:14:31.673+0000] {dagbag.py:545} INFO - Filling up the DagBag from /home/airflow/.local/lib/python3.12/site-packages/airflow/example_dags/example_complex.py
[2025-10-03T00:14:31.808+0000] {processor.py:840} INFO - DAG(s) 'example_complex' retrieved from /home/airflow/.local/lib/python3.12/site-packages/airflow/example_dags/example_complex.py
[2025-10-03T00:14:32.150+0000] {logging_mixin.py:188} INFO - [2025-10-03T00:14:32.149+0000] {dag.py:3096} INFO - Sync 1 DAGs
[2025-10-03T00:14:32.300+0000] {logging_mixin.py:188} INFO - [2025-10-03T00:14:32.298+0000] {dag.py:3954} INFO - Setting next_dagrun for example_complex to None, run_after=None
[2025-10-03T00:14:32.502+0000] {processor.py:183} INFO - Processing /home/airflow/.local/lib/python3.12/site-packages/airflow/example_dags/example_complex.py took 0.906 seconds
[2025-10-03T00:15:03.242+0000] {processor.py:161} INFO - Started process (PID=15968) to work on /home/airflow/.local/lib/python3.12/site-packages/airflow/example_dags/example_complex.py
[2025-10-03T00:15:03.245+0000] {processor.py:830} INFO - Processing file /home/airflow/.local/lib/python3.12/site-packages/airflow/example_dags/example_complex.py for tasks to queue
[2025-10-03T00:15:03.248+0000] {logging_mixin.py:188} INFO - [2025-10-03T00:15:03.247+0000] {dagbag.py:545} INFO - Filling up the DagBag from /home/airflow/.local/lib/python3.12/site-packages/airflow/example_dags/example_complex.py
[2025-10-03T00:15:03.282+0000] {processor.py:840} INFO - DAG(s) 'example_complex' retrieved from /home/airflow/.local/lib/python3.12/site-packages/airflow/example_dags/example_complex.py
[2025-10-03T00:15:03.373+0000] {logging_mixin.py:188} INFO - [2025-10-03T00:15:03.372+0000] {dag.py:3096} INFO - Sync 1 DAGs
[2025-10-03T00:15:03.402+0000] {logging_mixin.py:188} INFO - [2025-10-03T00:15:03.402+0000] {dag.py:3954} INFO - Setting next_dagrun for example_complex to None, run_after=None
[2025-10-03T00:15:03.453+0000] {processor.py:183} INFO - Processing /home/airflow/.local/lib/python3.12/site-packages/airflow/example_dags/example_complex.py took 0.234 seconds
[2025-10-03T00:15:33.822+0000] {processor.py:161} INFO - Started process (PID=16021) to work on /home/airflow/.local/lib/python3.12/site-packages/airflow/example_dags/example_complex.py
[2025-10-03T00:15:33.824+0000] {processor.py:830} INFO - Processing file /home/airflow/.local/lib/python3.12/site-packages/airflow/example_dags/example_complex.py for tasks to queue
[2025-10-03T00:15:33.827+0000] {logging_mixin.py:188} INFO - [2025-10-03T00:15:33.826+0000] {dagbag.py:545} INFO - Filling up the DagBag from /home/airflow/.local/lib/python3.12/site-packages/airflow/example_dags/example_complex.py
[2025-10-03T00:15:33.850+0000] {processor.py:840} INFO - DAG(s) 'example_complex' retrieved from /home/airflow/.local/lib/python3.12/site-packages/airflow/example_dags/example_complex.py
[2025-10-03T00:15:33.926+0000] {logging_mixin.py:188} INFO - [2025-10-03T00:15:33.925+0000] {dag.py:3096} INFO - Sync 1 DAGs
[2025-10-03T00:15:33.952+0000] {logging_mixin.py:188} INFO - [2025-10-03T00:15:33.952+0000] {dag.py:3954} INFO - Setting next_dagrun for example_complex to None, run_after=None
[2025-10-03T00:15:33.992+0000] {processor.py:183} INFO - Processing /home/airflow/.local/lib/python3.12/site-packages/airflow/example_dags/example_complex.py took 0.190 seconds
[2025-10-03T00:16:04.273+0000] {processor.py:161} INFO - Started process (PID=16074) to work on /home/airflow/.local/lib/python3.12/site-packages/airflow/example_dags/example_complex.py
[2025-10-03T00:16:04.277+0000] {processor.py:830} INFO - Processing file /home/airflow/.local/lib/python3.12/site-packages/airflow/example_dags/example_complex.py for tasks to queue
[2025-10-03T00:16:04.280+0000] {logging_mixin.py:188} INFO - [2025-10-03T00:16:04.279+0000] {dagbag.py:545} INFO - Filling up the DagBag from /home/airflow/.local/lib/python3.12/site-packages/airflow/example_dags/example_complex.py
[2025-10-03T00:16:04.311+0000] {processor.py:840} INFO - DAG(s) 'example_complex' retrieved from /home/airflow/.local/lib/python3.12/site-packages/airflow/example_dags/example_complex.py
[2025-10-03T00:16:04.438+0000] {logging_mixin.py:188} INFO - [2025-10-03T00:16:04.438+0000] {dag.py:3096} INFO - Sync 1 DAGs
[2025-10-03T00:16:04.504+0000] {logging_mixin.py:188} INFO - [2025-10-03T00:16:04.503+0000] {dag.py:3954} INFO - Setting next_dagrun for example_complex to None, run_after=None
[2025-10-03T00:16:04.593+0000] {processor.py:183} INFO - Processing /home/airflow/.local/lib/python3.12/site-packages/airflow/example_dags/example_complex.py took 0.337 seconds
[2025-10-03T00:16:34.918+0000] {processor.py:161} INFO - Started process (PID=16127) to work on /home/airflow/.local/lib/python3.12/site-packages/airflow/example_dags/example_complex.py
[2025-10-03T00:16:34.921+0000] {processor.py:830} INFO - Processing file /home/airflow/.local/lib/python3.12/site-packages/airflow/example_dags/example_complex.py for tasks to queue
[2025-10-03T00:16:34.923+0000] {logging_mixin.py:188} INFO - [2025-10-03T00:16:34.923+0000] {dagbag.py:545} INFO - Filling up the DagBag from /home/airflow/.local/lib/python3.12/site-packages/airflow/example_dags/example_complex.py
[2025-10-03T00:16:34.949+0000] {processor.py:840} INFO - DAG(s) 'example_complex' retrieved from /home/airflow/.local/lib/python3.12/site-packages/airflow/example_dags/example_complex.py
[2025-10-03T00:16:35.049+0000] {logging_mixin.py:188} INFO - [2025-10-03T00:16:35.049+0000] {dag.py:3096} INFO - Sync 1 DAGs
[2025-10-03T00:16:35.078+0000] {logging_mixin.py:188} INFO - [2025-10-03T00:16:35.077+0000] {dag.py:3954} INFO - Setting next_dagrun for example_complex to None, run_after=None
[2025-10-03T00:16:35.120+0000] {processor.py:183} INFO - Processing /home/airflow/.local/lib/python3.12/site-packages/airflow/example_dags/example_complex.py took 0.220 seconds
[2025-10-03T00:17:05.722+0000] {processor.py:161} INFO - Started process (PID=16180) to work on /home/airflow/.local/lib/python3.12/site-packages/airflow/example_dags/example_complex.py
[2025-10-03T00:17:05.727+0000] {processor.py:830} INFO - Processing file /home/airflow/.local/lib/python3.12/site-packages/airflow/example_dags/example_complex.py for tasks to queue
[2025-10-03T00:17:05.730+0000] {logging_mixin.py:188} INFO - [2025-10-03T00:17:05.730+0000] {dagbag.py:545} INFO - Filling up the DagBag from /home/airflow/.local/lib/python3.12/site-packages/airflow/example_dags/example_complex.py
[2025-10-03T00:17:05.765+0000] {processor.py:840} INFO - DAG(s) 'example_complex' retrieved from /home/airflow/.local/lib/python3.12/site-packages/airflow/example_dags/example_complex.py
[2025-10-03T00:17:05.893+0000] {logging_mixin.py:188} INFO - [2025-10-03T00:17:05.892+0000] {dag.py:3096} INFO - Sync 1 DAGs
[2025-10-03T00:17:05.934+0000] {logging_mixin.py:188} INFO - [2025-10-03T00:17:05.933+0000] {dag.py:3954} INFO - Setting next_dagrun for example_complex to None, run_after=None
[2025-10-03T00:17:05.981+0000] {processor.py:183} INFO - Processing /home/airflow/.local/lib/python3.12/site-packages/airflow/example_dags/example_complex.py took 0.285 seconds
[2025-10-03T00:17:36.319+0000] {processor.py:161} INFO - Started process (PID=16233) to work on /home/airflow/.local/lib/python3.12/site-packages/airflow/example_dags/example_complex.py
[2025-10-03T00:17:36.327+0000] {processor.py:830} INFO - Processing file /home/airflow/.local/lib/python3.12/site-packages/airflow/example_dags/example_complex.py for tasks to queue
[2025-10-03T00:17:36.333+0000] {logging_mixin.py:188} INFO - [2025-10-03T00:17:36.332+0000] {dagbag.py:545} INFO - Filling up the DagBag from /home/airflow/.local/lib/python3.12/site-packages/airflow/example_dags/example_complex.py
[2025-10-03T00:17:36.396+0000] {processor.py:840} INFO - DAG(s) 'example_complex' retrieved from /home/airflow/.local/lib/python3.12/site-packages/airflow/example_dags/example_complex.py
[2025-10-03T00:17:36.481+0000] {logging_mixin.py:188} INFO - [2025-10-03T00:17:36.481+0000] {dag.py:3096} INFO - Sync 1 DAGs
[2025-10-03T00:17:36.515+0000] {logging_mixin.py:188} INFO - [2025-10-03T00:17:36.514+0000] {dag.py:3954} INFO - Setting next_dagrun for example_complex to None, run_after=None
[2025-10-03T00:17:36.564+0000] {processor.py:183} INFO - Processing /home/airflow/.local/lib/python3.12/site-packages/airflow/example_dags/example_complex.py took 0.283 seconds
[2025-10-03T00:18:06.853+0000] {processor.py:161} INFO - Started process (PID=16286) to work on /home/airflow/.local/lib/python3.12/site-packages/airflow/example_dags/example_complex.py
[2025-10-03T00:18:06.855+0000] {processor.py:830} INFO - Processing file /home/airflow/.local/lib/python3.12/site-packages/airflow/example_dags/example_complex.py for tasks to queue
[2025-10-03T00:18:06.858+0000] {logging_mixin.py:188} INFO - [2025-10-03T00:18:06.857+0000] {dagbag.py:545} INFO - Filling up the DagBag from /home/airflow/.local/lib/python3.12/site-packages/airflow/example_dags/example_complex.py
[2025-10-03T00:18:06.888+0000] {processor.py:840} INFO - DAG(s) 'example_complex' retrieved from /home/airflow/.local/lib/python3.12/site-packages/airflow/example_dags/example_complex.py
[2025-10-03T00:18:06.989+0000] {logging_mixin.py:188} INFO - [2025-10-03T00:18:06.988+0000] {dag.py:3096} INFO - Sync 1 DAGs
[2025-10-03T00:18:07.029+0000] {logging_mixin.py:188} INFO - [2025-10-03T00:18:07.028+0000] {dag.py:3954} INFO - Setting next_dagrun for example_complex to None, run_after=None
[2025-10-03T00:18:07.083+0000] {processor.py:183} INFO - Processing /home/airflow/.local/lib/python3.12/site-packages/airflow/example_dags/example_complex.py took 0.248 seconds
[2025-10-03T00:18:37.455+0000] {processor.py:161} INFO - Started process (PID=16339) to work on /home/airflow/.local/lib/python3.12/site-packages/airflow/example_dags/example_complex.py
[2025-10-03T00:18:37.458+0000] {processor.py:830} INFO - Processing file /home/airflow/.local/lib/python3.12/site-packages/airflow/example_dags/example_complex.py for tasks to queue
[2025-10-03T00:18:37.462+0000] {logging_mixin.py:188} INFO - [2025-10-03T00:18:37.461+0000] {dagbag.py:545} INFO - Filling up the DagBag from /home/airflow/.local/lib/python3.12/site-packages/airflow/example_dags/example_complex.py
[2025-10-03T00:18:37.499+0000] {processor.py:840} INFO - DAG(s) 'example_complex' retrieved from /home/airflow/.local/lib/python3.12/site-packages/airflow/example_dags/example_complex.py
[2025-10-03T00:18:37.584+0000] {logging_mixin.py:188} INFO - [2025-10-03T00:18:37.584+0000] {dag.py:3096} INFO - Sync 1 DAGs
[2025-10-03T00:18:37.615+0000] {logging_mixin.py:188} INFO - [2025-10-03T00:18:37.615+0000] {dag.py:3954} INFO - Setting next_dagrun for example_complex to None, run_after=None
[2025-10-03T00:18:37.665+0000] {processor.py:183} INFO - Processing /home/airflow/.local/lib/python3.12/site-packages/airflow/example_dags/example_complex.py took 0.228 seconds
[2025-10-03T00:19:08.330+0000] {processor.py:161} INFO - Started process (PID=16392) to work on /home/airflow/.local/lib/python3.12/site-packages/airflow/example_dags/example_complex.py
[2025-10-03T00:19:08.333+0000] {processor.py:830} INFO - Processing file /home/airflow/.local/lib/python3.12/site-packages/airflow/example_dags/example_complex.py for tasks to queue
[2025-10-03T00:19:08.337+0000] {logging_mixin.py:188} INFO - [2025-10-03T00:19:08.335+0000] {dagbag.py:545} INFO - Filling up the DagBag from /home/airflow/.local/lib/python3.12/site-packages/airflow/example_dags/example_complex.py
[2025-10-03T00:19:08.371+0000] {processor.py:840} INFO - DAG(s) 'example_complex' retrieved from /home/airflow/.local/lib/python3.12/site-packages/airflow/example_dags/example_complex.py
[2025-10-03T00:19:08.460+0000] {logging_mixin.py:188} INFO - [2025-10-03T00:19:08.460+0000] {dag.py:3096} INFO - Sync 1 DAGs
[2025-10-03T00:19:08.490+0000] {logging_mixin.py:188} INFO - [2025-10-03T00:19:08.490+0000] {dag.py:3954} INFO - Setting next_dagrun for example_complex to None, run_after=None
[2025-10-03T00:19:08.533+0000] {processor.py:183} INFO - Processing /home/airflow/.local/lib/python3.12/site-packages/airflow/example_dags/example_complex.py took 0.222 seconds
[2025-10-03T00:19:39.239+0000] {processor.py:161} INFO - Started process (PID=16445) to work on /home/airflow/.local/lib/python3.12/site-packages/airflow/example_dags/example_complex.py
[2025-10-03T00:19:39.241+0000] {processor.py:830} INFO - Processing file /home/airflow/.local/lib/python3.12/site-packages/airflow/example_dags/example_complex.py for tasks to queue
[2025-10-03T00:19:39.244+0000] {logging_mixin.py:188} INFO - [2025-10-03T00:19:39.243+0000] {dagbag.py:545} INFO - Filling up the DagBag from /home/airflow/.local/lib/python3.12/site-packages/airflow/example_dags/example_complex.py
[2025-10-03T00:19:39.279+0000] {processor.py:840} INFO - DAG(s) 'example_complex' retrieved from /home/airflow/.local/lib/python3.12/site-packages/airflow/example_dags/example_complex.py
[2025-10-03T00:19:39.374+0000] {logging_mixin.py:188} INFO - [2025-10-03T00:19:39.374+0000] {dag.py:3096} INFO - Sync 1 DAGs
[2025-10-03T00:19:39.415+0000] {logging_mixin.py:188} INFO - [2025-10-03T00:19:39.414+0000] {dag.py:3954} INFO - Setting next_dagrun for example_complex to None, run_after=None
[2025-10-03T00:19:39.463+0000] {processor.py:183} INFO - Processing /home/airflow/.local/lib/python3.12/site-packages/airflow/example_dags/example_complex.py took 0.243 seconds
[2025-10-03T00:20:10.086+0000] {processor.py:161} INFO - Started process (PID=16498) to work on /home/airflow/.local/lib/python3.12/site-packages/airflow/example_dags/example_complex.py
[2025-10-03T00:20:10.089+0000] {processor.py:830} INFO - Processing file /home/airflow/.local/lib/python3.12/site-packages/airflow/example_dags/example_complex.py for tasks to queue
[2025-10-03T00:20:10.092+0000] {logging_mixin.py:188} INFO - [2025-10-03T00:20:10.091+0000] {dagbag.py:545} INFO - Filling up the DagBag from /home/airflow/.local/lib/python3.12/site-packages/airflow/example_dags/example_complex.py
[2025-10-03T00:20:10.120+0000] {processor.py:840} INFO - DAG(s) 'example_complex' retrieved from /home/airflow/.local/lib/python3.12/site-packages/airflow/example_dags/example_complex.py
[2025-10-03T00:20:10.206+0000] {logging_mixin.py:188} INFO - [2025-10-03T00:20:10.206+0000] {dag.py:3096} INFO - Sync 1 DAGs
[2025-10-03T00:20:10.236+0000] {logging_mixin.py:188} INFO - [2025-10-03T00:20:10.235+0000] {dag.py:3954} INFO - Setting next_dagrun for example_complex to None, run_after=None
[2025-10-03T00:20:10.278+0000] {processor.py:183} INFO - Processing /home/airflow/.local/lib/python3.12/site-packages/airflow/example_dags/example_complex.py took 0.211 seconds
[2025-10-03T00:20:40.558+0000] {processor.py:161} INFO - Started process (PID=16551) to work on /home/airflow/.local/lib/python3.12/site-packages/airflow/example_dags/example_complex.py
[2025-10-03T00:20:40.561+0000] {processor.py:830} INFO - Processing file /home/airflow/.local/lib/python3.12/site-packages/airflow/example_dags/example_complex.py for tasks to queue
[2025-10-03T00:20:40.563+0000] {logging_mixin.py:188} INFO - [2025-10-03T00:20:40.562+0000] {dagbag.py:545} INFO - Filling up the DagBag from /home/airflow/.local/lib/python3.12/site-packages/airflow/example_dags/example_complex.py
[2025-10-03T00:20:40.586+0000] {processor.py:840} INFO - DAG(s) 'example_complex' retrieved from /home/airflow/.local/lib/python3.12/site-packages/airflow/example_dags/example_complex.py
[2025-10-03T00:20:40.654+0000] {logging_mixin.py:188} INFO - [2025-10-03T00:20:40.653+0000] {dag.py:3096} INFO - Sync 1 DAGs
[2025-10-03T00:20:40.687+0000] {logging_mixin.py:188} INFO - [2025-10-03T00:20:40.686+0000] {dag.py:3954} INFO - Setting next_dagrun for example_complex to None, run_after=None
[2025-10-03T00:20:40.728+0000] {processor.py:183} INFO - Processing /home/airflow/.local/lib/python3.12/site-packages/airflow/example_dags/example_complex.py took 0.188 seconds
[2025-10-03T00:21:11.130+0000] {processor.py:161} INFO - Started process (PID=16604) to work on /home/airflow/.local/lib/python3.12/site-packages/airflow/example_dags/example_complex.py
[2025-10-03T00:21:11.133+0000] {processor.py:830} INFO - Processing file /home/airflow/.local/lib/python3.12/site-packages/airflow/example_dags/example_complex.py for tasks to queue
[2025-10-03T00:21:11.135+0000] {logging_mixin.py:188} INFO - [2025-10-03T00:21:11.134+0000] {dagbag.py:545} INFO - Filling up the DagBag from /home/airflow/.local/lib/python3.12/site-packages/airflow/example_dags/example_complex.py
[2025-10-03T00:21:11.161+0000] {processor.py:840} INFO - DAG(s) 'example_complex' retrieved from /home/airflow/.local/lib/python3.12/site-packages/airflow/example_dags/example_complex.py
[2025-10-03T00:21:11.243+0000] {logging_mixin.py:188} INFO - [2025-10-03T00:21:11.242+0000] {dag.py:3096} INFO - Sync 1 DAGs
[2025-10-03T00:21:11.278+0000] {logging_mixin.py:188} INFO - [2025-10-03T00:21:11.278+0000] {dag.py:3954} INFO - Setting next_dagrun for example_complex to None, run_after=None
[2025-10-03T00:21:11.323+0000] {processor.py:183} INFO - Processing /home/airflow/.local/lib/python3.12/site-packages/airflow/example_dags/example_complex.py took 0.209 seconds
[2025-10-03T00:21:42.049+0000] {processor.py:161} INFO - Started process (PID=16657) to work on /home/airflow/.local/lib/python3.12/site-packages/airflow/example_dags/example_complex.py
[2025-10-03T00:21:42.052+0000] {processor.py:830} INFO - Processing file /home/airflow/.local/lib/python3.12/site-packages/airflow/example_dags/example_complex.py for tasks to queue
[2025-10-03T00:21:42.054+0000] {logging_mixin.py:188} INFO - [2025-10-03T00:21:42.053+0000] {dagbag.py:545} INFO - Filling up the DagBag from /home/airflow/.local/lib/python3.12/site-packages/airflow/example_dags/example_complex.py
[2025-10-03T00:21:42.092+0000] {processor.py:840} INFO - DAG(s) 'example_complex' retrieved from /home/airflow/.local/lib/python3.12/site-packages/airflow/example_dags/example_complex.py
[2025-10-03T00:21:42.203+0000] {logging_mixin.py:188} INFO - [2025-10-03T00:21:42.202+0000] {dag.py:3096} INFO - Sync 1 DAGs
[2025-10-03T00:21:42.250+0000] {logging_mixin.py:188} INFO - [2025-10-03T00:21:42.249+0000] {dag.py:3954} INFO - Setting next_dagrun for example_complex to None, run_after=None
[2025-10-03T00:21:42.373+0000] {processor.py:183} INFO - Processing /home/airflow/.local/lib/python3.12/site-packages/airflow/example_dags/example_complex.py took 0.353 seconds
[2025-10-03T00:22:13.135+0000] {processor.py:161} INFO - Started process (PID=16710) to work on /home/airflow/.local/lib/python3.12/site-packages/airflow/example_dags/example_complex.py
[2025-10-03T00:22:13.138+0000] {processor.py:830} INFO - Processing file /home/airflow/.local/lib/python3.12/site-packages/airflow/example_dags/example_complex.py for tasks to queue
[2025-10-03T00:22:13.141+0000] {logging_mixin.py:188} INFO - [2025-10-03T00:22:13.139+0000] {dagbag.py:545} INFO - Filling up the DagBag from /home/airflow/.local/lib/python3.12/site-packages/airflow/example_dags/example_complex.py
[2025-10-03T00:22:13.182+0000] {processor.py:840} INFO - DAG(s) 'example_complex' retrieved from /home/airflow/.local/lib/python3.12/site-packages/airflow/example_dags/example_complex.py
[2025-10-03T00:22:13.268+0000] {logging_mixin.py:188} INFO - [2025-10-03T00:22:13.268+0000] {dag.py:3096} INFO - Sync 1 DAGs
[2025-10-03T00:22:13.304+0000] {logging_mixin.py:188} INFO - [2025-10-03T00:22:13.304+0000] {dag.py:3954} INFO - Setting next_dagrun for example_complex to None, run_after=None
[2025-10-03T00:22:13.361+0000] {processor.py:183} INFO - Processing /home/airflow/.local/lib/python3.12/site-packages/airflow/example_dags/example_complex.py took 0.248 seconds
[2025-10-03T00:22:44.014+0000] {processor.py:161} INFO - Started process (PID=16763) to work on /home/airflow/.local/lib/python3.12/site-packages/airflow/example_dags/example_complex.py
[2025-10-03T00:22:44.016+0000] {processor.py:830} INFO - Processing file /home/airflow/.local/lib/python3.12/site-packages/airflow/example_dags/example_complex.py for tasks to queue
[2025-10-03T00:22:44.020+0000] {logging_mixin.py:188} INFO - [2025-10-03T00:22:44.018+0000] {dagbag.py:545} INFO - Filling up the DagBag from /home/airflow/.local/lib/python3.12/site-packages/airflow/example_dags/example_complex.py
[2025-10-03T00:22:44.049+0000] {processor.py:840} INFO - DAG(s) 'example_complex' retrieved from /home/airflow/.local/lib/python3.12/site-packages/airflow/example_dags/example_complex.py
[2025-10-03T00:22:44.245+0000] {logging_mixin.py:188} INFO - [2025-10-03T00:22:44.244+0000] {dag.py:3096} INFO - Sync 1 DAGs
[2025-10-03T00:22:44.290+0000] {logging_mixin.py:188} INFO - [2025-10-03T00:22:44.290+0000] {dag.py:3954} INFO - Setting next_dagrun for example_complex to None, run_after=None
[2025-10-03T00:22:44.371+0000] {processor.py:183} INFO - Processing /home/airflow/.local/lib/python3.12/site-packages/airflow/example_dags/example_complex.py took 0.373 seconds
[2025-10-03T00:23:14.621+0000] {processor.py:161} INFO - Started process (PID=16816) to work on /home/airflow/.local/lib/python3.12/site-packages/airflow/example_dags/example_complex.py
[2025-10-03T00:23:14.628+0000] {processor.py:830} INFO - Processing file /home/airflow/.local/lib/python3.12/site-packages/airflow/example_dags/example_complex.py for tasks to queue
[2025-10-03T00:23:14.635+0000] {logging_mixin.py:188} INFO - [2025-10-03T00:23:14.633+0000] {dagbag.py:545} INFO - Filling up the DagBag from /home/airflow/.local/lib/python3.12/site-packages/airflow/example_dags/example_complex.py
[2025-10-03T00:23:14.692+0000] {processor.py:840} INFO - DAG(s) 'example_complex' retrieved from /home/airflow/.local/lib/python3.12/site-packages/airflow/example_dags/example_complex.py
[2025-10-03T00:23:14.785+0000] {logging_mixin.py:188} INFO - [2025-10-03T00:23:14.784+0000] {dag.py:3096} INFO - Sync 1 DAGs
[2025-10-03T00:23:14.823+0000] {logging_mixin.py:188} INFO - [2025-10-03T00:23:14.822+0000] {dag.py:3954} INFO - Setting next_dagrun for example_complex to None, run_after=None
[2025-10-03T00:23:14.877+0000] {processor.py:183} INFO - Processing /home/airflow/.local/lib/python3.12/site-packages/airflow/example_dags/example_complex.py took 0.286 seconds
[2025-10-03T00:23:45.102+0000] {processor.py:161} INFO - Started process (PID=16869) to work on /home/airflow/.local/lib/python3.12/site-packages/airflow/example_dags/example_complex.py
[2025-10-03T00:23:45.105+0000] {processor.py:830} INFO - Processing file /home/airflow/.local/lib/python3.12/site-packages/airflow/example_dags/example_complex.py for tasks to queue
[2025-10-03T00:23:45.107+0000] {logging_mixin.py:188} INFO - [2025-10-03T00:23:45.107+0000] {dagbag.py:545} INFO - Filling up the DagBag from /home/airflow/.local/lib/python3.12/site-packages/airflow/example_dags/example_complex.py
[2025-10-03T00:23:45.131+0000] {processor.py:840} INFO - DAG(s) 'example_complex' retrieved from /home/airflow/.local/lib/python3.12/site-packages/airflow/example_dags/example_complex.py
[2025-10-03T00:23:45.202+0000] {logging_mixin.py:188} INFO - [2025-10-03T00:23:45.201+0000] {dag.py:3096} INFO - Sync 1 DAGs
[2025-10-03T00:23:45.228+0000] {logging_mixin.py:188} INFO - [2025-10-03T00:23:45.228+0000] {dag.py:3954} INFO - Setting next_dagrun for example_complex to None, run_after=None
[2025-10-03T00:23:45.268+0000] {processor.py:183} INFO - Processing /home/airflow/.local/lib/python3.12/site-packages/airflow/example_dags/example_complex.py took 0.181 seconds
[2025-10-03T00:24:15.695+0000] {processor.py:161} INFO - Started process (PID=16922) to work on /home/airflow/.local/lib/python3.12/site-packages/airflow/example_dags/example_complex.py
[2025-10-03T00:24:15.697+0000] {processor.py:830} INFO - Processing file /home/airflow/.local/lib/python3.12/site-packages/airflow/example_dags/example_complex.py for tasks to queue
[2025-10-03T00:24:15.700+0000] {logging_mixin.py:188} INFO - [2025-10-03T00:24:15.699+0000] {dagbag.py:545} INFO - Filling up the DagBag from /home/airflow/.local/lib/python3.12/site-packages/airflow/example_dags/example_complex.py
[2025-10-03T00:24:15.725+0000] {processor.py:840} INFO - DAG(s) 'example_complex' retrieved from /home/airflow/.local/lib/python3.12/site-packages/airflow/example_dags/example_complex.py
[2025-10-03T00:24:15.798+0000] {logging_mixin.py:188} INFO - [2025-10-03T00:24:15.798+0000] {dag.py:3096} INFO - Sync 1 DAGs
[2025-10-03T00:24:15.826+0000] {logging_mixin.py:188} INFO - [2025-10-03T00:24:15.825+0000] {dag.py:3954} INFO - Setting next_dagrun for example_complex to None, run_after=None
[2025-10-03T00:24:15.866+0000] {processor.py:183} INFO - Processing /home/airflow/.local/lib/python3.12/site-packages/airflow/example_dags/example_complex.py took 0.187 seconds
[2025-10-03T00:24:45.965+0000] {processor.py:161} INFO - Started process (PID=16975) to work on /home/airflow/.local/lib/python3.12/site-packages/airflow/example_dags/example_complex.py
[2025-10-03T00:24:45.968+0000] {processor.py:830} INFO - Processing file /home/airflow/.local/lib/python3.12/site-packages/airflow/example_dags/example_complex.py for tasks to queue
[2025-10-03T00:24:45.970+0000] {logging_mixin.py:188} INFO - [2025-10-03T00:24:45.969+0000] {dagbag.py:545} INFO - Filling up the DagBag from /home/airflow/.local/lib/python3.12/site-packages/airflow/example_dags/example_complex.py
[2025-10-03T00:24:45.996+0000] {processor.py:840} INFO - DAG(s) 'example_complex' retrieved from /home/airflow/.local/lib/python3.12/site-packages/airflow/example_dags/example_complex.py
[2025-10-03T00:24:46.100+0000] {logging_mixin.py:188} INFO - [2025-10-03T00:24:46.099+0000] {dag.py:3096} INFO - Sync 1 DAGs
[2025-10-03T00:24:46.137+0000] {logging_mixin.py:188} INFO - [2025-10-03T00:24:46.136+0000] {dag.py:3954} INFO - Setting next_dagrun for example_complex to None, run_after=None
[2025-10-03T00:24:46.179+0000] {processor.py:183} INFO - Processing /home/airflow/.local/lib/python3.12/site-packages/airflow/example_dags/example_complex.py took 0.234 seconds
[2025-10-03T00:25:16.375+0000] {processor.py:161} INFO - Started process (PID=17028) to work on /home/airflow/.local/lib/python3.12/site-packages/airflow/example_dags/example_complex.py
[2025-10-03T00:25:16.378+0000] {processor.py:830} INFO - Processing file /home/airflow/.local/lib/python3.12/site-packages/airflow/example_dags/example_complex.py for tasks to queue
[2025-10-03T00:25:16.381+0000] {logging_mixin.py:188} INFO - [2025-10-03T00:25:16.380+0000] {dagbag.py:545} INFO - Filling up the DagBag from /home/airflow/.local/lib/python3.12/site-packages/airflow/example_dags/example_complex.py
[2025-10-03T00:25:16.412+0000] {processor.py:840} INFO - DAG(s) 'example_complex' retrieved from /home/airflow/.local/lib/python3.12/site-packages/airflow/example_dags/example_complex.py
[2025-10-03T00:25:16.692+0000] {logging_mixin.py:188} INFO - [2025-10-03T00:25:16.691+0000] {dag.py:3096} INFO - Sync 1 DAGs
[2025-10-03T00:25:16.818+0000] {logging_mixin.py:188} INFO - [2025-10-03T00:25:16.818+0000] {dag.py:3954} INFO - Setting next_dagrun for example_complex to None, run_after=None
[2025-10-03T00:25:16.948+0000] {processor.py:183} INFO - Processing /home/airflow/.local/lib/python3.12/site-packages/airflow/example_dags/example_complex.py took 0.589 seconds
[2025-10-03T00:25:47.532+0000] {processor.py:161} INFO - Started process (PID=17081) to work on /home/airflow/.local/lib/python3.12/site-packages/airflow/example_dags/example_complex.py
[2025-10-03T00:25:47.535+0000] {processor.py:830} INFO - Processing file /home/airflow/.local/lib/python3.12/site-packages/airflow/example_dags/example_complex.py for tasks to queue
[2025-10-03T00:25:47.537+0000] {logging_mixin.py:188} INFO - [2025-10-03T00:25:47.536+0000] {dagbag.py:545} INFO - Filling up the DagBag from /home/airflow/.local/lib/python3.12/site-packages/airflow/example_dags/example_complex.py
[2025-10-03T00:25:47.563+0000] {processor.py:840} INFO - DAG(s) 'example_complex' retrieved from /home/airflow/.local/lib/python3.12/site-packages/airflow/example_dags/example_complex.py
[2025-10-03T00:25:47.641+0000] {logging_mixin.py:188} INFO - [2025-10-03T00:25:47.640+0000] {dag.py:3096} INFO - Sync 1 DAGs
[2025-10-03T00:25:47.671+0000] {logging_mixin.py:188} INFO - [2025-10-03T00:25:47.670+0000] {dag.py:3954} INFO - Setting next_dagrun for example_complex to None, run_after=None
[2025-10-03T00:25:47.715+0000] {processor.py:183} INFO - Processing /home/airflow/.local/lib/python3.12/site-packages/airflow/example_dags/example_complex.py took 0.219 seconds
[2025-10-03T00:26:17.811+0000] {processor.py:161} INFO - Started process (PID=17134) to work on /home/airflow/.local/lib/python3.12/site-packages/airflow/example_dags/example_complex.py
[2025-10-03T00:26:17.814+0000] {processor.py:830} INFO - Processing file /home/airflow/.local/lib/python3.12/site-packages/airflow/example_dags/example_complex.py for tasks to queue
[2025-10-03T00:26:17.816+0000] {logging_mixin.py:188} INFO - [2025-10-03T00:26:17.815+0000] {dagbag.py:545} INFO - Filling up the DagBag from /home/airflow/.local/lib/python3.12/site-packages/airflow/example_dags/example_complex.py
[2025-10-03T00:26:17.845+0000] {processor.py:840} INFO - DAG(s) 'example_complex' retrieved from /home/airflow/.local/lib/python3.12/site-packages/airflow/example_dags/example_complex.py
[2025-10-03T00:26:17.930+0000] {logging_mixin.py:188} INFO - [2025-10-03T00:26:17.929+0000] {dag.py:3096} INFO - Sync 1 DAGs
[2025-10-03T00:26:17.968+0000] {logging_mixin.py:188} INFO - [2025-10-03T00:26:17.968+0000] {dag.py:3954} INFO - Setting next_dagrun for example_complex to None, run_after=None
[2025-10-03T00:26:18.020+0000] {processor.py:183} INFO - Processing /home/airflow/.local/lib/python3.12/site-packages/airflow/example_dags/example_complex.py took 0.225 seconds
[2025-10-03T00:26:48.294+0000] {processor.py:161} INFO - Started process (PID=17185) to work on /home/airflow/.local/lib/python3.12/site-packages/airflow/example_dags/example_complex.py
[2025-10-03T00:26:48.297+0000] {processor.py:830} INFO - Processing file /home/airflow/.local/lib/python3.12/site-packages/airflow/example_dags/example_complex.py for tasks to queue
[2025-10-03T00:26:48.299+0000] {logging_mixin.py:188} INFO - [2025-10-03T00:26:48.298+0000] {dagbag.py:545} INFO - Filling up the DagBag from /home/airflow/.local/lib/python3.12/site-packages/airflow/example_dags/example_complex.py
[2025-10-03T00:26:48.323+0000] {processor.py:840} INFO - DAG(s) 'example_complex' retrieved from /home/airflow/.local/lib/python3.12/site-packages/airflow/example_dags/example_complex.py
[2025-10-03T00:26:48.399+0000] {logging_mixin.py:188} INFO - [2025-10-03T00:26:48.398+0000] {dag.py:3096} INFO - Sync 1 DAGs
[2025-10-03T00:26:48.426+0000] {logging_mixin.py:188} INFO - [2025-10-03T00:26:48.425+0000] {dag.py:3954} INFO - Setting next_dagrun for example_complex to None, run_after=None
[2025-10-03T00:26:48.467+0000] {processor.py:183} INFO - Processing /home/airflow/.local/lib/python3.12/site-packages/airflow/example_dags/example_complex.py took 0.195 seconds
[2025-10-03T00:27:19.200+0000] {processor.py:161} INFO - Started process (PID=17238) to work on /home/airflow/.local/lib/python3.12/site-packages/airflow/example_dags/example_complex.py
[2025-10-03T00:27:19.202+0000] {processor.py:830} INFO - Processing file /home/airflow/.local/lib/python3.12/site-packages/airflow/example_dags/example_complex.py for tasks to queue
[2025-10-03T00:27:19.205+0000] {logging_mixin.py:188} INFO - [2025-10-03T00:27:19.204+0000] {dagbag.py:545} INFO - Filling up the DagBag from /home/airflow/.local/lib/python3.12/site-packages/airflow/example_dags/example_complex.py
[2025-10-03T00:27:19.232+0000] {processor.py:840} INFO - DAG(s) 'example_complex' retrieved from /home/airflow/.local/lib/python3.12/site-packages/airflow/example_dags/example_complex.py
[2025-10-03T00:27:19.325+0000] {logging_mixin.py:188} INFO - [2025-10-03T00:27:19.325+0000] {dag.py:3096} INFO - Sync 1 DAGs
[2025-10-03T00:27:19.354+0000] {logging_mixin.py:188} INFO - [2025-10-03T00:27:19.354+0000] {dag.py:3954} INFO - Setting next_dagrun for example_complex to None, run_after=None
[2025-10-03T00:27:19.408+0000] {processor.py:183} INFO - Processing /home/airflow/.local/lib/python3.12/site-packages/airflow/example_dags/example_complex.py took 0.225 seconds
[2025-10-03T00:27:49.541+0000] {processor.py:161} INFO - Started process (PID=17290) to work on /home/airflow/.local/lib/python3.12/site-packages/airflow/example_dags/example_complex.py
[2025-10-03T00:27:49.543+0000] {processor.py:830} INFO - Processing file /home/airflow/.local/lib/python3.12/site-packages/airflow/example_dags/example_complex.py for tasks to queue
[2025-10-03T00:27:49.546+0000] {logging_mixin.py:188} INFO - [2025-10-03T00:27:49.545+0000] {dagbag.py:545} INFO - Filling up the DagBag from /home/airflow/.local/lib/python3.12/site-packages/airflow/example_dags/example_complex.py
[2025-10-03T00:27:49.572+0000] {processor.py:840} INFO - DAG(s) 'example_complex' retrieved from /home/airflow/.local/lib/python3.12/site-packages/airflow/example_dags/example_complex.py
[2025-10-03T00:27:49.646+0000] {logging_mixin.py:188} INFO - [2025-10-03T00:27:49.645+0000] {dag.py:3096} INFO - Sync 1 DAGs
[2025-10-03T00:27:49.672+0000] {logging_mixin.py:188} INFO - [2025-10-03T00:27:49.671+0000] {dag.py:3954} INFO - Setting next_dagrun for example_complex to None, run_after=None
[2025-10-03T00:27:49.712+0000] {processor.py:183} INFO - Processing /home/airflow/.local/lib/python3.12/site-packages/airflow/example_dags/example_complex.py took 0.188 seconds
[2025-10-03T00:28:19.993+0000] {processor.py:161} INFO - Started process (PID=17343) to work on /home/airflow/.local/lib/python3.12/site-packages/airflow/example_dags/example_complex.py
[2025-10-03T00:28:19.996+0000] {processor.py:830} INFO - Processing file /home/airflow/.local/lib/python3.12/site-packages/airflow/example_dags/example_complex.py for tasks to queue
[2025-10-03T00:28:20.003+0000] {logging_mixin.py:188} INFO - [2025-10-03T00:28:20.002+0000] {dagbag.py:545} INFO - Filling up the DagBag from /home/airflow/.local/lib/python3.12/site-packages/airflow/example_dags/example_complex.py
[2025-10-03T00:28:20.044+0000] {processor.py:840} INFO - DAG(s) 'example_complex' retrieved from /home/airflow/.local/lib/python3.12/site-packages/airflow/example_dags/example_complex.py
[2025-10-03T00:28:20.148+0000] {logging_mixin.py:188} INFO - [2025-10-03T00:28:20.147+0000] {dag.py:3096} INFO - Sync 1 DAGs
[2025-10-03T00:28:20.183+0000] {logging_mixin.py:188} INFO - [2025-10-03T00:28:20.183+0000] {dag.py:3954} INFO - Setting next_dagrun for example_complex to None, run_after=None
[2025-10-03T00:28:20.236+0000] {processor.py:183} INFO - Processing /home/airflow/.local/lib/python3.12/site-packages/airflow/example_dags/example_complex.py took 0.273 seconds
[2025-10-03T00:28:50.736+0000] {processor.py:161} INFO - Started process (PID=17396) to work on /home/airflow/.local/lib/python3.12/site-packages/airflow/example_dags/example_complex.py
[2025-10-03T00:28:50.739+0000] {processor.py:830} INFO - Processing file /home/airflow/.local/lib/python3.12/site-packages/airflow/example_dags/example_complex.py for tasks to queue
[2025-10-03T00:28:50.741+0000] {logging_mixin.py:188} INFO - [2025-10-03T00:28:50.740+0000] {dagbag.py:545} INFO - Filling up the DagBag from /home/airflow/.local/lib/python3.12/site-packages/airflow/example_dags/example_complex.py
[2025-10-03T00:28:50.767+0000] {processor.py:840} INFO - DAG(s) 'example_complex' retrieved from /home/airflow/.local/lib/python3.12/site-packages/airflow/example_dags/example_complex.py
[2025-10-03T00:28:50.853+0000] {logging_mixin.py:188} INFO - [2025-10-03T00:28:50.853+0000] {dag.py:3096} INFO - Sync 1 DAGs
[2025-10-03T00:28:50.885+0000] {logging_mixin.py:188} INFO - [2025-10-03T00:28:50.885+0000] {dag.py:3954} INFO - Setting next_dagrun for example_complex to None, run_after=None
[2025-10-03T00:28:50.931+0000] {processor.py:183} INFO - Processing /home/airflow/.local/lib/python3.12/site-packages/airflow/example_dags/example_complex.py took 0.210 seconds
[2025-10-03T00:29:21.254+0000] {processor.py:161} INFO - Started process (PID=17449) to work on /home/airflow/.local/lib/python3.12/site-packages/airflow/example_dags/example_complex.py
[2025-10-03T00:29:21.257+0000] {processor.py:830} INFO - Processing file /home/airflow/.local/lib/python3.12/site-packages/airflow/example_dags/example_complex.py for tasks to queue
[2025-10-03T00:29:21.259+0000] {logging_mixin.py:188} INFO - [2025-10-03T00:29:21.259+0000] {dagbag.py:545} INFO - Filling up the DagBag from /home/airflow/.local/lib/python3.12/site-packages/airflow/example_dags/example_complex.py
[2025-10-03T00:29:21.285+0000] {processor.py:840} INFO - DAG(s) 'example_complex' retrieved from /home/airflow/.local/lib/python3.12/site-packages/airflow/example_dags/example_complex.py
[2025-10-03T00:29:21.370+0000] {logging_mixin.py:188} INFO - [2025-10-03T00:29:21.369+0000] {dag.py:3096} INFO - Sync 1 DAGs
[2025-10-03T00:29:21.399+0000] {logging_mixin.py:188} INFO - [2025-10-03T00:29:21.399+0000] {dag.py:3954} INFO - Setting next_dagrun for example_complex to None, run_after=None
[2025-10-03T00:29:21.442+0000] {processor.py:183} INFO - Processing /home/airflow/.local/lib/python3.12/site-packages/airflow/example_dags/example_complex.py took 0.203 seconds
[2025-10-03T00:29:52.109+0000] {processor.py:161} INFO - Started process (PID=17502) to work on /home/airflow/.local/lib/python3.12/site-packages/airflow/example_dags/example_complex.py
[2025-10-03T00:29:52.112+0000] {processor.py:830} INFO - Processing file /home/airflow/.local/lib/python3.12/site-packages/airflow/example_dags/example_complex.py for tasks to queue
[2025-10-03T00:29:52.114+0000] {logging_mixin.py:188} INFO - [2025-10-03T00:29:52.113+0000] {dagbag.py:545} INFO - Filling up the DagBag from /home/airflow/.local/lib/python3.12/site-packages/airflow/example_dags/example_complex.py
[2025-10-03T00:29:52.140+0000] {processor.py:840} INFO - DAG(s) 'example_complex' retrieved from /home/airflow/.local/lib/python3.12/site-packages/airflow/example_dags/example_complex.py
[2025-10-03T00:29:52.231+0000] {logging_mixin.py:188} INFO - [2025-10-03T00:29:52.230+0000] {dag.py:3096} INFO - Sync 1 DAGs
[2025-10-03T00:29:52.262+0000] {logging_mixin.py:188} INFO - [2025-10-03T00:29:52.261+0000] {dag.py:3954} INFO - Setting next_dagrun for example_complex to None, run_after=None
[2025-10-03T00:29:52.306+0000] {processor.py:183} INFO - Processing /home/airflow/.local/lib/python3.12/site-packages/airflow/example_dags/example_complex.py took 0.213 seconds
[2025-10-03T00:30:22.900+0000] {processor.py:161} INFO - Started process (PID=17555) to work on /home/airflow/.local/lib/python3.12/site-packages/airflow/example_dags/example_complex.py
[2025-10-03T00:30:22.903+0000] {processor.py:830} INFO - Processing file /home/airflow/.local/lib/python3.12/site-packages/airflow/example_dags/example_complex.py for tasks to queue
[2025-10-03T00:30:22.905+0000] {logging_mixin.py:188} INFO - [2025-10-03T00:30:22.904+0000] {dagbag.py:545} INFO - Filling up the DagBag from /home/airflow/.local/lib/python3.12/site-packages/airflow/example_dags/example_complex.py
[2025-10-03T00:30:22.932+0000] {processor.py:840} INFO - DAG(s) 'example_complex' retrieved from /home/airflow/.local/lib/python3.12/site-packages/airflow/example_dags/example_complex.py
[2025-10-03T00:30:23.011+0000] {logging_mixin.py:188} INFO - [2025-10-03T00:30:23.010+0000] {dag.py:3096} INFO - Sync 1 DAGs
[2025-10-03T00:30:23.070+0000] {logging_mixin.py:188} INFO - [2025-10-03T00:30:23.067+0000] {dag.py:3954} INFO - Setting next_dagrun for example_complex to None, run_after=None
[2025-10-03T00:30:23.150+0000] {processor.py:183} INFO - Processing /home/airflow/.local/lib/python3.12/site-packages/airflow/example_dags/example_complex.py took 0.266 seconds
[2025-10-03T00:30:53.388+0000] {processor.py:161} INFO - Started process (PID=17608) to work on /home/airflow/.local/lib/python3.12/site-packages/airflow/example_dags/example_complex.py
[2025-10-03T00:30:53.390+0000] {processor.py:830} INFO - Processing file /home/airflow/.local/lib/python3.12/site-packages/airflow/example_dags/example_complex.py for tasks to queue
[2025-10-03T00:30:53.393+0000] {logging_mixin.py:188} INFO - [2025-10-03T00:30:53.392+0000] {dagbag.py:545} INFO - Filling up the DagBag from /home/airflow/.local/lib/python3.12/site-packages/airflow/example_dags/example_complex.py
[2025-10-03T00:30:53.425+0000] {processor.py:840} INFO - DAG(s) 'example_complex' retrieved from /home/airflow/.local/lib/python3.12/site-packages/airflow/example_dags/example_complex.py
[2025-10-03T00:30:53.501+0000] {logging_mixin.py:188} INFO - [2025-10-03T00:30:53.500+0000] {dag.py:3096} INFO - Sync 1 DAGs
[2025-10-03T00:30:53.530+0000] {logging_mixin.py:188} INFO - [2025-10-03T00:30:53.530+0000] {dag.py:3954} INFO - Setting next_dagrun for example_complex to None, run_after=None
[2025-10-03T00:30:53.573+0000] {processor.py:183} INFO - Processing /home/airflow/.local/lib/python3.12/site-packages/airflow/example_dags/example_complex.py took 0.200 seconds
[2025-10-03T00:31:23.678+0000] {processor.py:161} INFO - Started process (PID=17661) to work on /home/airflow/.local/lib/python3.12/site-packages/airflow/example_dags/example_complex.py
[2025-10-03T00:31:23.680+0000] {processor.py:830} INFO - Processing file /home/airflow/.local/lib/python3.12/site-packages/airflow/example_dags/example_complex.py for tasks to queue
[2025-10-03T00:31:23.682+0000] {logging_mixin.py:188} INFO - [2025-10-03T00:31:23.681+0000] {dagbag.py:545} INFO - Filling up the DagBag from /home/airflow/.local/lib/python3.12/site-packages/airflow/example_dags/example_complex.py
[2025-10-03T00:31:23.706+0000] {processor.py:840} INFO - DAG(s) 'example_complex' retrieved from /home/airflow/.local/lib/python3.12/site-packages/airflow/example_dags/example_complex.py
[2025-10-03T00:31:23.777+0000] {logging_mixin.py:188} INFO - [2025-10-03T00:31:23.776+0000] {dag.py:3096} INFO - Sync 1 DAGs
[2025-10-03T00:31:23.804+0000] {logging_mixin.py:188} INFO - [2025-10-03T00:31:23.803+0000] {dag.py:3954} INFO - Setting next_dagrun for example_complex to None, run_after=None
[2025-10-03T00:31:23.842+0000] {processor.py:183} INFO - Processing /home/airflow/.local/lib/python3.12/site-packages/airflow/example_dags/example_complex.py took 0.181 seconds
[2025-10-03T00:31:54.224+0000] {processor.py:161} INFO - Started process (PID=17714) to work on /home/airflow/.local/lib/python3.12/site-packages/airflow/example_dags/example_complex.py
[2025-10-03T00:31:54.234+0000] {processor.py:830} INFO - Processing file /home/airflow/.local/lib/python3.12/site-packages/airflow/example_dags/example_complex.py for tasks to queue
[2025-10-03T00:31:54.251+0000] {logging_mixin.py:188} INFO - [2025-10-03T00:31:54.247+0000] {dagbag.py:545} INFO - Filling up the DagBag from /home/airflow/.local/lib/python3.12/site-packages/airflow/example_dags/example_complex.py
[2025-10-03T00:31:54.345+0000] {processor.py:840} INFO - DAG(s) 'example_complex' retrieved from /home/airflow/.local/lib/python3.12/site-packages/airflow/example_dags/example_complex.py
[2025-10-03T00:31:54.415+0000] {logging_mixin.py:188} INFO - [2025-10-03T00:31:54.415+0000] {dag.py:3096} INFO - Sync 1 DAGs
[2025-10-03T00:31:54.454+0000] {logging_mixin.py:188} INFO - [2025-10-03T00:31:54.453+0000] {dag.py:3954} INFO - Setting next_dagrun for example_complex to None, run_after=None
[2025-10-03T00:31:54.519+0000] {processor.py:183} INFO - Processing /home/airflow/.local/lib/python3.12/site-packages/airflow/example_dags/example_complex.py took 0.351 seconds
[2025-10-03T00:32:25.277+0000] {processor.py:161} INFO - Started process (PID=17767) to work on /home/airflow/.local/lib/python3.12/site-packages/airflow/example_dags/example_complex.py
[2025-10-03T00:32:25.279+0000] {processor.py:830} INFO - Processing file /home/airflow/.local/lib/python3.12/site-packages/airflow/example_dags/example_complex.py for tasks to queue
[2025-10-03T00:32:25.282+0000] {logging_mixin.py:188} INFO - [2025-10-03T00:32:25.281+0000] {dagbag.py:545} INFO - Filling up the DagBag from /home/airflow/.local/lib/python3.12/site-packages/airflow/example_dags/example_complex.py
[2025-10-03T00:32:25.306+0000] {processor.py:840} INFO - DAG(s) 'example_complex' retrieved from /home/airflow/.local/lib/python3.12/site-packages/airflow/example_dags/example_complex.py
[2025-10-03T00:32:25.377+0000] {logging_mixin.py:188} INFO - [2025-10-03T00:32:25.377+0000] {dag.py:3096} INFO - Sync 1 DAGs
[2025-10-03T00:32:25.404+0000] {logging_mixin.py:188} INFO - [2025-10-03T00:32:25.404+0000] {dag.py:3954} INFO - Setting next_dagrun for example_complex to None, run_after=None
[2025-10-03T00:32:25.446+0000] {processor.py:183} INFO - Processing /home/airflow/.local/lib/python3.12/site-packages/airflow/example_dags/example_complex.py took 0.185 seconds
[2025-10-03T00:32:55.784+0000] {processor.py:161} INFO - Started process (PID=17820) to work on /home/airflow/.local/lib/python3.12/site-packages/airflow/example_dags/example_complex.py
[2025-10-03T00:32:55.787+0000] {processor.py:830} INFO - Processing file /home/airflow/.local/lib/python3.12/site-packages/airflow/example_dags/example_complex.py for tasks to queue
[2025-10-03T00:32:55.789+0000] {logging_mixin.py:188} INFO - [2025-10-03T00:32:55.788+0000] {dagbag.py:545} INFO - Filling up the DagBag from /home/airflow/.local/lib/python3.12/site-packages/airflow/example_dags/example_complex.py
[2025-10-03T00:32:55.812+0000] {processor.py:840} INFO - DAG(s) 'example_complex' retrieved from /home/airflow/.local/lib/python3.12/site-packages/airflow/example_dags/example_complex.py
[2025-10-03T00:32:55.883+0000] {logging_mixin.py:188} INFO - [2025-10-03T00:32:55.883+0000] {dag.py:3096} INFO - Sync 1 DAGs
[2025-10-03T00:32:55.911+0000] {logging_mixin.py:188} INFO - [2025-10-03T00:32:55.911+0000] {dag.py:3954} INFO - Setting next_dagrun for example_complex to None, run_after=None
[2025-10-03T00:32:55.952+0000] {processor.py:183} INFO - Processing /home/airflow/.local/lib/python3.12/site-packages/airflow/example_dags/example_complex.py took 0.183 seconds
[2025-10-03T00:33:26.066+0000] {processor.py:161} INFO - Started process (PID=17873) to work on /home/airflow/.local/lib/python3.12/site-packages/airflow/example_dags/example_complex.py
[2025-10-03T00:33:26.069+0000] {processor.py:830} INFO - Processing file /home/airflow/.local/lib/python3.12/site-packages/airflow/example_dags/example_complex.py for tasks to queue
[2025-10-03T00:33:26.071+0000] {logging_mixin.py:188} INFO - [2025-10-03T00:33:26.070+0000] {dagbag.py:545} INFO - Filling up the DagBag from /home/airflow/.local/lib/python3.12/site-packages/airflow/example_dags/example_complex.py
[2025-10-03T00:33:26.098+0000] {processor.py:840} INFO - DAG(s) 'example_complex' retrieved from /home/airflow/.local/lib/python3.12/site-packages/airflow/example_dags/example_complex.py
[2025-10-03T00:33:26.178+0000] {logging_mixin.py:188} INFO - [2025-10-03T00:33:26.178+0000] {dag.py:3096} INFO - Sync 1 DAGs
[2025-10-03T00:33:26.208+0000] {logging_mixin.py:188} INFO - [2025-10-03T00:33:26.207+0000] {dag.py:3954} INFO - Setting next_dagrun for example_complex to None, run_after=None
[2025-10-03T00:33:26.248+0000] {processor.py:183} INFO - Processing /home/airflow/.local/lib/python3.12/site-packages/airflow/example_dags/example_complex.py took 0.196 seconds
[2025-10-03T00:33:56.514+0000] {processor.py:161} INFO - Started process (PID=17926) to work on /home/airflow/.local/lib/python3.12/site-packages/airflow/example_dags/example_complex.py
[2025-10-03T00:33:56.517+0000] {processor.py:830} INFO - Processing file /home/airflow/.local/lib/python3.12/site-packages/airflow/example_dags/example_complex.py for tasks to queue
[2025-10-03T00:33:56.520+0000] {logging_mixin.py:188} INFO - [2025-10-03T00:33:56.519+0000] {dagbag.py:545} INFO - Filling up the DagBag from /home/airflow/.local/lib/python3.12/site-packages/airflow/example_dags/example_complex.py
[2025-10-03T00:33:56.550+0000] {processor.py:840} INFO - DAG(s) 'example_complex' retrieved from /home/airflow/.local/lib/python3.12/site-packages/airflow/example_dags/example_complex.py
[2025-10-03T00:33:56.648+0000] {logging_mixin.py:188} INFO - [2025-10-03T00:33:56.648+0000] {dag.py:3096} INFO - Sync 1 DAGs
[2025-10-03T00:33:56.681+0000] {logging_mixin.py:188} INFO - [2025-10-03T00:33:56.680+0000] {dag.py:3954} INFO - Setting next_dagrun for example_complex to None, run_after=None
[2025-10-03T00:33:56.726+0000] {processor.py:183} INFO - Processing /home/airflow/.local/lib/python3.12/site-packages/airflow/example_dags/example_complex.py took 0.231 seconds
[2025-10-03T00:34:27.423+0000] {processor.py:161} INFO - Started process (PID=17979) to work on /home/airflow/.local/lib/python3.12/site-packages/airflow/example_dags/example_complex.py
[2025-10-03T00:34:27.425+0000] {processor.py:830} INFO - Processing file /home/airflow/.local/lib/python3.12/site-packages/airflow/example_dags/example_complex.py for tasks to queue
[2025-10-03T00:34:27.427+0000] {logging_mixin.py:188} INFO - [2025-10-03T00:34:27.426+0000] {dagbag.py:545} INFO - Filling up the DagBag from /home/airflow/.local/lib/python3.12/site-packages/airflow/example_dags/example_complex.py
[2025-10-03T00:34:27.482+0000] {processor.py:840} INFO - DAG(s) 'example_complex' retrieved from /home/airflow/.local/lib/python3.12/site-packages/airflow/example_dags/example_complex.py
[2025-10-03T00:34:27.624+0000] {logging_mixin.py:188} INFO - [2025-10-03T00:34:27.623+0000] {dag.py:3096} INFO - Sync 1 DAGs
[2025-10-03T00:34:27.660+0000] {logging_mixin.py:188} INFO - [2025-10-03T00:34:27.659+0000] {dag.py:3954} INFO - Setting next_dagrun for example_complex to None, run_after=None
[2025-10-03T00:34:27.702+0000] {processor.py:183} INFO - Processing /home/airflow/.local/lib/python3.12/site-packages/airflow/example_dags/example_complex.py took 0.300 seconds
[2025-10-03T00:34:59.274+0000] {processor.py:161} INFO - Started process (PID=18032) to work on /home/airflow/.local/lib/python3.12/site-packages/airflow/example_dags/example_complex.py
[2025-10-03T00:34:59.277+0000] {processor.py:830} INFO - Processing file /home/airflow/.local/lib/python3.12/site-packages/airflow/example_dags/example_complex.py for tasks to queue
[2025-10-03T00:34:59.280+0000] {logging_mixin.py:188} INFO - [2025-10-03T00:34:59.279+0000] {dagbag.py:545} INFO - Filling up the DagBag from /home/airflow/.local/lib/python3.12/site-packages/airflow/example_dags/example_complex.py
[2025-10-03T00:34:59.305+0000] {processor.py:840} INFO - DAG(s) 'example_complex' retrieved from /home/airflow/.local/lib/python3.12/site-packages/airflow/example_dags/example_complex.py
[2025-10-03T00:34:59.378+0000] {logging_mixin.py:188} INFO - [2025-10-03T00:34:59.377+0000] {dag.py:3096} INFO - Sync 1 DAGs
[2025-10-03T00:34:59.408+0000] {logging_mixin.py:188} INFO - [2025-10-03T00:34:59.408+0000] {dag.py:3954} INFO - Setting next_dagrun for example_complex to None, run_after=None
[2025-10-03T00:34:59.453+0000] {processor.py:183} INFO - Processing /home/airflow/.local/lib/python3.12/site-packages/airflow/example_dags/example_complex.py took 0.194 seconds
[2025-10-03T00:35:30.466+0000] {processor.py:161} INFO - Started process (PID=18085) to work on /home/airflow/.local/lib/python3.12/site-packages/airflow/example_dags/example_complex.py
[2025-10-03T00:35:30.468+0000] {processor.py:830} INFO - Processing file /home/airflow/.local/lib/python3.12/site-packages/airflow/example_dags/example_complex.py for tasks to queue
[2025-10-03T00:35:30.472+0000] {logging_mixin.py:188} INFO - [2025-10-03T00:35:30.470+0000] {dagbag.py:545} INFO - Filling up the DagBag from /home/airflow/.local/lib/python3.12/site-packages/airflow/example_dags/example_complex.py
[2025-10-03T00:35:30.507+0000] {processor.py:840} INFO - DAG(s) 'example_complex' retrieved from /home/airflow/.local/lib/python3.12/site-packages/airflow/example_dags/example_complex.py
[2025-10-03T00:35:30.584+0000] {logging_mixin.py:188} INFO - [2025-10-03T00:35:30.584+0000] {dag.py:3096} INFO - Sync 1 DAGs
[2025-10-03T00:35:30.611+0000] {logging_mixin.py:188} INFO - [2025-10-03T00:35:30.611+0000] {dag.py:3954} INFO - Setting next_dagrun for example_complex to None, run_after=None
[2025-10-03T00:35:30.663+0000] {processor.py:183} INFO - Processing /home/airflow/.local/lib/python3.12/site-packages/airflow/example_dags/example_complex.py took 0.211 seconds
[2025-10-03T00:36:00.981+0000] {processor.py:161} INFO - Started process (PID=18138) to work on /home/airflow/.local/lib/python3.12/site-packages/airflow/example_dags/example_complex.py
[2025-10-03T00:36:00.984+0000] {processor.py:830} INFO - Processing file /home/airflow/.local/lib/python3.12/site-packages/airflow/example_dags/example_complex.py for tasks to queue
[2025-10-03T00:36:00.987+0000] {logging_mixin.py:188} INFO - [2025-10-03T00:36:00.985+0000] {dagbag.py:545} INFO - Filling up the DagBag from /home/airflow/.local/lib/python3.12/site-packages/airflow/example_dags/example_complex.py
[2025-10-03T00:36:01.012+0000] {processor.py:840} INFO - DAG(s) 'example_complex' retrieved from /home/airflow/.local/lib/python3.12/site-packages/airflow/example_dags/example_complex.py
[2025-10-03T00:36:01.083+0000] {logging_mixin.py:188} INFO - [2025-10-03T00:36:01.083+0000] {dag.py:3096} INFO - Sync 1 DAGs
[2025-10-03T00:36:01.111+0000] {logging_mixin.py:188} INFO - [2025-10-03T00:36:01.110+0000] {dag.py:3954} INFO - Setting next_dagrun for example_complex to None, run_after=None
[2025-10-03T00:36:01.160+0000] {processor.py:183} INFO - Processing /home/airflow/.local/lib/python3.12/site-packages/airflow/example_dags/example_complex.py took 0.195 seconds
[2025-10-03T00:36:32.101+0000] {processor.py:161} INFO - Started process (PID=18191) to work on /home/airflow/.local/lib/python3.12/site-packages/airflow/example_dags/example_complex.py
[2025-10-03T00:36:32.104+0000] {processor.py:830} INFO - Processing file /home/airflow/.local/lib/python3.12/site-packages/airflow/example_dags/example_complex.py for tasks to queue
[2025-10-03T00:36:32.106+0000] {logging_mixin.py:188} INFO - [2025-10-03T00:36:32.105+0000] {dagbag.py:545} INFO - Filling up the DagBag from /home/airflow/.local/lib/python3.12/site-packages/airflow/example_dags/example_complex.py
[2025-10-03T00:36:32.130+0000] {processor.py:840} INFO - DAG(s) 'example_complex' retrieved from /home/airflow/.local/lib/python3.12/site-packages/airflow/example_dags/example_complex.py
[2025-10-03T00:36:32.205+0000] {logging_mixin.py:188} INFO - [2025-10-03T00:36:32.204+0000] {dag.py:3096} INFO - Sync 1 DAGs
[2025-10-03T00:36:32.236+0000] {logging_mixin.py:188} INFO - [2025-10-03T00:36:32.235+0000] {dag.py:3954} INFO - Setting next_dagrun for example_complex to None, run_after=None
[2025-10-03T00:36:32.276+0000] {processor.py:183} INFO - Processing /home/airflow/.local/lib/python3.12/site-packages/airflow/example_dags/example_complex.py took 0.190 seconds
[2025-10-03T00:37:03.065+0000] {processor.py:161} INFO - Started process (PID=18244) to work on /home/airflow/.local/lib/python3.12/site-packages/airflow/example_dags/example_complex.py
[2025-10-03T00:37:03.067+0000] {processor.py:830} INFO - Processing file /home/airflow/.local/lib/python3.12/site-packages/airflow/example_dags/example_complex.py for tasks to queue
[2025-10-03T00:37:03.070+0000] {logging_mixin.py:188} INFO - [2025-10-03T00:37:03.069+0000] {dagbag.py:545} INFO - Filling up the DagBag from /home/airflow/.local/lib/python3.12/site-packages/airflow/example_dags/example_complex.py
[2025-10-03T00:37:03.104+0000] {processor.py:840} INFO - DAG(s) 'example_complex' retrieved from /home/airflow/.local/lib/python3.12/site-packages/airflow/example_dags/example_complex.py
[2025-10-03T00:37:03.195+0000] {logging_mixin.py:188} INFO - [2025-10-03T00:37:03.195+0000] {dag.py:3096} INFO - Sync 1 DAGs
[2025-10-03T00:37:03.234+0000] {logging_mixin.py:188} INFO - [2025-10-03T00:37:03.233+0000] {dag.py:3954} INFO - Setting next_dagrun for example_complex to None, run_after=None
[2025-10-03T00:37:03.280+0000] {processor.py:183} INFO - Processing /home/airflow/.local/lib/python3.12/site-packages/airflow/example_dags/example_complex.py took 0.232 seconds
[2025-10-03T00:37:34.165+0000] {processor.py:161} INFO - Started process (PID=18297) to work on /home/airflow/.local/lib/python3.12/site-packages/airflow/example_dags/example_complex.py
[2025-10-03T00:37:34.167+0000] {processor.py:830} INFO - Processing file /home/airflow/.local/lib/python3.12/site-packages/airflow/example_dags/example_complex.py for tasks to queue
[2025-10-03T00:37:34.170+0000] {logging_mixin.py:188} INFO - [2025-10-03T00:37:34.169+0000] {dagbag.py:545} INFO - Filling up the DagBag from /home/airflow/.local/lib/python3.12/site-packages/airflow/example_dags/example_complex.py
[2025-10-03T00:37:34.195+0000] {processor.py:840} INFO - DAG(s) 'example_complex' retrieved from /home/airflow/.local/lib/python3.12/site-packages/airflow/example_dags/example_complex.py
[2025-10-03T00:37:34.283+0000] {logging_mixin.py:188} INFO - [2025-10-03T00:37:34.282+0000] {dag.py:3096} INFO - Sync 1 DAGs
[2025-10-03T00:37:34.313+0000] {logging_mixin.py:188} INFO - [2025-10-03T00:37:34.312+0000] {dag.py:3954} INFO - Setting next_dagrun for example_complex to None, run_after=None
[2025-10-03T00:37:34.354+0000] {processor.py:183} INFO - Processing /home/airflow/.local/lib/python3.12/site-packages/airflow/example_dags/example_complex.py took 0.208 seconds
[2025-10-03T00:38:04.481+0000] {processor.py:161} INFO - Started process (PID=18350) to work on /home/airflow/.local/lib/python3.12/site-packages/airflow/example_dags/example_complex.py
[2025-10-03T00:38:04.483+0000] {processor.py:830} INFO - Processing file /home/airflow/.local/lib/python3.12/site-packages/airflow/example_dags/example_complex.py for tasks to queue
[2025-10-03T00:38:04.486+0000] {logging_mixin.py:188} INFO - [2025-10-03T00:38:04.485+0000] {dagbag.py:545} INFO - Filling up the DagBag from /home/airflow/.local/lib/python3.12/site-packages/airflow/example_dags/example_complex.py
[2025-10-03T00:38:04.508+0000] {processor.py:840} INFO - DAG(s) 'example_complex' retrieved from /home/airflow/.local/lib/python3.12/site-packages/airflow/example_dags/example_complex.py
[2025-10-03T00:38:04.593+0000] {logging_mixin.py:188} INFO - [2025-10-03T00:38:04.593+0000] {dag.py:3096} INFO - Sync 1 DAGs
[2025-10-03T00:38:04.624+0000] {logging_mixin.py:188} INFO - [2025-10-03T00:38:04.623+0000] {dag.py:3954} INFO - Setting next_dagrun for example_complex to None, run_after=None
[2025-10-03T00:38:04.675+0000] {processor.py:183} INFO - Processing /home/airflow/.local/lib/python3.12/site-packages/airflow/example_dags/example_complex.py took 0.208 seconds
