[2025-10-03T00:00:25.263+0000] {processor.py:161} INFO - Started process (PID=14462) to work on /home/airflow/.local/lib/python3.12/site-packages/airflow/example_dags/example_bash_decorator.py
[2025-10-03T00:00:25.265+0000] {processor.py:830} INFO - Processing file /home/airflow/.local/lib/python3.12/site-packages/airflow/example_dags/example_bash_decorator.py for tasks to queue
[2025-10-03T00:00:25.267+0000] {logging_mixin.py:188} INFO - [2025-10-03T00:00:25.266+0000] {dagbag.py:545} INFO - Filling up the DagBag from /home/airflow/.local/lib/python3.12/site-packages/airflow/example_dags/example_bash_decorator.py
[2025-10-03T00:00:25.316+0000] {processor.py:840} INFO - DAG(s) 'example_bash_decorator' retrieved from /home/airflow/.local/lib/python3.12/site-packages/airflow/example_dags/example_bash_decorator.py
[2025-10-03T00:00:25.389+0000] {logging_mixin.py:188} INFO - [2025-10-03T00:00:25.388+0000] {dag.py:3096} INFO - Sync 1 DAGs
[2025-10-03T00:00:25.422+0000] {logging_mixin.py:188} INFO - [2025-10-03T00:00:25.422+0000] {dag.py:3954} INFO - Setting next_dagrun for example_bash_decorator to None, run_after=None
[2025-10-03T00:00:25.461+0000] {processor.py:183} INFO - Processing /home/airflow/.local/lib/python3.12/site-packages/airflow/example_dags/example_bash_decorator.py took 0.212 seconds
[2025-10-03T00:00:56.062+0000] {processor.py:161} INFO - Started process (PID=14515) to work on /home/airflow/.local/lib/python3.12/site-packages/airflow/example_dags/example_bash_decorator.py
[2025-10-03T00:00:56.065+0000] {processor.py:830} INFO - Processing file /home/airflow/.local/lib/python3.12/site-packages/airflow/example_dags/example_bash_decorator.py for tasks to queue
[2025-10-03T00:00:56.068+0000] {logging_mixin.py:188} INFO - [2025-10-03T00:00:56.067+0000] {dagbag.py:545} INFO - Filling up the DagBag from /home/airflow/.local/lib/python3.12/site-packages/airflow/example_dags/example_bash_decorator.py
[2025-10-03T00:00:56.114+0000] {processor.py:840} INFO - DAG(s) 'example_bash_decorator' retrieved from /home/airflow/.local/lib/python3.12/site-packages/airflow/example_dags/example_bash_decorator.py
[2025-10-03T00:00:56.185+0000] {logging_mixin.py:188} INFO - [2025-10-03T00:00:56.184+0000] {dag.py:3096} INFO - Sync 1 DAGs
[2025-10-03T00:00:56.221+0000] {logging_mixin.py:188} INFO - [2025-10-03T00:00:56.221+0000] {dag.py:3954} INFO - Setting next_dagrun for example_bash_decorator to None, run_after=None
[2025-10-03T00:00:56.278+0000] {processor.py:183} INFO - Processing /home/airflow/.local/lib/python3.12/site-packages/airflow/example_dags/example_bash_decorator.py took 0.235 seconds
[2025-10-03T00:01:26.503+0000] {processor.py:161} INFO - Started process (PID=14568) to work on /home/airflow/.local/lib/python3.12/site-packages/airflow/example_dags/example_bash_decorator.py
[2025-10-03T00:01:26.506+0000] {processor.py:830} INFO - Processing file /home/airflow/.local/lib/python3.12/site-packages/airflow/example_dags/example_bash_decorator.py for tasks to queue
[2025-10-03T00:01:26.508+0000] {logging_mixin.py:188} INFO - [2025-10-03T00:01:26.507+0000] {dagbag.py:545} INFO - Filling up the DagBag from /home/airflow/.local/lib/python3.12/site-packages/airflow/example_dags/example_bash_decorator.py
[2025-10-03T00:01:26.541+0000] {processor.py:840} INFO - DAG(s) 'example_bash_decorator' retrieved from /home/airflow/.local/lib/python3.12/site-packages/airflow/example_dags/example_bash_decorator.py
[2025-10-03T00:01:26.614+0000] {logging_mixin.py:188} INFO - [2025-10-03T00:01:26.613+0000] {dag.py:3096} INFO - Sync 1 DAGs
[2025-10-03T00:01:26.647+0000] {logging_mixin.py:188} INFO - [2025-10-03T00:01:26.647+0000] {dag.py:3954} INFO - Setting next_dagrun for example_bash_decorator to None, run_after=None
[2025-10-03T00:01:26.693+0000] {processor.py:183} INFO - Processing /home/airflow/.local/lib/python3.12/site-packages/airflow/example_dags/example_bash_decorator.py took 0.204 seconds
[2025-10-03T00:01:57.021+0000] {processor.py:161} INFO - Started process (PID=14621) to work on /home/airflow/.local/lib/python3.12/site-packages/airflow/example_dags/example_bash_decorator.py
[2025-10-03T00:01:57.023+0000] {processor.py:830} INFO - Processing file /home/airflow/.local/lib/python3.12/site-packages/airflow/example_dags/example_bash_decorator.py for tasks to queue
[2025-10-03T00:01:57.026+0000] {logging_mixin.py:188} INFO - [2025-10-03T00:01:57.025+0000] {dagbag.py:545} INFO - Filling up the DagBag from /home/airflow/.local/lib/python3.12/site-packages/airflow/example_dags/example_bash_decorator.py
[2025-10-03T00:01:57.060+0000] {processor.py:840} INFO - DAG(s) 'example_bash_decorator' retrieved from /home/airflow/.local/lib/python3.12/site-packages/airflow/example_dags/example_bash_decorator.py
[2025-10-03T00:01:57.121+0000] {logging_mixin.py:188} INFO - [2025-10-03T00:01:57.121+0000] {dag.py:3096} INFO - Sync 1 DAGs
[2025-10-03T00:01:57.149+0000] {logging_mixin.py:188} INFO - [2025-10-03T00:01:57.149+0000] {dag.py:3954} INFO - Setting next_dagrun for example_bash_decorator to None, run_after=None
[2025-10-03T00:01:57.193+0000] {processor.py:183} INFO - Processing /home/airflow/.local/lib/python3.12/site-packages/airflow/example_dags/example_bash_decorator.py took 0.188 seconds
[2025-10-03T00:02:27.635+0000] {processor.py:161} INFO - Started process (PID=14674) to work on /home/airflow/.local/lib/python3.12/site-packages/airflow/example_dags/example_bash_decorator.py
[2025-10-03T00:02:27.637+0000] {processor.py:830} INFO - Processing file /home/airflow/.local/lib/python3.12/site-packages/airflow/example_dags/example_bash_decorator.py for tasks to queue
[2025-10-03T00:02:27.640+0000] {logging_mixin.py:188} INFO - [2025-10-03T00:02:27.639+0000] {dagbag.py:545} INFO - Filling up the DagBag from /home/airflow/.local/lib/python3.12/site-packages/airflow/example_dags/example_bash_decorator.py
[2025-10-03T00:02:27.673+0000] {processor.py:840} INFO - DAG(s) 'example_bash_decorator' retrieved from /home/airflow/.local/lib/python3.12/site-packages/airflow/example_dags/example_bash_decorator.py
[2025-10-03T00:02:27.738+0000] {logging_mixin.py:188} INFO - [2025-10-03T00:02:27.737+0000] {dag.py:3096} INFO - Sync 1 DAGs
[2025-10-03T00:02:27.771+0000] {logging_mixin.py:188} INFO - [2025-10-03T00:02:27.771+0000] {dag.py:3954} INFO - Setting next_dagrun for example_bash_decorator to None, run_after=None
[2025-10-03T00:02:27.813+0000] {processor.py:183} INFO - Processing /home/airflow/.local/lib/python3.12/site-packages/airflow/example_dags/example_bash_decorator.py took 0.192 seconds
[2025-10-03T00:02:58.211+0000] {processor.py:161} INFO - Started process (PID=14727) to work on /home/airflow/.local/lib/python3.12/site-packages/airflow/example_dags/example_bash_decorator.py
[2025-10-03T00:02:58.213+0000] {processor.py:830} INFO - Processing file /home/airflow/.local/lib/python3.12/site-packages/airflow/example_dags/example_bash_decorator.py for tasks to queue
[2025-10-03T00:02:58.215+0000] {logging_mixin.py:188} INFO - [2025-10-03T00:02:58.214+0000] {dagbag.py:545} INFO - Filling up the DagBag from /home/airflow/.local/lib/python3.12/site-packages/airflow/example_dags/example_bash_decorator.py
[2025-10-03T00:02:58.247+0000] {processor.py:840} INFO - DAG(s) 'example_bash_decorator' retrieved from /home/airflow/.local/lib/python3.12/site-packages/airflow/example_dags/example_bash_decorator.py
[2025-10-03T00:02:58.301+0000] {logging_mixin.py:188} INFO - [2025-10-03T00:02:58.300+0000] {dag.py:3096} INFO - Sync 1 DAGs
[2025-10-03T00:02:58.327+0000] {logging_mixin.py:188} INFO - [2025-10-03T00:02:58.327+0000] {dag.py:3954} INFO - Setting next_dagrun for example_bash_decorator to None, run_after=None
[2025-10-03T00:02:58.375+0000] {processor.py:183} INFO - Processing /home/airflow/.local/lib/python3.12/site-packages/airflow/example_dags/example_bash_decorator.py took 0.178 seconds
[2025-10-03T00:03:28.717+0000] {processor.py:161} INFO - Started process (PID=14780) to work on /home/airflow/.local/lib/python3.12/site-packages/airflow/example_dags/example_bash_decorator.py
[2025-10-03T00:03:28.719+0000] {processor.py:830} INFO - Processing file /home/airflow/.local/lib/python3.12/site-packages/airflow/example_dags/example_bash_decorator.py for tasks to queue
[2025-10-03T00:03:28.722+0000] {logging_mixin.py:188} INFO - [2025-10-03T00:03:28.721+0000] {dagbag.py:545} INFO - Filling up the DagBag from /home/airflow/.local/lib/python3.12/site-packages/airflow/example_dags/example_bash_decorator.py
[2025-10-03T00:03:28.752+0000] {processor.py:840} INFO - DAG(s) 'example_bash_decorator' retrieved from /home/airflow/.local/lib/python3.12/site-packages/airflow/example_dags/example_bash_decorator.py
[2025-10-03T00:03:28.812+0000] {logging_mixin.py:188} INFO - [2025-10-03T00:03:28.811+0000] {dag.py:3096} INFO - Sync 1 DAGs
[2025-10-03T00:03:28.840+0000] {logging_mixin.py:188} INFO - [2025-10-03T00:03:28.839+0000] {dag.py:3954} INFO - Setting next_dagrun for example_bash_decorator to None, run_after=None
[2025-10-03T00:03:28.898+0000] {processor.py:183} INFO - Processing /home/airflow/.local/lib/python3.12/site-packages/airflow/example_dags/example_bash_decorator.py took 0.196 seconds
[2025-10-03T00:03:59.509+0000] {processor.py:161} INFO - Started process (PID=14833) to work on /home/airflow/.local/lib/python3.12/site-packages/airflow/example_dags/example_bash_decorator.py
[2025-10-03T00:03:59.512+0000] {processor.py:830} INFO - Processing file /home/airflow/.local/lib/python3.12/site-packages/airflow/example_dags/example_bash_decorator.py for tasks to queue
[2025-10-03T00:03:59.514+0000] {logging_mixin.py:188} INFO - [2025-10-03T00:03:59.513+0000] {dagbag.py:545} INFO - Filling up the DagBag from /home/airflow/.local/lib/python3.12/site-packages/airflow/example_dags/example_bash_decorator.py
[2025-10-03T00:03:59.552+0000] {processor.py:840} INFO - DAG(s) 'example_bash_decorator' retrieved from /home/airflow/.local/lib/python3.12/site-packages/airflow/example_dags/example_bash_decorator.py
[2025-10-03T00:03:59.624+0000] {logging_mixin.py:188} INFO - [2025-10-03T00:03:59.624+0000] {dag.py:3096} INFO - Sync 1 DAGs
[2025-10-03T00:03:59.664+0000] {logging_mixin.py:188} INFO - [2025-10-03T00:03:59.664+0000] {dag.py:3954} INFO - Setting next_dagrun for example_bash_decorator to None, run_after=None
[2025-10-03T00:03:59.727+0000] {processor.py:183} INFO - Processing /home/airflow/.local/lib/python3.12/site-packages/airflow/example_dags/example_bash_decorator.py took 0.238 seconds
[2025-10-03T00:04:31.195+0000] {processor.py:161} INFO - Started process (PID=14886) to work on /home/airflow/.local/lib/python3.12/site-packages/airflow/example_dags/example_bash_decorator.py
[2025-10-03T00:04:31.220+0000] {processor.py:830} INFO - Processing file /home/airflow/.local/lib/python3.12/site-packages/airflow/example_dags/example_bash_decorator.py for tasks to queue
[2025-10-03T00:04:31.250+0000] {logging_mixin.py:188} INFO - [2025-10-03T00:04:31.249+0000] {dagbag.py:545} INFO - Filling up the DagBag from /home/airflow/.local/lib/python3.12/site-packages/airflow/example_dags/example_bash_decorator.py
[2025-10-03T00:04:31.404+0000] {processor.py:840} INFO - DAG(s) 'example_bash_decorator' retrieved from /home/airflow/.local/lib/python3.12/site-packages/airflow/example_dags/example_bash_decorator.py
[2025-10-03T00:04:31.637+0000] {logging_mixin.py:188} INFO - [2025-10-03T00:04:31.636+0000] {dag.py:3096} INFO - Sync 1 DAGs
[2025-10-03T00:04:31.754+0000] {logging_mixin.py:188} INFO - [2025-10-03T00:04:31.754+0000] {dag.py:3954} INFO - Setting next_dagrun for example_bash_decorator to None, run_after=None
[2025-10-03T00:04:32.027+0000] {processor.py:183} INFO - Processing /home/airflow/.local/lib/python3.12/site-packages/airflow/example_dags/example_bash_decorator.py took 0.914 seconds
[2025-10-03T00:05:02.782+0000] {processor.py:161} INFO - Started process (PID=14939) to work on /home/airflow/.local/lib/python3.12/site-packages/airflow/example_dags/example_bash_decorator.py
[2025-10-03T00:05:02.784+0000] {processor.py:830} INFO - Processing file /home/airflow/.local/lib/python3.12/site-packages/airflow/example_dags/example_bash_decorator.py for tasks to queue
[2025-10-03T00:05:02.786+0000] {logging_mixin.py:188} INFO - [2025-10-03T00:05:02.786+0000] {dagbag.py:545} INFO - Filling up the DagBag from /home/airflow/.local/lib/python3.12/site-packages/airflow/example_dags/example_bash_decorator.py
[2025-10-03T00:05:02.820+0000] {processor.py:840} INFO - DAG(s) 'example_bash_decorator' retrieved from /home/airflow/.local/lib/python3.12/site-packages/airflow/example_dags/example_bash_decorator.py
[2025-10-03T00:05:02.877+0000] {logging_mixin.py:188} INFO - [2025-10-03T00:05:02.876+0000] {dag.py:3096} INFO - Sync 1 DAGs
[2025-10-03T00:05:02.907+0000] {logging_mixin.py:188} INFO - [2025-10-03T00:05:02.907+0000] {dag.py:3954} INFO - Setting next_dagrun for example_bash_decorator to None, run_after=None
[2025-10-03T00:05:02.946+0000] {processor.py:183} INFO - Processing /home/airflow/.local/lib/python3.12/site-packages/airflow/example_dags/example_bash_decorator.py took 0.181 seconds
[2025-10-03T00:05:33.465+0000] {processor.py:161} INFO - Started process (PID=14992) to work on /home/airflow/.local/lib/python3.12/site-packages/airflow/example_dags/example_bash_decorator.py
[2025-10-03T00:05:33.468+0000] {processor.py:830} INFO - Processing file /home/airflow/.local/lib/python3.12/site-packages/airflow/example_dags/example_bash_decorator.py for tasks to queue
[2025-10-03T00:05:33.470+0000] {logging_mixin.py:188} INFO - [2025-10-03T00:05:33.469+0000] {dagbag.py:545} INFO - Filling up the DagBag from /home/airflow/.local/lib/python3.12/site-packages/airflow/example_dags/example_bash_decorator.py
[2025-10-03T00:05:33.508+0000] {processor.py:840} INFO - DAG(s) 'example_bash_decorator' retrieved from /home/airflow/.local/lib/python3.12/site-packages/airflow/example_dags/example_bash_decorator.py
[2025-10-03T00:05:33.728+0000] {logging_mixin.py:188} INFO - [2025-10-03T00:05:33.727+0000] {dag.py:3096} INFO - Sync 1 DAGs
[2025-10-03T00:05:33.785+0000] {logging_mixin.py:188} INFO - [2025-10-03T00:05:33.785+0000] {dag.py:3954} INFO - Setting next_dagrun for example_bash_decorator to None, run_after=None
[2025-10-03T00:05:33.835+0000] {processor.py:183} INFO - Processing /home/airflow/.local/lib/python3.12/site-packages/airflow/example_dags/example_bash_decorator.py took 0.393 seconds
[2025-10-03T00:06:04.199+0000] {processor.py:161} INFO - Started process (PID=15045) to work on /home/airflow/.local/lib/python3.12/site-packages/airflow/example_dags/example_bash_decorator.py
[2025-10-03T00:06:04.205+0000] {processor.py:830} INFO - Processing file /home/airflow/.local/lib/python3.12/site-packages/airflow/example_dags/example_bash_decorator.py for tasks to queue
[2025-10-03T00:06:04.210+0000] {logging_mixin.py:188} INFO - [2025-10-03T00:06:04.209+0000] {dagbag.py:545} INFO - Filling up the DagBag from /home/airflow/.local/lib/python3.12/site-packages/airflow/example_dags/example_bash_decorator.py
[2025-10-03T00:06:04.272+0000] {processor.py:840} INFO - DAG(s) 'example_bash_decorator' retrieved from /home/airflow/.local/lib/python3.12/site-packages/airflow/example_dags/example_bash_decorator.py
[2025-10-03T00:06:04.408+0000] {logging_mixin.py:188} INFO - [2025-10-03T00:06:04.407+0000] {dag.py:3096} INFO - Sync 1 DAGs
[2025-10-03T00:06:04.448+0000] {logging_mixin.py:188} INFO - [2025-10-03T00:06:04.447+0000] {dag.py:3954} INFO - Setting next_dagrun for example_bash_decorator to None, run_after=None
[2025-10-03T00:06:04.495+0000] {processor.py:183} INFO - Processing /home/airflow/.local/lib/python3.12/site-packages/airflow/example_dags/example_bash_decorator.py took 0.320 seconds
[2025-10-03T00:06:34.802+0000] {processor.py:161} INFO - Started process (PID=15098) to work on /home/airflow/.local/lib/python3.12/site-packages/airflow/example_dags/example_bash_decorator.py
[2025-10-03T00:06:34.811+0000] {processor.py:830} INFO - Processing file /home/airflow/.local/lib/python3.12/site-packages/airflow/example_dags/example_bash_decorator.py for tasks to queue
[2025-10-03T00:06:34.816+0000] {logging_mixin.py:188} INFO - [2025-10-03T00:06:34.814+0000] {dagbag.py:545} INFO - Filling up the DagBag from /home/airflow/.local/lib/python3.12/site-packages/airflow/example_dags/example_bash_decorator.py
[2025-10-03T00:06:34.928+0000] {processor.py:840} INFO - DAG(s) 'example_bash_decorator' retrieved from /home/airflow/.local/lib/python3.12/site-packages/airflow/example_dags/example_bash_decorator.py
[2025-10-03T00:06:35.023+0000] {logging_mixin.py:188} INFO - [2025-10-03T00:06:35.022+0000] {dag.py:3096} INFO - Sync 1 DAGs
[2025-10-03T00:06:35.056+0000] {logging_mixin.py:188} INFO - [2025-10-03T00:06:35.056+0000] {dag.py:3954} INFO - Setting next_dagrun for example_bash_decorator to None, run_after=None
[2025-10-03T00:06:35.108+0000] {processor.py:183} INFO - Processing /home/airflow/.local/lib/python3.12/site-packages/airflow/example_dags/example_bash_decorator.py took 0.350 seconds
[2025-10-03T00:07:05.904+0000] {processor.py:161} INFO - Started process (PID=15151) to work on /home/airflow/.local/lib/python3.12/site-packages/airflow/example_dags/example_bash_decorator.py
[2025-10-03T00:07:05.908+0000] {processor.py:830} INFO - Processing file /home/airflow/.local/lib/python3.12/site-packages/airflow/example_dags/example_bash_decorator.py for tasks to queue
[2025-10-03T00:07:05.912+0000] {logging_mixin.py:188} INFO - [2025-10-03T00:07:05.910+0000] {dagbag.py:545} INFO - Filling up the DagBag from /home/airflow/.local/lib/python3.12/site-packages/airflow/example_dags/example_bash_decorator.py
[2025-10-03T00:07:06.023+0000] {processor.py:840} INFO - DAG(s) 'example_bash_decorator' retrieved from /home/airflow/.local/lib/python3.12/site-packages/airflow/example_dags/example_bash_decorator.py
[2025-10-03T00:07:06.182+0000] {logging_mixin.py:188} INFO - [2025-10-03T00:07:06.180+0000] {dag.py:3096} INFO - Sync 1 DAGs
[2025-10-03T00:07:06.239+0000] {logging_mixin.py:188} INFO - [2025-10-03T00:07:06.239+0000] {dag.py:3954} INFO - Setting next_dagrun for example_bash_decorator to None, run_after=None
[2025-10-03T00:07:06.299+0000] {processor.py:183} INFO - Processing /home/airflow/.local/lib/python3.12/site-packages/airflow/example_dags/example_bash_decorator.py took 0.412 seconds
[2025-10-03T00:07:36.742+0000] {processor.py:161} INFO - Started process (PID=15204) to work on /home/airflow/.local/lib/python3.12/site-packages/airflow/example_dags/example_bash_decorator.py
[2025-10-03T00:07:36.745+0000] {processor.py:830} INFO - Processing file /home/airflow/.local/lib/python3.12/site-packages/airflow/example_dags/example_bash_decorator.py for tasks to queue
[2025-10-03T00:07:36.748+0000] {logging_mixin.py:188} INFO - [2025-10-03T00:07:36.747+0000] {dagbag.py:545} INFO - Filling up the DagBag from /home/airflow/.local/lib/python3.12/site-packages/airflow/example_dags/example_bash_decorator.py
[2025-10-03T00:07:36.780+0000] {processor.py:840} INFO - DAG(s) 'example_bash_decorator' retrieved from /home/airflow/.local/lib/python3.12/site-packages/airflow/example_dags/example_bash_decorator.py
[2025-10-03T00:07:36.844+0000] {logging_mixin.py:188} INFO - [2025-10-03T00:07:36.843+0000] {dag.py:3096} INFO - Sync 1 DAGs
[2025-10-03T00:07:36.884+0000] {logging_mixin.py:188} INFO - [2025-10-03T00:07:36.883+0000] {dag.py:3954} INFO - Setting next_dagrun for example_bash_decorator to None, run_after=None
[2025-10-03T00:07:36.927+0000] {processor.py:183} INFO - Processing /home/airflow/.local/lib/python3.12/site-packages/airflow/example_dags/example_bash_decorator.py took 0.199 seconds
[2025-10-03T00:08:07.162+0000] {processor.py:161} INFO - Started process (PID=15257) to work on /home/airflow/.local/lib/python3.12/site-packages/airflow/example_dags/example_bash_decorator.py
[2025-10-03T00:08:07.164+0000] {processor.py:830} INFO - Processing file /home/airflow/.local/lib/python3.12/site-packages/airflow/example_dags/example_bash_decorator.py for tasks to queue
[2025-10-03T00:08:07.167+0000] {logging_mixin.py:188} INFO - [2025-10-03T00:08:07.166+0000] {dagbag.py:545} INFO - Filling up the DagBag from /home/airflow/.local/lib/python3.12/site-packages/airflow/example_dags/example_bash_decorator.py
[2025-10-03T00:08:07.196+0000] {processor.py:840} INFO - DAG(s) 'example_bash_decorator' retrieved from /home/airflow/.local/lib/python3.12/site-packages/airflow/example_dags/example_bash_decorator.py
[2025-10-03T00:08:07.253+0000] {logging_mixin.py:188} INFO - [2025-10-03T00:08:07.252+0000] {dag.py:3096} INFO - Sync 1 DAGs
[2025-10-03T00:08:07.280+0000] {logging_mixin.py:188} INFO - [2025-10-03T00:08:07.279+0000] {dag.py:3954} INFO - Setting next_dagrun for example_bash_decorator to None, run_after=None
[2025-10-03T00:08:07.319+0000] {processor.py:183} INFO - Processing /home/airflow/.local/lib/python3.12/site-packages/airflow/example_dags/example_bash_decorator.py took 0.172 seconds
[2025-10-03T00:08:37.849+0000] {processor.py:161} INFO - Started process (PID=15310) to work on /home/airflow/.local/lib/python3.12/site-packages/airflow/example_dags/example_bash_decorator.py
[2025-10-03T00:08:37.852+0000] {processor.py:830} INFO - Processing file /home/airflow/.local/lib/python3.12/site-packages/airflow/example_dags/example_bash_decorator.py for tasks to queue
[2025-10-03T00:08:37.855+0000] {logging_mixin.py:188} INFO - [2025-10-03T00:08:37.854+0000] {dagbag.py:545} INFO - Filling up the DagBag from /home/airflow/.local/lib/python3.12/site-packages/airflow/example_dags/example_bash_decorator.py
[2025-10-03T00:08:37.892+0000] {processor.py:840} INFO - DAG(s) 'example_bash_decorator' retrieved from /home/airflow/.local/lib/python3.12/site-packages/airflow/example_dags/example_bash_decorator.py
[2025-10-03T00:08:37.949+0000] {logging_mixin.py:188} INFO - [2025-10-03T00:08:37.948+0000] {dag.py:3096} INFO - Sync 1 DAGs
[2025-10-03T00:08:37.977+0000] {logging_mixin.py:188} INFO - [2025-10-03T00:08:37.976+0000] {dag.py:3954} INFO - Setting next_dagrun for example_bash_decorator to None, run_after=None
[2025-10-03T00:08:38.029+0000] {processor.py:183} INFO - Processing /home/airflow/.local/lib/python3.12/site-packages/airflow/example_dags/example_bash_decorator.py took 0.199 seconds
[2025-10-03T00:09:08.656+0000] {processor.py:161} INFO - Started process (PID=15363) to work on /home/airflow/.local/lib/python3.12/site-packages/airflow/example_dags/example_bash_decorator.py
[2025-10-03T00:09:08.658+0000] {processor.py:830} INFO - Processing file /home/airflow/.local/lib/python3.12/site-packages/airflow/example_dags/example_bash_decorator.py for tasks to queue
[2025-10-03T00:09:08.661+0000] {logging_mixin.py:188} INFO - [2025-10-03T00:09:08.660+0000] {dagbag.py:545} INFO - Filling up the DagBag from /home/airflow/.local/lib/python3.12/site-packages/airflow/example_dags/example_bash_decorator.py
[2025-10-03T00:09:08.701+0000] {processor.py:840} INFO - DAG(s) 'example_bash_decorator' retrieved from /home/airflow/.local/lib/python3.12/site-packages/airflow/example_dags/example_bash_decorator.py
[2025-10-03T00:09:08.759+0000] {logging_mixin.py:188} INFO - [2025-10-03T00:09:08.759+0000] {dag.py:3096} INFO - Sync 1 DAGs
[2025-10-03T00:09:08.787+0000] {logging_mixin.py:188} INFO - [2025-10-03T00:09:08.787+0000] {dag.py:3954} INFO - Setting next_dagrun for example_bash_decorator to None, run_after=None
[2025-10-03T00:09:08.827+0000] {processor.py:183} INFO - Processing /home/airflow/.local/lib/python3.12/site-packages/airflow/example_dags/example_bash_decorator.py took 0.190 seconds
[2025-10-03T00:09:39.186+0000] {processor.py:161} INFO - Started process (PID=15416) to work on /home/airflow/.local/lib/python3.12/site-packages/airflow/example_dags/example_bash_decorator.py
[2025-10-03T00:09:39.189+0000] {processor.py:830} INFO - Processing file /home/airflow/.local/lib/python3.12/site-packages/airflow/example_dags/example_bash_decorator.py for tasks to queue
[2025-10-03T00:09:39.191+0000] {logging_mixin.py:188} INFO - [2025-10-03T00:09:39.190+0000] {dagbag.py:545} INFO - Filling up the DagBag from /home/airflow/.local/lib/python3.12/site-packages/airflow/example_dags/example_bash_decorator.py
[2025-10-03T00:09:39.224+0000] {processor.py:840} INFO - DAG(s) 'example_bash_decorator' retrieved from /home/airflow/.local/lib/python3.12/site-packages/airflow/example_dags/example_bash_decorator.py
[2025-10-03T00:09:39.281+0000] {logging_mixin.py:188} INFO - [2025-10-03T00:09:39.281+0000] {dag.py:3096} INFO - Sync 1 DAGs
[2025-10-03T00:09:39.308+0000] {logging_mixin.py:188} INFO - [2025-10-03T00:09:39.307+0000] {dag.py:3954} INFO - Setting next_dagrun for example_bash_decorator to None, run_after=None
[2025-10-03T00:09:39.359+0000] {processor.py:183} INFO - Processing /home/airflow/.local/lib/python3.12/site-packages/airflow/example_dags/example_bash_decorator.py took 0.193 seconds
[2025-10-03T00:10:09.476+0000] {processor.py:161} INFO - Started process (PID=15469) to work on /home/airflow/.local/lib/python3.12/site-packages/airflow/example_dags/example_bash_decorator.py
[2025-10-03T00:10:09.479+0000] {processor.py:830} INFO - Processing file /home/airflow/.local/lib/python3.12/site-packages/airflow/example_dags/example_bash_decorator.py for tasks to queue
[2025-10-03T00:10:09.482+0000] {logging_mixin.py:188} INFO - [2025-10-03T00:10:09.481+0000] {dagbag.py:545} INFO - Filling up the DagBag from /home/airflow/.local/lib/python3.12/site-packages/airflow/example_dags/example_bash_decorator.py
[2025-10-03T00:10:09.517+0000] {processor.py:840} INFO - DAG(s) 'example_bash_decorator' retrieved from /home/airflow/.local/lib/python3.12/site-packages/airflow/example_dags/example_bash_decorator.py
[2025-10-03T00:10:09.575+0000] {logging_mixin.py:188} INFO - [2025-10-03T00:10:09.575+0000] {dag.py:3096} INFO - Sync 1 DAGs
[2025-10-03T00:10:09.620+0000] {logging_mixin.py:188} INFO - [2025-10-03T00:10:09.620+0000] {dag.py:3954} INFO - Setting next_dagrun for example_bash_decorator to None, run_after=None
[2025-10-03T00:10:09.669+0000] {processor.py:183} INFO - Processing /home/airflow/.local/lib/python3.12/site-packages/airflow/example_dags/example_bash_decorator.py took 0.213 seconds
[2025-10-03T00:10:39.891+0000] {processor.py:161} INFO - Started process (PID=15521) to work on /home/airflow/.local/lib/python3.12/site-packages/airflow/example_dags/example_bash_decorator.py
[2025-10-03T00:10:39.895+0000] {processor.py:830} INFO - Processing file /home/airflow/.local/lib/python3.12/site-packages/airflow/example_dags/example_bash_decorator.py for tasks to queue
[2025-10-03T00:10:39.898+0000] {logging_mixin.py:188} INFO - [2025-10-03T00:10:39.896+0000] {dagbag.py:545} INFO - Filling up the DagBag from /home/airflow/.local/lib/python3.12/site-packages/airflow/example_dags/example_bash_decorator.py
[2025-10-03T00:10:39.934+0000] {processor.py:840} INFO - DAG(s) 'example_bash_decorator' retrieved from /home/airflow/.local/lib/python3.12/site-packages/airflow/example_dags/example_bash_decorator.py
[2025-10-03T00:10:39.994+0000] {logging_mixin.py:188} INFO - [2025-10-03T00:10:39.993+0000] {dag.py:3096} INFO - Sync 1 DAGs
[2025-10-03T00:10:40.035+0000] {logging_mixin.py:188} INFO - [2025-10-03T00:10:40.035+0000] {dag.py:3954} INFO - Setting next_dagrun for example_bash_decorator to None, run_after=None
[2025-10-03T00:10:40.084+0000] {processor.py:183} INFO - Processing /home/airflow/.local/lib/python3.12/site-packages/airflow/example_dags/example_bash_decorator.py took 0.211 seconds
[2025-10-03T00:11:10.307+0000] {processor.py:161} INFO - Started process (PID=15574) to work on /home/airflow/.local/lib/python3.12/site-packages/airflow/example_dags/example_bash_decorator.py
[2025-10-03T00:11:10.314+0000] {processor.py:830} INFO - Processing file /home/airflow/.local/lib/python3.12/site-packages/airflow/example_dags/example_bash_decorator.py for tasks to queue
[2025-10-03T00:11:10.317+0000] {logging_mixin.py:188} INFO - [2025-10-03T00:11:10.316+0000] {dagbag.py:545} INFO - Filling up the DagBag from /home/airflow/.local/lib/python3.12/site-packages/airflow/example_dags/example_bash_decorator.py
[2025-10-03T00:11:10.377+0000] {processor.py:840} INFO - DAG(s) 'example_bash_decorator' retrieved from /home/airflow/.local/lib/python3.12/site-packages/airflow/example_dags/example_bash_decorator.py
[2025-10-03T00:11:10.473+0000] {logging_mixin.py:188} INFO - [2025-10-03T00:11:10.472+0000] {dag.py:3096} INFO - Sync 1 DAGs
[2025-10-03T00:11:10.517+0000] {logging_mixin.py:188} INFO - [2025-10-03T00:11:10.516+0000] {dag.py:3954} INFO - Setting next_dagrun for example_bash_decorator to None, run_after=None
[2025-10-03T00:11:10.589+0000] {processor.py:183} INFO - Processing /home/airflow/.local/lib/python3.12/site-packages/airflow/example_dags/example_bash_decorator.py took 0.315 seconds
[2025-10-03T00:11:41.010+0000] {processor.py:161} INFO - Started process (PID=15627) to work on /home/airflow/.local/lib/python3.12/site-packages/airflow/example_dags/example_bash_decorator.py
[2025-10-03T00:11:41.014+0000] {processor.py:830} INFO - Processing file /home/airflow/.local/lib/python3.12/site-packages/airflow/example_dags/example_bash_decorator.py for tasks to queue
[2025-10-03T00:11:41.018+0000] {logging_mixin.py:188} INFO - [2025-10-03T00:11:41.016+0000] {dagbag.py:545} INFO - Filling up the DagBag from /home/airflow/.local/lib/python3.12/site-packages/airflow/example_dags/example_bash_decorator.py
[2025-10-03T00:11:41.076+0000] {processor.py:840} INFO - DAG(s) 'example_bash_decorator' retrieved from /home/airflow/.local/lib/python3.12/site-packages/airflow/example_dags/example_bash_decorator.py
[2025-10-03T00:11:41.161+0000] {logging_mixin.py:188} INFO - [2025-10-03T00:11:41.160+0000] {dag.py:3096} INFO - Sync 1 DAGs
[2025-10-03T00:11:41.195+0000] {logging_mixin.py:188} INFO - [2025-10-03T00:11:41.195+0000] {dag.py:3954} INFO - Setting next_dagrun for example_bash_decorator to None, run_after=None
[2025-10-03T00:11:41.247+0000] {processor.py:183} INFO - Processing /home/airflow/.local/lib/python3.12/site-packages/airflow/example_dags/example_bash_decorator.py took 0.259 seconds
[2025-10-03T00:12:11.517+0000] {processor.py:161} INFO - Started process (PID=15681) to work on /home/airflow/.local/lib/python3.12/site-packages/airflow/example_dags/example_bash_decorator.py
[2025-10-03T00:12:11.542+0000] {processor.py:830} INFO - Processing file /home/airflow/.local/lib/python3.12/site-packages/airflow/example_dags/example_bash_decorator.py for tasks to queue
[2025-10-03T00:12:11.577+0000] {logging_mixin.py:188} INFO - [2025-10-03T00:12:11.575+0000] {dagbag.py:545} INFO - Filling up the DagBag from /home/airflow/.local/lib/python3.12/site-packages/airflow/example_dags/example_bash_decorator.py
[2025-10-03T00:12:11.683+0000] {processor.py:840} INFO - DAG(s) 'example_bash_decorator' retrieved from /home/airflow/.local/lib/python3.12/site-packages/airflow/example_dags/example_bash_decorator.py
[2025-10-03T00:12:11.930+0000] {logging_mixin.py:188} INFO - [2025-10-03T00:12:11.930+0000] {dag.py:3096} INFO - Sync 1 DAGs
[2025-10-03T00:12:12.041+0000] {logging_mixin.py:188} INFO - [2025-10-03T00:12:12.041+0000] {dag.py:3954} INFO - Setting next_dagrun for example_bash_decorator to None, run_after=None
[2025-10-03T00:12:12.127+0000] {processor.py:183} INFO - Processing /home/airflow/.local/lib/python3.12/site-packages/airflow/example_dags/example_bash_decorator.py took 0.666 seconds
[2025-10-03T00:12:42.715+0000] {processor.py:161} INFO - Started process (PID=15734) to work on /home/airflow/.local/lib/python3.12/site-packages/airflow/example_dags/example_bash_decorator.py
[2025-10-03T00:12:42.720+0000] {processor.py:830} INFO - Processing file /home/airflow/.local/lib/python3.12/site-packages/airflow/example_dags/example_bash_decorator.py for tasks to queue
[2025-10-03T00:12:42.724+0000] {logging_mixin.py:188} INFO - [2025-10-03T00:12:42.722+0000] {dagbag.py:545} INFO - Filling up the DagBag from /home/airflow/.local/lib/python3.12/site-packages/airflow/example_dags/example_bash_decorator.py
[2025-10-03T00:12:42.790+0000] {processor.py:840} INFO - DAG(s) 'example_bash_decorator' retrieved from /home/airflow/.local/lib/python3.12/site-packages/airflow/example_dags/example_bash_decorator.py
[2025-10-03T00:12:42.887+0000] {logging_mixin.py:188} INFO - [2025-10-03T00:12:42.886+0000] {dag.py:3096} INFO - Sync 1 DAGs
[2025-10-03T00:12:42.955+0000] {logging_mixin.py:188} INFO - [2025-10-03T00:12:42.954+0000] {dag.py:3954} INFO - Setting next_dagrun for example_bash_decorator to None, run_after=None
[2025-10-03T00:12:43.033+0000] {processor.py:183} INFO - Processing /home/airflow/.local/lib/python3.12/site-packages/airflow/example_dags/example_bash_decorator.py took 0.349 seconds
[2025-10-03T00:13:13.288+0000] {processor.py:161} INFO - Started process (PID=15787) to work on /home/airflow/.local/lib/python3.12/site-packages/airflow/example_dags/example_bash_decorator.py
[2025-10-03T00:13:13.292+0000] {processor.py:830} INFO - Processing file /home/airflow/.local/lib/python3.12/site-packages/airflow/example_dags/example_bash_decorator.py for tasks to queue
[2025-10-03T00:13:13.295+0000] {logging_mixin.py:188} INFO - [2025-10-03T00:13:13.293+0000] {dagbag.py:545} INFO - Filling up the DagBag from /home/airflow/.local/lib/python3.12/site-packages/airflow/example_dags/example_bash_decorator.py
[2025-10-03T00:13:13.341+0000] {processor.py:840} INFO - DAG(s) 'example_bash_decorator' retrieved from /home/airflow/.local/lib/python3.12/site-packages/airflow/example_dags/example_bash_decorator.py
[2025-10-03T00:13:13.397+0000] {logging_mixin.py:188} INFO - [2025-10-03T00:13:13.396+0000] {dag.py:3096} INFO - Sync 1 DAGs
[2025-10-03T00:13:13.430+0000] {logging_mixin.py:188} INFO - [2025-10-03T00:13:13.429+0000] {dag.py:3954} INFO - Setting next_dagrun for example_bash_decorator to None, run_after=None
[2025-10-03T00:13:13.472+0000] {processor.py:183} INFO - Processing /home/airflow/.local/lib/python3.12/site-packages/airflow/example_dags/example_bash_decorator.py took 0.204 seconds
[2025-10-03T00:13:43.974+0000] {processor.py:161} INFO - Started process (PID=15840) to work on /home/airflow/.local/lib/python3.12/site-packages/airflow/example_dags/example_bash_decorator.py
[2025-10-03T00:13:43.976+0000] {processor.py:830} INFO - Processing file /home/airflow/.local/lib/python3.12/site-packages/airflow/example_dags/example_bash_decorator.py for tasks to queue
[2025-10-03T00:13:43.979+0000] {logging_mixin.py:188} INFO - [2025-10-03T00:13:43.978+0000] {dagbag.py:545} INFO - Filling up the DagBag from /home/airflow/.local/lib/python3.12/site-packages/airflow/example_dags/example_bash_decorator.py
[2025-10-03T00:13:44.010+0000] {processor.py:840} INFO - DAG(s) 'example_bash_decorator' retrieved from /home/airflow/.local/lib/python3.12/site-packages/airflow/example_dags/example_bash_decorator.py
[2025-10-03T00:13:44.076+0000] {logging_mixin.py:188} INFO - [2025-10-03T00:13:44.075+0000] {dag.py:3096} INFO - Sync 1 DAGs
[2025-10-03T00:13:44.104+0000] {logging_mixin.py:188} INFO - [2025-10-03T00:13:44.104+0000] {dag.py:3954} INFO - Setting next_dagrun for example_bash_decorator to None, run_after=None
[2025-10-03T00:13:44.144+0000] {processor.py:183} INFO - Processing /home/airflow/.local/lib/python3.12/site-packages/airflow/example_dags/example_bash_decorator.py took 0.186 seconds
[2025-10-03T00:14:14.957+0000] {processor.py:161} INFO - Started process (PID=15893) to work on /home/airflow/.local/lib/python3.12/site-packages/airflow/example_dags/example_bash_decorator.py
[2025-10-03T00:14:14.962+0000] {processor.py:830} INFO - Processing file /home/airflow/.local/lib/python3.12/site-packages/airflow/example_dags/example_bash_decorator.py for tasks to queue
[2025-10-03T00:14:14.965+0000] {logging_mixin.py:188} INFO - [2025-10-03T00:14:14.963+0000] {dagbag.py:545} INFO - Filling up the DagBag from /home/airflow/.local/lib/python3.12/site-packages/airflow/example_dags/example_bash_decorator.py
[2025-10-03T00:14:15.011+0000] {processor.py:840} INFO - DAG(s) 'example_bash_decorator' retrieved from /home/airflow/.local/lib/python3.12/site-packages/airflow/example_dags/example_bash_decorator.py
[2025-10-03T00:14:15.081+0000] {logging_mixin.py:188} INFO - [2025-10-03T00:14:15.080+0000] {dag.py:3096} INFO - Sync 1 DAGs
[2025-10-03T00:14:15.122+0000] {logging_mixin.py:188} INFO - [2025-10-03T00:14:15.122+0000] {dag.py:3954} INFO - Setting next_dagrun for example_bash_decorator to None, run_after=None
[2025-10-03T00:14:15.169+0000] {processor.py:183} INFO - Processing /home/airflow/.local/lib/python3.12/site-packages/airflow/example_dags/example_bash_decorator.py took 0.238 seconds
[2025-10-03T00:14:45.363+0000] {processor.py:161} INFO - Started process (PID=15946) to work on /home/airflow/.local/lib/python3.12/site-packages/airflow/example_dags/example_bash_decorator.py
[2025-10-03T00:14:45.366+0000] {processor.py:830} INFO - Processing file /home/airflow/.local/lib/python3.12/site-packages/airflow/example_dags/example_bash_decorator.py for tasks to queue
[2025-10-03T00:14:45.369+0000] {logging_mixin.py:188} INFO - [2025-10-03T00:14:45.368+0000] {dagbag.py:545} INFO - Filling up the DagBag from /home/airflow/.local/lib/python3.12/site-packages/airflow/example_dags/example_bash_decorator.py
[2025-10-03T00:14:45.412+0000] {processor.py:840} INFO - DAG(s) 'example_bash_decorator' retrieved from /home/airflow/.local/lib/python3.12/site-packages/airflow/example_dags/example_bash_decorator.py
[2025-10-03T00:14:45.476+0000] {logging_mixin.py:188} INFO - [2025-10-03T00:14:45.475+0000] {dag.py:3096} INFO - Sync 1 DAGs
[2025-10-03T00:14:45.506+0000] {logging_mixin.py:188} INFO - [2025-10-03T00:14:45.506+0000] {dag.py:3954} INFO - Setting next_dagrun for example_bash_decorator to None, run_after=None
[2025-10-03T00:14:45.551+0000] {processor.py:183} INFO - Processing /home/airflow/.local/lib/python3.12/site-packages/airflow/example_dags/example_bash_decorator.py took 0.206 seconds
[2025-10-03T00:15:15.691+0000] {processor.py:161} INFO - Started process (PID=15999) to work on /home/airflow/.local/lib/python3.12/site-packages/airflow/example_dags/example_bash_decorator.py
[2025-10-03T00:15:15.695+0000] {processor.py:830} INFO - Processing file /home/airflow/.local/lib/python3.12/site-packages/airflow/example_dags/example_bash_decorator.py for tasks to queue
[2025-10-03T00:15:15.697+0000] {logging_mixin.py:188} INFO - [2025-10-03T00:15:15.696+0000] {dagbag.py:545} INFO - Filling up the DagBag from /home/airflow/.local/lib/python3.12/site-packages/airflow/example_dags/example_bash_decorator.py
[2025-10-03T00:15:15.731+0000] {processor.py:840} INFO - DAG(s) 'example_bash_decorator' retrieved from /home/airflow/.local/lib/python3.12/site-packages/airflow/example_dags/example_bash_decorator.py
[2025-10-03T00:15:15.786+0000] {logging_mixin.py:188} INFO - [2025-10-03T00:15:15.786+0000] {dag.py:3096} INFO - Sync 1 DAGs
[2025-10-03T00:15:15.819+0000] {logging_mixin.py:188} INFO - [2025-10-03T00:15:15.819+0000] {dag.py:3954} INFO - Setting next_dagrun for example_bash_decorator to None, run_after=None
[2025-10-03T00:15:15.860+0000] {processor.py:183} INFO - Processing /home/airflow/.local/lib/python3.12/site-packages/airflow/example_dags/example_bash_decorator.py took 0.185 seconds
[2025-10-03T00:15:46.916+0000] {processor.py:161} INFO - Started process (PID=16052) to work on /home/airflow/.local/lib/python3.12/site-packages/airflow/example_dags/example_bash_decorator.py
[2025-10-03T00:15:46.919+0000] {processor.py:830} INFO - Processing file /home/airflow/.local/lib/python3.12/site-packages/airflow/example_dags/example_bash_decorator.py for tasks to queue
[2025-10-03T00:15:46.922+0000] {logging_mixin.py:188} INFO - [2025-10-03T00:15:46.920+0000] {dagbag.py:545} INFO - Filling up the DagBag from /home/airflow/.local/lib/python3.12/site-packages/airflow/example_dags/example_bash_decorator.py
[2025-10-03T00:15:46.970+0000] {processor.py:840} INFO - DAG(s) 'example_bash_decorator' retrieved from /home/airflow/.local/lib/python3.12/site-packages/airflow/example_dags/example_bash_decorator.py
[2025-10-03T00:15:47.066+0000] {logging_mixin.py:188} INFO - [2025-10-03T00:15:47.066+0000] {dag.py:3096} INFO - Sync 1 DAGs
[2025-10-03T00:15:47.106+0000] {logging_mixin.py:188} INFO - [2025-10-03T00:15:47.105+0000] {dag.py:3954} INFO - Setting next_dagrun for example_bash_decorator to None, run_after=None
[2025-10-03T00:15:47.155+0000] {processor.py:183} INFO - Processing /home/airflow/.local/lib/python3.12/site-packages/airflow/example_dags/example_bash_decorator.py took 0.272 seconds
[2025-10-03T00:16:17.409+0000] {processor.py:161} INFO - Started process (PID=16105) to work on /home/airflow/.local/lib/python3.12/site-packages/airflow/example_dags/example_bash_decorator.py
[2025-10-03T00:16:17.411+0000] {processor.py:830} INFO - Processing file /home/airflow/.local/lib/python3.12/site-packages/airflow/example_dags/example_bash_decorator.py for tasks to queue
[2025-10-03T00:16:17.414+0000] {logging_mixin.py:188} INFO - [2025-10-03T00:16:17.413+0000] {dagbag.py:545} INFO - Filling up the DagBag from /home/airflow/.local/lib/python3.12/site-packages/airflow/example_dags/example_bash_decorator.py
[2025-10-03T00:16:17.446+0000] {processor.py:840} INFO - DAG(s) 'example_bash_decorator' retrieved from /home/airflow/.local/lib/python3.12/site-packages/airflow/example_dags/example_bash_decorator.py
[2025-10-03T00:16:17.504+0000] {logging_mixin.py:188} INFO - [2025-10-03T00:16:17.503+0000] {dag.py:3096} INFO - Sync 1 DAGs
[2025-10-03T00:16:17.534+0000] {logging_mixin.py:188} INFO - [2025-10-03T00:16:17.534+0000] {dag.py:3954} INFO - Setting next_dagrun for example_bash_decorator to None, run_after=None
[2025-10-03T00:16:17.576+0000] {processor.py:183} INFO - Processing /home/airflow/.local/lib/python3.12/site-packages/airflow/example_dags/example_bash_decorator.py took 0.184 seconds
[2025-10-03T00:16:47.774+0000] {processor.py:161} INFO - Started process (PID=16158) to work on /home/airflow/.local/lib/python3.12/site-packages/airflow/example_dags/example_bash_decorator.py
[2025-10-03T00:16:47.777+0000] {processor.py:830} INFO - Processing file /home/airflow/.local/lib/python3.12/site-packages/airflow/example_dags/example_bash_decorator.py for tasks to queue
[2025-10-03T00:16:47.779+0000] {logging_mixin.py:188} INFO - [2025-10-03T00:16:47.779+0000] {dagbag.py:545} INFO - Filling up the DagBag from /home/airflow/.local/lib/python3.12/site-packages/airflow/example_dags/example_bash_decorator.py
[2025-10-03T00:16:47.810+0000] {processor.py:840} INFO - DAG(s) 'example_bash_decorator' retrieved from /home/airflow/.local/lib/python3.12/site-packages/airflow/example_dags/example_bash_decorator.py
[2025-10-03T00:16:47.864+0000] {logging_mixin.py:188} INFO - [2025-10-03T00:16:47.864+0000] {dag.py:3096} INFO - Sync 1 DAGs
[2025-10-03T00:16:47.891+0000] {logging_mixin.py:188} INFO - [2025-10-03T00:16:47.890+0000] {dag.py:3954} INFO - Setting next_dagrun for example_bash_decorator to None, run_after=None
[2025-10-03T00:16:47.931+0000] {processor.py:183} INFO - Processing /home/airflow/.local/lib/python3.12/site-packages/airflow/example_dags/example_bash_decorator.py took 0.174 seconds
[2025-10-03T00:17:18.520+0000] {processor.py:161} INFO - Started process (PID=16209) to work on /home/airflow/.local/lib/python3.12/site-packages/airflow/example_dags/example_bash_decorator.py
[2025-10-03T00:17:18.525+0000] {processor.py:830} INFO - Processing file /home/airflow/.local/lib/python3.12/site-packages/airflow/example_dags/example_bash_decorator.py for tasks to queue
[2025-10-03T00:17:18.529+0000] {logging_mixin.py:188} INFO - [2025-10-03T00:17:18.528+0000] {dagbag.py:545} INFO - Filling up the DagBag from /home/airflow/.local/lib/python3.12/site-packages/airflow/example_dags/example_bash_decorator.py
[2025-10-03T00:17:18.564+0000] {processor.py:840} INFO - DAG(s) 'example_bash_decorator' retrieved from /home/airflow/.local/lib/python3.12/site-packages/airflow/example_dags/example_bash_decorator.py
[2025-10-03T00:17:18.621+0000] {logging_mixin.py:188} INFO - [2025-10-03T00:17:18.620+0000] {dag.py:3096} INFO - Sync 1 DAGs
[2025-10-03T00:17:18.652+0000] {logging_mixin.py:188} INFO - [2025-10-03T00:17:18.652+0000] {dag.py:3954} INFO - Setting next_dagrun for example_bash_decorator to None, run_after=None
[2025-10-03T00:17:18.694+0000] {processor.py:183} INFO - Processing /home/airflow/.local/lib/python3.12/site-packages/airflow/example_dags/example_bash_decorator.py took 0.189 seconds
[2025-10-03T00:17:49.014+0000] {processor.py:161} INFO - Started process (PID=16262) to work on /home/airflow/.local/lib/python3.12/site-packages/airflow/example_dags/example_bash_decorator.py
[2025-10-03T00:17:49.016+0000] {processor.py:830} INFO - Processing file /home/airflow/.local/lib/python3.12/site-packages/airflow/example_dags/example_bash_decorator.py for tasks to queue
[2025-10-03T00:17:49.019+0000] {logging_mixin.py:188} INFO - [2025-10-03T00:17:49.018+0000] {dagbag.py:545} INFO - Filling up the DagBag from /home/airflow/.local/lib/python3.12/site-packages/airflow/example_dags/example_bash_decorator.py
[2025-10-03T00:17:49.050+0000] {processor.py:840} INFO - DAG(s) 'example_bash_decorator' retrieved from /home/airflow/.local/lib/python3.12/site-packages/airflow/example_dags/example_bash_decorator.py
[2025-10-03T00:17:49.115+0000] {logging_mixin.py:188} INFO - [2025-10-03T00:17:49.114+0000] {dag.py:3096} INFO - Sync 1 DAGs
[2025-10-03T00:17:49.149+0000] {logging_mixin.py:188} INFO - [2025-10-03T00:17:49.149+0000] {dag.py:3954} INFO - Setting next_dagrun for example_bash_decorator to None, run_after=None
[2025-10-03T00:17:49.203+0000] {processor.py:183} INFO - Processing /home/airflow/.local/lib/python3.12/site-packages/airflow/example_dags/example_bash_decorator.py took 0.204 seconds
[2025-10-03T00:18:20.022+0000] {processor.py:161} INFO - Started process (PID=16315) to work on /home/airflow/.local/lib/python3.12/site-packages/airflow/example_dags/example_bash_decorator.py
[2025-10-03T00:18:20.024+0000] {processor.py:830} INFO - Processing file /home/airflow/.local/lib/python3.12/site-packages/airflow/example_dags/example_bash_decorator.py for tasks to queue
[2025-10-03T00:18:20.027+0000] {logging_mixin.py:188} INFO - [2025-10-03T00:18:20.026+0000] {dagbag.py:545} INFO - Filling up the DagBag from /home/airflow/.local/lib/python3.12/site-packages/airflow/example_dags/example_bash_decorator.py
[2025-10-03T00:18:20.060+0000] {processor.py:840} INFO - DAG(s) 'example_bash_decorator' retrieved from /home/airflow/.local/lib/python3.12/site-packages/airflow/example_dags/example_bash_decorator.py
[2025-10-03T00:18:20.115+0000] {logging_mixin.py:188} INFO - [2025-10-03T00:18:20.114+0000] {dag.py:3096} INFO - Sync 1 DAGs
[2025-10-03T00:18:20.155+0000] {logging_mixin.py:188} INFO - [2025-10-03T00:18:20.154+0000] {dag.py:3954} INFO - Setting next_dagrun for example_bash_decorator to None, run_after=None
[2025-10-03T00:18:20.206+0000] {processor.py:183} INFO - Processing /home/airflow/.local/lib/python3.12/site-packages/airflow/example_dags/example_bash_decorator.py took 0.198 seconds
