[2025-10-03T00:00:15.921+0000] {processor.py:161} INFO - Started process (PID=14444) to work on /home/airflow/.local/lib/python3.12/site-packages/airflow/example_dags/example_xcom.py
[2025-10-03T00:00:15.924+0000] {processor.py:830} INFO - Processing file /home/airflow/.local/lib/python3.12/site-packages/airflow/example_dags/example_xcom.py for tasks to queue
[2025-10-03T00:00:15.927+0000] {logging_mixin.py:188} INFO - [2025-10-03T00:00:15.926+0000] {dagbag.py:545} INFO - Filling up the DagBag from /home/airflow/.local/lib/python3.12/site-packages/airflow/example_dags/example_xcom.py
[2025-10-03T00:00:15.945+0000] {processor.py:840} INFO - DAG(s) 'example_xcom' retrieved from /home/airflow/.local/lib/python3.12/site-packages/airflow/example_dags/example_xcom.py
[2025-10-03T00:00:15.996+0000] {logging_mixin.py:188} INFO - [2025-10-03T00:00:15.996+0000] {dag.py:3096} INFO - Sync 1 DAGs
[2025-10-03T00:00:16.044+0000] {logging_mixin.py:188} INFO - [2025-10-03T00:00:16.043+0000] {dag.py:3954} INFO - Setting next_dagrun for example_xcom to 2021-01-01 00:00:00+00:00, run_after=2021-01-01 00:00:00+00:00
[2025-10-03T00:00:16.083+0000] {processor.py:183} INFO - Processing /home/airflow/.local/lib/python3.12/site-packages/airflow/example_dags/example_xcom.py took 0.176 seconds
[2025-10-03T00:00:46.316+0000] {processor.py:161} INFO - Started process (PID=14497) to work on /home/airflow/.local/lib/python3.12/site-packages/airflow/example_dags/example_xcom.py
[2025-10-03T00:00:46.318+0000] {processor.py:830} INFO - Processing file /home/airflow/.local/lib/python3.12/site-packages/airflow/example_dags/example_xcom.py for tasks to queue
[2025-10-03T00:00:46.321+0000] {logging_mixin.py:188} INFO - [2025-10-03T00:00:46.320+0000] {dagbag.py:545} INFO - Filling up the DagBag from /home/airflow/.local/lib/python3.12/site-packages/airflow/example_dags/example_xcom.py
[2025-10-03T00:00:46.338+0000] {processor.py:840} INFO - DAG(s) 'example_xcom' retrieved from /home/airflow/.local/lib/python3.12/site-packages/airflow/example_dags/example_xcom.py
[2025-10-03T00:00:46.388+0000] {logging_mixin.py:188} INFO - [2025-10-03T00:00:46.387+0000] {dag.py:3096} INFO - Sync 1 DAGs
[2025-10-03T00:00:46.435+0000] {logging_mixin.py:188} INFO - [2025-10-03T00:00:46.434+0000] {dag.py:3954} INFO - Setting next_dagrun for example_xcom to 2021-01-01 00:00:00+00:00, run_after=2021-01-01 00:00:00+00:00
[2025-10-03T00:00:46.478+0000] {processor.py:183} INFO - Processing /home/airflow/.local/lib/python3.12/site-packages/airflow/example_dags/example_xcom.py took 0.177 seconds
[2025-10-03T00:01:17.458+0000] {processor.py:161} INFO - Started process (PID=14550) to work on /home/airflow/.local/lib/python3.12/site-packages/airflow/example_dags/example_xcom.py
[2025-10-03T00:01:17.490+0000] {processor.py:830} INFO - Processing file /home/airflow/.local/lib/python3.12/site-packages/airflow/example_dags/example_xcom.py for tasks to queue
[2025-10-03T00:01:17.512+0000] {logging_mixin.py:188} INFO - [2025-10-03T00:01:17.511+0000] {dagbag.py:545} INFO - Filling up the DagBag from /home/airflow/.local/lib/python3.12/site-packages/airflow/example_dags/example_xcom.py
[2025-10-03T00:01:17.565+0000] {processor.py:840} INFO - DAG(s) 'example_xcom' retrieved from /home/airflow/.local/lib/python3.12/site-packages/airflow/example_dags/example_xcom.py
[2025-10-03T00:01:17.630+0000] {logging_mixin.py:188} INFO - [2025-10-03T00:01:17.630+0000] {dag.py:3096} INFO - Sync 1 DAGs
[2025-10-03T00:01:17.680+0000] {logging_mixin.py:188} INFO - [2025-10-03T00:01:17.680+0000] {dag.py:3954} INFO - Setting next_dagrun for example_xcom to 2021-01-01 00:00:00+00:00, run_after=2021-01-01 00:00:00+00:00
[2025-10-03T00:01:17.727+0000] {processor.py:183} INFO - Processing /home/airflow/.local/lib/python3.12/site-packages/airflow/example_dags/example_xcom.py took 0.296 seconds
[2025-10-03T00:01:47.850+0000] {processor.py:161} INFO - Started process (PID=14603) to work on /home/airflow/.local/lib/python3.12/site-packages/airflow/example_dags/example_xcom.py
[2025-10-03T00:01:47.853+0000] {processor.py:830} INFO - Processing file /home/airflow/.local/lib/python3.12/site-packages/airflow/example_dags/example_xcom.py for tasks to queue
[2025-10-03T00:01:47.855+0000] {logging_mixin.py:188} INFO - [2025-10-03T00:01:47.854+0000] {dagbag.py:545} INFO - Filling up the DagBag from /home/airflow/.local/lib/python3.12/site-packages/airflow/example_dags/example_xcom.py
[2025-10-03T00:01:47.878+0000] {processor.py:840} INFO - DAG(s) 'example_xcom' retrieved from /home/airflow/.local/lib/python3.12/site-packages/airflow/example_dags/example_xcom.py
[2025-10-03T00:01:47.936+0000] {logging_mixin.py:188} INFO - [2025-10-03T00:01:47.935+0000] {dag.py:3096} INFO - Sync 1 DAGs
[2025-10-03T00:01:47.986+0000] {logging_mixin.py:188} INFO - [2025-10-03T00:01:47.985+0000] {dag.py:3954} INFO - Setting next_dagrun for example_xcom to 2021-01-01 00:00:00+00:00, run_after=2021-01-01 00:00:00+00:00
[2025-10-03T00:01:48.032+0000] {processor.py:183} INFO - Processing /home/airflow/.local/lib/python3.12/site-packages/airflow/example_dags/example_xcom.py took 0.197 seconds
[2025-10-03T00:02:18.175+0000] {processor.py:161} INFO - Started process (PID=14655) to work on /home/airflow/.local/lib/python3.12/site-packages/airflow/example_dags/example_xcom.py
[2025-10-03T00:02:18.178+0000] {processor.py:830} INFO - Processing file /home/airflow/.local/lib/python3.12/site-packages/airflow/example_dags/example_xcom.py for tasks to queue
[2025-10-03T00:02:18.182+0000] {logging_mixin.py:188} INFO - [2025-10-03T00:02:18.181+0000] {dagbag.py:545} INFO - Filling up the DagBag from /home/airflow/.local/lib/python3.12/site-packages/airflow/example_dags/example_xcom.py
[2025-10-03T00:02:18.203+0000] {processor.py:840} INFO - DAG(s) 'example_xcom' retrieved from /home/airflow/.local/lib/python3.12/site-packages/airflow/example_dags/example_xcom.py
[2025-10-03T00:02:18.267+0000] {logging_mixin.py:188} INFO - [2025-10-03T00:02:18.266+0000] {dag.py:3096} INFO - Sync 1 DAGs
[2025-10-03T00:02:18.322+0000] {logging_mixin.py:188} INFO - [2025-10-03T00:02:18.321+0000] {dag.py:3954} INFO - Setting next_dagrun for example_xcom to 2021-01-01 00:00:00+00:00, run_after=2021-01-01 00:00:00+00:00
[2025-10-03T00:02:18.373+0000] {processor.py:183} INFO - Processing /home/airflow/.local/lib/python3.12/site-packages/airflow/example_dags/example_xcom.py took 0.219 seconds
[2025-10-03T00:02:48.742+0000] {processor.py:161} INFO - Started process (PID=14708) to work on /home/airflow/.local/lib/python3.12/site-packages/airflow/example_dags/example_xcom.py
[2025-10-03T00:02:48.745+0000] {processor.py:830} INFO - Processing file /home/airflow/.local/lib/python3.12/site-packages/airflow/example_dags/example_xcom.py for tasks to queue
[2025-10-03T00:02:48.748+0000] {logging_mixin.py:188} INFO - [2025-10-03T00:02:48.747+0000] {dagbag.py:545} INFO - Filling up the DagBag from /home/airflow/.local/lib/python3.12/site-packages/airflow/example_dags/example_xcom.py
[2025-10-03T00:02:48.771+0000] {processor.py:840} INFO - DAG(s) 'example_xcom' retrieved from /home/airflow/.local/lib/python3.12/site-packages/airflow/example_dags/example_xcom.py
[2025-10-03T00:02:48.826+0000] {logging_mixin.py:188} INFO - [2025-10-03T00:02:48.825+0000] {dag.py:3096} INFO - Sync 1 DAGs
[2025-10-03T00:02:48.874+0000] {logging_mixin.py:188} INFO - [2025-10-03T00:02:48.873+0000] {dag.py:3954} INFO - Setting next_dagrun for example_xcom to 2021-01-01 00:00:00+00:00, run_after=2021-01-01 00:00:00+00:00
[2025-10-03T00:02:48.927+0000] {processor.py:183} INFO - Processing /home/airflow/.local/lib/python3.12/site-packages/airflow/example_dags/example_xcom.py took 0.203 seconds
[2025-10-03T00:03:19.490+0000] {processor.py:161} INFO - Started process (PID=14761) to work on /home/airflow/.local/lib/python3.12/site-packages/airflow/example_dags/example_xcom.py
[2025-10-03T00:03:19.492+0000] {processor.py:830} INFO - Processing file /home/airflow/.local/lib/python3.12/site-packages/airflow/example_dags/example_xcom.py for tasks to queue
[2025-10-03T00:03:19.496+0000] {logging_mixin.py:188} INFO - [2025-10-03T00:03:19.495+0000] {dagbag.py:545} INFO - Filling up the DagBag from /home/airflow/.local/lib/python3.12/site-packages/airflow/example_dags/example_xcom.py
[2025-10-03T00:03:19.517+0000] {processor.py:840} INFO - DAG(s) 'example_xcom' retrieved from /home/airflow/.local/lib/python3.12/site-packages/airflow/example_dags/example_xcom.py
[2025-10-03T00:03:19.575+0000] {logging_mixin.py:188} INFO - [2025-10-03T00:03:19.575+0000] {dag.py:3096} INFO - Sync 1 DAGs
[2025-10-03T00:03:19.627+0000] {logging_mixin.py:188} INFO - [2025-10-03T00:03:19.627+0000] {dag.py:3954} INFO - Setting next_dagrun for example_xcom to 2021-01-01 00:00:00+00:00, run_after=2021-01-01 00:00:00+00:00
[2025-10-03T00:03:19.679+0000] {processor.py:183} INFO - Processing /home/airflow/.local/lib/python3.12/site-packages/airflow/example_dags/example_xcom.py took 0.204 seconds
[2025-10-03T00:03:50.001+0000] {processor.py:161} INFO - Started process (PID=14814) to work on /home/airflow/.local/lib/python3.12/site-packages/airflow/example_dags/example_xcom.py
[2025-10-03T00:03:50.005+0000] {processor.py:830} INFO - Processing file /home/airflow/.local/lib/python3.12/site-packages/airflow/example_dags/example_xcom.py for tasks to queue
[2025-10-03T00:03:50.010+0000] {logging_mixin.py:188} INFO - [2025-10-03T00:03:50.008+0000] {dagbag.py:545} INFO - Filling up the DagBag from /home/airflow/.local/lib/python3.12/site-packages/airflow/example_dags/example_xcom.py
[2025-10-03T00:03:50.032+0000] {processor.py:840} INFO - DAG(s) 'example_xcom' retrieved from /home/airflow/.local/lib/python3.12/site-packages/airflow/example_dags/example_xcom.py
[2025-10-03T00:03:50.098+0000] {logging_mixin.py:188} INFO - [2025-10-03T00:03:50.097+0000] {dag.py:3096} INFO - Sync 1 DAGs
[2025-10-03T00:03:50.157+0000] {logging_mixin.py:188} INFO - [2025-10-03T00:03:50.156+0000] {dag.py:3954} INFO - Setting next_dagrun for example_xcom to 2021-01-01 00:00:00+00:00, run_after=2021-01-01 00:00:00+00:00
[2025-10-03T00:03:50.209+0000] {processor.py:183} INFO - Processing /home/airflow/.local/lib/python3.12/site-packages/airflow/example_dags/example_xcom.py took 0.224 seconds
[2025-10-03T00:04:20.674+0000] {processor.py:161} INFO - Started process (PID=14867) to work on /home/airflow/.local/lib/python3.12/site-packages/airflow/example_dags/example_xcom.py
[2025-10-03T00:04:20.677+0000] {processor.py:830} INFO - Processing file /home/airflow/.local/lib/python3.12/site-packages/airflow/example_dags/example_xcom.py for tasks to queue
[2025-10-03T00:04:20.679+0000] {logging_mixin.py:188} INFO - [2025-10-03T00:04:20.678+0000] {dagbag.py:545} INFO - Filling up the DagBag from /home/airflow/.local/lib/python3.12/site-packages/airflow/example_dags/example_xcom.py
[2025-10-03T00:04:20.703+0000] {processor.py:840} INFO - DAG(s) 'example_xcom' retrieved from /home/airflow/.local/lib/python3.12/site-packages/airflow/example_dags/example_xcom.py
[2025-10-03T00:04:20.755+0000] {logging_mixin.py:188} INFO - [2025-10-03T00:04:20.755+0000] {dag.py:3096} INFO - Sync 1 DAGs
[2025-10-03T00:04:20.806+0000] {logging_mixin.py:188} INFO - [2025-10-03T00:04:20.805+0000] {dag.py:3954} INFO - Setting next_dagrun for example_xcom to 2021-01-01 00:00:00+00:00, run_after=2021-01-01 00:00:00+00:00
[2025-10-03T00:04:20.860+0000] {processor.py:183} INFO - Processing /home/airflow/.local/lib/python3.12/site-packages/airflow/example_dags/example_xcom.py took 0.202 seconds
[2025-10-03T00:04:51.053+0000] {processor.py:161} INFO - Started process (PID=14920) to work on /home/airflow/.local/lib/python3.12/site-packages/airflow/example_dags/example_xcom.py
[2025-10-03T00:04:51.056+0000] {processor.py:830} INFO - Processing file /home/airflow/.local/lib/python3.12/site-packages/airflow/example_dags/example_xcom.py for tasks to queue
[2025-10-03T00:04:51.058+0000] {logging_mixin.py:188} INFO - [2025-10-03T00:04:51.057+0000] {dagbag.py:545} INFO - Filling up the DagBag from /home/airflow/.local/lib/python3.12/site-packages/airflow/example_dags/example_xcom.py
[2025-10-03T00:04:51.076+0000] {processor.py:840} INFO - DAG(s) 'example_xcom' retrieved from /home/airflow/.local/lib/python3.12/site-packages/airflow/example_dags/example_xcom.py
[2025-10-03T00:04:51.127+0000] {logging_mixin.py:188} INFO - [2025-10-03T00:04:51.126+0000] {dag.py:3096} INFO - Sync 1 DAGs
[2025-10-03T00:04:51.171+0000] {logging_mixin.py:188} INFO - [2025-10-03T00:04:51.171+0000] {dag.py:3954} INFO - Setting next_dagrun for example_xcom to 2021-01-01 00:00:00+00:00, run_after=2021-01-01 00:00:00+00:00
[2025-10-03T00:04:51.214+0000] {processor.py:183} INFO - Processing /home/airflow/.local/lib/python3.12/site-packages/airflow/example_dags/example_xcom.py took 0.175 seconds
[2025-10-03T00:05:21.758+0000] {processor.py:161} INFO - Started process (PID=14973) to work on /home/airflow/.local/lib/python3.12/site-packages/airflow/example_dags/example_xcom.py
[2025-10-03T00:05:21.761+0000] {processor.py:830} INFO - Processing file /home/airflow/.local/lib/python3.12/site-packages/airflow/example_dags/example_xcom.py for tasks to queue
[2025-10-03T00:05:21.763+0000] {logging_mixin.py:188} INFO - [2025-10-03T00:05:21.762+0000] {dagbag.py:545} INFO - Filling up the DagBag from /home/airflow/.local/lib/python3.12/site-packages/airflow/example_dags/example_xcom.py
[2025-10-03T00:05:21.786+0000] {processor.py:840} INFO - DAG(s) 'example_xcom' retrieved from /home/airflow/.local/lib/python3.12/site-packages/airflow/example_dags/example_xcom.py
[2025-10-03T00:05:21.836+0000] {logging_mixin.py:188} INFO - [2025-10-03T00:05:21.836+0000] {dag.py:3096} INFO - Sync 1 DAGs
[2025-10-03T00:05:21.883+0000] {logging_mixin.py:188} INFO - [2025-10-03T00:05:21.883+0000] {dag.py:3954} INFO - Setting next_dagrun for example_xcom to 2021-01-01 00:00:00+00:00, run_after=2021-01-01 00:00:00+00:00
[2025-10-03T00:05:21.931+0000] {processor.py:183} INFO - Processing /home/airflow/.local/lib/python3.12/site-packages/airflow/example_dags/example_xcom.py took 0.187 seconds
[2025-10-03T00:05:52.484+0000] {processor.py:161} INFO - Started process (PID=15026) to work on /home/airflow/.local/lib/python3.12/site-packages/airflow/example_dags/example_xcom.py
[2025-10-03T00:05:52.486+0000] {processor.py:830} INFO - Processing file /home/airflow/.local/lib/python3.12/site-packages/airflow/example_dags/example_xcom.py for tasks to queue
[2025-10-03T00:05:52.488+0000] {logging_mixin.py:188} INFO - [2025-10-03T00:05:52.488+0000] {dagbag.py:545} INFO - Filling up the DagBag from /home/airflow/.local/lib/python3.12/site-packages/airflow/example_dags/example_xcom.py
[2025-10-03T00:05:52.512+0000] {processor.py:840} INFO - DAG(s) 'example_xcom' retrieved from /home/airflow/.local/lib/python3.12/site-packages/airflow/example_dags/example_xcom.py
[2025-10-03T00:05:52.564+0000] {logging_mixin.py:188} INFO - [2025-10-03T00:05:52.564+0000] {dag.py:3096} INFO - Sync 1 DAGs
[2025-10-03T00:05:52.611+0000] {logging_mixin.py:188} INFO - [2025-10-03T00:05:52.611+0000] {dag.py:3954} INFO - Setting next_dagrun for example_xcom to 2021-01-01 00:00:00+00:00, run_after=2021-01-01 00:00:00+00:00
[2025-10-03T00:05:52.656+0000] {processor.py:183} INFO - Processing /home/airflow/.local/lib/python3.12/site-packages/airflow/example_dags/example_xcom.py took 0.186 seconds
[2025-10-03T00:06:23.764+0000] {processor.py:161} INFO - Started process (PID=15079) to work on /home/airflow/.local/lib/python3.12/site-packages/airflow/example_dags/example_xcom.py
[2025-10-03T00:06:23.780+0000] {processor.py:830} INFO - Processing file /home/airflow/.local/lib/python3.12/site-packages/airflow/example_dags/example_xcom.py for tasks to queue
[2025-10-03T00:06:23.802+0000] {logging_mixin.py:188} INFO - [2025-10-03T00:06:23.800+0000] {dagbag.py:545} INFO - Filling up the DagBag from /home/airflow/.local/lib/python3.12/site-packages/airflow/example_dags/example_xcom.py
[2025-10-03T00:06:23.883+0000] {processor.py:840} INFO - DAG(s) 'example_xcom' retrieved from /home/airflow/.local/lib/python3.12/site-packages/airflow/example_dags/example_xcom.py
[2025-10-03T00:06:24.019+0000] {logging_mixin.py:188} INFO - [2025-10-03T00:06:24.018+0000] {dag.py:3096} INFO - Sync 1 DAGs
[2025-10-03T00:06:24.093+0000] {logging_mixin.py:188} INFO - [2025-10-03T00:06:24.092+0000] {dag.py:3954} INFO - Setting next_dagrun for example_xcom to 2021-01-01 00:00:00+00:00, run_after=2021-01-01 00:00:00+00:00
[2025-10-03T00:06:24.160+0000] {processor.py:183} INFO - Processing /home/airflow/.local/lib/python3.12/site-packages/airflow/example_dags/example_xcom.py took 0.451 seconds
[2025-10-03T00:06:54.501+0000] {processor.py:161} INFO - Started process (PID=15132) to work on /home/airflow/.local/lib/python3.12/site-packages/airflow/example_dags/example_xcom.py
[2025-10-03T00:06:54.503+0000] {processor.py:830} INFO - Processing file /home/airflow/.local/lib/python3.12/site-packages/airflow/example_dags/example_xcom.py for tasks to queue
[2025-10-03T00:06:54.506+0000] {logging_mixin.py:188} INFO - [2025-10-03T00:06:54.505+0000] {dagbag.py:545} INFO - Filling up the DagBag from /home/airflow/.local/lib/python3.12/site-packages/airflow/example_dags/example_xcom.py
[2025-10-03T00:06:54.536+0000] {processor.py:840} INFO - DAG(s) 'example_xcom' retrieved from /home/airflow/.local/lib/python3.12/site-packages/airflow/example_dags/example_xcom.py
[2025-10-03T00:06:54.604+0000] {logging_mixin.py:188} INFO - [2025-10-03T00:06:54.604+0000] {dag.py:3096} INFO - Sync 1 DAGs
[2025-10-03T00:06:54.674+0000] {logging_mixin.py:188} INFO - [2025-10-03T00:06:54.674+0000] {dag.py:3954} INFO - Setting next_dagrun for example_xcom to 2021-01-01 00:00:00+00:00, run_after=2021-01-01 00:00:00+00:00
[2025-10-03T00:06:54.725+0000] {processor.py:183} INFO - Processing /home/airflow/.local/lib/python3.12/site-packages/airflow/example_dags/example_xcom.py took 0.246 seconds
[2025-10-03T00:07:25.121+0000] {processor.py:161} INFO - Started process (PID=15185) to work on /home/airflow/.local/lib/python3.12/site-packages/airflow/example_dags/example_xcom.py
[2025-10-03T00:07:25.125+0000] {processor.py:830} INFO - Processing file /home/airflow/.local/lib/python3.12/site-packages/airflow/example_dags/example_xcom.py for tasks to queue
[2025-10-03T00:07:25.127+0000] {logging_mixin.py:188} INFO - [2025-10-03T00:07:25.126+0000] {dagbag.py:545} INFO - Filling up the DagBag from /home/airflow/.local/lib/python3.12/site-packages/airflow/example_dags/example_xcom.py
[2025-10-03T00:07:25.144+0000] {processor.py:840} INFO - DAG(s) 'example_xcom' retrieved from /home/airflow/.local/lib/python3.12/site-packages/airflow/example_dags/example_xcom.py
[2025-10-03T00:07:25.194+0000] {logging_mixin.py:188} INFO - [2025-10-03T00:07:25.194+0000] {dag.py:3096} INFO - Sync 1 DAGs
[2025-10-03T00:07:25.245+0000] {logging_mixin.py:188} INFO - [2025-10-03T00:07:25.245+0000] {dag.py:3954} INFO - Setting next_dagrun for example_xcom to 2021-01-01 00:00:00+00:00, run_after=2021-01-01 00:00:00+00:00
[2025-10-03T00:07:25.286+0000] {processor.py:183} INFO - Processing /home/airflow/.local/lib/python3.12/site-packages/airflow/example_dags/example_xcom.py took 0.180 seconds
[2025-10-03T00:07:55.845+0000] {processor.py:161} INFO - Started process (PID=15238) to work on /home/airflow/.local/lib/python3.12/site-packages/airflow/example_dags/example_xcom.py
[2025-10-03T00:07:55.848+0000] {processor.py:830} INFO - Processing file /home/airflow/.local/lib/python3.12/site-packages/airflow/example_dags/example_xcom.py for tasks to queue
[2025-10-03T00:07:55.852+0000] {logging_mixin.py:188} INFO - [2025-10-03T00:07:55.850+0000] {dagbag.py:545} INFO - Filling up the DagBag from /home/airflow/.local/lib/python3.12/site-packages/airflow/example_dags/example_xcom.py
[2025-10-03T00:07:55.889+0000] {processor.py:840} INFO - DAG(s) 'example_xcom' retrieved from /home/airflow/.local/lib/python3.12/site-packages/airflow/example_dags/example_xcom.py
[2025-10-03T00:07:55.944+0000] {logging_mixin.py:188} INFO - [2025-10-03T00:07:55.944+0000] {dag.py:3096} INFO - Sync 1 DAGs
[2025-10-03T00:07:55.992+0000] {logging_mixin.py:188} INFO - [2025-10-03T00:07:55.991+0000] {dag.py:3954} INFO - Setting next_dagrun for example_xcom to 2021-01-01 00:00:00+00:00, run_after=2021-01-01 00:00:00+00:00
[2025-10-03T00:07:56.035+0000] {processor.py:183} INFO - Processing /home/airflow/.local/lib/python3.12/site-packages/airflow/example_dags/example_xcom.py took 0.228 seconds
[2025-10-03T00:08:26.215+0000] {processor.py:161} INFO - Started process (PID=15291) to work on /home/airflow/.local/lib/python3.12/site-packages/airflow/example_dags/example_xcom.py
[2025-10-03T00:08:26.217+0000] {processor.py:830} INFO - Processing file /home/airflow/.local/lib/python3.12/site-packages/airflow/example_dags/example_xcom.py for tasks to queue
[2025-10-03T00:08:26.219+0000] {logging_mixin.py:188} INFO - [2025-10-03T00:08:26.218+0000] {dagbag.py:545} INFO - Filling up the DagBag from /home/airflow/.local/lib/python3.12/site-packages/airflow/example_dags/example_xcom.py
[2025-10-03T00:08:26.237+0000] {processor.py:840} INFO - DAG(s) 'example_xcom' retrieved from /home/airflow/.local/lib/python3.12/site-packages/airflow/example_dags/example_xcom.py
[2025-10-03T00:08:26.309+0000] {logging_mixin.py:188} INFO - [2025-10-03T00:08:26.308+0000] {dag.py:3096} INFO - Sync 1 DAGs
[2025-10-03T00:08:26.361+0000] {logging_mixin.py:188} INFO - [2025-10-03T00:08:26.361+0000] {dag.py:3954} INFO - Setting next_dagrun for example_xcom to 2021-01-01 00:00:00+00:00, run_after=2021-01-01 00:00:00+00:00
[2025-10-03T00:08:26.412+0000] {processor.py:183} INFO - Processing /home/airflow/.local/lib/python3.12/site-packages/airflow/example_dags/example_xcom.py took 0.213 seconds
[2025-10-03T00:08:56.719+0000] {processor.py:161} INFO - Started process (PID=15344) to work on /home/airflow/.local/lib/python3.12/site-packages/airflow/example_dags/example_xcom.py
[2025-10-03T00:08:56.722+0000] {processor.py:830} INFO - Processing file /home/airflow/.local/lib/python3.12/site-packages/airflow/example_dags/example_xcom.py for tasks to queue
[2025-10-03T00:08:56.724+0000] {logging_mixin.py:188} INFO - [2025-10-03T00:08:56.723+0000] {dagbag.py:545} INFO - Filling up the DagBag from /home/airflow/.local/lib/python3.12/site-packages/airflow/example_dags/example_xcom.py
[2025-10-03T00:08:56.742+0000] {processor.py:840} INFO - DAG(s) 'example_xcom' retrieved from /home/airflow/.local/lib/python3.12/site-packages/airflow/example_dags/example_xcom.py
[2025-10-03T00:08:56.796+0000] {logging_mixin.py:188} INFO - [2025-10-03T00:08:56.796+0000] {dag.py:3096} INFO - Sync 1 DAGs
[2025-10-03T00:08:56.850+0000] {logging_mixin.py:188} INFO - [2025-10-03T00:08:56.850+0000] {dag.py:3954} INFO - Setting next_dagrun for example_xcom to 2021-01-01 00:00:00+00:00, run_after=2021-01-01 00:00:00+00:00
[2025-10-03T00:08:56.898+0000] {processor.py:183} INFO - Processing /home/airflow/.local/lib/python3.12/site-packages/airflow/example_dags/example_xcom.py took 0.194 seconds
[2025-10-03T00:09:27.036+0000] {processor.py:161} INFO - Started process (PID=15396) to work on /home/airflow/.local/lib/python3.12/site-packages/airflow/example_dags/example_xcom.py
[2025-10-03T00:09:27.038+0000] {processor.py:830} INFO - Processing file /home/airflow/.local/lib/python3.12/site-packages/airflow/example_dags/example_xcom.py for tasks to queue
[2025-10-03T00:09:27.041+0000] {logging_mixin.py:188} INFO - [2025-10-03T00:09:27.040+0000] {dagbag.py:545} INFO - Filling up the DagBag from /home/airflow/.local/lib/python3.12/site-packages/airflow/example_dags/example_xcom.py
[2025-10-03T00:09:27.060+0000] {processor.py:840} INFO - DAG(s) 'example_xcom' retrieved from /home/airflow/.local/lib/python3.12/site-packages/airflow/example_dags/example_xcom.py
[2025-10-03T00:09:27.119+0000] {logging_mixin.py:188} INFO - [2025-10-03T00:09:27.119+0000] {dag.py:3096} INFO - Sync 1 DAGs
[2025-10-03T00:09:27.170+0000] {logging_mixin.py:188} INFO - [2025-10-03T00:09:27.169+0000] {dag.py:3954} INFO - Setting next_dagrun for example_xcom to 2021-01-01 00:00:00+00:00, run_after=2021-01-01 00:00:00+00:00
[2025-10-03T00:09:27.224+0000] {processor.py:183} INFO - Processing /home/airflow/.local/lib/python3.12/site-packages/airflow/example_dags/example_xcom.py took 0.208 seconds
[2025-10-03T00:09:57.773+0000] {processor.py:161} INFO - Started process (PID=15450) to work on /home/airflow/.local/lib/python3.12/site-packages/airflow/example_dags/example_xcom.py
[2025-10-03T00:09:57.776+0000] {processor.py:830} INFO - Processing file /home/airflow/.local/lib/python3.12/site-packages/airflow/example_dags/example_xcom.py for tasks to queue
[2025-10-03T00:09:57.778+0000] {logging_mixin.py:188} INFO - [2025-10-03T00:09:57.777+0000] {dagbag.py:545} INFO - Filling up the DagBag from /home/airflow/.local/lib/python3.12/site-packages/airflow/example_dags/example_xcom.py
[2025-10-03T00:09:57.795+0000] {processor.py:840} INFO - DAG(s) 'example_xcom' retrieved from /home/airflow/.local/lib/python3.12/site-packages/airflow/example_dags/example_xcom.py
[2025-10-03T00:09:57.849+0000] {logging_mixin.py:188} INFO - [2025-10-03T00:09:57.848+0000] {dag.py:3096} INFO - Sync 1 DAGs
[2025-10-03T00:09:57.899+0000] {logging_mixin.py:188} INFO - [2025-10-03T00:09:57.899+0000] {dag.py:3954} INFO - Setting next_dagrun for example_xcom to 2021-01-01 00:00:00+00:00, run_after=2021-01-01 00:00:00+00:00
[2025-10-03T00:09:57.940+0000] {processor.py:183} INFO - Processing /home/airflow/.local/lib/python3.12/site-packages/airflow/example_dags/example_xcom.py took 0.181 seconds
[2025-10-03T00:10:28.144+0000] {processor.py:161} INFO - Started process (PID=15503) to work on /home/airflow/.local/lib/python3.12/site-packages/airflow/example_dags/example_xcom.py
[2025-10-03T00:10:28.146+0000] {processor.py:830} INFO - Processing file /home/airflow/.local/lib/python3.12/site-packages/airflow/example_dags/example_xcom.py for tasks to queue
[2025-10-03T00:10:28.149+0000] {logging_mixin.py:188} INFO - [2025-10-03T00:10:28.148+0000] {dagbag.py:545} INFO - Filling up the DagBag from /home/airflow/.local/lib/python3.12/site-packages/airflow/example_dags/example_xcom.py
[2025-10-03T00:10:28.169+0000] {processor.py:840} INFO - DAG(s) 'example_xcom' retrieved from /home/airflow/.local/lib/python3.12/site-packages/airflow/example_dags/example_xcom.py
[2025-10-03T00:10:28.235+0000] {logging_mixin.py:188} INFO - [2025-10-03T00:10:28.234+0000] {dag.py:3096} INFO - Sync 1 DAGs
[2025-10-03T00:10:28.288+0000] {logging_mixin.py:188} INFO - [2025-10-03T00:10:28.287+0000] {dag.py:3954} INFO - Setting next_dagrun for example_xcom to 2021-01-01 00:00:00+00:00, run_after=2021-01-01 00:00:00+00:00
[2025-10-03T00:10:28.343+0000] {processor.py:183} INFO - Processing /home/airflow/.local/lib/python3.12/site-packages/airflow/example_dags/example_xcom.py took 0.214 seconds
[2025-10-03T00:10:59.104+0000] {processor.py:161} INFO - Started process (PID=15556) to work on /home/airflow/.local/lib/python3.12/site-packages/airflow/example_dags/example_xcom.py
[2025-10-03T00:10:59.114+0000] {processor.py:830} INFO - Processing file /home/airflow/.local/lib/python3.12/site-packages/airflow/example_dags/example_xcom.py for tasks to queue
[2025-10-03T00:10:59.125+0000] {logging_mixin.py:188} INFO - [2025-10-03T00:10:59.122+0000] {dagbag.py:545} INFO - Filling up the DagBag from /home/airflow/.local/lib/python3.12/site-packages/airflow/example_dags/example_xcom.py
[2025-10-03T00:10:59.220+0000] {processor.py:840} INFO - DAG(s) 'example_xcom' retrieved from /home/airflow/.local/lib/python3.12/site-packages/airflow/example_dags/example_xcom.py
[2025-10-03T00:10:59.468+0000] {logging_mixin.py:188} INFO - [2025-10-03T00:10:59.467+0000] {dag.py:3096} INFO - Sync 1 DAGs
[2025-10-03T00:10:59.618+0000] {logging_mixin.py:188} INFO - [2025-10-03T00:10:59.617+0000] {dag.py:3954} INFO - Setting next_dagrun for example_xcom to 2021-01-01 00:00:00+00:00, run_after=2021-01-01 00:00:00+00:00
[2025-10-03T00:10:59.736+0000] {processor.py:183} INFO - Processing /home/airflow/.local/lib/python3.12/site-packages/airflow/example_dags/example_xcom.py took 0.713 seconds
[2025-10-03T00:11:29.932+0000] {processor.py:161} INFO - Started process (PID=15608) to work on /home/airflow/.local/lib/python3.12/site-packages/airflow/example_dags/example_xcom.py
[2025-10-03T00:11:29.935+0000] {processor.py:830} INFO - Processing file /home/airflow/.local/lib/python3.12/site-packages/airflow/example_dags/example_xcom.py for tasks to queue
[2025-10-03T00:11:29.937+0000] {logging_mixin.py:188} INFO - [2025-10-03T00:11:29.936+0000] {dagbag.py:545} INFO - Filling up the DagBag from /home/airflow/.local/lib/python3.12/site-packages/airflow/example_dags/example_xcom.py
[2025-10-03T00:11:29.962+0000] {processor.py:840} INFO - DAG(s) 'example_xcom' retrieved from /home/airflow/.local/lib/python3.12/site-packages/airflow/example_dags/example_xcom.py
[2025-10-03T00:11:30.052+0000] {logging_mixin.py:188} INFO - [2025-10-03T00:11:30.051+0000] {dag.py:3096} INFO - Sync 1 DAGs
[2025-10-03T00:11:30.136+0000] {logging_mixin.py:188} INFO - [2025-10-03T00:11:30.136+0000] {dag.py:3954} INFO - Setting next_dagrun for example_xcom to 2021-01-01 00:00:00+00:00, run_after=2021-01-01 00:00:00+00:00
[2025-10-03T00:11:30.200+0000] {processor.py:183} INFO - Processing /home/airflow/.local/lib/python3.12/site-packages/airflow/example_dags/example_xcom.py took 0.286 seconds
[2025-10-03T00:12:00.643+0000] {processor.py:161} INFO - Started process (PID=15662) to work on /home/airflow/.local/lib/python3.12/site-packages/airflow/example_dags/example_xcom.py
[2025-10-03T00:12:00.647+0000] {processor.py:830} INFO - Processing file /home/airflow/.local/lib/python3.12/site-packages/airflow/example_dags/example_xcom.py for tasks to queue
[2025-10-03T00:12:00.650+0000] {logging_mixin.py:188} INFO - [2025-10-03T00:12:00.648+0000] {dagbag.py:545} INFO - Filling up the DagBag from /home/airflow/.local/lib/python3.12/site-packages/airflow/example_dags/example_xcom.py
[2025-10-03T00:12:00.689+0000] {processor.py:840} INFO - DAG(s) 'example_xcom' retrieved from /home/airflow/.local/lib/python3.12/site-packages/airflow/example_dags/example_xcom.py
[2025-10-03T00:12:00.816+0000] {logging_mixin.py:188} INFO - [2025-10-03T00:12:00.816+0000] {dag.py:3096} INFO - Sync 1 DAGs
[2025-10-03T00:12:00.973+0000] {logging_mixin.py:188} INFO - [2025-10-03T00:12:00.973+0000] {dag.py:3954} INFO - Setting next_dagrun for example_xcom to 2021-01-01 00:00:00+00:00, run_after=2021-01-01 00:00:00+00:00
[2025-10-03T00:12:01.035+0000] {processor.py:183} INFO - Processing /home/airflow/.local/lib/python3.12/site-packages/airflow/example_dags/example_xcom.py took 0.415 seconds
[2025-10-03T00:12:31.262+0000] {processor.py:161} INFO - Started process (PID=15713) to work on /home/airflow/.local/lib/python3.12/site-packages/airflow/example_dags/example_xcom.py
[2025-10-03T00:12:31.266+0000] {processor.py:830} INFO - Processing file /home/airflow/.local/lib/python3.12/site-packages/airflow/example_dags/example_xcom.py for tasks to queue
[2025-10-03T00:12:31.269+0000] {logging_mixin.py:188} INFO - [2025-10-03T00:12:31.268+0000] {dagbag.py:545} INFO - Filling up the DagBag from /home/airflow/.local/lib/python3.12/site-packages/airflow/example_dags/example_xcom.py
[2025-10-03T00:12:31.298+0000] {processor.py:840} INFO - DAG(s) 'example_xcom' retrieved from /home/airflow/.local/lib/python3.12/site-packages/airflow/example_dags/example_xcom.py
[2025-10-03T00:12:31.388+0000] {logging_mixin.py:188} INFO - [2025-10-03T00:12:31.387+0000] {dag.py:3096} INFO - Sync 1 DAGs
[2025-10-03T00:12:31.500+0000] {logging_mixin.py:188} INFO - [2025-10-03T00:12:31.498+0000] {dag.py:3954} INFO - Setting next_dagrun for example_xcom to 2021-01-01 00:00:00+00:00, run_after=2021-01-01 00:00:00+00:00
[2025-10-03T00:12:31.760+0000] {processor.py:183} INFO - Processing /home/airflow/.local/lib/python3.12/site-packages/airflow/example_dags/example_xcom.py took 0.520 seconds
[2025-10-03T00:13:02.021+0000] {processor.py:161} INFO - Started process (PID=15766) to work on /home/airflow/.local/lib/python3.12/site-packages/airflow/example_dags/example_xcom.py
[2025-10-03T00:13:02.023+0000] {processor.py:830} INFO - Processing file /home/airflow/.local/lib/python3.12/site-packages/airflow/example_dags/example_xcom.py for tasks to queue
[2025-10-03T00:13:02.026+0000] {logging_mixin.py:188} INFO - [2025-10-03T00:13:02.025+0000] {dagbag.py:545} INFO - Filling up the DagBag from /home/airflow/.local/lib/python3.12/site-packages/airflow/example_dags/example_xcom.py
[2025-10-03T00:13:02.046+0000] {processor.py:840} INFO - DAG(s) 'example_xcom' retrieved from /home/airflow/.local/lib/python3.12/site-packages/airflow/example_dags/example_xcom.py
[2025-10-03T00:13:02.104+0000] {logging_mixin.py:188} INFO - [2025-10-03T00:13:02.104+0000] {dag.py:3096} INFO - Sync 1 DAGs
[2025-10-03T00:13:02.151+0000] {logging_mixin.py:188} INFO - [2025-10-03T00:13:02.151+0000] {dag.py:3954} INFO - Setting next_dagrun for example_xcom to 2021-01-01 00:00:00+00:00, run_after=2021-01-01 00:00:00+00:00
[2025-10-03T00:13:02.201+0000] {processor.py:183} INFO - Processing /home/airflow/.local/lib/python3.12/site-packages/airflow/example_dags/example_xcom.py took 0.196 seconds
[2025-10-03T00:13:32.768+0000] {processor.py:161} INFO - Started process (PID=15819) to work on /home/airflow/.local/lib/python3.12/site-packages/airflow/example_dags/example_xcom.py
[2025-10-03T00:13:32.770+0000] {processor.py:830} INFO - Processing file /home/airflow/.local/lib/python3.12/site-packages/airflow/example_dags/example_xcom.py for tasks to queue
[2025-10-03T00:13:32.773+0000] {logging_mixin.py:188} INFO - [2025-10-03T00:13:32.772+0000] {dagbag.py:545} INFO - Filling up the DagBag from /home/airflow/.local/lib/python3.12/site-packages/airflow/example_dags/example_xcom.py
[2025-10-03T00:13:32.796+0000] {processor.py:840} INFO - DAG(s) 'example_xcom' retrieved from /home/airflow/.local/lib/python3.12/site-packages/airflow/example_dags/example_xcom.py
[2025-10-03T00:13:32.851+0000] {logging_mixin.py:188} INFO - [2025-10-03T00:13:32.850+0000] {dag.py:3096} INFO - Sync 1 DAGs
[2025-10-03T00:13:32.902+0000] {logging_mixin.py:188} INFO - [2025-10-03T00:13:32.901+0000] {dag.py:3954} INFO - Setting next_dagrun for example_xcom to 2021-01-01 00:00:00+00:00, run_after=2021-01-01 00:00:00+00:00
[2025-10-03T00:13:32.951+0000] {processor.py:183} INFO - Processing /home/airflow/.local/lib/python3.12/site-packages/airflow/example_dags/example_xcom.py took 0.198 seconds
[2025-10-03T00:14:03.472+0000] {processor.py:161} INFO - Started process (PID=15872) to work on /home/airflow/.local/lib/python3.12/site-packages/airflow/example_dags/example_xcom.py
[2025-10-03T00:14:03.475+0000] {processor.py:830} INFO - Processing file /home/airflow/.local/lib/python3.12/site-packages/airflow/example_dags/example_xcom.py for tasks to queue
[2025-10-03T00:14:03.477+0000] {logging_mixin.py:188} INFO - [2025-10-03T00:14:03.476+0000] {dagbag.py:545} INFO - Filling up the DagBag from /home/airflow/.local/lib/python3.12/site-packages/airflow/example_dags/example_xcom.py
[2025-10-03T00:14:03.504+0000] {processor.py:840} INFO - DAG(s) 'example_xcom' retrieved from /home/airflow/.local/lib/python3.12/site-packages/airflow/example_dags/example_xcom.py
[2025-10-03T00:14:03.580+0000] {logging_mixin.py:188} INFO - [2025-10-03T00:14:03.579+0000] {dag.py:3096} INFO - Sync 1 DAGs
[2025-10-03T00:14:03.694+0000] {logging_mixin.py:188} INFO - [2025-10-03T00:14:03.694+0000] {dag.py:3954} INFO - Setting next_dagrun for example_xcom to 2021-01-01 00:00:00+00:00, run_after=2021-01-01 00:00:00+00:00
[2025-10-03T00:14:03.806+0000] {processor.py:183} INFO - Processing /home/airflow/.local/lib/python3.12/site-packages/airflow/example_dags/example_xcom.py took 0.362 seconds
[2025-10-03T00:14:36.514+0000] {processor.py:161} INFO - Started process (PID=15926) to work on /home/airflow/.local/lib/python3.12/site-packages/airflow/example_dags/example_xcom.py
[2025-10-03T00:14:36.520+0000] {processor.py:830} INFO - Processing file /home/airflow/.local/lib/python3.12/site-packages/airflow/example_dags/example_xcom.py for tasks to queue
[2025-10-03T00:14:36.527+0000] {logging_mixin.py:188} INFO - [2025-10-03T00:14:36.525+0000] {dagbag.py:545} INFO - Filling up the DagBag from /home/airflow/.local/lib/python3.12/site-packages/airflow/example_dags/example_xcom.py
[2025-10-03T00:14:36.572+0000] {processor.py:840} INFO - DAG(s) 'example_xcom' retrieved from /home/airflow/.local/lib/python3.12/site-packages/airflow/example_dags/example_xcom.py
[2025-10-03T00:14:36.662+0000] {logging_mixin.py:188} INFO - [2025-10-03T00:14:36.661+0000] {dag.py:3096} INFO - Sync 1 DAGs
[2025-10-03T00:14:36.745+0000] {logging_mixin.py:188} INFO - [2025-10-03T00:14:36.745+0000] {dag.py:3954} INFO - Setting next_dagrun for example_xcom to 2021-01-01 00:00:00+00:00, run_after=2021-01-01 00:00:00+00:00
[2025-10-03T00:14:36.847+0000] {processor.py:183} INFO - Processing /home/airflow/.local/lib/python3.12/site-packages/airflow/example_dags/example_xcom.py took 0.375 seconds
[2025-10-03T00:15:07.184+0000] {processor.py:161} INFO - Started process (PID=15979) to work on /home/airflow/.local/lib/python3.12/site-packages/airflow/example_dags/example_xcom.py
[2025-10-03T00:15:07.187+0000] {processor.py:830} INFO - Processing file /home/airflow/.local/lib/python3.12/site-packages/airflow/example_dags/example_xcom.py for tasks to queue
[2025-10-03T00:15:07.191+0000] {logging_mixin.py:188} INFO - [2025-10-03T00:15:07.190+0000] {dagbag.py:545} INFO - Filling up the DagBag from /home/airflow/.local/lib/python3.12/site-packages/airflow/example_dags/example_xcom.py
[2025-10-03T00:15:07.221+0000] {processor.py:840} INFO - DAG(s) 'example_xcom' retrieved from /home/airflow/.local/lib/python3.12/site-packages/airflow/example_dags/example_xcom.py
[2025-10-03T00:15:07.298+0000] {logging_mixin.py:188} INFO - [2025-10-03T00:15:07.297+0000] {dag.py:3096} INFO - Sync 1 DAGs
[2025-10-03T00:15:07.363+0000] {logging_mixin.py:188} INFO - [2025-10-03T00:15:07.362+0000] {dag.py:3954} INFO - Setting next_dagrun for example_xcom to 2021-01-01 00:00:00+00:00, run_after=2021-01-01 00:00:00+00:00
[2025-10-03T00:15:07.407+0000] {processor.py:183} INFO - Processing /home/airflow/.local/lib/python3.12/site-packages/airflow/example_dags/example_xcom.py took 0.245 seconds
[2025-10-03T00:15:37.652+0000] {processor.py:161} INFO - Started process (PID=16032) to work on /home/airflow/.local/lib/python3.12/site-packages/airflow/example_dags/example_xcom.py
[2025-10-03T00:15:37.657+0000] {processor.py:830} INFO - Processing file /home/airflow/.local/lib/python3.12/site-packages/airflow/example_dags/example_xcom.py for tasks to queue
[2025-10-03T00:15:37.662+0000] {logging_mixin.py:188} INFO - [2025-10-03T00:15:37.660+0000] {dagbag.py:545} INFO - Filling up the DagBag from /home/airflow/.local/lib/python3.12/site-packages/airflow/example_dags/example_xcom.py
[2025-10-03T00:15:37.692+0000] {processor.py:840} INFO - DAG(s) 'example_xcom' retrieved from /home/airflow/.local/lib/python3.12/site-packages/airflow/example_dags/example_xcom.py
[2025-10-03T00:15:37.778+0000] {logging_mixin.py:188} INFO - [2025-10-03T00:15:37.778+0000] {dag.py:3096} INFO - Sync 1 DAGs
[2025-10-03T00:15:37.833+0000] {logging_mixin.py:188} INFO - [2025-10-03T00:15:37.833+0000] {dag.py:3954} INFO - Setting next_dagrun for example_xcom to 2021-01-01 00:00:00+00:00, run_after=2021-01-01 00:00:00+00:00
[2025-10-03T00:15:37.887+0000] {processor.py:183} INFO - Processing /home/airflow/.local/lib/python3.12/site-packages/airflow/example_dags/example_xcom.py took 0.265 seconds
[2025-10-03T00:16:08.542+0000] {processor.py:161} INFO - Started process (PID=16085) to work on /home/airflow/.local/lib/python3.12/site-packages/airflow/example_dags/example_xcom.py
[2025-10-03T00:16:08.544+0000] {processor.py:830} INFO - Processing file /home/airflow/.local/lib/python3.12/site-packages/airflow/example_dags/example_xcom.py for tasks to queue
[2025-10-03T00:16:08.547+0000] {logging_mixin.py:188} INFO - [2025-10-03T00:16:08.546+0000] {dagbag.py:545} INFO - Filling up the DagBag from /home/airflow/.local/lib/python3.12/site-packages/airflow/example_dags/example_xcom.py
[2025-10-03T00:16:08.575+0000] {processor.py:840} INFO - DAG(s) 'example_xcom' retrieved from /home/airflow/.local/lib/python3.12/site-packages/airflow/example_dags/example_xcom.py
[2025-10-03T00:16:08.632+0000] {logging_mixin.py:188} INFO - [2025-10-03T00:16:08.631+0000] {dag.py:3096} INFO - Sync 1 DAGs
[2025-10-03T00:16:08.688+0000] {logging_mixin.py:188} INFO - [2025-10-03T00:16:08.687+0000] {dag.py:3954} INFO - Setting next_dagrun for example_xcom to 2021-01-01 00:00:00+00:00, run_after=2021-01-01 00:00:00+00:00
[2025-10-03T00:16:08.753+0000] {processor.py:183} INFO - Processing /home/airflow/.local/lib/python3.12/site-packages/airflow/example_dags/example_xcom.py took 0.236 seconds
[2025-10-03T00:16:38.924+0000] {processor.py:161} INFO - Started process (PID=16138) to work on /home/airflow/.local/lib/python3.12/site-packages/airflow/example_dags/example_xcom.py
[2025-10-03T00:16:38.927+0000] {processor.py:830} INFO - Processing file /home/airflow/.local/lib/python3.12/site-packages/airflow/example_dags/example_xcom.py for tasks to queue
[2025-10-03T00:16:38.930+0000] {logging_mixin.py:188} INFO - [2025-10-03T00:16:38.929+0000] {dagbag.py:545} INFO - Filling up the DagBag from /home/airflow/.local/lib/python3.12/site-packages/airflow/example_dags/example_xcom.py
[2025-10-03T00:16:38.948+0000] {processor.py:840} INFO - DAG(s) 'example_xcom' retrieved from /home/airflow/.local/lib/python3.12/site-packages/airflow/example_dags/example_xcom.py
[2025-10-03T00:16:39.011+0000] {logging_mixin.py:188} INFO - [2025-10-03T00:16:39.010+0000] {dag.py:3096} INFO - Sync 1 DAGs
[2025-10-03T00:16:39.073+0000] {logging_mixin.py:188} INFO - [2025-10-03T00:16:39.072+0000] {dag.py:3954} INFO - Setting next_dagrun for example_xcom to 2021-01-01 00:00:00+00:00, run_after=2021-01-01 00:00:00+00:00
[2025-10-03T00:16:39.126+0000] {processor.py:183} INFO - Processing /home/airflow/.local/lib/python3.12/site-packages/airflow/example_dags/example_xcom.py took 0.219 seconds
[2025-10-03T00:17:09.375+0000] {processor.py:161} INFO - Started process (PID=16191) to work on /home/airflow/.local/lib/python3.12/site-packages/airflow/example_dags/example_xcom.py
[2025-10-03T00:17:09.378+0000] {processor.py:830} INFO - Processing file /home/airflow/.local/lib/python3.12/site-packages/airflow/example_dags/example_xcom.py for tasks to queue
[2025-10-03T00:17:09.382+0000] {logging_mixin.py:188} INFO - [2025-10-03T00:17:09.380+0000] {dagbag.py:545} INFO - Filling up the DagBag from /home/airflow/.local/lib/python3.12/site-packages/airflow/example_dags/example_xcom.py
[2025-10-03T00:17:09.408+0000] {processor.py:840} INFO - DAG(s) 'example_xcom' retrieved from /home/airflow/.local/lib/python3.12/site-packages/airflow/example_dags/example_xcom.py
[2025-10-03T00:17:09.455+0000] {logging_mixin.py:188} INFO - [2025-10-03T00:17:09.455+0000] {dag.py:3096} INFO - Sync 1 DAGs
[2025-10-03T00:17:09.505+0000] {logging_mixin.py:188} INFO - [2025-10-03T00:17:09.504+0000] {dag.py:3954} INFO - Setting next_dagrun for example_xcom to 2021-01-01 00:00:00+00:00, run_after=2021-01-01 00:00:00+00:00
[2025-10-03T00:17:09.548+0000] {processor.py:183} INFO - Processing /home/airflow/.local/lib/python3.12/site-packages/airflow/example_dags/example_xcom.py took 0.203 seconds
[2025-10-03T00:17:39.828+0000] {processor.py:161} INFO - Started process (PID=16244) to work on /home/airflow/.local/lib/python3.12/site-packages/airflow/example_dags/example_xcom.py
[2025-10-03T00:17:39.831+0000] {processor.py:830} INFO - Processing file /home/airflow/.local/lib/python3.12/site-packages/airflow/example_dags/example_xcom.py for tasks to queue
[2025-10-03T00:17:39.833+0000] {logging_mixin.py:188} INFO - [2025-10-03T00:17:39.832+0000] {dagbag.py:545} INFO - Filling up the DagBag from /home/airflow/.local/lib/python3.12/site-packages/airflow/example_dags/example_xcom.py
[2025-10-03T00:17:39.851+0000] {processor.py:840} INFO - DAG(s) 'example_xcom' retrieved from /home/airflow/.local/lib/python3.12/site-packages/airflow/example_dags/example_xcom.py
[2025-10-03T00:17:39.899+0000] {logging_mixin.py:188} INFO - [2025-10-03T00:17:39.898+0000] {dag.py:3096} INFO - Sync 1 DAGs
[2025-10-03T00:17:39.946+0000] {logging_mixin.py:188} INFO - [2025-10-03T00:17:39.946+0000] {dag.py:3954} INFO - Setting next_dagrun for example_xcom to 2021-01-01 00:00:00+00:00, run_after=2021-01-01 00:00:00+00:00
[2025-10-03T00:17:39.991+0000] {processor.py:183} INFO - Processing /home/airflow/.local/lib/python3.12/site-packages/airflow/example_dags/example_xcom.py took 0.182 seconds
[2025-10-03T00:18:10.206+0000] {processor.py:161} INFO - Started process (PID=16297) to work on /home/airflow/.local/lib/python3.12/site-packages/airflow/example_dags/example_xcom.py
[2025-10-03T00:18:10.211+0000] {processor.py:830} INFO - Processing file /home/airflow/.local/lib/python3.12/site-packages/airflow/example_dags/example_xcom.py for tasks to queue
[2025-10-03T00:18:10.217+0000] {logging_mixin.py:188} INFO - [2025-10-03T00:18:10.215+0000] {dagbag.py:545} INFO - Filling up the DagBag from /home/airflow/.local/lib/python3.12/site-packages/airflow/example_dags/example_xcom.py
[2025-10-03T00:18:10.245+0000] {processor.py:840} INFO - DAG(s) 'example_xcom' retrieved from /home/airflow/.local/lib/python3.12/site-packages/airflow/example_dags/example_xcom.py
[2025-10-03T00:18:10.398+0000] {logging_mixin.py:188} INFO - [2025-10-03T00:18:10.397+0000] {dag.py:3096} INFO - Sync 1 DAGs
[2025-10-03T00:18:10.485+0000] {logging_mixin.py:188} INFO - [2025-10-03T00:18:10.484+0000] {dag.py:3954} INFO - Setting next_dagrun for example_xcom to 2021-01-01 00:00:00+00:00, run_after=2021-01-01 00:00:00+00:00
[2025-10-03T00:18:10.560+0000] {processor.py:183} INFO - Processing /home/airflow/.local/lib/python3.12/site-packages/airflow/example_dags/example_xcom.py took 0.381 seconds
[2025-10-03T00:18:40.929+0000] {processor.py:161} INFO - Started process (PID=16350) to work on /home/airflow/.local/lib/python3.12/site-packages/airflow/example_dags/example_xcom.py
[2025-10-03T00:18:40.932+0000] {processor.py:830} INFO - Processing file /home/airflow/.local/lib/python3.12/site-packages/airflow/example_dags/example_xcom.py for tasks to queue
[2025-10-03T00:18:40.935+0000] {logging_mixin.py:188} INFO - [2025-10-03T00:18:40.934+0000] {dagbag.py:545} INFO - Filling up the DagBag from /home/airflow/.local/lib/python3.12/site-packages/airflow/example_dags/example_xcom.py
[2025-10-03T00:18:40.962+0000] {processor.py:840} INFO - DAG(s) 'example_xcom' retrieved from /home/airflow/.local/lib/python3.12/site-packages/airflow/example_dags/example_xcom.py
[2025-10-03T00:18:41.030+0000] {logging_mixin.py:188} INFO - [2025-10-03T00:18:41.029+0000] {dag.py:3096} INFO - Sync 1 DAGs
[2025-10-03T00:18:41.092+0000] {logging_mixin.py:188} INFO - [2025-10-03T00:18:41.091+0000] {dag.py:3954} INFO - Setting next_dagrun for example_xcom to 2021-01-01 00:00:00+00:00, run_after=2021-01-01 00:00:00+00:00
[2025-10-03T00:18:41.132+0000] {processor.py:183} INFO - Processing /home/airflow/.local/lib/python3.12/site-packages/airflow/example_dags/example_xcom.py took 0.225 seconds
[2025-10-03T00:19:11.731+0000] {processor.py:161} INFO - Started process (PID=16403) to work on /home/airflow/.local/lib/python3.12/site-packages/airflow/example_dags/example_xcom.py
[2025-10-03T00:19:11.734+0000] {processor.py:830} INFO - Processing file /home/airflow/.local/lib/python3.12/site-packages/airflow/example_dags/example_xcom.py for tasks to queue
[2025-10-03T00:19:11.736+0000] {logging_mixin.py:188} INFO - [2025-10-03T00:19:11.735+0000] {dagbag.py:545} INFO - Filling up the DagBag from /home/airflow/.local/lib/python3.12/site-packages/airflow/example_dags/example_xcom.py
[2025-10-03T00:19:11.755+0000] {processor.py:840} INFO - DAG(s) 'example_xcom' retrieved from /home/airflow/.local/lib/python3.12/site-packages/airflow/example_dags/example_xcom.py
[2025-10-03T00:19:11.809+0000] {logging_mixin.py:188} INFO - [2025-10-03T00:19:11.809+0000] {dag.py:3096} INFO - Sync 1 DAGs
[2025-10-03T00:19:11.857+0000] {logging_mixin.py:188} INFO - [2025-10-03T00:19:11.856+0000] {dag.py:3954} INFO - Setting next_dagrun for example_xcom to 2021-01-01 00:00:00+00:00, run_after=2021-01-01 00:00:00+00:00
[2025-10-03T00:19:11.900+0000] {processor.py:183} INFO - Processing /home/airflow/.local/lib/python3.12/site-packages/airflow/example_dags/example_xcom.py took 0.186 seconds
[2025-10-03T00:19:42.601+0000] {processor.py:161} INFO - Started process (PID=16456) to work on /home/airflow/.local/lib/python3.12/site-packages/airflow/example_dags/example_xcom.py
[2025-10-03T00:19:42.604+0000] {processor.py:830} INFO - Processing file /home/airflow/.local/lib/python3.12/site-packages/airflow/example_dags/example_xcom.py for tasks to queue
[2025-10-03T00:19:42.606+0000] {logging_mixin.py:188} INFO - [2025-10-03T00:19:42.605+0000] {dagbag.py:545} INFO - Filling up the DagBag from /home/airflow/.local/lib/python3.12/site-packages/airflow/example_dags/example_xcom.py
[2025-10-03T00:19:42.625+0000] {processor.py:840} INFO - DAG(s) 'example_xcom' retrieved from /home/airflow/.local/lib/python3.12/site-packages/airflow/example_dags/example_xcom.py
[2025-10-03T00:19:42.674+0000] {logging_mixin.py:188} INFO - [2025-10-03T00:19:42.673+0000] {dag.py:3096} INFO - Sync 1 DAGs
[2025-10-03T00:19:42.722+0000] {logging_mixin.py:188} INFO - [2025-10-03T00:19:42.722+0000] {dag.py:3954} INFO - Setting next_dagrun for example_xcom to 2021-01-01 00:00:00+00:00, run_after=2021-01-01 00:00:00+00:00
[2025-10-03T00:19:42.760+0000] {processor.py:183} INFO - Processing /home/airflow/.local/lib/python3.12/site-packages/airflow/example_dags/example_xcom.py took 0.173 seconds
[2025-10-03T00:20:13.378+0000] {processor.py:161} INFO - Started process (PID=16509) to work on /home/airflow/.local/lib/python3.12/site-packages/airflow/example_dags/example_xcom.py
[2025-10-03T00:20:13.380+0000] {processor.py:830} INFO - Processing file /home/airflow/.local/lib/python3.12/site-packages/airflow/example_dags/example_xcom.py for tasks to queue
[2025-10-03T00:20:13.382+0000] {logging_mixin.py:188} INFO - [2025-10-03T00:20:13.382+0000] {dagbag.py:545} INFO - Filling up the DagBag from /home/airflow/.local/lib/python3.12/site-packages/airflow/example_dags/example_xcom.py
[2025-10-03T00:20:13.400+0000] {processor.py:840} INFO - DAG(s) 'example_xcom' retrieved from /home/airflow/.local/lib/python3.12/site-packages/airflow/example_dags/example_xcom.py
[2025-10-03T00:20:13.456+0000] {logging_mixin.py:188} INFO - [2025-10-03T00:20:13.455+0000] {dag.py:3096} INFO - Sync 1 DAGs
[2025-10-03T00:20:13.518+0000] {logging_mixin.py:188} INFO - [2025-10-03T00:20:13.518+0000] {dag.py:3954} INFO - Setting next_dagrun for example_xcom to 2021-01-01 00:00:00+00:00, run_after=2021-01-01 00:00:00+00:00
[2025-10-03T00:20:13.560+0000] {processor.py:183} INFO - Processing /home/airflow/.local/lib/python3.12/site-packages/airflow/example_dags/example_xcom.py took 0.197 seconds
[2025-10-03T00:20:44.057+0000] {processor.py:161} INFO - Started process (PID=16562) to work on /home/airflow/.local/lib/python3.12/site-packages/airflow/example_dags/example_xcom.py
[2025-10-03T00:20:44.059+0000] {processor.py:830} INFO - Processing file /home/airflow/.local/lib/python3.12/site-packages/airflow/example_dags/example_xcom.py for tasks to queue
[2025-10-03T00:20:44.062+0000] {logging_mixin.py:188} INFO - [2025-10-03T00:20:44.060+0000] {dagbag.py:545} INFO - Filling up the DagBag from /home/airflow/.local/lib/python3.12/site-packages/airflow/example_dags/example_xcom.py
[2025-10-03T00:20:44.086+0000] {processor.py:840} INFO - DAG(s) 'example_xcom' retrieved from /home/airflow/.local/lib/python3.12/site-packages/airflow/example_dags/example_xcom.py
[2025-10-03T00:20:44.137+0000] {logging_mixin.py:188} INFO - [2025-10-03T00:20:44.137+0000] {dag.py:3096} INFO - Sync 1 DAGs
[2025-10-03T00:20:44.189+0000] {logging_mixin.py:188} INFO - [2025-10-03T00:20:44.189+0000] {dag.py:3954} INFO - Setting next_dagrun for example_xcom to 2021-01-01 00:00:00+00:00, run_after=2021-01-01 00:00:00+00:00
[2025-10-03T00:20:44.243+0000] {processor.py:183} INFO - Processing /home/airflow/.local/lib/python3.12/site-packages/airflow/example_dags/example_xcom.py took 0.202 seconds
[2025-10-03T00:21:14.987+0000] {processor.py:161} INFO - Started process (PID=16615) to work on /home/airflow/.local/lib/python3.12/site-packages/airflow/example_dags/example_xcom.py
[2025-10-03T00:21:14.989+0000] {processor.py:830} INFO - Processing file /home/airflow/.local/lib/python3.12/site-packages/airflow/example_dags/example_xcom.py for tasks to queue
[2025-10-03T00:21:14.991+0000] {logging_mixin.py:188} INFO - [2025-10-03T00:21:14.991+0000] {dagbag.py:545} INFO - Filling up the DagBag from /home/airflow/.local/lib/python3.12/site-packages/airflow/example_dags/example_xcom.py
[2025-10-03T00:21:15.012+0000] {processor.py:840} INFO - DAG(s) 'example_xcom' retrieved from /home/airflow/.local/lib/python3.12/site-packages/airflow/example_dags/example_xcom.py
[2025-10-03T00:21:15.086+0000] {logging_mixin.py:188} INFO - [2025-10-03T00:21:15.086+0000] {dag.py:3096} INFO - Sync 1 DAGs
[2025-10-03T00:21:15.151+0000] {logging_mixin.py:188} INFO - [2025-10-03T00:21:15.150+0000] {dag.py:3954} INFO - Setting next_dagrun for example_xcom to 2021-01-01 00:00:00+00:00, run_after=2021-01-01 00:00:00+00:00
[2025-10-03T00:21:15.197+0000] {processor.py:183} INFO - Processing /home/airflow/.local/lib/python3.12/site-packages/airflow/example_dags/example_xcom.py took 0.232 seconds
[2025-10-03T00:21:45.490+0000] {processor.py:161} INFO - Started process (PID=16668) to work on /home/airflow/.local/lib/python3.12/site-packages/airflow/example_dags/example_xcom.py
[2025-10-03T00:21:45.492+0000] {processor.py:830} INFO - Processing file /home/airflow/.local/lib/python3.12/site-packages/airflow/example_dags/example_xcom.py for tasks to queue
[2025-10-03T00:21:45.495+0000] {logging_mixin.py:188} INFO - [2025-10-03T00:21:45.494+0000] {dagbag.py:545} INFO - Filling up the DagBag from /home/airflow/.local/lib/python3.12/site-packages/airflow/example_dags/example_xcom.py
[2025-10-03T00:21:45.522+0000] {processor.py:840} INFO - DAG(s) 'example_xcom' retrieved from /home/airflow/.local/lib/python3.12/site-packages/airflow/example_dags/example_xcom.py
[2025-10-03T00:21:45.589+0000] {logging_mixin.py:188} INFO - [2025-10-03T00:21:45.589+0000] {dag.py:3096} INFO - Sync 1 DAGs
[2025-10-03T00:21:45.645+0000] {logging_mixin.py:188} INFO - [2025-10-03T00:21:45.644+0000] {dag.py:3954} INFO - Setting next_dagrun for example_xcom to 2021-01-01 00:00:00+00:00, run_after=2021-01-01 00:00:00+00:00
[2025-10-03T00:21:45.696+0000] {processor.py:183} INFO - Processing /home/airflow/.local/lib/python3.12/site-packages/airflow/example_dags/example_xcom.py took 0.223 seconds
[2025-10-03T00:22:16.730+0000] {processor.py:161} INFO - Started process (PID=16721) to work on /home/airflow/.local/lib/python3.12/site-packages/airflow/example_dags/example_xcom.py
[2025-10-03T00:22:16.738+0000] {processor.py:830} INFO - Processing file /home/airflow/.local/lib/python3.12/site-packages/airflow/example_dags/example_xcom.py for tasks to queue
[2025-10-03T00:22:16.741+0000] {logging_mixin.py:188} INFO - [2025-10-03T00:22:16.740+0000] {dagbag.py:545} INFO - Filling up the DagBag from /home/airflow/.local/lib/python3.12/site-packages/airflow/example_dags/example_xcom.py
[2025-10-03T00:22:16.762+0000] {processor.py:840} INFO - DAG(s) 'example_xcom' retrieved from /home/airflow/.local/lib/python3.12/site-packages/airflow/example_dags/example_xcom.py
[2025-10-03T00:22:16.822+0000] {logging_mixin.py:188} INFO - [2025-10-03T00:22:16.822+0000] {dag.py:3096} INFO - Sync 1 DAGs
[2025-10-03T00:22:16.875+0000] {logging_mixin.py:188} INFO - [2025-10-03T00:22:16.875+0000] {dag.py:3954} INFO - Setting next_dagrun for example_xcom to 2021-01-01 00:00:00+00:00, run_after=2021-01-01 00:00:00+00:00
[2025-10-03T00:22:16.955+0000] {processor.py:183} INFO - Processing /home/airflow/.local/lib/python3.12/site-packages/airflow/example_dags/example_xcom.py took 0.249 seconds
[2025-10-03T00:22:48.645+0000] {processor.py:161} INFO - Started process (PID=16775) to work on /home/airflow/.local/lib/python3.12/site-packages/airflow/example_dags/example_xcom.py
[2025-10-03T00:22:48.648+0000] {processor.py:830} INFO - Processing file /home/airflow/.local/lib/python3.12/site-packages/airflow/example_dags/example_xcom.py for tasks to queue
[2025-10-03T00:22:48.652+0000] {logging_mixin.py:188} INFO - [2025-10-03T00:22:48.651+0000] {dagbag.py:545} INFO - Filling up the DagBag from /home/airflow/.local/lib/python3.12/site-packages/airflow/example_dags/example_xcom.py
[2025-10-03T00:22:48.674+0000] {processor.py:840} INFO - DAG(s) 'example_xcom' retrieved from /home/airflow/.local/lib/python3.12/site-packages/airflow/example_dags/example_xcom.py
[2025-10-03T00:22:48.739+0000] {logging_mixin.py:188} INFO - [2025-10-03T00:22:48.739+0000] {dag.py:3096} INFO - Sync 1 DAGs
[2025-10-03T00:22:48.796+0000] {logging_mixin.py:188} INFO - [2025-10-03T00:22:48.795+0000] {dag.py:3954} INFO - Setting next_dagrun for example_xcom to 2021-01-01 00:00:00+00:00, run_after=2021-01-01 00:00:00+00:00
[2025-10-03T00:22:48.848+0000] {processor.py:183} INFO - Processing /home/airflow/.local/lib/python3.12/site-packages/airflow/example_dags/example_xcom.py took 0.224 seconds
[2025-10-03T00:23:19.154+0000] {processor.py:161} INFO - Started process (PID=16828) to work on /home/airflow/.local/lib/python3.12/site-packages/airflow/example_dags/example_xcom.py
[2025-10-03T00:23:19.157+0000] {processor.py:830} INFO - Processing file /home/airflow/.local/lib/python3.12/site-packages/airflow/example_dags/example_xcom.py for tasks to queue
[2025-10-03T00:23:19.159+0000] {logging_mixin.py:188} INFO - [2025-10-03T00:23:19.159+0000] {dagbag.py:545} INFO - Filling up the DagBag from /home/airflow/.local/lib/python3.12/site-packages/airflow/example_dags/example_xcom.py
[2025-10-03T00:23:19.178+0000] {processor.py:840} INFO - DAG(s) 'example_xcom' retrieved from /home/airflow/.local/lib/python3.12/site-packages/airflow/example_dags/example_xcom.py
[2025-10-03T00:23:19.240+0000] {logging_mixin.py:188} INFO - [2025-10-03T00:23:19.240+0000] {dag.py:3096} INFO - Sync 1 DAGs
[2025-10-03T00:23:19.285+0000] {logging_mixin.py:188} INFO - [2025-10-03T00:23:19.284+0000] {dag.py:3954} INFO - Setting next_dagrun for example_xcom to 2021-01-01 00:00:00+00:00, run_after=2021-01-01 00:00:00+00:00
[2025-10-03T00:23:19.324+0000] {processor.py:183} INFO - Processing /home/airflow/.local/lib/python3.12/site-packages/airflow/example_dags/example_xcom.py took 0.187 seconds
[2025-10-03T00:23:49.703+0000] {processor.py:161} INFO - Started process (PID=16881) to work on /home/airflow/.local/lib/python3.12/site-packages/airflow/example_dags/example_xcom.py
[2025-10-03T00:23:49.706+0000] {processor.py:830} INFO - Processing file /home/airflow/.local/lib/python3.12/site-packages/airflow/example_dags/example_xcom.py for tasks to queue
[2025-10-03T00:23:49.710+0000] {logging_mixin.py:188} INFO - [2025-10-03T00:23:49.708+0000] {dagbag.py:545} INFO - Filling up the DagBag from /home/airflow/.local/lib/python3.12/site-packages/airflow/example_dags/example_xcom.py
[2025-10-03T00:23:49.732+0000] {processor.py:840} INFO - DAG(s) 'example_xcom' retrieved from /home/airflow/.local/lib/python3.12/site-packages/airflow/example_dags/example_xcom.py
[2025-10-03T00:23:49.794+0000] {logging_mixin.py:188} INFO - [2025-10-03T00:23:49.793+0000] {dag.py:3096} INFO - Sync 1 DAGs
[2025-10-03T00:23:49.862+0000] {logging_mixin.py:188} INFO - [2025-10-03T00:23:49.861+0000] {dag.py:3954} INFO - Setting next_dagrun for example_xcom to 2021-01-01 00:00:00+00:00, run_after=2021-01-01 00:00:00+00:00
[2025-10-03T00:23:49.913+0000] {processor.py:183} INFO - Processing /home/airflow/.local/lib/python3.12/site-packages/airflow/example_dags/example_xcom.py took 0.227 seconds
[2025-10-03T00:24:20.126+0000] {processor.py:161} INFO - Started process (PID=16934) to work on /home/airflow/.local/lib/python3.12/site-packages/airflow/example_dags/example_xcom.py
[2025-10-03T00:24:20.129+0000] {processor.py:830} INFO - Processing file /home/airflow/.local/lib/python3.12/site-packages/airflow/example_dags/example_xcom.py for tasks to queue
[2025-10-03T00:24:20.131+0000] {logging_mixin.py:188} INFO - [2025-10-03T00:24:20.130+0000] {dagbag.py:545} INFO - Filling up the DagBag from /home/airflow/.local/lib/python3.12/site-packages/airflow/example_dags/example_xcom.py
[2025-10-03T00:24:20.149+0000] {processor.py:840} INFO - DAG(s) 'example_xcom' retrieved from /home/airflow/.local/lib/python3.12/site-packages/airflow/example_dags/example_xcom.py
[2025-10-03T00:24:20.197+0000] {logging_mixin.py:188} INFO - [2025-10-03T00:24:20.197+0000] {dag.py:3096} INFO - Sync 1 DAGs
[2025-10-03T00:24:20.245+0000] {logging_mixin.py:188} INFO - [2025-10-03T00:24:20.245+0000] {dag.py:3954} INFO - Setting next_dagrun for example_xcom to 2021-01-01 00:00:00+00:00, run_after=2021-01-01 00:00:00+00:00
[2025-10-03T00:24:20.290+0000] {processor.py:183} INFO - Processing /home/airflow/.local/lib/python3.12/site-packages/airflow/example_dags/example_xcom.py took 0.177 seconds
[2025-10-03T00:24:50.714+0000] {processor.py:161} INFO - Started process (PID=16987) to work on /home/airflow/.local/lib/python3.12/site-packages/airflow/example_dags/example_xcom.py
[2025-10-03T00:24:50.717+0000] {processor.py:830} INFO - Processing file /home/airflow/.local/lib/python3.12/site-packages/airflow/example_dags/example_xcom.py for tasks to queue
[2025-10-03T00:24:50.721+0000] {logging_mixin.py:188} INFO - [2025-10-03T00:24:50.720+0000] {dagbag.py:545} INFO - Filling up the DagBag from /home/airflow/.local/lib/python3.12/site-packages/airflow/example_dags/example_xcom.py
[2025-10-03T00:24:50.751+0000] {processor.py:840} INFO - DAG(s) 'example_xcom' retrieved from /home/airflow/.local/lib/python3.12/site-packages/airflow/example_dags/example_xcom.py
[2025-10-03T00:24:50.819+0000] {logging_mixin.py:188} INFO - [2025-10-03T00:24:50.817+0000] {dag.py:3096} INFO - Sync 1 DAGs
[2025-10-03T00:24:50.906+0000] {logging_mixin.py:188} INFO - [2025-10-03T00:24:50.906+0000] {dag.py:3954} INFO - Setting next_dagrun for example_xcom to 2021-01-01 00:00:00+00:00, run_after=2021-01-01 00:00:00+00:00
[2025-10-03T00:24:50.952+0000] {processor.py:183} INFO - Processing /home/airflow/.local/lib/python3.12/site-packages/airflow/example_dags/example_xcom.py took 0.252 seconds
[2025-10-03T00:25:21.400+0000] {processor.py:161} INFO - Started process (PID=17040) to work on /home/airflow/.local/lib/python3.12/site-packages/airflow/example_dags/example_xcom.py
[2025-10-03T00:25:21.403+0000] {processor.py:830} INFO - Processing file /home/airflow/.local/lib/python3.12/site-packages/airflow/example_dags/example_xcom.py for tasks to queue
[2025-10-03T00:25:21.405+0000] {logging_mixin.py:188} INFO - [2025-10-03T00:25:21.404+0000] {dagbag.py:545} INFO - Filling up the DagBag from /home/airflow/.local/lib/python3.12/site-packages/airflow/example_dags/example_xcom.py
[2025-10-03T00:25:21.422+0000] {processor.py:840} INFO - DAG(s) 'example_xcom' retrieved from /home/airflow/.local/lib/python3.12/site-packages/airflow/example_dags/example_xcom.py
[2025-10-03T00:25:21.481+0000] {logging_mixin.py:188} INFO - [2025-10-03T00:25:21.480+0000] {dag.py:3096} INFO - Sync 1 DAGs
[2025-10-03T00:25:21.528+0000] {logging_mixin.py:188} INFO - [2025-10-03T00:25:21.528+0000] {dag.py:3954} INFO - Setting next_dagrun for example_xcom to 2021-01-01 00:00:00+00:00, run_after=2021-01-01 00:00:00+00:00
[2025-10-03T00:25:21.580+0000] {processor.py:183} INFO - Processing /home/airflow/.local/lib/python3.12/site-packages/airflow/example_dags/example_xcom.py took 0.194 seconds
[2025-10-03T00:25:52.196+0000] {processor.py:161} INFO - Started process (PID=17093) to work on /home/airflow/.local/lib/python3.12/site-packages/airflow/example_dags/example_xcom.py
[2025-10-03T00:25:52.199+0000] {processor.py:830} INFO - Processing file /home/airflow/.local/lib/python3.12/site-packages/airflow/example_dags/example_xcom.py for tasks to queue
[2025-10-03T00:25:52.203+0000] {logging_mixin.py:188} INFO - [2025-10-03T00:25:52.202+0000] {dagbag.py:545} INFO - Filling up the DagBag from /home/airflow/.local/lib/python3.12/site-packages/airflow/example_dags/example_xcom.py
[2025-10-03T00:25:52.224+0000] {processor.py:840} INFO - DAG(s) 'example_xcom' retrieved from /home/airflow/.local/lib/python3.12/site-packages/airflow/example_dags/example_xcom.py
[2025-10-03T00:25:52.290+0000] {logging_mixin.py:188} INFO - [2025-10-03T00:25:52.289+0000] {dag.py:3096} INFO - Sync 1 DAGs
[2025-10-03T00:25:52.355+0000] {logging_mixin.py:188} INFO - [2025-10-03T00:25:52.355+0000] {dag.py:3954} INFO - Setting next_dagrun for example_xcom to 2021-01-01 00:00:00+00:00, run_after=2021-01-01 00:00:00+00:00
[2025-10-03T00:25:52.411+0000] {processor.py:183} INFO - Processing /home/airflow/.local/lib/python3.12/site-packages/airflow/example_dags/example_xcom.py took 0.230 seconds
[2025-10-03T00:26:22.921+0000] {processor.py:161} INFO - Started process (PID=17146) to work on /home/airflow/.local/lib/python3.12/site-packages/airflow/example_dags/example_xcom.py
[2025-10-03T00:26:22.923+0000] {processor.py:830} INFO - Processing file /home/airflow/.local/lib/python3.12/site-packages/airflow/example_dags/example_xcom.py for tasks to queue
[2025-10-03T00:26:22.926+0000] {logging_mixin.py:188} INFO - [2025-10-03T00:26:22.925+0000] {dagbag.py:545} INFO - Filling up the DagBag from /home/airflow/.local/lib/python3.12/site-packages/airflow/example_dags/example_xcom.py
[2025-10-03T00:26:22.947+0000] {processor.py:840} INFO - DAG(s) 'example_xcom' retrieved from /home/airflow/.local/lib/python3.12/site-packages/airflow/example_dags/example_xcom.py
[2025-10-03T00:26:23.002+0000] {logging_mixin.py:188} INFO - [2025-10-03T00:26:23.002+0000] {dag.py:3096} INFO - Sync 1 DAGs
[2025-10-03T00:26:23.072+0000] {logging_mixin.py:188} INFO - [2025-10-03T00:26:23.072+0000] {dag.py:3954} INFO - Setting next_dagrun for example_xcom to 2021-01-01 00:00:00+00:00, run_after=2021-01-01 00:00:00+00:00
[2025-10-03T00:26:23.120+0000] {processor.py:183} INFO - Processing /home/airflow/.local/lib/python3.12/site-packages/airflow/example_dags/example_xcom.py took 0.220 seconds
[2025-10-03T00:26:53.794+0000] {processor.py:161} INFO - Started process (PID=17199) to work on /home/airflow/.local/lib/python3.12/site-packages/airflow/example_dags/example_xcom.py
[2025-10-03T00:26:53.797+0000] {processor.py:830} INFO - Processing file /home/airflow/.local/lib/python3.12/site-packages/airflow/example_dags/example_xcom.py for tasks to queue
[2025-10-03T00:26:53.800+0000] {logging_mixin.py:188} INFO - [2025-10-03T00:26:53.799+0000] {dagbag.py:545} INFO - Filling up the DagBag from /home/airflow/.local/lib/python3.12/site-packages/airflow/example_dags/example_xcom.py
[2025-10-03T00:26:53.822+0000] {processor.py:840} INFO - DAG(s) 'example_xcom' retrieved from /home/airflow/.local/lib/python3.12/site-packages/airflow/example_dags/example_xcom.py
[2025-10-03T00:26:53.884+0000] {logging_mixin.py:188} INFO - [2025-10-03T00:26:53.883+0000] {dag.py:3096} INFO - Sync 1 DAGs
[2025-10-03T00:26:53.938+0000] {logging_mixin.py:188} INFO - [2025-10-03T00:26:53.937+0000] {dag.py:3954} INFO - Setting next_dagrun for example_xcom to 2021-01-01 00:00:00+00:00, run_after=2021-01-01 00:00:00+00:00
[2025-10-03T00:26:53.984+0000] {processor.py:183} INFO - Processing /home/airflow/.local/lib/python3.12/site-packages/airflow/example_dags/example_xcom.py took 0.209 seconds
[2025-10-03T00:27:24.112+0000] {processor.py:161} INFO - Started process (PID=17252) to work on /home/airflow/.local/lib/python3.12/site-packages/airflow/example_dags/example_xcom.py
[2025-10-03T00:27:24.114+0000] {processor.py:830} INFO - Processing file /home/airflow/.local/lib/python3.12/site-packages/airflow/example_dags/example_xcom.py for tasks to queue
[2025-10-03T00:27:24.117+0000] {logging_mixin.py:188} INFO - [2025-10-03T00:27:24.116+0000] {dagbag.py:545} INFO - Filling up the DagBag from /home/airflow/.local/lib/python3.12/site-packages/airflow/example_dags/example_xcom.py
[2025-10-03T00:27:24.137+0000] {processor.py:840} INFO - DAG(s) 'example_xcom' retrieved from /home/airflow/.local/lib/python3.12/site-packages/airflow/example_dags/example_xcom.py
[2025-10-03T00:27:24.192+0000] {logging_mixin.py:188} INFO - [2025-10-03T00:27:24.191+0000] {dag.py:3096} INFO - Sync 1 DAGs
[2025-10-03T00:27:24.248+0000] {logging_mixin.py:188} INFO - [2025-10-03T00:27:24.247+0000] {dag.py:3954} INFO - Setting next_dagrun for example_xcom to 2021-01-01 00:00:00+00:00, run_after=2021-01-01 00:00:00+00:00
[2025-10-03T00:27:24.290+0000] {processor.py:183} INFO - Processing /home/airflow/.local/lib/python3.12/site-packages/airflow/example_dags/example_xcom.py took 0.193 seconds
[2025-10-03T00:27:55.408+0000] {processor.py:161} INFO - Started process (PID=17305) to work on /home/airflow/.local/lib/python3.12/site-packages/airflow/example_dags/example_xcom.py
[2025-10-03T00:27:55.410+0000] {processor.py:830} INFO - Processing file /home/airflow/.local/lib/python3.12/site-packages/airflow/example_dags/example_xcom.py for tasks to queue
[2025-10-03T00:27:55.413+0000] {logging_mixin.py:188} INFO - [2025-10-03T00:27:55.412+0000] {dagbag.py:545} INFO - Filling up the DagBag from /home/airflow/.local/lib/python3.12/site-packages/airflow/example_dags/example_xcom.py
[2025-10-03T00:27:55.432+0000] {processor.py:840} INFO - DAG(s) 'example_xcom' retrieved from /home/airflow/.local/lib/python3.12/site-packages/airflow/example_dags/example_xcom.py
[2025-10-03T00:27:55.480+0000] {logging_mixin.py:188} INFO - [2025-10-03T00:27:55.479+0000] {dag.py:3096} INFO - Sync 1 DAGs
[2025-10-03T00:27:55.531+0000] {logging_mixin.py:188} INFO - [2025-10-03T00:27:55.530+0000] {dag.py:3954} INFO - Setting next_dagrun for example_xcom to 2021-01-01 00:00:00+00:00, run_after=2021-01-01 00:00:00+00:00
[2025-10-03T00:27:55.572+0000] {processor.py:183} INFO - Processing /home/airflow/.local/lib/python3.12/site-packages/airflow/example_dags/example_xcom.py took 0.178 seconds
[2025-10-03T00:28:25.948+0000] {processor.py:161} INFO - Started process (PID=17358) to work on /home/airflow/.local/lib/python3.12/site-packages/airflow/example_dags/example_xcom.py
[2025-10-03T00:28:25.950+0000] {processor.py:830} INFO - Processing file /home/airflow/.local/lib/python3.12/site-packages/airflow/example_dags/example_xcom.py for tasks to queue
[2025-10-03T00:28:25.953+0000] {logging_mixin.py:188} INFO - [2025-10-03T00:28:25.952+0000] {dagbag.py:545} INFO - Filling up the DagBag from /home/airflow/.local/lib/python3.12/site-packages/airflow/example_dags/example_xcom.py
[2025-10-03T00:28:25.971+0000] {processor.py:840} INFO - DAG(s) 'example_xcom' retrieved from /home/airflow/.local/lib/python3.12/site-packages/airflow/example_dags/example_xcom.py
[2025-10-03T00:28:26.033+0000] {logging_mixin.py:188} INFO - [2025-10-03T00:28:26.032+0000] {dag.py:3096} INFO - Sync 1 DAGs
[2025-10-03T00:28:26.081+0000] {logging_mixin.py:188} INFO - [2025-10-03T00:28:26.081+0000] {dag.py:3954} INFO - Setting next_dagrun for example_xcom to 2021-01-01 00:00:00+00:00, run_after=2021-01-01 00:00:00+00:00
[2025-10-03T00:28:26.125+0000] {processor.py:183} INFO - Processing /home/airflow/.local/lib/python3.12/site-packages/airflow/example_dags/example_xcom.py took 0.192 seconds
[2025-10-03T00:28:57.004+0000] {processor.py:161} INFO - Started process (PID=17411) to work on /home/airflow/.local/lib/python3.12/site-packages/airflow/example_dags/example_xcom.py
[2025-10-03T00:28:57.006+0000] {processor.py:830} INFO - Processing file /home/airflow/.local/lib/python3.12/site-packages/airflow/example_dags/example_xcom.py for tasks to queue
[2025-10-03T00:28:57.008+0000] {logging_mixin.py:188} INFO - [2025-10-03T00:28:57.007+0000] {dagbag.py:545} INFO - Filling up the DagBag from /home/airflow/.local/lib/python3.12/site-packages/airflow/example_dags/example_xcom.py
[2025-10-03T00:28:57.035+0000] {processor.py:840} INFO - DAG(s) 'example_xcom' retrieved from /home/airflow/.local/lib/python3.12/site-packages/airflow/example_dags/example_xcom.py
[2025-10-03T00:28:57.118+0000] {logging_mixin.py:188} INFO - [2025-10-03T00:28:57.118+0000] {dag.py:3096} INFO - Sync 1 DAGs
[2025-10-03T00:28:57.192+0000] {logging_mixin.py:188} INFO - [2025-10-03T00:28:57.192+0000] {dag.py:3954} INFO - Setting next_dagrun for example_xcom to 2021-01-01 00:00:00+00:00, run_after=2021-01-01 00:00:00+00:00
[2025-10-03T00:28:57.245+0000] {processor.py:183} INFO - Processing /home/airflow/.local/lib/python3.12/site-packages/airflow/example_dags/example_xcom.py took 0.256 seconds
[2025-10-03T00:29:28.482+0000] {processor.py:161} INFO - Started process (PID=17464) to work on /home/airflow/.local/lib/python3.12/site-packages/airflow/example_dags/example_xcom.py
[2025-10-03T00:29:28.484+0000] {processor.py:830} INFO - Processing file /home/airflow/.local/lib/python3.12/site-packages/airflow/example_dags/example_xcom.py for tasks to queue
[2025-10-03T00:29:28.486+0000] {logging_mixin.py:188} INFO - [2025-10-03T00:29:28.486+0000] {dagbag.py:545} INFO - Filling up the DagBag from /home/airflow/.local/lib/python3.12/site-packages/airflow/example_dags/example_xcom.py
[2025-10-03T00:29:28.511+0000] {processor.py:840} INFO - DAG(s) 'example_xcom' retrieved from /home/airflow/.local/lib/python3.12/site-packages/airflow/example_dags/example_xcom.py
[2025-10-03T00:29:28.582+0000] {logging_mixin.py:188} INFO - [2025-10-03T00:29:28.581+0000] {dag.py:3096} INFO - Sync 1 DAGs
[2025-10-03T00:29:28.645+0000] {logging_mixin.py:188} INFO - [2025-10-03T00:29:28.644+0000] {dag.py:3954} INFO - Setting next_dagrun for example_xcom to 2021-01-01 00:00:00+00:00, run_after=2021-01-01 00:00:00+00:00
[2025-10-03T00:29:28.697+0000] {processor.py:183} INFO - Processing /home/airflow/.local/lib/python3.12/site-packages/airflow/example_dags/example_xcom.py took 0.231 seconds
[2025-10-03T00:29:58.986+0000] {processor.py:161} INFO - Started process (PID=17515) to work on /home/airflow/.local/lib/python3.12/site-packages/airflow/example_dags/example_xcom.py
[2025-10-03T00:29:58.989+0000] {processor.py:830} INFO - Processing file /home/airflow/.local/lib/python3.12/site-packages/airflow/example_dags/example_xcom.py for tasks to queue
[2025-10-03T00:29:58.991+0000] {logging_mixin.py:188} INFO - [2025-10-03T00:29:58.990+0000] {dagbag.py:545} INFO - Filling up the DagBag from /home/airflow/.local/lib/python3.12/site-packages/airflow/example_dags/example_xcom.py
[2025-10-03T00:29:59.011+0000] {processor.py:840} INFO - DAG(s) 'example_xcom' retrieved from /home/airflow/.local/lib/python3.12/site-packages/airflow/example_dags/example_xcom.py
[2025-10-03T00:29:59.064+0000] {logging_mixin.py:188} INFO - [2025-10-03T00:29:59.064+0000] {dag.py:3096} INFO - Sync 1 DAGs
[2025-10-03T00:29:59.109+0000] {logging_mixin.py:188} INFO - [2025-10-03T00:29:59.108+0000] {dag.py:3954} INFO - Setting next_dagrun for example_xcom to 2021-01-01 00:00:00+00:00, run_after=2021-01-01 00:00:00+00:00
[2025-10-03T00:29:59.149+0000] {processor.py:183} INFO - Processing /home/airflow/.local/lib/python3.12/site-packages/airflow/example_dags/example_xcom.py took 0.179 seconds
[2025-10-03T00:30:29.862+0000] {processor.py:161} INFO - Started process (PID=17568) to work on /home/airflow/.local/lib/python3.12/site-packages/airflow/example_dags/example_xcom.py
[2025-10-03T00:30:29.866+0000] {processor.py:830} INFO - Processing file /home/airflow/.local/lib/python3.12/site-packages/airflow/example_dags/example_xcom.py for tasks to queue
[2025-10-03T00:30:29.869+0000] {logging_mixin.py:188} INFO - [2025-10-03T00:30:29.868+0000] {dagbag.py:545} INFO - Filling up the DagBag from /home/airflow/.local/lib/python3.12/site-packages/airflow/example_dags/example_xcom.py
[2025-10-03T00:30:29.887+0000] {processor.py:840} INFO - DAG(s) 'example_xcom' retrieved from /home/airflow/.local/lib/python3.12/site-packages/airflow/example_dags/example_xcom.py
[2025-10-03T00:30:29.940+0000] {logging_mixin.py:188} INFO - [2025-10-03T00:30:29.939+0000] {dag.py:3096} INFO - Sync 1 DAGs
[2025-10-03T00:30:29.997+0000] {logging_mixin.py:188} INFO - [2025-10-03T00:30:29.997+0000] {dag.py:3954} INFO - Setting next_dagrun for example_xcom to 2021-01-01 00:00:00+00:00, run_after=2021-01-01 00:00:00+00:00
[2025-10-03T00:30:30.039+0000] {processor.py:183} INFO - Processing /home/airflow/.local/lib/python3.12/site-packages/airflow/example_dags/example_xcom.py took 0.196 seconds
[2025-10-03T00:31:00.662+0000] {processor.py:161} INFO - Started process (PID=17621) to work on /home/airflow/.local/lib/python3.12/site-packages/airflow/example_dags/example_xcom.py
[2025-10-03T00:31:00.665+0000] {processor.py:830} INFO - Processing file /home/airflow/.local/lib/python3.12/site-packages/airflow/example_dags/example_xcom.py for tasks to queue
[2025-10-03T00:31:00.667+0000] {logging_mixin.py:188} INFO - [2025-10-03T00:31:00.666+0000] {dagbag.py:545} INFO - Filling up the DagBag from /home/airflow/.local/lib/python3.12/site-packages/airflow/example_dags/example_xcom.py
[2025-10-03T00:31:00.686+0000] {processor.py:840} INFO - DAG(s) 'example_xcom' retrieved from /home/airflow/.local/lib/python3.12/site-packages/airflow/example_dags/example_xcom.py
[2025-10-03T00:31:00.751+0000] {logging_mixin.py:188} INFO - [2025-10-03T00:31:00.750+0000] {dag.py:3096} INFO - Sync 1 DAGs
[2025-10-03T00:31:00.825+0000] {logging_mixin.py:188} INFO - [2025-10-03T00:31:00.824+0000] {dag.py:3954} INFO - Setting next_dagrun for example_xcom to 2021-01-01 00:00:00+00:00, run_after=2021-01-01 00:00:00+00:00
[2025-10-03T00:31:00.866+0000] {processor.py:183} INFO - Processing /home/airflow/.local/lib/python3.12/site-packages/airflow/example_dags/example_xcom.py took 0.223 seconds
[2025-10-03T00:31:31.143+0000] {processor.py:161} INFO - Started process (PID=17674) to work on /home/airflow/.local/lib/python3.12/site-packages/airflow/example_dags/example_xcom.py
[2025-10-03T00:31:31.146+0000] {processor.py:830} INFO - Processing file /home/airflow/.local/lib/python3.12/site-packages/airflow/example_dags/example_xcom.py for tasks to queue
[2025-10-03T00:31:31.148+0000] {logging_mixin.py:188} INFO - [2025-10-03T00:31:31.148+0000] {dagbag.py:545} INFO - Filling up the DagBag from /home/airflow/.local/lib/python3.12/site-packages/airflow/example_dags/example_xcom.py
[2025-10-03T00:31:31.166+0000] {processor.py:840} INFO - DAG(s) 'example_xcom' retrieved from /home/airflow/.local/lib/python3.12/site-packages/airflow/example_dags/example_xcom.py
[2025-10-03T00:31:31.217+0000] {logging_mixin.py:188} INFO - [2025-10-03T00:31:31.216+0000] {dag.py:3096} INFO - Sync 1 DAGs
[2025-10-03T00:31:31.259+0000] {logging_mixin.py:188} INFO - [2025-10-03T00:31:31.259+0000] {dag.py:3954} INFO - Setting next_dagrun for example_xcom to 2021-01-01 00:00:00+00:00, run_after=2021-01-01 00:00:00+00:00
[2025-10-03T00:31:31.307+0000] {processor.py:183} INFO - Processing /home/airflow/.local/lib/python3.12/site-packages/airflow/example_dags/example_xcom.py took 0.180 seconds
[2025-10-03T00:32:01.833+0000] {processor.py:161} INFO - Started process (PID=17726) to work on /home/airflow/.local/lib/python3.12/site-packages/airflow/example_dags/example_xcom.py
[2025-10-03T00:32:01.836+0000] {processor.py:830} INFO - Processing file /home/airflow/.local/lib/python3.12/site-packages/airflow/example_dags/example_xcom.py for tasks to queue
[2025-10-03T00:32:01.839+0000] {logging_mixin.py:188} INFO - [2025-10-03T00:32:01.838+0000] {dagbag.py:545} INFO - Filling up the DagBag from /home/airflow/.local/lib/python3.12/site-packages/airflow/example_dags/example_xcom.py
[2025-10-03T00:32:01.860+0000] {processor.py:840} INFO - DAG(s) 'example_xcom' retrieved from /home/airflow/.local/lib/python3.12/site-packages/airflow/example_dags/example_xcom.py
[2025-10-03T00:32:01.915+0000] {logging_mixin.py:188} INFO - [2025-10-03T00:32:01.914+0000] {dag.py:3096} INFO - Sync 1 DAGs
[2025-10-03T00:32:01.962+0000] {logging_mixin.py:188} INFO - [2025-10-03T00:32:01.961+0000] {dag.py:3954} INFO - Setting next_dagrun for example_xcom to 2021-01-01 00:00:00+00:00, run_after=2021-01-01 00:00:00+00:00
[2025-10-03T00:32:02.009+0000] {processor.py:183} INFO - Processing /home/airflow/.local/lib/python3.12/site-packages/airflow/example_dags/example_xcom.py took 0.192 seconds
[2025-10-03T00:32:32.436+0000] {processor.py:161} INFO - Started process (PID=17779) to work on /home/airflow/.local/lib/python3.12/site-packages/airflow/example_dags/example_xcom.py
[2025-10-03T00:32:32.439+0000] {processor.py:830} INFO - Processing file /home/airflow/.local/lib/python3.12/site-packages/airflow/example_dags/example_xcom.py for tasks to queue
[2025-10-03T00:32:32.442+0000] {logging_mixin.py:188} INFO - [2025-10-03T00:32:32.441+0000] {dagbag.py:545} INFO - Filling up the DagBag from /home/airflow/.local/lib/python3.12/site-packages/airflow/example_dags/example_xcom.py
[2025-10-03T00:32:32.460+0000] {processor.py:840} INFO - DAG(s) 'example_xcom' retrieved from /home/airflow/.local/lib/python3.12/site-packages/airflow/example_dags/example_xcom.py
[2025-10-03T00:32:32.508+0000] {logging_mixin.py:188} INFO - [2025-10-03T00:32:32.508+0000] {dag.py:3096} INFO - Sync 1 DAGs
[2025-10-03T00:32:32.559+0000] {logging_mixin.py:188} INFO - [2025-10-03T00:32:32.559+0000] {dag.py:3954} INFO - Setting next_dagrun for example_xcom to 2021-01-01 00:00:00+00:00, run_after=2021-01-01 00:00:00+00:00
[2025-10-03T00:32:32.607+0000] {processor.py:183} INFO - Processing /home/airflow/.local/lib/python3.12/site-packages/airflow/example_dags/example_xcom.py took 0.189 seconds
[2025-10-03T00:33:02.953+0000] {processor.py:161} INFO - Started process (PID=17832) to work on /home/airflow/.local/lib/python3.12/site-packages/airflow/example_dags/example_xcom.py
[2025-10-03T00:33:02.956+0000] {processor.py:830} INFO - Processing file /home/airflow/.local/lib/python3.12/site-packages/airflow/example_dags/example_xcom.py for tasks to queue
[2025-10-03T00:33:02.958+0000] {logging_mixin.py:188} INFO - [2025-10-03T00:33:02.958+0000] {dagbag.py:545} INFO - Filling up the DagBag from /home/airflow/.local/lib/python3.12/site-packages/airflow/example_dags/example_xcom.py
[2025-10-03T00:33:02.979+0000] {processor.py:840} INFO - DAG(s) 'example_xcom' retrieved from /home/airflow/.local/lib/python3.12/site-packages/airflow/example_dags/example_xcom.py
[2025-10-03T00:33:03.031+0000] {logging_mixin.py:188} INFO - [2025-10-03T00:33:03.031+0000] {dag.py:3096} INFO - Sync 1 DAGs
[2025-10-03T00:33:03.082+0000] {logging_mixin.py:188} INFO - [2025-10-03T00:33:03.081+0000] {dag.py:3954} INFO - Setting next_dagrun for example_xcom to 2021-01-01 00:00:00+00:00, run_after=2021-01-01 00:00:00+00:00
[2025-10-03T00:33:03.127+0000] {processor.py:183} INFO - Processing /home/airflow/.local/lib/python3.12/site-packages/airflow/example_dags/example_xcom.py took 0.188 seconds
[2025-10-03T00:33:33.341+0000] {processor.py:161} INFO - Started process (PID=17885) to work on /home/airflow/.local/lib/python3.12/site-packages/airflow/example_dags/example_xcom.py
[2025-10-03T00:33:33.343+0000] {processor.py:830} INFO - Processing file /home/airflow/.local/lib/python3.12/site-packages/airflow/example_dags/example_xcom.py for tasks to queue
[2025-10-03T00:33:33.346+0000] {logging_mixin.py:188} INFO - [2025-10-03T00:33:33.345+0000] {dagbag.py:545} INFO - Filling up the DagBag from /home/airflow/.local/lib/python3.12/site-packages/airflow/example_dags/example_xcom.py
[2025-10-03T00:33:33.363+0000] {processor.py:840} INFO - DAG(s) 'example_xcom' retrieved from /home/airflow/.local/lib/python3.12/site-packages/airflow/example_dags/example_xcom.py
[2025-10-03T00:33:33.415+0000] {logging_mixin.py:188} INFO - [2025-10-03T00:33:33.414+0000] {dag.py:3096} INFO - Sync 1 DAGs
[2025-10-03T00:33:33.460+0000] {logging_mixin.py:188} INFO - [2025-10-03T00:33:33.459+0000] {dag.py:3954} INFO - Setting next_dagrun for example_xcom to 2021-01-01 00:00:00+00:00, run_after=2021-01-01 00:00:00+00:00
[2025-10-03T00:33:33.505+0000] {processor.py:183} INFO - Processing /home/airflow/.local/lib/python3.12/site-packages/airflow/example_dags/example_xcom.py took 0.178 seconds
[2025-10-03T00:34:04.274+0000] {processor.py:161} INFO - Started process (PID=17938) to work on /home/airflow/.local/lib/python3.12/site-packages/airflow/example_dags/example_xcom.py
[2025-10-03T00:34:04.277+0000] {processor.py:830} INFO - Processing file /home/airflow/.local/lib/python3.12/site-packages/airflow/example_dags/example_xcom.py for tasks to queue
[2025-10-03T00:34:04.280+0000] {logging_mixin.py:188} INFO - [2025-10-03T00:34:04.279+0000] {dagbag.py:545} INFO - Filling up the DagBag from /home/airflow/.local/lib/python3.12/site-packages/airflow/example_dags/example_xcom.py
[2025-10-03T00:34:04.309+0000] {processor.py:840} INFO - DAG(s) 'example_xcom' retrieved from /home/airflow/.local/lib/python3.12/site-packages/airflow/example_dags/example_xcom.py
[2025-10-03T00:34:04.372+0000] {logging_mixin.py:188} INFO - [2025-10-03T00:34:04.371+0000] {dag.py:3096} INFO - Sync 1 DAGs
[2025-10-03T00:34:04.426+0000] {logging_mixin.py:188} INFO - [2025-10-03T00:34:04.425+0000] {dag.py:3954} INFO - Setting next_dagrun for example_xcom to 2021-01-01 00:00:00+00:00, run_after=2021-01-01 00:00:00+00:00
[2025-10-03T00:34:04.466+0000] {processor.py:183} INFO - Processing /home/airflow/.local/lib/python3.12/site-packages/airflow/example_dags/example_xcom.py took 0.211 seconds
[2025-10-03T00:34:34.691+0000] {processor.py:161} INFO - Started process (PID=17991) to work on /home/airflow/.local/lib/python3.12/site-packages/airflow/example_dags/example_xcom.py
[2025-10-03T00:34:34.699+0000] {processor.py:830} INFO - Processing file /home/airflow/.local/lib/python3.12/site-packages/airflow/example_dags/example_xcom.py for tasks to queue
[2025-10-03T00:34:34.703+0000] {logging_mixin.py:188} INFO - [2025-10-03T00:34:34.702+0000] {dagbag.py:545} INFO - Filling up the DagBag from /home/airflow/.local/lib/python3.12/site-packages/airflow/example_dags/example_xcom.py
[2025-10-03T00:34:34.736+0000] {processor.py:840} INFO - DAG(s) 'example_xcom' retrieved from /home/airflow/.local/lib/python3.12/site-packages/airflow/example_dags/example_xcom.py
[2025-10-03T00:34:34.798+0000] {logging_mixin.py:188} INFO - [2025-10-03T00:34:34.798+0000] {dag.py:3096} INFO - Sync 1 DAGs
[2025-10-03T00:34:34.852+0000] {logging_mixin.py:188} INFO - [2025-10-03T00:34:34.852+0000] {dag.py:3954} INFO - Setting next_dagrun for example_xcom to 2021-01-01 00:00:00+00:00, run_after=2021-01-01 00:00:00+00:00
[2025-10-03T00:34:34.905+0000] {processor.py:183} INFO - Processing /home/airflow/.local/lib/python3.12/site-packages/airflow/example_dags/example_xcom.py took 0.246 seconds
[2025-10-03T00:35:04.988+0000] {processor.py:161} INFO - Started process (PID=18043) to work on /home/airflow/.local/lib/python3.12/site-packages/airflow/example_dags/example_xcom.py
[2025-10-03T00:35:04.991+0000] {processor.py:830} INFO - Processing file /home/airflow/.local/lib/python3.12/site-packages/airflow/example_dags/example_xcom.py for tasks to queue
[2025-10-03T00:35:04.993+0000] {logging_mixin.py:188} INFO - [2025-10-03T00:35:04.992+0000] {dagbag.py:545} INFO - Filling up the DagBag from /home/airflow/.local/lib/python3.12/site-packages/airflow/example_dags/example_xcom.py
[2025-10-03T00:35:05.016+0000] {processor.py:840} INFO - DAG(s) 'example_xcom' retrieved from /home/airflow/.local/lib/python3.12/site-packages/airflow/example_dags/example_xcom.py
[2025-10-03T00:35:05.070+0000] {logging_mixin.py:188} INFO - [2025-10-03T00:35:05.069+0000] {dag.py:3096} INFO - Sync 1 DAGs
[2025-10-03T00:35:05.125+0000] {logging_mixin.py:188} INFO - [2025-10-03T00:35:05.125+0000] {dag.py:3954} INFO - Setting next_dagrun for example_xcom to 2021-01-01 00:00:00+00:00, run_after=2021-01-01 00:00:00+00:00
[2025-10-03T00:35:05.172+0000] {processor.py:183} INFO - Processing /home/airflow/.local/lib/python3.12/site-packages/airflow/example_dags/example_xcom.py took 0.203 seconds
[2025-10-03T00:35:36.509+0000] {processor.py:161} INFO - Started process (PID=18096) to work on /home/airflow/.local/lib/python3.12/site-packages/airflow/example_dags/example_xcom.py
[2025-10-03T00:35:36.512+0000] {processor.py:830} INFO - Processing file /home/airflow/.local/lib/python3.12/site-packages/airflow/example_dags/example_xcom.py for tasks to queue
[2025-10-03T00:35:36.514+0000] {logging_mixin.py:188} INFO - [2025-10-03T00:35:36.513+0000] {dagbag.py:545} INFO - Filling up the DagBag from /home/airflow/.local/lib/python3.12/site-packages/airflow/example_dags/example_xcom.py
[2025-10-03T00:35:36.534+0000] {processor.py:840} INFO - DAG(s) 'example_xcom' retrieved from /home/airflow/.local/lib/python3.12/site-packages/airflow/example_dags/example_xcom.py
[2025-10-03T00:35:36.584+0000] {logging_mixin.py:188} INFO - [2025-10-03T00:35:36.583+0000] {dag.py:3096} INFO - Sync 1 DAGs
[2025-10-03T00:35:36.949+0000] {logging_mixin.py:188} INFO - [2025-10-03T00:35:36.948+0000] {dag.py:3954} INFO - Setting next_dagrun for example_xcom to 2021-01-01 00:00:00+00:00, run_after=2021-01-01 00:00:00+00:00
[2025-10-03T00:35:37.078+0000] {processor.py:183} INFO - Processing /home/airflow/.local/lib/python3.12/site-packages/airflow/example_dags/example_xcom.py took 0.587 seconds
[2025-10-03T00:36:08.000+0000] {processor.py:161} INFO - Started process (PID=18150) to work on /home/airflow/.local/lib/python3.12/site-packages/airflow/example_dags/example_xcom.py
[2025-10-03T00:36:08.002+0000] {processor.py:830} INFO - Processing file /home/airflow/.local/lib/python3.12/site-packages/airflow/example_dags/example_xcom.py for tasks to queue
[2025-10-03T00:36:08.005+0000] {logging_mixin.py:188} INFO - [2025-10-03T00:36:08.004+0000] {dagbag.py:545} INFO - Filling up the DagBag from /home/airflow/.local/lib/python3.12/site-packages/airflow/example_dags/example_xcom.py
[2025-10-03T00:36:08.033+0000] {processor.py:840} INFO - DAG(s) 'example_xcom' retrieved from /home/airflow/.local/lib/python3.12/site-packages/airflow/example_dags/example_xcom.py
[2025-10-03T00:36:08.092+0000] {logging_mixin.py:188} INFO - [2025-10-03T00:36:08.091+0000] {dag.py:3096} INFO - Sync 1 DAGs
[2025-10-03T00:36:08.137+0000] {logging_mixin.py:188} INFO - [2025-10-03T00:36:08.137+0000] {dag.py:3954} INFO - Setting next_dagrun for example_xcom to 2021-01-01 00:00:00+00:00, run_after=2021-01-01 00:00:00+00:00
[2025-10-03T00:36:08.176+0000] {processor.py:183} INFO - Processing /home/airflow/.local/lib/python3.12/site-packages/airflow/example_dags/example_xcom.py took 0.193 seconds
[2025-10-03T00:36:38.785+0000] {processor.py:161} INFO - Started process (PID=18203) to work on /home/airflow/.local/lib/python3.12/site-packages/airflow/example_dags/example_xcom.py
[2025-10-03T00:36:38.788+0000] {processor.py:830} INFO - Processing file /home/airflow/.local/lib/python3.12/site-packages/airflow/example_dags/example_xcom.py for tasks to queue
[2025-10-03T00:36:38.792+0000] {logging_mixin.py:188} INFO - [2025-10-03T00:36:38.791+0000] {dagbag.py:545} INFO - Filling up the DagBag from /home/airflow/.local/lib/python3.12/site-packages/airflow/example_dags/example_xcom.py
[2025-10-03T00:36:38.813+0000] {processor.py:840} INFO - DAG(s) 'example_xcom' retrieved from /home/airflow/.local/lib/python3.12/site-packages/airflow/example_dags/example_xcom.py
[2025-10-03T00:36:38.871+0000] {logging_mixin.py:188} INFO - [2025-10-03T00:36:38.870+0000] {dag.py:3096} INFO - Sync 1 DAGs
[2025-10-03T00:36:38.920+0000] {logging_mixin.py:188} INFO - [2025-10-03T00:36:38.919+0000] {dag.py:3954} INFO - Setting next_dagrun for example_xcom to 2021-01-01 00:00:00+00:00, run_after=2021-01-01 00:00:00+00:00
[2025-10-03T00:36:38.960+0000] {processor.py:183} INFO - Processing /home/airflow/.local/lib/python3.12/site-packages/airflow/example_dags/example_xcom.py took 0.192 seconds
[2025-10-03T00:37:09.451+0000] {processor.py:161} INFO - Started process (PID=18257) to work on /home/airflow/.local/lib/python3.12/site-packages/airflow/example_dags/example_xcom.py
[2025-10-03T00:37:09.468+0000] {processor.py:830} INFO - Processing file /home/airflow/.local/lib/python3.12/site-packages/airflow/example_dags/example_xcom.py for tasks to queue
[2025-10-03T00:37:09.477+0000] {logging_mixin.py:188} INFO - [2025-10-03T00:37:09.475+0000] {dagbag.py:545} INFO - Filling up the DagBag from /home/airflow/.local/lib/python3.12/site-packages/airflow/example_dags/example_xcom.py
[2025-10-03T00:37:09.536+0000] {processor.py:840} INFO - DAG(s) 'example_xcom' retrieved from /home/airflow/.local/lib/python3.12/site-packages/airflow/example_dags/example_xcom.py
[2025-10-03T00:37:09.690+0000] {logging_mixin.py:188} INFO - [2025-10-03T00:37:09.686+0000] {dag.py:3096} INFO - Sync 1 DAGs
[2025-10-03T00:37:09.839+0000] {logging_mixin.py:188} INFO - [2025-10-03T00:37:09.837+0000] {dag.py:3954} INFO - Setting next_dagrun for example_xcom to 2021-01-01 00:00:00+00:00, run_after=2021-01-01 00:00:00+00:00
[2025-10-03T00:37:09.896+0000] {processor.py:183} INFO - Processing /home/airflow/.local/lib/python3.12/site-packages/airflow/example_dags/example_xcom.py took 0.484 seconds
[2025-10-03T00:37:40.913+0000] {processor.py:161} INFO - Started process (PID=18310) to work on /home/airflow/.local/lib/python3.12/site-packages/airflow/example_dags/example_xcom.py
[2025-10-03T00:37:40.916+0000] {processor.py:830} INFO - Processing file /home/airflow/.local/lib/python3.12/site-packages/airflow/example_dags/example_xcom.py for tasks to queue
[2025-10-03T00:37:40.918+0000] {logging_mixin.py:188} INFO - [2025-10-03T00:37:40.917+0000] {dagbag.py:545} INFO - Filling up the DagBag from /home/airflow/.local/lib/python3.12/site-packages/airflow/example_dags/example_xcom.py
[2025-10-03T00:37:40.935+0000] {processor.py:840} INFO - DAG(s) 'example_xcom' retrieved from /home/airflow/.local/lib/python3.12/site-packages/airflow/example_dags/example_xcom.py
[2025-10-03T00:37:40.985+0000] {logging_mixin.py:188} INFO - [2025-10-03T00:37:40.985+0000] {dag.py:3096} INFO - Sync 1 DAGs
[2025-10-03T00:37:41.035+0000] {logging_mixin.py:188} INFO - [2025-10-03T00:37:41.035+0000] {dag.py:3954} INFO - Setting next_dagrun for example_xcom to 2021-01-01 00:00:00+00:00, run_after=2021-01-01 00:00:00+00:00
[2025-10-03T00:37:41.088+0000] {processor.py:183} INFO - Processing /home/airflow/.local/lib/python3.12/site-packages/airflow/example_dags/example_xcom.py took 0.195 seconds
[2025-10-03T00:38:11.467+0000] {processor.py:161} INFO - Started process (PID=18363) to work on /home/airflow/.local/lib/python3.12/site-packages/airflow/example_dags/example_xcom.py
[2025-10-03T00:38:11.469+0000] {processor.py:830} INFO - Processing file /home/airflow/.local/lib/python3.12/site-packages/airflow/example_dags/example_xcom.py for tasks to queue
[2025-10-03T00:38:11.474+0000] {logging_mixin.py:188} INFO - [2025-10-03T00:38:11.472+0000] {dagbag.py:545} INFO - Filling up the DagBag from /home/airflow/.local/lib/python3.12/site-packages/airflow/example_dags/example_xcom.py
[2025-10-03T00:38:11.507+0000] {processor.py:840} INFO - DAG(s) 'example_xcom' retrieved from /home/airflow/.local/lib/python3.12/site-packages/airflow/example_dags/example_xcom.py
[2025-10-03T00:38:11.576+0000] {logging_mixin.py:188} INFO - [2025-10-03T00:38:11.575+0000] {dag.py:3096} INFO - Sync 1 DAGs
[2025-10-03T00:38:11.647+0000] {logging_mixin.py:188} INFO - [2025-10-03T00:38:11.646+0000] {dag.py:3954} INFO - Setting next_dagrun for example_xcom to 2021-01-01 00:00:00+00:00, run_after=2021-01-01 00:00:00+00:00
[2025-10-03T00:38:11.697+0000] {processor.py:183} INFO - Processing /home/airflow/.local/lib/python3.12/site-packages/airflow/example_dags/example_xcom.py took 0.254 seconds
