[2025-10-03T00:00:11.715+0000] {processor.py:161} INFO - Started process (PID=14437) to work on /home/airflow/.local/lib/python3.12/site-packages/airflow/example_dags/example_sensor_decorator.py
[2025-10-03T00:00:11.718+0000] {processor.py:830} INFO - Processing file /home/airflow/.local/lib/python3.12/site-packages/airflow/example_dags/example_sensor_decorator.py for tasks to queue
[2025-10-03T00:00:11.723+0000] {logging_mixin.py:188} INFO - [2025-10-03T00:00:11.721+0000] {dagbag.py:545} INFO - Filling up the DagBag from /home/airflow/.local/lib/python3.12/site-packages/airflow/example_dags/example_sensor_decorator.py
[2025-10-03T00:00:11.745+0000] {processor.py:840} INFO - DAG(s) 'example_sensor_decorator' retrieved from /home/airflow/.local/lib/python3.12/site-packages/airflow/example_dags/example_sensor_decorator.py
[2025-10-03T00:00:11.820+0000] {logging_mixin.py:188} INFO - [2025-10-03T00:00:11.819+0000] {dag.py:3096} INFO - Sync 1 DAGs
[2025-10-03T00:00:11.877+0000] {logging_mixin.py:188} INFO - [2025-10-03T00:00:11.876+0000] {dag.py:3954} INFO - Setting next_dagrun for example_sensor_decorator to None, run_after=None
[2025-10-03T00:00:11.928+0000] {processor.py:183} INFO - Processing /home/airflow/.local/lib/python3.12/site-packages/airflow/example_dags/example_sensor_decorator.py took 0.241 seconds
[2025-10-03T00:00:42.351+0000] {processor.py:161} INFO - Started process (PID=14490) to work on /home/airflow/.local/lib/python3.12/site-packages/airflow/example_dags/example_sensor_decorator.py
[2025-10-03T00:00:42.353+0000] {processor.py:830} INFO - Processing file /home/airflow/.local/lib/python3.12/site-packages/airflow/example_dags/example_sensor_decorator.py for tasks to queue
[2025-10-03T00:00:42.356+0000] {logging_mixin.py:188} INFO - [2025-10-03T00:00:42.355+0000] {dagbag.py:545} INFO - Filling up the DagBag from /home/airflow/.local/lib/python3.12/site-packages/airflow/example_dags/example_sensor_decorator.py
[2025-10-03T00:00:42.370+0000] {processor.py:840} INFO - DAG(s) 'example_sensor_decorator' retrieved from /home/airflow/.local/lib/python3.12/site-packages/airflow/example_dags/example_sensor_decorator.py
[2025-10-03T00:00:42.416+0000] {logging_mixin.py:188} INFO - [2025-10-03T00:00:42.415+0000] {dag.py:3096} INFO - Sync 1 DAGs
[2025-10-03T00:00:42.451+0000] {logging_mixin.py:188} INFO - [2025-10-03T00:00:42.450+0000] {dag.py:3954} INFO - Setting next_dagrun for example_sensor_decorator to None, run_after=None
[2025-10-03T00:00:42.512+0000] {processor.py:183} INFO - Processing /home/airflow/.local/lib/python3.12/site-packages/airflow/example_dags/example_sensor_decorator.py took 0.175 seconds
[2025-10-03T00:01:13.383+0000] {processor.py:161} INFO - Started process (PID=14543) to work on /home/airflow/.local/lib/python3.12/site-packages/airflow/example_dags/example_sensor_decorator.py
[2025-10-03T00:01:13.386+0000] {processor.py:830} INFO - Processing file /home/airflow/.local/lib/python3.12/site-packages/airflow/example_dags/example_sensor_decorator.py for tasks to queue
[2025-10-03T00:01:13.389+0000] {logging_mixin.py:188} INFO - [2025-10-03T00:01:13.388+0000] {dagbag.py:545} INFO - Filling up the DagBag from /home/airflow/.local/lib/python3.12/site-packages/airflow/example_dags/example_sensor_decorator.py
[2025-10-03T00:01:13.408+0000] {processor.py:840} INFO - DAG(s) 'example_sensor_decorator' retrieved from /home/airflow/.local/lib/python3.12/site-packages/airflow/example_dags/example_sensor_decorator.py
[2025-10-03T00:01:13.458+0000] {logging_mixin.py:188} INFO - [2025-10-03T00:01:13.457+0000] {dag.py:3096} INFO - Sync 1 DAGs
[2025-10-03T00:01:13.498+0000] {logging_mixin.py:188} INFO - [2025-10-03T00:01:13.497+0000] {dag.py:3954} INFO - Setting next_dagrun for example_sensor_decorator to None, run_after=None
[2025-10-03T00:01:13.551+0000] {processor.py:183} INFO - Processing /home/airflow/.local/lib/python3.12/site-packages/airflow/example_dags/example_sensor_decorator.py took 0.186 seconds
[2025-10-03T00:01:43.687+0000] {processor.py:161} INFO - Started process (PID=14596) to work on /home/airflow/.local/lib/python3.12/site-packages/airflow/example_dags/example_sensor_decorator.py
[2025-10-03T00:01:43.689+0000] {processor.py:830} INFO - Processing file /home/airflow/.local/lib/python3.12/site-packages/airflow/example_dags/example_sensor_decorator.py for tasks to queue
[2025-10-03T00:01:43.691+0000] {logging_mixin.py:188} INFO - [2025-10-03T00:01:43.691+0000] {dagbag.py:545} INFO - Filling up the DagBag from /home/airflow/.local/lib/python3.12/site-packages/airflow/example_dags/example_sensor_decorator.py
[2025-10-03T00:01:43.706+0000] {processor.py:840} INFO - DAG(s) 'example_sensor_decorator' retrieved from /home/airflow/.local/lib/python3.12/site-packages/airflow/example_dags/example_sensor_decorator.py
[2025-10-03T00:01:43.753+0000] {logging_mixin.py:188} INFO - [2025-10-03T00:01:43.753+0000] {dag.py:3096} INFO - Sync 1 DAGs
[2025-10-03T00:01:43.782+0000] {logging_mixin.py:188} INFO - [2025-10-03T00:01:43.781+0000] {dag.py:3954} INFO - Setting next_dagrun for example_sensor_decorator to None, run_after=None
[2025-10-03T00:01:43.828+0000] {processor.py:183} INFO - Processing /home/airflow/.local/lib/python3.12/site-packages/airflow/example_dags/example_sensor_decorator.py took 0.156 seconds
[2025-10-03T00:02:14.529+0000] {processor.py:161} INFO - Started process (PID=14649) to work on /home/airflow/.local/lib/python3.12/site-packages/airflow/example_dags/example_sensor_decorator.py
[2025-10-03T00:02:14.533+0000] {processor.py:830} INFO - Processing file /home/airflow/.local/lib/python3.12/site-packages/airflow/example_dags/example_sensor_decorator.py for tasks to queue
[2025-10-03T00:02:14.536+0000] {logging_mixin.py:188} INFO - [2025-10-03T00:02:14.535+0000] {dagbag.py:545} INFO - Filling up the DagBag from /home/airflow/.local/lib/python3.12/site-packages/airflow/example_dags/example_sensor_decorator.py
[2025-10-03T00:02:14.558+0000] {processor.py:840} INFO - DAG(s) 'example_sensor_decorator' retrieved from /home/airflow/.local/lib/python3.12/site-packages/airflow/example_dags/example_sensor_decorator.py
[2025-10-03T00:02:14.622+0000] {logging_mixin.py:188} INFO - [2025-10-03T00:02:14.621+0000] {dag.py:3096} INFO - Sync 1 DAGs
[2025-10-03T00:02:14.659+0000] {logging_mixin.py:188} INFO - [2025-10-03T00:02:14.658+0000] {dag.py:3954} INFO - Setting next_dagrun for example_sensor_decorator to None, run_after=None
[2025-10-03T00:02:14.732+0000] {processor.py:183} INFO - Processing /home/airflow/.local/lib/python3.12/site-packages/airflow/example_dags/example_sensor_decorator.py took 0.223 seconds
[2025-10-03T00:02:45.051+0000] {processor.py:161} INFO - Started process (PID=14702) to work on /home/airflow/.local/lib/python3.12/site-packages/airflow/example_dags/example_sensor_decorator.py
[2025-10-03T00:02:45.054+0000] {processor.py:830} INFO - Processing file /home/airflow/.local/lib/python3.12/site-packages/airflow/example_dags/example_sensor_decorator.py for tasks to queue
[2025-10-03T00:02:45.057+0000] {logging_mixin.py:188} INFO - [2025-10-03T00:02:45.056+0000] {dagbag.py:545} INFO - Filling up the DagBag from /home/airflow/.local/lib/python3.12/site-packages/airflow/example_dags/example_sensor_decorator.py
[2025-10-03T00:02:45.074+0000] {processor.py:840} INFO - DAG(s) 'example_sensor_decorator' retrieved from /home/airflow/.local/lib/python3.12/site-packages/airflow/example_dags/example_sensor_decorator.py
[2025-10-03T00:02:45.124+0000] {logging_mixin.py:188} INFO - [2025-10-03T00:02:45.124+0000] {dag.py:3096} INFO - Sync 1 DAGs
[2025-10-03T00:02:45.155+0000] {logging_mixin.py:188} INFO - [2025-10-03T00:02:45.155+0000] {dag.py:3954} INFO - Setting next_dagrun for example_sensor_decorator to None, run_after=None
[2025-10-03T00:02:45.213+0000] {processor.py:183} INFO - Processing /home/airflow/.local/lib/python3.12/site-packages/airflow/example_dags/example_sensor_decorator.py took 0.179 seconds
[2025-10-03T00:03:15.833+0000] {processor.py:161} INFO - Started process (PID=14755) to work on /home/airflow/.local/lib/python3.12/site-packages/airflow/example_dags/example_sensor_decorator.py
[2025-10-03T00:03:15.836+0000] {processor.py:830} INFO - Processing file /home/airflow/.local/lib/python3.12/site-packages/airflow/example_dags/example_sensor_decorator.py for tasks to queue
[2025-10-03T00:03:15.839+0000] {logging_mixin.py:188} INFO - [2025-10-03T00:03:15.838+0000] {dagbag.py:545} INFO - Filling up the DagBag from /home/airflow/.local/lib/python3.12/site-packages/airflow/example_dags/example_sensor_decorator.py
[2025-10-03T00:03:15.862+0000] {processor.py:840} INFO - DAG(s) 'example_sensor_decorator' retrieved from /home/airflow/.local/lib/python3.12/site-packages/airflow/example_dags/example_sensor_decorator.py
[2025-10-03T00:03:15.909+0000] {logging_mixin.py:188} INFO - [2025-10-03T00:03:15.909+0000] {dag.py:3096} INFO - Sync 1 DAGs
[2025-10-03T00:03:15.945+0000] {logging_mixin.py:188} INFO - [2025-10-03T00:03:15.944+0000] {dag.py:3954} INFO - Setting next_dagrun for example_sensor_decorator to None, run_after=None
[2025-10-03T00:03:15.994+0000] {processor.py:183} INFO - Processing /home/airflow/.local/lib/python3.12/site-packages/airflow/example_dags/example_sensor_decorator.py took 0.182 seconds
[2025-10-03T00:03:46.148+0000] {processor.py:161} INFO - Started process (PID=14808) to work on /home/airflow/.local/lib/python3.12/site-packages/airflow/example_dags/example_sensor_decorator.py
[2025-10-03T00:03:46.150+0000] {processor.py:830} INFO - Processing file /home/airflow/.local/lib/python3.12/site-packages/airflow/example_dags/example_sensor_decorator.py for tasks to queue
[2025-10-03T00:03:46.152+0000] {logging_mixin.py:188} INFO - [2025-10-03T00:03:46.152+0000] {dagbag.py:545} INFO - Filling up the DagBag from /home/airflow/.local/lib/python3.12/site-packages/airflow/example_dags/example_sensor_decorator.py
[2025-10-03T00:03:46.168+0000] {processor.py:840} INFO - DAG(s) 'example_sensor_decorator' retrieved from /home/airflow/.local/lib/python3.12/site-packages/airflow/example_dags/example_sensor_decorator.py
[2025-10-03T00:03:46.220+0000] {logging_mixin.py:188} INFO - [2025-10-03T00:03:46.220+0000] {dag.py:3096} INFO - Sync 1 DAGs
[2025-10-03T00:03:46.253+0000] {logging_mixin.py:188} INFO - [2025-10-03T00:03:46.253+0000] {dag.py:3954} INFO - Setting next_dagrun for example_sensor_decorator to None, run_after=None
[2025-10-03T00:03:46.300+0000] {processor.py:183} INFO - Processing /home/airflow/.local/lib/python3.12/site-packages/airflow/example_dags/example_sensor_decorator.py took 0.168 seconds
[2025-10-03T00:04:16.995+0000] {processor.py:161} INFO - Started process (PID=14861) to work on /home/airflow/.local/lib/python3.12/site-packages/airflow/example_dags/example_sensor_decorator.py
[2025-10-03T00:04:16.999+0000] {processor.py:830} INFO - Processing file /home/airflow/.local/lib/python3.12/site-packages/airflow/example_dags/example_sensor_decorator.py for tasks to queue
[2025-10-03T00:04:17.001+0000] {logging_mixin.py:188} INFO - [2025-10-03T00:04:17.000+0000] {dagbag.py:545} INFO - Filling up the DagBag from /home/airflow/.local/lib/python3.12/site-packages/airflow/example_dags/example_sensor_decorator.py
[2025-10-03T00:04:17.017+0000] {processor.py:840} INFO - DAG(s) 'example_sensor_decorator' retrieved from /home/airflow/.local/lib/python3.12/site-packages/airflow/example_dags/example_sensor_decorator.py
[2025-10-03T00:04:17.070+0000] {logging_mixin.py:188} INFO - [2025-10-03T00:04:17.069+0000] {dag.py:3096} INFO - Sync 1 DAGs
[2025-10-03T00:04:17.109+0000] {logging_mixin.py:188} INFO - [2025-10-03T00:04:17.108+0000] {dag.py:3954} INFO - Setting next_dagrun for example_sensor_decorator to None, run_after=None
[2025-10-03T00:04:17.164+0000] {processor.py:183} INFO - Processing /home/airflow/.local/lib/python3.12/site-packages/airflow/example_dags/example_sensor_decorator.py took 0.186 seconds
[2025-10-03T00:04:47.498+0000] {processor.py:161} INFO - Started process (PID=14914) to work on /home/airflow/.local/lib/python3.12/site-packages/airflow/example_dags/example_sensor_decorator.py
[2025-10-03T00:04:47.501+0000] {processor.py:830} INFO - Processing file /home/airflow/.local/lib/python3.12/site-packages/airflow/example_dags/example_sensor_decorator.py for tasks to queue
[2025-10-03T00:04:47.503+0000] {logging_mixin.py:188} INFO - [2025-10-03T00:04:47.502+0000] {dagbag.py:545} INFO - Filling up the DagBag from /home/airflow/.local/lib/python3.12/site-packages/airflow/example_dags/example_sensor_decorator.py
[2025-10-03T00:04:47.520+0000] {processor.py:840} INFO - DAG(s) 'example_sensor_decorator' retrieved from /home/airflow/.local/lib/python3.12/site-packages/airflow/example_dags/example_sensor_decorator.py
[2025-10-03T00:04:47.571+0000] {logging_mixin.py:188} INFO - [2025-10-03T00:04:47.571+0000] {dag.py:3096} INFO - Sync 1 DAGs
[2025-10-03T00:04:47.599+0000] {logging_mixin.py:188} INFO - [2025-10-03T00:04:47.598+0000] {dag.py:3954} INFO - Setting next_dagrun for example_sensor_decorator to None, run_after=None
[2025-10-03T00:04:47.640+0000] {processor.py:183} INFO - Processing /home/airflow/.local/lib/python3.12/site-packages/airflow/example_dags/example_sensor_decorator.py took 0.163 seconds
[2025-10-03T00:05:18.173+0000] {processor.py:161} INFO - Started process (PID=14967) to work on /home/airflow/.local/lib/python3.12/site-packages/airflow/example_dags/example_sensor_decorator.py
[2025-10-03T00:05:18.176+0000] {processor.py:830} INFO - Processing file /home/airflow/.local/lib/python3.12/site-packages/airflow/example_dags/example_sensor_decorator.py for tasks to queue
[2025-10-03T00:05:18.179+0000] {logging_mixin.py:188} INFO - [2025-10-03T00:05:18.178+0000] {dagbag.py:545} INFO - Filling up the DagBag from /home/airflow/.local/lib/python3.12/site-packages/airflow/example_dags/example_sensor_decorator.py
[2025-10-03T00:05:18.197+0000] {processor.py:840} INFO - DAG(s) 'example_sensor_decorator' retrieved from /home/airflow/.local/lib/python3.12/site-packages/airflow/example_dags/example_sensor_decorator.py
[2025-10-03T00:05:18.246+0000] {logging_mixin.py:188} INFO - [2025-10-03T00:05:18.246+0000] {dag.py:3096} INFO - Sync 1 DAGs
[2025-10-03T00:05:18.273+0000] {logging_mixin.py:188} INFO - [2025-10-03T00:05:18.273+0000] {dag.py:3954} INFO - Setting next_dagrun for example_sensor_decorator to None, run_after=None
[2025-10-03T00:05:18.322+0000] {processor.py:183} INFO - Processing /home/airflow/.local/lib/python3.12/site-packages/airflow/example_dags/example_sensor_decorator.py took 0.165 seconds
[2025-10-03T00:05:48.841+0000] {processor.py:161} INFO - Started process (PID=15020) to work on /home/airflow/.local/lib/python3.12/site-packages/airflow/example_dags/example_sensor_decorator.py
[2025-10-03T00:05:48.844+0000] {processor.py:830} INFO - Processing file /home/airflow/.local/lib/python3.12/site-packages/airflow/example_dags/example_sensor_decorator.py for tasks to queue
[2025-10-03T00:05:48.846+0000] {logging_mixin.py:188} INFO - [2025-10-03T00:05:48.846+0000] {dagbag.py:545} INFO - Filling up the DagBag from /home/airflow/.local/lib/python3.12/site-packages/airflow/example_dags/example_sensor_decorator.py
[2025-10-03T00:05:48.860+0000] {processor.py:840} INFO - DAG(s) 'example_sensor_decorator' retrieved from /home/airflow/.local/lib/python3.12/site-packages/airflow/example_dags/example_sensor_decorator.py
[2025-10-03T00:05:48.908+0000] {logging_mixin.py:188} INFO - [2025-10-03T00:05:48.907+0000] {dag.py:3096} INFO - Sync 1 DAGs
[2025-10-03T00:05:48.941+0000] {logging_mixin.py:188} INFO - [2025-10-03T00:05:48.940+0000] {dag.py:3954} INFO - Setting next_dagrun for example_sensor_decorator to None, run_after=None
[2025-10-03T00:05:48.986+0000] {processor.py:183} INFO - Processing /home/airflow/.local/lib/python3.12/site-packages/airflow/example_dags/example_sensor_decorator.py took 0.158 seconds
[2025-10-03T00:06:19.427+0000] {processor.py:161} INFO - Started process (PID=15073) to work on /home/airflow/.local/lib/python3.12/site-packages/airflow/example_dags/example_sensor_decorator.py
[2025-10-03T00:06:19.430+0000] {processor.py:830} INFO - Processing file /home/airflow/.local/lib/python3.12/site-packages/airflow/example_dags/example_sensor_decorator.py for tasks to queue
[2025-10-03T00:06:19.433+0000] {logging_mixin.py:188} INFO - [2025-10-03T00:06:19.432+0000] {dagbag.py:545} INFO - Filling up the DagBag from /home/airflow/.local/lib/python3.12/site-packages/airflow/example_dags/example_sensor_decorator.py
[2025-10-03T00:06:19.451+0000] {processor.py:840} INFO - DAG(s) 'example_sensor_decorator' retrieved from /home/airflow/.local/lib/python3.12/site-packages/airflow/example_dags/example_sensor_decorator.py
[2025-10-03T00:06:19.527+0000] {logging_mixin.py:188} INFO - [2025-10-03T00:06:19.526+0000] {dag.py:3096} INFO - Sync 1 DAGs
[2025-10-03T00:06:19.560+0000] {logging_mixin.py:188} INFO - [2025-10-03T00:06:19.559+0000] {dag.py:3954} INFO - Setting next_dagrun for example_sensor_decorator to None, run_after=None
[2025-10-03T00:06:19.619+0000] {processor.py:183} INFO - Processing /home/airflow/.local/lib/python3.12/site-packages/airflow/example_dags/example_sensor_decorator.py took 0.210 seconds
[2025-10-03T00:06:50.478+0000] {processor.py:161} INFO - Started process (PID=15126) to work on /home/airflow/.local/lib/python3.12/site-packages/airflow/example_dags/example_sensor_decorator.py
[2025-10-03T00:06:50.480+0000] {processor.py:830} INFO - Processing file /home/airflow/.local/lib/python3.12/site-packages/airflow/example_dags/example_sensor_decorator.py for tasks to queue
[2025-10-03T00:06:50.482+0000] {logging_mixin.py:188} INFO - [2025-10-03T00:06:50.481+0000] {dagbag.py:545} INFO - Filling up the DagBag from /home/airflow/.local/lib/python3.12/site-packages/airflow/example_dags/example_sensor_decorator.py
[2025-10-03T00:06:50.496+0000] {processor.py:840} INFO - DAG(s) 'example_sensor_decorator' retrieved from /home/airflow/.local/lib/python3.12/site-packages/airflow/example_dags/example_sensor_decorator.py
[2025-10-03T00:06:50.544+0000] {logging_mixin.py:188} INFO - [2025-10-03T00:06:50.544+0000] {dag.py:3096} INFO - Sync 1 DAGs
[2025-10-03T00:06:50.577+0000] {logging_mixin.py:188} INFO - [2025-10-03T00:06:50.577+0000] {dag.py:3954} INFO - Setting next_dagrun for example_sensor_decorator to None, run_after=None
[2025-10-03T00:06:50.633+0000] {processor.py:183} INFO - Processing /home/airflow/.local/lib/python3.12/site-packages/airflow/example_dags/example_sensor_decorator.py took 0.170 seconds
[2025-10-03T00:07:21.279+0000] {processor.py:161} INFO - Started process (PID=15179) to work on /home/airflow/.local/lib/python3.12/site-packages/airflow/example_dags/example_sensor_decorator.py
[2025-10-03T00:07:21.282+0000] {processor.py:830} INFO - Processing file /home/airflow/.local/lib/python3.12/site-packages/airflow/example_dags/example_sensor_decorator.py for tasks to queue
[2025-10-03T00:07:21.286+0000] {logging_mixin.py:188} INFO - [2025-10-03T00:07:21.285+0000] {dagbag.py:545} INFO - Filling up the DagBag from /home/airflow/.local/lib/python3.12/site-packages/airflow/example_dags/example_sensor_decorator.py
[2025-10-03T00:07:21.307+0000] {processor.py:840} INFO - DAG(s) 'example_sensor_decorator' retrieved from /home/airflow/.local/lib/python3.12/site-packages/airflow/example_dags/example_sensor_decorator.py
[2025-10-03T00:07:21.357+0000] {logging_mixin.py:188} INFO - [2025-10-03T00:07:21.357+0000] {dag.py:3096} INFO - Sync 1 DAGs
[2025-10-03T00:07:21.391+0000] {logging_mixin.py:188} INFO - [2025-10-03T00:07:21.390+0000] {dag.py:3954} INFO - Setting next_dagrun for example_sensor_decorator to None, run_after=None
[2025-10-03T00:07:21.430+0000] {processor.py:183} INFO - Processing /home/airflow/.local/lib/python3.12/site-packages/airflow/example_dags/example_sensor_decorator.py took 0.167 seconds
[2025-10-03T00:07:51.685+0000] {processor.py:161} INFO - Started process (PID=15232) to work on /home/airflow/.local/lib/python3.12/site-packages/airflow/example_dags/example_sensor_decorator.py
[2025-10-03T00:07:51.688+0000] {processor.py:830} INFO - Processing file /home/airflow/.local/lib/python3.12/site-packages/airflow/example_dags/example_sensor_decorator.py for tasks to queue
[2025-10-03T00:07:51.690+0000] {logging_mixin.py:188} INFO - [2025-10-03T00:07:51.689+0000] {dagbag.py:545} INFO - Filling up the DagBag from /home/airflow/.local/lib/python3.12/site-packages/airflow/example_dags/example_sensor_decorator.py
[2025-10-03T00:07:51.705+0000] {processor.py:840} INFO - DAG(s) 'example_sensor_decorator' retrieved from /home/airflow/.local/lib/python3.12/site-packages/airflow/example_dags/example_sensor_decorator.py
[2025-10-03T00:07:51.762+0000] {logging_mixin.py:188} INFO - [2025-10-03T00:07:51.761+0000] {dag.py:3096} INFO - Sync 1 DAGs
[2025-10-03T00:07:51.791+0000] {logging_mixin.py:188} INFO - [2025-10-03T00:07:51.791+0000] {dag.py:3954} INFO - Setting next_dagrun for example_sensor_decorator to None, run_after=None
[2025-10-03T00:07:51.836+0000] {processor.py:183} INFO - Processing /home/airflow/.local/lib/python3.12/site-packages/airflow/example_dags/example_sensor_decorator.py took 0.166 seconds
[2025-10-03T00:08:22.094+0000] {processor.py:161} INFO - Started process (PID=15285) to work on /home/airflow/.local/lib/python3.12/site-packages/airflow/example_dags/example_sensor_decorator.py
[2025-10-03T00:08:22.097+0000] {processor.py:830} INFO - Processing file /home/airflow/.local/lib/python3.12/site-packages/airflow/example_dags/example_sensor_decorator.py for tasks to queue
[2025-10-03T00:08:22.099+0000] {logging_mixin.py:188} INFO - [2025-10-03T00:08:22.098+0000] {dagbag.py:545} INFO - Filling up the DagBag from /home/airflow/.local/lib/python3.12/site-packages/airflow/example_dags/example_sensor_decorator.py
[2025-10-03T00:08:22.113+0000] {processor.py:840} INFO - DAG(s) 'example_sensor_decorator' retrieved from /home/airflow/.local/lib/python3.12/site-packages/airflow/example_dags/example_sensor_decorator.py
[2025-10-03T00:08:22.173+0000] {logging_mixin.py:188} INFO - [2025-10-03T00:08:22.173+0000] {dag.py:3096} INFO - Sync 1 DAGs
[2025-10-03T00:08:22.212+0000] {logging_mixin.py:188} INFO - [2025-10-03T00:08:22.212+0000] {dag.py:3954} INFO - Setting next_dagrun for example_sensor_decorator to None, run_after=None
[2025-10-03T00:08:22.253+0000] {processor.py:183} INFO - Processing /home/airflow/.local/lib/python3.12/site-packages/airflow/example_dags/example_sensor_decorator.py took 0.177 seconds
[2025-10-03T00:08:52.882+0000] {processor.py:161} INFO - Started process (PID=15338) to work on /home/airflow/.local/lib/python3.12/site-packages/airflow/example_dags/example_sensor_decorator.py
[2025-10-03T00:08:52.885+0000] {processor.py:830} INFO - Processing file /home/airflow/.local/lib/python3.12/site-packages/airflow/example_dags/example_sensor_decorator.py for tasks to queue
[2025-10-03T00:08:52.887+0000] {logging_mixin.py:188} INFO - [2025-10-03T00:08:52.886+0000] {dagbag.py:545} INFO - Filling up the DagBag from /home/airflow/.local/lib/python3.12/site-packages/airflow/example_dags/example_sensor_decorator.py
[2025-10-03T00:08:52.901+0000] {processor.py:840} INFO - DAG(s) 'example_sensor_decorator' retrieved from /home/airflow/.local/lib/python3.12/site-packages/airflow/example_dags/example_sensor_decorator.py
[2025-10-03T00:08:52.953+0000] {logging_mixin.py:188} INFO - [2025-10-03T00:08:52.952+0000] {dag.py:3096} INFO - Sync 1 DAGs
[2025-10-03T00:08:52.984+0000] {logging_mixin.py:188} INFO - [2025-10-03T00:08:52.984+0000] {dag.py:3954} INFO - Setting next_dagrun for example_sensor_decorator to None, run_after=None
[2025-10-03T00:08:53.034+0000] {processor.py:183} INFO - Processing /home/airflow/.local/lib/python3.12/site-packages/airflow/example_dags/example_sensor_decorator.py took 0.171 seconds
[2025-10-03T00:09:23.357+0000] {processor.py:161} INFO - Started process (PID=15391) to work on /home/airflow/.local/lib/python3.12/site-packages/airflow/example_dags/example_sensor_decorator.py
[2025-10-03T00:09:23.360+0000] {processor.py:830} INFO - Processing file /home/airflow/.local/lib/python3.12/site-packages/airflow/example_dags/example_sensor_decorator.py for tasks to queue
[2025-10-03T00:09:23.370+0000] {logging_mixin.py:188} INFO - [2025-10-03T00:09:23.369+0000] {dagbag.py:545} INFO - Filling up the DagBag from /home/airflow/.local/lib/python3.12/site-packages/airflow/example_dags/example_sensor_decorator.py
[2025-10-03T00:09:23.389+0000] {processor.py:840} INFO - DAG(s) 'example_sensor_decorator' retrieved from /home/airflow/.local/lib/python3.12/site-packages/airflow/example_dags/example_sensor_decorator.py
[2025-10-03T00:09:23.456+0000] {logging_mixin.py:188} INFO - [2025-10-03T00:09:23.455+0000] {dag.py:3096} INFO - Sync 1 DAGs
[2025-10-03T00:09:23.496+0000] {logging_mixin.py:188} INFO - [2025-10-03T00:09:23.496+0000] {dag.py:3954} INFO - Setting next_dagrun for example_sensor_decorator to None, run_after=None
[2025-10-03T00:09:23.563+0000] {processor.py:183} INFO - Processing /home/airflow/.local/lib/python3.12/site-packages/airflow/example_dags/example_sensor_decorator.py took 0.225 seconds
[2025-10-03T00:09:54.190+0000] {processor.py:161} INFO - Started process (PID=15444) to work on /home/airflow/.local/lib/python3.12/site-packages/airflow/example_dags/example_sensor_decorator.py
[2025-10-03T00:09:54.193+0000] {processor.py:830} INFO - Processing file /home/airflow/.local/lib/python3.12/site-packages/airflow/example_dags/example_sensor_decorator.py for tasks to queue
[2025-10-03T00:09:54.195+0000] {logging_mixin.py:188} INFO - [2025-10-03T00:09:54.194+0000] {dagbag.py:545} INFO - Filling up the DagBag from /home/airflow/.local/lib/python3.12/site-packages/airflow/example_dags/example_sensor_decorator.py
[2025-10-03T00:09:54.212+0000] {processor.py:840} INFO - DAG(s) 'example_sensor_decorator' retrieved from /home/airflow/.local/lib/python3.12/site-packages/airflow/example_dags/example_sensor_decorator.py
[2025-10-03T00:09:54.285+0000] {logging_mixin.py:188} INFO - [2025-10-03T00:09:54.284+0000] {dag.py:3096} INFO - Sync 1 DAGs
[2025-10-03T00:09:54.330+0000] {logging_mixin.py:188} INFO - [2025-10-03T00:09:54.329+0000] {dag.py:3954} INFO - Setting next_dagrun for example_sensor_decorator to None, run_after=None
[2025-10-03T00:09:54.392+0000] {processor.py:183} INFO - Processing /home/airflow/.local/lib/python3.12/site-packages/airflow/example_dags/example_sensor_decorator.py took 0.218 seconds
[2025-10-03T00:10:25.285+0000] {processor.py:161} INFO - Started process (PID=15497) to work on /home/airflow/.local/lib/python3.12/site-packages/airflow/example_dags/example_sensor_decorator.py
[2025-10-03T00:10:25.287+0000] {processor.py:830} INFO - Processing file /home/airflow/.local/lib/python3.12/site-packages/airflow/example_dags/example_sensor_decorator.py for tasks to queue
[2025-10-03T00:10:25.290+0000] {logging_mixin.py:188} INFO - [2025-10-03T00:10:25.289+0000] {dagbag.py:545} INFO - Filling up the DagBag from /home/airflow/.local/lib/python3.12/site-packages/airflow/example_dags/example_sensor_decorator.py
[2025-10-03T00:10:25.308+0000] {processor.py:840} INFO - DAG(s) 'example_sensor_decorator' retrieved from /home/airflow/.local/lib/python3.12/site-packages/airflow/example_dags/example_sensor_decorator.py
[2025-10-03T00:10:25.368+0000] {logging_mixin.py:188} INFO - [2025-10-03T00:10:25.367+0000] {dag.py:3096} INFO - Sync 1 DAGs
[2025-10-03T00:10:25.416+0000] {logging_mixin.py:188} INFO - [2025-10-03T00:10:25.415+0000] {dag.py:3954} INFO - Setting next_dagrun for example_sensor_decorator to None, run_after=None
[2025-10-03T00:10:25.461+0000] {processor.py:183} INFO - Processing /home/airflow/.local/lib/python3.12/site-packages/airflow/example_dags/example_sensor_decorator.py took 0.196 seconds
[2025-10-03T00:10:56.260+0000] {processor.py:161} INFO - Started process (PID=15550) to work on /home/airflow/.local/lib/python3.12/site-packages/airflow/example_dags/example_sensor_decorator.py
[2025-10-03T00:10:56.263+0000] {processor.py:830} INFO - Processing file /home/airflow/.local/lib/python3.12/site-packages/airflow/example_dags/example_sensor_decorator.py for tasks to queue
[2025-10-03T00:10:56.265+0000] {logging_mixin.py:188} INFO - [2025-10-03T00:10:56.264+0000] {dagbag.py:545} INFO - Filling up the DagBag from /home/airflow/.local/lib/python3.12/site-packages/airflow/example_dags/example_sensor_decorator.py
[2025-10-03T00:10:56.286+0000] {processor.py:840} INFO - DAG(s) 'example_sensor_decorator' retrieved from /home/airflow/.local/lib/python3.12/site-packages/airflow/example_dags/example_sensor_decorator.py
[2025-10-03T00:10:56.340+0000] {logging_mixin.py:188} INFO - [2025-10-03T00:10:56.340+0000] {dag.py:3096} INFO - Sync 1 DAGs
[2025-10-03T00:10:56.376+0000] {logging_mixin.py:188} INFO - [2025-10-03T00:10:56.375+0000] {dag.py:3954} INFO - Setting next_dagrun for example_sensor_decorator to None, run_after=None
[2025-10-03T00:10:56.427+0000] {processor.py:183} INFO - Processing /home/airflow/.local/lib/python3.12/site-packages/airflow/example_dags/example_sensor_decorator.py took 0.184 seconds
[2025-10-03T00:11:27.832+0000] {processor.py:161} INFO - Started process (PID=15601) to work on /home/airflow/.local/lib/python3.12/site-packages/airflow/example_dags/example_sensor_decorator.py
[2025-10-03T00:11:27.835+0000] {processor.py:830} INFO - Processing file /home/airflow/.local/lib/python3.12/site-packages/airflow/example_dags/example_sensor_decorator.py for tasks to queue
[2025-10-03T00:11:27.838+0000] {logging_mixin.py:188} INFO - [2025-10-03T00:11:27.837+0000] {dagbag.py:545} INFO - Filling up the DagBag from /home/airflow/.local/lib/python3.12/site-packages/airflow/example_dags/example_sensor_decorator.py
[2025-10-03T00:11:27.860+0000] {processor.py:840} INFO - DAG(s) 'example_sensor_decorator' retrieved from /home/airflow/.local/lib/python3.12/site-packages/airflow/example_dags/example_sensor_decorator.py
[2025-10-03T00:11:27.938+0000] {logging_mixin.py:188} INFO - [2025-10-03T00:11:27.937+0000] {dag.py:3096} INFO - Sync 1 DAGs
[2025-10-03T00:11:28.002+0000] {logging_mixin.py:188} INFO - [2025-10-03T00:11:28.001+0000] {dag.py:3954} INFO - Setting next_dagrun for example_sensor_decorator to None, run_after=None
[2025-10-03T00:11:28.069+0000] {processor.py:183} INFO - Processing /home/airflow/.local/lib/python3.12/site-packages/airflow/example_dags/example_sensor_decorator.py took 0.255 seconds
[2025-10-03T00:11:58.587+0000] {processor.py:161} INFO - Started process (PID=15655) to work on /home/airflow/.local/lib/python3.12/site-packages/airflow/example_dags/example_sensor_decorator.py
[2025-10-03T00:11:58.590+0000] {processor.py:830} INFO - Processing file /home/airflow/.local/lib/python3.12/site-packages/airflow/example_dags/example_sensor_decorator.py for tasks to queue
[2025-10-03T00:11:58.592+0000] {logging_mixin.py:188} INFO - [2025-10-03T00:11:58.591+0000] {dagbag.py:545} INFO - Filling up the DagBag from /home/airflow/.local/lib/python3.12/site-packages/airflow/example_dags/example_sensor_decorator.py
[2025-10-03T00:11:58.608+0000] {processor.py:840} INFO - DAG(s) 'example_sensor_decorator' retrieved from /home/airflow/.local/lib/python3.12/site-packages/airflow/example_dags/example_sensor_decorator.py
[2025-10-03T00:11:58.662+0000] {logging_mixin.py:188} INFO - [2025-10-03T00:11:58.662+0000] {dag.py:3096} INFO - Sync 1 DAGs
[2025-10-03T00:11:58.710+0000] {logging_mixin.py:188} INFO - [2025-10-03T00:11:58.709+0000] {dag.py:3954} INFO - Setting next_dagrun for example_sensor_decorator to None, run_after=None
[2025-10-03T00:11:58.780+0000] {processor.py:183} INFO - Processing /home/airflow/.local/lib/python3.12/site-packages/airflow/example_dags/example_sensor_decorator.py took 0.211 seconds
[2025-10-03T00:12:29.663+0000] {processor.py:161} INFO - Started process (PID=15708) to work on /home/airflow/.local/lib/python3.12/site-packages/airflow/example_dags/example_sensor_decorator.py
[2025-10-03T00:12:29.687+0000] {processor.py:830} INFO - Processing file /home/airflow/.local/lib/python3.12/site-packages/airflow/example_dags/example_sensor_decorator.py for tasks to queue
[2025-10-03T00:12:29.693+0000] {logging_mixin.py:188} INFO - [2025-10-03T00:12:29.691+0000] {dagbag.py:545} INFO - Filling up the DagBag from /home/airflow/.local/lib/python3.12/site-packages/airflow/example_dags/example_sensor_decorator.py
[2025-10-03T00:12:29.749+0000] {processor.py:840} INFO - DAG(s) 'example_sensor_decorator' retrieved from /home/airflow/.local/lib/python3.12/site-packages/airflow/example_dags/example_sensor_decorator.py
[2025-10-03T00:12:29.870+0000] {logging_mixin.py:188} INFO - [2025-10-03T00:12:29.869+0000] {dag.py:3096} INFO - Sync 1 DAGs
[2025-10-03T00:12:29.953+0000] {logging_mixin.py:188} INFO - [2025-10-03T00:12:29.952+0000] {dag.py:3954} INFO - Setting next_dagrun for example_sensor_decorator to None, run_after=None
[2025-10-03T00:12:30.074+0000] {processor.py:183} INFO - Processing /home/airflow/.local/lib/python3.12/site-packages/airflow/example_dags/example_sensor_decorator.py took 0.478 seconds
[2025-10-03T00:13:00.490+0000] {processor.py:161} INFO - Started process (PID=15761) to work on /home/airflow/.local/lib/python3.12/site-packages/airflow/example_dags/example_sensor_decorator.py
[2025-10-03T00:13:00.493+0000] {processor.py:830} INFO - Processing file /home/airflow/.local/lib/python3.12/site-packages/airflow/example_dags/example_sensor_decorator.py for tasks to queue
[2025-10-03T00:13:00.495+0000] {logging_mixin.py:188} INFO - [2025-10-03T00:13:00.494+0000] {dagbag.py:545} INFO - Filling up the DagBag from /home/airflow/.local/lib/python3.12/site-packages/airflow/example_dags/example_sensor_decorator.py
[2025-10-03T00:13:00.510+0000] {processor.py:840} INFO - DAG(s) 'example_sensor_decorator' retrieved from /home/airflow/.local/lib/python3.12/site-packages/airflow/example_dags/example_sensor_decorator.py
[2025-10-03T00:13:00.566+0000] {logging_mixin.py:188} INFO - [2025-10-03T00:13:00.566+0000] {dag.py:3096} INFO - Sync 1 DAGs
[2025-10-03T00:13:00.598+0000] {logging_mixin.py:188} INFO - [2025-10-03T00:13:00.598+0000] {dag.py:3954} INFO - Setting next_dagrun for example_sensor_decorator to None, run_after=None
[2025-10-03T00:13:00.639+0000] {processor.py:183} INFO - Processing /home/airflow/.local/lib/python3.12/site-packages/airflow/example_dags/example_sensor_decorator.py took 0.162 seconds
[2025-10-03T00:13:30.742+0000] {processor.py:161} INFO - Started process (PID=15814) to work on /home/airflow/.local/lib/python3.12/site-packages/airflow/example_dags/example_sensor_decorator.py
[2025-10-03T00:13:30.744+0000] {processor.py:830} INFO - Processing file /home/airflow/.local/lib/python3.12/site-packages/airflow/example_dags/example_sensor_decorator.py for tasks to queue
[2025-10-03T00:13:30.746+0000] {logging_mixin.py:188} INFO - [2025-10-03T00:13:30.745+0000] {dagbag.py:545} INFO - Filling up the DagBag from /home/airflow/.local/lib/python3.12/site-packages/airflow/example_dags/example_sensor_decorator.py
[2025-10-03T00:13:30.766+0000] {processor.py:840} INFO - DAG(s) 'example_sensor_decorator' retrieved from /home/airflow/.local/lib/python3.12/site-packages/airflow/example_dags/example_sensor_decorator.py
[2025-10-03T00:13:30.826+0000] {logging_mixin.py:188} INFO - [2025-10-03T00:13:30.825+0000] {dag.py:3096} INFO - Sync 1 DAGs
[2025-10-03T00:13:30.857+0000] {logging_mixin.py:188} INFO - [2025-10-03T00:13:30.856+0000] {dag.py:3954} INFO - Setting next_dagrun for example_sensor_decorator to None, run_after=None
[2025-10-03T00:13:30.903+0000] {processor.py:183} INFO - Processing /home/airflow/.local/lib/python3.12/site-packages/airflow/example_dags/example_sensor_decorator.py took 0.177 seconds
[2025-10-03T00:14:01.368+0000] {processor.py:161} INFO - Started process (PID=15867) to work on /home/airflow/.local/lib/python3.12/site-packages/airflow/example_dags/example_sensor_decorator.py
[2025-10-03T00:14:01.371+0000] {processor.py:830} INFO - Processing file /home/airflow/.local/lib/python3.12/site-packages/airflow/example_dags/example_sensor_decorator.py for tasks to queue
[2025-10-03T00:14:01.374+0000] {logging_mixin.py:188} INFO - [2025-10-03T00:14:01.373+0000] {dagbag.py:545} INFO - Filling up the DagBag from /home/airflow/.local/lib/python3.12/site-packages/airflow/example_dags/example_sensor_decorator.py
[2025-10-03T00:14:01.393+0000] {processor.py:840} INFO - DAG(s) 'example_sensor_decorator' retrieved from /home/airflow/.local/lib/python3.12/site-packages/airflow/example_dags/example_sensor_decorator.py
[2025-10-03T00:14:01.460+0000] {logging_mixin.py:188} INFO - [2025-10-03T00:14:01.459+0000] {dag.py:3096} INFO - Sync 1 DAGs
[2025-10-03T00:14:01.500+0000] {logging_mixin.py:188} INFO - [2025-10-03T00:14:01.500+0000] {dag.py:3954} INFO - Setting next_dagrun for example_sensor_decorator to None, run_after=None
[2025-10-03T00:14:01.561+0000] {processor.py:183} INFO - Processing /home/airflow/.local/lib/python3.12/site-packages/airflow/example_dags/example_sensor_decorator.py took 0.213 seconds
[2025-10-03T00:14:34.921+0000] {processor.py:161} INFO - Started process (PID=15920) to work on /home/airflow/.local/lib/python3.12/site-packages/airflow/example_dags/example_sensor_decorator.py
[2025-10-03T00:14:34.925+0000] {processor.py:830} INFO - Processing file /home/airflow/.local/lib/python3.12/site-packages/airflow/example_dags/example_sensor_decorator.py for tasks to queue
[2025-10-03T00:14:34.928+0000] {logging_mixin.py:188} INFO - [2025-10-03T00:14:34.927+0000] {dagbag.py:545} INFO - Filling up the DagBag from /home/airflow/.local/lib/python3.12/site-packages/airflow/example_dags/example_sensor_decorator.py
[2025-10-03T00:14:34.961+0000] {processor.py:840} INFO - DAG(s) 'example_sensor_decorator' retrieved from /home/airflow/.local/lib/python3.12/site-packages/airflow/example_dags/example_sensor_decorator.py
[2025-10-03T00:14:35.035+0000] {logging_mixin.py:188} INFO - [2025-10-03T00:14:35.034+0000] {dag.py:3096} INFO - Sync 1 DAGs
[2025-10-03T00:14:35.075+0000] {logging_mixin.py:188} INFO - [2025-10-03T00:14:35.074+0000] {dag.py:3954} INFO - Setting next_dagrun for example_sensor_decorator to None, run_after=None
[2025-10-03T00:14:35.123+0000] {processor.py:183} INFO - Processing /home/airflow/.local/lib/python3.12/site-packages/airflow/example_dags/example_sensor_decorator.py took 0.238 seconds
[2025-10-03T00:15:06.059+0000] {processor.py:161} INFO - Started process (PID=15973) to work on /home/airflow/.local/lib/python3.12/site-packages/airflow/example_dags/example_sensor_decorator.py
[2025-10-03T00:15:06.078+0000] {processor.py:830} INFO - Processing file /home/airflow/.local/lib/python3.12/site-packages/airflow/example_dags/example_sensor_decorator.py for tasks to queue
[2025-10-03T00:15:06.084+0000] {logging_mixin.py:188} INFO - [2025-10-03T00:15:06.082+0000] {dagbag.py:545} INFO - Filling up the DagBag from /home/airflow/.local/lib/python3.12/site-packages/airflow/example_dags/example_sensor_decorator.py
[2025-10-03T00:15:06.129+0000] {processor.py:840} INFO - DAG(s) 'example_sensor_decorator' retrieved from /home/airflow/.local/lib/python3.12/site-packages/airflow/example_dags/example_sensor_decorator.py
[2025-10-03T00:15:06.258+0000] {logging_mixin.py:188} INFO - [2025-10-03T00:15:06.255+0000] {dag.py:3096} INFO - Sync 1 DAGs
[2025-10-03T00:15:06.340+0000] {logging_mixin.py:188} INFO - [2025-10-03T00:15:06.339+0000] {dag.py:3954} INFO - Setting next_dagrun for example_sensor_decorator to None, run_after=None
[2025-10-03T00:15:06.397+0000] {processor.py:183} INFO - Processing /home/airflow/.local/lib/python3.12/site-packages/airflow/example_dags/example_sensor_decorator.py took 0.380 seconds
[2025-10-03T00:15:36.726+0000] {processor.py:161} INFO - Started process (PID=16026) to work on /home/airflow/.local/lib/python3.12/site-packages/airflow/example_dags/example_sensor_decorator.py
[2025-10-03T00:15:36.729+0000] {processor.py:830} INFO - Processing file /home/airflow/.local/lib/python3.12/site-packages/airflow/example_dags/example_sensor_decorator.py for tasks to queue
[2025-10-03T00:15:36.731+0000] {logging_mixin.py:188} INFO - [2025-10-03T00:15:36.730+0000] {dagbag.py:545} INFO - Filling up the DagBag from /home/airflow/.local/lib/python3.12/site-packages/airflow/example_dags/example_sensor_decorator.py
[2025-10-03T00:15:36.747+0000] {processor.py:840} INFO - DAG(s) 'example_sensor_decorator' retrieved from /home/airflow/.local/lib/python3.12/site-packages/airflow/example_dags/example_sensor_decorator.py
[2025-10-03T00:15:36.800+0000] {logging_mixin.py:188} INFO - [2025-10-03T00:15:36.800+0000] {dag.py:3096} INFO - Sync 1 DAGs
[2025-10-03T00:15:36.829+0000] {logging_mixin.py:188} INFO - [2025-10-03T00:15:36.828+0000] {dag.py:3954} INFO - Setting next_dagrun for example_sensor_decorator to None, run_after=None
[2025-10-03T00:15:36.874+0000] {processor.py:183} INFO - Processing /home/airflow/.local/lib/python3.12/site-packages/airflow/example_dags/example_sensor_decorator.py took 0.163 seconds
[2025-10-03T00:16:07.007+0000] {processor.py:161} INFO - Started process (PID=16079) to work on /home/airflow/.local/lib/python3.12/site-packages/airflow/example_dags/example_sensor_decorator.py
[2025-10-03T00:16:07.009+0000] {processor.py:830} INFO - Processing file /home/airflow/.local/lib/python3.12/site-packages/airflow/example_dags/example_sensor_decorator.py for tasks to queue
[2025-10-03T00:16:07.012+0000] {logging_mixin.py:188} INFO - [2025-10-03T00:16:07.011+0000] {dagbag.py:545} INFO - Filling up the DagBag from /home/airflow/.local/lib/python3.12/site-packages/airflow/example_dags/example_sensor_decorator.py
[2025-10-03T00:16:07.031+0000] {processor.py:840} INFO - DAG(s) 'example_sensor_decorator' retrieved from /home/airflow/.local/lib/python3.12/site-packages/airflow/example_dags/example_sensor_decorator.py
[2025-10-03T00:16:07.094+0000] {logging_mixin.py:188} INFO - [2025-10-03T00:16:07.093+0000] {dag.py:3096} INFO - Sync 1 DAGs
[2025-10-03T00:16:07.125+0000] {logging_mixin.py:188} INFO - [2025-10-03T00:16:07.124+0000] {dag.py:3954} INFO - Setting next_dagrun for example_sensor_decorator to None, run_after=None
[2025-10-03T00:16:07.177+0000] {processor.py:183} INFO - Processing /home/airflow/.local/lib/python3.12/site-packages/airflow/example_dags/example_sensor_decorator.py took 0.189 seconds
[2025-10-03T00:16:37.546+0000] {processor.py:161} INFO - Started process (PID=16132) to work on /home/airflow/.local/lib/python3.12/site-packages/airflow/example_dags/example_sensor_decorator.py
[2025-10-03T00:16:37.548+0000] {processor.py:830} INFO - Processing file /home/airflow/.local/lib/python3.12/site-packages/airflow/example_dags/example_sensor_decorator.py for tasks to queue
[2025-10-03T00:16:37.553+0000] {logging_mixin.py:188} INFO - [2025-10-03T00:16:37.551+0000] {dagbag.py:545} INFO - Filling up the DagBag from /home/airflow/.local/lib/python3.12/site-packages/airflow/example_dags/example_sensor_decorator.py
[2025-10-03T00:16:37.577+0000] {processor.py:840} INFO - DAG(s) 'example_sensor_decorator' retrieved from /home/airflow/.local/lib/python3.12/site-packages/airflow/example_dags/example_sensor_decorator.py
[2025-10-03T00:16:37.658+0000] {logging_mixin.py:188} INFO - [2025-10-03T00:16:37.658+0000] {dag.py:3096} INFO - Sync 1 DAGs
[2025-10-03T00:16:37.723+0000] {logging_mixin.py:188} INFO - [2025-10-03T00:16:37.722+0000] {dag.py:3954} INFO - Setting next_dagrun for example_sensor_decorator to None, run_after=None
[2025-10-03T00:16:37.810+0000] {processor.py:183} INFO - Processing /home/airflow/.local/lib/python3.12/site-packages/airflow/example_dags/example_sensor_decorator.py took 0.284 seconds
[2025-10-03T00:17:08.154+0000] {processor.py:161} INFO - Started process (PID=16185) to work on /home/airflow/.local/lib/python3.12/site-packages/airflow/example_dags/example_sensor_decorator.py
[2025-10-03T00:17:08.156+0000] {processor.py:830} INFO - Processing file /home/airflow/.local/lib/python3.12/site-packages/airflow/example_dags/example_sensor_decorator.py for tasks to queue
[2025-10-03T00:17:08.161+0000] {logging_mixin.py:188} INFO - [2025-10-03T00:17:08.160+0000] {dagbag.py:545} INFO - Filling up the DagBag from /home/airflow/.local/lib/python3.12/site-packages/airflow/example_dags/example_sensor_decorator.py
[2025-10-03T00:17:08.190+0000] {processor.py:840} INFO - DAG(s) 'example_sensor_decorator' retrieved from /home/airflow/.local/lib/python3.12/site-packages/airflow/example_dags/example_sensor_decorator.py
[2025-10-03T00:17:08.246+0000] {logging_mixin.py:188} INFO - [2025-10-03T00:17:08.245+0000] {dag.py:3096} INFO - Sync 1 DAGs
[2025-10-03T00:17:08.283+0000] {logging_mixin.py:188} INFO - [2025-10-03T00:17:08.282+0000] {dag.py:3954} INFO - Setting next_dagrun for example_sensor_decorator to None, run_after=None
[2025-10-03T00:17:08.325+0000] {processor.py:183} INFO - Processing /home/airflow/.local/lib/python3.12/site-packages/airflow/example_dags/example_sensor_decorator.py took 0.190 seconds
[2025-10-03T00:17:38.980+0000] {processor.py:161} INFO - Started process (PID=16238) to work on /home/airflow/.local/lib/python3.12/site-packages/airflow/example_dags/example_sensor_decorator.py
[2025-10-03T00:17:38.985+0000] {processor.py:830} INFO - Processing file /home/airflow/.local/lib/python3.12/site-packages/airflow/example_dags/example_sensor_decorator.py for tasks to queue
[2025-10-03T00:17:38.988+0000] {logging_mixin.py:188} INFO - [2025-10-03T00:17:38.987+0000] {dagbag.py:545} INFO - Filling up the DagBag from /home/airflow/.local/lib/python3.12/site-packages/airflow/example_dags/example_sensor_decorator.py
[2025-10-03T00:17:39.020+0000] {processor.py:840} INFO - DAG(s) 'example_sensor_decorator' retrieved from /home/airflow/.local/lib/python3.12/site-packages/airflow/example_dags/example_sensor_decorator.py
[2025-10-03T00:17:39.078+0000] {logging_mixin.py:188} INFO - [2025-10-03T00:17:39.077+0000] {dag.py:3096} INFO - Sync 1 DAGs
[2025-10-03T00:17:39.112+0000] {logging_mixin.py:188} INFO - [2025-10-03T00:17:39.112+0000] {dag.py:3954} INFO - Setting next_dagrun for example_sensor_decorator to None, run_after=None
[2025-10-03T00:17:39.151+0000] {processor.py:183} INFO - Processing /home/airflow/.local/lib/python3.12/site-packages/airflow/example_dags/example_sensor_decorator.py took 0.192 seconds
[2025-10-03T00:18:09.431+0000] {processor.py:161} INFO - Started process (PID=16291) to work on /home/airflow/.local/lib/python3.12/site-packages/airflow/example_dags/example_sensor_decorator.py
[2025-10-03T00:18:09.433+0000] {processor.py:830} INFO - Processing file /home/airflow/.local/lib/python3.12/site-packages/airflow/example_dags/example_sensor_decorator.py for tasks to queue
[2025-10-03T00:18:09.435+0000] {logging_mixin.py:188} INFO - [2025-10-03T00:18:09.434+0000] {dagbag.py:545} INFO - Filling up the DagBag from /home/airflow/.local/lib/python3.12/site-packages/airflow/example_dags/example_sensor_decorator.py
[2025-10-03T00:18:09.451+0000] {processor.py:840} INFO - DAG(s) 'example_sensor_decorator' retrieved from /home/airflow/.local/lib/python3.12/site-packages/airflow/example_dags/example_sensor_decorator.py
[2025-10-03T00:18:09.504+0000] {logging_mixin.py:188} INFO - [2025-10-03T00:18:09.504+0000] {dag.py:3096} INFO - Sync 1 DAGs
[2025-10-03T00:18:09.532+0000] {logging_mixin.py:188} INFO - [2025-10-03T00:18:09.532+0000] {dag.py:3954} INFO - Setting next_dagrun for example_sensor_decorator to None, run_after=None
[2025-10-03T00:18:09.576+0000] {processor.py:183} INFO - Processing /home/airflow/.local/lib/python3.12/site-packages/airflow/example_dags/example_sensor_decorator.py took 0.159 seconds
[2025-10-03T00:18:40.202+0000] {processor.py:161} INFO - Started process (PID=16344) to work on /home/airflow/.local/lib/python3.12/site-packages/airflow/example_dags/example_sensor_decorator.py
[2025-10-03T00:18:40.204+0000] {processor.py:830} INFO - Processing file /home/airflow/.local/lib/python3.12/site-packages/airflow/example_dags/example_sensor_decorator.py for tasks to queue
[2025-10-03T00:18:40.207+0000] {logging_mixin.py:188} INFO - [2025-10-03T00:18:40.206+0000] {dagbag.py:545} INFO - Filling up the DagBag from /home/airflow/.local/lib/python3.12/site-packages/airflow/example_dags/example_sensor_decorator.py
[2025-10-03T00:18:40.223+0000] {processor.py:840} INFO - DAG(s) 'example_sensor_decorator' retrieved from /home/airflow/.local/lib/python3.12/site-packages/airflow/example_dags/example_sensor_decorator.py
[2025-10-03T00:18:40.274+0000] {logging_mixin.py:188} INFO - [2025-10-03T00:18:40.273+0000] {dag.py:3096} INFO - Sync 1 DAGs
[2025-10-03T00:18:40.303+0000] {logging_mixin.py:188} INFO - [2025-10-03T00:18:40.303+0000] {dag.py:3954} INFO - Setting next_dagrun for example_sensor_decorator to None, run_after=None
[2025-10-03T00:18:40.352+0000] {processor.py:183} INFO - Processing /home/airflow/.local/lib/python3.12/site-packages/airflow/example_dags/example_sensor_decorator.py took 0.167 seconds
[2025-10-03T00:19:10.938+0000] {processor.py:161} INFO - Started process (PID=16397) to work on /home/airflow/.local/lib/python3.12/site-packages/airflow/example_dags/example_sensor_decorator.py
[2025-10-03T00:19:10.940+0000] {processor.py:830} INFO - Processing file /home/airflow/.local/lib/python3.12/site-packages/airflow/example_dags/example_sensor_decorator.py for tasks to queue
[2025-10-03T00:19:10.943+0000] {logging_mixin.py:188} INFO - [2025-10-03T00:19:10.942+0000] {dagbag.py:545} INFO - Filling up the DagBag from /home/airflow/.local/lib/python3.12/site-packages/airflow/example_dags/example_sensor_decorator.py
[2025-10-03T00:19:10.965+0000] {processor.py:840} INFO - DAG(s) 'example_sensor_decorator' retrieved from /home/airflow/.local/lib/python3.12/site-packages/airflow/example_dags/example_sensor_decorator.py
[2025-10-03T00:19:11.011+0000] {logging_mixin.py:188} INFO - [2025-10-03T00:19:11.010+0000] {dag.py:3096} INFO - Sync 1 DAGs
[2025-10-03T00:19:11.043+0000] {logging_mixin.py:188} INFO - [2025-10-03T00:19:11.043+0000] {dag.py:3954} INFO - Setting next_dagrun for example_sensor_decorator to None, run_after=None
[2025-10-03T00:19:11.085+0000] {processor.py:183} INFO - Processing /home/airflow/.local/lib/python3.12/site-packages/airflow/example_dags/example_sensor_decorator.py took 0.169 seconds
[2025-10-03T00:19:41.830+0000] {processor.py:161} INFO - Started process (PID=16450) to work on /home/airflow/.local/lib/python3.12/site-packages/airflow/example_dags/example_sensor_decorator.py
[2025-10-03T00:19:41.833+0000] {processor.py:830} INFO - Processing file /home/airflow/.local/lib/python3.12/site-packages/airflow/example_dags/example_sensor_decorator.py for tasks to queue
[2025-10-03T00:19:41.838+0000] {logging_mixin.py:188} INFO - [2025-10-03T00:19:41.836+0000] {dagbag.py:545} INFO - Filling up the DagBag from /home/airflow/.local/lib/python3.12/site-packages/airflow/example_dags/example_sensor_decorator.py
[2025-10-03T00:19:41.853+0000] {processor.py:840} INFO - DAG(s) 'example_sensor_decorator' retrieved from /home/airflow/.local/lib/python3.12/site-packages/airflow/example_dags/example_sensor_decorator.py
[2025-10-03T00:19:41.903+0000] {logging_mixin.py:188} INFO - [2025-10-03T00:19:41.902+0000] {dag.py:3096} INFO - Sync 1 DAGs
[2025-10-03T00:19:41.933+0000] {logging_mixin.py:188} INFO - [2025-10-03T00:19:41.933+0000] {dag.py:3954} INFO - Setting next_dagrun for example_sensor_decorator to None, run_after=None
[2025-10-03T00:19:41.985+0000] {processor.py:183} INFO - Processing /home/airflow/.local/lib/python3.12/site-packages/airflow/example_dags/example_sensor_decorator.py took 0.183 seconds
[2025-10-03T00:20:12.651+0000] {processor.py:161} INFO - Started process (PID=16503) to work on /home/airflow/.local/lib/python3.12/site-packages/airflow/example_dags/example_sensor_decorator.py
[2025-10-03T00:20:12.654+0000] {processor.py:830} INFO - Processing file /home/airflow/.local/lib/python3.12/site-packages/airflow/example_dags/example_sensor_decorator.py for tasks to queue
[2025-10-03T00:20:12.657+0000] {logging_mixin.py:188} INFO - [2025-10-03T00:20:12.656+0000] {dagbag.py:545} INFO - Filling up the DagBag from /home/airflow/.local/lib/python3.12/site-packages/airflow/example_dags/example_sensor_decorator.py
[2025-10-03T00:20:12.679+0000] {processor.py:840} INFO - DAG(s) 'example_sensor_decorator' retrieved from /home/airflow/.local/lib/python3.12/site-packages/airflow/example_dags/example_sensor_decorator.py
[2025-10-03T00:20:12.727+0000] {logging_mixin.py:188} INFO - [2025-10-03T00:20:12.726+0000] {dag.py:3096} INFO - Sync 1 DAGs
[2025-10-03T00:20:12.754+0000] {logging_mixin.py:188} INFO - [2025-10-03T00:20:12.754+0000] {dag.py:3954} INFO - Setting next_dagrun for example_sensor_decorator to None, run_after=None
[2025-10-03T00:20:12.806+0000] {processor.py:183} INFO - Processing /home/airflow/.local/lib/python3.12/site-packages/airflow/example_dags/example_sensor_decorator.py took 0.175 seconds
[2025-10-03T00:20:43.200+0000] {processor.py:161} INFO - Started process (PID=16556) to work on /home/airflow/.local/lib/python3.12/site-packages/airflow/example_dags/example_sensor_decorator.py
[2025-10-03T00:20:43.202+0000] {processor.py:830} INFO - Processing file /home/airflow/.local/lib/python3.12/site-packages/airflow/example_dags/example_sensor_decorator.py for tasks to queue
[2025-10-03T00:20:43.204+0000] {logging_mixin.py:188} INFO - [2025-10-03T00:20:43.204+0000] {dagbag.py:545} INFO - Filling up the DagBag from /home/airflow/.local/lib/python3.12/site-packages/airflow/example_dags/example_sensor_decorator.py
[2025-10-03T00:20:43.220+0000] {processor.py:840} INFO - DAG(s) 'example_sensor_decorator' retrieved from /home/airflow/.local/lib/python3.12/site-packages/airflow/example_dags/example_sensor_decorator.py
[2025-10-03T00:20:43.268+0000] {logging_mixin.py:188} INFO - [2025-10-03T00:20:43.267+0000] {dag.py:3096} INFO - Sync 1 DAGs
[2025-10-03T00:20:43.299+0000] {logging_mixin.py:188} INFO - [2025-10-03T00:20:43.298+0000] {dag.py:3954} INFO - Setting next_dagrun for example_sensor_decorator to None, run_after=None
[2025-10-03T00:20:43.341+0000] {processor.py:183} INFO - Processing /home/airflow/.local/lib/python3.12/site-packages/airflow/example_dags/example_sensor_decorator.py took 0.163 seconds
[2025-10-03T00:21:13.852+0000] {processor.py:161} INFO - Started process (PID=16609) to work on /home/airflow/.local/lib/python3.12/site-packages/airflow/example_dags/example_sensor_decorator.py
[2025-10-03T00:21:13.855+0000] {processor.py:830} INFO - Processing file /home/airflow/.local/lib/python3.12/site-packages/airflow/example_dags/example_sensor_decorator.py for tasks to queue
[2025-10-03T00:21:13.858+0000] {logging_mixin.py:188} INFO - [2025-10-03T00:21:13.856+0000] {dagbag.py:545} INFO - Filling up the DagBag from /home/airflow/.local/lib/python3.12/site-packages/airflow/example_dags/example_sensor_decorator.py
[2025-10-03T00:21:13.881+0000] {processor.py:840} INFO - DAG(s) 'example_sensor_decorator' retrieved from /home/airflow/.local/lib/python3.12/site-packages/airflow/example_dags/example_sensor_decorator.py
[2025-10-03T00:21:13.938+0000] {logging_mixin.py:188} INFO - [2025-10-03T00:21:13.938+0000] {dag.py:3096} INFO - Sync 1 DAGs
[2025-10-03T00:21:13.982+0000] {logging_mixin.py:188} INFO - [2025-10-03T00:21:13.981+0000] {dag.py:3954} INFO - Setting next_dagrun for example_sensor_decorator to None, run_after=None
[2025-10-03T00:21:14.030+0000] {processor.py:183} INFO - Processing /home/airflow/.local/lib/python3.12/site-packages/airflow/example_dags/example_sensor_decorator.py took 0.198 seconds
[2025-10-03T00:21:44.711+0000] {processor.py:161} INFO - Started process (PID=16662) to work on /home/airflow/.local/lib/python3.12/site-packages/airflow/example_dags/example_sensor_decorator.py
[2025-10-03T00:21:44.714+0000] {processor.py:830} INFO - Processing file /home/airflow/.local/lib/python3.12/site-packages/airflow/example_dags/example_sensor_decorator.py for tasks to queue
[2025-10-03T00:21:44.717+0000] {logging_mixin.py:188} INFO - [2025-10-03T00:21:44.716+0000] {dagbag.py:545} INFO - Filling up the DagBag from /home/airflow/.local/lib/python3.12/site-packages/airflow/example_dags/example_sensor_decorator.py
[2025-10-03T00:21:44.738+0000] {processor.py:840} INFO - DAG(s) 'example_sensor_decorator' retrieved from /home/airflow/.local/lib/python3.12/site-packages/airflow/example_dags/example_sensor_decorator.py
[2025-10-03T00:21:44.788+0000] {logging_mixin.py:188} INFO - [2025-10-03T00:21:44.787+0000] {dag.py:3096} INFO - Sync 1 DAGs
[2025-10-03T00:21:44.819+0000] {logging_mixin.py:188} INFO - [2025-10-03T00:21:44.819+0000] {dag.py:3954} INFO - Setting next_dagrun for example_sensor_decorator to None, run_after=None
[2025-10-03T00:21:44.860+0000] {processor.py:183} INFO - Processing /home/airflow/.local/lib/python3.12/site-packages/airflow/example_dags/example_sensor_decorator.py took 0.169 seconds
[2025-10-03T00:22:15.704+0000] {processor.py:161} INFO - Started process (PID=16715) to work on /home/airflow/.local/lib/python3.12/site-packages/airflow/example_dags/example_sensor_decorator.py
[2025-10-03T00:22:15.707+0000] {processor.py:830} INFO - Processing file /home/airflow/.local/lib/python3.12/site-packages/airflow/example_dags/example_sensor_decorator.py for tasks to queue
[2025-10-03T00:22:15.710+0000] {logging_mixin.py:188} INFO - [2025-10-03T00:22:15.709+0000] {dagbag.py:545} INFO - Filling up the DagBag from /home/airflow/.local/lib/python3.12/site-packages/airflow/example_dags/example_sensor_decorator.py
[2025-10-03T00:22:15.726+0000] {processor.py:840} INFO - DAG(s) 'example_sensor_decorator' retrieved from /home/airflow/.local/lib/python3.12/site-packages/airflow/example_dags/example_sensor_decorator.py
[2025-10-03T00:22:15.784+0000] {logging_mixin.py:188} INFO - [2025-10-03T00:22:15.784+0000] {dag.py:3096} INFO - Sync 1 DAGs
[2025-10-03T00:22:15.819+0000] {logging_mixin.py:188} INFO - [2025-10-03T00:22:15.819+0000] {dag.py:3954} INFO - Setting next_dagrun for example_sensor_decorator to None, run_after=None
[2025-10-03T00:22:15.869+0000] {processor.py:183} INFO - Processing /home/airflow/.local/lib/python3.12/site-packages/airflow/example_dags/example_sensor_decorator.py took 0.187 seconds
[2025-10-03T00:22:47.085+0000] {processor.py:161} INFO - Started process (PID=16768) to work on /home/airflow/.local/lib/python3.12/site-packages/airflow/example_dags/example_sensor_decorator.py
[2025-10-03T00:22:47.089+0000] {processor.py:830} INFO - Processing file /home/airflow/.local/lib/python3.12/site-packages/airflow/example_dags/example_sensor_decorator.py for tasks to queue
[2025-10-03T00:22:47.100+0000] {logging_mixin.py:188} INFO - [2025-10-03T00:22:47.095+0000] {dagbag.py:545} INFO - Filling up the DagBag from /home/airflow/.local/lib/python3.12/site-packages/airflow/example_dags/example_sensor_decorator.py
[2025-10-03T00:22:47.131+0000] {processor.py:840} INFO - DAG(s) 'example_sensor_decorator' retrieved from /home/airflow/.local/lib/python3.12/site-packages/airflow/example_dags/example_sensor_decorator.py
[2025-10-03T00:22:47.248+0000] {logging_mixin.py:188} INFO - [2025-10-03T00:22:47.247+0000] {dag.py:3096} INFO - Sync 1 DAGs
[2025-10-03T00:22:47.309+0000] {logging_mixin.py:188} INFO - [2025-10-03T00:22:47.308+0000] {dag.py:3954} INFO - Setting next_dagrun for example_sensor_decorator to None, run_after=None
[2025-10-03T00:22:47.398+0000] {processor.py:183} INFO - Processing /home/airflow/.local/lib/python3.12/site-packages/airflow/example_dags/example_sensor_decorator.py took 0.370 seconds
[2025-10-03T00:23:18.376+0000] {processor.py:161} INFO - Started process (PID=16821) to work on /home/airflow/.local/lib/python3.12/site-packages/airflow/example_dags/example_sensor_decorator.py
[2025-10-03T00:23:18.382+0000] {processor.py:830} INFO - Processing file /home/airflow/.local/lib/python3.12/site-packages/airflow/example_dags/example_sensor_decorator.py for tasks to queue
[2025-10-03T00:23:18.386+0000] {logging_mixin.py:188} INFO - [2025-10-03T00:23:18.384+0000] {dagbag.py:545} INFO - Filling up the DagBag from /home/airflow/.local/lib/python3.12/site-packages/airflow/example_dags/example_sensor_decorator.py
[2025-10-03T00:23:18.403+0000] {processor.py:840} INFO - DAG(s) 'example_sensor_decorator' retrieved from /home/airflow/.local/lib/python3.12/site-packages/airflow/example_dags/example_sensor_decorator.py
[2025-10-03T00:23:18.450+0000] {logging_mixin.py:188} INFO - [2025-10-03T00:23:18.449+0000] {dag.py:3096} INFO - Sync 1 DAGs
[2025-10-03T00:23:18.477+0000] {logging_mixin.py:188} INFO - [2025-10-03T00:23:18.476+0000] {dag.py:3954} INFO - Setting next_dagrun for example_sensor_decorator to None, run_after=None
[2025-10-03T00:23:18.525+0000] {processor.py:183} INFO - Processing /home/airflow/.local/lib/python3.12/site-packages/airflow/example_dags/example_sensor_decorator.py took 0.183 seconds
[2025-10-03T00:23:48.868+0000] {processor.py:161} INFO - Started process (PID=16874) to work on /home/airflow/.local/lib/python3.12/site-packages/airflow/example_dags/example_sensor_decorator.py
[2025-10-03T00:23:48.871+0000] {processor.py:830} INFO - Processing file /home/airflow/.local/lib/python3.12/site-packages/airflow/example_dags/example_sensor_decorator.py for tasks to queue
[2025-10-03T00:23:48.874+0000] {logging_mixin.py:188} INFO - [2025-10-03T00:23:48.873+0000] {dagbag.py:545} INFO - Filling up the DagBag from /home/airflow/.local/lib/python3.12/site-packages/airflow/example_dags/example_sensor_decorator.py
[2025-10-03T00:23:48.890+0000] {processor.py:840} INFO - DAG(s) 'example_sensor_decorator' retrieved from /home/airflow/.local/lib/python3.12/site-packages/airflow/example_dags/example_sensor_decorator.py
[2025-10-03T00:23:48.937+0000] {logging_mixin.py:188} INFO - [2025-10-03T00:23:48.936+0000] {dag.py:3096} INFO - Sync 1 DAGs
[2025-10-03T00:23:48.964+0000] {logging_mixin.py:188} INFO - [2025-10-03T00:23:48.964+0000] {dag.py:3954} INFO - Setting next_dagrun for example_sensor_decorator to None, run_after=None
[2025-10-03T00:23:49.012+0000] {processor.py:183} INFO - Processing /home/airflow/.local/lib/python3.12/site-packages/airflow/example_dags/example_sensor_decorator.py took 0.156 seconds
[2025-10-03T00:24:19.305+0000] {processor.py:161} INFO - Started process (PID=16927) to work on /home/airflow/.local/lib/python3.12/site-packages/airflow/example_dags/example_sensor_decorator.py
[2025-10-03T00:24:19.308+0000] {processor.py:830} INFO - Processing file /home/airflow/.local/lib/python3.12/site-packages/airflow/example_dags/example_sensor_decorator.py for tasks to queue
[2025-10-03T00:24:19.311+0000] {logging_mixin.py:188} INFO - [2025-10-03T00:24:19.311+0000] {dagbag.py:545} INFO - Filling up the DagBag from /home/airflow/.local/lib/python3.12/site-packages/airflow/example_dags/example_sensor_decorator.py
[2025-10-03T00:24:19.334+0000] {processor.py:840} INFO - DAG(s) 'example_sensor_decorator' retrieved from /home/airflow/.local/lib/python3.12/site-packages/airflow/example_dags/example_sensor_decorator.py
[2025-10-03T00:24:19.380+0000] {logging_mixin.py:188} INFO - [2025-10-03T00:24:19.380+0000] {dag.py:3096} INFO - Sync 1 DAGs
[2025-10-03T00:24:19.411+0000] {logging_mixin.py:188} INFO - [2025-10-03T00:24:19.410+0000] {dag.py:3954} INFO - Setting next_dagrun for example_sensor_decorator to None, run_after=None
[2025-10-03T00:24:19.477+0000] {processor.py:183} INFO - Processing /home/airflow/.local/lib/python3.12/site-packages/airflow/example_dags/example_sensor_decorator.py took 0.185 seconds
[2025-10-03T00:24:49.739+0000] {processor.py:161} INFO - Started process (PID=16980) to work on /home/airflow/.local/lib/python3.12/site-packages/airflow/example_dags/example_sensor_decorator.py
[2025-10-03T00:24:49.741+0000] {processor.py:830} INFO - Processing file /home/airflow/.local/lib/python3.12/site-packages/airflow/example_dags/example_sensor_decorator.py for tasks to queue
[2025-10-03T00:24:49.744+0000] {logging_mixin.py:188} INFO - [2025-10-03T00:24:49.743+0000] {dagbag.py:545} INFO - Filling up the DagBag from /home/airflow/.local/lib/python3.12/site-packages/airflow/example_dags/example_sensor_decorator.py
[2025-10-03T00:24:49.760+0000] {processor.py:840} INFO - DAG(s) 'example_sensor_decorator' retrieved from /home/airflow/.local/lib/python3.12/site-packages/airflow/example_dags/example_sensor_decorator.py
[2025-10-03T00:24:49.823+0000] {logging_mixin.py:188} INFO - [2025-10-03T00:24:49.822+0000] {dag.py:3096} INFO - Sync 1 DAGs
[2025-10-03T00:24:49.858+0000] {logging_mixin.py:188} INFO - [2025-10-03T00:24:49.858+0000] {dag.py:3954} INFO - Setting next_dagrun for example_sensor_decorator to None, run_after=None
[2025-10-03T00:24:49.907+0000] {processor.py:183} INFO - Processing /home/airflow/.local/lib/python3.12/site-packages/airflow/example_dags/example_sensor_decorator.py took 0.183 seconds
[2025-10-03T00:25:20.348+0000] {processor.py:161} INFO - Started process (PID=17034) to work on /home/airflow/.local/lib/python3.12/site-packages/airflow/example_dags/example_sensor_decorator.py
[2025-10-03T00:25:20.351+0000] {processor.py:830} INFO - Processing file /home/airflow/.local/lib/python3.12/site-packages/airflow/example_dags/example_sensor_decorator.py for tasks to queue
[2025-10-03T00:25:20.353+0000] {logging_mixin.py:188} INFO - [2025-10-03T00:25:20.352+0000] {dagbag.py:545} INFO - Filling up the DagBag from /home/airflow/.local/lib/python3.12/site-packages/airflow/example_dags/example_sensor_decorator.py
[2025-10-03T00:25:20.368+0000] {processor.py:840} INFO - DAG(s) 'example_sensor_decorator' retrieved from /home/airflow/.local/lib/python3.12/site-packages/airflow/example_dags/example_sensor_decorator.py
[2025-10-03T00:25:20.413+0000] {logging_mixin.py:188} INFO - [2025-10-03T00:25:20.413+0000] {dag.py:3096} INFO - Sync 1 DAGs
[2025-10-03T00:25:20.448+0000] {logging_mixin.py:188} INFO - [2025-10-03T00:25:20.447+0000] {dag.py:3954} INFO - Setting next_dagrun for example_sensor_decorator to None, run_after=None
[2025-10-03T00:25:20.488+0000] {processor.py:183} INFO - Processing /home/airflow/.local/lib/python3.12/site-packages/airflow/example_dags/example_sensor_decorator.py took 0.154 seconds
[2025-10-03T00:25:50.919+0000] {processor.py:161} INFO - Started process (PID=17087) to work on /home/airflow/.local/lib/python3.12/site-packages/airflow/example_dags/example_sensor_decorator.py
[2025-10-03T00:25:50.924+0000] {processor.py:830} INFO - Processing file /home/airflow/.local/lib/python3.12/site-packages/airflow/example_dags/example_sensor_decorator.py for tasks to queue
[2025-10-03T00:25:50.930+0000] {logging_mixin.py:188} INFO - [2025-10-03T00:25:50.929+0000] {dagbag.py:545} INFO - Filling up the DagBag from /home/airflow/.local/lib/python3.12/site-packages/airflow/example_dags/example_sensor_decorator.py
[2025-10-03T00:25:50.956+0000] {processor.py:840} INFO - DAG(s) 'example_sensor_decorator' retrieved from /home/airflow/.local/lib/python3.12/site-packages/airflow/example_dags/example_sensor_decorator.py
[2025-10-03T00:25:51.015+0000] {logging_mixin.py:188} INFO - [2025-10-03T00:25:51.014+0000] {dag.py:3096} INFO - Sync 1 DAGs
[2025-10-03T00:25:51.053+0000] {logging_mixin.py:188} INFO - [2025-10-03T00:25:51.053+0000] {dag.py:3954} INFO - Setting next_dagrun for example_sensor_decorator to None, run_after=None
[2025-10-03T00:25:51.101+0000] {processor.py:183} INFO - Processing /home/airflow/.local/lib/python3.12/site-packages/airflow/example_dags/example_sensor_decorator.py took 0.206 seconds
[2025-10-03T00:26:21.606+0000] {processor.py:161} INFO - Started process (PID=17140) to work on /home/airflow/.local/lib/python3.12/site-packages/airflow/example_dags/example_sensor_decorator.py
[2025-10-03T00:26:21.610+0000] {processor.py:830} INFO - Processing file /home/airflow/.local/lib/python3.12/site-packages/airflow/example_dags/example_sensor_decorator.py for tasks to queue
[2025-10-03T00:26:21.614+0000] {logging_mixin.py:188} INFO - [2025-10-03T00:26:21.612+0000] {dagbag.py:545} INFO - Filling up the DagBag from /home/airflow/.local/lib/python3.12/site-packages/airflow/example_dags/example_sensor_decorator.py
[2025-10-03T00:26:21.642+0000] {processor.py:840} INFO - DAG(s) 'example_sensor_decorator' retrieved from /home/airflow/.local/lib/python3.12/site-packages/airflow/example_dags/example_sensor_decorator.py
[2025-10-03T00:26:21.712+0000] {logging_mixin.py:188} INFO - [2025-10-03T00:26:21.711+0000] {dag.py:3096} INFO - Sync 1 DAGs
[2025-10-03T00:26:21.744+0000] {logging_mixin.py:188} INFO - [2025-10-03T00:26:21.744+0000] {dag.py:3954} INFO - Setting next_dagrun for example_sensor_decorator to None, run_after=None
[2025-10-03T00:26:21.786+0000] {processor.py:183} INFO - Processing /home/airflow/.local/lib/python3.12/site-packages/airflow/example_dags/example_sensor_decorator.py took 0.207 seconds
