[2025-10-03T00:00:14.311+0000] {processor.py:161} INFO - Started process (PID=14440) to work on /home/airflow/.local/lib/python3.12/site-packages/airflow/example_dags/tutorial.py
[2025-10-03T00:00:14.313+0000] {processor.py:830} INFO - Processing file /home/airflow/.local/lib/python3.12/site-packages/airflow/example_dags/tutorial.py for tasks to queue
[2025-10-03T00:00:14.316+0000] {logging_mixin.py:188} INFO - [2025-10-03T00:00:14.315+0000] {dagbag.py:545} INFO - Filling up the DagBag from /home/airflow/.local/lib/python3.12/site-packages/airflow/example_dags/tutorial.py
[2025-10-03T00:00:14.340+0000] {processor.py:840} INFO - DAG(s) 'tutorial' retrieved from /home/airflow/.local/lib/python3.12/site-packages/airflow/example_dags/tutorial.py
[2025-10-03T00:00:14.396+0000] {logging_mixin.py:188} INFO - [2025-10-03T00:00:14.395+0000] {dag.py:3096} INFO - Sync 1 DAGs
[2025-10-03T00:00:14.465+0000] {logging_mixin.py:188} INFO - [2025-10-03T00:00:14.465+0000] {dag.py:3954} INFO - Setting next_dagrun for tutorial to 2025-10-02 00:00:00+00:00, run_after=2025-10-03 00:00:00+00:00
[2025-10-03T00:00:14.516+0000] {processor.py:183} INFO - Processing /home/airflow/.local/lib/python3.12/site-packages/airflow/example_dags/tutorial.py took 0.221 seconds
[2025-10-03T00:00:44.661+0000] {processor.py:161} INFO - Started process (PID=14493) to work on /home/airflow/.local/lib/python3.12/site-packages/airflow/example_dags/tutorial.py
[2025-10-03T00:00:44.663+0000] {processor.py:830} INFO - Processing file /home/airflow/.local/lib/python3.12/site-packages/airflow/example_dags/tutorial.py for tasks to queue
[2025-10-03T00:00:44.666+0000] {logging_mixin.py:188} INFO - [2025-10-03T00:00:44.665+0000] {dagbag.py:545} INFO - Filling up the DagBag from /home/airflow/.local/lib/python3.12/site-packages/airflow/example_dags/tutorial.py
[2025-10-03T00:00:44.682+0000] {processor.py:840} INFO - DAG(s) 'tutorial' retrieved from /home/airflow/.local/lib/python3.12/site-packages/airflow/example_dags/tutorial.py
[2025-10-03T00:00:44.726+0000] {logging_mixin.py:188} INFO - [2025-10-03T00:00:44.725+0000] {dag.py:3096} INFO - Sync 1 DAGs
[2025-10-03T00:00:44.775+0000] {logging_mixin.py:188} INFO - [2025-10-03T00:00:44.774+0000] {dag.py:3954} INFO - Setting next_dagrun for tutorial to 2025-10-02 00:00:00+00:00, run_after=2025-10-03 00:00:00+00:00
[2025-10-03T00:00:44.821+0000] {processor.py:183} INFO - Processing /home/airflow/.local/lib/python3.12/site-packages/airflow/example_dags/tutorial.py took 0.175 seconds
[2025-10-03T00:01:15.822+0000] {processor.py:161} INFO - Started process (PID=14546) to work on /home/airflow/.local/lib/python3.12/site-packages/airflow/example_dags/tutorial.py
[2025-10-03T00:01:15.824+0000] {processor.py:830} INFO - Processing file /home/airflow/.local/lib/python3.12/site-packages/airflow/example_dags/tutorial.py for tasks to queue
[2025-10-03T00:01:15.826+0000] {logging_mixin.py:188} INFO - [2025-10-03T00:01:15.826+0000] {dagbag.py:545} INFO - Filling up the DagBag from /home/airflow/.local/lib/python3.12/site-packages/airflow/example_dags/tutorial.py
[2025-10-03T00:01:15.844+0000] {processor.py:840} INFO - DAG(s) 'tutorial' retrieved from /home/airflow/.local/lib/python3.12/site-packages/airflow/example_dags/tutorial.py
[2025-10-03T00:01:15.901+0000] {logging_mixin.py:188} INFO - [2025-10-03T00:01:15.900+0000] {dag.py:3096} INFO - Sync 1 DAGs
[2025-10-03T00:01:15.959+0000] {logging_mixin.py:188} INFO - [2025-10-03T00:01:15.958+0000] {dag.py:3954} INFO - Setting next_dagrun for tutorial to 2025-10-02 00:00:00+00:00, run_after=2025-10-03 00:00:00+00:00
[2025-10-03T00:01:16.006+0000] {processor.py:183} INFO - Processing /home/airflow/.local/lib/python3.12/site-packages/airflow/example_dags/tutorial.py took 0.199 seconds
[2025-10-03T00:01:46.254+0000] {processor.py:161} INFO - Started process (PID=14599) to work on /home/airflow/.local/lib/python3.12/site-packages/airflow/example_dags/tutorial.py
[2025-10-03T00:01:46.257+0000] {processor.py:830} INFO - Processing file /home/airflow/.local/lib/python3.12/site-packages/airflow/example_dags/tutorial.py for tasks to queue
[2025-10-03T00:01:46.260+0000] {logging_mixin.py:188} INFO - [2025-10-03T00:01:46.259+0000] {dagbag.py:545} INFO - Filling up the DagBag from /home/airflow/.local/lib/python3.12/site-packages/airflow/example_dags/tutorial.py
[2025-10-03T00:01:46.282+0000] {processor.py:840} INFO - DAG(s) 'tutorial' retrieved from /home/airflow/.local/lib/python3.12/site-packages/airflow/example_dags/tutorial.py
[2025-10-03T00:01:46.325+0000] {logging_mixin.py:188} INFO - [2025-10-03T00:01:46.325+0000] {dag.py:3096} INFO - Sync 1 DAGs
[2025-10-03T00:01:46.373+0000] {logging_mixin.py:188} INFO - [2025-10-03T00:01:46.373+0000] {dag.py:3954} INFO - Setting next_dagrun for tutorial to 2025-10-02 00:00:00+00:00, run_after=2025-10-03 00:00:00+00:00
[2025-10-03T00:01:46.415+0000] {processor.py:183} INFO - Processing /home/airflow/.local/lib/python3.12/site-packages/airflow/example_dags/tutorial.py took 0.179 seconds
[2025-10-03T00:02:16.849+0000] {processor.py:161} INFO - Started process (PID=14652) to work on /home/airflow/.local/lib/python3.12/site-packages/airflow/example_dags/tutorial.py
[2025-10-03T00:02:16.852+0000] {processor.py:830} INFO - Processing file /home/airflow/.local/lib/python3.12/site-packages/airflow/example_dags/tutorial.py for tasks to queue
[2025-10-03T00:02:16.855+0000] {logging_mixin.py:188} INFO - [2025-10-03T00:02:16.854+0000] {dagbag.py:545} INFO - Filling up the DagBag from /home/airflow/.local/lib/python3.12/site-packages/airflow/example_dags/tutorial.py
[2025-10-03T00:02:16.870+0000] {processor.py:840} INFO - DAG(s) 'tutorial' retrieved from /home/airflow/.local/lib/python3.12/site-packages/airflow/example_dags/tutorial.py
[2025-10-03T00:02:16.914+0000] {logging_mixin.py:188} INFO - [2025-10-03T00:02:16.913+0000] {dag.py:3096} INFO - Sync 1 DAGs
[2025-10-03T00:02:16.964+0000] {logging_mixin.py:188} INFO - [2025-10-03T00:02:16.963+0000] {dag.py:3954} INFO - Setting next_dagrun for tutorial to 2025-10-02 00:00:00+00:00, run_after=2025-10-03 00:00:00+00:00
[2025-10-03T00:02:17.006+0000] {processor.py:183} INFO - Processing /home/airflow/.local/lib/python3.12/site-packages/airflow/example_dags/tutorial.py took 0.172 seconds
[2025-10-03T00:02:47.429+0000] {processor.py:161} INFO - Started process (PID=14705) to work on /home/airflow/.local/lib/python3.12/site-packages/airflow/example_dags/tutorial.py
[2025-10-03T00:02:47.431+0000] {processor.py:830} INFO - Processing file /home/airflow/.local/lib/python3.12/site-packages/airflow/example_dags/tutorial.py for tasks to queue
[2025-10-03T00:02:47.435+0000] {logging_mixin.py:188} INFO - [2025-10-03T00:02:47.433+0000] {dagbag.py:545} INFO - Filling up the DagBag from /home/airflow/.local/lib/python3.12/site-packages/airflow/example_dags/tutorial.py
[2025-10-03T00:02:47.458+0000] {processor.py:840} INFO - DAG(s) 'tutorial' retrieved from /home/airflow/.local/lib/python3.12/site-packages/airflow/example_dags/tutorial.py
[2025-10-03T00:02:47.505+0000] {logging_mixin.py:188} INFO - [2025-10-03T00:02:47.504+0000] {dag.py:3096} INFO - Sync 1 DAGs
[2025-10-03T00:02:47.554+0000] {logging_mixin.py:188} INFO - [2025-10-03T00:02:47.553+0000] {dag.py:3954} INFO - Setting next_dagrun for tutorial to 2025-10-02 00:00:00+00:00, run_after=2025-10-03 00:00:00+00:00
[2025-10-03T00:02:47.606+0000] {processor.py:183} INFO - Processing /home/airflow/.local/lib/python3.12/site-packages/airflow/example_dags/tutorial.py took 0.197 seconds
[2025-10-03T00:03:18.119+0000] {processor.py:161} INFO - Started process (PID=14758) to work on /home/airflow/.local/lib/python3.12/site-packages/airflow/example_dags/tutorial.py
[2025-10-03T00:03:18.122+0000] {processor.py:830} INFO - Processing file /home/airflow/.local/lib/python3.12/site-packages/airflow/example_dags/tutorial.py for tasks to queue
[2025-10-03T00:03:18.124+0000] {logging_mixin.py:188} INFO - [2025-10-03T00:03:18.123+0000] {dagbag.py:545} INFO - Filling up the DagBag from /home/airflow/.local/lib/python3.12/site-packages/airflow/example_dags/tutorial.py
[2025-10-03T00:03:18.141+0000] {processor.py:840} INFO - DAG(s) 'tutorial' retrieved from /home/airflow/.local/lib/python3.12/site-packages/airflow/example_dags/tutorial.py
[2025-10-03T00:03:18.189+0000] {logging_mixin.py:188} INFO - [2025-10-03T00:03:18.189+0000] {dag.py:3096} INFO - Sync 1 DAGs
[2025-10-03T00:03:18.238+0000] {logging_mixin.py:188} INFO - [2025-10-03T00:03:18.238+0000] {dag.py:3954} INFO - Setting next_dagrun for tutorial to 2025-10-02 00:00:00+00:00, run_after=2025-10-03 00:00:00+00:00
[2025-10-03T00:03:18.287+0000] {processor.py:183} INFO - Processing /home/airflow/.local/lib/python3.12/site-packages/airflow/example_dags/tutorial.py took 0.182 seconds
[2025-10-03T00:03:48.704+0000] {processor.py:161} INFO - Started process (PID=14811) to work on /home/airflow/.local/lib/python3.12/site-packages/airflow/example_dags/tutorial.py
[2025-10-03T00:03:48.709+0000] {processor.py:830} INFO - Processing file /home/airflow/.local/lib/python3.12/site-packages/airflow/example_dags/tutorial.py for tasks to queue
[2025-10-03T00:03:48.712+0000] {logging_mixin.py:188} INFO - [2025-10-03T00:03:48.712+0000] {dagbag.py:545} INFO - Filling up the DagBag from /home/airflow/.local/lib/python3.12/site-packages/airflow/example_dags/tutorial.py
[2025-10-03T00:03:48.738+0000] {processor.py:840} INFO - DAG(s) 'tutorial' retrieved from /home/airflow/.local/lib/python3.12/site-packages/airflow/example_dags/tutorial.py
[2025-10-03T00:03:48.792+0000] {logging_mixin.py:188} INFO - [2025-10-03T00:03:48.792+0000] {dag.py:3096} INFO - Sync 1 DAGs
[2025-10-03T00:03:48.849+0000] {logging_mixin.py:188} INFO - [2025-10-03T00:03:48.848+0000] {dag.py:3954} INFO - Setting next_dagrun for tutorial to 2025-10-02 00:00:00+00:00, run_after=2025-10-03 00:00:00+00:00
[2025-10-03T00:03:48.888+0000] {processor.py:183} INFO - Processing /home/airflow/.local/lib/python3.12/site-packages/airflow/example_dags/tutorial.py took 0.206 seconds
[2025-10-03T00:04:19.331+0000] {processor.py:161} INFO - Started process (PID=14864) to work on /home/airflow/.local/lib/python3.12/site-packages/airflow/example_dags/tutorial.py
[2025-10-03T00:04:19.334+0000] {processor.py:830} INFO - Processing file /home/airflow/.local/lib/python3.12/site-packages/airflow/example_dags/tutorial.py for tasks to queue
[2025-10-03T00:04:19.337+0000] {logging_mixin.py:188} INFO - [2025-10-03T00:04:19.336+0000] {dagbag.py:545} INFO - Filling up the DagBag from /home/airflow/.local/lib/python3.12/site-packages/airflow/example_dags/tutorial.py
[2025-10-03T00:04:19.356+0000] {processor.py:840} INFO - DAG(s) 'tutorial' retrieved from /home/airflow/.local/lib/python3.12/site-packages/airflow/example_dags/tutorial.py
[2025-10-03T00:04:19.413+0000] {logging_mixin.py:188} INFO - [2025-10-03T00:04:19.412+0000] {dag.py:3096} INFO - Sync 1 DAGs
[2025-10-03T00:04:19.481+0000] {logging_mixin.py:188} INFO - [2025-10-03T00:04:19.479+0000] {dag.py:3954} INFO - Setting next_dagrun for tutorial to 2025-10-02 00:00:00+00:00, run_after=2025-10-03 00:00:00+00:00
[2025-10-03T00:04:19.541+0000] {processor.py:183} INFO - Processing /home/airflow/.local/lib/python3.12/site-packages/airflow/example_dags/tutorial.py took 0.233 seconds
[2025-10-03T00:04:49.781+0000] {processor.py:161} INFO - Started process (PID=14917) to work on /home/airflow/.local/lib/python3.12/site-packages/airflow/example_dags/tutorial.py
[2025-10-03T00:04:49.784+0000] {processor.py:830} INFO - Processing file /home/airflow/.local/lib/python3.12/site-packages/airflow/example_dags/tutorial.py for tasks to queue
[2025-10-03T00:04:49.786+0000] {logging_mixin.py:188} INFO - [2025-10-03T00:04:49.786+0000] {dagbag.py:545} INFO - Filling up the DagBag from /home/airflow/.local/lib/python3.12/site-packages/airflow/example_dags/tutorial.py
[2025-10-03T00:04:49.801+0000] {processor.py:840} INFO - DAG(s) 'tutorial' retrieved from /home/airflow/.local/lib/python3.12/site-packages/airflow/example_dags/tutorial.py
[2025-10-03T00:04:49.846+0000] {logging_mixin.py:188} INFO - [2025-10-03T00:04:49.846+0000] {dag.py:3096} INFO - Sync 1 DAGs
[2025-10-03T00:04:49.892+0000] {logging_mixin.py:188} INFO - [2025-10-03T00:04:49.891+0000] {dag.py:3954} INFO - Setting next_dagrun for tutorial to 2025-10-02 00:00:00+00:00, run_after=2025-10-03 00:00:00+00:00
[2025-10-03T00:04:49.932+0000] {processor.py:183} INFO - Processing /home/airflow/.local/lib/python3.12/site-packages/airflow/example_dags/tutorial.py took 0.168 seconds
[2025-10-03T00:05:20.485+0000] {processor.py:161} INFO - Started process (PID=14970) to work on /home/airflow/.local/lib/python3.12/site-packages/airflow/example_dags/tutorial.py
[2025-10-03T00:05:20.487+0000] {processor.py:830} INFO - Processing file /home/airflow/.local/lib/python3.12/site-packages/airflow/example_dags/tutorial.py for tasks to queue
[2025-10-03T00:05:20.489+0000] {logging_mixin.py:188} INFO - [2025-10-03T00:05:20.488+0000] {dagbag.py:545} INFO - Filling up the DagBag from /home/airflow/.local/lib/python3.12/site-packages/airflow/example_dags/tutorial.py
[2025-10-03T00:05:20.509+0000] {processor.py:840} INFO - DAG(s) 'tutorial' retrieved from /home/airflow/.local/lib/python3.12/site-packages/airflow/example_dags/tutorial.py
[2025-10-03T00:05:20.558+0000] {logging_mixin.py:188} INFO - [2025-10-03T00:05:20.558+0000] {dag.py:3096} INFO - Sync 1 DAGs
[2025-10-03T00:05:20.607+0000] {logging_mixin.py:188} INFO - [2025-10-03T00:05:20.607+0000] {dag.py:3954} INFO - Setting next_dagrun for tutorial to 2025-10-02 00:00:00+00:00, run_after=2025-10-03 00:00:00+00:00
[2025-10-03T00:05:20.650+0000] {processor.py:183} INFO - Processing /home/airflow/.local/lib/python3.12/site-packages/airflow/example_dags/tutorial.py took 0.187 seconds
[2025-10-03T00:05:51.187+0000] {processor.py:161} INFO - Started process (PID=15023) to work on /home/airflow/.local/lib/python3.12/site-packages/airflow/example_dags/tutorial.py
[2025-10-03T00:05:51.190+0000] {processor.py:830} INFO - Processing file /home/airflow/.local/lib/python3.12/site-packages/airflow/example_dags/tutorial.py for tasks to queue
[2025-10-03T00:05:51.193+0000] {logging_mixin.py:188} INFO - [2025-10-03T00:05:51.192+0000] {dagbag.py:545} INFO - Filling up the DagBag from /home/airflow/.local/lib/python3.12/site-packages/airflow/example_dags/tutorial.py
[2025-10-03T00:05:51.215+0000] {processor.py:840} INFO - DAG(s) 'tutorial' retrieved from /home/airflow/.local/lib/python3.12/site-packages/airflow/example_dags/tutorial.py
[2025-10-03T00:05:51.269+0000] {logging_mixin.py:188} INFO - [2025-10-03T00:05:51.269+0000] {dag.py:3096} INFO - Sync 1 DAGs
[2025-10-03T00:05:51.322+0000] {logging_mixin.py:188} INFO - [2025-10-03T00:05:51.321+0000] {dag.py:3954} INFO - Setting next_dagrun for tutorial to 2025-10-02 00:00:00+00:00, run_after=2025-10-03 00:00:00+00:00
[2025-10-03T00:05:51.375+0000] {processor.py:183} INFO - Processing /home/airflow/.local/lib/python3.12/site-packages/airflow/example_dags/tutorial.py took 0.202 seconds
[2025-10-03T00:06:22.059+0000] {processor.py:161} INFO - Started process (PID=15076) to work on /home/airflow/.local/lib/python3.12/site-packages/airflow/example_dags/tutorial.py
[2025-10-03T00:06:22.064+0000] {processor.py:830} INFO - Processing file /home/airflow/.local/lib/python3.12/site-packages/airflow/example_dags/tutorial.py for tasks to queue
[2025-10-03T00:06:22.067+0000] {logging_mixin.py:188} INFO - [2025-10-03T00:06:22.066+0000] {dagbag.py:545} INFO - Filling up the DagBag from /home/airflow/.local/lib/python3.12/site-packages/airflow/example_dags/tutorial.py
[2025-10-03T00:06:22.092+0000] {processor.py:840} INFO - DAG(s) 'tutorial' retrieved from /home/airflow/.local/lib/python3.12/site-packages/airflow/example_dags/tutorial.py
[2025-10-03T00:06:22.185+0000] {logging_mixin.py:188} INFO - [2025-10-03T00:06:22.184+0000] {dag.py:3096} INFO - Sync 1 DAGs
[2025-10-03T00:06:22.310+0000] {logging_mixin.py:188} INFO - [2025-10-03T00:06:22.309+0000] {dag.py:3954} INFO - Setting next_dagrun for tutorial to 2025-10-02 00:00:00+00:00, run_after=2025-10-03 00:00:00+00:00
[2025-10-03T00:06:22.398+0000] {processor.py:183} INFO - Processing /home/airflow/.local/lib/python3.12/site-packages/airflow/example_dags/tutorial.py took 0.362 seconds
[2025-10-03T00:06:53.167+0000] {processor.py:161} INFO - Started process (PID=15129) to work on /home/airflow/.local/lib/python3.12/site-packages/airflow/example_dags/tutorial.py
[2025-10-03T00:06:53.174+0000] {processor.py:830} INFO - Processing file /home/airflow/.local/lib/python3.12/site-packages/airflow/example_dags/tutorial.py for tasks to queue
[2025-10-03T00:06:53.178+0000] {logging_mixin.py:188} INFO - [2025-10-03T00:06:53.177+0000] {dagbag.py:545} INFO - Filling up the DagBag from /home/airflow/.local/lib/python3.12/site-packages/airflow/example_dags/tutorial.py
[2025-10-03T00:06:53.211+0000] {processor.py:840} INFO - DAG(s) 'tutorial' retrieved from /home/airflow/.local/lib/python3.12/site-packages/airflow/example_dags/tutorial.py
[2025-10-03T00:06:53.259+0000] {logging_mixin.py:188} INFO - [2025-10-03T00:06:53.258+0000] {dag.py:3096} INFO - Sync 1 DAGs
[2025-10-03T00:06:53.313+0000] {logging_mixin.py:188} INFO - [2025-10-03T00:06:53.312+0000] {dag.py:3954} INFO - Setting next_dagrun for tutorial to 2025-10-02 00:00:00+00:00, run_after=2025-10-03 00:00:00+00:00
[2025-10-03T00:06:53.355+0000] {processor.py:183} INFO - Processing /home/airflow/.local/lib/python3.12/site-packages/airflow/example_dags/tutorial.py took 0.211 seconds
[2025-10-03T00:07:23.592+0000] {processor.py:161} INFO - Started process (PID=15182) to work on /home/airflow/.local/lib/python3.12/site-packages/airflow/example_dags/tutorial.py
[2025-10-03T00:07:23.594+0000] {processor.py:830} INFO - Processing file /home/airflow/.local/lib/python3.12/site-packages/airflow/example_dags/tutorial.py for tasks to queue
[2025-10-03T00:07:23.597+0000] {logging_mixin.py:188} INFO - [2025-10-03T00:07:23.596+0000] {dagbag.py:545} INFO - Filling up the DagBag from /home/airflow/.local/lib/python3.12/site-packages/airflow/example_dags/tutorial.py
[2025-10-03T00:07:23.617+0000] {processor.py:840} INFO - DAG(s) 'tutorial' retrieved from /home/airflow/.local/lib/python3.12/site-packages/airflow/example_dags/tutorial.py
[2025-10-03T00:07:23.731+0000] {logging_mixin.py:188} INFO - [2025-10-03T00:07:23.730+0000] {dag.py:3096} INFO - Sync 1 DAGs
[2025-10-03T00:07:23.872+0000] {logging_mixin.py:188} INFO - [2025-10-03T00:07:23.868+0000] {dag.py:3954} INFO - Setting next_dagrun for tutorial to 2025-10-02 00:00:00+00:00, run_after=2025-10-03 00:00:00+00:00
[2025-10-03T00:07:23.971+0000] {processor.py:183} INFO - Processing /home/airflow/.local/lib/python3.12/site-packages/airflow/example_dags/tutorial.py took 0.396 seconds
[2025-10-03T00:07:54.397+0000] {processor.py:161} INFO - Started process (PID=15235) to work on /home/airflow/.local/lib/python3.12/site-packages/airflow/example_dags/tutorial.py
[2025-10-03T00:07:54.400+0000] {processor.py:830} INFO - Processing file /home/airflow/.local/lib/python3.12/site-packages/airflow/example_dags/tutorial.py for tasks to queue
[2025-10-03T00:07:54.405+0000] {logging_mixin.py:188} INFO - [2025-10-03T00:07:54.403+0000] {dagbag.py:545} INFO - Filling up the DagBag from /home/airflow/.local/lib/python3.12/site-packages/airflow/example_dags/tutorial.py
[2025-10-03T00:07:54.432+0000] {processor.py:840} INFO - DAG(s) 'tutorial' retrieved from /home/airflow/.local/lib/python3.12/site-packages/airflow/example_dags/tutorial.py
[2025-10-03T00:07:54.512+0000] {logging_mixin.py:188} INFO - [2025-10-03T00:07:54.511+0000] {dag.py:3096} INFO - Sync 1 DAGs
[2025-10-03T00:07:54.581+0000] {logging_mixin.py:188} INFO - [2025-10-03T00:07:54.581+0000] {dag.py:3954} INFO - Setting next_dagrun for tutorial to 2025-10-02 00:00:00+00:00, run_after=2025-10-03 00:00:00+00:00
[2025-10-03T00:07:54.620+0000] {processor.py:183} INFO - Processing /home/airflow/.local/lib/python3.12/site-packages/airflow/example_dags/tutorial.py took 0.256 seconds
[2025-10-03T00:08:24.825+0000] {processor.py:161} INFO - Started process (PID=15288) to work on /home/airflow/.local/lib/python3.12/site-packages/airflow/example_dags/tutorial.py
[2025-10-03T00:08:24.828+0000] {processor.py:830} INFO - Processing file /home/airflow/.local/lib/python3.12/site-packages/airflow/example_dags/tutorial.py for tasks to queue
[2025-10-03T00:08:24.831+0000] {logging_mixin.py:188} INFO - [2025-10-03T00:08:24.830+0000] {dagbag.py:545} INFO - Filling up the DagBag from /home/airflow/.local/lib/python3.12/site-packages/airflow/example_dags/tutorial.py
[2025-10-03T00:08:24.846+0000] {processor.py:840} INFO - DAG(s) 'tutorial' retrieved from /home/airflow/.local/lib/python3.12/site-packages/airflow/example_dags/tutorial.py
[2025-10-03T00:08:24.892+0000] {logging_mixin.py:188} INFO - [2025-10-03T00:08:24.892+0000] {dag.py:3096} INFO - Sync 1 DAGs
[2025-10-03T00:08:24.942+0000] {logging_mixin.py:188} INFO - [2025-10-03T00:08:24.942+0000] {dag.py:3954} INFO - Setting next_dagrun for tutorial to 2025-10-02 00:00:00+00:00, run_after=2025-10-03 00:00:00+00:00
[2025-10-03T00:08:25.000+0000] {processor.py:183} INFO - Processing /home/airflow/.local/lib/python3.12/site-packages/airflow/example_dags/tutorial.py took 0.189 seconds
[2025-10-03T00:08:55.177+0000] {processor.py:161} INFO - Started process (PID=15341) to work on /home/airflow/.local/lib/python3.12/site-packages/airflow/example_dags/tutorial.py
[2025-10-03T00:08:55.179+0000] {processor.py:830} INFO - Processing file /home/airflow/.local/lib/python3.12/site-packages/airflow/example_dags/tutorial.py for tasks to queue
[2025-10-03T00:08:55.182+0000] {logging_mixin.py:188} INFO - [2025-10-03T00:08:55.181+0000] {dagbag.py:545} INFO - Filling up the DagBag from /home/airflow/.local/lib/python3.12/site-packages/airflow/example_dags/tutorial.py
[2025-10-03T00:08:55.197+0000] {processor.py:840} INFO - DAG(s) 'tutorial' retrieved from /home/airflow/.local/lib/python3.12/site-packages/airflow/example_dags/tutorial.py
[2025-10-03T00:08:55.251+0000] {logging_mixin.py:188} INFO - [2025-10-03T00:08:55.250+0000] {dag.py:3096} INFO - Sync 1 DAGs
[2025-10-03T00:08:55.298+0000] {logging_mixin.py:188} INFO - [2025-10-03T00:08:55.298+0000] {dag.py:3954} INFO - Setting next_dagrun for tutorial to 2025-10-02 00:00:00+00:00, run_after=2025-10-03 00:00:00+00:00
[2025-10-03T00:08:55.344+0000] {processor.py:183} INFO - Processing /home/airflow/.local/lib/python3.12/site-packages/airflow/example_dags/tutorial.py took 0.181 seconds
[2025-10-03T00:09:25.697+0000] {processor.py:161} INFO - Started process (PID=15394) to work on /home/airflow/.local/lib/python3.12/site-packages/airflow/example_dags/tutorial.py
[2025-10-03T00:09:25.699+0000] {processor.py:830} INFO - Processing file /home/airflow/.local/lib/python3.12/site-packages/airflow/example_dags/tutorial.py for tasks to queue
[2025-10-03T00:09:25.701+0000] {logging_mixin.py:188} INFO - [2025-10-03T00:09:25.700+0000] {dagbag.py:545} INFO - Filling up the DagBag from /home/airflow/.local/lib/python3.12/site-packages/airflow/example_dags/tutorial.py
[2025-10-03T00:09:25.717+0000] {processor.py:840} INFO - DAG(s) 'tutorial' retrieved from /home/airflow/.local/lib/python3.12/site-packages/airflow/example_dags/tutorial.py
[2025-10-03T00:09:25.764+0000] {logging_mixin.py:188} INFO - [2025-10-03T00:09:25.764+0000] {dag.py:3096} INFO - Sync 1 DAGs
[2025-10-03T00:09:25.811+0000] {logging_mixin.py:188} INFO - [2025-10-03T00:09:25.811+0000] {dag.py:3954} INFO - Setting next_dagrun for tutorial to 2025-10-02 00:00:00+00:00, run_after=2025-10-03 00:00:00+00:00
[2025-10-03T00:09:25.862+0000] {processor.py:183} INFO - Processing /home/airflow/.local/lib/python3.12/site-packages/airflow/example_dags/tutorial.py took 0.180 seconds
[2025-10-03T00:09:56.484+0000] {processor.py:161} INFO - Started process (PID=15447) to work on /home/airflow/.local/lib/python3.12/site-packages/airflow/example_dags/tutorial.py
[2025-10-03T00:09:56.487+0000] {processor.py:830} INFO - Processing file /home/airflow/.local/lib/python3.12/site-packages/airflow/example_dags/tutorial.py for tasks to queue
[2025-10-03T00:09:56.490+0000] {logging_mixin.py:188} INFO - [2025-10-03T00:09:56.489+0000] {dagbag.py:545} INFO - Filling up the DagBag from /home/airflow/.local/lib/python3.12/site-packages/airflow/example_dags/tutorial.py
[2025-10-03T00:09:56.506+0000] {processor.py:840} INFO - DAG(s) 'tutorial' retrieved from /home/airflow/.local/lib/python3.12/site-packages/airflow/example_dags/tutorial.py
[2025-10-03T00:09:56.551+0000] {logging_mixin.py:188} INFO - [2025-10-03T00:09:56.550+0000] {dag.py:3096} INFO - Sync 1 DAGs
[2025-10-03T00:09:56.601+0000] {logging_mixin.py:188} INFO - [2025-10-03T00:09:56.600+0000] {dag.py:3954} INFO - Setting next_dagrun for tutorial to 2025-10-02 00:00:00+00:00, run_after=2025-10-03 00:00:00+00:00
[2025-10-03T00:09:56.651+0000] {processor.py:183} INFO - Processing /home/airflow/.local/lib/python3.12/site-packages/airflow/example_dags/tutorial.py took 0.183 seconds
[2025-10-03T00:10:26.847+0000] {processor.py:161} INFO - Started process (PID=15500) to work on /home/airflow/.local/lib/python3.12/site-packages/airflow/example_dags/tutorial.py
[2025-10-03T00:10:26.849+0000] {processor.py:830} INFO - Processing file /home/airflow/.local/lib/python3.12/site-packages/airflow/example_dags/tutorial.py for tasks to queue
[2025-10-03T00:10:26.852+0000] {logging_mixin.py:188} INFO - [2025-10-03T00:10:26.851+0000] {dagbag.py:545} INFO - Filling up the DagBag from /home/airflow/.local/lib/python3.12/site-packages/airflow/example_dags/tutorial.py
[2025-10-03T00:10:26.871+0000] {processor.py:840} INFO - DAG(s) 'tutorial' retrieved from /home/airflow/.local/lib/python3.12/site-packages/airflow/example_dags/tutorial.py
[2025-10-03T00:10:26.923+0000] {logging_mixin.py:188} INFO - [2025-10-03T00:10:26.922+0000] {dag.py:3096} INFO - Sync 1 DAGs
[2025-10-03T00:10:26.988+0000] {logging_mixin.py:188} INFO - [2025-10-03T00:10:26.988+0000] {dag.py:3954} INFO - Setting next_dagrun for tutorial to 2025-10-02 00:00:00+00:00, run_after=2025-10-03 00:00:00+00:00
[2025-10-03T00:10:27.036+0000] {processor.py:183} INFO - Processing /home/airflow/.local/lib/python3.12/site-packages/airflow/example_dags/tutorial.py took 0.210 seconds
[2025-10-03T00:10:57.328+0000] {processor.py:161} INFO - Started process (PID=15553) to work on /home/airflow/.local/lib/python3.12/site-packages/airflow/example_dags/tutorial.py
[2025-10-03T00:10:57.331+0000] {processor.py:830} INFO - Processing file /home/airflow/.local/lib/python3.12/site-packages/airflow/example_dags/tutorial.py for tasks to queue
[2025-10-03T00:10:57.333+0000] {logging_mixin.py:188} INFO - [2025-10-03T00:10:57.332+0000] {dagbag.py:545} INFO - Filling up the DagBag from /home/airflow/.local/lib/python3.12/site-packages/airflow/example_dags/tutorial.py
[2025-10-03T00:10:57.356+0000] {processor.py:840} INFO - DAG(s) 'tutorial' retrieved from /home/airflow/.local/lib/python3.12/site-packages/airflow/example_dags/tutorial.py
[2025-10-03T00:10:57.414+0000] {logging_mixin.py:188} INFO - [2025-10-03T00:10:57.414+0000] {dag.py:3096} INFO - Sync 1 DAGs
[2025-10-03T00:10:57.476+0000] {logging_mixin.py:188} INFO - [2025-10-03T00:10:57.476+0000] {dag.py:3954} INFO - Setting next_dagrun for tutorial to 2025-10-02 00:00:00+00:00, run_after=2025-10-03 00:00:00+00:00
[2025-10-03T00:10:57.526+0000] {processor.py:183} INFO - Processing /home/airflow/.local/lib/python3.12/site-packages/airflow/example_dags/tutorial.py took 0.218 seconds
[2025-10-03T00:11:28.559+0000] {processor.py:161} INFO - Started process (PID=15604) to work on /home/airflow/.local/lib/python3.12/site-packages/airflow/example_dags/tutorial.py
[2025-10-03T00:11:28.562+0000] {processor.py:830} INFO - Processing file /home/airflow/.local/lib/python3.12/site-packages/airflow/example_dags/tutorial.py for tasks to queue
[2025-10-03T00:11:28.565+0000] {logging_mixin.py:188} INFO - [2025-10-03T00:11:28.563+0000] {dagbag.py:545} INFO - Filling up the DagBag from /home/airflow/.local/lib/python3.12/site-packages/airflow/example_dags/tutorial.py
[2025-10-03T00:11:28.584+0000] {processor.py:840} INFO - DAG(s) 'tutorial' retrieved from /home/airflow/.local/lib/python3.12/site-packages/airflow/example_dags/tutorial.py
[2025-10-03T00:11:28.650+0000] {logging_mixin.py:188} INFO - [2025-10-03T00:11:28.649+0000] {dag.py:3096} INFO - Sync 1 DAGs
[2025-10-03T00:11:28.734+0000] {logging_mixin.py:188} INFO - [2025-10-03T00:11:28.733+0000] {dag.py:3954} INFO - Setting next_dagrun for tutorial to 2025-10-02 00:00:00+00:00, run_after=2025-10-03 00:00:00+00:00
[2025-10-03T00:11:28.787+0000] {processor.py:183} INFO - Processing /home/airflow/.local/lib/python3.12/site-packages/airflow/example_dags/tutorial.py took 0.247 seconds
[2025-10-03T00:11:59.164+0000] {processor.py:161} INFO - Started process (PID=15658) to work on /home/airflow/.local/lib/python3.12/site-packages/airflow/example_dags/tutorial.py
[2025-10-03T00:11:59.169+0000] {processor.py:830} INFO - Processing file /home/airflow/.local/lib/python3.12/site-packages/airflow/example_dags/tutorial.py for tasks to queue
[2025-10-03T00:11:59.172+0000] {logging_mixin.py:188} INFO - [2025-10-03T00:11:59.171+0000] {dagbag.py:545} INFO - Filling up the DagBag from /home/airflow/.local/lib/python3.12/site-packages/airflow/example_dags/tutorial.py
[2025-10-03T00:11:59.190+0000] {processor.py:840} INFO - DAG(s) 'tutorial' retrieved from /home/airflow/.local/lib/python3.12/site-packages/airflow/example_dags/tutorial.py
[2025-10-03T00:11:59.238+0000] {logging_mixin.py:188} INFO - [2025-10-03T00:11:59.238+0000] {dag.py:3096} INFO - Sync 1 DAGs
[2025-10-03T00:11:59.291+0000] {logging_mixin.py:188} INFO - [2025-10-03T00:11:59.290+0000] {dag.py:3954} INFO - Setting next_dagrun for tutorial to 2025-10-02 00:00:00+00:00, run_after=2025-10-03 00:00:00+00:00
[2025-10-03T00:11:59.448+0000] {processor.py:183} INFO - Processing /home/airflow/.local/lib/python3.12/site-packages/airflow/example_dags/tutorial.py took 0.302 seconds
[2025-10-03T00:12:30.802+0000] {processor.py:161} INFO - Started process (PID=15711) to work on /home/airflow/.local/lib/python3.12/site-packages/airflow/example_dags/tutorial.py
[2025-10-03T00:12:30.807+0000] {processor.py:830} INFO - Processing file /home/airflow/.local/lib/python3.12/site-packages/airflow/example_dags/tutorial.py for tasks to queue
[2025-10-03T00:12:30.810+0000] {logging_mixin.py:188} INFO - [2025-10-03T00:12:30.809+0000] {dagbag.py:545} INFO - Filling up the DagBag from /home/airflow/.local/lib/python3.12/site-packages/airflow/example_dags/tutorial.py
[2025-10-03T00:12:30.836+0000] {processor.py:840} INFO - DAG(s) 'tutorial' retrieved from /home/airflow/.local/lib/python3.12/site-packages/airflow/example_dags/tutorial.py
[2025-10-03T00:12:30.918+0000] {logging_mixin.py:188} INFO - [2025-10-03T00:12:30.917+0000] {dag.py:3096} INFO - Sync 1 DAGs
[2025-10-03T00:12:31.025+0000] {logging_mixin.py:188} INFO - [2025-10-03T00:12:31.024+0000] {dag.py:3954} INFO - Setting next_dagrun for tutorial to 2025-10-02 00:00:00+00:00, run_after=2025-10-03 00:00:00+00:00
[2025-10-03T00:12:31.119+0000] {processor.py:183} INFO - Processing /home/airflow/.local/lib/python3.12/site-packages/airflow/example_dags/tutorial.py took 0.341 seconds
[2025-10-03T00:13:01.769+0000] {processor.py:161} INFO - Started process (PID=15764) to work on /home/airflow/.local/lib/python3.12/site-packages/airflow/example_dags/tutorial.py
[2025-10-03T00:13:01.772+0000] {processor.py:830} INFO - Processing file /home/airflow/.local/lib/python3.12/site-packages/airflow/example_dags/tutorial.py for tasks to queue
[2025-10-03T00:13:01.774+0000] {logging_mixin.py:188} INFO - [2025-10-03T00:13:01.773+0000] {dagbag.py:545} INFO - Filling up the DagBag from /home/airflow/.local/lib/python3.12/site-packages/airflow/example_dags/tutorial.py
[2025-10-03T00:13:01.791+0000] {processor.py:840} INFO - DAG(s) 'tutorial' retrieved from /home/airflow/.local/lib/python3.12/site-packages/airflow/example_dags/tutorial.py
[2025-10-03T00:13:01.847+0000] {logging_mixin.py:188} INFO - [2025-10-03T00:13:01.846+0000] {dag.py:3096} INFO - Sync 1 DAGs
[2025-10-03T00:13:01.896+0000] {logging_mixin.py:188} INFO - [2025-10-03T00:13:01.896+0000] {dag.py:3954} INFO - Setting next_dagrun for tutorial to 2025-10-02 00:00:00+00:00, run_after=2025-10-03 00:00:00+00:00
[2025-10-03T00:13:01.942+0000] {processor.py:183} INFO - Processing /home/airflow/.local/lib/python3.12/site-packages/airflow/example_dags/tutorial.py took 0.190 seconds
[2025-10-03T00:13:32.381+0000] {processor.py:161} INFO - Started process (PID=15817) to work on /home/airflow/.local/lib/python3.12/site-packages/airflow/example_dags/tutorial.py
[2025-10-03T00:13:32.384+0000] {processor.py:830} INFO - Processing file /home/airflow/.local/lib/python3.12/site-packages/airflow/example_dags/tutorial.py for tasks to queue
[2025-10-03T00:13:32.387+0000] {logging_mixin.py:188} INFO - [2025-10-03T00:13:32.386+0000] {dagbag.py:545} INFO - Filling up the DagBag from /home/airflow/.local/lib/python3.12/site-packages/airflow/example_dags/tutorial.py
[2025-10-03T00:13:32.411+0000] {processor.py:840} INFO - DAG(s) 'tutorial' retrieved from /home/airflow/.local/lib/python3.12/site-packages/airflow/example_dags/tutorial.py
[2025-10-03T00:13:32.502+0000] {logging_mixin.py:188} INFO - [2025-10-03T00:13:32.501+0000] {dag.py:3096} INFO - Sync 1 DAGs
[2025-10-03T00:13:32.620+0000] {logging_mixin.py:188} INFO - [2025-10-03T00:13:32.617+0000] {dag.py:3954} INFO - Setting next_dagrun for tutorial to 2025-10-02 00:00:00+00:00, run_after=2025-10-03 00:00:00+00:00
[2025-10-03T00:13:32.691+0000] {processor.py:183} INFO - Processing /home/airflow/.local/lib/python3.12/site-packages/airflow/example_dags/tutorial.py took 0.337 seconds
[2025-10-03T00:14:03.071+0000] {processor.py:161} INFO - Started process (PID=15870) to work on /home/airflow/.local/lib/python3.12/site-packages/airflow/example_dags/tutorial.py
[2025-10-03T00:14:03.074+0000] {processor.py:830} INFO - Processing file /home/airflow/.local/lib/python3.12/site-packages/airflow/example_dags/tutorial.py for tasks to queue
[2025-10-03T00:14:03.077+0000] {logging_mixin.py:188} INFO - [2025-10-03T00:14:03.076+0000] {dagbag.py:545} INFO - Filling up the DagBag from /home/airflow/.local/lib/python3.12/site-packages/airflow/example_dags/tutorial.py
[2025-10-03T00:14:03.105+0000] {processor.py:840} INFO - DAG(s) 'tutorial' retrieved from /home/airflow/.local/lib/python3.12/site-packages/airflow/example_dags/tutorial.py
[2025-10-03T00:14:03.169+0000] {logging_mixin.py:188} INFO - [2025-10-03T00:14:03.169+0000] {dag.py:3096} INFO - Sync 1 DAGs
[2025-10-03T00:14:03.234+0000] {logging_mixin.py:188} INFO - [2025-10-03T00:14:03.233+0000] {dag.py:3954} INFO - Setting next_dagrun for tutorial to 2025-10-02 00:00:00+00:00, run_after=2025-10-03 00:00:00+00:00
[2025-10-03T00:14:03.301+0000] {processor.py:183} INFO - Processing /home/airflow/.local/lib/python3.12/site-packages/airflow/example_dags/tutorial.py took 0.250 seconds
[2025-10-03T00:14:35.416+0000] {processor.py:161} INFO - Started process (PID=15923) to work on /home/airflow/.local/lib/python3.12/site-packages/airflow/example_dags/tutorial.py
[2025-10-03T00:14:35.421+0000] {processor.py:830} INFO - Processing file /home/airflow/.local/lib/python3.12/site-packages/airflow/example_dags/tutorial.py for tasks to queue
[2025-10-03T00:14:35.426+0000] {logging_mixin.py:188} INFO - [2025-10-03T00:14:35.425+0000] {dagbag.py:545} INFO - Filling up the DagBag from /home/airflow/.local/lib/python3.12/site-packages/airflow/example_dags/tutorial.py
[2025-10-03T00:14:35.460+0000] {processor.py:840} INFO - DAG(s) 'tutorial' retrieved from /home/airflow/.local/lib/python3.12/site-packages/airflow/example_dags/tutorial.py
[2025-10-03T00:14:35.577+0000] {logging_mixin.py:188} INFO - [2025-10-03T00:14:35.576+0000] {dag.py:3096} INFO - Sync 1 DAGs
[2025-10-03T00:14:35.750+0000] {logging_mixin.py:188} INFO - [2025-10-03T00:14:35.749+0000] {dag.py:3954} INFO - Setting next_dagrun for tutorial to 2025-10-02 00:00:00+00:00, run_after=2025-10-03 00:00:00+00:00
[2025-10-03T00:14:35.826+0000] {processor.py:183} INFO - Processing /home/airflow/.local/lib/python3.12/site-packages/airflow/example_dags/tutorial.py took 0.446 seconds
[2025-10-03T00:15:06.694+0000] {processor.py:161} INFO - Started process (PID=15976) to work on /home/airflow/.local/lib/python3.12/site-packages/airflow/example_dags/tutorial.py
[2025-10-03T00:15:06.701+0000] {processor.py:830} INFO - Processing file /home/airflow/.local/lib/python3.12/site-packages/airflow/example_dags/tutorial.py for tasks to queue
[2025-10-03T00:15:06.706+0000] {logging_mixin.py:188} INFO - [2025-10-03T00:15:06.704+0000] {dagbag.py:545} INFO - Filling up the DagBag from /home/airflow/.local/lib/python3.12/site-packages/airflow/example_dags/tutorial.py
[2025-10-03T00:15:06.729+0000] {processor.py:840} INFO - DAG(s) 'tutorial' retrieved from /home/airflow/.local/lib/python3.12/site-packages/airflow/example_dags/tutorial.py
[2025-10-03T00:15:06.794+0000] {logging_mixin.py:188} INFO - [2025-10-03T00:15:06.794+0000] {dag.py:3096} INFO - Sync 1 DAGs
[2025-10-03T00:15:06.868+0000] {logging_mixin.py:188} INFO - [2025-10-03T00:15:06.867+0000] {dag.py:3954} INFO - Setting next_dagrun for tutorial to 2025-10-02 00:00:00+00:00, run_after=2025-10-03 00:00:00+00:00
[2025-10-03T00:15:06.914+0000] {processor.py:183} INFO - Processing /home/airflow/.local/lib/python3.12/site-packages/airflow/example_dags/tutorial.py took 0.247 seconds
[2025-10-03T00:15:37.066+0000] {processor.py:161} INFO - Started process (PID=16029) to work on /home/airflow/.local/lib/python3.12/site-packages/airflow/example_dags/tutorial.py
[2025-10-03T00:15:37.069+0000] {processor.py:830} INFO - Processing file /home/airflow/.local/lib/python3.12/site-packages/airflow/example_dags/tutorial.py for tasks to queue
[2025-10-03T00:15:37.072+0000] {logging_mixin.py:188} INFO - [2025-10-03T00:15:37.071+0000] {dagbag.py:545} INFO - Filling up the DagBag from /home/airflow/.local/lib/python3.12/site-packages/airflow/example_dags/tutorial.py
[2025-10-03T00:15:37.101+0000] {processor.py:840} INFO - DAG(s) 'tutorial' retrieved from /home/airflow/.local/lib/python3.12/site-packages/airflow/example_dags/tutorial.py
[2025-10-03T00:15:37.163+0000] {logging_mixin.py:188} INFO - [2025-10-03T00:15:37.163+0000] {dag.py:3096} INFO - Sync 1 DAGs
[2025-10-03T00:15:37.243+0000] {logging_mixin.py:188} INFO - [2025-10-03T00:15:37.242+0000] {dag.py:3954} INFO - Setting next_dagrun for tutorial to 2025-10-02 00:00:00+00:00, run_after=2025-10-03 00:00:00+00:00
[2025-10-03T00:15:37.305+0000] {processor.py:183} INFO - Processing /home/airflow/.local/lib/python3.12/site-packages/airflow/example_dags/tutorial.py took 0.258 seconds
[2025-10-03T00:16:07.623+0000] {processor.py:161} INFO - Started process (PID=16082) to work on /home/airflow/.local/lib/python3.12/site-packages/airflow/example_dags/tutorial.py
[2025-10-03T00:16:07.625+0000] {processor.py:830} INFO - Processing file /home/airflow/.local/lib/python3.12/site-packages/airflow/example_dags/tutorial.py for tasks to queue
[2025-10-03T00:16:07.628+0000] {logging_mixin.py:188} INFO - [2025-10-03T00:16:07.627+0000] {dagbag.py:545} INFO - Filling up the DagBag from /home/airflow/.local/lib/python3.12/site-packages/airflow/example_dags/tutorial.py
[2025-10-03T00:16:07.645+0000] {processor.py:840} INFO - DAG(s) 'tutorial' retrieved from /home/airflow/.local/lib/python3.12/site-packages/airflow/example_dags/tutorial.py
[2025-10-03T00:16:07.714+0000] {logging_mixin.py:188} INFO - [2025-10-03T00:16:07.713+0000] {dag.py:3096} INFO - Sync 1 DAGs
[2025-10-03T00:16:07.773+0000] {logging_mixin.py:188} INFO - [2025-10-03T00:16:07.773+0000] {dag.py:3954} INFO - Setting next_dagrun for tutorial to 2025-10-02 00:00:00+00:00, run_after=2025-10-03 00:00:00+00:00
[2025-10-03T00:16:07.823+0000] {processor.py:183} INFO - Processing /home/airflow/.local/lib/python3.12/site-packages/airflow/example_dags/tutorial.py took 0.215 seconds
[2025-10-03T00:16:37.953+0000] {processor.py:161} INFO - Started process (PID=16134) to work on /home/airflow/.local/lib/python3.12/site-packages/airflow/example_dags/tutorial.py
[2025-10-03T00:16:37.957+0000] {processor.py:830} INFO - Processing file /home/airflow/.local/lib/python3.12/site-packages/airflow/example_dags/tutorial.py for tasks to queue
[2025-10-03T00:16:37.960+0000] {logging_mixin.py:188} INFO - [2025-10-03T00:16:37.959+0000] {dagbag.py:545} INFO - Filling up the DagBag from /home/airflow/.local/lib/python3.12/site-packages/airflow/example_dags/tutorial.py
[2025-10-03T00:16:37.993+0000] {processor.py:840} INFO - DAG(s) 'tutorial' retrieved from /home/airflow/.local/lib/python3.12/site-packages/airflow/example_dags/tutorial.py
[2025-10-03T00:16:38.082+0000] {logging_mixin.py:188} INFO - [2025-10-03T00:16:38.081+0000] {dag.py:3096} INFO - Sync 1 DAGs
[2025-10-03T00:16:38.180+0000] {logging_mixin.py:188} INFO - [2025-10-03T00:16:38.180+0000] {dag.py:3954} INFO - Setting next_dagrun for tutorial to 2025-10-02 00:00:00+00:00, run_after=2025-10-03 00:00:00+00:00
[2025-10-03T00:16:38.282+0000] {processor.py:183} INFO - Processing /home/airflow/.local/lib/python3.12/site-packages/airflow/example_dags/tutorial.py took 0.369 seconds
[2025-10-03T00:17:08.414+0000] {processor.py:161} INFO - Started process (PID=16187) to work on /home/airflow/.local/lib/python3.12/site-packages/airflow/example_dags/tutorial.py
[2025-10-03T00:17:08.416+0000] {processor.py:830} INFO - Processing file /home/airflow/.local/lib/python3.12/site-packages/airflow/example_dags/tutorial.py for tasks to queue
[2025-10-03T00:17:08.420+0000] {logging_mixin.py:188} INFO - [2025-10-03T00:17:08.419+0000] {dagbag.py:545} INFO - Filling up the DagBag from /home/airflow/.local/lib/python3.12/site-packages/airflow/example_dags/tutorial.py
[2025-10-03T00:17:08.436+0000] {processor.py:840} INFO - DAG(s) 'tutorial' retrieved from /home/airflow/.local/lib/python3.12/site-packages/airflow/example_dags/tutorial.py
[2025-10-03T00:17:08.500+0000] {logging_mixin.py:188} INFO - [2025-10-03T00:17:08.499+0000] {dag.py:3096} INFO - Sync 1 DAGs
[2025-10-03T00:17:08.554+0000] {logging_mixin.py:188} INFO - [2025-10-03T00:17:08.554+0000] {dag.py:3954} INFO - Setting next_dagrun for tutorial to 2025-10-02 00:00:00+00:00, run_after=2025-10-03 00:00:00+00:00
[2025-10-03T00:17:08.598+0000] {processor.py:183} INFO - Processing /home/airflow/.local/lib/python3.12/site-packages/airflow/example_dags/tutorial.py took 0.203 seconds
[2025-10-03T00:17:39.222+0000] {processor.py:161} INFO - Started process (PID=16240) to work on /home/airflow/.local/lib/python3.12/site-packages/airflow/example_dags/tutorial.py
[2025-10-03T00:17:39.225+0000] {processor.py:830} INFO - Processing file /home/airflow/.local/lib/python3.12/site-packages/airflow/example_dags/tutorial.py for tasks to queue
[2025-10-03T00:17:39.228+0000] {logging_mixin.py:188} INFO - [2025-10-03T00:17:39.227+0000] {dagbag.py:545} INFO - Filling up the DagBag from /home/airflow/.local/lib/python3.12/site-packages/airflow/example_dags/tutorial.py
[2025-10-03T00:17:39.244+0000] {processor.py:840} INFO - DAG(s) 'tutorial' retrieved from /home/airflow/.local/lib/python3.12/site-packages/airflow/example_dags/tutorial.py
[2025-10-03T00:17:39.303+0000] {logging_mixin.py:188} INFO - [2025-10-03T00:17:39.302+0000] {dag.py:3096} INFO - Sync 1 DAGs
[2025-10-03T00:17:39.361+0000] {logging_mixin.py:188} INFO - [2025-10-03T00:17:39.361+0000] {dag.py:3954} INFO - Setting next_dagrun for tutorial to 2025-10-02 00:00:00+00:00, run_after=2025-10-03 00:00:00+00:00
[2025-10-03T00:17:39.424+0000] {processor.py:183} INFO - Processing /home/airflow/.local/lib/python3.12/site-packages/airflow/example_dags/tutorial.py took 0.220 seconds
[2025-10-03T00:18:09.647+0000] {processor.py:161} INFO - Started process (PID=16293) to work on /home/airflow/.local/lib/python3.12/site-packages/airflow/example_dags/tutorial.py
[2025-10-03T00:18:09.650+0000] {processor.py:830} INFO - Processing file /home/airflow/.local/lib/python3.12/site-packages/airflow/example_dags/tutorial.py for tasks to queue
[2025-10-03T00:18:09.652+0000] {logging_mixin.py:188} INFO - [2025-10-03T00:18:09.651+0000] {dagbag.py:545} INFO - Filling up the DagBag from /home/airflow/.local/lib/python3.12/site-packages/airflow/example_dags/tutorial.py
[2025-10-03T00:18:09.673+0000] {processor.py:840} INFO - DAG(s) 'tutorial' retrieved from /home/airflow/.local/lib/python3.12/site-packages/airflow/example_dags/tutorial.py
[2025-10-03T00:18:09.727+0000] {logging_mixin.py:188} INFO - [2025-10-03T00:18:09.727+0000] {dag.py:3096} INFO - Sync 1 DAGs
[2025-10-03T00:18:09.779+0000] {logging_mixin.py:188} INFO - [2025-10-03T00:18:09.779+0000] {dag.py:3954} INFO - Setting next_dagrun for tutorial to 2025-10-02 00:00:00+00:00, run_after=2025-10-03 00:00:00+00:00
[2025-10-03T00:18:09.818+0000] {processor.py:183} INFO - Processing /home/airflow/.local/lib/python3.12/site-packages/airflow/example_dags/tutorial.py took 0.186 seconds
[2025-10-03T00:18:40.513+0000] {processor.py:161} INFO - Started process (PID=16347) to work on /home/airflow/.local/lib/python3.12/site-packages/airflow/example_dags/tutorial.py
[2025-10-03T00:18:40.515+0000] {processor.py:830} INFO - Processing file /home/airflow/.local/lib/python3.12/site-packages/airflow/example_dags/tutorial.py for tasks to queue
[2025-10-03T00:18:40.517+0000] {logging_mixin.py:188} INFO - [2025-10-03T00:18:40.516+0000] {dagbag.py:545} INFO - Filling up the DagBag from /home/airflow/.local/lib/python3.12/site-packages/airflow/example_dags/tutorial.py
[2025-10-03T00:18:40.536+0000] {processor.py:840} INFO - DAG(s) 'tutorial' retrieved from /home/airflow/.local/lib/python3.12/site-packages/airflow/example_dags/tutorial.py
[2025-10-03T00:18:40.584+0000] {logging_mixin.py:188} INFO - [2025-10-03T00:18:40.583+0000] {dag.py:3096} INFO - Sync 1 DAGs
[2025-10-03T00:18:40.635+0000] {logging_mixin.py:188} INFO - [2025-10-03T00:18:40.635+0000] {dag.py:3954} INFO - Setting next_dagrun for tutorial to 2025-10-02 00:00:00+00:00, run_after=2025-10-03 00:00:00+00:00
[2025-10-03T00:18:40.680+0000] {processor.py:183} INFO - Processing /home/airflow/.local/lib/python3.12/site-packages/airflow/example_dags/tutorial.py took 0.183 seconds
[2025-10-03T00:19:11.245+0000] {processor.py:161} INFO - Started process (PID=16400) to work on /home/airflow/.local/lib/python3.12/site-packages/airflow/example_dags/tutorial.py
[2025-10-03T00:19:11.248+0000] {processor.py:830} INFO - Processing file /home/airflow/.local/lib/python3.12/site-packages/airflow/example_dags/tutorial.py for tasks to queue
[2025-10-03T00:19:11.250+0000] {logging_mixin.py:188} INFO - [2025-10-03T00:19:11.249+0000] {dagbag.py:545} INFO - Filling up the DagBag from /home/airflow/.local/lib/python3.12/site-packages/airflow/example_dags/tutorial.py
[2025-10-03T00:19:11.267+0000] {processor.py:840} INFO - DAG(s) 'tutorial' retrieved from /home/airflow/.local/lib/python3.12/site-packages/airflow/example_dags/tutorial.py
[2025-10-03T00:19:11.314+0000] {logging_mixin.py:188} INFO - [2025-10-03T00:19:11.313+0000] {dag.py:3096} INFO - Sync 1 DAGs
[2025-10-03T00:19:11.381+0000] {logging_mixin.py:188} INFO - [2025-10-03T00:19:11.381+0000] {dag.py:3954} INFO - Setting next_dagrun for tutorial to 2025-10-02 00:00:00+00:00, run_after=2025-10-03 00:00:00+00:00
[2025-10-03T00:19:11.431+0000] {processor.py:183} INFO - Processing /home/airflow/.local/lib/python3.12/site-packages/airflow/example_dags/tutorial.py took 0.201 seconds
[2025-10-03T00:19:42.181+0000] {processor.py:161} INFO - Started process (PID=16453) to work on /home/airflow/.local/lib/python3.12/site-packages/airflow/example_dags/tutorial.py
[2025-10-03T00:19:42.183+0000] {processor.py:830} INFO - Processing file /home/airflow/.local/lib/python3.12/site-packages/airflow/example_dags/tutorial.py for tasks to queue
[2025-10-03T00:19:42.185+0000] {logging_mixin.py:188} INFO - [2025-10-03T00:19:42.184+0000] {dagbag.py:545} INFO - Filling up the DagBag from /home/airflow/.local/lib/python3.12/site-packages/airflow/example_dags/tutorial.py
[2025-10-03T00:19:42.208+0000] {processor.py:840} INFO - DAG(s) 'tutorial' retrieved from /home/airflow/.local/lib/python3.12/site-packages/airflow/example_dags/tutorial.py
[2025-10-03T00:19:42.258+0000] {logging_mixin.py:188} INFO - [2025-10-03T00:19:42.257+0000] {dag.py:3096} INFO - Sync 1 DAGs
[2025-10-03T00:19:42.322+0000] {logging_mixin.py:188} INFO - [2025-10-03T00:19:42.321+0000] {dag.py:3954} INFO - Setting next_dagrun for tutorial to 2025-10-02 00:00:00+00:00, run_after=2025-10-03 00:00:00+00:00
[2025-10-03T00:19:42.373+0000] {processor.py:183} INFO - Processing /home/airflow/.local/lib/python3.12/site-packages/airflow/example_dags/tutorial.py took 0.208 seconds
[2025-10-03T00:20:12.959+0000] {processor.py:161} INFO - Started process (PID=16506) to work on /home/airflow/.local/lib/python3.12/site-packages/airflow/example_dags/tutorial.py
[2025-10-03T00:20:12.961+0000] {processor.py:830} INFO - Processing file /home/airflow/.local/lib/python3.12/site-packages/airflow/example_dags/tutorial.py for tasks to queue
[2025-10-03T00:20:12.964+0000] {logging_mixin.py:188} INFO - [2025-10-03T00:20:12.963+0000] {dagbag.py:545} INFO - Filling up the DagBag from /home/airflow/.local/lib/python3.12/site-packages/airflow/example_dags/tutorial.py
[2025-10-03T00:20:12.980+0000] {processor.py:840} INFO - DAG(s) 'tutorial' retrieved from /home/airflow/.local/lib/python3.12/site-packages/airflow/example_dags/tutorial.py
[2025-10-03T00:20:13.029+0000] {logging_mixin.py:188} INFO - [2025-10-03T00:20:13.028+0000] {dag.py:3096} INFO - Sync 1 DAGs
[2025-10-03T00:20:13.084+0000] {logging_mixin.py:188} INFO - [2025-10-03T00:20:13.083+0000] {dag.py:3954} INFO - Setting next_dagrun for tutorial to 2025-10-02 00:00:00+00:00, run_after=2025-10-03 00:00:00+00:00
[2025-10-03T00:20:13.124+0000] {processor.py:183} INFO - Processing /home/airflow/.local/lib/python3.12/site-packages/airflow/example_dags/tutorial.py took 0.186 seconds
[2025-10-03T00:20:43.534+0000] {processor.py:161} INFO - Started process (PID=16559) to work on /home/airflow/.local/lib/python3.12/site-packages/airflow/example_dags/tutorial.py
[2025-10-03T00:20:43.537+0000] {processor.py:830} INFO - Processing file /home/airflow/.local/lib/python3.12/site-packages/airflow/example_dags/tutorial.py for tasks to queue
[2025-10-03T00:20:43.540+0000] {logging_mixin.py:188} INFO - [2025-10-03T00:20:43.539+0000] {dagbag.py:545} INFO - Filling up the DagBag from /home/airflow/.local/lib/python3.12/site-packages/airflow/example_dags/tutorial.py
[2025-10-03T00:20:43.564+0000] {processor.py:840} INFO - DAG(s) 'tutorial' retrieved from /home/airflow/.local/lib/python3.12/site-packages/airflow/example_dags/tutorial.py
[2025-10-03T00:20:43.632+0000] {logging_mixin.py:188} INFO - [2025-10-03T00:20:43.632+0000] {dag.py:3096} INFO - Sync 1 DAGs
[2025-10-03T00:20:43.700+0000] {logging_mixin.py:188} INFO - [2025-10-03T00:20:43.699+0000] {dag.py:3954} INFO - Setting next_dagrun for tutorial to 2025-10-02 00:00:00+00:00, run_after=2025-10-03 00:00:00+00:00
[2025-10-03T00:20:43.752+0000] {processor.py:183} INFO - Processing /home/airflow/.local/lib/python3.12/site-packages/airflow/example_dags/tutorial.py took 0.243 seconds
[2025-10-03T00:21:14.253+0000] {processor.py:161} INFO - Started process (PID=16612) to work on /home/airflow/.local/lib/python3.12/site-packages/airflow/example_dags/tutorial.py
[2025-10-03T00:21:14.256+0000] {processor.py:830} INFO - Processing file /home/airflow/.local/lib/python3.12/site-packages/airflow/example_dags/tutorial.py for tasks to queue
[2025-10-03T00:21:14.258+0000] {logging_mixin.py:188} INFO - [2025-10-03T00:21:14.257+0000] {dagbag.py:545} INFO - Filling up the DagBag from /home/airflow/.local/lib/python3.12/site-packages/airflow/example_dags/tutorial.py
[2025-10-03T00:21:14.285+0000] {processor.py:840} INFO - DAG(s) 'tutorial' retrieved from /home/airflow/.local/lib/python3.12/site-packages/airflow/example_dags/tutorial.py
[2025-10-03T00:21:14.349+0000] {logging_mixin.py:188} INFO - [2025-10-03T00:21:14.348+0000] {dag.py:3096} INFO - Sync 1 DAGs
[2025-10-03T00:21:14.408+0000] {logging_mixin.py:188} INFO - [2025-10-03T00:21:14.407+0000] {dag.py:3954} INFO - Setting next_dagrun for tutorial to 2025-10-02 00:00:00+00:00, run_after=2025-10-03 00:00:00+00:00
[2025-10-03T00:21:14.449+0000] {processor.py:183} INFO - Processing /home/airflow/.local/lib/python3.12/site-packages/airflow/example_dags/tutorial.py took 0.216 seconds
[2025-10-03T00:21:45.018+0000] {processor.py:161} INFO - Started process (PID=16665) to work on /home/airflow/.local/lib/python3.12/site-packages/airflow/example_dags/tutorial.py
[2025-10-03T00:21:45.021+0000] {processor.py:830} INFO - Processing file /home/airflow/.local/lib/python3.12/site-packages/airflow/example_dags/tutorial.py for tasks to queue
[2025-10-03T00:21:45.023+0000] {logging_mixin.py:188} INFO - [2025-10-03T00:21:45.022+0000] {dagbag.py:545} INFO - Filling up the DagBag from /home/airflow/.local/lib/python3.12/site-packages/airflow/example_dags/tutorial.py
[2025-10-03T00:21:45.041+0000] {processor.py:840} INFO - DAG(s) 'tutorial' retrieved from /home/airflow/.local/lib/python3.12/site-packages/airflow/example_dags/tutorial.py
[2025-10-03T00:21:45.087+0000] {logging_mixin.py:188} INFO - [2025-10-03T00:21:45.087+0000] {dag.py:3096} INFO - Sync 1 DAGs
[2025-10-03T00:21:45.145+0000] {logging_mixin.py:188} INFO - [2025-10-03T00:21:45.145+0000] {dag.py:3954} INFO - Setting next_dagrun for tutorial to 2025-10-02 00:00:00+00:00, run_after=2025-10-03 00:00:00+00:00
[2025-10-03T00:21:45.197+0000] {processor.py:183} INFO - Processing /home/airflow/.local/lib/python3.12/site-packages/airflow/example_dags/tutorial.py took 0.194 seconds
[2025-10-03T00:22:16.014+0000] {processor.py:161} INFO - Started process (PID=16718) to work on /home/airflow/.local/lib/python3.12/site-packages/airflow/example_dags/tutorial.py
[2025-10-03T00:22:16.017+0000] {processor.py:830} INFO - Processing file /home/airflow/.local/lib/python3.12/site-packages/airflow/example_dags/tutorial.py for tasks to queue
[2025-10-03T00:22:16.019+0000] {logging_mixin.py:188} INFO - [2025-10-03T00:22:16.018+0000] {dagbag.py:545} INFO - Filling up the DagBag from /home/airflow/.local/lib/python3.12/site-packages/airflow/example_dags/tutorial.py
[2025-10-03T00:22:16.035+0000] {processor.py:840} INFO - DAG(s) 'tutorial' retrieved from /home/airflow/.local/lib/python3.12/site-packages/airflow/example_dags/tutorial.py
[2025-10-03T00:22:16.084+0000] {logging_mixin.py:188} INFO - [2025-10-03T00:22:16.083+0000] {dag.py:3096} INFO - Sync 1 DAGs
[2025-10-03T00:22:16.136+0000] {logging_mixin.py:188} INFO - [2025-10-03T00:22:16.136+0000] {dag.py:3954} INFO - Setting next_dagrun for tutorial to 2025-10-02 00:00:00+00:00, run_after=2025-10-03 00:00:00+00:00
[2025-10-03T00:22:16.175+0000] {processor.py:183} INFO - Processing /home/airflow/.local/lib/python3.12/site-packages/airflow/example_dags/tutorial.py took 0.175 seconds
[2025-10-03T00:22:47.894+0000] {processor.py:161} INFO - Started process (PID=16771) to work on /home/airflow/.local/lib/python3.12/site-packages/airflow/example_dags/tutorial.py
[2025-10-03T00:22:47.898+0000] {processor.py:830} INFO - Processing file /home/airflow/.local/lib/python3.12/site-packages/airflow/example_dags/tutorial.py for tasks to queue
[2025-10-03T00:22:47.903+0000] {logging_mixin.py:188} INFO - [2025-10-03T00:22:47.901+0000] {dagbag.py:545} INFO - Filling up the DagBag from /home/airflow/.local/lib/python3.12/site-packages/airflow/example_dags/tutorial.py
[2025-10-03T00:22:47.925+0000] {processor.py:840} INFO - DAG(s) 'tutorial' retrieved from /home/airflow/.local/lib/python3.12/site-packages/airflow/example_dags/tutorial.py
[2025-10-03T00:22:47.985+0000] {logging_mixin.py:188} INFO - [2025-10-03T00:22:47.983+0000] {dag.py:3096} INFO - Sync 1 DAGs
[2025-10-03T00:22:48.080+0000] {logging_mixin.py:188} INFO - [2025-10-03T00:22:48.080+0000] {dag.py:3954} INFO - Setting next_dagrun for tutorial to 2025-10-02 00:00:00+00:00, run_after=2025-10-03 00:00:00+00:00
[2025-10-03T00:22:48.172+0000] {processor.py:183} INFO - Processing /home/airflow/.local/lib/python3.12/site-packages/airflow/example_dags/tutorial.py took 0.302 seconds
[2025-10-03T00:23:18.668+0000] {processor.py:161} INFO - Started process (PID=16824) to work on /home/airflow/.local/lib/python3.12/site-packages/airflow/example_dags/tutorial.py
[2025-10-03T00:23:18.671+0000] {processor.py:830} INFO - Processing file /home/airflow/.local/lib/python3.12/site-packages/airflow/example_dags/tutorial.py for tasks to queue
[2025-10-03T00:23:18.673+0000] {logging_mixin.py:188} INFO - [2025-10-03T00:23:18.673+0000] {dagbag.py:545} INFO - Filling up the DagBag from /home/airflow/.local/lib/python3.12/site-packages/airflow/example_dags/tutorial.py
[2025-10-03T00:23:18.689+0000] {processor.py:840} INFO - DAG(s) 'tutorial' retrieved from /home/airflow/.local/lib/python3.12/site-packages/airflow/example_dags/tutorial.py
[2025-10-03T00:23:18.733+0000] {logging_mixin.py:188} INFO - [2025-10-03T00:23:18.733+0000] {dag.py:3096} INFO - Sync 1 DAGs
[2025-10-03T00:23:18.782+0000] {logging_mixin.py:188} INFO - [2025-10-03T00:23:18.782+0000] {dag.py:3954} INFO - Setting next_dagrun for tutorial to 2025-10-02 00:00:00+00:00, run_after=2025-10-03 00:00:00+00:00
[2025-10-03T00:23:18.823+0000] {processor.py:183} INFO - Processing /home/airflow/.local/lib/python3.12/site-packages/airflow/example_dags/tutorial.py took 0.169 seconds
[2025-10-03T00:23:49.326+0000] {processor.py:161} INFO - Started process (PID=16878) to work on /home/airflow/.local/lib/python3.12/site-packages/airflow/example_dags/tutorial.py
[2025-10-03T00:23:49.328+0000] {processor.py:830} INFO - Processing file /home/airflow/.local/lib/python3.12/site-packages/airflow/example_dags/tutorial.py for tasks to queue
[2025-10-03T00:23:49.331+0000] {logging_mixin.py:188} INFO - [2025-10-03T00:23:49.330+0000] {dagbag.py:545} INFO - Filling up the DagBag from /home/airflow/.local/lib/python3.12/site-packages/airflow/example_dags/tutorial.py
[2025-10-03T00:23:49.347+0000] {processor.py:840} INFO - DAG(s) 'tutorial' retrieved from /home/airflow/.local/lib/python3.12/site-packages/airflow/example_dags/tutorial.py
[2025-10-03T00:23:49.393+0000] {logging_mixin.py:188} INFO - [2025-10-03T00:23:49.393+0000] {dag.py:3096} INFO - Sync 1 DAGs
[2025-10-03T00:23:49.440+0000] {logging_mixin.py:188} INFO - [2025-10-03T00:23:49.440+0000] {dag.py:3954} INFO - Setting next_dagrun for tutorial to 2025-10-02 00:00:00+00:00, run_after=2025-10-03 00:00:00+00:00
[2025-10-03T00:23:49.492+0000] {processor.py:183} INFO - Processing /home/airflow/.local/lib/python3.12/site-packages/airflow/example_dags/tutorial.py took 0.181 seconds
[2025-10-03T00:24:19.789+0000] {processor.py:161} INFO - Started process (PID=16931) to work on /home/airflow/.local/lib/python3.12/site-packages/airflow/example_dags/tutorial.py
[2025-10-03T00:24:19.791+0000] {processor.py:830} INFO - Processing file /home/airflow/.local/lib/python3.12/site-packages/airflow/example_dags/tutorial.py for tasks to queue
[2025-10-03T00:24:19.794+0000] {logging_mixin.py:188} INFO - [2025-10-03T00:24:19.793+0000] {dagbag.py:545} INFO - Filling up the DagBag from /home/airflow/.local/lib/python3.12/site-packages/airflow/example_dags/tutorial.py
[2025-10-03T00:24:19.810+0000] {processor.py:840} INFO - DAG(s) 'tutorial' retrieved from /home/airflow/.local/lib/python3.12/site-packages/airflow/example_dags/tutorial.py
[2025-10-03T00:24:19.856+0000] {logging_mixin.py:188} INFO - [2025-10-03T00:24:19.856+0000] {dag.py:3096} INFO - Sync 1 DAGs
[2025-10-03T00:24:19.912+0000] {logging_mixin.py:188} INFO - [2025-10-03T00:24:19.911+0000] {dag.py:3954} INFO - Setting next_dagrun for tutorial to 2025-10-02 00:00:00+00:00, run_after=2025-10-03 00:00:00+00:00
[2025-10-03T00:24:19.954+0000] {processor.py:183} INFO - Processing /home/airflow/.local/lib/python3.12/site-packages/airflow/example_dags/tutorial.py took 0.180 seconds
[2025-10-03T00:24:50.334+0000] {processor.py:161} INFO - Started process (PID=16984) to work on /home/airflow/.local/lib/python3.12/site-packages/airflow/example_dags/tutorial.py
[2025-10-03T00:24:50.337+0000] {processor.py:830} INFO - Processing file /home/airflow/.local/lib/python3.12/site-packages/airflow/example_dags/tutorial.py for tasks to queue
[2025-10-03T00:24:50.340+0000] {logging_mixin.py:188} INFO - [2025-10-03T00:24:50.339+0000] {dagbag.py:545} INFO - Filling up the DagBag from /home/airflow/.local/lib/python3.12/site-packages/airflow/example_dags/tutorial.py
[2025-10-03T00:24:50.360+0000] {processor.py:840} INFO - DAG(s) 'tutorial' retrieved from /home/airflow/.local/lib/python3.12/site-packages/airflow/example_dags/tutorial.py
[2025-10-03T00:24:50.425+0000] {logging_mixin.py:188} INFO - [2025-10-03T00:24:50.425+0000] {dag.py:3096} INFO - Sync 1 DAGs
[2025-10-03T00:24:50.478+0000] {logging_mixin.py:188} INFO - [2025-10-03T00:24:50.477+0000] {dag.py:3954} INFO - Setting next_dagrun for tutorial to 2025-10-02 00:00:00+00:00, run_after=2025-10-03 00:00:00+00:00
[2025-10-03T00:24:50.525+0000] {processor.py:183} INFO - Processing /home/airflow/.local/lib/python3.12/site-packages/airflow/example_dags/tutorial.py took 0.211 seconds
[2025-10-03T00:25:20.855+0000] {processor.py:161} INFO - Started process (PID=17037) to work on /home/airflow/.local/lib/python3.12/site-packages/airflow/example_dags/tutorial.py
[2025-10-03T00:25:20.857+0000] {processor.py:830} INFO - Processing file /home/airflow/.local/lib/python3.12/site-packages/airflow/example_dags/tutorial.py for tasks to queue
[2025-10-03T00:25:20.859+0000] {logging_mixin.py:188} INFO - [2025-10-03T00:25:20.859+0000] {dagbag.py:545} INFO - Filling up the DagBag from /home/airflow/.local/lib/python3.12/site-packages/airflow/example_dags/tutorial.py
[2025-10-03T00:25:20.875+0000] {processor.py:840} INFO - DAG(s) 'tutorial' retrieved from /home/airflow/.local/lib/python3.12/site-packages/airflow/example_dags/tutorial.py
[2025-10-03T00:25:20.920+0000] {logging_mixin.py:188} INFO - [2025-10-03T00:25:20.920+0000] {dag.py:3096} INFO - Sync 1 DAGs
[2025-10-03T00:25:20.968+0000] {logging_mixin.py:188} INFO - [2025-10-03T00:25:20.968+0000] {dag.py:3954} INFO - Setting next_dagrun for tutorial to 2025-10-02 00:00:00+00:00, run_after=2025-10-03 00:00:00+00:00
[2025-10-03T00:25:21.016+0000] {processor.py:183} INFO - Processing /home/airflow/.local/lib/python3.12/site-packages/airflow/example_dags/tutorial.py took 0.175 seconds
[2025-10-03T00:25:51.550+0000] {processor.py:161} INFO - Started process (PID=17090) to work on /home/airflow/.local/lib/python3.12/site-packages/airflow/example_dags/tutorial.py
[2025-10-03T00:25:51.553+0000] {processor.py:830} INFO - Processing file /home/airflow/.local/lib/python3.12/site-packages/airflow/example_dags/tutorial.py for tasks to queue
[2025-10-03T00:25:51.557+0000] {logging_mixin.py:188} INFO - [2025-10-03T00:25:51.556+0000] {dagbag.py:545} INFO - Filling up the DagBag from /home/airflow/.local/lib/python3.12/site-packages/airflow/example_dags/tutorial.py
[2025-10-03T00:25:51.576+0000] {processor.py:840} INFO - DAG(s) 'tutorial' retrieved from /home/airflow/.local/lib/python3.12/site-packages/airflow/example_dags/tutorial.py
[2025-10-03T00:25:51.626+0000] {logging_mixin.py:188} INFO - [2025-10-03T00:25:51.625+0000] {dag.py:3096} INFO - Sync 1 DAGs
[2025-10-03T00:25:51.682+0000] {logging_mixin.py:188} INFO - [2025-10-03T00:25:51.682+0000] {dag.py:3954} INFO - Setting next_dagrun for tutorial to 2025-10-02 00:00:00+00:00, run_after=2025-10-03 00:00:00+00:00
[2025-10-03T00:25:51.739+0000] {processor.py:183} INFO - Processing /home/airflow/.local/lib/python3.12/site-packages/airflow/example_dags/tutorial.py took 0.205 seconds
[2025-10-03T00:26:22.183+0000] {processor.py:161} INFO - Started process (PID=17143) to work on /home/airflow/.local/lib/python3.12/site-packages/airflow/example_dags/tutorial.py
[2025-10-03T00:26:22.186+0000] {processor.py:830} INFO - Processing file /home/airflow/.local/lib/python3.12/site-packages/airflow/example_dags/tutorial.py for tasks to queue
[2025-10-03T00:26:22.189+0000] {logging_mixin.py:188} INFO - [2025-10-03T00:26:22.188+0000] {dagbag.py:545} INFO - Filling up the DagBag from /home/airflow/.local/lib/python3.12/site-packages/airflow/example_dags/tutorial.py
[2025-10-03T00:26:22.218+0000] {processor.py:840} INFO - DAG(s) 'tutorial' retrieved from /home/airflow/.local/lib/python3.12/site-packages/airflow/example_dags/tutorial.py
[2025-10-03T00:26:22.283+0000] {logging_mixin.py:188} INFO - [2025-10-03T00:26:22.282+0000] {dag.py:3096} INFO - Sync 1 DAGs
[2025-10-03T00:26:22.379+0000] {logging_mixin.py:188} INFO - [2025-10-03T00:26:22.379+0000] {dag.py:3954} INFO - Setting next_dagrun for tutorial to 2025-10-02 00:00:00+00:00, run_after=2025-10-03 00:00:00+00:00
[2025-10-03T00:26:22.451+0000] {processor.py:183} INFO - Processing /home/airflow/.local/lib/python3.12/site-packages/airflow/example_dags/tutorial.py took 0.286 seconds
[2025-10-03T00:26:53.216+0000] {processor.py:161} INFO - Started process (PID=17196) to work on /home/airflow/.local/lib/python3.12/site-packages/airflow/example_dags/tutorial.py
[2025-10-03T00:26:53.219+0000] {processor.py:830} INFO - Processing file /home/airflow/.local/lib/python3.12/site-packages/airflow/example_dags/tutorial.py for tasks to queue
[2025-10-03T00:26:53.222+0000] {logging_mixin.py:188} INFO - [2025-10-03T00:26:53.221+0000] {dagbag.py:545} INFO - Filling up the DagBag from /home/airflow/.local/lib/python3.12/site-packages/airflow/example_dags/tutorial.py
[2025-10-03T00:26:53.236+0000] {processor.py:840} INFO - DAG(s) 'tutorial' retrieved from /home/airflow/.local/lib/python3.12/site-packages/airflow/example_dags/tutorial.py
[2025-10-03T00:26:53.283+0000] {logging_mixin.py:188} INFO - [2025-10-03T00:26:53.282+0000] {dag.py:3096} INFO - Sync 1 DAGs
[2025-10-03T00:26:53.329+0000] {logging_mixin.py:188} INFO - [2025-10-03T00:26:53.329+0000] {dag.py:3954} INFO - Setting next_dagrun for tutorial to 2025-10-02 00:00:00+00:00, run_after=2025-10-03 00:00:00+00:00
[2025-10-03T00:26:53.375+0000] {processor.py:183} INFO - Processing /home/airflow/.local/lib/python3.12/site-packages/airflow/example_dags/tutorial.py took 0.174 seconds
[2025-10-03T00:27:23.810+0000] {processor.py:161} INFO - Started process (PID=17249) to work on /home/airflow/.local/lib/python3.12/site-packages/airflow/example_dags/tutorial.py
[2025-10-03T00:27:23.812+0000] {processor.py:830} INFO - Processing file /home/airflow/.local/lib/python3.12/site-packages/airflow/example_dags/tutorial.py for tasks to queue
[2025-10-03T00:27:23.814+0000] {logging_mixin.py:188} INFO - [2025-10-03T00:27:23.813+0000] {dagbag.py:545} INFO - Filling up the DagBag from /home/airflow/.local/lib/python3.12/site-packages/airflow/example_dags/tutorial.py
[2025-10-03T00:27:23.831+0000] {processor.py:840} INFO - DAG(s) 'tutorial' retrieved from /home/airflow/.local/lib/python3.12/site-packages/airflow/example_dags/tutorial.py
[2025-10-03T00:27:23.875+0000] {logging_mixin.py:188} INFO - [2025-10-03T00:27:23.874+0000] {dag.py:3096} INFO - Sync 1 DAGs
[2025-10-03T00:27:23.925+0000] {logging_mixin.py:188} INFO - [2025-10-03T00:27:23.925+0000] {dag.py:3954} INFO - Setting next_dagrun for tutorial to 2025-10-02 00:00:00+00:00, run_after=2025-10-03 00:00:00+00:00
[2025-10-03T00:27:23.972+0000] {processor.py:183} INFO - Processing /home/airflow/.local/lib/python3.12/site-packages/airflow/example_dags/tutorial.py took 0.178 seconds
[2025-10-03T00:27:55.094+0000] {processor.py:161} INFO - Started process (PID=17302) to work on /home/airflow/.local/lib/python3.12/site-packages/airflow/example_dags/tutorial.py
[2025-10-03T00:27:55.097+0000] {processor.py:830} INFO - Processing file /home/airflow/.local/lib/python3.12/site-packages/airflow/example_dags/tutorial.py for tasks to queue
[2025-10-03T00:27:55.106+0000] {logging_mixin.py:188} INFO - [2025-10-03T00:27:55.105+0000] {dagbag.py:545} INFO - Filling up the DagBag from /home/airflow/.local/lib/python3.12/site-packages/airflow/example_dags/tutorial.py
[2025-10-03T00:27:55.123+0000] {processor.py:840} INFO - DAG(s) 'tutorial' retrieved from /home/airflow/.local/lib/python3.12/site-packages/airflow/example_dags/tutorial.py
[2025-10-03T00:27:55.180+0000] {logging_mixin.py:188} INFO - [2025-10-03T00:27:55.179+0000] {dag.py:3096} INFO - Sync 1 DAGs
[2025-10-03T00:27:55.245+0000] {logging_mixin.py:188} INFO - [2025-10-03T00:27:55.244+0000] {dag.py:3954} INFO - Setting next_dagrun for tutorial to 2025-10-02 00:00:00+00:00, run_after=2025-10-03 00:00:00+00:00
[2025-10-03T00:27:55.287+0000] {processor.py:183} INFO - Processing /home/airflow/.local/lib/python3.12/site-packages/airflow/example_dags/tutorial.py took 0.212 seconds
[2025-10-03T00:28:25.641+0000] {processor.py:161} INFO - Started process (PID=17355) to work on /home/airflow/.local/lib/python3.12/site-packages/airflow/example_dags/tutorial.py
[2025-10-03T00:28:25.644+0000] {processor.py:830} INFO - Processing file /home/airflow/.local/lib/python3.12/site-packages/airflow/example_dags/tutorial.py for tasks to queue
[2025-10-03T00:28:25.646+0000] {logging_mixin.py:188} INFO - [2025-10-03T00:28:25.645+0000] {dagbag.py:545} INFO - Filling up the DagBag from /home/airflow/.local/lib/python3.12/site-packages/airflow/example_dags/tutorial.py
[2025-10-03T00:28:25.663+0000] {processor.py:840} INFO - DAG(s) 'tutorial' retrieved from /home/airflow/.local/lib/python3.12/site-packages/airflow/example_dags/tutorial.py
[2025-10-03T00:28:25.711+0000] {logging_mixin.py:188} INFO - [2025-10-03T00:28:25.711+0000] {dag.py:3096} INFO - Sync 1 DAGs
[2025-10-03T00:28:25.762+0000] {logging_mixin.py:188} INFO - [2025-10-03T00:28:25.761+0000] {dag.py:3954} INFO - Setting next_dagrun for tutorial to 2025-10-02 00:00:00+00:00, run_after=2025-10-03 00:00:00+00:00
[2025-10-03T00:28:25.804+0000] {processor.py:183} INFO - Processing /home/airflow/.local/lib/python3.12/site-packages/airflow/example_dags/tutorial.py took 0.177 seconds
[2025-10-03T00:28:56.288+0000] {processor.py:161} INFO - Started process (PID=17408) to work on /home/airflow/.local/lib/python3.12/site-packages/airflow/example_dags/tutorial.py
[2025-10-03T00:28:56.290+0000] {processor.py:830} INFO - Processing file /home/airflow/.local/lib/python3.12/site-packages/airflow/example_dags/tutorial.py for tasks to queue
[2025-10-03T00:28:56.293+0000] {logging_mixin.py:188} INFO - [2025-10-03T00:28:56.292+0000] {dagbag.py:545} INFO - Filling up the DagBag from /home/airflow/.local/lib/python3.12/site-packages/airflow/example_dags/tutorial.py
[2025-10-03T00:28:56.310+0000] {processor.py:840} INFO - DAG(s) 'tutorial' retrieved from /home/airflow/.local/lib/python3.12/site-packages/airflow/example_dags/tutorial.py
[2025-10-03T00:28:56.357+0000] {logging_mixin.py:188} INFO - [2025-10-03T00:28:56.356+0000] {dag.py:3096} INFO - Sync 1 DAGs
[2025-10-03T00:28:56.407+0000] {logging_mixin.py:188} INFO - [2025-10-03T00:28:56.406+0000] {dag.py:3954} INFO - Setting next_dagrun for tutorial to 2025-10-02 00:00:00+00:00, run_after=2025-10-03 00:00:00+00:00
[2025-10-03T00:28:56.458+0000] {processor.py:183} INFO - Processing /home/airflow/.local/lib/python3.12/site-packages/airflow/example_dags/tutorial.py took 0.188 seconds
[2025-10-03T00:29:27.251+0000] {processor.py:161} INFO - Started process (PID=17460) to work on /home/airflow/.local/lib/python3.12/site-packages/airflow/example_dags/tutorial.py
[2025-10-03T00:29:27.279+0000] {processor.py:830} INFO - Processing file /home/airflow/.local/lib/python3.12/site-packages/airflow/example_dags/tutorial.py for tasks to queue
[2025-10-03T00:29:27.288+0000] {logging_mixin.py:188} INFO - [2025-10-03T00:29:27.286+0000] {dagbag.py:545} INFO - Filling up the DagBag from /home/airflow/.local/lib/python3.12/site-packages/airflow/example_dags/tutorial.py
[2025-10-03T00:29:27.346+0000] {processor.py:840} INFO - DAG(s) 'tutorial' retrieved from /home/airflow/.local/lib/python3.12/site-packages/airflow/example_dags/tutorial.py
[2025-10-03T00:29:27.462+0000] {logging_mixin.py:188} INFO - [2025-10-03T00:29:27.461+0000] {dag.py:3096} INFO - Sync 1 DAGs
[2025-10-03T00:29:27.592+0000] {logging_mixin.py:188} INFO - [2025-10-03T00:29:27.589+0000] {dag.py:3954} INFO - Setting next_dagrun for tutorial to 2025-10-02 00:00:00+00:00, run_after=2025-10-03 00:00:00+00:00
[2025-10-03T00:29:27.685+0000] {processor.py:183} INFO - Processing /home/airflow/.local/lib/python3.12/site-packages/airflow/example_dags/tutorial.py took 0.490 seconds
[2025-10-03T00:29:58.430+0000] {processor.py:161} INFO - Started process (PID=17512) to work on /home/airflow/.local/lib/python3.12/site-packages/airflow/example_dags/tutorial.py
[2025-10-03T00:29:58.433+0000] {processor.py:830} INFO - Processing file /home/airflow/.local/lib/python3.12/site-packages/airflow/example_dags/tutorial.py for tasks to queue
[2025-10-03T00:29:58.435+0000] {logging_mixin.py:188} INFO - [2025-10-03T00:29:58.434+0000] {dagbag.py:545} INFO - Filling up the DagBag from /home/airflow/.local/lib/python3.12/site-packages/airflow/example_dags/tutorial.py
[2025-10-03T00:29:58.451+0000] {processor.py:840} INFO - DAG(s) 'tutorial' retrieved from /home/airflow/.local/lib/python3.12/site-packages/airflow/example_dags/tutorial.py
[2025-10-03T00:29:58.506+0000] {logging_mixin.py:188} INFO - [2025-10-03T00:29:58.506+0000] {dag.py:3096} INFO - Sync 1 DAGs
[2025-10-03T00:29:58.552+0000] {logging_mixin.py:188} INFO - [2025-10-03T00:29:58.551+0000] {dag.py:3954} INFO - Setting next_dagrun for tutorial to 2025-10-02 00:00:00+00:00, run_after=2025-10-03 00:00:00+00:00
[2025-10-03T00:29:58.599+0000] {processor.py:183} INFO - Processing /home/airflow/.local/lib/python3.12/site-packages/airflow/example_dags/tutorial.py took 0.182 seconds
[2025-10-03T00:30:29.218+0000] {processor.py:161} INFO - Started process (PID=17565) to work on /home/airflow/.local/lib/python3.12/site-packages/airflow/example_dags/tutorial.py
[2025-10-03T00:30:29.221+0000] {processor.py:830} INFO - Processing file /home/airflow/.local/lib/python3.12/site-packages/airflow/example_dags/tutorial.py for tasks to queue
[2025-10-03T00:30:29.223+0000] {logging_mixin.py:188} INFO - [2025-10-03T00:30:29.223+0000] {dagbag.py:545} INFO - Filling up the DagBag from /home/airflow/.local/lib/python3.12/site-packages/airflow/example_dags/tutorial.py
[2025-10-03T00:30:29.242+0000] {processor.py:840} INFO - DAG(s) 'tutorial' retrieved from /home/airflow/.local/lib/python3.12/site-packages/airflow/example_dags/tutorial.py
[2025-10-03T00:30:29.296+0000] {logging_mixin.py:188} INFO - [2025-10-03T00:30:29.296+0000] {dag.py:3096} INFO - Sync 1 DAGs
[2025-10-03T00:30:29.346+0000] {logging_mixin.py:188} INFO - [2025-10-03T00:30:29.345+0000] {dag.py:3954} INFO - Setting next_dagrun for tutorial to 2025-10-02 00:00:00+00:00, run_after=2025-10-03 00:00:00+00:00
[2025-10-03T00:30:29.396+0000] {processor.py:183} INFO - Processing /home/airflow/.local/lib/python3.12/site-packages/airflow/example_dags/tutorial.py took 0.196 seconds
[2025-10-03T00:30:59.870+0000] {processor.py:161} INFO - Started process (PID=17617) to work on /home/airflow/.local/lib/python3.12/site-packages/airflow/example_dags/tutorial.py
[2025-10-03T00:30:59.872+0000] {processor.py:830} INFO - Processing file /home/airflow/.local/lib/python3.12/site-packages/airflow/example_dags/tutorial.py for tasks to queue
[2025-10-03T00:30:59.875+0000] {logging_mixin.py:188} INFO - [2025-10-03T00:30:59.874+0000] {dagbag.py:545} INFO - Filling up the DagBag from /home/airflow/.local/lib/python3.12/site-packages/airflow/example_dags/tutorial.py
[2025-10-03T00:30:59.900+0000] {processor.py:840} INFO - DAG(s) 'tutorial' retrieved from /home/airflow/.local/lib/python3.12/site-packages/airflow/example_dags/tutorial.py
[2025-10-03T00:30:59.945+0000] {logging_mixin.py:188} INFO - [2025-10-03T00:30:59.944+0000] {dag.py:3096} INFO - Sync 1 DAGs
[2025-10-03T00:30:59.999+0000] {logging_mixin.py:188} INFO - [2025-10-03T00:30:59.998+0000] {dag.py:3954} INFO - Setting next_dagrun for tutorial to 2025-10-02 00:00:00+00:00, run_after=2025-10-03 00:00:00+00:00
[2025-10-03T00:31:00.044+0000] {processor.py:183} INFO - Processing /home/airflow/.local/lib/python3.12/site-packages/airflow/example_dags/tutorial.py took 0.188 seconds
[2025-10-03T00:31:30.240+0000] {processor.py:161} INFO - Started process (PID=17670) to work on /home/airflow/.local/lib/python3.12/site-packages/airflow/example_dags/tutorial.py
[2025-10-03T00:31:30.243+0000] {processor.py:830} INFO - Processing file /home/airflow/.local/lib/python3.12/site-packages/airflow/example_dags/tutorial.py for tasks to queue
[2025-10-03T00:31:30.245+0000] {logging_mixin.py:188} INFO - [2025-10-03T00:31:30.245+0000] {dagbag.py:545} INFO - Filling up the DagBag from /home/airflow/.local/lib/python3.12/site-packages/airflow/example_dags/tutorial.py
[2025-10-03T00:31:30.260+0000] {processor.py:840} INFO - DAG(s) 'tutorial' retrieved from /home/airflow/.local/lib/python3.12/site-packages/airflow/example_dags/tutorial.py
[2025-10-03T00:31:30.308+0000] {logging_mixin.py:188} INFO - [2025-10-03T00:31:30.308+0000] {dag.py:3096} INFO - Sync 1 DAGs
[2025-10-03T00:31:30.366+0000] {logging_mixin.py:188} INFO - [2025-10-03T00:31:30.365+0000] {dag.py:3954} INFO - Setting next_dagrun for tutorial to 2025-10-02 00:00:00+00:00, run_after=2025-10-03 00:00:00+00:00
[2025-10-03T00:31:30.423+0000] {processor.py:183} INFO - Processing /home/airflow/.local/lib/python3.12/site-packages/airflow/example_dags/tutorial.py took 0.200 seconds
[2025-10-03T00:32:00.571+0000] {processor.py:161} INFO - Started process (PID=17723) to work on /home/airflow/.local/lib/python3.12/site-packages/airflow/example_dags/tutorial.py
[2025-10-03T00:32:00.574+0000] {processor.py:830} INFO - Processing file /home/airflow/.local/lib/python3.12/site-packages/airflow/example_dags/tutorial.py for tasks to queue
[2025-10-03T00:32:00.576+0000] {logging_mixin.py:188} INFO - [2025-10-03T00:32:00.575+0000] {dagbag.py:545} INFO - Filling up the DagBag from /home/airflow/.local/lib/python3.12/site-packages/airflow/example_dags/tutorial.py
[2025-10-03T00:32:00.591+0000] {processor.py:840} INFO - DAG(s) 'tutorial' retrieved from /home/airflow/.local/lib/python3.12/site-packages/airflow/example_dags/tutorial.py
[2025-10-03T00:32:00.633+0000] {logging_mixin.py:188} INFO - [2025-10-03T00:32:00.633+0000] {dag.py:3096} INFO - Sync 1 DAGs
[2025-10-03T00:32:00.680+0000] {logging_mixin.py:188} INFO - [2025-10-03T00:32:00.680+0000] {dag.py:3954} INFO - Setting next_dagrun for tutorial to 2025-10-02 00:00:00+00:00, run_after=2025-10-03 00:00:00+00:00
[2025-10-03T00:32:00.718+0000] {processor.py:183} INFO - Processing /home/airflow/.local/lib/python3.12/site-packages/airflow/example_dags/tutorial.py took 0.160 seconds
[2025-10-03T00:32:31.350+0000] {processor.py:161} INFO - Started process (PID=17776) to work on /home/airflow/.local/lib/python3.12/site-packages/airflow/example_dags/tutorial.py
[2025-10-03T00:32:31.352+0000] {processor.py:830} INFO - Processing file /home/airflow/.local/lib/python3.12/site-packages/airflow/example_dags/tutorial.py for tasks to queue
[2025-10-03T00:32:31.355+0000] {logging_mixin.py:188} INFO - [2025-10-03T00:32:31.354+0000] {dagbag.py:545} INFO - Filling up the DagBag from /home/airflow/.local/lib/python3.12/site-packages/airflow/example_dags/tutorial.py
[2025-10-03T00:32:31.373+0000] {processor.py:840} INFO - DAG(s) 'tutorial' retrieved from /home/airflow/.local/lib/python3.12/site-packages/airflow/example_dags/tutorial.py
[2025-10-03T00:32:31.419+0000] {logging_mixin.py:188} INFO - [2025-10-03T00:32:31.418+0000] {dag.py:3096} INFO - Sync 1 DAGs
[2025-10-03T00:32:31.466+0000] {logging_mixin.py:188} INFO - [2025-10-03T00:32:31.465+0000] {dag.py:3954} INFO - Setting next_dagrun for tutorial to 2025-10-02 00:00:00+00:00, run_after=2025-10-03 00:00:00+00:00
[2025-10-03T00:32:31.516+0000] {processor.py:183} INFO - Processing /home/airflow/.local/lib/python3.12/site-packages/airflow/example_dags/tutorial.py took 0.180 seconds
[2025-10-03T00:33:01.885+0000] {processor.py:161} INFO - Started process (PID=17829) to work on /home/airflow/.local/lib/python3.12/site-packages/airflow/example_dags/tutorial.py
[2025-10-03T00:33:01.888+0000] {processor.py:830} INFO - Processing file /home/airflow/.local/lib/python3.12/site-packages/airflow/example_dags/tutorial.py for tasks to queue
[2025-10-03T00:33:01.890+0000] {logging_mixin.py:188} INFO - [2025-10-03T00:33:01.889+0000] {dagbag.py:545} INFO - Filling up the DagBag from /home/airflow/.local/lib/python3.12/site-packages/airflow/example_dags/tutorial.py
[2025-10-03T00:33:01.905+0000] {processor.py:840} INFO - DAG(s) 'tutorial' retrieved from /home/airflow/.local/lib/python3.12/site-packages/airflow/example_dags/tutorial.py
[2025-10-03T00:33:01.956+0000] {logging_mixin.py:188} INFO - [2025-10-03T00:33:01.955+0000] {dag.py:3096} INFO - Sync 1 DAGs
[2025-10-03T00:33:02.005+0000] {logging_mixin.py:188} INFO - [2025-10-03T00:33:02.004+0000] {dag.py:3954} INFO - Setting next_dagrun for tutorial to 2025-10-02 00:00:00+00:00, run_after=2025-10-03 00:00:00+00:00
[2025-10-03T00:33:02.051+0000] {processor.py:183} INFO - Processing /home/airflow/.local/lib/python3.12/site-packages/airflow/example_dags/tutorial.py took 0.180 seconds
[2025-10-03T00:33:32.266+0000] {processor.py:161} INFO - Started process (PID=17882) to work on /home/airflow/.local/lib/python3.12/site-packages/airflow/example_dags/tutorial.py
[2025-10-03T00:33:32.269+0000] {processor.py:830} INFO - Processing file /home/airflow/.local/lib/python3.12/site-packages/airflow/example_dags/tutorial.py for tasks to queue
[2025-10-03T00:33:32.271+0000] {logging_mixin.py:188} INFO - [2025-10-03T00:33:32.270+0000] {dagbag.py:545} INFO - Filling up the DagBag from /home/airflow/.local/lib/python3.12/site-packages/airflow/example_dags/tutorial.py
[2025-10-03T00:33:32.286+0000] {processor.py:840} INFO - DAG(s) 'tutorial' retrieved from /home/airflow/.local/lib/python3.12/site-packages/airflow/example_dags/tutorial.py
[2025-10-03T00:33:32.333+0000] {logging_mixin.py:188} INFO - [2025-10-03T00:33:32.332+0000] {dag.py:3096} INFO - Sync 1 DAGs
[2025-10-03T00:33:32.379+0000] {logging_mixin.py:188} INFO - [2025-10-03T00:33:32.378+0000] {dag.py:3954} INFO - Setting next_dagrun for tutorial to 2025-10-02 00:00:00+00:00, run_after=2025-10-03 00:00:00+00:00
[2025-10-03T00:33:32.426+0000] {processor.py:183} INFO - Processing /home/airflow/.local/lib/python3.12/site-packages/airflow/example_dags/tutorial.py took 0.174 seconds
[2025-10-03T00:34:02.896+0000] {processor.py:161} INFO - Started process (PID=17935) to work on /home/airflow/.local/lib/python3.12/site-packages/airflow/example_dags/tutorial.py
[2025-10-03T00:34:02.900+0000] {processor.py:830} INFO - Processing file /home/airflow/.local/lib/python3.12/site-packages/airflow/example_dags/tutorial.py for tasks to queue
[2025-10-03T00:34:02.903+0000] {logging_mixin.py:188} INFO - [2025-10-03T00:34:02.902+0000] {dagbag.py:545} INFO - Filling up the DagBag from /home/airflow/.local/lib/python3.12/site-packages/airflow/example_dags/tutorial.py
[2025-10-03T00:34:02.925+0000] {processor.py:840} INFO - DAG(s) 'tutorial' retrieved from /home/airflow/.local/lib/python3.12/site-packages/airflow/example_dags/tutorial.py
[2025-10-03T00:34:03.011+0000] {logging_mixin.py:188} INFO - [2025-10-03T00:34:03.009+0000] {dag.py:3096} INFO - Sync 1 DAGs
[2025-10-03T00:34:03.126+0000] {logging_mixin.py:188} INFO - [2025-10-03T00:34:03.125+0000] {dag.py:3954} INFO - Setting next_dagrun for tutorial to 2025-10-02 00:00:00+00:00, run_after=2025-10-03 00:00:00+00:00
[2025-10-03T00:34:03.198+0000] {processor.py:183} INFO - Processing /home/airflow/.local/lib/python3.12/site-packages/airflow/example_dags/tutorial.py took 0.322 seconds
[2025-10-03T00:34:33.721+0000] {processor.py:161} INFO - Started process (PID=17988) to work on /home/airflow/.local/lib/python3.12/site-packages/airflow/example_dags/tutorial.py
[2025-10-03T00:34:33.759+0000] {processor.py:830} INFO - Processing file /home/airflow/.local/lib/python3.12/site-packages/airflow/example_dags/tutorial.py for tasks to queue
[2025-10-03T00:34:33.810+0000] {logging_mixin.py:188} INFO - [2025-10-03T00:34:33.809+0000] {dagbag.py:545} INFO - Filling up the DagBag from /home/airflow/.local/lib/python3.12/site-packages/airflow/example_dags/tutorial.py
[2025-10-03T00:34:33.930+0000] {processor.py:840} INFO - DAG(s) 'tutorial' retrieved from /home/airflow/.local/lib/python3.12/site-packages/airflow/example_dags/tutorial.py
[2025-10-03T00:34:34.057+0000] {logging_mixin.py:188} INFO - [2025-10-03T00:34:34.056+0000] {dag.py:3096} INFO - Sync 1 DAGs
[2025-10-03T00:34:34.153+0000] {logging_mixin.py:188} INFO - [2025-10-03T00:34:34.152+0000] {dag.py:3954} INFO - Setting next_dagrun for tutorial to 2025-10-02 00:00:00+00:00, run_after=2025-10-03 00:00:00+00:00
[2025-10-03T00:34:34.213+0000] {processor.py:183} INFO - Processing /home/airflow/.local/lib/python3.12/site-packages/airflow/example_dags/tutorial.py took 0.538 seconds
[2025-10-03T00:35:04.700+0000] {processor.py:161} INFO - Started process (PID=18041) to work on /home/airflow/.local/lib/python3.12/site-packages/airflow/example_dags/tutorial.py
[2025-10-03T00:35:04.703+0000] {processor.py:830} INFO - Processing file /home/airflow/.local/lib/python3.12/site-packages/airflow/example_dags/tutorial.py for tasks to queue
[2025-10-03T00:35:04.706+0000] {logging_mixin.py:188} INFO - [2025-10-03T00:35:04.705+0000] {dagbag.py:545} INFO - Filling up the DagBag from /home/airflow/.local/lib/python3.12/site-packages/airflow/example_dags/tutorial.py
[2025-10-03T00:35:04.737+0000] {processor.py:840} INFO - DAG(s) 'tutorial' retrieved from /home/airflow/.local/lib/python3.12/site-packages/airflow/example_dags/tutorial.py
[2025-10-03T00:35:04.797+0000] {logging_mixin.py:188} INFO - [2025-10-03T00:35:04.795+0000] {dag.py:3096} INFO - Sync 1 DAGs
[2025-10-03T00:35:04.853+0000] {logging_mixin.py:188} INFO - [2025-10-03T00:35:04.853+0000] {dag.py:3954} INFO - Setting next_dagrun for tutorial to 2025-10-02 00:00:00+00:00, run_after=2025-10-03 00:00:00+00:00
[2025-10-03T00:35:04.905+0000] {processor.py:183} INFO - Processing /home/airflow/.local/lib/python3.12/site-packages/airflow/example_dags/tutorial.py took 0.228 seconds
[2025-10-03T00:35:35.933+0000] {processor.py:161} INFO - Started process (PID=18094) to work on /home/airflow/.local/lib/python3.12/site-packages/airflow/example_dags/tutorial.py
[2025-10-03T00:35:35.935+0000] {processor.py:830} INFO - Processing file /home/airflow/.local/lib/python3.12/site-packages/airflow/example_dags/tutorial.py for tasks to queue
[2025-10-03T00:35:35.938+0000] {logging_mixin.py:188} INFO - [2025-10-03T00:35:35.937+0000] {dagbag.py:545} INFO - Filling up the DagBag from /home/airflow/.local/lib/python3.12/site-packages/airflow/example_dags/tutorial.py
[2025-10-03T00:35:35.956+0000] {processor.py:840} INFO - DAG(s) 'tutorial' retrieved from /home/airflow/.local/lib/python3.12/site-packages/airflow/example_dags/tutorial.py
[2025-10-03T00:35:36.004+0000] {logging_mixin.py:188} INFO - [2025-10-03T00:35:36.004+0000] {dag.py:3096} INFO - Sync 1 DAGs
[2025-10-03T00:35:36.349+0000] {logging_mixin.py:188} INFO - [2025-10-03T00:35:36.348+0000] {dag.py:3954} INFO - Setting next_dagrun for tutorial to 2025-10-02 00:00:00+00:00, run_after=2025-10-03 00:00:00+00:00
[2025-10-03T00:35:36.406+0000] {processor.py:183} INFO - Processing /home/airflow/.local/lib/python3.12/site-packages/airflow/example_dags/tutorial.py took 0.489 seconds
[2025-10-03T00:36:06.684+0000] {processor.py:161} INFO - Started process (PID=18147) to work on /home/airflow/.local/lib/python3.12/site-packages/airflow/example_dags/tutorial.py
[2025-10-03T00:36:06.686+0000] {processor.py:830} INFO - Processing file /home/airflow/.local/lib/python3.12/site-packages/airflow/example_dags/tutorial.py for tasks to queue
[2025-10-03T00:36:06.689+0000] {logging_mixin.py:188} INFO - [2025-10-03T00:36:06.688+0000] {dagbag.py:545} INFO - Filling up the DagBag from /home/airflow/.local/lib/python3.12/site-packages/airflow/example_dags/tutorial.py
[2025-10-03T00:36:06.704+0000] {processor.py:840} INFO - DAG(s) 'tutorial' retrieved from /home/airflow/.local/lib/python3.12/site-packages/airflow/example_dags/tutorial.py
[2025-10-03T00:36:06.751+0000] {logging_mixin.py:188} INFO - [2025-10-03T00:36:06.751+0000] {dag.py:3096} INFO - Sync 1 DAGs
[2025-10-03T00:36:06.806+0000] {logging_mixin.py:188} INFO - [2025-10-03T00:36:06.806+0000] {dag.py:3954} INFO - Setting next_dagrun for tutorial to 2025-10-02 00:00:00+00:00, run_after=2025-10-03 00:00:00+00:00
[2025-10-03T00:36:06.846+0000] {processor.py:183} INFO - Processing /home/airflow/.local/lib/python3.12/site-packages/airflow/example_dags/tutorial.py took 0.177 seconds
[2025-10-03T00:36:37.398+0000] {processor.py:161} INFO - Started process (PID=18200) to work on /home/airflow/.local/lib/python3.12/site-packages/airflow/example_dags/tutorial.py
[2025-10-03T00:36:37.400+0000] {processor.py:830} INFO - Processing file /home/airflow/.local/lib/python3.12/site-packages/airflow/example_dags/tutorial.py for tasks to queue
[2025-10-03T00:36:37.403+0000] {logging_mixin.py:188} INFO - [2025-10-03T00:36:37.402+0000] {dagbag.py:545} INFO - Filling up the DagBag from /home/airflow/.local/lib/python3.12/site-packages/airflow/example_dags/tutorial.py
[2025-10-03T00:36:37.437+0000] {processor.py:840} INFO - DAG(s) 'tutorial' retrieved from /home/airflow/.local/lib/python3.12/site-packages/airflow/example_dags/tutorial.py
[2025-10-03T00:36:37.515+0000] {logging_mixin.py:188} INFO - [2025-10-03T00:36:37.514+0000] {dag.py:3096} INFO - Sync 1 DAGs
[2025-10-03T00:36:37.613+0000] {logging_mixin.py:188} INFO - [2025-10-03T00:36:37.612+0000] {dag.py:3954} INFO - Setting next_dagrun for tutorial to 2025-10-02 00:00:00+00:00, run_after=2025-10-03 00:00:00+00:00
[2025-10-03T00:36:37.658+0000] {processor.py:183} INFO - Processing /home/airflow/.local/lib/python3.12/site-packages/airflow/example_dags/tutorial.py took 0.279 seconds
[2025-10-03T00:37:08.012+0000] {processor.py:161} INFO - Started process (PID=18254) to work on /home/airflow/.local/lib/python3.12/site-packages/airflow/example_dags/tutorial.py
[2025-10-03T00:37:08.015+0000] {processor.py:830} INFO - Processing file /home/airflow/.local/lib/python3.12/site-packages/airflow/example_dags/tutorial.py for tasks to queue
[2025-10-03T00:37:08.018+0000] {logging_mixin.py:188} INFO - [2025-10-03T00:37:08.017+0000] {dagbag.py:545} INFO - Filling up the DagBag from /home/airflow/.local/lib/python3.12/site-packages/airflow/example_dags/tutorial.py
[2025-10-03T00:37:08.035+0000] {processor.py:840} INFO - DAG(s) 'tutorial' retrieved from /home/airflow/.local/lib/python3.12/site-packages/airflow/example_dags/tutorial.py
[2025-10-03T00:37:08.097+0000] {logging_mixin.py:188} INFO - [2025-10-03T00:37:08.096+0000] {dag.py:3096} INFO - Sync 1 DAGs
[2025-10-03T00:37:08.157+0000] {logging_mixin.py:188} INFO - [2025-10-03T00:37:08.156+0000] {dag.py:3954} INFO - Setting next_dagrun for tutorial to 2025-10-02 00:00:00+00:00, run_after=2025-10-03 00:00:00+00:00
[2025-10-03T00:37:08.202+0000] {processor.py:183} INFO - Processing /home/airflow/.local/lib/python3.12/site-packages/airflow/example_dags/tutorial.py took 0.208 seconds
[2025-10-03T00:37:38.452+0000] {processor.py:161} INFO - Started process (PID=18307) to work on /home/airflow/.local/lib/python3.12/site-packages/airflow/example_dags/tutorial.py
[2025-10-03T00:37:38.455+0000] {processor.py:830} INFO - Processing file /home/airflow/.local/lib/python3.12/site-packages/airflow/example_dags/tutorial.py for tasks to queue
[2025-10-03T00:37:38.458+0000] {logging_mixin.py:188} INFO - [2025-10-03T00:37:38.457+0000] {dagbag.py:545} INFO - Filling up the DagBag from /home/airflow/.local/lib/python3.12/site-packages/airflow/example_dags/tutorial.py
[2025-10-03T00:37:38.481+0000] {processor.py:840} INFO - DAG(s) 'tutorial' retrieved from /home/airflow/.local/lib/python3.12/site-packages/airflow/example_dags/tutorial.py
[2025-10-03T00:37:38.554+0000] {logging_mixin.py:188} INFO - [2025-10-03T00:37:38.553+0000] {dag.py:3096} INFO - Sync 1 DAGs
[2025-10-03T00:37:38.640+0000] {logging_mixin.py:188} INFO - [2025-10-03T00:37:38.639+0000] {dag.py:3954} INFO - Setting next_dagrun for tutorial to 2025-10-02 00:00:00+00:00, run_after=2025-10-03 00:00:00+00:00
[2025-10-03T00:37:38.706+0000] {processor.py:183} INFO - Processing /home/airflow/.local/lib/python3.12/site-packages/airflow/example_dags/tutorial.py took 0.279 seconds
[2025-10-03T00:38:09.106+0000] {processor.py:161} INFO - Started process (PID=18360) to work on /home/airflow/.local/lib/python3.12/site-packages/airflow/example_dags/tutorial.py
[2025-10-03T00:38:09.109+0000] {processor.py:830} INFO - Processing file /home/airflow/.local/lib/python3.12/site-packages/airflow/example_dags/tutorial.py for tasks to queue
[2025-10-03T00:38:09.113+0000] {logging_mixin.py:188} INFO - [2025-10-03T00:38:09.112+0000] {dagbag.py:545} INFO - Filling up the DagBag from /home/airflow/.local/lib/python3.12/site-packages/airflow/example_dags/tutorial.py
[2025-10-03T00:38:09.135+0000] {processor.py:840} INFO - DAG(s) 'tutorial' retrieved from /home/airflow/.local/lib/python3.12/site-packages/airflow/example_dags/tutorial.py
[2025-10-03T00:38:09.220+0000] {logging_mixin.py:188} INFO - [2025-10-03T00:38:09.220+0000] {dag.py:3096} INFO - Sync 1 DAGs
[2025-10-03T00:38:09.285+0000] {logging_mixin.py:188} INFO - [2025-10-03T00:38:09.285+0000] {dag.py:3954} INFO - Setting next_dagrun for tutorial to 2025-10-02 00:00:00+00:00, run_after=2025-10-03 00:00:00+00:00
[2025-10-03T00:38:09.323+0000] {processor.py:183} INFO - Processing /home/airflow/.local/lib/python3.12/site-packages/airflow/example_dags/tutorial.py took 0.234 seconds
[2025-10-03T00:38:40.030+0000] {processor.py:161} INFO - Started process (PID=18413) to work on /home/airflow/.local/lib/python3.12/site-packages/airflow/example_dags/tutorial.py
[2025-10-03T00:38:40.034+0000] {processor.py:830} INFO - Processing file /home/airflow/.local/lib/python3.12/site-packages/airflow/example_dags/tutorial.py for tasks to queue
[2025-10-03T00:38:40.050+0000] {logging_mixin.py:188} INFO - [2025-10-03T00:38:40.048+0000] {dagbag.py:545} INFO - Filling up the DagBag from /home/airflow/.local/lib/python3.12/site-packages/airflow/example_dags/tutorial.py
[2025-10-03T00:38:40.088+0000] {processor.py:840} INFO - DAG(s) 'tutorial' retrieved from /home/airflow/.local/lib/python3.12/site-packages/airflow/example_dags/tutorial.py
[2025-10-03T00:38:40.143+0000] {logging_mixin.py:188} INFO - [2025-10-03T00:38:40.143+0000] {dag.py:3096} INFO - Sync 1 DAGs
[2025-10-03T00:38:40.197+0000] {logging_mixin.py:188} INFO - [2025-10-03T00:38:40.196+0000] {dag.py:3954} INFO - Setting next_dagrun for tutorial to 2025-10-02 00:00:00+00:00, run_after=2025-10-03 00:00:00+00:00
[2025-10-03T00:38:40.236+0000] {processor.py:183} INFO - Processing /home/airflow/.local/lib/python3.12/site-packages/airflow/example_dags/tutorial.py took 0.246 seconds
[2025-10-03T00:39:11.202+0000] {processor.py:161} INFO - Started process (PID=18466) to work on /home/airflow/.local/lib/python3.12/site-packages/airflow/example_dags/tutorial.py
[2025-10-03T00:39:11.205+0000] {processor.py:830} INFO - Processing file /home/airflow/.local/lib/python3.12/site-packages/airflow/example_dags/tutorial.py for tasks to queue
[2025-10-03T00:39:11.209+0000] {logging_mixin.py:188} INFO - [2025-10-03T00:39:11.207+0000] {dagbag.py:545} INFO - Filling up the DagBag from /home/airflow/.local/lib/python3.12/site-packages/airflow/example_dags/tutorial.py
[2025-10-03T00:39:11.230+0000] {processor.py:840} INFO - DAG(s) 'tutorial' retrieved from /home/airflow/.local/lib/python3.12/site-packages/airflow/example_dags/tutorial.py
[2025-10-03T00:39:11.275+0000] {logging_mixin.py:188} INFO - [2025-10-03T00:39:11.275+0000] {dag.py:3096} INFO - Sync 1 DAGs
[2025-10-03T00:39:11.321+0000] {logging_mixin.py:188} INFO - [2025-10-03T00:39:11.321+0000] {dag.py:3954} INFO - Setting next_dagrun for tutorial to 2025-10-02 00:00:00+00:00, run_after=2025-10-03 00:00:00+00:00
[2025-10-03T00:39:11.384+0000] {processor.py:183} INFO - Processing /home/airflow/.local/lib/python3.12/site-packages/airflow/example_dags/tutorial.py took 0.203 seconds
