[2025-10-03T00:00:20.849+0000] {processor.py:161} INFO - Started process (PID=14452) to work on /home/airflow/.local/lib/python3.12/site-packages/airflow/example_dags/tutorial_dag.py
[2025-10-03T00:00:20.852+0000] {processor.py:830} INFO - Processing file /home/airflow/.local/lib/python3.12/site-packages/airflow/example_dags/tutorial_dag.py for tasks to queue
[2025-10-03T00:00:20.854+0000] {logging_mixin.py:188} INFO - [2025-10-03T00:00:20.853+0000] {dagbag.py:545} INFO - Filling up the DagBag from /home/airflow/.local/lib/python3.12/site-packages/airflow/example_dags/tutorial_dag.py
[2025-10-03T00:00:20.868+0000] {processor.py:840} INFO - DAG(s) 'tutorial_dag' retrieved from /home/airflow/.local/lib/python3.12/site-packages/airflow/example_dags/tutorial_dag.py
[2025-10-03T00:00:20.920+0000] {logging_mixin.py:188} INFO - [2025-10-03T00:00:20.920+0000] {dag.py:3096} INFO - Sync 1 DAGs
[2025-10-03T00:00:20.951+0000] {logging_mixin.py:188} INFO - [2025-10-03T00:00:20.950+0000] {dag.py:3954} INFO - Setting next_dagrun for tutorial_dag to None, run_after=None
[2025-10-03T00:00:20.996+0000] {processor.py:183} INFO - Processing /home/airflow/.local/lib/python3.12/site-packages/airflow/example_dags/tutorial_dag.py took 0.161 seconds
[2025-10-03T00:00:51.689+0000] {processor.py:161} INFO - Started process (PID=14505) to work on /home/airflow/.local/lib/python3.12/site-packages/airflow/example_dags/tutorial_dag.py
[2025-10-03T00:00:51.693+0000] {processor.py:830} INFO - Processing file /home/airflow/.local/lib/python3.12/site-packages/airflow/example_dags/tutorial_dag.py for tasks to queue
[2025-10-03T00:00:51.695+0000] {logging_mixin.py:188} INFO - [2025-10-03T00:00:51.694+0000] {dagbag.py:545} INFO - Filling up the DagBag from /home/airflow/.local/lib/python3.12/site-packages/airflow/example_dags/tutorial_dag.py
[2025-10-03T00:00:51.714+0000] {processor.py:840} INFO - DAG(s) 'tutorial_dag' retrieved from /home/airflow/.local/lib/python3.12/site-packages/airflow/example_dags/tutorial_dag.py
[2025-10-03T00:00:51.768+0000] {logging_mixin.py:188} INFO - [2025-10-03T00:00:51.767+0000] {dag.py:3096} INFO - Sync 1 DAGs
[2025-10-03T00:00:51.822+0000] {logging_mixin.py:188} INFO - [2025-10-03T00:00:51.821+0000] {dag.py:3954} INFO - Setting next_dagrun for tutorial_dag to None, run_after=None
[2025-10-03T00:00:51.904+0000] {processor.py:183} INFO - Processing /home/airflow/.local/lib/python3.12/site-packages/airflow/example_dags/tutorial_dag.py took 0.241 seconds
[2025-10-03T00:01:22.798+0000] {processor.py:161} INFO - Started process (PID=14558) to work on /home/airflow/.local/lib/python3.12/site-packages/airflow/example_dags/tutorial_dag.py
[2025-10-03T00:01:22.801+0000] {processor.py:830} INFO - Processing file /home/airflow/.local/lib/python3.12/site-packages/airflow/example_dags/tutorial_dag.py for tasks to queue
[2025-10-03T00:01:22.804+0000] {logging_mixin.py:188} INFO - [2025-10-03T00:01:22.803+0000] {dagbag.py:545} INFO - Filling up the DagBag from /home/airflow/.local/lib/python3.12/site-packages/airflow/example_dags/tutorial_dag.py
[2025-10-03T00:01:22.820+0000] {processor.py:840} INFO - DAG(s) 'tutorial_dag' retrieved from /home/airflow/.local/lib/python3.12/site-packages/airflow/example_dags/tutorial_dag.py
[2025-10-03T00:01:22.875+0000] {logging_mixin.py:188} INFO - [2025-10-03T00:01:22.875+0000] {dag.py:3096} INFO - Sync 1 DAGs
[2025-10-03T00:01:22.904+0000] {logging_mixin.py:188} INFO - [2025-10-03T00:01:22.904+0000] {dag.py:3954} INFO - Setting next_dagrun for tutorial_dag to None, run_after=None
[2025-10-03T00:01:22.962+0000] {processor.py:183} INFO - Processing /home/airflow/.local/lib/python3.12/site-packages/airflow/example_dags/tutorial_dag.py took 0.182 seconds
[2025-10-03T00:01:53.699+0000] {processor.py:161} INFO - Started process (PID=14611) to work on /home/airflow/.local/lib/python3.12/site-packages/airflow/example_dags/tutorial_dag.py
[2025-10-03T00:01:53.701+0000] {processor.py:830} INFO - Processing file /home/airflow/.local/lib/python3.12/site-packages/airflow/example_dags/tutorial_dag.py for tasks to queue
[2025-10-03T00:01:53.704+0000] {logging_mixin.py:188} INFO - [2025-10-03T00:01:53.703+0000] {dagbag.py:545} INFO - Filling up the DagBag from /home/airflow/.local/lib/python3.12/site-packages/airflow/example_dags/tutorial_dag.py
[2025-10-03T00:01:53.716+0000] {processor.py:840} INFO - DAG(s) 'tutorial_dag' retrieved from /home/airflow/.local/lib/python3.12/site-packages/airflow/example_dags/tutorial_dag.py
[2025-10-03T00:01:53.766+0000] {logging_mixin.py:188} INFO - [2025-10-03T00:01:53.766+0000] {dag.py:3096} INFO - Sync 1 DAGs
[2025-10-03T00:01:53.802+0000] {logging_mixin.py:188} INFO - [2025-10-03T00:01:53.801+0000] {dag.py:3954} INFO - Setting next_dagrun for tutorial_dag to None, run_after=None
[2025-10-03T00:01:53.887+0000] {processor.py:183} INFO - Processing /home/airflow/.local/lib/python3.12/site-packages/airflow/example_dags/tutorial_dag.py took 0.203 seconds
[2025-10-03T00:02:24.063+0000] {processor.py:161} INFO - Started process (PID=14664) to work on /home/airflow/.local/lib/python3.12/site-packages/airflow/example_dags/tutorial_dag.py
[2025-10-03T00:02:24.066+0000] {processor.py:830} INFO - Processing file /home/airflow/.local/lib/python3.12/site-packages/airflow/example_dags/tutorial_dag.py for tasks to queue
[2025-10-03T00:02:24.068+0000] {logging_mixin.py:188} INFO - [2025-10-03T00:02:24.067+0000] {dagbag.py:545} INFO - Filling up the DagBag from /home/airflow/.local/lib/python3.12/site-packages/airflow/example_dags/tutorial_dag.py
[2025-10-03T00:02:24.080+0000] {processor.py:840} INFO - DAG(s) 'tutorial_dag' retrieved from /home/airflow/.local/lib/python3.12/site-packages/airflow/example_dags/tutorial_dag.py
[2025-10-03T00:02:24.128+0000] {logging_mixin.py:188} INFO - [2025-10-03T00:02:24.127+0000] {dag.py:3096} INFO - Sync 1 DAGs
[2025-10-03T00:02:24.165+0000] {logging_mixin.py:188} INFO - [2025-10-03T00:02:24.165+0000] {dag.py:3954} INFO - Setting next_dagrun for tutorial_dag to None, run_after=None
[2025-10-03T00:02:24.211+0000] {processor.py:183} INFO - Processing /home/airflow/.local/lib/python3.12/site-packages/airflow/example_dags/tutorial_dag.py took 0.166 seconds
[2025-10-03T00:02:54.557+0000] {processor.py:161} INFO - Started process (PID=14716) to work on /home/airflow/.local/lib/python3.12/site-packages/airflow/example_dags/tutorial_dag.py
[2025-10-03T00:02:54.561+0000] {processor.py:830} INFO - Processing file /home/airflow/.local/lib/python3.12/site-packages/airflow/example_dags/tutorial_dag.py for tasks to queue
[2025-10-03T00:02:54.563+0000] {logging_mixin.py:188} INFO - [2025-10-03T00:02:54.563+0000] {dagbag.py:545} INFO - Filling up the DagBag from /home/airflow/.local/lib/python3.12/site-packages/airflow/example_dags/tutorial_dag.py
[2025-10-03T00:02:54.579+0000] {processor.py:840} INFO - DAG(s) 'tutorial_dag' retrieved from /home/airflow/.local/lib/python3.12/site-packages/airflow/example_dags/tutorial_dag.py
[2025-10-03T00:02:54.634+0000] {logging_mixin.py:188} INFO - [2025-10-03T00:02:54.634+0000] {dag.py:3096} INFO - Sync 1 DAGs
[2025-10-03T00:02:54.661+0000] {logging_mixin.py:188} INFO - [2025-10-03T00:02:54.661+0000] {dag.py:3954} INFO - Setting next_dagrun for tutorial_dag to None, run_after=None
[2025-10-03T00:02:54.710+0000] {processor.py:183} INFO - Processing /home/airflow/.local/lib/python3.12/site-packages/airflow/example_dags/tutorial_dag.py took 0.174 seconds
[2025-10-03T00:03:25.742+0000] {processor.py:161} INFO - Started process (PID=14769) to work on /home/airflow/.local/lib/python3.12/site-packages/airflow/example_dags/tutorial_dag.py
[2025-10-03T00:03:25.745+0000] {processor.py:830} INFO - Processing file /home/airflow/.local/lib/python3.12/site-packages/airflow/example_dags/tutorial_dag.py for tasks to queue
[2025-10-03T00:03:25.747+0000] {logging_mixin.py:188} INFO - [2025-10-03T00:03:25.746+0000] {dagbag.py:545} INFO - Filling up the DagBag from /home/airflow/.local/lib/python3.12/site-packages/airflow/example_dags/tutorial_dag.py
[2025-10-03T00:03:25.759+0000] {processor.py:840} INFO - DAG(s) 'tutorial_dag' retrieved from /home/airflow/.local/lib/python3.12/site-packages/airflow/example_dags/tutorial_dag.py
[2025-10-03T00:03:25.813+0000] {logging_mixin.py:188} INFO - [2025-10-03T00:03:25.812+0000] {dag.py:3096} INFO - Sync 1 DAGs
[2025-10-03T00:03:25.843+0000] {logging_mixin.py:188} INFO - [2025-10-03T00:03:25.843+0000] {dag.py:3954} INFO - Setting next_dagrun for tutorial_dag to None, run_after=None
[2025-10-03T00:03:25.892+0000] {processor.py:183} INFO - Processing /home/airflow/.local/lib/python3.12/site-packages/airflow/example_dags/tutorial_dag.py took 0.163 seconds
[2025-10-03T00:03:56.288+0000] {processor.py:161} INFO - Started process (PID=14822) to work on /home/airflow/.local/lib/python3.12/site-packages/airflow/example_dags/tutorial_dag.py
[2025-10-03T00:03:56.291+0000] {processor.py:830} INFO - Processing file /home/airflow/.local/lib/python3.12/site-packages/airflow/example_dags/tutorial_dag.py for tasks to queue
[2025-10-03T00:03:56.295+0000] {logging_mixin.py:188} INFO - [2025-10-03T00:03:56.294+0000] {dagbag.py:545} INFO - Filling up the DagBag from /home/airflow/.local/lib/python3.12/site-packages/airflow/example_dags/tutorial_dag.py
[2025-10-03T00:03:56.308+0000] {processor.py:840} INFO - DAG(s) 'tutorial_dag' retrieved from /home/airflow/.local/lib/python3.12/site-packages/airflow/example_dags/tutorial_dag.py
[2025-10-03T00:03:56.360+0000] {logging_mixin.py:188} INFO - [2025-10-03T00:03:56.359+0000] {dag.py:3096} INFO - Sync 1 DAGs
[2025-10-03T00:03:56.388+0000] {logging_mixin.py:188} INFO - [2025-10-03T00:03:56.388+0000] {dag.py:3954} INFO - Setting next_dagrun for tutorial_dag to None, run_after=None
[2025-10-03T00:03:56.439+0000] {processor.py:183} INFO - Processing /home/airflow/.local/lib/python3.12/site-packages/airflow/example_dags/tutorial_dag.py took 0.166 seconds
[2025-10-03T00:04:26.851+0000] {processor.py:161} INFO - Started process (PID=14875) to work on /home/airflow/.local/lib/python3.12/site-packages/airflow/example_dags/tutorial_dag.py
[2025-10-03T00:04:26.855+0000] {processor.py:830} INFO - Processing file /home/airflow/.local/lib/python3.12/site-packages/airflow/example_dags/tutorial_dag.py for tasks to queue
[2025-10-03T00:04:26.857+0000] {logging_mixin.py:188} INFO - [2025-10-03T00:04:26.856+0000] {dagbag.py:545} INFO - Filling up the DagBag from /home/airflow/.local/lib/python3.12/site-packages/airflow/example_dags/tutorial_dag.py
[2025-10-03T00:04:26.879+0000] {processor.py:840} INFO - DAG(s) 'tutorial_dag' retrieved from /home/airflow/.local/lib/python3.12/site-packages/airflow/example_dags/tutorial_dag.py
[2025-10-03T00:04:26.939+0000] {logging_mixin.py:188} INFO - [2025-10-03T00:04:26.938+0000] {dag.py:3096} INFO - Sync 1 DAGs
[2025-10-03T00:04:26.974+0000] {logging_mixin.py:188} INFO - [2025-10-03T00:04:26.974+0000] {dag.py:3954} INFO - Setting next_dagrun for tutorial_dag to None, run_after=None
[2025-10-03T00:04:27.017+0000] {processor.py:183} INFO - Processing /home/airflow/.local/lib/python3.12/site-packages/airflow/example_dags/tutorial_dag.py took 0.191 seconds
[2025-10-03T00:04:57.490+0000] {processor.py:161} INFO - Started process (PID=14928) to work on /home/airflow/.local/lib/python3.12/site-packages/airflow/example_dags/tutorial_dag.py
[2025-10-03T00:04:57.492+0000] {processor.py:830} INFO - Processing file /home/airflow/.local/lib/python3.12/site-packages/airflow/example_dags/tutorial_dag.py for tasks to queue
[2025-10-03T00:04:57.496+0000] {logging_mixin.py:188} INFO - [2025-10-03T00:04:57.495+0000] {dagbag.py:545} INFO - Filling up the DagBag from /home/airflow/.local/lib/python3.12/site-packages/airflow/example_dags/tutorial_dag.py
[2025-10-03T00:04:57.514+0000] {processor.py:840} INFO - DAG(s) 'tutorial_dag' retrieved from /home/airflow/.local/lib/python3.12/site-packages/airflow/example_dags/tutorial_dag.py
[2025-10-03T00:04:57.567+0000] {logging_mixin.py:188} INFO - [2025-10-03T00:04:57.567+0000] {dag.py:3096} INFO - Sync 1 DAGs
[2025-10-03T00:04:57.594+0000] {logging_mixin.py:188} INFO - [2025-10-03T00:04:57.594+0000] {dag.py:3954} INFO - Setting next_dagrun for tutorial_dag to None, run_after=None
[2025-10-03T00:04:57.652+0000] {processor.py:183} INFO - Processing /home/airflow/.local/lib/python3.12/site-packages/airflow/example_dags/tutorial_dag.py took 0.178 seconds
[2025-10-03T00:05:28.127+0000] {processor.py:161} INFO - Started process (PID=14981) to work on /home/airflow/.local/lib/python3.12/site-packages/airflow/example_dags/tutorial_dag.py
[2025-10-03T00:05:28.130+0000] {processor.py:830} INFO - Processing file /home/airflow/.local/lib/python3.12/site-packages/airflow/example_dags/tutorial_dag.py for tasks to queue
[2025-10-03T00:05:28.132+0000] {logging_mixin.py:188} INFO - [2025-10-03T00:05:28.131+0000] {dagbag.py:545} INFO - Filling up the DagBag from /home/airflow/.local/lib/python3.12/site-packages/airflow/example_dags/tutorial_dag.py
[2025-10-03T00:05:28.144+0000] {processor.py:840} INFO - DAG(s) 'tutorial_dag' retrieved from /home/airflow/.local/lib/python3.12/site-packages/airflow/example_dags/tutorial_dag.py
[2025-10-03T00:05:28.202+0000] {logging_mixin.py:188} INFO - [2025-10-03T00:05:28.201+0000] {dag.py:3096} INFO - Sync 1 DAGs
[2025-10-03T00:05:28.234+0000] {logging_mixin.py:188} INFO - [2025-10-03T00:05:28.234+0000] {dag.py:3954} INFO - Setting next_dagrun for tutorial_dag to None, run_after=None
[2025-10-03T00:05:28.294+0000] {processor.py:183} INFO - Processing /home/airflow/.local/lib/python3.12/site-packages/airflow/example_dags/tutorial_dag.py took 0.184 seconds
[2025-10-03T00:05:58.747+0000] {processor.py:161} INFO - Started process (PID=15034) to work on /home/airflow/.local/lib/python3.12/site-packages/airflow/example_dags/tutorial_dag.py
[2025-10-03T00:05:58.749+0000] {processor.py:830} INFO - Processing file /home/airflow/.local/lib/python3.12/site-packages/airflow/example_dags/tutorial_dag.py for tasks to queue
[2025-10-03T00:05:58.752+0000] {logging_mixin.py:188} INFO - [2025-10-03T00:05:58.751+0000] {dagbag.py:545} INFO - Filling up the DagBag from /home/airflow/.local/lib/python3.12/site-packages/airflow/example_dags/tutorial_dag.py
[2025-10-03T00:05:58.769+0000] {processor.py:840} INFO - DAG(s) 'tutorial_dag' retrieved from /home/airflow/.local/lib/python3.12/site-packages/airflow/example_dags/tutorial_dag.py
[2025-10-03T00:05:58.824+0000] {logging_mixin.py:188} INFO - [2025-10-03T00:05:58.823+0000] {dag.py:3096} INFO - Sync 1 DAGs
[2025-10-03T00:05:58.858+0000] {logging_mixin.py:188} INFO - [2025-10-03T00:05:58.858+0000] {dag.py:3954} INFO - Setting next_dagrun for tutorial_dag to None, run_after=None
[2025-10-03T00:05:58.909+0000] {processor.py:183} INFO - Processing /home/airflow/.local/lib/python3.12/site-packages/airflow/example_dags/tutorial_dag.py took 0.178 seconds
[2025-10-03T00:06:29.475+0000] {processor.py:161} INFO - Started process (PID=15087) to work on /home/airflow/.local/lib/python3.12/site-packages/airflow/example_dags/tutorial_dag.py
[2025-10-03T00:06:29.477+0000] {processor.py:830} INFO - Processing file /home/airflow/.local/lib/python3.12/site-packages/airflow/example_dags/tutorial_dag.py for tasks to queue
[2025-10-03T00:06:29.480+0000] {logging_mixin.py:188} INFO - [2025-10-03T00:06:29.479+0000] {dagbag.py:545} INFO - Filling up the DagBag from /home/airflow/.local/lib/python3.12/site-packages/airflow/example_dags/tutorial_dag.py
[2025-10-03T00:06:29.494+0000] {processor.py:840} INFO - DAG(s) 'tutorial_dag' retrieved from /home/airflow/.local/lib/python3.12/site-packages/airflow/example_dags/tutorial_dag.py
[2025-10-03T00:06:29.553+0000] {logging_mixin.py:188} INFO - [2025-10-03T00:06:29.553+0000] {dag.py:3096} INFO - Sync 1 DAGs
[2025-10-03T00:06:29.586+0000] {logging_mixin.py:188} INFO - [2025-10-03T00:06:29.586+0000] {dag.py:3954} INFO - Setting next_dagrun for tutorial_dag to None, run_after=None
[2025-10-03T00:06:29.639+0000] {processor.py:183} INFO - Processing /home/airflow/.local/lib/python3.12/site-packages/airflow/example_dags/tutorial_dag.py took 0.183 seconds
[2025-10-03T00:06:59.792+0000] {processor.py:161} INFO - Started process (PID=15140) to work on /home/airflow/.local/lib/python3.12/site-packages/airflow/example_dags/tutorial_dag.py
[2025-10-03T00:06:59.794+0000] {processor.py:830} INFO - Processing file /home/airflow/.local/lib/python3.12/site-packages/airflow/example_dags/tutorial_dag.py for tasks to queue
[2025-10-03T00:06:59.797+0000] {logging_mixin.py:188} INFO - [2025-10-03T00:06:59.796+0000] {dagbag.py:545} INFO - Filling up the DagBag from /home/airflow/.local/lib/python3.12/site-packages/airflow/example_dags/tutorial_dag.py
[2025-10-03T00:06:59.809+0000] {processor.py:840} INFO - DAG(s) 'tutorial_dag' retrieved from /home/airflow/.local/lib/python3.12/site-packages/airflow/example_dags/tutorial_dag.py
[2025-10-03T00:06:59.854+0000] {logging_mixin.py:188} INFO - [2025-10-03T00:06:59.853+0000] {dag.py:3096} INFO - Sync 1 DAGs
[2025-10-03T00:06:59.881+0000] {logging_mixin.py:188} INFO - [2025-10-03T00:06:59.880+0000] {dag.py:3954} INFO - Setting next_dagrun for tutorial_dag to None, run_after=None
[2025-10-03T00:06:59.923+0000] {processor.py:183} INFO - Processing /home/airflow/.local/lib/python3.12/site-packages/airflow/example_dags/tutorial_dag.py took 0.146 seconds
[2025-10-03T00:07:30.296+0000] {processor.py:161} INFO - Started process (PID=15193) to work on /home/airflow/.local/lib/python3.12/site-packages/airflow/example_dags/tutorial_dag.py
[2025-10-03T00:07:30.298+0000] {processor.py:830} INFO - Processing file /home/airflow/.local/lib/python3.12/site-packages/airflow/example_dags/tutorial_dag.py for tasks to queue
[2025-10-03T00:07:30.300+0000] {logging_mixin.py:188} INFO - [2025-10-03T00:07:30.300+0000] {dagbag.py:545} INFO - Filling up the DagBag from /home/airflow/.local/lib/python3.12/site-packages/airflow/example_dags/tutorial_dag.py
[2025-10-03T00:07:30.313+0000] {processor.py:840} INFO - DAG(s) 'tutorial_dag' retrieved from /home/airflow/.local/lib/python3.12/site-packages/airflow/example_dags/tutorial_dag.py
[2025-10-03T00:07:30.359+0000] {logging_mixin.py:188} INFO - [2025-10-03T00:07:30.358+0000] {dag.py:3096} INFO - Sync 1 DAGs
[2025-10-03T00:07:30.388+0000] {logging_mixin.py:188} INFO - [2025-10-03T00:07:30.387+0000] {dag.py:3954} INFO - Setting next_dagrun for tutorial_dag to None, run_after=None
[2025-10-03T00:07:30.435+0000] {processor.py:183} INFO - Processing /home/airflow/.local/lib/python3.12/site-packages/airflow/example_dags/tutorial_dag.py took 0.152 seconds
[2025-10-03T00:08:01.176+0000] {processor.py:161} INFO - Started process (PID=15246) to work on /home/airflow/.local/lib/python3.12/site-packages/airflow/example_dags/tutorial_dag.py
[2025-10-03T00:08:01.178+0000] {processor.py:830} INFO - Processing file /home/airflow/.local/lib/python3.12/site-packages/airflow/example_dags/tutorial_dag.py for tasks to queue
[2025-10-03T00:08:01.181+0000] {logging_mixin.py:188} INFO - [2025-10-03T00:08:01.180+0000] {dagbag.py:545} INFO - Filling up the DagBag from /home/airflow/.local/lib/python3.12/site-packages/airflow/example_dags/tutorial_dag.py
[2025-10-03T00:08:01.201+0000] {processor.py:840} INFO - DAG(s) 'tutorial_dag' retrieved from /home/airflow/.local/lib/python3.12/site-packages/airflow/example_dags/tutorial_dag.py
[2025-10-03T00:08:01.253+0000] {logging_mixin.py:188} INFO - [2025-10-03T00:08:01.252+0000] {dag.py:3096} INFO - Sync 1 DAGs
[2025-10-03T00:08:01.287+0000] {logging_mixin.py:188} INFO - [2025-10-03T00:08:01.287+0000] {dag.py:3954} INFO - Setting next_dagrun for tutorial_dag to None, run_after=None
[2025-10-03T00:08:01.330+0000] {processor.py:183} INFO - Processing /home/airflow/.local/lib/python3.12/site-packages/airflow/example_dags/tutorial_dag.py took 0.177 seconds
[2025-10-03T00:08:31.794+0000] {processor.py:161} INFO - Started process (PID=15299) to work on /home/airflow/.local/lib/python3.12/site-packages/airflow/example_dags/tutorial_dag.py
[2025-10-03T00:08:31.796+0000] {processor.py:830} INFO - Processing file /home/airflow/.local/lib/python3.12/site-packages/airflow/example_dags/tutorial_dag.py for tasks to queue
[2025-10-03T00:08:31.798+0000] {logging_mixin.py:188} INFO - [2025-10-03T00:08:31.798+0000] {dagbag.py:545} INFO - Filling up the DagBag from /home/airflow/.local/lib/python3.12/site-packages/airflow/example_dags/tutorial_dag.py
[2025-10-03T00:08:31.812+0000] {processor.py:840} INFO - DAG(s) 'tutorial_dag' retrieved from /home/airflow/.local/lib/python3.12/site-packages/airflow/example_dags/tutorial_dag.py
[2025-10-03T00:08:31.874+0000] {logging_mixin.py:188} INFO - [2025-10-03T00:08:31.873+0000] {dag.py:3096} INFO - Sync 1 DAGs
[2025-10-03T00:08:31.909+0000] {logging_mixin.py:188} INFO - [2025-10-03T00:08:31.908+0000] {dag.py:3954} INFO - Setting next_dagrun for tutorial_dag to None, run_after=None
[2025-10-03T00:08:31.970+0000] {processor.py:183} INFO - Processing /home/airflow/.local/lib/python3.12/site-packages/airflow/example_dags/tutorial_dag.py took 0.190 seconds
[2025-10-03T00:09:02.432+0000] {processor.py:161} INFO - Started process (PID=15352) to work on /home/airflow/.local/lib/python3.12/site-packages/airflow/example_dags/tutorial_dag.py
[2025-10-03T00:09:02.435+0000] {processor.py:830} INFO - Processing file /home/airflow/.local/lib/python3.12/site-packages/airflow/example_dags/tutorial_dag.py for tasks to queue
[2025-10-03T00:09:02.438+0000] {logging_mixin.py:188} INFO - [2025-10-03T00:09:02.437+0000] {dagbag.py:545} INFO - Filling up the DagBag from /home/airflow/.local/lib/python3.12/site-packages/airflow/example_dags/tutorial_dag.py
[2025-10-03T00:09:02.457+0000] {processor.py:840} INFO - DAG(s) 'tutorial_dag' retrieved from /home/airflow/.local/lib/python3.12/site-packages/airflow/example_dags/tutorial_dag.py
[2025-10-03T00:09:02.516+0000] {logging_mixin.py:188} INFO - [2025-10-03T00:09:02.515+0000] {dag.py:3096} INFO - Sync 1 DAGs
[2025-10-03T00:09:02.555+0000] {logging_mixin.py:188} INFO - [2025-10-03T00:09:02.555+0000] {dag.py:3954} INFO - Setting next_dagrun for tutorial_dag to None, run_after=None
[2025-10-03T00:09:02.598+0000] {processor.py:183} INFO - Processing /home/airflow/.local/lib/python3.12/site-packages/airflow/example_dags/tutorial_dag.py took 0.201 seconds
[2025-10-03T00:09:33.239+0000] {processor.py:161} INFO - Started process (PID=15405) to work on /home/airflow/.local/lib/python3.12/site-packages/airflow/example_dags/tutorial_dag.py
[2025-10-03T00:09:33.242+0000] {processor.py:830} INFO - Processing file /home/airflow/.local/lib/python3.12/site-packages/airflow/example_dags/tutorial_dag.py for tasks to queue
[2025-10-03T00:09:33.245+0000] {logging_mixin.py:188} INFO - [2025-10-03T00:09:33.244+0000] {dagbag.py:545} INFO - Filling up the DagBag from /home/airflow/.local/lib/python3.12/site-packages/airflow/example_dags/tutorial_dag.py
[2025-10-03T00:09:33.258+0000] {processor.py:840} INFO - DAG(s) 'tutorial_dag' retrieved from /home/airflow/.local/lib/python3.12/site-packages/airflow/example_dags/tutorial_dag.py
[2025-10-03T00:09:33.315+0000] {logging_mixin.py:188} INFO - [2025-10-03T00:09:33.314+0000] {dag.py:3096} INFO - Sync 1 DAGs
[2025-10-03T00:09:33.351+0000] {logging_mixin.py:188} INFO - [2025-10-03T00:09:33.350+0000] {dag.py:3954} INFO - Setting next_dagrun for tutorial_dag to None, run_after=None
[2025-10-03T00:09:33.394+0000] {processor.py:183} INFO - Processing /home/airflow/.local/lib/python3.12/site-packages/airflow/example_dags/tutorial_dag.py took 0.170 seconds
[2025-10-03T00:10:04.274+0000] {processor.py:161} INFO - Started process (PID=15458) to work on /home/airflow/.local/lib/python3.12/site-packages/airflow/example_dags/tutorial_dag.py
[2025-10-03T00:10:04.278+0000] {processor.py:830} INFO - Processing file /home/airflow/.local/lib/python3.12/site-packages/airflow/example_dags/tutorial_dag.py for tasks to queue
[2025-10-03T00:10:04.280+0000] {logging_mixin.py:188} INFO - [2025-10-03T00:10:04.279+0000] {dagbag.py:545} INFO - Filling up the DagBag from /home/airflow/.local/lib/python3.12/site-packages/airflow/example_dags/tutorial_dag.py
[2025-10-03T00:10:04.299+0000] {processor.py:840} INFO - DAG(s) 'tutorial_dag' retrieved from /home/airflow/.local/lib/python3.12/site-packages/airflow/example_dags/tutorial_dag.py
[2025-10-03T00:10:04.381+0000] {logging_mixin.py:188} INFO - [2025-10-03T00:10:04.380+0000] {dag.py:3096} INFO - Sync 1 DAGs
[2025-10-03T00:10:04.434+0000] {logging_mixin.py:188} INFO - [2025-10-03T00:10:04.433+0000] {dag.py:3954} INFO - Setting next_dagrun for tutorial_dag to None, run_after=None
[2025-10-03T00:10:04.483+0000] {processor.py:183} INFO - Processing /home/airflow/.local/lib/python3.12/site-packages/airflow/example_dags/tutorial_dag.py took 0.233 seconds
[2025-10-03T00:10:34.682+0000] {processor.py:161} INFO - Started process (PID=15511) to work on /home/airflow/.local/lib/python3.12/site-packages/airflow/example_dags/tutorial_dag.py
[2025-10-03T00:10:34.684+0000] {processor.py:830} INFO - Processing file /home/airflow/.local/lib/python3.12/site-packages/airflow/example_dags/tutorial_dag.py for tasks to queue
[2025-10-03T00:10:34.686+0000] {logging_mixin.py:188} INFO - [2025-10-03T00:10:34.685+0000] {dagbag.py:545} INFO - Filling up the DagBag from /home/airflow/.local/lib/python3.12/site-packages/airflow/example_dags/tutorial_dag.py
[2025-10-03T00:10:34.700+0000] {processor.py:840} INFO - DAG(s) 'tutorial_dag' retrieved from /home/airflow/.local/lib/python3.12/site-packages/airflow/example_dags/tutorial_dag.py
[2025-10-03T00:10:34.751+0000] {logging_mixin.py:188} INFO - [2025-10-03T00:10:34.750+0000] {dag.py:3096} INFO - Sync 1 DAGs
[2025-10-03T00:10:34.784+0000] {logging_mixin.py:188} INFO - [2025-10-03T00:10:34.783+0000] {dag.py:3954} INFO - Setting next_dagrun for tutorial_dag to None, run_after=None
[2025-10-03T00:10:34.829+0000] {processor.py:183} INFO - Processing /home/airflow/.local/lib/python3.12/site-packages/airflow/example_dags/tutorial_dag.py took 0.165 seconds
[2025-10-03T00:11:06.458+0000] {processor.py:161} INFO - Started process (PID=15564) to work on /home/airflow/.local/lib/python3.12/site-packages/airflow/example_dags/tutorial_dag.py
[2025-10-03T00:11:06.462+0000] {processor.py:830} INFO - Processing file /home/airflow/.local/lib/python3.12/site-packages/airflow/example_dags/tutorial_dag.py for tasks to queue
[2025-10-03T00:11:06.470+0000] {logging_mixin.py:188} INFO - [2025-10-03T00:11:06.469+0000] {dagbag.py:545} INFO - Filling up the DagBag from /home/airflow/.local/lib/python3.12/site-packages/airflow/example_dags/tutorial_dag.py
[2025-10-03T00:11:06.516+0000] {processor.py:840} INFO - DAG(s) 'tutorial_dag' retrieved from /home/airflow/.local/lib/python3.12/site-packages/airflow/example_dags/tutorial_dag.py
[2025-10-03T00:11:06.689+0000] {logging_mixin.py:188} INFO - [2025-10-03T00:11:06.687+0000] {dag.py:3096} INFO - Sync 1 DAGs
[2025-10-03T00:11:06.773+0000] {logging_mixin.py:188} INFO - [2025-10-03T00:11:06.772+0000] {dag.py:3954} INFO - Setting next_dagrun for tutorial_dag to None, run_after=None
[2025-10-03T00:11:06.857+0000] {processor.py:183} INFO - Processing /home/airflow/.local/lib/python3.12/site-packages/airflow/example_dags/tutorial_dag.py took 0.437 seconds
[2025-10-03T00:11:37.493+0000] {processor.py:161} INFO - Started process (PID=15617) to work on /home/airflow/.local/lib/python3.12/site-packages/airflow/example_dags/tutorial_dag.py
[2025-10-03T00:11:37.496+0000] {processor.py:830} INFO - Processing file /home/airflow/.local/lib/python3.12/site-packages/airflow/example_dags/tutorial_dag.py for tasks to queue
[2025-10-03T00:11:37.500+0000] {logging_mixin.py:188} INFO - [2025-10-03T00:11:37.498+0000] {dagbag.py:545} INFO - Filling up the DagBag from /home/airflow/.local/lib/python3.12/site-packages/airflow/example_dags/tutorial_dag.py
[2025-10-03T00:11:37.522+0000] {processor.py:840} INFO - DAG(s) 'tutorial_dag' retrieved from /home/airflow/.local/lib/python3.12/site-packages/airflow/example_dags/tutorial_dag.py
[2025-10-03T00:11:37.581+0000] {logging_mixin.py:188} INFO - [2025-10-03T00:11:37.580+0000] {dag.py:3096} INFO - Sync 1 DAGs
[2025-10-03T00:11:37.616+0000] {logging_mixin.py:188} INFO - [2025-10-03T00:11:37.616+0000] {dag.py:3954} INFO - Setting next_dagrun for tutorial_dag to None, run_after=None
[2025-10-03T00:11:37.662+0000] {processor.py:183} INFO - Processing /home/airflow/.local/lib/python3.12/site-packages/airflow/example_dags/tutorial_dag.py took 0.198 seconds
[2025-10-03T00:12:08.225+0000] {processor.py:161} INFO - Started process (PID=15671) to work on /home/airflow/.local/lib/python3.12/site-packages/airflow/example_dags/tutorial_dag.py
[2025-10-03T00:12:08.231+0000] {processor.py:830} INFO - Processing file /home/airflow/.local/lib/python3.12/site-packages/airflow/example_dags/tutorial_dag.py for tasks to queue
[2025-10-03T00:12:08.235+0000] {logging_mixin.py:188} INFO - [2025-10-03T00:12:08.233+0000] {dagbag.py:545} INFO - Filling up the DagBag from /home/airflow/.local/lib/python3.12/site-packages/airflow/example_dags/tutorial_dag.py
[2025-10-03T00:12:08.256+0000] {processor.py:840} INFO - DAG(s) 'tutorial_dag' retrieved from /home/airflow/.local/lib/python3.12/site-packages/airflow/example_dags/tutorial_dag.py
[2025-10-03T00:12:08.389+0000] {logging_mixin.py:188} INFO - [2025-10-03T00:12:08.389+0000] {dag.py:3096} INFO - Sync 1 DAGs
[2025-10-03T00:12:08.434+0000] {logging_mixin.py:188} INFO - [2025-10-03T00:12:08.434+0000] {dag.py:3954} INFO - Setting next_dagrun for tutorial_dag to None, run_after=None
[2025-10-03T00:12:08.501+0000] {processor.py:183} INFO - Processing /home/airflow/.local/lib/python3.12/site-packages/airflow/example_dags/tutorial_dag.py took 0.310 seconds
[2025-10-03T00:12:38.803+0000] {processor.py:161} INFO - Started process (PID=15724) to work on /home/airflow/.local/lib/python3.12/site-packages/airflow/example_dags/tutorial_dag.py
[2025-10-03T00:12:38.808+0000] {processor.py:830} INFO - Processing file /home/airflow/.local/lib/python3.12/site-packages/airflow/example_dags/tutorial_dag.py for tasks to queue
[2025-10-03T00:12:38.814+0000] {logging_mixin.py:188} INFO - [2025-10-03T00:12:38.812+0000] {dagbag.py:545} INFO - Filling up the DagBag from /home/airflow/.local/lib/python3.12/site-packages/airflow/example_dags/tutorial_dag.py
[2025-10-03T00:12:38.836+0000] {processor.py:840} INFO - DAG(s) 'tutorial_dag' retrieved from /home/airflow/.local/lib/python3.12/site-packages/airflow/example_dags/tutorial_dag.py
[2025-10-03T00:12:38.897+0000] {logging_mixin.py:188} INFO - [2025-10-03T00:12:38.897+0000] {dag.py:3096} INFO - Sync 1 DAGs
[2025-10-03T00:12:38.938+0000] {logging_mixin.py:188} INFO - [2025-10-03T00:12:38.938+0000] {dag.py:3954} INFO - Setting next_dagrun for tutorial_dag to None, run_after=None
[2025-10-03T00:12:39.017+0000] {processor.py:183} INFO - Processing /home/airflow/.local/lib/python3.12/site-packages/airflow/example_dags/tutorial_dag.py took 0.236 seconds
[2025-10-03T00:13:09.261+0000] {processor.py:161} INFO - Started process (PID=15777) to work on /home/airflow/.local/lib/python3.12/site-packages/airflow/example_dags/tutorial_dag.py
[2025-10-03T00:13:09.265+0000] {processor.py:830} INFO - Processing file /home/airflow/.local/lib/python3.12/site-packages/airflow/example_dags/tutorial_dag.py for tasks to queue
[2025-10-03T00:13:09.268+0000] {logging_mixin.py:188} INFO - [2025-10-03T00:13:09.267+0000] {dagbag.py:545} INFO - Filling up the DagBag from /home/airflow/.local/lib/python3.12/site-packages/airflow/example_dags/tutorial_dag.py
[2025-10-03T00:13:09.285+0000] {processor.py:840} INFO - DAG(s) 'tutorial_dag' retrieved from /home/airflow/.local/lib/python3.12/site-packages/airflow/example_dags/tutorial_dag.py
[2025-10-03T00:13:09.358+0000] {logging_mixin.py:188} INFO - [2025-10-03T00:13:09.357+0000] {dag.py:3096} INFO - Sync 1 DAGs
[2025-10-03T00:13:09.402+0000] {logging_mixin.py:188} INFO - [2025-10-03T00:13:09.401+0000] {dag.py:3954} INFO - Setting next_dagrun for tutorial_dag to None, run_after=None
[2025-10-03T00:13:09.499+0000] {processor.py:183} INFO - Processing /home/airflow/.local/lib/python3.12/site-packages/airflow/example_dags/tutorial_dag.py took 0.261 seconds
[2025-10-03T00:13:40.599+0000] {processor.py:161} INFO - Started process (PID=15830) to work on /home/airflow/.local/lib/python3.12/site-packages/airflow/example_dags/tutorial_dag.py
[2025-10-03T00:13:40.602+0000] {processor.py:830} INFO - Processing file /home/airflow/.local/lib/python3.12/site-packages/airflow/example_dags/tutorial_dag.py for tasks to queue
[2025-10-03T00:13:40.605+0000] {logging_mixin.py:188} INFO - [2025-10-03T00:13:40.604+0000] {dagbag.py:545} INFO - Filling up the DagBag from /home/airflow/.local/lib/python3.12/site-packages/airflow/example_dags/tutorial_dag.py
[2025-10-03T00:13:40.623+0000] {processor.py:840} INFO - DAG(s) 'tutorial_dag' retrieved from /home/airflow/.local/lib/python3.12/site-packages/airflow/example_dags/tutorial_dag.py
[2025-10-03T00:13:40.686+0000] {logging_mixin.py:188} INFO - [2025-10-03T00:13:40.685+0000] {dag.py:3096} INFO - Sync 1 DAGs
[2025-10-03T00:13:40.724+0000] {logging_mixin.py:188} INFO - [2025-10-03T00:13:40.724+0000] {dag.py:3954} INFO - Setting next_dagrun for tutorial_dag to None, run_after=None
[2025-10-03T00:13:40.779+0000] {processor.py:183} INFO - Processing /home/airflow/.local/lib/python3.12/site-packages/airflow/example_dags/tutorial_dag.py took 0.204 seconds
[2025-10-03T00:14:11.483+0000] {processor.py:161} INFO - Started process (PID=15883) to work on /home/airflow/.local/lib/python3.12/site-packages/airflow/example_dags/tutorial_dag.py
[2025-10-03T00:14:11.488+0000] {processor.py:830} INFO - Processing file /home/airflow/.local/lib/python3.12/site-packages/airflow/example_dags/tutorial_dag.py for tasks to queue
[2025-10-03T00:14:11.490+0000] {logging_mixin.py:188} INFO - [2025-10-03T00:14:11.489+0000] {dagbag.py:545} INFO - Filling up the DagBag from /home/airflow/.local/lib/python3.12/site-packages/airflow/example_dags/tutorial_dag.py
[2025-10-03T00:14:11.508+0000] {processor.py:840} INFO - DAG(s) 'tutorial_dag' retrieved from /home/airflow/.local/lib/python3.12/site-packages/airflow/example_dags/tutorial_dag.py
[2025-10-03T00:14:11.579+0000] {logging_mixin.py:188} INFO - [2025-10-03T00:14:11.578+0000] {dag.py:3096} INFO - Sync 1 DAGs
[2025-10-03T00:14:11.610+0000] {logging_mixin.py:188} INFO - [2025-10-03T00:14:11.610+0000] {dag.py:3954} INFO - Setting next_dagrun for tutorial_dag to None, run_after=None
[2025-10-03T00:14:11.659+0000] {processor.py:183} INFO - Processing /home/airflow/.local/lib/python3.12/site-packages/airflow/example_dags/tutorial_dag.py took 0.200 seconds
[2025-10-03T00:14:42.017+0000] {processor.py:161} INFO - Started process (PID=15937) to work on /home/airflow/.local/lib/python3.12/site-packages/airflow/example_dags/tutorial_dag.py
[2025-10-03T00:14:42.020+0000] {processor.py:830} INFO - Processing file /home/airflow/.local/lib/python3.12/site-packages/airflow/example_dags/tutorial_dag.py for tasks to queue
[2025-10-03T00:14:42.023+0000] {logging_mixin.py:188} INFO - [2025-10-03T00:14:42.022+0000] {dagbag.py:545} INFO - Filling up the DagBag from /home/airflow/.local/lib/python3.12/site-packages/airflow/example_dags/tutorial_dag.py
[2025-10-03T00:14:42.037+0000] {processor.py:840} INFO - DAG(s) 'tutorial_dag' retrieved from /home/airflow/.local/lib/python3.12/site-packages/airflow/example_dags/tutorial_dag.py
[2025-10-03T00:14:42.107+0000] {logging_mixin.py:188} INFO - [2025-10-03T00:14:42.107+0000] {dag.py:3096} INFO - Sync 1 DAGs
[2025-10-03T00:14:42.147+0000] {logging_mixin.py:188} INFO - [2025-10-03T00:14:42.147+0000] {dag.py:3954} INFO - Setting next_dagrun for tutorial_dag to None, run_after=None
[2025-10-03T00:14:42.215+0000] {processor.py:183} INFO - Processing /home/airflow/.local/lib/python3.12/site-packages/airflow/example_dags/tutorial_dag.py took 0.214 seconds
[2025-10-03T00:15:12.517+0000] {processor.py:161} INFO - Started process (PID=15990) to work on /home/airflow/.local/lib/python3.12/site-packages/airflow/example_dags/tutorial_dag.py
[2025-10-03T00:15:12.521+0000] {processor.py:830} INFO - Processing file /home/airflow/.local/lib/python3.12/site-packages/airflow/example_dags/tutorial_dag.py for tasks to queue
[2025-10-03T00:15:12.526+0000] {logging_mixin.py:188} INFO - [2025-10-03T00:15:12.524+0000] {dagbag.py:545} INFO - Filling up the DagBag from /home/airflow/.local/lib/python3.12/site-packages/airflow/example_dags/tutorial_dag.py
[2025-10-03T00:15:12.545+0000] {processor.py:840} INFO - DAG(s) 'tutorial_dag' retrieved from /home/airflow/.local/lib/python3.12/site-packages/airflow/example_dags/tutorial_dag.py
[2025-10-03T00:15:12.624+0000] {logging_mixin.py:188} INFO - [2025-10-03T00:15:12.623+0000] {dag.py:3096} INFO - Sync 1 DAGs
[2025-10-03T00:15:12.670+0000] {logging_mixin.py:188} INFO - [2025-10-03T00:15:12.669+0000] {dag.py:3954} INFO - Setting next_dagrun for tutorial_dag to None, run_after=None
[2025-10-03T00:15:12.744+0000] {processor.py:183} INFO - Processing /home/airflow/.local/lib/python3.12/site-packages/airflow/example_dags/tutorial_dag.py took 0.253 seconds
[2025-10-03T00:15:43.179+0000] {processor.py:161} INFO - Started process (PID=16043) to work on /home/airflow/.local/lib/python3.12/site-packages/airflow/example_dags/tutorial_dag.py
[2025-10-03T00:15:43.182+0000] {processor.py:830} INFO - Processing file /home/airflow/.local/lib/python3.12/site-packages/airflow/example_dags/tutorial_dag.py for tasks to queue
[2025-10-03T00:15:43.186+0000] {logging_mixin.py:188} INFO - [2025-10-03T00:15:43.184+0000] {dagbag.py:545} INFO - Filling up the DagBag from /home/airflow/.local/lib/python3.12/site-packages/airflow/example_dags/tutorial_dag.py
[2025-10-03T00:15:43.214+0000] {processor.py:840} INFO - DAG(s) 'tutorial_dag' retrieved from /home/airflow/.local/lib/python3.12/site-packages/airflow/example_dags/tutorial_dag.py
[2025-10-03T00:15:43.329+0000] {logging_mixin.py:188} INFO - [2025-10-03T00:15:43.328+0000] {dag.py:3096} INFO - Sync 1 DAGs
[2025-10-03T00:15:43.390+0000] {logging_mixin.py:188} INFO - [2025-10-03T00:15:43.389+0000] {dag.py:3954} INFO - Setting next_dagrun for tutorial_dag to None, run_after=None
[2025-10-03T00:15:43.458+0000] {processor.py:183} INFO - Processing /home/airflow/.local/lib/python3.12/site-packages/airflow/example_dags/tutorial_dag.py took 0.315 seconds
[2025-10-03T00:16:13.614+0000] {processor.py:161} INFO - Started process (PID=16093) to work on /home/airflow/.local/lib/python3.12/site-packages/airflow/example_dags/tutorial_dag.py
[2025-10-03T00:16:13.617+0000] {processor.py:830} INFO - Processing file /home/airflow/.local/lib/python3.12/site-packages/airflow/example_dags/tutorial_dag.py for tasks to queue
[2025-10-03T00:16:13.619+0000] {logging_mixin.py:188} INFO - [2025-10-03T00:16:13.618+0000] {dagbag.py:545} INFO - Filling up the DagBag from /home/airflow/.local/lib/python3.12/site-packages/airflow/example_dags/tutorial_dag.py
[2025-10-03T00:16:13.631+0000] {processor.py:840} INFO - DAG(s) 'tutorial_dag' retrieved from /home/airflow/.local/lib/python3.12/site-packages/airflow/example_dags/tutorial_dag.py
[2025-10-03T00:16:13.684+0000] {logging_mixin.py:188} INFO - [2025-10-03T00:16:13.683+0000] {dag.py:3096} INFO - Sync 1 DAGs
[2025-10-03T00:16:13.718+0000] {logging_mixin.py:188} INFO - [2025-10-03T00:16:13.718+0000] {dag.py:3954} INFO - Setting next_dagrun for tutorial_dag to None, run_after=None
[2025-10-03T00:16:13.768+0000] {processor.py:183} INFO - Processing /home/airflow/.local/lib/python3.12/site-packages/airflow/example_dags/tutorial_dag.py took 0.168 seconds
[2025-10-03T00:16:44.144+0000] {processor.py:161} INFO - Started process (PID=16146) to work on /home/airflow/.local/lib/python3.12/site-packages/airflow/example_dags/tutorial_dag.py
[2025-10-03T00:16:44.147+0000] {processor.py:830} INFO - Processing file /home/airflow/.local/lib/python3.12/site-packages/airflow/example_dags/tutorial_dag.py for tasks to queue
[2025-10-03T00:16:44.149+0000] {logging_mixin.py:188} INFO - [2025-10-03T00:16:44.148+0000] {dagbag.py:545} INFO - Filling up the DagBag from /home/airflow/.local/lib/python3.12/site-packages/airflow/example_dags/tutorial_dag.py
[2025-10-03T00:16:44.161+0000] {processor.py:840} INFO - DAG(s) 'tutorial_dag' retrieved from /home/airflow/.local/lib/python3.12/site-packages/airflow/example_dags/tutorial_dag.py
[2025-10-03T00:16:44.220+0000] {logging_mixin.py:188} INFO - [2025-10-03T00:16:44.219+0000] {dag.py:3096} INFO - Sync 1 DAGs
[2025-10-03T00:16:44.254+0000] {logging_mixin.py:188} INFO - [2025-10-03T00:16:44.254+0000] {dag.py:3954} INFO - Setting next_dagrun for tutorial_dag to None, run_after=None
[2025-10-03T00:16:44.299+0000] {processor.py:183} INFO - Processing /home/airflow/.local/lib/python3.12/site-packages/airflow/example_dags/tutorial_dag.py took 0.169 seconds
[2025-10-03T00:17:15.304+0000] {processor.py:161} INFO - Started process (PID=16199) to work on /home/airflow/.local/lib/python3.12/site-packages/airflow/example_dags/tutorial_dag.py
[2025-10-03T00:17:15.307+0000] {processor.py:830} INFO - Processing file /home/airflow/.local/lib/python3.12/site-packages/airflow/example_dags/tutorial_dag.py for tasks to queue
[2025-10-03T00:17:15.309+0000] {logging_mixin.py:188} INFO - [2025-10-03T00:17:15.309+0000] {dagbag.py:545} INFO - Filling up the DagBag from /home/airflow/.local/lib/python3.12/site-packages/airflow/example_dags/tutorial_dag.py
[2025-10-03T00:17:15.324+0000] {processor.py:840} INFO - DAG(s) 'tutorial_dag' retrieved from /home/airflow/.local/lib/python3.12/site-packages/airflow/example_dags/tutorial_dag.py
[2025-10-03T00:17:15.391+0000] {logging_mixin.py:188} INFO - [2025-10-03T00:17:15.390+0000] {dag.py:3096} INFO - Sync 1 DAGs
[2025-10-03T00:17:15.424+0000] {logging_mixin.py:188} INFO - [2025-10-03T00:17:15.423+0000] {dag.py:3954} INFO - Setting next_dagrun for tutorial_dag to None, run_after=None
[2025-10-03T00:17:15.481+0000] {processor.py:183} INFO - Processing /home/airflow/.local/lib/python3.12/site-packages/airflow/example_dags/tutorial_dag.py took 0.201 seconds
[2025-10-03T00:17:46.054+0000] {processor.py:161} INFO - Started process (PID=16252) to work on /home/airflow/.local/lib/python3.12/site-packages/airflow/example_dags/tutorial_dag.py
[2025-10-03T00:17:46.057+0000] {processor.py:830} INFO - Processing file /home/airflow/.local/lib/python3.12/site-packages/airflow/example_dags/tutorial_dag.py for tasks to queue
[2025-10-03T00:17:46.059+0000] {logging_mixin.py:188} INFO - [2025-10-03T00:17:46.058+0000] {dagbag.py:545} INFO - Filling up the DagBag from /home/airflow/.local/lib/python3.12/site-packages/airflow/example_dags/tutorial_dag.py
[2025-10-03T00:17:46.088+0000] {processor.py:840} INFO - DAG(s) 'tutorial_dag' retrieved from /home/airflow/.local/lib/python3.12/site-packages/airflow/example_dags/tutorial_dag.py
[2025-10-03T00:17:46.261+0000] {logging_mixin.py:188} INFO - [2025-10-03T00:17:46.254+0000] {dag.py:3096} INFO - Sync 1 DAGs
[2025-10-03T00:17:46.378+0000] {logging_mixin.py:188} INFO - [2025-10-03T00:17:46.377+0000] {dag.py:3954} INFO - Setting next_dagrun for tutorial_dag to None, run_after=None
[2025-10-03T00:17:46.441+0000] {processor.py:183} INFO - Processing /home/airflow/.local/lib/python3.12/site-packages/airflow/example_dags/tutorial_dag.py took 0.409 seconds
[2025-10-03T00:18:16.617+0000] {processor.py:161} INFO - Started process (PID=16305) to work on /home/airflow/.local/lib/python3.12/site-packages/airflow/example_dags/tutorial_dag.py
[2025-10-03T00:18:16.619+0000] {processor.py:830} INFO - Processing file /home/airflow/.local/lib/python3.12/site-packages/airflow/example_dags/tutorial_dag.py for tasks to queue
[2025-10-03T00:18:16.622+0000] {logging_mixin.py:188} INFO - [2025-10-03T00:18:16.621+0000] {dagbag.py:545} INFO - Filling up the DagBag from /home/airflow/.local/lib/python3.12/site-packages/airflow/example_dags/tutorial_dag.py
[2025-10-03T00:18:16.643+0000] {processor.py:840} INFO - DAG(s) 'tutorial_dag' retrieved from /home/airflow/.local/lib/python3.12/site-packages/airflow/example_dags/tutorial_dag.py
[2025-10-03T00:18:16.716+0000] {logging_mixin.py:188} INFO - [2025-10-03T00:18:16.715+0000] {dag.py:3096} INFO - Sync 1 DAGs
[2025-10-03T00:18:16.760+0000] {logging_mixin.py:188} INFO - [2025-10-03T00:18:16.760+0000] {dag.py:3954} INFO - Setting next_dagrun for tutorial_dag to None, run_after=None
[2025-10-03T00:18:16.821+0000] {processor.py:183} INFO - Processing /home/airflow/.local/lib/python3.12/site-packages/airflow/example_dags/tutorial_dag.py took 0.221 seconds
[2025-10-03T00:18:46.965+0000] {processor.py:161} INFO - Started process (PID=16358) to work on /home/airflow/.local/lib/python3.12/site-packages/airflow/example_dags/tutorial_dag.py
[2025-10-03T00:18:46.968+0000] {processor.py:830} INFO - Processing file /home/airflow/.local/lib/python3.12/site-packages/airflow/example_dags/tutorial_dag.py for tasks to queue
[2025-10-03T00:18:46.970+0000] {logging_mixin.py:188} INFO - [2025-10-03T00:18:46.970+0000] {dagbag.py:545} INFO - Filling up the DagBag from /home/airflow/.local/lib/python3.12/site-packages/airflow/example_dags/tutorial_dag.py
[2025-10-03T00:18:46.996+0000] {processor.py:840} INFO - DAG(s) 'tutorial_dag' retrieved from /home/airflow/.local/lib/python3.12/site-packages/airflow/example_dags/tutorial_dag.py
[2025-10-03T00:18:47.094+0000] {logging_mixin.py:188} INFO - [2025-10-03T00:18:47.093+0000] {dag.py:3096} INFO - Sync 1 DAGs
[2025-10-03T00:18:47.156+0000] {logging_mixin.py:188} INFO - [2025-10-03T00:18:47.155+0000] {dag.py:3954} INFO - Setting next_dagrun for tutorial_dag to None, run_after=None
[2025-10-03T00:18:47.216+0000] {processor.py:183} INFO - Processing /home/airflow/.local/lib/python3.12/site-packages/airflow/example_dags/tutorial_dag.py took 0.272 seconds
[2025-10-03T00:19:18.295+0000] {processor.py:161} INFO - Started process (PID=16411) to work on /home/airflow/.local/lib/python3.12/site-packages/airflow/example_dags/tutorial_dag.py
[2025-10-03T00:19:18.297+0000] {processor.py:830} INFO - Processing file /home/airflow/.local/lib/python3.12/site-packages/airflow/example_dags/tutorial_dag.py for tasks to queue
[2025-10-03T00:19:18.300+0000] {logging_mixin.py:188} INFO - [2025-10-03T00:19:18.299+0000] {dagbag.py:545} INFO - Filling up the DagBag from /home/airflow/.local/lib/python3.12/site-packages/airflow/example_dags/tutorial_dag.py
[2025-10-03T00:19:18.314+0000] {processor.py:840} INFO - DAG(s) 'tutorial_dag' retrieved from /home/airflow/.local/lib/python3.12/site-packages/airflow/example_dags/tutorial_dag.py
[2025-10-03T00:19:18.365+0000] {logging_mixin.py:188} INFO - [2025-10-03T00:19:18.364+0000] {dag.py:3096} INFO - Sync 1 DAGs
[2025-10-03T00:19:18.394+0000] {logging_mixin.py:188} INFO - [2025-10-03T00:19:18.393+0000] {dag.py:3954} INFO - Setting next_dagrun for tutorial_dag to None, run_after=None
[2025-10-03T00:19:18.438+0000] {processor.py:183} INFO - Processing /home/airflow/.local/lib/python3.12/site-packages/airflow/example_dags/tutorial_dag.py took 0.157 seconds
[2025-10-03T00:19:48.596+0000] {processor.py:161} INFO - Started process (PID=16464) to work on /home/airflow/.local/lib/python3.12/site-packages/airflow/example_dags/tutorial_dag.py
[2025-10-03T00:19:48.599+0000] {processor.py:830} INFO - Processing file /home/airflow/.local/lib/python3.12/site-packages/airflow/example_dags/tutorial_dag.py for tasks to queue
[2025-10-03T00:19:48.602+0000] {logging_mixin.py:188} INFO - [2025-10-03T00:19:48.601+0000] {dagbag.py:545} INFO - Filling up the DagBag from /home/airflow/.local/lib/python3.12/site-packages/airflow/example_dags/tutorial_dag.py
[2025-10-03T00:19:48.615+0000] {processor.py:840} INFO - DAG(s) 'tutorial_dag' retrieved from /home/airflow/.local/lib/python3.12/site-packages/airflow/example_dags/tutorial_dag.py
[2025-10-03T00:19:48.666+0000] {logging_mixin.py:188} INFO - [2025-10-03T00:19:48.666+0000] {dag.py:3096} INFO - Sync 1 DAGs
[2025-10-03T00:19:48.699+0000] {logging_mixin.py:188} INFO - [2025-10-03T00:19:48.698+0000] {dag.py:3954} INFO - Setting next_dagrun for tutorial_dag to None, run_after=None
[2025-10-03T00:19:48.750+0000] {processor.py:183} INFO - Processing /home/airflow/.local/lib/python3.12/site-packages/airflow/example_dags/tutorial_dag.py took 0.168 seconds
[2025-10-03T00:20:19.460+0000] {processor.py:161} INFO - Started process (PID=16517) to work on /home/airflow/.local/lib/python3.12/site-packages/airflow/example_dags/tutorial_dag.py
[2025-10-03T00:20:19.463+0000] {processor.py:830} INFO - Processing file /home/airflow/.local/lib/python3.12/site-packages/airflow/example_dags/tutorial_dag.py for tasks to queue
[2025-10-03T00:20:19.465+0000] {logging_mixin.py:188} INFO - [2025-10-03T00:20:19.464+0000] {dagbag.py:545} INFO - Filling up the DagBag from /home/airflow/.local/lib/python3.12/site-packages/airflow/example_dags/tutorial_dag.py
[2025-10-03T00:20:19.477+0000] {processor.py:840} INFO - DAG(s) 'tutorial_dag' retrieved from /home/airflow/.local/lib/python3.12/site-packages/airflow/example_dags/tutorial_dag.py
[2025-10-03T00:20:19.530+0000] {logging_mixin.py:188} INFO - [2025-10-03T00:20:19.530+0000] {dag.py:3096} INFO - Sync 1 DAGs
[2025-10-03T00:20:19.558+0000] {logging_mixin.py:188} INFO - [2025-10-03T00:20:19.558+0000] {dag.py:3954} INFO - Setting next_dagrun for tutorial_dag to None, run_after=None
[2025-10-03T00:20:19.601+0000] {processor.py:183} INFO - Processing /home/airflow/.local/lib/python3.12/site-packages/airflow/example_dags/tutorial_dag.py took 0.155 seconds
[2025-10-03T00:20:49.741+0000] {processor.py:161} INFO - Started process (PID=16570) to work on /home/airflow/.local/lib/python3.12/site-packages/airflow/example_dags/tutorial_dag.py
[2025-10-03T00:20:49.743+0000] {processor.py:830} INFO - Processing file /home/airflow/.local/lib/python3.12/site-packages/airflow/example_dags/tutorial_dag.py for tasks to queue
[2025-10-03T00:20:49.746+0000] {logging_mixin.py:188} INFO - [2025-10-03T00:20:49.745+0000] {dagbag.py:545} INFO - Filling up the DagBag from /home/airflow/.local/lib/python3.12/site-packages/airflow/example_dags/tutorial_dag.py
[2025-10-03T00:20:49.766+0000] {processor.py:840} INFO - DAG(s) 'tutorial_dag' retrieved from /home/airflow/.local/lib/python3.12/site-packages/airflow/example_dags/tutorial_dag.py
[2025-10-03T00:20:49.818+0000] {logging_mixin.py:188} INFO - [2025-10-03T00:20:49.817+0000] {dag.py:3096} INFO - Sync 1 DAGs
[2025-10-03T00:20:49.846+0000] {logging_mixin.py:188} INFO - [2025-10-03T00:20:49.846+0000] {dag.py:3954} INFO - Setting next_dagrun for tutorial_dag to None, run_after=None
[2025-10-03T00:20:49.890+0000] {processor.py:183} INFO - Processing /home/airflow/.local/lib/python3.12/site-packages/airflow/example_dags/tutorial_dag.py took 0.168 seconds
