[2025-10-02T23:50:11.780+0000] {local_task_job_runner.py:120} INFO - ::group::Pre task execution logs
[2025-10-02T23:50:11.821+0000] {taskinstance.py:2076} INFO - Dependencies all met for dep_context=non-requeueable deps ti=<TaskInstance: first_taskk.task_numss scheduled__2025-10-02T23:49:00+00:00 [queued]>
[2025-10-02T23:50:11.837+0000] {taskinstance.py:2076} INFO - Dependencies all met for dep_context=requeueable deps ti=<TaskInstance: first_taskk.task_numss scheduled__2025-10-02T23:49:00+00:00 [queued]>
[2025-10-02T23:50:11.838+0000] {taskinstance.py:2306} INFO - Starting attempt 1 of 1
[2025-10-02T23:50:11.871+0000] {taskinstance.py:2330} INFO - Executing <Task(PythonOperator): task_numss> on 2025-10-02 23:49:00+00:00
[2025-10-02T23:50:11.886+0000] {warnings.py:112} WARNING - /home/***/.local/lib/python3.12/site-packages/***/task/task_runner/standard_task_runner.py:61: DeprecationWarning: This process (pid=628) is multi-threaded, use of fork() may lead to deadlocks in the child.
  pid = os.fork()

[2025-10-02T23:50:11.891+0000] {standard_task_runner.py:63} INFO - Started process 630 to run task
[2025-10-02T23:50:11.890+0000] {standard_task_runner.py:90} INFO - Running: ['***', 'tasks', 'run', 'first_taskk', 'task_numss', 'scheduled__2025-10-02T23:49:00+00:00', '--job-id', '164', '--raw', '--subdir', 'DAGS_FOLDER/dag1.py', '--cfg-path', '/tmp/tmpcmdhy0fn']
[2025-10-02T23:50:11.896+0000] {standard_task_runner.py:91} INFO - Job 164: Subtask task_numss
[2025-10-02T23:50:11.924+0000] {warnings.py:112} WARNING - /home/***/.local/lib/python3.12/site-packages/***/settings.py:195: DeprecationWarning: The sql_alchemy_conn option in [core] has been moved to the sql_alchemy_conn option in [database] - the old setting has been used, but please update your config.
  SQL_ALCHEMY_CONN = conf.get("database", "SQL_ALCHEMY_CONN")

[2025-10-02T23:50:12.039+0000] {task_command.py:426} INFO - Running <TaskInstance: first_taskk.task_numss scheduled__2025-10-02T23:49:00+00:00 [running]> on host 452c0657f430
[2025-10-02T23:50:12.271+0000] {taskinstance.py:2648} INFO - Exporting env vars: AIRFLOW_CTX_DAG_OWNER='***' AIRFLOW_CTX_DAG_ID='first_taskk' AIRFLOW_CTX_TASK_ID='task_numss' AIRFLOW_CTX_EXECUTION_DATE='2025-10-02T23:49:00+00:00' AIRFLOW_CTX_TRY_NUMBER='1' AIRFLOW_CTX_DAG_RUN_ID='scheduled__2025-10-02T23:49:00+00:00'
[2025-10-02T23:50:12.277+0000] {taskinstance.py:430} INFO - ::endgroup::
[2025-10-02T23:50:12.280+0000] {logging_mixin.py:188} INFO - random num is saved
[2025-10-02T23:50:12.281+0000] {python.py:237} INFO - Done. Returned value was: None
[2025-10-02T23:50:12.282+0000] {taskinstance.py:441} INFO - ::group::Post task execution logs
[2025-10-02T23:50:12.301+0000] {taskinstance.py:1206} INFO - Marking task as SUCCESS. dag_id=first_taskk, task_id=task_numss, run_id=scheduled__2025-10-02T23:49:00+00:00, execution_date=20251002T234900, start_date=20251002T235011, end_date=20251002T235012
[2025-10-02T23:50:12.350+0000] {local_task_job_runner.py:240} INFO - Task exited with return code 0
[2025-10-02T23:50:12.392+0000] {taskinstance.py:3503} INFO - 0 downstream tasks scheduled from follow-on schedule check
[2025-10-02T23:50:12.397+0000] {local_task_job_runner.py:222} INFO - ::endgroup::
