[2025-10-02T23:29:11.165+0000] {local_task_job_runner.py:120} INFO - ::group::Pre task execution logs
[2025-10-02T23:29:11.216+0000] {taskinstance.py:2076} INFO - Dependencies all met for dep_context=non-requeueable deps ti=<TaskInstance: first_taskk.task_numss scheduled__2025-10-02T23:28:00+00:00 [queued]>
[2025-10-02T23:29:11.232+0000] {taskinstance.py:2076} INFO - Dependencies all met for dep_context=requeueable deps ti=<TaskInstance: first_taskk.task_numss scheduled__2025-10-02T23:28:00+00:00 [queued]>
[2025-10-02T23:29:11.234+0000] {taskinstance.py:2306} INFO - Starting attempt 1 of 1
[2025-10-02T23:29:11.262+0000] {taskinstance.py:2330} INFO - Executing <Task(PythonOperator): task_numss> on 2025-10-02 23:28:00+00:00
[2025-10-02T23:29:11.276+0000] {warnings.py:112} WARNING - /home/***/.local/lib/python3.12/site-packages/***/task/task_runner/standard_task_runner.py:61: DeprecationWarning: This process (pid=418) is multi-threaded, use of fork() may lead to deadlocks in the child.
  pid = os.fork()

[2025-10-02T23:29:11.280+0000] {standard_task_runner.py:63} INFO - Started process 420 to run task
[2025-10-02T23:29:11.280+0000] {standard_task_runner.py:90} INFO - Running: ['***', 'tasks', 'run', 'first_taskk', 'task_numss', 'scheduled__2025-10-02T23:28:00+00:00', '--job-id', '101', '--raw', '--subdir', 'DAGS_FOLDER/dag1.py', '--cfg-path', '/tmp/tmpg3q98g0k']
[2025-10-02T23:29:11.286+0000] {standard_task_runner.py:91} INFO - Job 101: Subtask task_numss
[2025-10-02T23:29:11.313+0000] {warnings.py:112} WARNING - /home/***/.local/lib/python3.12/site-packages/***/settings.py:195: DeprecationWarning: The sql_alchemy_conn option in [core] has been moved to the sql_alchemy_conn option in [database] - the old setting has been used, but please update your config.
  SQL_ALCHEMY_CONN = conf.get("database", "SQL_ALCHEMY_CONN")

[2025-10-02T23:29:11.400+0000] {task_command.py:426} INFO - Running <TaskInstance: first_taskk.task_numss scheduled__2025-10-02T23:28:00+00:00 [running]> on host 452c0657f430
[2025-10-02T23:29:11.593+0000] {taskinstance.py:2648} INFO - Exporting env vars: AIRFLOW_CTX_DAG_OWNER='***' AIRFLOW_CTX_DAG_ID='first_taskk' AIRFLOW_CTX_TASK_ID='task_numss' AIRFLOW_CTX_EXECUTION_DATE='2025-10-02T23:28:00+00:00' AIRFLOW_CTX_TRY_NUMBER='1' AIRFLOW_CTX_DAG_RUN_ID='scheduled__2025-10-02T23:28:00+00:00'
[2025-10-02T23:29:11.598+0000] {taskinstance.py:430} INFO - ::endgroup::
[2025-10-02T23:29:11.600+0000] {logging_mixin.py:188} INFO - random num is saved
[2025-10-02T23:29:11.601+0000] {python.py:237} INFO - Done. Returned value was: None
[2025-10-02T23:29:11.602+0000] {taskinstance.py:441} INFO - ::group::Post task execution logs
[2025-10-02T23:29:11.622+0000] {taskinstance.py:1206} INFO - Marking task as SUCCESS. dag_id=first_taskk, task_id=task_numss, run_id=scheduled__2025-10-02T23:28:00+00:00, execution_date=20251002T232800, start_date=20251002T232911, end_date=20251002T232911
[2025-10-02T23:29:11.698+0000] {local_task_job_runner.py:240} INFO - Task exited with return code 0
[2025-10-02T23:29:11.739+0000] {taskinstance.py:3503} INFO - 0 downstream tasks scheduled from follow-on schedule check
[2025-10-02T23:29:11.745+0000] {local_task_job_runner.py:222} INFO - ::endgroup::
