[2025-10-03T00:02:04.487+0000] {local_task_job_runner.py:120} INFO - ::group::Pre task execution logs
[2025-10-03T00:02:04.535+0000] {taskinstance.py:2076} INFO - Dependencies all met for dep_context=non-requeueable deps ti=<TaskInstance: first_taskk.task_prnt scheduled__2025-10-03T00:01:00+00:00 [queued]>
[2025-10-03T00:02:04.551+0000] {taskinstance.py:2076} INFO - Dependencies all met for dep_context=requeueable deps ti=<TaskInstance: first_taskk.task_prnt scheduled__2025-10-03T00:01:00+00:00 [queued]>
[2025-10-03T00:02:04.560+0000] {taskinstance.py:2306} INFO - Starting attempt 1 of 1
[2025-10-03T00:02:04.592+0000] {taskinstance.py:2330} INFO - Executing <Task(BashOperator): task_prnt> on 2025-10-03 00:01:00+00:00
[2025-10-03T00:02:04.606+0000] {warnings.py:112} WARNING - /home/***/.local/lib/python3.12/site-packages/***/task/task_runner/standard_task_runner.py:61: DeprecationWarning: This process (pid=741) is multi-threaded, use of fork() may lead to deadlocks in the child.
  pid = os.fork()

[2025-10-03T00:02:04.610+0000] {standard_task_runner.py:63} INFO - Started process 743 to run task
[2025-10-03T00:02:04.612+0000] {standard_task_runner.py:90} INFO - Running: ['***', 'tasks', 'run', 'first_taskk', 'task_prnt', 'scheduled__2025-10-03T00:01:00+00:00', '--job-id', '198', '--raw', '--subdir', 'DAGS_FOLDER/dag1.py', '--cfg-path', '/tmp/tmpngp47yw2']
[2025-10-03T00:02:04.617+0000] {standard_task_runner.py:91} INFO - Job 198: Subtask task_prnt
[2025-10-03T00:02:04.648+0000] {warnings.py:112} WARNING - /home/***/.local/lib/python3.12/site-packages/***/settings.py:195: DeprecationWarning: The sql_alchemy_conn option in [core] has been moved to the sql_alchemy_conn option in [database] - the old setting has been used, but please update your config.
  SQL_ALCHEMY_CONN = conf.get("database", "SQL_ALCHEMY_CONN")

[2025-10-03T00:02:04.765+0000] {task_command.py:426} INFO - Running <TaskInstance: first_taskk.task_prnt scheduled__2025-10-03T00:01:00+00:00 [running]> on host 452c0657f430
[2025-10-03T00:02:04.963+0000] {taskinstance.py:2648} INFO - Exporting env vars: AIRFLOW_CTX_DAG_OWNER='***' AIRFLOW_CTX_DAG_ID='first_taskk' AIRFLOW_CTX_TASK_ID='task_prnt' AIRFLOW_CTX_EXECUTION_DATE='2025-10-03T00:01:00+00:00' AIRFLOW_CTX_TRY_NUMBER='1' AIRFLOW_CTX_DAG_RUN_ID='scheduled__2025-10-03T00:01:00+00:00'
[2025-10-03T00:02:04.968+0000] {taskinstance.py:430} INFO - ::endgroup::
[2025-10-03T00:02:04.971+0000] {subprocess.py:63} INFO - Tmp dir root location: /tmp
[2025-10-03T00:02:04.974+0000] {subprocess.py:75} INFO - Running command: ['/usr/bin/bash', '-c', 'date']
[2025-10-03T00:02:05.003+0000] {subprocess.py:86} INFO - Output:
[2025-10-03T00:02:05.012+0000] {subprocess.py:93} INFO - Fri Oct  3 00:02:05 UTC 2025
[2025-10-03T00:02:05.013+0000] {subprocess.py:97} INFO - Command exited with return code 0
[2025-10-03T00:02:05.015+0000] {taskinstance.py:441} INFO - ::group::Post task execution logs
[2025-10-03T00:02:05.080+0000] {taskinstance.py:1206} INFO - Marking task as SUCCESS. dag_id=first_taskk, task_id=task_prnt, run_id=scheduled__2025-10-03T00:01:00+00:00, execution_date=20251003T000100, start_date=20251003T000204, end_date=20251003T000205
[2025-10-03T00:02:05.149+0000] {local_task_job_runner.py:240} INFO - Task exited with return code 0
[2025-10-03T00:02:05.205+0000] {taskinstance.py:3503} INFO - 0 downstream tasks scheduled from follow-on schedule check
[2025-10-03T00:02:05.209+0000] {local_task_job_runner.py:222} INFO - ::endgroup::
