[2025-10-03T00:41:07.717+0000] {local_task_job_runner.py:120} INFO - ::group::Pre task execution logs
[2025-10-03T00:41:07.787+0000] {taskinstance.py:2076} INFO - Dependencies all met for dep_context=non-requeueable deps ti=<TaskInstance: first_taskk.welcome_print scheduled__2025-10-03T00:40:00+00:00 [queued]>
[2025-10-03T00:41:07.811+0000] {taskinstance.py:2076} INFO - Dependencies all met for dep_context=requeueable deps ti=<TaskInstance: first_taskk.welcome_print scheduled__2025-10-03T00:40:00+00:00 [queued]>
[2025-10-03T00:41:07.813+0000] {taskinstance.py:2306} INFO - Starting attempt 1 of 1
[2025-10-03T00:41:07.863+0000] {taskinstance.py:2330} INFO - Executing <Task(PythonOperator): welcome_print> on 2025-10-03 00:40:00+00:00
[2025-10-03T00:41:07.882+0000] {warnings.py:112} WARNING - /home/***/.local/lib/python3.12/site-packages/***/task/task_runner/standard_task_runner.py:61: DeprecationWarning: This process (pid=1135) is multi-threaded, use of fork() may lead to deadlocks in the child.
  pid = os.fork()

[2025-10-03T00:41:07.892+0000] {standard_task_runner.py:63} INFO - Started process 1137 to run task
[2025-10-03T00:41:07.894+0000] {standard_task_runner.py:90} INFO - Running: ['***', 'tasks', 'run', 'first_taskk', 'welcome_print', 'scheduled__2025-10-03T00:40:00+00:00', '--job-id', '316', '--raw', '--subdir', 'DAGS_FOLDER/dag1.py', '--cfg-path', '/tmp/tmpaztoby6l']
[2025-10-03T00:41:07.903+0000] {standard_task_runner.py:91} INFO - Job 316: Subtask welcome_print
[2025-10-03T00:41:07.936+0000] {warnings.py:112} WARNING - /home/***/.local/lib/python3.12/site-packages/***/settings.py:195: DeprecationWarning: The sql_alchemy_conn option in [core] has been moved to the sql_alchemy_conn option in [database] - the old setting has been used, but please update your config.
  SQL_ALCHEMY_CONN = conf.get("database", "SQL_ALCHEMY_CONN")

[2025-10-03T00:41:08.043+0000] {task_command.py:426} INFO - Running <TaskInstance: first_taskk.welcome_print scheduled__2025-10-03T00:40:00+00:00 [running]> on host 452c0657f430
[2025-10-03T00:41:08.245+0000] {taskinstance.py:2648} INFO - Exporting env vars: AIRFLOW_CTX_DAG_OWNER='***' AIRFLOW_CTX_DAG_ID='first_taskk' AIRFLOW_CTX_TASK_ID='welcome_print' AIRFLOW_CTX_EXECUTION_DATE='2025-10-03T00:40:00+00:00' AIRFLOW_CTX_TRY_NUMBER='1' AIRFLOW_CTX_DAG_RUN_ID='scheduled__2025-10-03T00:40:00+00:00'
[2025-10-03T00:41:08.250+0000] {taskinstance.py:430} INFO - ::endgroup::
[2025-10-03T00:41:08.251+0000] {logging_mixin.py:188} INFO - Welcome to Airflow Yasmine
[2025-10-03T00:41:08.252+0000] {python.py:237} INFO - Done. Returned value was: None
[2025-10-03T00:41:08.253+0000] {taskinstance.py:441} INFO - ::group::Post task execution logs
[2025-10-03T00:41:08.270+0000] {taskinstance.py:1206} INFO - Marking task as SUCCESS. dag_id=first_taskk, task_id=welcome_print, run_id=scheduled__2025-10-03T00:40:00+00:00, execution_date=20251003T004000, start_date=20251003T004107, end_date=20251003T004108
[2025-10-03T00:41:08.310+0000] {local_task_job_runner.py:240} INFO - Task exited with return code 0
[2025-10-03T00:41:08.351+0000] {taskinstance.py:3503} INFO - 1 downstream tasks scheduled from follow-on schedule check
[2025-10-03T00:41:08.354+0000] {local_task_job_runner.py:222} INFO - ::endgroup::
