[2025-10-03T00:27:03.826+0000] {local_task_job_runner.py:120} INFO - ::group::Pre task execution logs
[2025-10-03T00:27:03.870+0000] {taskinstance.py:2076} INFO - Dependencies all met for dep_context=non-requeueable deps ti=<TaskInstance: first_taskk.task_prnt scheduled__2025-10-03T00:26:00+00:00 [queued]>
[2025-10-03T00:27:03.885+0000] {taskinstance.py:2076} INFO - Dependencies all met for dep_context=requeueable deps ti=<TaskInstance: first_taskk.task_prnt scheduled__2025-10-03T00:26:00+00:00 [queued]>
[2025-10-03T00:27:03.887+0000] {taskinstance.py:2306} INFO - Starting attempt 1 of 1
[2025-10-03T00:27:03.917+0000] {taskinstance.py:2330} INFO - Executing <Task(BashOperator): task_prnt> on 2025-10-03 00:26:00+00:00
[2025-10-03T00:27:03.932+0000] {warnings.py:112} WARNING - /home/***/.local/lib/python3.12/site-packages/***/task/task_runner/standard_task_runner.py:61: DeprecationWarning: This process (pid=991) is multi-threaded, use of fork() may lead to deadlocks in the child.
  pid = os.fork()

[2025-10-03T00:27:03.935+0000] {standard_task_runner.py:63} INFO - Started process 993 to run task
[2025-10-03T00:27:03.935+0000] {standard_task_runner.py:90} INFO - Running: ['***', 'tasks', 'run', 'first_taskk', 'task_prnt', 'scheduled__2025-10-03T00:26:00+00:00', '--job-id', '273', '--raw', '--subdir', 'DAGS_FOLDER/dag1.py', '--cfg-path', '/tmp/tmpzw4bdb71']
[2025-10-03T00:27:03.941+0000] {standard_task_runner.py:91} INFO - Job 273: Subtask task_prnt
[2025-10-03T00:27:03.967+0000] {warnings.py:112} WARNING - /home/***/.local/lib/python3.12/site-packages/***/settings.py:195: DeprecationWarning: The sql_alchemy_conn option in [core] has been moved to the sql_alchemy_conn option in [database] - the old setting has been used, but please update your config.
  SQL_ALCHEMY_CONN = conf.get("database", "SQL_ALCHEMY_CONN")

[2025-10-03T00:27:04.060+0000] {task_command.py:426} INFO - Running <TaskInstance: first_taskk.task_prnt scheduled__2025-10-03T00:26:00+00:00 [running]> on host 452c0657f430
[2025-10-03T00:27:04.251+0000] {taskinstance.py:2648} INFO - Exporting env vars: AIRFLOW_CTX_DAG_OWNER='***' AIRFLOW_CTX_DAG_ID='first_taskk' AIRFLOW_CTX_TASK_ID='task_prnt' AIRFLOW_CTX_EXECUTION_DATE='2025-10-03T00:26:00+00:00' AIRFLOW_CTX_TRY_NUMBER='1' AIRFLOW_CTX_DAG_RUN_ID='scheduled__2025-10-03T00:26:00+00:00'
[2025-10-03T00:27:04.255+0000] {taskinstance.py:430} INFO - ::endgroup::
[2025-10-03T00:27:04.257+0000] {subprocess.py:63} INFO - Tmp dir root location: /tmp
[2025-10-03T00:27:04.260+0000] {subprocess.py:75} INFO - Running command: ['/usr/bin/bash', '-c', 'date']
[2025-10-03T00:27:04.283+0000] {subprocess.py:86} INFO - Output:
[2025-10-03T00:27:04.290+0000] {subprocess.py:93} INFO - Fri Oct  3 00:27:04 UTC 2025
[2025-10-03T00:27:04.291+0000] {subprocess.py:97} INFO - Command exited with return code 0
[2025-10-03T00:27:04.293+0000] {taskinstance.py:441} INFO - ::group::Post task execution logs
[2025-10-03T00:27:04.345+0000] {taskinstance.py:1206} INFO - Marking task as SUCCESS. dag_id=first_taskk, task_id=task_prnt, run_id=scheduled__2025-10-03T00:26:00+00:00, execution_date=20251003T002600, start_date=20251003T002703, end_date=20251003T002704
[2025-10-03T00:27:04.393+0000] {local_task_job_runner.py:240} INFO - Task exited with return code 0
[2025-10-03T00:27:04.448+0000] {taskinstance.py:3503} INFO - 1 downstream tasks scheduled from follow-on schedule check
[2025-10-03T00:27:04.452+0000] {local_task_job_runner.py:222} INFO - ::endgroup::
