[2025-10-03T00:04:08.366+0000] {local_task_job_runner.py:120} INFO - ::group::Pre task execution logs
[2025-10-03T00:04:08.407+0000] {taskinstance.py:2076} INFO - Dependencies all met for dep_context=non-requeueable deps ti=<TaskInstance: first_taskk.welcome_print scheduled__2025-10-03T00:03:00+00:00 [queued]>
[2025-10-03T00:04:08.422+0000] {taskinstance.py:2076} INFO - Dependencies all met for dep_context=requeueable deps ti=<TaskInstance: first_taskk.welcome_print scheduled__2025-10-03T00:03:00+00:00 [queued]>
[2025-10-03T00:04:08.424+0000] {taskinstance.py:2306} INFO - Starting attempt 1 of 1
[2025-10-03T00:04:08.459+0000] {taskinstance.py:2330} INFO - Executing <Task(PythonOperator): welcome_print> on 2025-10-03 00:03:00+00:00
[2025-10-03T00:04:08.474+0000] {warnings.py:112} WARNING - /home/***/.local/lib/python3.12/site-packages/***/task/task_runner/standard_task_runner.py:61: DeprecationWarning: This process (pid=765) is multi-threaded, use of fork() may lead to deadlocks in the child.
  pid = os.fork()

[2025-10-03T00:04:08.479+0000] {standard_task_runner.py:63} INFO - Started process 767 to run task
[2025-10-03T00:04:08.481+0000] {standard_task_runner.py:90} INFO - Running: ['***', 'tasks', 'run', 'first_taskk', 'welcome_print', 'scheduled__2025-10-03T00:03:00+00:00', '--job-id', '205', '--raw', '--subdir', 'DAGS_FOLDER/dag1.py', '--cfg-path', '/tmp/tmpczn3653u']
[2025-10-03T00:04:08.489+0000] {standard_task_runner.py:91} INFO - Job 205: Subtask welcome_print
[2025-10-03T00:04:08.517+0000] {warnings.py:112} WARNING - /home/***/.local/lib/python3.12/site-packages/***/settings.py:195: DeprecationWarning: The sql_alchemy_conn option in [core] has been moved to the sql_alchemy_conn option in [database] - the old setting has been used, but please update your config.
  SQL_ALCHEMY_CONN = conf.get("database", "SQL_ALCHEMY_CONN")

[2025-10-03T00:04:08.613+0000] {task_command.py:426} INFO - Running <TaskInstance: first_taskk.welcome_print scheduled__2025-10-03T00:03:00+00:00 [running]> on host 452c0657f430
[2025-10-03T00:04:08.813+0000] {taskinstance.py:2648} INFO - Exporting env vars: AIRFLOW_CTX_DAG_OWNER='***' AIRFLOW_CTX_DAG_ID='first_taskk' AIRFLOW_CTX_TASK_ID='welcome_print' AIRFLOW_CTX_EXECUTION_DATE='2025-10-03T00:03:00+00:00' AIRFLOW_CTX_TRY_NUMBER='1' AIRFLOW_CTX_DAG_RUN_ID='scheduled__2025-10-03T00:03:00+00:00'
[2025-10-03T00:04:08.819+0000] {taskinstance.py:430} INFO - ::endgroup::
[2025-10-03T00:04:08.821+0000] {logging_mixin.py:188} INFO - Welcome to Airflow Yasmine
[2025-10-03T00:04:08.822+0000] {python.py:237} INFO - Done. Returned value was: None
[2025-10-03T00:04:08.823+0000] {taskinstance.py:441} INFO - ::group::Post task execution logs
[2025-10-03T00:04:08.844+0000] {taskinstance.py:1206} INFO - Marking task as SUCCESS. dag_id=first_taskk, task_id=welcome_print, run_id=scheduled__2025-10-03T00:03:00+00:00, execution_date=20251003T000300, start_date=20251003T000408, end_date=20251003T000408
[2025-10-03T00:04:08.899+0000] {local_task_job_runner.py:240} INFO - Task exited with return code 0
[2025-10-03T00:04:08.952+0000] {taskinstance.py:3503} INFO - 1 downstream tasks scheduled from follow-on schedule check
[2025-10-03T00:04:08.958+0000] {local_task_job_runner.py:222} INFO - ::endgroup::
