[2025-10-03T00:46:18.941+0000] {local_task_job_runner.py:120} INFO - ::group::Pre task execution logs
[2025-10-03T00:46:19.024+0000] {taskinstance.py:2076} INFO - Dependencies all met for dep_context=non-requeueable deps ti=<TaskInstance: first_taskk.task_prnt scheduled__2025-10-03T00:44:00+00:00 [queued]>
[2025-10-03T00:46:19.047+0000] {taskinstance.py:2076} INFO - Dependencies all met for dep_context=requeueable deps ti=<TaskInstance: first_taskk.task_prnt scheduled__2025-10-03T00:44:00+00:00 [queued]>
[2025-10-03T00:46:19.050+0000] {taskinstance.py:2306} INFO - Starting attempt 1 of 1
[2025-10-03T00:46:19.095+0000] {taskinstance.py:2330} INFO - Executing <Task(BashOperator): task_prnt> on 2025-10-03 00:44:00+00:00
[2025-10-03T00:46:19.124+0000] {warnings.py:112} WARNING - /home/***/.local/lib/python3.12/site-packages/***/task/task_runner/standard_task_runner.py:61: DeprecationWarning: This process (pid=50) is multi-threaded, use of fork() may lead to deadlocks in the child.
  pid = os.fork()

[2025-10-03T00:46:19.129+0000] {standard_task_runner.py:63} INFO - Started process 55 to run task
[2025-10-03T00:46:19.127+0000] {standard_task_runner.py:90} INFO - Running: ['***', 'tasks', 'run', 'first_taskk', 'task_prnt', 'scheduled__2025-10-03T00:44:00+00:00', '--job-id', '329', '--raw', '--subdir', 'DAGS_FOLDER/dag1.py', '--cfg-path', '/tmp/tmpvsnt2hxt']
[2025-10-03T00:46:19.135+0000] {standard_task_runner.py:91} INFO - Job 329: Subtask task_prnt
[2025-10-03T00:46:19.194+0000] {warnings.py:112} WARNING - /home/***/.local/lib/python3.12/site-packages/***/settings.py:195: DeprecationWarning: The sql_alchemy_conn option in [core] has been moved to the sql_alchemy_conn option in [database] - the old setting has been used, but please update your config.
  SQL_ALCHEMY_CONN = conf.get("database", "SQL_ALCHEMY_CONN")

[2025-10-03T00:46:19.528+0000] {task_command.py:426} INFO - Running <TaskInstance: first_taskk.task_prnt scheduled__2025-10-03T00:44:00+00:00 [running]> on host 452c0657f430
[2025-10-03T00:46:20.015+0000] {taskinstance.py:2648} INFO - Exporting env vars: AIRFLOW_CTX_DAG_OWNER='***' AIRFLOW_CTX_DAG_ID='first_taskk' AIRFLOW_CTX_TASK_ID='task_prnt' AIRFLOW_CTX_EXECUTION_DATE='2025-10-03T00:44:00+00:00' AIRFLOW_CTX_TRY_NUMBER='1' AIRFLOW_CTX_DAG_RUN_ID='scheduled__2025-10-03T00:44:00+00:00'
[2025-10-03T00:46:20.026+0000] {taskinstance.py:430} INFO - ::endgroup::
[2025-10-03T00:46:20.030+0000] {subprocess.py:63} INFO - Tmp dir root location: /tmp
[2025-10-03T00:46:20.040+0000] {subprocess.py:75} INFO - Running command: ['/usr/bin/bash', '-c', 'date']
[2025-10-03T00:46:20.078+0000] {subprocess.py:86} INFO - Output:
[2025-10-03T00:46:20.111+0000] {subprocess.py:93} INFO - Fri Oct  3 00:46:20 UTC 2025
[2025-10-03T00:46:20.114+0000] {subprocess.py:97} INFO - Command exited with return code 0
[2025-10-03T00:46:20.116+0000] {taskinstance.py:441} INFO - ::group::Post task execution logs
[2025-10-03T00:46:20.195+0000] {taskinstance.py:1206} INFO - Marking task as SUCCESS. dag_id=first_taskk, task_id=task_prnt, run_id=scheduled__2025-10-03T00:44:00+00:00, execution_date=20251003T004400, start_date=20251003T004619, end_date=20251003T004620
[2025-10-03T00:46:20.256+0000] {local_task_job_runner.py:240} INFO - Task exited with return code 0
[2025-10-03T00:46:20.348+0000] {taskinstance.py:3503} INFO - 1 downstream tasks scheduled from follow-on schedule check
[2025-10-03T00:46:20.351+0000] {local_task_job_runner.py:222} INFO - ::endgroup::
