[2025-10-03T00:54:19.293+0000] {local_task_job_runner.py:120} INFO - ::group::Pre task execution logs
[2025-10-03T00:54:19.679+0000] {taskinstance.py:2076} INFO - Dependencies all met for dep_context=non-requeueable deps ti=<TaskInstance: first_taskk.welcome_print scheduled__2025-10-03T00:53:00+00:00 [queued]>
[2025-10-03T00:54:19.792+0000] {taskinstance.py:2076} INFO - Dependencies all met for dep_context=requeueable deps ti=<TaskInstance: first_taskk.welcome_print scheduled__2025-10-03T00:53:00+00:00 [queued]>
[2025-10-03T00:54:19.807+0000] {taskinstance.py:2306} INFO - Starting attempt 1 of 1
[2025-10-03T00:54:20.353+0000] {taskinstance.py:2330} INFO - Executing <Task(PythonOperator): welcome_print> on 2025-10-03 00:53:00+00:00
[2025-10-03T00:54:20.432+0000] {warnings.py:112} WARNING - /home/***/.local/lib/python3.12/site-packages/***/task/task_runner/standard_task_runner.py:61: DeprecationWarning: This process (pid=144) is multi-threaded, use of fork() may lead to deadlocks in the child.
  pid = os.fork()

[2025-10-03T00:54:20.518+0000] {standard_task_runner.py:90} INFO - Running: ['***', 'tasks', 'run', 'first_taskk', 'welcome_print', 'scheduled__2025-10-03T00:53:00+00:00', '--job-id', '356', '--raw', '--subdir', 'DAGS_FOLDER/Airflow_Depi.py', '--cfg-path', '/tmp/tmp800bsaf2']
[2025-10-03T00:54:20.535+0000] {standard_task_runner.py:63} INFO - Started process 146 to run task
[2025-10-03T00:54:20.576+0000] {standard_task_runner.py:91} INFO - Job 356: Subtask welcome_print
[2025-10-03T00:54:21.057+0000] {warnings.py:112} WARNING - /home/***/.local/lib/python3.12/site-packages/***/settings.py:195: DeprecationWarning: The sql_alchemy_conn option in [core] has been moved to the sql_alchemy_conn option in [database] - the old setting has been used, but please update your config.
  SQL_ALCHEMY_CONN = conf.get("database", "SQL_ALCHEMY_CONN")

[2025-10-03T00:54:21.532+0000] {task_command.py:426} INFO - Running <TaskInstance: first_taskk.welcome_print scheduled__2025-10-03T00:53:00+00:00 [running]> on host 452c0657f430
[2025-10-03T00:54:22.227+0000] {taskinstance.py:2648} INFO - Exporting env vars: AIRFLOW_CTX_DAG_OWNER='***' AIRFLOW_CTX_DAG_ID='first_taskk' AIRFLOW_CTX_TASK_ID='welcome_print' AIRFLOW_CTX_EXECUTION_DATE='2025-10-03T00:53:00+00:00' AIRFLOW_CTX_TRY_NUMBER='1' AIRFLOW_CTX_DAG_RUN_ID='scheduled__2025-10-03T00:53:00+00:00'
[2025-10-03T00:54:22.233+0000] {taskinstance.py:430} INFO - ::endgroup::
[2025-10-03T00:54:22.239+0000] {logging_mixin.py:188} INFO - Welcome to Airflow Yasmine
[2025-10-03T00:54:22.241+0000] {python.py:237} INFO - Done. Returned value was: None
[2025-10-03T00:54:22.245+0000] {taskinstance.py:441} INFO - ::group::Post task execution logs
[2025-10-03T00:54:22.316+0000] {taskinstance.py:1206} INFO - Marking task as SUCCESS. dag_id=first_taskk, task_id=welcome_print, run_id=scheduled__2025-10-03T00:53:00+00:00, execution_date=20251003T005300, start_date=20251003T005419, end_date=20251003T005422
[2025-10-03T00:54:22.531+0000] {local_task_job_runner.py:240} INFO - Task exited with return code 0
[2025-10-03T00:54:22.661+0000] {taskinstance.py:3503} INFO - 1 downstream tasks scheduled from follow-on schedule check
[2025-10-03T00:54:22.667+0000] {local_task_job_runner.py:222} INFO - ::endgroup::
