[2025-10-02T23:50:06.951+0000] {local_task_job_runner.py:120} INFO - ::group::Pre task execution logs
[2025-10-02T23:50:06.995+0000] {taskinstance.py:2076} INFO - Dependencies all met for dep_context=non-requeueable deps ti=<TaskInstance: first_taskk.welcome_print scheduled__2025-10-02T23:49:00+00:00 [queued]>
[2025-10-02T23:50:07.012+0000] {taskinstance.py:2076} INFO - Dependencies all met for dep_context=requeueable deps ti=<TaskInstance: first_taskk.welcome_print scheduled__2025-10-02T23:49:00+00:00 [queued]>
[2025-10-02T23:50:07.014+0000] {taskinstance.py:2306} INFO - Starting attempt 1 of 1
[2025-10-02T23:50:07.045+0000] {taskinstance.py:2330} INFO - Executing <Task(PythonOperator): welcome_print> on 2025-10-02 23:49:00+00:00
[2025-10-02T23:50:07.060+0000] {warnings.py:112} WARNING - /home/***/.local/lib/python3.12/site-packages/***/task/task_runner/standard_task_runner.py:61: DeprecationWarning: This process (pid=625) is multi-threaded, use of fork() may lead to deadlocks in the child.
  pid = os.fork()

[2025-10-02T23:50:07.065+0000] {standard_task_runner.py:63} INFO - Started process 627 to run task
[2025-10-02T23:50:07.065+0000] {standard_task_runner.py:90} INFO - Running: ['***', 'tasks', 'run', 'first_taskk', 'welcome_print', 'scheduled__2025-10-02T23:49:00+00:00', '--job-id', '163', '--raw', '--subdir', 'DAGS_FOLDER/dag1.py', '--cfg-path', '/tmp/tmp1o6rocqb']
[2025-10-02T23:50:07.071+0000] {standard_task_runner.py:91} INFO - Job 163: Subtask welcome_print
[2025-10-02T23:50:07.095+0000] {warnings.py:112} WARNING - /home/***/.local/lib/python3.12/site-packages/***/settings.py:195: DeprecationWarning: The sql_alchemy_conn option in [core] has been moved to the sql_alchemy_conn option in [database] - the old setting has been used, but please update your config.
  SQL_ALCHEMY_CONN = conf.get("database", "SQL_ALCHEMY_CONN")

[2025-10-02T23:50:07.190+0000] {task_command.py:426} INFO - Running <TaskInstance: first_taskk.welcome_print scheduled__2025-10-02T23:49:00+00:00 [running]> on host 452c0657f430
[2025-10-02T23:50:07.398+0000] {taskinstance.py:2648} INFO - Exporting env vars: AIRFLOW_CTX_DAG_OWNER='***' AIRFLOW_CTX_DAG_ID='first_taskk' AIRFLOW_CTX_TASK_ID='welcome_print' AIRFLOW_CTX_EXECUTION_DATE='2025-10-02T23:49:00+00:00' AIRFLOW_CTX_TRY_NUMBER='1' AIRFLOW_CTX_DAG_RUN_ID='scheduled__2025-10-02T23:49:00+00:00'
[2025-10-02T23:50:07.403+0000] {taskinstance.py:430} INFO - ::endgroup::
[2025-10-02T23:50:07.405+0000] {logging_mixin.py:188} INFO - Welcome to Airflow Yasmine
[2025-10-02T23:50:07.406+0000] {python.py:237} INFO - Done. Returned value was: None
[2025-10-02T23:50:07.407+0000] {taskinstance.py:441} INFO - ::group::Post task execution logs
[2025-10-02T23:50:07.426+0000] {taskinstance.py:1206} INFO - Marking task as SUCCESS. dag_id=first_taskk, task_id=welcome_print, run_id=scheduled__2025-10-02T23:49:00+00:00, execution_date=20251002T234900, start_date=20251002T235006, end_date=20251002T235007
[2025-10-02T23:50:07.482+0000] {local_task_job_runner.py:240} INFO - Task exited with return code 0
[2025-10-02T23:50:07.527+0000] {taskinstance.py:3503} INFO - 1 downstream tasks scheduled from follow-on schedule check
[2025-10-02T23:50:07.532+0000] {local_task_job_runner.py:222} INFO - ::endgroup::
