[2025-10-02T23:35:07.910+0000] {local_task_job_runner.py:120} INFO - ::group::Pre task execution logs
[2025-10-02T23:35:07.954+0000] {taskinstance.py:2076} INFO - Dependencies all met for dep_context=non-requeueable deps ti=<TaskInstance: first_taskk.welcome_print scheduled__2025-10-02T23:34:00+00:00 [queued]>
[2025-10-02T23:35:07.972+0000] {taskinstance.py:2076} INFO - Dependencies all met for dep_context=requeueable deps ti=<TaskInstance: first_taskk.welcome_print scheduled__2025-10-02T23:34:00+00:00 [queued]>
[2025-10-02T23:35:07.973+0000] {taskinstance.py:2306} INFO - Starting attempt 1 of 1
[2025-10-02T23:35:08.007+0000] {taskinstance.py:2330} INFO - Executing <Task(PythonOperator): welcome_print> on 2025-10-02 23:34:00+00:00
[2025-10-02T23:35:08.022+0000] {warnings.py:112} WARNING - /home/***/.local/lib/python3.12/site-packages/***/task/task_runner/standard_task_runner.py:61: DeprecationWarning: This process (pid=475) is multi-threaded, use of fork() may lead to deadlocks in the child.
  pid = os.fork()

[2025-10-02T23:35:08.025+0000] {standard_task_runner.py:63} INFO - Started process 477 to run task
[2025-10-02T23:35:08.027+0000] {standard_task_runner.py:90} INFO - Running: ['***', 'tasks', 'run', 'first_taskk', 'welcome_print', 'scheduled__2025-10-02T23:34:00+00:00', '--job-id', '118', '--raw', '--subdir', 'DAGS_FOLDER/dag1.py', '--cfg-path', '/tmp/tmph1x656wu']
[2025-10-02T23:35:08.045+0000] {standard_task_runner.py:91} INFO - Job 118: Subtask welcome_print
[2025-10-02T23:35:08.157+0000] {warnings.py:112} WARNING - /home/***/.local/lib/python3.12/site-packages/***/settings.py:195: DeprecationWarning: The sql_alchemy_conn option in [core] has been moved to the sql_alchemy_conn option in [database] - the old setting has been used, but please update your config.
  SQL_ALCHEMY_CONN = conf.get("database", "SQL_ALCHEMY_CONN")

[2025-10-02T23:35:08.374+0000] {task_command.py:426} INFO - Running <TaskInstance: first_taskk.welcome_print scheduled__2025-10-02T23:34:00+00:00 [running]> on host 452c0657f430
[2025-10-02T23:35:08.627+0000] {taskinstance.py:2648} INFO - Exporting env vars: AIRFLOW_CTX_DAG_OWNER='***' AIRFLOW_CTX_DAG_ID='first_taskk' AIRFLOW_CTX_TASK_ID='welcome_print' AIRFLOW_CTX_EXECUTION_DATE='2025-10-02T23:34:00+00:00' AIRFLOW_CTX_TRY_NUMBER='1' AIRFLOW_CTX_DAG_RUN_ID='scheduled__2025-10-02T23:34:00+00:00'
[2025-10-02T23:35:08.632+0000] {taskinstance.py:430} INFO - ::endgroup::
[2025-10-02T23:35:08.635+0000] {logging_mixin.py:188} INFO - Welcome to Airflow Yasmine
[2025-10-02T23:35:08.637+0000] {python.py:237} INFO - Done. Returned value was: None
[2025-10-02T23:35:08.639+0000] {taskinstance.py:441} INFO - ::group::Post task execution logs
[2025-10-02T23:35:08.674+0000] {taskinstance.py:1206} INFO - Marking task as SUCCESS. dag_id=first_taskk, task_id=welcome_print, run_id=scheduled__2025-10-02T23:34:00+00:00, execution_date=20251002T233400, start_date=20251002T233507, end_date=20251002T233508
[2025-10-02T23:35:08.747+0000] {local_task_job_runner.py:240} INFO - Task exited with return code 0
[2025-10-02T23:35:08.790+0000] {taskinstance.py:3503} INFO - 1 downstream tasks scheduled from follow-on schedule check
[2025-10-02T23:35:08.794+0000] {local_task_job_runner.py:222} INFO - ::endgroup::
