[2025-10-03T00:08:04.522+0000] {local_task_job_runner.py:120} INFO - ::group::Pre task execution logs
[2025-10-03T00:08:04.576+0000] {taskinstance.py:2076} INFO - Dependencies all met for dep_context=non-requeueable deps ti=<TaskInstance: first_taskk.task_prnt scheduled__2025-10-03T00:07:00+00:00 [queued]>
[2025-10-03T00:08:04.596+0000] {taskinstance.py:2076} INFO - Dependencies all met for dep_context=requeueable deps ti=<TaskInstance: first_taskk.task_prnt scheduled__2025-10-03T00:07:00+00:00 [queued]>
[2025-10-03T00:08:04.598+0000] {taskinstance.py:2306} INFO - Starting attempt 1 of 1
[2025-10-03T00:08:04.625+0000] {taskinstance.py:2330} INFO - Executing <Task(BashOperator): task_prnt> on 2025-10-03 00:07:00+00:00
[2025-10-03T00:08:04.640+0000] {warnings.py:112} WARNING - /home/***/.local/lib/python3.12/site-packages/***/task/task_runner/standard_task_runner.py:61: DeprecationWarning: This process (pid=801) is multi-threaded, use of fork() may lead to deadlocks in the child.
  pid = os.fork()

[2025-10-03T00:08:04.646+0000] {standard_task_runner.py:63} INFO - Started process 803 to run task
[2025-10-03T00:08:04.646+0000] {standard_task_runner.py:90} INFO - Running: ['***', 'tasks', 'run', 'first_taskk', 'task_prnt', 'scheduled__2025-10-03T00:07:00+00:00', '--job-id', '216', '--raw', '--subdir', 'DAGS_FOLDER/dag1.py', '--cfg-path', '/tmp/tmpsc844u6l']
[2025-10-03T00:08:04.652+0000] {standard_task_runner.py:91} INFO - Job 216: Subtask task_prnt
[2025-10-03T00:08:04.682+0000] {warnings.py:112} WARNING - /home/***/.local/lib/python3.12/site-packages/***/settings.py:195: DeprecationWarning: The sql_alchemy_conn option in [core] has been moved to the sql_alchemy_conn option in [database] - the old setting has been used, but please update your config.
  SQL_ALCHEMY_CONN = conf.get("database", "SQL_ALCHEMY_CONN")

[2025-10-03T00:08:04.792+0000] {task_command.py:426} INFO - Running <TaskInstance: first_taskk.task_prnt scheduled__2025-10-03T00:07:00+00:00 [running]> on host 452c0657f430
[2025-10-03T00:08:05.005+0000] {taskinstance.py:2648} INFO - Exporting env vars: AIRFLOW_CTX_DAG_OWNER='***' AIRFLOW_CTX_DAG_ID='first_taskk' AIRFLOW_CTX_TASK_ID='task_prnt' AIRFLOW_CTX_EXECUTION_DATE='2025-10-03T00:07:00+00:00' AIRFLOW_CTX_TRY_NUMBER='1' AIRFLOW_CTX_DAG_RUN_ID='scheduled__2025-10-03T00:07:00+00:00'
[2025-10-03T00:08:05.009+0000] {taskinstance.py:430} INFO - ::endgroup::
[2025-10-03T00:08:05.011+0000] {subprocess.py:63} INFO - Tmp dir root location: /tmp
[2025-10-03T00:08:05.013+0000] {subprocess.py:75} INFO - Running command: ['/usr/bin/bash', '-c', 'date']
[2025-10-03T00:08:05.037+0000] {subprocess.py:86} INFO - Output:
[2025-10-03T00:08:05.044+0000] {subprocess.py:93} INFO - Fri Oct  3 00:08:05 UTC 2025
[2025-10-03T00:08:05.046+0000] {subprocess.py:97} INFO - Command exited with return code 0
[2025-10-03T00:08:05.048+0000] {taskinstance.py:441} INFO - ::group::Post task execution logs
[2025-10-03T00:08:05.095+0000] {taskinstance.py:1206} INFO - Marking task as SUCCESS. dag_id=first_taskk, task_id=task_prnt, run_id=scheduled__2025-10-03T00:07:00+00:00, execution_date=20251003T000700, start_date=20251003T000804, end_date=20251003T000805
[2025-10-03T00:08:05.145+0000] {local_task_job_runner.py:240} INFO - Task exited with return code 0
[2025-10-03T00:08:05.166+0000] {local_task_job_runner.py:222} INFO - ::endgroup::
