[2025-10-03T00:02:08.421+0000] {local_task_job_runner.py:120} INFO - ::group::Pre task execution logs
[2025-10-03T00:02:08.468+0000] {taskinstance.py:2076} INFO - Dependencies all met for dep_context=non-requeueable deps ti=<TaskInstance: first_taskk.welcome_print scheduled__2025-10-03T00:01:00+00:00 [queued]>
[2025-10-03T00:02:08.485+0000] {taskinstance.py:2076} INFO - Dependencies all met for dep_context=requeueable deps ti=<TaskInstance: first_taskk.welcome_print scheduled__2025-10-03T00:01:00+00:00 [queued]>
[2025-10-03T00:02:08.486+0000] {taskinstance.py:2306} INFO - Starting attempt 1 of 1
[2025-10-03T00:02:08.521+0000] {taskinstance.py:2330} INFO - Executing <Task(PythonOperator): welcome_print> on 2025-10-03 00:01:00+00:00
[2025-10-03T00:02:08.537+0000] {warnings.py:112} WARNING - /home/***/.local/lib/python3.12/site-packages/***/task/task_runner/standard_task_runner.py:61: DeprecationWarning: This process (pid=745) is multi-threaded, use of fork() may lead to deadlocks in the child.
  pid = os.fork()

[2025-10-03T00:02:08.543+0000] {standard_task_runner.py:63} INFO - Started process 747 to run task
[2025-10-03T00:02:08.544+0000] {standard_task_runner.py:90} INFO - Running: ['***', 'tasks', 'run', 'first_taskk', 'welcome_print', 'scheduled__2025-10-03T00:01:00+00:00', '--job-id', '199', '--raw', '--subdir', 'DAGS_FOLDER/dag1.py', '--cfg-path', '/tmp/tmpi6r44_v0']
[2025-10-03T00:02:08.552+0000] {standard_task_runner.py:91} INFO - Job 199: Subtask welcome_print
[2025-10-03T00:02:08.579+0000] {warnings.py:112} WARNING - /home/***/.local/lib/python3.12/site-packages/***/settings.py:195: DeprecationWarning: The sql_alchemy_conn option in [core] has been moved to the sql_alchemy_conn option in [database] - the old setting has been used, but please update your config.
  SQL_ALCHEMY_CONN = conf.get("database", "SQL_ALCHEMY_CONN")

[2025-10-03T00:02:08.671+0000] {task_command.py:426} INFO - Running <TaskInstance: first_taskk.welcome_print scheduled__2025-10-03T00:01:00+00:00 [running]> on host 452c0657f430
[2025-10-03T00:02:08.880+0000] {taskinstance.py:2648} INFO - Exporting env vars: AIRFLOW_CTX_DAG_OWNER='***' AIRFLOW_CTX_DAG_ID='first_taskk' AIRFLOW_CTX_TASK_ID='welcome_print' AIRFLOW_CTX_EXECUTION_DATE='2025-10-03T00:01:00+00:00' AIRFLOW_CTX_TRY_NUMBER='1' AIRFLOW_CTX_DAG_RUN_ID='scheduled__2025-10-03T00:01:00+00:00'
[2025-10-03T00:02:08.884+0000] {taskinstance.py:430} INFO - ::endgroup::
[2025-10-03T00:02:08.886+0000] {logging_mixin.py:188} INFO - Welcome to Airflow Yasmine
[2025-10-03T00:02:08.887+0000] {python.py:237} INFO - Done. Returned value was: None
[2025-10-03T00:02:08.888+0000] {taskinstance.py:441} INFO - ::group::Post task execution logs
[2025-10-03T00:02:08.909+0000] {taskinstance.py:1206} INFO - Marking task as SUCCESS. dag_id=first_taskk, task_id=welcome_print, run_id=scheduled__2025-10-03T00:01:00+00:00, execution_date=20251003T000100, start_date=20251003T000208, end_date=20251003T000208
[2025-10-03T00:02:08.963+0000] {local_task_job_runner.py:240} INFO - Task exited with return code 0
[2025-10-03T00:02:09.007+0000] {taskinstance.py:3503} INFO - 1 downstream tasks scheduled from follow-on schedule check
[2025-10-03T00:02:09.012+0000] {local_task_job_runner.py:222} INFO - ::endgroup::
