[2025-10-03T00:36:07.220+0000] {local_task_job_runner.py:120} INFO - ::group::Pre task execution logs
[2025-10-03T00:36:07.275+0000] {taskinstance.py:2076} INFO - Dependencies all met for dep_context=non-requeueable deps ti=<TaskInstance: first_taskk.welcome_print scheduled__2025-10-03T00:35:00+00:00 [queued]>
[2025-10-03T00:36:07.290+0000] {taskinstance.py:2076} INFO - Dependencies all met for dep_context=requeueable deps ti=<TaskInstance: first_taskk.welcome_print scheduled__2025-10-03T00:35:00+00:00 [queued]>
[2025-10-03T00:36:07.292+0000] {taskinstance.py:2306} INFO - Starting attempt 1 of 1
[2025-10-03T00:36:07.322+0000] {taskinstance.py:2330} INFO - Executing <Task(PythonOperator): welcome_print> on 2025-10-03 00:35:00+00:00
[2025-10-03T00:36:07.339+0000] {warnings.py:112} WARNING - /home/***/.local/lib/python3.12/site-packages/***/task/task_runner/standard_task_runner.py:61: DeprecationWarning: This process (pid=1085) is multi-threaded, use of fork() may lead to deadlocks in the child.
  pid = os.fork()

[2025-10-03T00:36:07.344+0000] {standard_task_runner.py:63} INFO - Started process 1087 to run task
[2025-10-03T00:36:07.342+0000] {standard_task_runner.py:90} INFO - Running: ['***', 'tasks', 'run', 'first_taskk', 'welcome_print', 'scheduled__2025-10-03T00:35:00+00:00', '--job-id', '301', '--raw', '--subdir', 'DAGS_FOLDER/dag1.py', '--cfg-path', '/tmp/tmpi_30i58o']
[2025-10-03T00:36:07.348+0000] {standard_task_runner.py:91} INFO - Job 301: Subtask welcome_print
[2025-10-03T00:36:07.376+0000] {warnings.py:112} WARNING - /home/***/.local/lib/python3.12/site-packages/***/settings.py:195: DeprecationWarning: The sql_alchemy_conn option in [core] has been moved to the sql_alchemy_conn option in [database] - the old setting has been used, but please update your config.
  SQL_ALCHEMY_CONN = conf.get("database", "SQL_ALCHEMY_CONN")

[2025-10-03T00:36:07.519+0000] {task_command.py:426} INFO - Running <TaskInstance: first_taskk.welcome_print scheduled__2025-10-03T00:35:00+00:00 [running]> on host 452c0657f430
[2025-10-03T00:36:07.728+0000] {taskinstance.py:2648} INFO - Exporting env vars: AIRFLOW_CTX_DAG_OWNER='***' AIRFLOW_CTX_DAG_ID='first_taskk' AIRFLOW_CTX_TASK_ID='welcome_print' AIRFLOW_CTX_EXECUTION_DATE='2025-10-03T00:35:00+00:00' AIRFLOW_CTX_TRY_NUMBER='1' AIRFLOW_CTX_DAG_RUN_ID='scheduled__2025-10-03T00:35:00+00:00'
[2025-10-03T00:36:07.733+0000] {taskinstance.py:430} INFO - ::endgroup::
[2025-10-03T00:36:07.736+0000] {logging_mixin.py:188} INFO - Welcome to Airflow Yasmine
[2025-10-03T00:36:07.737+0000] {python.py:237} INFO - Done. Returned value was: None
[2025-10-03T00:36:07.738+0000] {taskinstance.py:441} INFO - ::group::Post task execution logs
[2025-10-03T00:36:07.756+0000] {taskinstance.py:1206} INFO - Marking task as SUCCESS. dag_id=first_taskk, task_id=welcome_print, run_id=scheduled__2025-10-03T00:35:00+00:00, execution_date=20251003T003500, start_date=20251003T003607, end_date=20251003T003607
[2025-10-03T00:36:07.804+0000] {local_task_job_runner.py:240} INFO - Task exited with return code 0
[2025-10-03T00:36:07.872+0000] {taskinstance.py:3503} INFO - 1 downstream tasks scheduled from follow-on schedule check
[2025-10-03T00:36:07.879+0000] {local_task_job_runner.py:222} INFO - ::endgroup::
