[2025-10-03T01:11:52.304+0000] {local_task_job_runner.py:120} INFO - ::group::Pre task execution logs
[2025-10-03T01:11:52.458+0000] {taskinstance.py:2076} INFO - Dependencies all met for dep_context=non-requeueable deps ti=<TaskInstance: first_taskk.task_prnt scheduled__2025-10-03T01:10:00+00:00 [queued]>
[2025-10-03T01:11:52.485+0000] {taskinstance.py:2076} INFO - Dependencies all met for dep_context=requeueable deps ti=<TaskInstance: first_taskk.task_prnt scheduled__2025-10-03T01:10:00+00:00 [queued]>
[2025-10-03T01:11:52.487+0000] {taskinstance.py:2306} INFO - Starting attempt 1 of 1
[2025-10-03T01:11:52.557+0000] {taskinstance.py:2330} INFO - Executing <Task(BashOperator): task_prnt> on 2025-10-03 01:10:00+00:00
[2025-10-03T01:11:52.597+0000] {warnings.py:112} WARNING - /home/***/.local/lib/python3.12/site-packages/***/task/task_runner/standard_task_runner.py:61: DeprecationWarning: This process (pid=48) is multi-threaded, use of fork() may lead to deadlocks in the child.
  pid = os.fork()

[2025-10-03T01:11:52.604+0000] {standard_task_runner.py:63} INFO - Started process 50 to run task
[2025-10-03T01:11:52.608+0000] {standard_task_runner.py:90} INFO - Running: ['***', 'tasks', 'run', 'first_taskk', 'task_prnt', 'scheduled__2025-10-03T01:10:00+00:00', '--job-id', '2', '--raw', '--subdir', 'DAGS_FOLDER/Airflow_Depi.py', '--cfg-path', '/tmp/tmprm5vaosd']
[2025-10-03T01:11:52.631+0000] {standard_task_runner.py:91} INFO - Job 2: Subtask task_prnt
[2025-10-03T01:11:52.671+0000] {warnings.py:112} WARNING - /home/***/.local/lib/python3.12/site-packages/***/settings.py:195: DeprecationWarning: The sql_alchemy_conn option in [core] has been moved to the sql_alchemy_conn option in [database] - the old setting has been used, but please update your config.
  SQL_ALCHEMY_CONN = conf.get("database", "SQL_ALCHEMY_CONN")

[2025-10-03T01:11:52.807+0000] {task_command.py:426} INFO - Running <TaskInstance: first_taskk.task_prnt scheduled__2025-10-03T01:10:00+00:00 [running]> on host d8c32f2f09d0
[2025-10-03T01:11:53.067+0000] {taskinstance.py:2648} INFO - Exporting env vars: AIRFLOW_CTX_DAG_OWNER='***' AIRFLOW_CTX_DAG_ID='first_taskk' AIRFLOW_CTX_TASK_ID='task_prnt' AIRFLOW_CTX_EXECUTION_DATE='2025-10-03T01:10:00+00:00' AIRFLOW_CTX_TRY_NUMBER='1' AIRFLOW_CTX_DAG_RUN_ID='scheduled__2025-10-03T01:10:00+00:00'
[2025-10-03T01:11:53.072+0000] {taskinstance.py:430} INFO - ::endgroup::
[2025-10-03T01:11:53.075+0000] {subprocess.py:63} INFO - Tmp dir root location: /tmp
[2025-10-03T01:11:53.078+0000] {subprocess.py:75} INFO - Running command: ['/usr/bin/bash', '-c', 'date']
[2025-10-03T01:11:53.109+0000] {subprocess.py:86} INFO - Output:
[2025-10-03T01:11:53.122+0000] {subprocess.py:93} INFO - Fri Oct  3 01:11:53 UTC 2025
[2025-10-03T01:11:53.123+0000] {subprocess.py:97} INFO - Command exited with return code 0
[2025-10-03T01:11:53.125+0000] {taskinstance.py:441} INFO - ::group::Post task execution logs
[2025-10-03T01:11:53.190+0000] {taskinstance.py:1206} INFO - Marking task as SUCCESS. dag_id=first_taskk, task_id=task_prnt, run_id=scheduled__2025-10-03T01:10:00+00:00, execution_date=20251003T011000, start_date=20251003T011152, end_date=20251003T011153
[2025-10-03T01:11:53.270+0000] {local_task_job_runner.py:240} INFO - Task exited with return code 0
[2025-10-03T01:11:53.337+0000] {taskinstance.py:3503} INFO - 1 downstream tasks scheduled from follow-on schedule check
[2025-10-03T01:11:53.345+0000] {local_task_job_runner.py:222} INFO - ::endgroup::
