[2025-10-02T23:40:07.983+0000] {local_task_job_runner.py:120} INFO - ::group::Pre task execution logs
[2025-10-02T23:40:08.034+0000] {taskinstance.py:2076} INFO - Dependencies all met for dep_context=non-requeueable deps ti=<TaskInstance: first_taskk.welcome_print scheduled__2025-10-02T23:39:00+00:00 [queued]>
[2025-10-02T23:40:08.048+0000] {taskinstance.py:2076} INFO - Dependencies all met for dep_context=requeueable deps ti=<TaskInstance: first_taskk.welcome_print scheduled__2025-10-02T23:39:00+00:00 [queued]>
[2025-10-02T23:40:08.049+0000] {taskinstance.py:2306} INFO - Starting attempt 1 of 1
[2025-10-02T23:40:08.078+0000] {taskinstance.py:2330} INFO - Executing <Task(PythonOperator): welcome_print> on 2025-10-02 23:39:00+00:00
[2025-10-02T23:40:08.092+0000] {warnings.py:112} WARNING - /home/***/.local/lib/python3.12/site-packages/***/task/task_runner/standard_task_runner.py:61: DeprecationWarning: This process (pid=525) is multi-threaded, use of fork() may lead to deadlocks in the child.
  pid = os.fork()

[2025-10-02T23:40:08.095+0000] {standard_task_runner.py:63} INFO - Started process 527 to run task
[2025-10-02T23:40:08.096+0000] {standard_task_runner.py:90} INFO - Running: ['***', 'tasks', 'run', 'first_taskk', 'welcome_print', 'scheduled__2025-10-02T23:39:00+00:00', '--job-id', '133', '--raw', '--subdir', 'DAGS_FOLDER/dag1.py', '--cfg-path', '/tmp/tmpxo6zi5_s']
[2025-10-02T23:40:08.101+0000] {standard_task_runner.py:91} INFO - Job 133: Subtask welcome_print
[2025-10-02T23:40:08.128+0000] {warnings.py:112} WARNING - /home/***/.local/lib/python3.12/site-packages/***/settings.py:195: DeprecationWarning: The sql_alchemy_conn option in [core] has been moved to the sql_alchemy_conn option in [database] - the old setting has been used, but please update your config.
  SQL_ALCHEMY_CONN = conf.get("database", "SQL_ALCHEMY_CONN")

[2025-10-02T23:40:08.302+0000] {task_command.py:426} INFO - Running <TaskInstance: first_taskk.welcome_print scheduled__2025-10-02T23:39:00+00:00 [running]> on host 452c0657f430
[2025-10-02T23:40:08.888+0000] {taskinstance.py:2648} INFO - Exporting env vars: AIRFLOW_CTX_DAG_OWNER='***' AIRFLOW_CTX_DAG_ID='first_taskk' AIRFLOW_CTX_TASK_ID='welcome_print' AIRFLOW_CTX_EXECUTION_DATE='2025-10-02T23:39:00+00:00' AIRFLOW_CTX_TRY_NUMBER='1' AIRFLOW_CTX_DAG_RUN_ID='scheduled__2025-10-02T23:39:00+00:00'
[2025-10-02T23:40:08.893+0000] {taskinstance.py:430} INFO - ::endgroup::
[2025-10-02T23:40:08.895+0000] {logging_mixin.py:188} INFO - Welcome to Airflow Yasmine
[2025-10-02T23:40:08.897+0000] {python.py:237} INFO - Done. Returned value was: None
[2025-10-02T23:40:08.898+0000] {taskinstance.py:441} INFO - ::group::Post task execution logs
[2025-10-02T23:40:08.924+0000] {taskinstance.py:1206} INFO - Marking task as SUCCESS. dag_id=first_taskk, task_id=welcome_print, run_id=scheduled__2025-10-02T23:39:00+00:00, execution_date=20251002T233900, start_date=20251002T234008, end_date=20251002T234008
[2025-10-02T23:40:09.040+0000] {local_task_job_runner.py:240} INFO - Task exited with return code 0
[2025-10-02T23:40:09.067+0000] {local_task_job_runner.py:222} INFO - ::endgroup::
