[2025-10-02T23:16:08.763+0000] {local_task_job_runner.py:120} INFO - ::group::Pre task execution logs
[2025-10-02T23:16:08.856+0000] {taskinstance.py:2076} INFO - Dependencies all met for dep_context=non-requeueable deps ti=<TaskInstance: first_taskk.welcome_task scheduled__2025-10-02T23:15:00+00:00 [queued]>
[2025-10-02T23:16:08.886+0000] {taskinstance.py:2076} INFO - Dependencies all met for dep_context=requeueable deps ti=<TaskInstance: first_taskk.welcome_task scheduled__2025-10-02T23:15:00+00:00 [queued]>
[2025-10-02T23:16:08.887+0000] {taskinstance.py:2306} INFO - Starting attempt 1 of 1
[2025-10-02T23:16:08.941+0000] {taskinstance.py:2330} INFO - Executing <Task(PythonOperator): welcome_task> on 2025-10-02 23:15:00+00:00
[2025-10-02T23:16:08.966+0000] {warnings.py:112} WARNING - /home/***/.local/lib/python3.12/site-packages/***/task/task_runner/standard_task_runner.py:61: DeprecationWarning: This process (pid=312) is multi-threaded, use of fork() may lead to deadlocks in the child.
  pid = os.fork()

[2025-10-02T23:16:08.971+0000] {standard_task_runner.py:63} INFO - Started process 314 to run task
[2025-10-02T23:16:08.970+0000] {standard_task_runner.py:90} INFO - Running: ['***', 'tasks', 'run', 'first_taskk', 'welcome_task', 'scheduled__2025-10-02T23:15:00+00:00', '--job-id', '70', '--raw', '--subdir', 'DAGS_FOLDER/dag1.py', '--cfg-path', '/tmp/tmp3ce9lf_d']
[2025-10-02T23:16:08.977+0000] {standard_task_runner.py:91} INFO - Job 70: Subtask welcome_task
[2025-10-02T23:16:09.014+0000] {warnings.py:112} WARNING - /home/***/.local/lib/python3.12/site-packages/***/settings.py:195: DeprecationWarning: The sql_alchemy_conn option in [core] has been moved to the sql_alchemy_conn option in [database] - the old setting has been used, but please update your config.
  SQL_ALCHEMY_CONN = conf.get("database", "SQL_ALCHEMY_CONN")

[2025-10-02T23:16:09.161+0000] {task_command.py:426} INFO - Running <TaskInstance: first_taskk.welcome_task scheduled__2025-10-02T23:15:00+00:00 [running]> on host 452c0657f430
[2025-10-02T23:16:09.468+0000] {taskinstance.py:2648} INFO - Exporting env vars: AIRFLOW_CTX_DAG_OWNER='***' AIRFLOW_CTX_DAG_ID='first_taskk' AIRFLOW_CTX_TASK_ID='welcome_task' AIRFLOW_CTX_EXECUTION_DATE='2025-10-02T23:15:00+00:00' AIRFLOW_CTX_TRY_NUMBER='1' AIRFLOW_CTX_DAG_RUN_ID='scheduled__2025-10-02T23:15:00+00:00'
[2025-10-02T23:16:09.472+0000] {taskinstance.py:430} INFO - ::endgroup::
[2025-10-02T23:16:09.474+0000] {logging_mixin.py:188} INFO - Welcome to Airflow Yasmine
[2025-10-02T23:16:09.475+0000] {python.py:237} INFO - Done. Returned value was: None
[2025-10-02T23:16:09.477+0000] {taskinstance.py:441} INFO - ::group::Post task execution logs
[2025-10-02T23:16:09.496+0000] {taskinstance.py:1206} INFO - Marking task as SUCCESS. dag_id=first_taskk, task_id=welcome_task, run_id=scheduled__2025-10-02T23:15:00+00:00, execution_date=20251002T231500, start_date=20251002T231608, end_date=20251002T231609
[2025-10-02T23:16:09.553+0000] {local_task_job_runner.py:240} INFO - Task exited with return code 0
[2025-10-02T23:16:09.587+0000] {taskinstance.py:3503} INFO - 0 downstream tasks scheduled from follow-on schedule check
[2025-10-02T23:16:09.591+0000] {local_task_job_runner.py:222} INFO - ::endgroup::
